Device configuration: omp,cpu
Memory configuration: host-std
Loaded config: /cluster/home/rdabetic/decmg/configs/dirac2d_2d_square_hole_rowsum_v.json
=================================================
  Multigrid Convergence Test Configuration
=================================================
 Problem Type:    dirac2d
 Mesh File:       meshes/2d/square_hole.msh
 Output File:     out/rowsum/v/dirac/2d/square_hole.csv
 MG Cycle Type:   V-Cycle
 Mass Lumping:    rowsum
 B-Conditions:    essential
 Max Refinement:  2
 Eigenvalues:     2 (Tol: 0.01)
 GMRES Benchmark: 1 runs (Tol: 1e-06, K-Dim: 20)
=================================================


Gmsh reader: all element attributes were zero.
MFEM only supports positive element attributes.
Setting element attributes to 1.

======================================================
  Refinement Level: 1
======================================================
 Mesh width (h):  8.8388e-02
 Total DOFs:      1040
 Spectral Radii:  1 0.218916
 GMRES Avg Iters: 8.00
------------------------------------------------------
  MG RESIDUAL DECAY
------------------------------------------------------
 Iter    Rel. Residual           Reduction Factor
------------------------------------------------------
 0       1.135015e-01            -----
 1       1.547496e-02            0.1363
 2       2.360472e-03            0.1525
 3       3.925123e-04            0.1663
 4       6.859759e-05            0.1748
 5       1.128822e-05            0.1646
 6       1.802963e-06            0.1597
 7       2.814020e-07            0.1561
 8       4.293736e-08            0.1526
 9       6.496081e-09            0.1513
 10      1.042996e-09            0.1606
 11      1.843433e-10            0.1767
 12      3.425353e-11            0.1858
 13      6.451044e-12            0.1883
 14      1.242372e-12            0.1926
 15      2.478195e-13            0.1995
------------------------------------------------------
 Iterations:      16
 Final Rel. Res.: 2.478195e-13
 Asymptotic Rate: 0.193409 (Geom. Mean, last 4 iters)
======================================================

======================================================
  Refinement Level: 2
======================================================
 Mesh width (h):  4.4194e-02
 Total DOFs:      4000
 Spectral Radii:  1 0.276139
 GMRES Avg Iters: 8.00
------------------------------------------------------
  MG RESIDUAL DECAY
------------------------------------------------------
 Iter    Rel. Residual           Reduction Factor
------------------------------------------------------
 0       1.012016e-01            -----
 1       1.357849e-02            0.1342
 2       2.020005e-03            0.1488
 3       3.475484e-04            0.1721
 4       6.685035e-05            0.1923
 5       1.357971e-05            0.2031
 6       2.862417e-06            0.2108
 7       6.146327e-07            0.2147
 8       1.348710e-07            0.2194
 9       3.085244e-08            0.2288
 10      7.392356e-09            0.2396
 11      1.840800e-09            0.2490
 12      4.707638e-10            0.2557
 13      1.223866e-10            0.2600
 14      3.214558e-11            0.2627
 15      8.506127e-12            0.2646
------------------------------------------------------
 Iterations:      16
 Final Rel. Res.: 8.506127e-12
 Asymptotic Rate: 0.262408 (Geom. Mean, last 4 iters)
======================================================

