Device configuration: omp,cpu
Memory configuration: host-std
Loaded config: /cluster/home/rdabetic/decmg/configs/dirac3d_3d_corner_scaledid_w.json
=================================================
  Multigrid Convergence Test Configuration
=================================================
 Problem Type:    dirac3d
 Mesh File:       meshes/3d/corner.msh
 Output File:     out/scaledid/w/dirac/3d/corner.csv
 MG Cycle Type:   W-Cycle
 Mass Lumping:    scaledid
 B-Conditions:    essential
 Max Refinement:  1
 Eigenvalues:     1 (Tol: 0.01)
 GMRES Benchmark: 1 runs (Tol: 1e-06, K-Dim: 20)
=================================================

======================================================
  Refinement Level: 1
======================================================
 Mesh width (h):  5.0000e-01
 Total DOFs:      1481
 Spectral Radii:  0.457497
 GMRES Avg Iters: 27.00
------------------------------------------------------
  MG RESIDUAL DECAY
------------------------------------------------------
 Iter    Rel. Residual           Reduction Factor
------------------------------------------------------
 0       2.102105e-01            -----
 1       3.795910e-02            0.1806
 2       8.745430e-03            0.2304
 3       2.910210e-03            0.3328
 4       9.389860e-04            0.3227
 5       3.764967e-04            0.4010
 6       1.452795e-04            0.3859
 7       5.954360e-05            0.4099
 8       2.432204e-05            0.4085
 9       1.014677e-05            0.4172
 10      4.267975e-06            0.4206
 11      1.818131e-06            0.4260
 12      7.821300e-07            0.4302
 13      3.397591e-07            0.4344
 14      1.488296e-07            0.4380
 15      6.567374e-08            0.4413
------------------------------------------------------
 Iterations:      16
 Final Rel. Res.: 6.567374e-08
 Asymptotic Rate: 0.437896 (Geom. Mean, last 4 iters)
======================================================

