Device configuration: omp,cpu
Memory configuration: host-std
Loaded config: /cluster/home/rdabetic/decmg/configs/dirac2d_2d_L_rowsum_w.json
=================================================
  Multigrid Convergence Test Configuration
=================================================
 Problem Type:    dirac2d
 Mesh File:       meshes/2d/L.msh
 Output File:     out/rowsum/w/dirac/2d/L.csv
 MG Cycle Type:   W-Cycle
 Mass Lumping:    rowsum
 B-Conditions:    essential
 Max Refinement:  2
 Eigenvalues:     1 (Tol: 0.01)
 GMRES Benchmark: 1 runs (Tol: 1e-06, K-Dim: 20)
=================================================


Gmsh reader: all element attributes were zero.
MFEM only supports positive element attributes.
Setting element attributes to 1.

======================================================
  Refinement Level: 1
======================================================
 Mesh width (h):  1.8352e-01
 Total DOFs:      293
 Spectral Radii:  0.243914
 GMRES Avg Iters: 8.00
------------------------------------------------------
  MG RESIDUAL DECAY
------------------------------------------------------
 Iter    Rel. Residual           Reduction Factor
------------------------------------------------------
 0       9.985260e-02            -----
 1       1.284222e-02            0.1286
 2       2.093999e-03            0.1631
 3       3.791874e-04            0.1811
 4       7.573966e-05            0.1997
 5       1.379685e-05            0.1822
 6       2.756162e-06            0.1998
 7       6.422860e-07            0.2330
 8       1.631854e-07            0.2541
 9       4.278686e-08            0.2622
 10      1.128999e-08            0.2639
 11      2.969873e-09            0.2631
 12      7.769773e-10            0.2616
 13      2.020461e-10            0.2600
 14      5.220985e-11            0.2584
 15      1.340609e-11            0.2568
------------------------------------------------------
 Iterations:      16
 Final Rel. Res.: 1.340609e-11
 Asymptotic Rate: 0.258403 (Geom. Mean, last 4 iters)
======================================================

======================================================
  Refinement Level: 2
======================================================
 Mesh width (h):  9.1759e-02
 Total DOFs:      1113
 Spectral Radii:  0.287153
 GMRES Avg Iters: 9.00
------------------------------------------------------
  MG RESIDUAL DECAY
------------------------------------------------------
 Iter    Rel. Residual           Reduction Factor
------------------------------------------------------
 0       8.694462e-02            -----
 1       1.230732e-02            0.1416
 2       2.127773e-03            0.1729
 3       4.113104e-04            0.1933
 4       7.214051e-05            0.1754
 5       1.446064e-05            0.2005
 6       3.110763e-06            0.2151
 7       7.232480e-07            0.2325
 8       1.825149e-07            0.2524
 9       4.851773e-08            0.2658
 10      1.333704e-08            0.2749
 11      3.743011e-09            0.2806
 12      1.063191e-09            0.2840
 13      3.040564e-10            0.2860
 14      8.729190e-11            0.2871
 15      2.511792e-11            0.2877
------------------------------------------------------
 Iterations:      16
 Final Rel. Res.: 2.511792e-11
 Asymptotic Rate: 0.286940 (Geom. Mean, last 4 iters)
======================================================

