Device configuration: omp,cpu
Memory configuration: host-std
Loaded config: /cluster/home/rdabetic/decmg/configs/dirac2d_2d_two_holes_rowsum_v.json
=================================================
  Multigrid Convergence Test Configuration
=================================================
 Problem Type:    dirac2d
 Mesh File:       meshes/2d/two_holes.msh
 Output File:     out/rowsum/v/dirac/2d/two_holes.csv
 MG Cycle Type:   V-Cycle
 Mass Lumping:    rowsum
 B-Conditions:    essential
 Max Refinement:  2
 Eigenvalues:     3 (Tol: 0.01)
 GMRES Benchmark: 1 runs (Tol: 1e-06, K-Dim: 20)
=================================================


Gmsh reader: all element attributes were zero.
MFEM only supports positive element attributes.
Setting element attributes to 1.

======================================================
  Refinement Level: 1
======================================================
 Mesh width (h):  9.9615e-02
 Total DOFs:      3547
 Spectral Radii:  1 1 0.265376
 GMRES Avg Iters: 8.00
------------------------------------------------------
  MG RESIDUAL DECAY
------------------------------------------------------
 Iter    Rel. Residual           Reduction Factor
------------------------------------------------------
 0       2.870258e-01            -----
 1       2.578001e-02            0.0898
 2       3.901897e-03            0.1514
 3       1.550200e-03            0.3973
 4       2.237133e-04            0.1443
 5       1.789024e-05            0.0800
 6       1.941609e-06            0.1085
 7       4.112566e-07            0.2118
 8       6.275969e-08            0.1526
 9       1.406321e-08            0.2241
 10      4.522917e-09            0.3216
 11      1.369635e-09            0.3028
 12      3.861160e-10            0.2819
 13      1.041511e-10            0.2697
 14      2.742013e-11            0.2633
 15      7.135189e-12            0.2602
------------------------------------------------------
 Iterations:      16
 Final Rel. Res.: 7.135189e-12
 Asymptotic Rate: 0.264380 (Geom. Mean, last 4 iters)
======================================================

======================================================
  Refinement Level: 2
======================================================
 Mesh width (h):  4.9808e-02
 Total DOFs:      13959
 Spectral Radii:  1 1 0.314637
 GMRES Avg Iters: 8.00
------------------------------------------------------
  MG RESIDUAL DECAY
------------------------------------------------------
 Iter    Rel. Residual           Reduction Factor
------------------------------------------------------
 0       1.085148e-01            -----
 1       1.961136e-02            0.1807
 2       3.315131e-03            0.1690
 3       6.362705e-04            0.1919
 4       1.041519e-04            0.1637
 5       2.178275e-05            0.2091
 6       6.298022e-06            0.2891
 7       1.956262e-06            0.3106
 8       5.851148e-07            0.2991
 9       1.718928e-07            0.2938
 10      5.035971e-08            0.2930
 11      1.471584e-08            0.2922
 12      4.285817e-09            0.2912
 13      1.245587e-09            0.2906
 14      3.617996e-10            0.2905
 15      1.051418e-10            0.2906
------------------------------------------------------
 Iterations:      16
 Final Rel. Res.: 1.051418e-10
 Asymptotic Rate: 0.290568 (Geom. Mean, last 4 iters)
======================================================

