Device configuration: omp,cpu
Memory configuration: host-std
Loaded config: /cluster/home/rdabetic/decmg/configs/dirac3d_3d_corner_barycentric_v.json
=================================================
  Multigrid Convergence Test Configuration
=================================================
 Problem Type:    dirac3d
 Mesh File:       meshes/3d/corner.msh
 Output File:     out/barycentric/v/dirac/3d/corner.csv
 MG Cycle Type:   V-Cycle
 Mass Lumping:    barycentric
 B-Conditions:    essential
 Max Refinement:  1
 Eigenvalues:     1 (Tol: 0.01)
 GMRES Benchmark: 1 runs (Tol: 1e-06, K-Dim: 20)
=================================================

======================================================
  Refinement Level: 1
======================================================
 Mesh width (h):  5.0000e-01
 Total DOFs:      1481
 Spectral Radii:  0.515541
 GMRES Avg Iters: 15.00
------------------------------------------------------
  MG RESIDUAL DECAY
------------------------------------------------------
 Iter    Rel. Residual           Reduction Factor
------------------------------------------------------
 0       1.051147e-01            -----
 1       2.134596e-02            0.2031
 2       6.562997e-03            0.3075
 3       2.589073e-03            0.3945
 4       1.128278e-03            0.4358
 5       5.192208e-04            0.4602
 6       2.458650e-04            0.4735
 7       1.183388e-04            0.4813
 8       5.757016e-05            0.4865
 9       2.823068e-05            0.4904
 10      1.393113e-05            0.4935
 11      6.910589e-06            0.4961
 12      3.443187e-06            0.4982
 13      1.722071e-06            0.5001
 14      8.640926e-07            0.5018
 15      4.348019e-07            0.5032
------------------------------------------------------
 Iterations:      16
 Final Rel. Res.: 4.348019e-07
 Asymptotic Rate: 0.501699 (Geom. Mean, last 4 iters)
======================================================

