Device configuration: omp,cpu
Memory configuration: host-std
Loaded config: /cluster/home/rdabetic/decmg/configs/hcurl_3d_corner_barycentric_v.json
=================================================
  Multigrid Convergence Test Configuration
=================================================
 Problem Type:    hcurl
 Mesh File:       meshes/3d/corner.msh
 Output File:     out/barycentric/v/veclap/3d/corner.csv
 MG Cycle Type:   V-Cycle
 Mass Lumping:    barycentric
 B-Conditions:    essential
 Max Refinement:  1
 Eigenvalues:     1 (Tol: 0.01)
 GMRES Benchmark: 1 runs (Tol: 1e-06, K-Dim: 20)
=================================================

======================================================
  Refinement Level: 1
======================================================
 Mesh width (h):  5.0000e-01
 Total DOFs:      545
 Spectral Radii:  0.446812
 GMRES Avg Iters: 14.00
------------------------------------------------------
  MG RESIDUAL DECAY
------------------------------------------------------
 Iter    Rel. Residual           Reduction Factor
------------------------------------------------------
 0       5.604850e-02            -----
 1       9.237989e-03            0.1648
 2       2.904346e-03            0.3144
 3       1.104832e-03            0.3804
 4       4.430718e-04            0.4010
 5       1.837203e-04            0.4147
 6       7.837970e-05            0.4266
 7       3.418179e-05            0.4361
 8       1.512509e-05            0.4425
 9       6.749064e-06            0.4462
 10      3.024395e-06            0.4481
 11      1.357765e-06            0.4489
 12      6.098611e-07            0.4492
 13      2.738879e-07            0.4491
 14      1.229484e-07            0.4489
 15      5.516146e-08            0.4487
------------------------------------------------------
 Iterations:      16
 Final Rel. Res.: 5.516146e-08
 Asymptotic Rate: 0.448885 (Geom. Mean, last 4 iters)
======================================================

