Device configuration: omp,cpu
Memory configuration: host-std
Loaded config: /cluster/home/rdabetic/decmg/configs/hcurl_2d_L_scaledid_w.json
=================================================
  Multigrid Convergence Test Configuration
=================================================
 Problem Type:    hcurl
 Mesh File:       meshes/2d/L.msh
 Output File:     out/scaledid/w/veclap/2d/L.csv
 MG Cycle Type:   W-Cycle
 Mass Lumping:    scaledid
 B-Conditions:    essential
 Max Refinement:  2
 Eigenvalues:     1 (Tol: 0.01)
 GMRES Benchmark: 1 runs (Tol: 1e-06, K-Dim: 20)
=================================================


Gmsh reader: all element attributes were zero.
MFEM only supports positive element attributes.
Setting element attributes to 1.

======================================================
  Refinement Level: 1
======================================================
 Mesh width (h):  1.8352e-01
 Total DOFs:      205
 Spectral Radii:  0.147169
 GMRES Avg Iters: 12.00
------------------------------------------------------
  MG RESIDUAL DECAY
------------------------------------------------------
 Iter    Rel. Residual           Reduction Factor
------------------------------------------------------
 0       9.870605e-02            -----
 1       1.183914e-02            0.1199
 2       1.059483e-03            0.0895
 3       1.137528e-04            0.1074
 4       1.438547e-05            0.1265
 5       1.850119e-06            0.1286
 6       2.671304e-07            0.1444
 7       3.633473e-08            0.1360
 8       4.567849e-09            0.1257
 9       5.666930e-10            0.1241
 10      7.246212e-11            0.1279
 11      1.024312e-11            0.1414
 12      1.592092e-12            0.1554
 13      2.524956e-13            0.1586
 14      3.840415e-14            0.1521
 15      5.394916e-15            0.1405
------------------------------------------------------
 Iterations:      16
 Final Rel. Res.: 5.394916e-15
 Asymptotic Rate: 0.150201 (Geom. Mean, last 4 iters)
======================================================

======================================================
  Refinement Level: 2
======================================================
 Mesh width (h):  9.1759e-02
 Total DOFs:      761
 Spectral Radii:  0.155865
 GMRES Avg Iters: 13.00
------------------------------------------------------
  MG RESIDUAL DECAY
------------------------------------------------------
 Iter    Rel. Residual           Reduction Factor
------------------------------------------------------
 0       9.754279e-02            -----
 1       1.147081e-02            0.1176
 2       1.286020e-03            0.1121
 3       1.627826e-04            0.1266
 4       2.339595e-05            0.1437
 5       3.354476e-06            0.1434
 6       4.850360e-07            0.1446
 7       7.851801e-08            0.1619
 8       1.265305e-08            0.1611
 9       1.990227e-09            0.1573
 10      2.969796e-10            0.1492
 11      4.189549e-11            0.1411
 12      6.109181e-12            0.1458
 13      9.893110e-13            0.1619
 14      1.696390e-13            0.1715
 15      2.847933e-14            0.1679
------------------------------------------------------
 Iterations:      16
 Final Rel. Res.: 2.847933e-14
 Asymptotic Rate: 0.167051 (Geom. Mean, last 4 iters)
======================================================

