Device configuration: omp,cpu
Memory configuration: host-std
Loaded config: /cluster/home/rdabetic/decmg/configs/hcurl_2d_L_barycentric_w.json
=================================================
  Multigrid Convergence Test Configuration
=================================================
 Problem Type:    hcurl
 Mesh File:       meshes/2d/L.msh
 Output File:     out/barycentric/w/veclap/2d/L.csv
 MG Cycle Type:   W-Cycle
 Mass Lumping:    barycentric
 B-Conditions:    essential
 Max Refinement:  2
 Eigenvalues:     1 (Tol: 0.01)
 GMRES Benchmark: 1 runs (Tol: 1e-06, K-Dim: 20)
=================================================


Gmsh reader: all element attributes were zero.
MFEM only supports positive element attributes.
Setting element attributes to 1.

======================================================
  Refinement Level: 1
======================================================
 Mesh width (h):  1.8352e-01
 Total DOFs:      205
 Spectral Radii:  0.250841
 GMRES Avg Iters: 9.00
------------------------------------------------------
  MG RESIDUAL DECAY
------------------------------------------------------
 Iter    Rel. Residual           Reduction Factor
------------------------------------------------------
 0       1.114975e-01            -----
 1       1.541808e-02            0.1383
 2       2.763917e-03            0.1793
 3       5.963150e-04            0.2157
 4       1.558994e-04            0.2614
 5       4.163661e-05            0.2671
 6       1.133990e-05            0.2724
 7       2.919701e-06            0.2575
 8       7.073148e-07            0.2423
 9       1.708847e-07            0.2416
 10      4.254284e-08            0.2490
 11      1.070066e-08            0.2515
 12      2.626785e-09            0.2455
 13      6.161633e-10            0.2346
 14      1.372548e-10            0.2228
 15      2.944621e-11            0.2145
------------------------------------------------------
 Iterations:      16
 Final Rel. Res.: 2.944621e-11
 Asymptotic Rate: 0.223804 (Geom. Mean, last 4 iters)
======================================================

======================================================
  Refinement Level: 2
======================================================
 Mesh width (h):  9.1759e-02
 Total DOFs:      761
 Spectral Radii:  0.326905
 GMRES Avg Iters: 10.00
------------------------------------------------------
  MG RESIDUAL DECAY
------------------------------------------------------
 Iter    Rel. Residual           Reduction Factor
------------------------------------------------------
 0       1.064694e-01            -----
 1       1.558841e-02            0.1464
 2       2.738879e-03            0.1757
 3       6.802244e-04            0.2484
 4       1.898106e-04            0.2790
 5       5.500501e-05            0.2898
 6       1.686788e-05            0.3067
 7       5.381372e-06            0.3190
 8       1.733101e-06            0.3221
 9       5.609913e-07            0.3237
 10      1.821857e-07            0.3248
 11      5.914183e-08            0.3246
 12      1.915289e-08            0.3238
 13      6.185049e-09            0.3229
 14      1.992506e-09            0.3221
 15      6.408469e-10            0.3216
------------------------------------------------------
 Iterations:      16
 Final Rel. Res.: 6.408469e-10
 Asymptotic Rate: 0.322235 (Geom. Mean, last 4 iters)
======================================================

