Device configuration: omp,cpu
Memory configuration: host-std
Loaded config: /cluster/home/rdabetic/decmg/configs/mag_2d_two_holes_rowsum_w.json
=================================================
  Multigrid Convergence Test Configuration
=================================================
 Problem Type:    mag
 Mesh File:       meshes/2d/two_holes.msh
 Output File:     out/rowsum/w/mag/2d/two_holes.csv
 MG Cycle Type:   W-Cycle
 Mass Lumping:    rowsum
 B-Conditions:    essential
 Max Refinement:  2
 Eigenvalues:     3 (Tol: 0.01)
 GMRES Benchmark: 1 runs (Tol: 1e-06, K-Dim: 20)
=================================================


Gmsh reader: all element attributes were zero.
MFEM only supports positive element attributes.
Setting element attributes to 1.

======================================================
  Refinement Level: 1
======================================================
 Mesh width (h):  9.9615e-02
 Total DOFs:      2403
 Spectral Radii:  1 1 0.186151
 GMRES Avg Iters: 8.00
------------------------------------------------------
  MG RESIDUAL DECAY
------------------------------------------------------
 Iter    Rel. Residual           Reduction Factor
------------------------------------------------------
 0       8.747878e-02            -----
 1       1.108148e-02            0.1267
 2       1.484563e-03            0.1340
 3       2.165292e-04            0.1459
 4       3.586185e-05            0.1656
 5       6.156357e-06            0.1717
 6       1.126069e-06            0.1829
 7       2.070174e-07            0.1838
 8       3.370941e-08            0.1628
 9       5.265861e-09            0.1562
 10      9.205296e-10            0.1748
 11      1.717434e-10            0.1866
 12      3.018443e-11            0.1758
 13      4.990996e-12            0.1653
 14      8.409924e-13            0.1685
 15      1.527212e-13            0.1816
------------------------------------------------------
 Iterations:      16
 Final Rel. Res.: 1.527212e-13
 Asymptotic Rate: 0.171674 (Geom. Mean, last 4 iters)
======================================================

======================================================
  Refinement Level: 2
======================================================
 Mesh width (h):  4.9808e-02
 Total DOFs:      9383
 Spectral Radii:  1 1 0.197496
 GMRES Avg Iters: 8.00
------------------------------------------------------
  MG RESIDUAL DECAY
------------------------------------------------------
 Iter    Rel. Residual           Reduction Factor
------------------------------------------------------
 0       9.778984e-02            -----
 1       1.206390e-02            0.1234
 2       1.813747e-03            0.1503
 3       3.140804e-04            0.1732
 4       4.914993e-05            0.1565
 5       9.054298e-06            0.1842
 6       1.685307e-06            0.1861
 7       2.940811e-07            0.1745
 8       5.375377e-08            0.1828
 9       1.011601e-08            0.1882
 10      1.898571e-09            0.1877
 11      3.509489e-10            0.1848
 12      6.358949e-11            0.1812
 13      1.124673e-11            0.1769
 14      1.955513e-12            0.1739
 15      3.417996e-13            0.1748
------------------------------------------------------
 Iterations:      16
 Final Rel. Res.: 3.417996e-13
 Asymptotic Rate: 0.175171 (Geom. Mean, last 4 iters)
======================================================

