Device configuration: omp,cpu
Memory configuration: host-std
Loaded config: /cluster/home/rdabetic/decmg/configs/mag_2d_L_rowsum_w.json
=================================================
  Multigrid Convergence Test Configuration
=================================================
 Problem Type:    mag
 Mesh File:       meshes/2d/L.msh
 Output File:     out/rowsum/w/mag/2d/L.csv
 MG Cycle Type:   W-Cycle
 Mass Lumping:    rowsum
 B-Conditions:    essential
 Max Refinement:  2
 Eigenvalues:     1 (Tol: 0.01)
 GMRES Benchmark: 1 runs (Tol: 1e-06, K-Dim: 20)
=================================================


Gmsh reader: all element attributes were zero.
MFEM only supports positive element attributes.
Setting element attributes to 1.

======================================================
  Refinement Level: 1
======================================================
 Mesh width (h):  1.8352e-01
 Total DOFs:      205
 Spectral Radii:  0.166454
 GMRES Avg Iters: 8.00
------------------------------------------------------
  MG RESIDUAL DECAY
------------------------------------------------------
 Iter    Rel. Residual           Reduction Factor
------------------------------------------------------
 0       8.000128e-02            -----
 1       9.742092e-03            0.1218
 2       1.337078e-03            0.1372
 3       1.499268e-04            0.1121
 4       2.631430e-05            0.1755
 5       4.855475e-06            0.1845
 6       9.478814e-07            0.1952
 7       1.702366e-07            0.1796
 8       2.771974e-08            0.1628
 9       4.182240e-09            0.1509
 10      6.201162e-10            0.1483
 11      9.739661e-11            0.1571
 12      1.616930e-11            0.1660
 13      2.693667e-12            0.1666
 14      4.367858e-13            0.1622
 15      6.780525e-14            0.1552
------------------------------------------------------
 Iterations:      16
 Final Rel. Res.: 6.780525e-14
 Asymptotic Rate: 0.161259 (Geom. Mean, last 4 iters)
======================================================

======================================================
  Refinement Level: 2
======================================================
 Mesh width (h):  9.1759e-02
 Total DOFs:      761
 Spectral Radii:  0.202416
 GMRES Avg Iters: 9.00
------------------------------------------------------
  MG RESIDUAL DECAY
------------------------------------------------------
 Iter    Rel. Residual           Reduction Factor
------------------------------------------------------
 0       8.328429e-02            -----
 1       1.117306e-02            0.1342
 2       1.771959e-03            0.1586
 3       2.318181e-04            0.1308
 4       3.393053e-05            0.1464
 5       5.881132e-06            0.1733
 6       9.883009e-07            0.1680
 7       1.644210e-07            0.1664
 8       3.116730e-08            0.1896
 9       6.274759e-09            0.2013
 10      1.284050e-09            0.2046
 11      2.637280e-10            0.2054
 12      5.324877e-11            0.2019
 13      1.056712e-11            0.1984
 14      2.058516e-12            0.1948
 15      3.940594e-13            0.1914
------------------------------------------------------
 Iterations:      16
 Final Rel. Res.: 3.940594e-13
 Asymptotic Rate: 0.194873 (Geom. Mean, last 4 iters)
======================================================

