Device configuration: omp,cpu
Memory configuration: host-std
Loaded config: /cluster/home/rdabetic/decmg/configs/dirac2d_2d_L_barycentric_w.json
=================================================
  Multigrid Convergence Test Configuration
=================================================
 Problem Type:    dirac2d
 Mesh File:       meshes/2d/L.msh
 Output File:     out/barycentric/w/dirac/2d/L.csv
 MG Cycle Type:   W-Cycle
 Mass Lumping:    barycentric
 B-Conditions:    essential
 Max Refinement:  2
 Eigenvalues:     1 (Tol: 0.01)
 GMRES Benchmark: 1 runs (Tol: 1e-06, K-Dim: 20)
=================================================


Gmsh reader: all element attributes were zero.
MFEM only supports positive element attributes.
Setting element attributes to 1.

======================================================
  Refinement Level: 1
======================================================
 Mesh width (h):  1.8352e-01
 Total DOFs:      293
 Spectral Radii:  0.250073
 GMRES Avg Iters: 8.00
------------------------------------------------------
  MG RESIDUAL DECAY
------------------------------------------------------
 Iter    Rel. Residual           Reduction Factor
------------------------------------------------------
 0       1.359640e-01            -----
 1       1.886464e-02            0.1387
 2       4.169740e-03            0.2210
 3       8.606653e-04            0.2064
 4       2.121142e-04            0.2465
 5       6.052822e-05            0.2854
 6       1.727597e-05            0.2854
 7       4.692370e-06            0.2716
 8       1.180571e-06            0.2516
 9       2.764361e-07            0.2342
 10      6.163641e-08            0.2230
 11      1.368947e-08            0.2221
 12      3.219647e-09            0.2352
 13      8.198141e-10            0.2546
 14      2.158404e-10            0.2633
 15      5.550686e-11            0.2572
------------------------------------------------------
 Iterations:      16
 Final Rel. Res.: 5.550686e-11
 Asymptotic Rate: 0.258333 (Geom. Mean, last 4 iters)
======================================================

======================================================
  Refinement Level: 2
======================================================
 Mesh width (h):  9.1759e-02
 Total DOFs:      1113
 Spectral Radii:  0.326938
 GMRES Avg Iters: 9.00
------------------------------------------------------
  MG RESIDUAL DECAY
------------------------------------------------------
 Iter    Rel. Residual           Reduction Factor
------------------------------------------------------
 0       1.235199e-01            -----
 1       2.064022e-02            0.1671
 2       4.667560e-03            0.2261
 3       1.181116e-03            0.2530
 4       3.246201e-04            0.2748
 5       9.906276e-05            0.3052
 6       3.065023e-05            0.3094
 7       9.256756e-06            0.3020
 8       2.761732e-06            0.2983
 9       8.292663e-07            0.3003
 10      2.526684e-07            0.3047
 11      7.822586e-08            0.3096
 12      2.454873e-08            0.3138
 13      7.779259e-09            0.3169
 14      2.480559e-09            0.3189
 15      7.938164e-10            0.3200
------------------------------------------------------
 Iterations:      16
 Final Rel. Res.: 7.938164e-10
 Asymptotic Rate: 0.318589 (Geom. Mean, last 4 iters)
======================================================

