Device configuration: omp,cpu
Memory configuration: host-std
Loaded config: /cluster/home/rdabetic/decmg/configs/dirac2d_2d_L_scaledid_v.json
=================================================
  Multigrid Convergence Test Configuration
=================================================
 Problem Type:    dirac2d
 Mesh File:       meshes/2d/L.msh
 Output File:     out/scaledid/v/dirac/2d/L.csv
 MG Cycle Type:   V-Cycle
 Mass Lumping:    scaledid
 B-Conditions:    essential
 Max Refinement:  2
 Eigenvalues:     1 (Tol: 0.01)
 GMRES Benchmark: 1 runs (Tol: 1e-06, K-Dim: 20)
=================================================


Gmsh reader: all element attributes were zero.
MFEM only supports positive element attributes.
Setting element attributes to 1.

======================================================
  Refinement Level: 1
======================================================
 Mesh width (h):  1.8352e-01
 Total DOFs:      293
 Spectral Radii:  0.183398
 GMRES Avg Iters: 12.00
------------------------------------------------------
  MG RESIDUAL DECAY
------------------------------------------------------
 Iter    Rel. Residual           Reduction Factor
------------------------------------------------------
 0       1.887251e-01            -----
 1       3.079634e-02            0.1632
 2       3.512369e-03            0.1141
 3       3.918803e-04            0.1116
 4       3.954145e-05            0.1009
 5       5.261558e-06            0.1331
 6       5.876130e-07            0.1117
 7       7.657700e-08            0.1303
 8       9.754192e-09            0.1274
 9       1.357324e-09            0.1392
 10      1.850626e-10            0.1363
 11      2.935900e-11            0.1586
 12      4.983705e-12            0.1698
 13      8.520981e-13            0.1710
 14      1.418424e-13            0.1665
 15      2.282298e-14            0.1609
------------------------------------------------------
 Iterations:      16
 Final Rel. Res.: 2.282298e-14
 Asymptotic Rate: 0.166063 (Geom. Mean, last 4 iters)
======================================================

======================================================
  Refinement Level: 2
======================================================
 Mesh width (h):  9.1759e-02
 Total DOFs:      1113
 Spectral Radii:  0.247049
 GMRES Avg Iters: 13.00
------------------------------------------------------
  MG RESIDUAL DECAY
------------------------------------------------------
 Iter    Rel. Residual           Reduction Factor
------------------------------------------------------
 0       1.167869e-01            -----
 1       1.989404e-02            0.1703
 2       2.471907e-03            0.1243
 3       3.660030e-04            0.1481
 4       5.092105e-05            0.1391
 5       7.652391e-06            0.1503
 6       1.324806e-06            0.1731
 7       2.403285e-07            0.1814
 8       4.638071e-08            0.1930
 9       9.345757e-09            0.2015
 10      2.000036e-09            0.2140
 11      4.468406e-10            0.2234
 12      1.043553e-10            0.2335
 13      2.506329e-11            0.2402
 14      6.104260e-12            0.2436
 15      1.495927e-12            0.2451
------------------------------------------------------
 Iterations:      16
 Final Rel. Res.: 1.495927e-12
 Asymptotic Rate: 0.242921 (Geom. Mean, last 4 iters)
======================================================

