Device configuration: omp,cpu
Memory configuration: host-std
Loaded config: /cluster/home/rdabetic/decmg/configs/hcurl_2d_L_rowsum_w.json
=================================================
  Multigrid Convergence Test Configuration
=================================================
 Problem Type:    hcurl
 Mesh File:       meshes/2d/L.msh
 Output File:     out/rowsum/w/veclap/2d/L.csv
 MG Cycle Type:   W-Cycle
 Mass Lumping:    rowsum
 B-Conditions:    essential
 Max Refinement:  2
 Eigenvalues:     1 (Tol: 0.01)
 GMRES Benchmark: 1 runs (Tol: 1e-06, K-Dim: 20)
=================================================


Gmsh reader: all element attributes were zero.
MFEM only supports positive element attributes.
Setting element attributes to 1.

======================================================
  Refinement Level: 1
======================================================
 Mesh width (h):  1.8352e-01
 Total DOFs:      205
 Spectral Radii:  0.163704
 GMRES Avg Iters: 8.00
------------------------------------------------------
  MG RESIDUAL DECAY
------------------------------------------------------
 Iter    Rel. Residual           Reduction Factor
------------------------------------------------------
 0       9.942935e-02            -----
 1       1.357002e-02            0.1365
 2       1.794557e-03            0.1322
 3       2.709245e-04            0.1510
 4       3.798851e-05            0.1402
 5       4.155807e-06            0.1094
 6       6.280946e-07            0.1511
 7       1.072991e-07            0.1708
 8       1.991121e-08            0.1856
 9       3.615061e-09            0.1816
 10      6.296585e-10            0.1742
 11      1.013328e-10            0.1609
 12      1.543041e-11            0.1523
 13      2.346056e-12            0.1520
 14      3.719788e-13            0.1586
 15      6.155019e-14            0.1655
------------------------------------------------------
 Iterations:      16
 Final Rel. Res.: 6.155019e-14
 Asymptotic Rate: 0.158593 (Geom. Mean, last 4 iters)
======================================================

======================================================
  Refinement Level: 2
======================================================
 Mesh width (h):  9.1759e-02
 Total DOFs:      761
 Spectral Radii:  0.193082
 GMRES Avg Iters: 9.00
------------------------------------------------------
  MG RESIDUAL DECAY
------------------------------------------------------
 Iter    Rel. Residual           Reduction Factor
------------------------------------------------------
 0       9.209200e-02            -----
 1       1.108347e-02            0.1204
 2       1.399950e-03            0.1263
 3       1.918087e-04            0.1370
 4       3.249349e-05            0.1694
 5       5.855517e-06            0.1802
 6       1.188213e-06            0.2029
 7       2.480103e-07            0.2087
 8       5.101969e-08            0.2057
 9       1.035167e-08            0.2029
 10      2.083980e-09            0.2013
 11      4.226216e-10            0.2028
 12      8.618717e-11            0.2039
 13      1.754331e-11            0.2035
 14      3.537194e-12            0.2016
 15      7.036823e-13            0.1989
------------------------------------------------------
 Iterations:      16
 Final Rel. Res.: 7.036823e-13
 Asymptotic Rate: 0.201362 (Geom. Mean, last 4 iters)
======================================================

