Device configuration: omp,cpu
Memory configuration: host-std
Loaded config: /cluster/home/rdabetic/decmg/configs/mag_2d_two_holes_scaledid_w.json
=================================================
  Multigrid Convergence Test Configuration
=================================================
 Problem Type:    mag
 Mesh File:       meshes/2d/two_holes.msh
 Output File:     out/scaledid/w/mag/2d/two_holes.csv
 MG Cycle Type:   W-Cycle
 Mass Lumping:    scaledid
 B-Conditions:    essential
 Max Refinement:  2
 Eigenvalues:     3 (Tol: 0.01)
 GMRES Benchmark: 1 runs (Tol: 1e-06, K-Dim: 20)
=================================================


Gmsh reader: all element attributes were zero.
MFEM only supports positive element attributes.
Setting element attributes to 1.

======================================================
  Refinement Level: 1
======================================================
 Mesh width (h):  9.9615e-02
 Total DOFs:      2403
 Spectral Radii:  1 1 0.159514
 GMRES Avg Iters: 12.00
------------------------------------------------------
  MG RESIDUAL DECAY
------------------------------------------------------
 Iter    Rel. Residual           Reduction Factor
------------------------------------------------------
 0       8.837847e-02            -----
 1       1.560802e-02            0.1766
 2       1.460578e-03            0.0936
 3       2.249660e-04            0.1540
 4       3.368291e-05            0.1497
 5       4.773782e-06            0.1417
 6       7.808423e-07            0.1636
 7       1.215091e-07            0.1556
 8       1.451512e-08            0.1195
 9       1.551889e-09            0.1069
 10      2.244248e-10            0.1446
 11      3.916492e-11            0.1745
 12      5.567559e-12            0.1422
 13      7.622747e-13            0.1369
 14      1.477533e-13            0.1938
 15      2.769871e-14            0.1875
------------------------------------------------------
 Iterations:      16
 Final Rel. Res.: 2.769871e-14
 Asymptotic Rate: 0.170712 (Geom. Mean, last 4 iters)
======================================================

======================================================
  Refinement Level: 2
======================================================
 Mesh width (h):  4.9808e-02
 Total DOFs:      9383
 Spectral Radii:  1 1 0.164483
 GMRES Avg Iters: 13.00
------------------------------------------------------
  MG RESIDUAL DECAY
------------------------------------------------------
 Iter    Rel. Residual           Reduction Factor
------------------------------------------------------
 0       9.806420e-02            -----
 1       1.185926e-02            0.1209
 2       1.741688e-03            0.1469
 3       2.817573e-04            0.1618
 4       3.650239e-05            0.1296
 5       4.974185e-06            0.1363
 6       8.098071e-07            0.1628
 7       1.090816e-07            0.1347
 8       1.514786e-08            0.1389
 9       2.205212e-09            0.1456
 10      3.295568e-10            0.1494
 11      4.867719e-11            0.1477
 12      8.291399e-12            0.1703
 13      1.521831e-12            0.1835
 14      2.474919e-13            0.1626
 15      3.570206e-14            0.1443
------------------------------------------------------
 Iterations:      16
 Final Rel. Res.: 3.570206e-14
 Asymptotic Rate: 0.162688 (Geom. Mean, last 4 iters)
======================================================

