Device configuration: omp,cpu
Memory configuration: host-std
Loaded config: /cluster/home/rdabetic/decmg/configs/mag_2d_L_rowsum_v.json
=================================================
  Multigrid Convergence Test Configuration
=================================================
 Problem Type:    mag
 Mesh File:       meshes/2d/L.msh
 Output File:     out/rowsum/v/mag/2d/L.csv
 MG Cycle Type:   V-Cycle
 Mass Lumping:    rowsum
 B-Conditions:    essential
 Max Refinement:  2
 Eigenvalues:     1 (Tol: 0.01)
 GMRES Benchmark: 1 runs (Tol: 1e-06, K-Dim: 20)
=================================================


Gmsh reader: all element attributes were zero.
MFEM only supports positive element attributes.
Setting element attributes to 1.

======================================================
  Refinement Level: 1
======================================================
 Mesh width (h):  1.8352e-01
 Total DOFs:      205
 Spectral Radii:  0.166454
 GMRES Avg Iters: 8.00
------------------------------------------------------
  MG RESIDUAL DECAY
------------------------------------------------------
 Iter    Rel. Residual           Reduction Factor
------------------------------------------------------
 0       8.000128e-02            -----
 1       9.742092e-03            0.1218
 2       1.337078e-03            0.1372
 3       1.499268e-04            0.1121
 4       2.631430e-05            0.1755
 5       4.855475e-06            0.1845
 6       9.478814e-07            0.1952
 7       1.702366e-07            0.1796
 8       2.771974e-08            0.1628
 9       4.182240e-09            0.1509
 10      6.201162e-10            0.1483
 11      9.739661e-11            0.1571
 12      1.616930e-11            0.1660
 13      2.693667e-12            0.1666
 14      4.367858e-13            0.1622
 15      6.780525e-14            0.1552
------------------------------------------------------
 Iterations:      16
 Final Rel. Res.: 6.780525e-14
 Asymptotic Rate: 0.161259 (Geom. Mean, last 4 iters)
======================================================

======================================================
  Refinement Level: 2
======================================================
 Mesh width (h):  9.1759e-02
 Total DOFs:      761
 Spectral Radii:  0.217889
 GMRES Avg Iters: 9.00
------------------------------------------------------
  MG RESIDUAL DECAY
------------------------------------------------------
 Iter    Rel. Residual           Reduction Factor
------------------------------------------------------
 0       8.343661e-02            -----
 1       1.200429e-02            0.1439
 2       1.960428e-03            0.1633
 3       2.822935e-04            0.1440
 4       5.234020e-05            0.1854
 5       1.003427e-05            0.1917
 6       1.905566e-06            0.1899
 7       4.049718e-07            0.2125
 8       8.682219e-08            0.2144
 9       1.876665e-08            0.2162
 10      4.112780e-09            0.2192
 11      9.005970e-10            0.2190
 12      1.975741e-10            0.2194
 13      4.348365e-11            0.2201
 14      9.573393e-12            0.2202
 15      2.111731e-12            0.2206
------------------------------------------------------
 Iterations:      16
 Final Rel. Res.: 2.111731e-12
 Asymptotic Rate: 0.220277 (Geom. Mean, last 4 iters)
======================================================

