Device configuration: omp,cpu
Memory configuration: host-std
Loaded config: /cluster/home/rdabetic/decmg/configs/mag_2d_L_barycentric_w.json
=================================================
  Multigrid Convergence Test Configuration
=================================================
 Problem Type:    mag
 Mesh File:       meshes/2d/L.msh
 Output File:     out/barycentric/w/mag/2d/L.csv
 MG Cycle Type:   W-Cycle
 Mass Lumping:    barycentric
 B-Conditions:    essential
 Max Refinement:  2
 Eigenvalues:     1 (Tol: 0.01)
 GMRES Benchmark: 1 runs (Tol: 1e-06, K-Dim: 20)
=================================================


Gmsh reader: all element attributes were zero.
MFEM only supports positive element attributes.
Setting element attributes to 1.

======================================================
  Refinement Level: 1
======================================================
 Mesh width (h):  1.8352e-01
 Total DOFs:      205
 Spectral Radii:  0.270755
 GMRES Avg Iters: 9.00
------------------------------------------------------
  MG RESIDUAL DECAY
------------------------------------------------------
 Iter    Rel. Residual           Reduction Factor
------------------------------------------------------
 0       8.387100e-02            -----
 1       1.049242e-02            0.1251
 2       2.376949e-03            0.2265
 3       4.956839e-04            0.2085
 4       8.936472e-05            0.1803
 5       1.865878e-05            0.2088
 6       4.368810e-06            0.2341
 7       1.076688e-06            0.2464
 8       2.695395e-07            0.2503
 9       6.544996e-08            0.2428
 10      1.520920e-08            0.2324
 11      3.459505e-09            0.2275
 12      8.160966e-10            0.2359
 13      2.153659e-10            0.2639
 14      6.413031e-11            0.2978
 15      2.001715e-11            0.3121
------------------------------------------------------
 Iterations:      16
 Final Rel. Res.: 2.001715e-11
 Asymptotic Rate: 0.290550 (Geom. Mean, last 4 iters)
======================================================

======================================================
  Refinement Level: 2
======================================================
 Mesh width (h):  9.1759e-02
 Total DOFs:      761
 Spectral Radii:  0.342123
 GMRES Avg Iters: 10.00
------------------------------------------------------
  MG RESIDUAL DECAY
------------------------------------------------------
 Iter    Rel. Residual           Reduction Factor
------------------------------------------------------
 0       9.482209e-02            -----
 1       1.414696e-02            0.1492
 2       2.748753e-03            0.1943
 3       6.062559e-04            0.2206
 4       1.549511e-04            0.2556
 5       4.089441e-05            0.2639
 6       1.157061e-05            0.2829
 7       3.526709e-06            0.3048
 8       1.122396e-06            0.3183
 9       3.638301e-07            0.3242
 10      1.187792e-07            0.3265
 11      3.889254e-08            0.3274
 12      1.274982e-08            0.3278
 13      4.181100e-09            0.3279
 14      1.371111e-09            0.3279
 15      4.495756e-10            0.3279
------------------------------------------------------
 Iterations:      16
 Final Rel. Res.: 4.495756e-10
 Asymptotic Rate: 0.327919 (Geom. Mean, last 4 iters)
======================================================

