Device configuration: omp,cpu
Memory configuration: host-std
Loaded config: /cluster/home/rdabetic/decmg/configs/dirac3d_3d_corner_structured_rowsum_w.json
=================================================
  Multigrid Convergence Test Configuration
=================================================
 Problem Type:    dirac3d
 Mesh File:       meshes/3d/corner_structured.msh
 Output File:     out/rowsum/w/dirac/3d/corner_structured.csv
 MG Cycle Type:   W-Cycle
 Mass Lumping:    rowsum
 B-Conditions:    essential
 Max Refinement:  5
 Eigenvalues:     1 (Tol: 0.01)
 GMRES Benchmark: 8 runs (Tol: 1e-06, K-Dim: 20)
=================================================

======================================================
  Refinement Level: 1
======================================================
 Mesh width (h):  4.3301e-01
 Total DOFs:      12849
 Spectral Radii:  0.53902
 GMRES Avg Iters: 15.00
------------------------------------------------------
  MG RESIDUAL DECAY
------------------------------------------------------
 Iter    Rel. Residual           Reduction Factor
------------------------------------------------------
 0       9.187128e-02            -----
 1       2.274204e-02            0.2475
 2       7.940754e-03            0.3492
 3       3.410473e-03            0.4295
 4       1.572899e-03            0.4612
 5       7.521144e-04            0.4782
 6       3.672803e-04            0.4883
 7       1.820371e-04            0.4956
 8       9.129885e-05            0.5015
 9       4.625264e-05            0.5066
 10      2.363837e-05            0.5111
 11      1.217479e-05            0.5150
 12      6.313696e-06            0.5186
 13      3.294146e-06            0.5217
 14      1.727952e-06            0.5246
 15      9.106973e-07            0.5270
------------------------------------------------------
 Iterations:      16
 Final Rel. Res.: 9.106973e-07
 Asymptotic Rate: 0.524441 (Geom. Mean, last 4 iters)
======================================================

======================================================
  Refinement Level: 2
======================================================
 Mesh width (h):  2.1651e-01
 Total DOFs:      97889
 Spectral Radii:  0.568411
 GMRES Avg Iters: 14.00
------------------------------------------------------
  MG RESIDUAL DECAY
------------------------------------------------------
 Iter    Rel. Residual           Reduction Factor
------------------------------------------------------
 0       1.019512e-01            -----
 1       2.977569e-02            0.2921
 2       9.118006e-03            0.3062
 3       3.846784e-03            0.4219
 4       1.836039e-03            0.4773
 5       9.247306e-04            0.5037
 6       4.788314e-04            0.5178
 7       2.520360e-04            0.5264
 8       1.341161e-04            0.5321
 9       7.194481e-05            0.5364
 10      3.884031e-05            0.5399
 11      2.107824e-05            0.5427
 12      1.148919e-05            0.5451
 13      6.285832e-06            0.5471
 14      3.450058e-06            0.5489
 15      1.898859e-06            0.5504
------------------------------------------------------
 Iterations:      16
 Final Rel. Res.: 1.898859e-06
 Asymptotic Rate: 0.548784 (Geom. Mean, last 4 iters)
======================================================

======================================================
  Refinement Level: 3
======================================================
 Mesh width (h):  1.0825e-01
 Total DOFs:      764097
 Spectral Radii:  0.602624
 GMRES Avg Iters: 14.00
------------------------------------------------------
  MG RESIDUAL DECAY
------------------------------------------------------
 Iter    Rel. Residual           Reduction Factor
------------------------------------------------------
 0       2.214753e-01            -----
 1       8.680093e-02            0.3919
 2       2.041117e-02            0.2351
 3       8.065365e-03            0.3951
 4       3.841662e-03            0.4763
 5       1.961262e-03            0.5105
 6       1.035841e-03            0.5282
 7       5.582253e-04            0.5389
 8       3.049762e-04            0.5463
 9       1.683365e-04            0.5520
 10      9.368446e-05            0.5565
 11      5.249942e-05            0.5604
 12      2.959525e-05            0.5637
 13      1.677055e-05            0.5667
 14      9.547047e-06            0.5693
 15      5.457167e-06            0.5716
------------------------------------------------------
 Iterations:      16
 Final Rel. Res.: 5.457167e-06
 Asymptotic Rate: 0.569178 (Geom. Mean, last 4 iters)
======================================================

======================================================
  Refinement Level: 4
======================================================
 Mesh width (h):  5.4127e-02
 Total DOFs:      6037889
 Spectral Radii:  0.623595
 GMRES Avg Iters: 14.00
------------------------------------------------------
  MG RESIDUAL DECAY
------------------------------------------------------
 Iter    Rel. Residual           Reduction Factor
------------------------------------------------------
 0       7.889737e-01            -----
 1       3.211604e-01            0.4071
 2       7.355147e-02            0.2290
 3       2.910910e-02            0.3958
 4       1.406357e-02            0.4831
 5       7.290191e-03            0.5184
 6       3.913937e-03            0.5369
 7       2.145082e-03            0.5481
 8       1.192258e-03            0.5558
 9       6.697863e-04            0.5618
 10      3.795853e-04            0.5667
 11      2.167471e-04            0.5710
 12      1.245902e-04            0.5748
 13      7.204446e-05            0.5783
 14      4.188462e-05            0.5814
 15      2.446987e-05            0.5842
------------------------------------------------------
 Iterations:      16
 Final Rel. Res.: 2.446987e-05
 Asymptotic Rate: 0.581276 (Geom. Mean, last 4 iters)
======================================================

======================================================
  Refinement Level: 5
======================================================
 Mesh width (h):  2.7063e-02
 Total DOFs:      48005889
 Spectral Radii:  0.631703
 GMRES Avg Iters: 14.00
------------------------------------------------------
  MG RESIDUAL DECAY
------------------------------------------------------
 Iter    Rel. Residual           Reduction Factor
------------------------------------------------------
 0       3.008586e+00            -----
 1       1.226338e+00            0.4076
 2       2.816218e-01            0.2296
 3       1.126065e-01            0.3999
 4       5.503821e-02            0.4888
 5       2.888241e-02            0.5248
 6       1.569637e-02            0.5435
 7       8.705942e-03            0.5546
 8       4.895800e-03            0.5624
 9       2.782292e-03            0.5683
 10      1.594987e-03            0.5733
 11      9.212496e-04            0.5776
 12      5.356662e-04            0.5815
 13      3.133383e-04            0.5850
 14      1.842829e-04            0.5881
 15      1.089154e-04            0.5910
------------------------------------------------------
 Iterations:      16
 Final Rel. Res.: 1.089154e-04
 Asymptotic Rate: 0.588028 (Geom. Mean, last 4 iters)
======================================================

