Device configuration: omp,cpu
Memory configuration: host-std
Loaded config: /cluster/home/rdabetic/decmg/configs/dirac3d_3d_cube_barycentric_v.json
=================================================
  Multigrid Convergence Test Configuration
=================================================
 Problem Type:    dirac3d
 Mesh File:       meshes/3d/cube.msh
 Output File:     out/barycentric/v/dirac/3d/cube.csv
 MG Cycle Type:   V-Cycle
 Mass Lumping:    barycentric
 B-Conditions:    essential
 Max Refinement:  5
 Eigenvalues:     1 (Tol: 0.01)
 GMRES Benchmark: 8 runs (Tol: 1e-06, K-Dim: 20)
=================================================

======================================================
  Refinement Level: 1
======================================================
 Mesh width (h):  5.0000e-01
 Total DOFs:      989
 Spectral Radii:  0.450333
 GMRES Avg Iters: 10.00
------------------------------------------------------
  MG RESIDUAL DECAY
------------------------------------------------------
 Iter    Rel. Residual           Reduction Factor
------------------------------------------------------
 0       1.109726e-01            -----
 1       2.442304e-02            0.2201
 2       7.394264e-03            0.3028
 3       2.497611e-03            0.3378
 4       8.728678e-04            0.3495
 5       3.081678e-04            0.3531
 6       1.095045e-04            0.3553
 7       3.930795e-05            0.3590
 8       1.431628e-05            0.3642
 9       5.311360e-06            0.3710
 10      2.014137e-06            0.3792
 11      7.821899e-07            0.3883
 12      3.110873e-07            0.3977
 13      1.264746e-07            0.4066
 14      5.240234e-08            0.4143
 15      2.204980e-08            0.4208
------------------------------------------------------
 Iterations:      16
 Final Rel. Res.: 2.204980e-08
 Asymptotic Rate: 0.413848 (Geom. Mean, last 4 iters)
======================================================

======================================================
  Refinement Level: 2
======================================================
 Mesh width (h):  2.5000e-01
 Total DOFs:      7257
 Spectral Radii:  0.499488
 GMRES Avg Iters: 10.50
------------------------------------------------------
  MG RESIDUAL DECAY
------------------------------------------------------
 Iter    Rel. Residual           Reduction Factor
------------------------------------------------------
 0       1.146900e-01            -----
 1       2.230436e-02            0.1945
 2       6.831584e-03            0.3063
 3       2.483675e-03            0.3636
 4       9.362343e-04            0.3770
 5       3.678921e-04            0.3929
 6       1.490834e-04            0.4052
 7       6.196652e-05            0.4157
 8       2.631459e-05            0.4247
 9       1.136598e-05            0.4319
 10      4.977983e-06            0.4380
 11      2.205618e-06            0.4431
 12      9.871924e-07            0.4476
 13      4.459566e-07            0.4517
 14      2.032439e-07            0.4557
 15      9.343420e-08            0.4597
------------------------------------------------------
 Iterations:      16
 Final Rel. Res.: 9.343420e-08
 Asymptotic Rate: 0.455723 (Geom. Mean, last 4 iters)
======================================================

======================================================
  Refinement Level: 3
======================================================
 Mesh width (h):  1.2500e-01
 Total DOFs:      55601
 Spectral Radii:  0.530141
 GMRES Avg Iters: 11.00
------------------------------------------------------
  MG RESIDUAL DECAY
------------------------------------------------------
 Iter    Rel. Residual           Reduction Factor
------------------------------------------------------
 0       1.560398e-01            -----
 1       4.266872e-02            0.2734
 2       1.034257e-02            0.2424
 3       3.732549e-03            0.3609
 4       1.487661e-03            0.3986
 5       6.199505e-04            0.4167
 6       2.630805e-04            0.4244
 7       1.136646e-04            0.4321
 8       4.971557e-05            0.4374
 9       2.193625e-05            0.4412
 10      9.737366e-06            0.4439
 11      4.342166e-06            0.4459
 12      1.943747e-06            0.4476
 13      8.732847e-07            0.4493
 14      3.938296e-07            0.4510
 15      1.783394e-07            0.4528
------------------------------------------------------
 Iterations:      16
 Final Rel. Res.: 1.783394e-07
 Asymptotic Rate: 0.451027 (Geom. Mean, last 4 iters)
======================================================

======================================================
  Refinement Level: 4
======================================================
 Mesh width (h):  6.2500e-02
 Total DOFs:      435297
 Spectral Radii:  0.538724
 GMRES Avg Iters: 11.00
------------------------------------------------------
  MG RESIDUAL DECAY
------------------------------------------------------
 Iter    Rel. Residual           Reduction Factor
------------------------------------------------------
 0       4.261441e-01            -----
 1       1.555643e-01            0.3651
 2       3.464139e-02            0.2227
 3       1.207385e-02            0.3485
 4       4.904050e-03            0.4062
 5       2.088713e-03            0.4259
 6       9.095998e-04            0.4355
 7       4.028996e-04            0.4429
 8       1.805361e-04            0.4481
 9       8.158330e-05            0.4519
 10      3.708846e-05            0.4546
 11      1.693681e-05            0.4567
 12      7.761489e-06            0.4583
 13      3.567085e-06            0.4596
 14      1.643484e-06            0.4607
 15      7.589193e-07            0.4618
------------------------------------------------------
 Iterations:      16
 Final Rel. Res.: 7.589193e-07
 Asymptotic Rate: 0.460699 (Geom. Mean, last 4 iters)
======================================================

======================================================
  Refinement Level: 5
======================================================
 Mesh width (h):  3.1250e-02
 Total DOFs:      3444929
 Spectral Radii:  0.541884
 GMRES Avg Iters: 11.00
------------------------------------------------------
  MG RESIDUAL DECAY
------------------------------------------------------
 Iter    Rel. Residual           Reduction Factor
------------------------------------------------------
 0       1.699286e+00            -----
 1       6.276671e-01            0.3694
 2       1.371940e-01            0.2186
 3       4.737592e-02            0.3453
 4       1.925806e-02            0.4065
 5       8.213515e-03            0.4265
 6       3.580238e-03            0.4359
 7       1.585976e-03            0.4430
 8       7.102778e-04            0.4478
 9       3.205771e-04            0.4513
 10      1.454861e-04            0.4538
 11      6.629700e-05            0.4557
 12      3.030881e-05            0.4572
 13      1.389356e-05            0.4584
 14      6.383802e-06            0.4595
 15      2.939474e-06            0.4605
------------------------------------------------------
 Iterations:      16
 Final Rel. Res.: 2.939474e-06
 Asymptotic Rate: 0.459445 (Geom. Mean, last 4 iters)
======================================================

