Device configuration: omp,cpu
Memory configuration: host-std
Loaded config: /cluster/home/rdabetic/decmg/configs/dirac2d_2d_tria_barycentric_v.json
=================================================
  Multigrid Convergence Test Configuration
=================================================
 Problem Type:    dirac2d
 Mesh File:       meshes/2d/tria.msh
 Output File:     out/barycentric/v/dirac/2d/tria.csv
 MG Cycle Type:   V-Cycle
 Mass Lumping:    barycentric
 B-Conditions:    essential
 Max Refinement:  6
 Eigenvalues:     1 (Tol: 0.01)
 GMRES Benchmark: 8 runs (Tol: 1e-06, K-Dim: 20)
=================================================


Gmsh reader: all element attributes were zero.
MFEM only supports positive element attributes.
Setting element attributes to 1.

======================================================
  Refinement Level: 1
======================================================
 Mesh width (h):  1.2500e-01
 Total DOFs:      217
 Spectral Radii:  0.227101
 GMRES Avg Iters: 8.00
------------------------------------------------------
  MG RESIDUAL DECAY
------------------------------------------------------
 Iter    Rel. Residual           Reduction Factor
------------------------------------------------------
 0       1.860340e-01            -----
 1       2.900261e-02            0.1559
 2       5.438356e-03            0.1875
 3       1.391251e-03            0.2558
 4       3.245949e-04            0.2333
 5       7.246237e-05            0.2232
 6       1.597086e-05            0.2204
 7       3.618700e-06            0.2266
 8       8.782695e-07            0.2427
 9       2.139274e-07            0.2436
 10      4.749365e-08            0.2220
 11      9.492879e-09            0.1999
 12      1.780685e-09            0.1876
 13      3.310766e-10            0.1859
 14      6.293604e-11            0.1901
 15      1.223407e-11            0.1944
------------------------------------------------------
 Iterations:      16
 Final Rel. Res.: 1.223407e-11
 Asymptotic Rate: 0.190105 (Geom. Mean, last 4 iters)
======================================================

======================================================
  Refinement Level: 2
======================================================
 Mesh width (h):  6.2500e-02
 Total DOFs:      817
 Spectral Radii:  0.259533
 GMRES Avg Iters: 8.00
------------------------------------------------------
  MG RESIDUAL DECAY
------------------------------------------------------
 Iter    Rel. Residual           Reduction Factor
------------------------------------------------------
 0       1.281610e-01            -----
 1       2.111639e-02            0.1648
 2       3.943885e-03            0.1868
 3       8.223065e-04            0.2085
 4       1.935058e-04            0.2353
 5       4.591382e-05            0.2373
 6       1.078843e-05            0.2350
 7       2.696659e-06            0.2500
 8       6.901242e-07            0.2559
 9       1.714834e-07            0.2485
 10      4.130127e-08            0.2408
 11      9.734098e-09            0.2357
 12      2.266576e-09            0.2328
 13      5.297033e-10            0.2337
 14      1.248547e-10            0.2357
 15      2.936123e-11            0.2352
------------------------------------------------------
 Iterations:      16
 Final Rel. Res.: 2.936123e-11
 Asymptotic Rate: 0.234856 (Geom. Mean, last 4 iters)
======================================================

======================================================
  Refinement Level: 3
======================================================
 Mesh width (h):  3.1250e-02
 Total DOFs:      3169
 Spectral Radii:  0.280631
 GMRES Avg Iters: 8.00
------------------------------------------------------
  MG RESIDUAL DECAY
------------------------------------------------------
 Iter    Rel. Residual           Reduction Factor
------------------------------------------------------
 0       1.426580e-01            -----
 1       2.253425e-02            0.1580
 2       4.192911e-03            0.1861
 3       9.099955e-04            0.2170
 4       2.106832e-04            0.2315
 5       4.980453e-05            0.2364
 6       1.220491e-05            0.2451
 7       3.083528e-06            0.2526
 8       7.970441e-07            0.2585
 9       2.093601e-07            0.2627
 10      5.548087e-08            0.2650
 11      1.468223e-08            0.2646
 12      3.864135e-09            0.2632
 13      1.011062e-09            0.2617
 14      2.634836e-10            0.2606
 15      6.877429e-11            0.2610
------------------------------------------------------
 Iterations:      16
 Final Rel. Res.: 6.877429e-11
 Asymptotic Rate: 0.261091 (Geom. Mean, last 4 iters)
======================================================

======================================================
  Refinement Level: 4
======================================================
 Mesh width (h):  1.5625e-02
 Total DOFs:      12481
 Spectral Radii:  0.291739
 GMRES Avg Iters: 8.00
------------------------------------------------------
  MG RESIDUAL DECAY
------------------------------------------------------
 Iter    Rel. Residual           Reduction Factor
------------------------------------------------------
 0       1.312203e-01            -----
 1       2.033771e-02            0.1550
 2       3.653100e-03            0.1796
 3       8.032714e-04            0.2199
 4       1.884040e-04            0.2345
 5       4.520761e-05            0.2400
 6       1.121955e-05            0.2482
 7       2.863662e-06            0.2552
 8       7.423434e-07            0.2592
 9       1.960069e-07            0.2640
 10      5.275185e-08            0.2691
 11      1.439501e-08            0.2729
 12      3.967027e-09            0.2756
 13      1.102507e-09            0.2779
 14      3.086987e-10            0.2800
 15      8.699936e-11            0.2818
------------------------------------------------------
 Iterations:      16
 Final Rel. Res.: 8.699936e-11
 Asymptotic Rate: 0.279909 (Geom. Mean, last 4 iters)
======================================================

======================================================
  Refinement Level: 5
======================================================
 Mesh width (h):  7.8125e-03
 Total DOFs:      49537
 Spectral Radii:  0.298389
 GMRES Avg Iters: 8.00
------------------------------------------------------
  MG RESIDUAL DECAY
------------------------------------------------------
 Iter    Rel. Residual           Reduction Factor
------------------------------------------------------
 0       1.329139e-01            -----
 1       2.037395e-02            0.1533
 2       3.657295e-03            0.1795
 3       8.105783e-04            0.2216
 4       1.879724e-04            0.2319
 5       4.402804e-05            0.2342
 6       1.073238e-05            0.2438
 7       2.713338e-06            0.2528
 8       7.051975e-07            0.2599
 9       1.879242e-07            0.2665
 10      5.105489e-08            0.2717
 11      1.407272e-08            0.2756
 12      3.925361e-09            0.2789
 13      1.105812e-09            0.2817
 14      3.139633e-10            0.2839
 15      8.967158e-11            0.2856
------------------------------------------------------
 Iterations:      16
 Final Rel. Res.: 8.967158e-11
 Asymptotic Rate: 0.283743 (Geom. Mean, last 4 iters)
======================================================

======================================================
  Refinement Level: 6
======================================================
 Mesh width (h):  3.9063e-03
 Total DOFs:      197377
 Spectral Radii:  0.308331
 GMRES Avg Iters: 8.00
------------------------------------------------------
  MG RESIDUAL DECAY
------------------------------------------------------
 Iter    Rel. Residual           Reduction Factor
------------------------------------------------------
 0       1.317246e-01            -----
 1       2.042755e-02            0.1551
 2       3.612486e-03            0.1768
 3       7.925738e-04            0.2194
 4       1.834069e-04            0.2314
 5       4.314406e-05            0.2352
 6       1.055482e-05            0.2446
 7       2.690587e-06            0.2549
 8       7.080657e-07            0.2632
 9       1.909149e-07            0.2696
 10      5.231724e-08            0.2740
 11      1.448539e-08            0.2769
 12      4.041842e-09            0.2790
 13      1.135620e-09            0.2810
 14      3.211468e-10            0.2828
 15      9.136923e-11            0.2845
------------------------------------------------------
 Iterations:      16
 Final Rel. Res.: 9.136923e-11
 Asymptotic Rate: 0.282753 (Geom. Mean, last 4 iters)
======================================================

