Device configuration: omp,cpu
Memory configuration: host-std
Loaded config: /cluster/home/rdabetic/decmg/configs/dirac2d_2d_tria_rowsum_v.json
=================================================
  Multigrid Convergence Test Configuration
=================================================
 Problem Type:    dirac2d
 Mesh File:       meshes/2d/tria.msh
 Output File:     out/rowsum/v/dirac/2d/tria.csv
 MG Cycle Type:   V-Cycle
 Mass Lumping:    rowsum
 B-Conditions:    essential
 Max Refinement:  6
 Eigenvalues:     1 (Tol: 0.01)
 GMRES Benchmark: 8 runs (Tol: 1e-06, K-Dim: 20)
=================================================


Gmsh reader: all element attributes were zero.
MFEM only supports positive element attributes.
Setting element attributes to 1.

======================================================
  Refinement Level: 1
======================================================
 Mesh width (h):  1.2500e-01
 Total DOFs:      217
 Spectral Radii:  0.219144
 GMRES Avg Iters: 7.50
------------------------------------------------------
  MG RESIDUAL DECAY
------------------------------------------------------
 Iter    Rel. Residual           Reduction Factor
------------------------------------------------------
 0       1.574448e-01            -----
 1       2.305230e-02            0.1464
 2       3.421836e-03            0.1484
 3       5.843672e-04            0.1708
 4       1.074560e-04            0.1839
 5       1.980258e-05            0.1843
 6       3.233975e-06            0.1633
 7       4.476427e-07            0.1384
 8       7.816278e-08            0.1746
 9       1.771230e-08            0.2266
 10      3.114559e-09            0.1758
 11      4.112237e-10            0.1320
 12      5.748259e-11            0.1398
 13      1.244075e-11            0.2164
 14      2.491951e-12            0.2003
 15      3.955053e-13            0.1587
------------------------------------------------------
 Iterations:      16
 Final Rel. Res.: 3.955053e-13
 Asymptotic Rate: 0.190198 (Geom. Mean, last 4 iters)
======================================================

======================================================
  Refinement Level: 2
======================================================
 Mesh width (h):  6.2500e-02
 Total DOFs:      817
 Spectral Radii:  0.259321
 GMRES Avg Iters: 8.00
------------------------------------------------------
  MG RESIDUAL DECAY
------------------------------------------------------
 Iter    Rel. Residual           Reduction Factor
------------------------------------------------------
 0       1.026137e-01            -----
 1       1.461366e-02            0.1424
 2       2.067362e-03            0.1415
 3       2.955262e-04            0.1429
 4       5.177632e-05            0.1752
 5       9.221399e-06            0.1781
 6       1.560333e-06            0.1692
 7       2.789907e-07            0.1788
 8       5.400370e-08            0.1936
 9       1.081088e-08            0.2002
 10      2.385782e-09            0.2207
 11      5.640915e-10            0.2364
 12      1.383919e-10            0.2453
 13      3.471582e-11            0.2509
 14      8.842117e-12            0.2547
 15      2.278553e-12            0.2577
------------------------------------------------------
 Iterations:      16
 Final Rel. Res.: 2.278553e-12
 Asymptotic Rate: 0.254399 (Geom. Mean, last 4 iters)
======================================================

======================================================
  Refinement Level: 3
======================================================
 Mesh width (h):  3.1250e-02
 Total DOFs:      3169
 Spectral Radii:  0.281219
 GMRES Avg Iters: 8.00
------------------------------------------------------
  MG RESIDUAL DECAY
------------------------------------------------------
 Iter    Rel. Residual           Reduction Factor
------------------------------------------------------
 0       1.138870e-01            -----
 1       1.592288e-02            0.1398
 2       2.271594e-03            0.1427
 3       3.496494e-04            0.1539
 4       5.844730e-05            0.1672
 5       1.030410e-05            0.1763
 6       1.992303e-06            0.1934
 7       4.223246e-07            0.2120
 8       9.702954e-08            0.2298
 9       2.352390e-08            0.2424
 10      5.927022e-09            0.2520
 11      1.537482e-09            0.2594
 12      4.070748e-10            0.2648
 13      1.092699e-10            0.2684
 14      2.956738e-11            0.2706
 15      8.038709e-12            0.2719
------------------------------------------------------
 Iterations:      16
 Final Rel. Res.: 8.038709e-12
 Asymptotic Rate: 0.270295 (Geom. Mean, last 4 iters)
======================================================

======================================================
  Refinement Level: 4
======================================================
 Mesh width (h):  1.5625e-02
 Total DOFs:      12481
 Spectral Radii:  0.288849
 GMRES Avg Iters: 8.00
------------------------------------------------------
  MG RESIDUAL DECAY
------------------------------------------------------
 Iter    Rel. Residual           Reduction Factor
------------------------------------------------------
 0       1.035910e-01            -----
 1       1.394217e-02            0.1346
 2       1.942722e-03            0.1393
 3       3.041313e-04            0.1565
 4       5.275464e-05            0.1735
 5       9.704803e-06            0.1840
 6       1.972015e-06            0.2032
 7       4.353219e-07            0.2207
 8       1.021689e-07            0.2347
 9       2.554398e-08            0.2500
 10      6.683619e-09            0.2617
 11      1.796488e-09            0.2688
 12      4.911336e-10            0.2734
 13      1.357782e-10            0.2765
 14      3.782220e-11            0.2786
 15      1.059286e-11            0.2801
------------------------------------------------------
 Iterations:      16
 Final Rel. Res.: 1.059286e-11
 Asymptotic Rate: 0.278359 (Geom. Mean, last 4 iters)
======================================================

======================================================
  Refinement Level: 5
======================================================
 Mesh width (h):  7.8125e-03
 Total DOFs:      49537
 Spectral Radii:  0.292598
 GMRES Avg Iters: 8.00
------------------------------------------------------
  MG RESIDUAL DECAY
------------------------------------------------------
 Iter    Rel. Residual           Reduction Factor
------------------------------------------------------
 0       1.042534e-01            -----
 1       1.394281e-02            0.1337
 2       1.921973e-03            0.1378
 3       2.984766e-04            0.1553
 4       5.130900e-05            0.1719
 5       9.551634e-06            0.1862
 6       1.969714e-06            0.2062
 7       4.486919e-07            0.2278
 8       1.103235e-07            0.2459
 9       2.861954e-08            0.2594
 10      7.671041e-09            0.2680
 11      2.095397e-09            0.2732
 12      5.788111e-10            0.2762
 13      1.610339e-10            0.2782
 14      4.502699e-11            0.2796
 15      1.263762e-11            0.2807
------------------------------------------------------
 Iterations:      16
 Final Rel. Res.: 1.263762e-11
 Asymptotic Rate: 0.279496 (Geom. Mean, last 4 iters)
======================================================

======================================================
  Refinement Level: 6
======================================================
 Mesh width (h):  3.9063e-03
 Total DOFs:      197377
 Spectral Radii:  0.294946
 GMRES Avg Iters: 8.00
------------------------------------------------------
  MG RESIDUAL DECAY
------------------------------------------------------
 Iter    Rel. Residual           Reduction Factor
------------------------------------------------------
 0       1.032489e-01            -----
 1       1.398849e-02            0.1355
 2       1.912836e-03            0.1367
 3       2.964259e-04            0.1550
 4       5.084960e-05            0.1715
 5       9.505873e-06            0.1869
 6       1.985589e-06            0.2089
 7       4.600100e-07            0.2317
 8       1.149972e-07            0.2500
 9       3.021315e-08            0.2627
 10      8.174401e-09            0.2706
 11      2.249954e-09            0.2752
 12      6.258326e-10            0.2782
 13      1.752627e-10            0.2800
 14      4.931351e-11            0.2814
 15      1.392465e-11            0.2824
------------------------------------------------------
 Iterations:      16
 Final Rel. Res.: 1.392465e-11
 Asymptotic Rate: 0.281260 (Geom. Mean, last 4 iters)
======================================================

