Device configuration: omp,cpu
Memory configuration: host-std
Loaded config: /cluster/home/rdabetic/decmg/configs/dirac2d_2d_two_holes_barycentric_v.json
=================================================
  Multigrid Convergence Test Configuration
=================================================
 Problem Type:    dirac2d
 Mesh File:       meshes/2d/two_holes.msh
 Output File:     out/barycentric/v/dirac/2d/two_holes.csv
 MG Cycle Type:   V-Cycle
 Mass Lumping:    barycentric
 B-Conditions:    essential
 Max Refinement:  6
 Eigenvalues:     3 (Tol: 0.01)
 GMRES Benchmark: 8 runs (Tol: 1e-06, K-Dim: 20)
=================================================


Gmsh reader: all element attributes were zero.
MFEM only supports positive element attributes.
Setting element attributes to 1.

======================================================
  Refinement Level: 1
======================================================
 Mesh width (h):  9.9615e-02
 Total DOFs:      3547
 Spectral Radii:  1 1 0.295142
 GMRES Avg Iters: 8.00
------------------------------------------------------
  MG RESIDUAL DECAY
------------------------------------------------------
 Iter    Rel. Residual           Reduction Factor
------------------------------------------------------
 0       2.907799e-01            -----
 1       2.987513e-02            0.1027
 2       4.767338e-03            0.1596
 3       1.634814e-03            0.3429
 4       2.695650e-04            0.1649
 5       4.512118e-05            0.1674
 6       1.093695e-05            0.2424
 7       2.823762e-06            0.2582
 8       7.505428e-07            0.2658
 9       2.067719e-07            0.2755
 10      5.810937e-08            0.2810
 11      1.647205e-08            0.2835
 12      4.686637e-09            0.2845
 13      1.336183e-09            0.2851
 14      3.818265e-10            0.2858
 15      1.094955e-10            0.2868
------------------------------------------------------
 Iterations:      16
 Final Rel. Res.: 1.094955e-10
 Asymptotic Rate: 0.285876 (Geom. Mean, last 4 iters)
======================================================

======================================================
  Refinement Level: 2
======================================================
 Mesh width (h):  4.9808e-02
 Total DOFs:      13959
 Spectral Radii:  1 1 0.347412
 GMRES Avg Iters: 9.00
------------------------------------------------------
  MG RESIDUAL DECAY
------------------------------------------------------
 Iter    Rel. Residual           Reduction Factor
------------------------------------------------------
 0       1.364049e-01            -----
 1       2.426282e-02            0.1779
 2       4.671642e-03            0.1925
 3       1.047870e-03            0.2243
 4       2.507044e-04            0.2393
 5       6.601374e-05            0.2633
 6       1.844517e-05            0.2794
 7       5.369281e-06            0.2911
 8       1.606009e-06            0.2991
 9       4.918383e-07            0.3062
 10      1.536774e-07            0.3125
 11      4.877604e-08            0.3174
 12      1.567367e-08            0.3213
 13      5.086636e-09            0.3245
 14      1.663558e-09            0.3270
 15      5.471940e-10            0.3289
------------------------------------------------------
 Iterations:      16
 Final Rel. Res.: 5.471940e-10
 Asymptotic Rate: 0.326831 (Geom. Mean, last 4 iters)
======================================================

======================================================
  Refinement Level: 3
======================================================
 Mesh width (h):  2.4904e-02
 Total DOFs:      55375
 Spectral Radii:  1 1 0.368137
 GMRES Avg Iters: 9.00
------------------------------------------------------
  MG RESIDUAL DECAY
------------------------------------------------------
 Iter    Rel. Residual           Reduction Factor
------------------------------------------------------
 0       1.298430e-01            -----
 1       2.053472e-02            0.1582
 2       3.763831e-03            0.1833
 3       1.029107e-03            0.2734
 4       2.687254e-04            0.2611
 5       6.805425e-05            0.2532
 6       1.831223e-05            0.2691
 7       5.202827e-06            0.2841
 8       1.533476e-06            0.2947
 9       4.670629e-07            0.3046
 10      1.463569e-07            0.3134
 11      4.693296e-08            0.3207
 12      1.533775e-08            0.3268
 13      5.090655e-09            0.3319
 14      1.711014e-09            0.3361
 15      5.810180e-10            0.3396
------------------------------------------------------
 Iterations:      16
 Final Rel. Res.: 5.810180e-10
 Asymptotic Rate: 0.335848 (Geom. Mean, last 4 iters)
======================================================

======================================================
  Refinement Level: 4
======================================================
 Mesh width (h):  1.2452e-02
 Total DOFs:      220575
 Spectral Radii:  1 1 0.385396
 GMRES Avg Iters: 9.00
------------------------------------------------------
  MG RESIDUAL DECAY
------------------------------------------------------
 Iter    Rel. Residual           Reduction Factor
------------------------------------------------------
 0       1.299632e-01            -----
 1       2.041092e-02            0.1571
 2       3.736437e-03            0.1831
 3       8.547675e-04            0.2288
 4       2.171616e-04            0.2541
 5       5.785495e-05            0.2664
 6       1.633193e-05            0.2823
 7       4.852351e-06            0.2971
 8       1.494130e-06            0.3079
 9       4.721248e-07            0.3160
 10      1.521979e-07            0.3224
 11      4.988383e-08            0.3278
 12      1.658797e-08            0.3325
 13      5.587370e-09            0.3368
 14      1.903757e-09            0.3407
 15      6.554276e-10            0.3443
------------------------------------------------------
 Iterations:      16
 Final Rel. Res.: 6.554276e-10
 Asymptotic Rate: 0.340599 (Geom. Mean, last 4 iters)
======================================================

======================================================
  Refinement Level: 5
======================================================
 Mesh width (h):  6.2260e-03
 Total DOFs:      880447
 Spectral Radii:  1 1 0.397347
 GMRES Avg Iters: 9.00
------------------------------------------------------
  MG RESIDUAL DECAY
------------------------------------------------------
 Iter    Rel. Residual           Reduction Factor
------------------------------------------------------
 0       1.307208e-01            -----
 1       2.035575e-02            0.1557
 2       3.680633e-03            0.1808
 3       8.476104e-04            0.2303
 4       2.165477e-04            0.2555
 5       5.823527e-05            0.2689
 6       1.672052e-05            0.2871
 7       5.077288e-06            0.3037
 8       1.604419e-06            0.3160
 9       5.226971e-07            0.3258
 10      1.742671e-07            0.3334
 11      5.915005e-08            0.3394
 12      2.037152e-08            0.3444
 13      7.102011e-09            0.3486
 14      2.501675e-09            0.3522
 15      8.891141e-10            0.3554
------------------------------------------------------
 Iterations:      16
 Final Rel. Res.: 8.891141e-10
 Asymptotic Rate: 0.352083 (Geom. Mean, last 4 iters)
======================================================

======================================================
  Refinement Level: 6
======================================================
 Mesh width (h):  3.1130e-03
 Total DOFs:      3518079
 Spectral Radii:  1 1 0.406397
 GMRES Avg Iters: 9.00
------------------------------------------------------
  MG RESIDUAL DECAY
------------------------------------------------------
 Iter    Rel. Residual           Reduction Factor
------------------------------------------------------
 0       1.304750e-01            -----
 1       2.023693e-02            0.1551
 2       3.641609e-03            0.1799
 3       8.319989e-04            0.2285
 4       2.112896e-04            0.2540
 5       5.662024e-05            0.2680
 6       1.624656e-05            0.2869
 7       4.938684e-06            0.3040
 8       1.565774e-06            0.3170
 9       5.126970e-07            0.3274
 10      1.719760e-07            0.3354
 11      5.878091e-08            0.3418
 12      2.040799e-08            0.3472
 13      7.181416e-09            0.3519
 14      2.556981e-09            0.3561
 15      9.199394e-10            0.3598
------------------------------------------------------
 Iterations:      16
 Final Rel. Res.: 9.199394e-10
 Asymptotic Rate: 0.355893 (Geom. Mean, last 4 iters)
======================================================

