Device configuration: omp,cpu
Memory configuration: host-std
Loaded config: /cluster/home/rdabetic/decmg/configs/dirac3d_3d_corner_rowsum_v.json
=================================================
  Multigrid Convergence Test Configuration
=================================================
 Problem Type:    dirac3d
 Mesh File:       meshes/3d/corner.msh
 Output File:     out/rowsum/v/dirac/3d/corner.csv
 MG Cycle Type:   V-Cycle
 Mass Lumping:    rowsum
 B-Conditions:    essential
 Max Refinement:  5
 Eigenvalues:     1 (Tol: 0.01)
 GMRES Benchmark: 8 runs (Tol: 1e-06, K-Dim: 20)
=================================================

======================================================
  Refinement Level: 1
======================================================
 Mesh width (h):  5.0000e-01
 Total DOFs:      1481
 Spectral Radii:  0.506483
 GMRES Avg Iters: 13.88
------------------------------------------------------
  MG RESIDUAL DECAY
------------------------------------------------------
 Iter    Rel. Residual           Reduction Factor
------------------------------------------------------
 0       7.669978e-02            -----
 1       2.260949e-02            0.2948
 2       6.341753e-03            0.2805
 3       2.560886e-03            0.4038
 4       1.125412e-03            0.4395
 5       5.265379e-04            0.4679
 6       2.546331e-04            0.4836
 7       1.253029e-04            0.4921
 8       6.216833e-05            0.4961
 9       3.097144e-05            0.4982
 10      1.546529e-05            0.4993
 11      7.734746e-06            0.5001
 12      3.873461e-06            0.5008
 13      1.942060e-06            0.5014
 14      9.747731e-07            0.5019
 15      4.897716e-07            0.5024
------------------------------------------------------
 Iterations:      16
 Final Rel. Res.: 4.897716e-07
 Asymptotic Rate: 0.501916 (Geom. Mean, last 4 iters)
======================================================

======================================================
  Refinement Level: 2
======================================================
 Mesh width (h):  2.5000e-01
 Total DOFs:      10881
 Spectral Radii:  0.591679
 GMRES Avg Iters: 15.00
------------------------------------------------------
  MG RESIDUAL DECAY
------------------------------------------------------
 Iter    Rel. Residual           Reduction Factor
------------------------------------------------------
 0       9.496375e-02            -----
 1       2.823707e-02            0.2973
 2       9.899750e-03            0.3506
 3       4.707357e-03            0.4755
 4       2.426953e-03            0.5156
 5       1.284986e-03            0.5295
 6       6.969152e-04            0.5424
 7       3.848394e-04            0.5522
 8       2.153983e-04            0.5597
 9       1.217474e-04            0.5652
 10      6.930201e-05            0.5692
 11      3.965133e-05            0.5722
 12      2.277251e-05            0.5743
 13      1.311603e-05            0.5760
 14      7.570994e-06            0.5772
 15      4.377932e-06            0.5783
------------------------------------------------------
 Iterations:      16
 Final Rel. Res.: 4.377932e-06
 Asymptotic Rate: 0.577146 (Geom. Mean, last 4 iters)
======================================================

======================================================
  Refinement Level: 3
======================================================
 Mesh width (h):  1.2500e-01
 Total DOFs:      83393
 Spectral Radii:  0.64148
 GMRES Avg Iters: 15.00
------------------------------------------------------
  MG RESIDUAL DECAY
------------------------------------------------------
 Iter    Rel. Residual           Reduction Factor
------------------------------------------------------
 0       2.597083e-01            -----
 1       1.029203e-01            0.3963
 2       2.649616e-02            0.2574
 3       1.128998e-02            0.4261
 4       5.575492e-03            0.4938
 5       2.931060e-03            0.5257
 6       1.599516e-03            0.5457
 7       8.945310e-04            0.5593
 8       5.094175e-04            0.5695
 9       2.943721e-04            0.5779
 10      1.722242e-04            0.5851
 11      1.018467e-04            0.5914
 12      6.079432e-05            0.5969
 13      3.658705e-05            0.6018
 14      2.217590e-05            0.6061
 15      1.352433e-05            0.6099
------------------------------------------------------
 Iterations:      16
 Final Rel. Res.: 1.352433e-05
 Asymptotic Rate: 0.605923 (Geom. Mean, last 4 iters)
======================================================

======================================================
  Refinement Level: 4
======================================================
 Mesh width (h):  6.2500e-02
 Total DOFs:      652929
 Spectral Radii:  0.658311
 GMRES Avg Iters: 15.12
------------------------------------------------------
  MG RESIDUAL DECAY
------------------------------------------------------
 Iter    Rel. Residual           Reduction Factor
------------------------------------------------------
 0       1.011478e+00            -----
 1       4.231520e-01            0.4184
 2       1.081547e-01            0.2556
 3       4.613661e-02            0.4266
 4       2.382134e-02            0.5163
 5       1.314148e-02            0.5517
 6       7.492189e-03            0.5701
 7       4.360512e-03            0.5820
 8       2.576667e-03            0.5909
 9       1.541428e-03            0.5982
 10      9.317908e-04            0.6045
 11      5.683681e-04            0.6100
 12      3.494224e-04            0.6148
 13      2.162947e-04            0.6190
 14      1.346899e-04            0.6227
 15      8.431114e-05            0.6260
------------------------------------------------------
 Iterations:      16
 Final Rel. Res.: 8.431114e-05
 Asymptotic Rate: 0.622556 (Geom. Mean, last 4 iters)
======================================================

======================================================
  Refinement Level: 5
======================================================
 Mesh width (h):  3.1250e-02
 Total DOFs:      5167361
 Spectral Radii:  0.665834
 GMRES Avg Iters: 16.00
------------------------------------------------------
  MG RESIDUAL DECAY
------------------------------------------------------
 Iter    Rel. Residual           Reduction Factor
------------------------------------------------------
 0       4.123446e+00            -----
 1       1.699479e+00            0.4122
 2       4.431209e-01            0.2607
 3       1.884239e-01            0.4252
 4       9.754645e-02            0.5177
 5       5.411941e-02            0.5548
 6       3.105328e-02            0.5738
 7       1.817664e-02            0.5853
 8       1.078511e-02            0.5933
 9       6.465396e-03            0.5995
 10      3.908183e-03            0.6045
 11      2.379043e-03            0.6087
 12      1.457033e-03            0.6124
 13      8.971313e-04            0.6157
 14      5.550084e-04            0.6186
 15      3.448078e-04            0.6213
------------------------------------------------------
 Iterations:      16
 Final Rel. Res.: 3.448078e-04
 Asymptotic Rate: 0.618542 (Geom. Mean, last 4 iters)
======================================================

