Device configuration: omp,cpu
Memory configuration: host-std
Loaded config: /cluster/home/rdabetic/decmg/configs/dirac3d_3d_corner_scaledid_w.json
=================================================
  Multigrid Convergence Test Configuration
=================================================
 Problem Type:    dirac3d
 Mesh File:       meshes/3d/corner.msh
 Output File:     out/scaledid/w/dirac/3d/corner.csv
 MG Cycle Type:   W-Cycle
 Mass Lumping:    scaledid
 B-Conditions:    essential
 Max Refinement:  5
 Eigenvalues:     1 (Tol: 0.01)
 GMRES Benchmark: 8 runs (Tol: 1e-06, K-Dim: 20)
=================================================

======================================================
  Refinement Level: 1
======================================================
 Mesh width (h):  5.0000e-01
 Total DOFs:      1481
 Spectral Radii:  0.457497
 GMRES Avg Iters: 27.88
------------------------------------------------------
  MG RESIDUAL DECAY
------------------------------------------------------
 Iter    Rel. Residual           Reduction Factor
------------------------------------------------------
 0       2.102105e-01            -----
 1       3.795910e-02            0.1806
 2       8.745430e-03            0.2304
 3       2.910210e-03            0.3328
 4       9.389860e-04            0.3227
 5       3.764967e-04            0.4010
 6       1.452795e-04            0.3859
 7       5.954360e-05            0.4099
 8       2.432204e-05            0.4085
 9       1.014677e-05            0.4172
 10      4.267975e-06            0.4206
 11      1.818131e-06            0.4260
 12      7.821300e-07            0.4302
 13      3.397591e-07            0.4344
 14      1.488296e-07            0.4380
 15      6.567374e-08            0.4413
------------------------------------------------------
 Iterations:      16
 Final Rel. Res.: 6.567374e-08
 Asymptotic Rate: 0.437896 (Geom. Mean, last 4 iters)
======================================================

======================================================
  Refinement Level: 2
======================================================
 Mesh width (h):  2.5000e-01
 Total DOFs:      10881
 Spectral Radii:  0.475601
 GMRES Avg Iters: 27.00
------------------------------------------------------
  MG RESIDUAL DECAY
------------------------------------------------------
 Iter    Rel. Residual           Reduction Factor
------------------------------------------------------
 0       1.537467e-01            -----
 1       2.759608e-02            0.1795
 2       7.967110e-03            0.2887
 3       2.592544e-03            0.3254
 4       9.242522e-04            0.3565
 5       3.460975e-04            0.3745
 6       1.334261e-04            0.3855
 7       5.239224e-05            0.3927
 8       2.084671e-05            0.3979
 9       8.386089e-06            0.4023
 10      3.406922e-06            0.4063
 11      1.397013e-06            0.4101
 12      5.780179e-07            0.4138
 13      2.412802e-07            0.4174
 14      1.016077e-07            0.4211
 15      4.316849e-08            0.4249
------------------------------------------------------
 Iterations:      16
 Final Rel. Res.: 4.316849e-08
 Asymptotic Rate: 0.421123 (Geom. Mean, last 4 iters)
======================================================

======================================================
  Refinement Level: 3
======================================================
 Mesh width (h):  1.2500e-01
 Total DOFs:      83393
 Spectral Radii:  0.497656
 GMRES Avg Iters: 26.00
------------------------------------------------------
  MG RESIDUAL DECAY
------------------------------------------------------
 Iter    Rel. Residual           Reduction Factor
------------------------------------------------------
 0       1.751012e-01            -----
 1       5.578892e-02            0.3186
 2       1.177484e-02            0.2111
 3       3.531803e-03            0.2999
 4       1.273848e-03            0.3607
 5       4.826283e-04            0.3789
 6       1.885563e-04            0.3907
 7       7.545207e-05            0.4002
 8       3.072582e-05            0.4072
 9       1.267318e-05            0.4125
 10      5.279027e-06            0.4166
 11      2.216714e-06            0.4199
 12      9.372126e-07            0.4228
 13      3.986677e-07            0.4254
 14      1.705461e-07            0.4278
 15      7.336024e-08            0.4301
------------------------------------------------------
 Iterations:      16
 Final Rel. Res.: 7.336024e-08
 Asymptotic Rate: 0.427767 (Geom. Mean, last 4 iters)
======================================================

======================================================
  Refinement Level: 4
======================================================
 Mesh width (h):  6.2500e-02
 Total DOFs:      652929
 Spectral Radii:  0.518799
 GMRES Avg Iters: 26.50
------------------------------------------------------
  MG RESIDUAL DECAY
------------------------------------------------------
 Iter    Rel. Residual           Reduction Factor
------------------------------------------------------
 0       4.822014e-01            -----
 1       1.908325e-01            0.3958
 2       3.924175e-02            0.2056
 3       1.140453e-02            0.2906
 4       4.130860e-03            0.3622
 5       1.581725e-03            0.3829
 6       6.255785e-04            0.3955
 7       2.529031e-04            0.4043
 8       1.038730e-04            0.4107
 9       4.316339e-05            0.4155
 10      1.809497e-05            0.4192
 11      7.637988e-06            0.4221
 12      3.241850e-06            0.4244
 13      1.382287e-06            0.4264
 14      5.917321e-07            0.4281
 15      2.542158e-07            0.4296
------------------------------------------------------
 Iterations:      16
 Final Rel. Res.: 2.542158e-07
 Asymptotic Rate: 0.428026 (Geom. Mean, last 4 iters)
======================================================

======================================================
  Refinement Level: 5
======================================================
 Mesh width (h):  3.1250e-02
 Total DOFs:      5167361
 Spectral Radii:  0.528658
 GMRES Avg Iters: 27.00
------------------------------------------------------
  MG RESIDUAL DECAY
------------------------------------------------------
 Iter    Rel. Residual           Reduction Factor
------------------------------------------------------
 0       1.947418e+00            -----
 1       7.390946e-01            0.3795
 2       1.446021e-01            0.1956
 3       4.305683e-02            0.2978
 4       1.567917e-02            0.3642
 5       6.026795e-03            0.3844
 6       2.386773e-03            0.3960
 7       9.647296e-04            0.4042
 8       3.958857e-04            0.4104
 9       1.643461e-04            0.4151
 10      6.884787e-05            0.4189
 11      2.905326e-05            0.4220
 12      1.233462e-05            0.4246
 13      5.263666e-06            0.4267
 14      2.256279e-06            0.4287
 15      9.710043e-07            0.4304
------------------------------------------------------
 Iterations:      16
 Final Rel. Res.: 9.710043e-07
 Asymptotic Rate: 0.428580 (Geom. Mean, last 4 iters)
======================================================

