Device configuration: omp,cpu
Memory configuration: host-std
Loaded config: /cluster/home/rdabetic/decmg/configs/dirac3d_3d_tetra_rowsum_v.json
=================================================
  Multigrid Convergence Test Configuration
=================================================
 Problem Type:    dirac3d
 Mesh File:       meshes/3d/tetra.msh
 Output File:     out/rowsum/v/dirac/3d/tetra.csv
 MG Cycle Type:   V-Cycle
 Mass Lumping:    rowsum
 B-Conditions:    essential
 Max Refinement:  5
 Eigenvalues:     1 (Tol: 0.01)
 GMRES Benchmark: 8 runs (Tol: 1e-06, K-Dim: 20)
=================================================

======================================================
  Refinement Level: 1
======================================================
 Mesh width (h):  3.5355e-01
 Total DOFs:      389
 Spectral Radii:  0.480982
 GMRES Avg Iters: 10.00
------------------------------------------------------
  MG RESIDUAL DECAY
------------------------------------------------------
 Iter    Rel. Residual           Reduction Factor
------------------------------------------------------
 0       9.990140e-02            -----
 1       2.194953e-02            0.2197
 2       7.735176e-03            0.3524
 3       3.147275e-03            0.4069
 4       1.311189e-03            0.4166
 5       5.547756e-04            0.4231
 6       2.371628e-04            0.4275
 7       1.018545e-04            0.4295
 8       4.381653e-05            0.4302
 9       1.885196e-05            0.4302
 10      8.107914e-06            0.4301
 11      3.485646e-06            0.4299
 12      1.498265e-06            0.4298
 13      6.441547e-07            0.4299
 14      2.771249e-07            0.4302
 15      1.193539e-07            0.4307
------------------------------------------------------
 Iterations:      16
 Final Rel. Res.: 1.193539e-07
 Asymptotic Rate: 0.430278 (Geom. Mean, last 4 iters)
======================================================

======================================================
  Refinement Level: 2
======================================================
 Mesh width (h):  1.7678e-01
 Total DOFs:      2633
 Spectral Radii:  0.491793
 GMRES Avg Iters: 10.12
------------------------------------------------------
  MG RESIDUAL DECAY
------------------------------------------------------
 Iter    Rel. Residual           Reduction Factor
------------------------------------------------------
 0       1.073693e-01            -----
 1       2.592845e-02            0.2415
 2       9.426849e-03            0.3636
 3       3.570336e-03            0.3787
 4       1.429019e-03            0.4002
 5       5.867012e-04            0.4106
 6       2.470206e-04            0.4210
 7       1.052233e-04            0.4260
 8       4.524422e-05            0.4300
 9       1.957152e-05            0.4326
 10      8.508049e-06            0.4347
 11      3.714252e-06            0.4366
 12      1.628104e-06            0.4383
 13      7.166380e-07            0.4402
 14      3.168368e-07            0.4421
 15      1.407449e-07            0.4442
------------------------------------------------------
 Iterations:      16
 Final Rel. Res.: 1.407449e-07
 Asymptotic Rate: 0.442164 (Geom. Mean, last 4 iters)
======================================================

======================================================
  Refinement Level: 3
======================================================
 Mesh width (h):  8.8388e-02
 Total DOFs:      19345
 Spectral Radii:  0.512315
 GMRES Avg Iters: 10.50
------------------------------------------------------
  MG RESIDUAL DECAY
------------------------------------------------------
 Iter    Rel. Residual           Reduction Factor
------------------------------------------------------
 0       2.457782e-01            -----
 1       8.099012e-02            0.3295
 2       1.844247e-02            0.2277
 3       6.447659e-03            0.3496
 4       2.516727e-03            0.3903
 5       1.048602e-03            0.4167
 6       4.444124e-04            0.4238
 7       1.910472e-04            0.4299
 8       8.304324e-05            0.4347
 9       3.646612e-05            0.4391
 10      1.616432e-05            0.4433
 11      7.229898e-06            0.4473
 12      3.262349e-06            0.4512
 13      1.484921e-06            0.4552
 14      6.816979e-07            0.4591
 15      3.155722e-07            0.4629
------------------------------------------------------
 Iterations:      16
 Final Rel. Res.: 3.155722e-07
 Asymptotic Rate: 0.459046 (Geom. Mean, last 4 iters)
======================================================

======================================================
  Refinement Level: 4
======================================================
 Mesh width (h):  4.4194e-02
 Total DOFs:      148257
 Spectral Radii:  0.534126
 GMRES Avg Iters: 11.00
------------------------------------------------------
  MG RESIDUAL DECAY
------------------------------------------------------
 Iter    Rel. Residual           Reduction Factor
------------------------------------------------------
 0       1.004994e+00            -----
 1       3.640338e-01            0.3622
 2       7.580789e-02            0.2082
 3       2.605687e-02            0.3437
 4       1.029453e-02            0.3951
 5       4.304202e-03            0.4181
 6       1.858010e-03            0.4317
 7       8.201075e-04            0.4414
 8       3.677451e-04            0.4484
 9       1.668487e-04            0.4537
 10      7.642610e-05            0.4581
 11      3.529312e-05            0.4618
 12      1.641580e-05            0.4651
 13      7.684928e-06            0.4681
 14      3.618673e-06            0.4709
 15      1.712907e-06            0.4734
------------------------------------------------------
 Iterations:      16
 Final Rel. Res.: 1.712907e-06
 Asymptotic Rate: 0.470786 (Geom. Mean, last 4 iters)
======================================================

======================================================
  Refinement Level: 5
======================================================
 Mesh width (h):  2.2097e-02
 Total DOFs:      1160769
 Spectral Radii:  0.541869
 GMRES Avg Iters: 11.00
------------------------------------------------------
  MG RESIDUAL DECAY
------------------------------------------------------
 Iter    Rel. Residual           Reduction Factor
------------------------------------------------------
 0       4.080896e+00            -----
 1       1.463043e+00            0.3585
 2       3.078571e-01            0.2104
 3       1.039747e-01            0.3377
 4       4.135427e-02            0.3977
 5       1.731140e-02            0.4186
 6       7.464552e-03            0.4312
 7       3.290777e-03            0.4409
 8       1.474740e-03            0.4481
 9       6.692579e-04            0.4538
 10      3.067487e-04            0.4583
 11      1.417455e-04            0.4621
 12      6.595329e-05            0.4653
 13      3.087295e-05            0.4681
 14      1.452927e-05            0.4706
 15      6.870781e-06            0.4729
------------------------------------------------------
 Iterations:      16
 Final Rel. Res.: 6.870781e-06
 Asymptotic Rate: 0.470533 (Geom. Mean, last 4 iters)
======================================================

