Device configuration: omp,cpu
Memory configuration: host-std
Loaded config: /cluster/home/rdabetic/decmg/configs/dirac2d_2d_circle_barycentric_v.json
=================================================
  Multigrid Convergence Test Configuration
=================================================
 Problem Type:    dirac2d
 Mesh File:       meshes/2d/circle.msh
 Output File:     out/barycentric/v/dirac/2d/circle.csv
 MG Cycle Type:   V-Cycle
 Mass Lumping:    barycentric
 B-Conditions:    essential
 Max Refinement:  6
 Eigenvalues:     1 (Tol: 0.01)
 GMRES Benchmark: 8 runs (Tol: 1e-06, K-Dim: 20)
=================================================


Gmsh reader: all element attributes were zero.
MFEM only supports positive element attributes.
Setting element attributes to 1.

======================================================
  Refinement Level: 1
======================================================
 Mesh width (h):  1.8955e-01
 Total DOFs:      1187
 Spectral Radii:  0.284343
 GMRES Avg Iters: 9.00
------------------------------------------------------
  MG RESIDUAL DECAY
------------------------------------------------------
 Iter    Rel. Residual           Reduction Factor
------------------------------------------------------
 0       1.201923e-01            -----
 1       2.025249e-02            0.1685
 2       4.081518e-03            0.2015
 3       9.827223e-04            0.2408
 4       2.452794e-04            0.2496
 5       6.292781e-05            0.2566
 6       1.687963e-05            0.2682
 7       4.618084e-06            0.2736
 8       1.261181e-06            0.2731
 9       3.450738e-07            0.2736
 10      9.585422e-08            0.2778
 11      2.714578e-08            0.2832
 12      7.777793e-09            0.2865
 13      2.231635e-09            0.2869
 14      6.368259e-10            0.2854
 15      1.800927e-10            0.2828
------------------------------------------------------
 Iterations:      16
 Final Rel. Res.: 1.800927e-10
 Asymptotic Rate: 0.285023 (Geom. Mean, last 4 iters)
======================================================

======================================================
  Refinement Level: 2
======================================================
 Mesh width (h):  9.4776e-02
 Total DOFs:      4653
 Spectral Radii:  0.343034
 GMRES Avg Iters: 9.00
------------------------------------------------------
  MG RESIDUAL DECAY
------------------------------------------------------
 Iter    Rel. Residual           Reduction Factor
------------------------------------------------------
 0       1.315707e-01            -----
 1       2.116506e-02            0.1609
 2       3.983427e-03            0.1882
 3       9.769913e-04            0.2453
 4       2.614022e-04            0.2676
 5       7.186340e-05            0.2749
 6       2.084193e-05            0.2900
 7       6.245931e-06            0.2997
 8       1.913050e-06            0.3063
 9       5.959547e-07            0.3115
 10      1.878493e-07            0.3152
 11      5.969381e-08            0.3178
 12      1.907411e-08            0.3195
 13      6.118742e-09            0.3208
 14      1.968592e-09            0.3217
 15      6.347851e-10            0.3225
------------------------------------------------------
 Iterations:      16
 Final Rel. Res.: 6.347851e-10
 Asymptotic Rate: 0.321658 (Geom. Mean, last 4 iters)
======================================================

======================================================
  Refinement Level: 3
======================================================
 Mesh width (h):  4.7388e-02
 Total DOFs:      18425
 Spectral Radii:  0.370087
 GMRES Avg Iters: 9.75
------------------------------------------------------
  MG RESIDUAL DECAY
------------------------------------------------------
 Iter    Rel. Residual           Reduction Factor
------------------------------------------------------
 0       1.270481e-01            -----
 1       2.023577e-02            0.1593
 2       3.870856e-03            0.1913
 3       9.369466e-04            0.2421
 4       2.526805e-04            0.2697
 5       7.211097e-05            0.2854
 6       2.181385e-05            0.3025
 7       6.942236e-06            0.3182
 8       2.288262e-06            0.3296
 9       7.705359e-07            0.3367
 10      2.630855e-07            0.3414
 11      9.073622e-08            0.3449
 12      3.154139e-08            0.3476
 13      1.103308e-08            0.3498
 14      3.878610e-09            0.3515
 15      1.368975e-09            0.3530
------------------------------------------------------
 Iterations:      16
 Final Rel. Res.: 1.368975e-09
 Asymptotic Rate: 0.351430 (Geom. Mean, last 4 iters)
======================================================

======================================================
  Refinement Level: 4
======================================================
 Mesh width (h):  2.3694e-02
 Total DOFs:      73329
 Spectral Radii:  0.406946
 GMRES Avg Iters: 10.00
------------------------------------------------------
  MG RESIDUAL DECAY
------------------------------------------------------
 Iter    Rel. Residual           Reduction Factor
------------------------------------------------------
 0       1.310019e-01            -----
 1       2.043113e-02            0.1560
 2       3.765565e-03            0.1843
 3       8.932620e-04            0.2372
 4       2.412953e-04            0.2701
 5       6.995909e-05            0.2899
 6       2.161914e-05            0.3090
 7       7.032250e-06            0.3253
 8       2.369982e-06            0.3370
 9       8.186995e-07            0.3454
 10      2.878825e-07            0.3516
 11      1.026085e-07            0.3564
 12      3.697649e-08            0.3604
 13      1.344909e-08            0.3637
 14      4.930953e-09            0.3666
 15      1.820592e-09            0.3692
------------------------------------------------------
 Iterations:      16
 Final Rel. Res.: 1.820592e-09
 Asymptotic Rate: 0.366518 (Geom. Mean, last 4 iters)
======================================================

======================================================
  Refinement Level: 5
======================================================
 Mesh width (h):  1.1847e-02
 Total DOFs:      292577
 Spectral Radii:  0.427508
 GMRES Avg Iters: 10.00
------------------------------------------------------
  MG RESIDUAL DECAY
------------------------------------------------------
 Iter    Rel. Residual           Reduction Factor
------------------------------------------------------
 0       1.302328e-01            -----
 1       2.042572e-02            0.1568
 2       3.762915e-03            0.1842
 3       9.055410e-04            0.2406
 4       2.496033e-04            0.2756
 5       7.362621e-05            0.2950
 6       2.325281e-05            0.3158
 7       7.745558e-06            0.3331
 8       2.680250e-06            0.3460
 9       9.543377e-07            0.3561
 10      3.474907e-07            0.3641
 11      1.289025e-07            0.3710
 12      4.859507e-08            0.3770
 13      1.858367e-08            0.3824
 14      7.197963e-09            0.3873
 15      2.819952e-09            0.3918
------------------------------------------------------
 Iterations:      16
 Final Rel. Res.: 2.819952e-09
 Asymptotic Rate: 0.387153 (Geom. Mean, last 4 iters)
======================================================

======================================================
  Refinement Level: 6
======================================================
 Mesh width (h):  5.9235e-03
 Total DOFs:      1168833
 Spectral Radii:  0.436788
 GMRES Avg Iters: 10.00
------------------------------------------------------
  MG RESIDUAL DECAY
------------------------------------------------------
 Iter    Rel. Residual           Reduction Factor
------------------------------------------------------
 0       1.303337e-01            -----
 1       2.042948e-02            0.1567
 2       3.778334e-03            0.1849
 3       9.122076e-04            0.2414
 4       2.519051e-04            0.2761
 5       7.457249e-05            0.2960
 6       2.369530e-05            0.3177
 7       7.946000e-06            0.3353
 8       2.767702e-06            0.3483
 9       9.913658e-07            0.3582
 10      3.625472e-07            0.3657
 11      1.347567e-07            0.3717
 12      5.076559e-08            0.3767
 13      1.934466e-08            0.3811
 14      7.445032e-09            0.3849
 15      2.890410e-09            0.3882
------------------------------------------------------
 Iterations:      16
 Final Rel. Res.: 2.890410e-09
 Asymptotic Rate: 0.384707 (Geom. Mean, last 4 iters)
======================================================

