Device configuration: omp,cpu
Memory configuration: host-std
Loaded config: /cluster/home/rdabetic/decmg/configs/dirac2d_2d_reentrant_scaledid_v.json
=================================================
  Multigrid Convergence Test Configuration
=================================================
 Problem Type:    dirac2d
 Mesh File:       meshes/2d/reentrant.msh
 Output File:     out/scaledid/v/dirac/2d/reentrant.csv
 MG Cycle Type:   V-Cycle
 Mass Lumping:    scaledid
 B-Conditions:    essential
 Max Refinement:  6
 Eigenvalues:     1 (Tol: 0.01)
 GMRES Benchmark: 8 runs (Tol: 1e-06, K-Dim: 20)
=================================================


Gmsh reader: all element attributes were zero.
MFEM only supports positive element attributes.
Setting element attributes to 1.

======================================================
  Refinement Level: 1
======================================================
 Mesh width (h):  1.4951e-01
 Total DOFs:      425
 Spectral Radii:  0.18921
 GMRES Avg Iters: 13.00
------------------------------------------------------
  MG RESIDUAL DECAY
------------------------------------------------------
 Iter    Rel. Residual           Reduction Factor
------------------------------------------------------
 0       1.125983e-01            -----
 1       1.527202e-02            0.1356
 2       2.563726e-03            0.1679
 3       3.924963e-04            0.1531
 4       6.254971e-05            0.1594
 5       9.665960e-06            0.1545
 6       1.493244e-06            0.1545
 7       2.413320e-07            0.1616
 8       4.078131e-08            0.1690
 9       7.089802e-09            0.1738
 10      1.209254e-09            0.1706
 11      2.009666e-10            0.1662
 12      3.357008e-11            0.1670
 13      5.723304e-12            0.1705
 14      9.913489e-13            0.1732
 15      1.718780e-13            0.1734
------------------------------------------------------
 Iterations:      16
 Final Rel. Res.: 1.718780e-13
 Asymptotic Rate: 0.172355 (Geom. Mean, last 4 iters)
======================================================

======================================================
  Refinement Level: 2
======================================================
 Mesh width (h):  7.4754e-02
 Total DOFs:      1617
 Spectral Radii:  0.259052
 GMRES Avg Iters: 14.00
------------------------------------------------------
  MG RESIDUAL DECAY
------------------------------------------------------
 Iter    Rel. Residual           Reduction Factor
------------------------------------------------------
 0       1.155209e-01            -----
 1       1.773569e-02            0.1535
 2       2.439504e-03            0.1375
 3       3.506437e-04            0.1437
 4       5.859347e-05            0.1671
 5       1.030903e-05            0.1759
 6       1.801668e-06            0.1748
 7       3.254713e-07            0.1806
 8       6.040135e-08            0.1856
 9       1.188437e-08            0.1968
 10      2.539396e-09            0.2137
 11      5.780323e-10            0.2276
 12      1.362345e-10            0.2357
 13      3.267266e-11            0.2398
 14      7.907875e-12            0.2420
 15      1.925227e-12            0.2435
------------------------------------------------------
 Iterations:      16
 Final Rel. Res.: 1.925227e-12
 Asymptotic Rate: 0.241768 (Geom. Mean, last 4 iters)
======================================================

======================================================
  Refinement Level: 3
======================================================
 Mesh width (h):  3.7377e-02
 Total DOFs:      6305
 Spectral Radii:  0.282398
 GMRES Avg Iters: 14.00
------------------------------------------------------
  MG RESIDUAL DECAY
------------------------------------------------------
 Iter    Rel. Residual           Reduction Factor
------------------------------------------------------
 0       1.034044e-01            -----
 1       1.508429e-02            0.1459
 2       2.050216e-03            0.1359
 3       3.091168e-04            0.1508
 4       5.387205e-05            0.1743
 5       1.011139e-05            0.1877
 6       1.987306e-06            0.1965
 7       4.202529e-07            0.2115
 8       9.486465e-08            0.2257
 9       2.286818e-08            0.2411
 10      5.824468e-09            0.2547
 11      1.541294e-09            0.2646
 12      4.178532e-10            0.2711
 13      1.147713e-10            0.2747
 14      3.172638e-11            0.2764
 15      8.796817e-12            0.2773
------------------------------------------------------
 Iterations:      16
 Final Rel. Res.: 8.796817e-12
 Asymptotic Rate: 0.276122 (Geom. Mean, last 4 iters)
======================================================

======================================================
  Refinement Level: 4
======================================================
 Mesh width (h):  1.8689e-02
 Total DOFs:      24897
 Spectral Radii:  0.2901
 GMRES Avg Iters: 15.00
------------------------------------------------------
  MG RESIDUAL DECAY
------------------------------------------------------
 Iter    Rel. Residual           Reduction Factor
------------------------------------------------------
 0       9.984854e-02            -----
 1       1.395810e-02            0.1398
 2       1.894811e-03            0.1357
 3       2.851301e-04            0.1505
 4       4.730884e-05            0.1659
 5       8.884609e-06            0.1878
 6       1.835705e-06            0.2066
 7       4.158499e-07            0.2265
 8       1.018250e-07            0.2449
 9       2.636926e-08            0.2590
 10      7.059074e-09            0.2677
 11      1.925698e-09            0.2728
 12      5.308376e-10            0.2757
 13      1.472577e-10            0.2774
 14      4.102671e-11            0.2786
 15      1.146657e-11            0.2795
------------------------------------------------------
 Iterations:      16
 Final Rel. Res.: 1.146657e-11
 Asymptotic Rate: 0.278499 (Geom. Mean, last 4 iters)
======================================================

======================================================
  Refinement Level: 5
======================================================
 Mesh width (h):  9.3443e-03
 Total DOFs:      98945
 Spectral Radii:  0.293695
 GMRES Avg Iters: 15.00
------------------------------------------------------
  MG RESIDUAL DECAY
------------------------------------------------------
 Iter    Rel. Residual           Reduction Factor
------------------------------------------------------
 0       9.574809e-02            -----
 1       1.308040e-02            0.1366
 2       1.775158e-03            0.1357
 3       2.593377e-04            0.1461
 4       4.367247e-05            0.1684
 5       8.390967e-06            0.1921
 6       1.817424e-06            0.2166
 7       4.341419e-07            0.2389
 8       1.107433e-07            0.2551
 9       2.940952e-08            0.2656
 10      7.995387e-09            0.2719
 11      2.203926e-09            0.2756
 12      6.127036e-10            0.2780
 13      1.712776e-10            0.2795
 14      4.806575e-11            0.2806
 15      1.352896e-11            0.2815
------------------------------------------------------
 Iterations:      16
 Final Rel. Res.: 1.352896e-11
 Asymptotic Rate: 0.280546 (Geom. Mean, last 4 iters)
======================================================

======================================================
  Refinement Level: 6
======================================================
 Mesh width (h):  4.6722e-03
 Total DOFs:      394497
 Spectral Radii:  0.296402
 GMRES Avg Iters: 15.00
------------------------------------------------------
  MG RESIDUAL DECAY
------------------------------------------------------
 Iter    Rel. Residual           Reduction Factor
------------------------------------------------------
 0       9.483457e-02            -----
 1       1.263687e-02            0.1333
 2       1.694333e-03            0.1341
 3       2.483788e-04            0.1466
 4       4.113227e-05            0.1656
 5       7.869918e-06            0.1913
 6       1.723460e-06            0.2190
 7       4.160803e-07            0.2414
 8       1.069747e-07            0.2571
 9       2.853342e-08            0.2667
 10      7.770987e-09            0.2723
 11      2.142902e-09            0.2758
 12      5.956366e-10            0.2780
 13      1.664697e-10            0.2795
 14      4.671409e-11            0.2806
 15      1.315067e-11            0.2815
------------------------------------------------------
 Iterations:      16
 Final Rel. Res.: 1.315067e-11
 Asymptotic Rate: 0.280536 (Geom. Mean, last 4 iters)
======================================================

