Device configuration: omp,cpu
Memory configuration: host-std
Loaded config: /cluster/home/rdabetic/decmg/configs/dirac2d_2d_tria_rowsum_w.json
=================================================
  Multigrid Convergence Test Configuration
=================================================
 Problem Type:    dirac2d
 Mesh File:       meshes/2d/tria.msh
 Output File:     out/rowsum/w/dirac/2d/tria.csv
 MG Cycle Type:   W-Cycle
 Mass Lumping:    rowsum
 B-Conditions:    essential
 Max Refinement:  6
 Eigenvalues:     1 (Tol: 0.01)
 GMRES Benchmark: 8 runs (Tol: 1e-06, K-Dim: 20)
=================================================


Gmsh reader: all element attributes were zero.
MFEM only supports positive element attributes.
Setting element attributes to 1.

======================================================
  Refinement Level: 1
======================================================
 Mesh width (h):  1.2500e-01
 Total DOFs:      217
 Spectral Radii:  0.219144
 GMRES Avg Iters: 7.50
------------------------------------------------------
  MG RESIDUAL DECAY
------------------------------------------------------
 Iter    Rel. Residual           Reduction Factor
------------------------------------------------------
 0       1.574448e-01            -----
 1       2.305230e-02            0.1464
 2       3.421836e-03            0.1484
 3       5.843672e-04            0.1708
 4       1.074560e-04            0.1839
 5       1.980258e-05            0.1843
 6       3.233975e-06            0.1633
 7       4.476427e-07            0.1384
 8       7.816278e-08            0.1746
 9       1.771230e-08            0.2266
 10      3.114559e-09            0.1758
 11      4.112237e-10            0.1320
 12      5.748259e-11            0.1398
 13      1.244075e-11            0.2164
 14      2.491951e-12            0.2003
 15      3.955053e-13            0.1587
------------------------------------------------------
 Iterations:      16
 Final Rel. Res.: 3.955053e-13
 Asymptotic Rate: 0.190198 (Geom. Mean, last 4 iters)
======================================================

======================================================
  Refinement Level: 2
======================================================
 Mesh width (h):  6.2500e-02
 Total DOFs:      817
 Spectral Radii:  0.254989
 GMRES Avg Iters: 8.00
------------------------------------------------------
  MG RESIDUAL DECAY
------------------------------------------------------
 Iter    Rel. Residual           Reduction Factor
------------------------------------------------------
 0       1.016876e-01            -----
 1       1.357992e-02            0.1335
 2       1.893554e-03            0.1394
 3       2.554401e-04            0.1349
 4       4.015627e-05            0.1572
 5       7.176236e-06            0.1787
 6       1.121581e-06            0.1563
 7       1.858276e-07            0.1657
 8       3.504542e-08            0.1886
 9       7.152191e-09            0.2041
 10      1.640602e-09            0.2294
 11      3.959319e-10            0.2413
 12      9.721818e-11            0.2455
 13      2.406678e-11            0.2476
 14      5.987577e-12            0.2488
 15      1.495607e-12            0.2498
------------------------------------------------------
 Iterations:      16
 Final Rel. Res.: 1.495607e-12
 Asymptotic Rate: 0.248708 (Geom. Mean, last 4 iters)
======================================================

======================================================
  Refinement Level: 3
======================================================
 Mesh width (h):  3.1250e-02
 Total DOFs:      3169
 Spectral Radii:  0.259124
 GMRES Avg Iters: 8.00
------------------------------------------------------
  MG RESIDUAL DECAY
------------------------------------------------------
 Iter    Rel. Residual           Reduction Factor
------------------------------------------------------
 0       1.129938e-01            -----
 1       1.547836e-02            0.1370
 2       2.080123e-03            0.1344
 3       3.002352e-04            0.1443
 4       4.573368e-05            0.1523
 5       7.323419e-06            0.1601
 6       1.209016e-06            0.1651
 7       2.151273e-07            0.1779
 8       4.162175e-08            0.1935
 9       8.632955e-09            0.2074
 10      1.923607e-09            0.2228
 11      4.492872e-10            0.2336
 12      1.073437e-10            0.2389
 13      2.600052e-11            0.2422
 14      6.359748e-12            0.2446
 15      1.566192e-12            0.2463
------------------------------------------------------
 Iterations:      16
 Final Rel. Res.: 1.566192e-12
 Asymptotic Rate: 0.244356 (Geom. Mean, last 4 iters)
======================================================

======================================================
  Refinement Level: 4
======================================================
 Mesh width (h):  1.5625e-02
 Total DOFs:      12481
 Spectral Radii:  0.260404
 GMRES Avg Iters: 8.00
------------------------------------------------------
  MG RESIDUAL DECAY
------------------------------------------------------
 Iter    Rel. Residual           Reduction Factor
------------------------------------------------------
 0       1.030288e-01            -----
 1       1.358103e-02            0.1318
 2       1.772275e-03            0.1305
 3       2.584504e-04            0.1458
 4       4.047230e-05            0.1566
 5       6.362361e-06            0.1572
 6       1.057988e-06            0.1663
 7       1.900770e-07            0.1797
 8       3.648591e-08            0.1920
 9       7.529287e-09            0.2064
 10      1.671109e-09            0.2219
 11      3.905978e-10            0.2337
 12      9.373183e-11            0.2400
 13      2.286024e-11            0.2439
 14      5.638411e-12            0.2466
 15      1.400425e-12            0.2484
------------------------------------------------------
 Iterations:      16
 Final Rel. Res.: 1.400425e-12
 Asymptotic Rate: 0.246296 (Geom. Mean, last 4 iters)
======================================================

======================================================
  Refinement Level: 5
======================================================
 Mesh width (h):  7.8125e-03
 Total DOFs:      49537
 Spectral Radii:  0.260719
 GMRES Avg Iters: 8.00
------------------------------------------------------
  MG RESIDUAL DECAY
------------------------------------------------------
 Iter    Rel. Residual           Reduction Factor
------------------------------------------------------
 0       1.034624e-01            -----
 1       1.350578e-02            0.1305
 2       1.789150e-03            0.1325
 3       2.594885e-04            0.1450
 4       4.026187e-05            0.1552
 5       6.376861e-06            0.1584
 6       1.052668e-06            0.1651
 7       1.896933e-07            0.1802
 8       3.721808e-08            0.1962
 9       7.881415e-09            0.2118
 10      1.777388e-09            0.2255
 11      4.179861e-10            0.2352
 12      1.008316e-10            0.2412
 13      2.467954e-11            0.2448
 14      6.094291e-12            0.2469
 15      1.513542e-12            0.2484
------------------------------------------------------
 Iterations:      16
 Final Rel. Res.: 1.513542e-12
 Asymptotic Rate: 0.246679 (Geom. Mean, last 4 iters)
======================================================

======================================================
  Refinement Level: 6
======================================================
 Mesh width (h):  3.9063e-03
 Total DOFs:      197377
 Spectral Radii:  0.260686
 GMRES Avg Iters: 8.00
------------------------------------------------------
  MG RESIDUAL DECAY
------------------------------------------------------
 Iter    Rel. Residual           Reduction Factor
------------------------------------------------------
 0       1.026923e-01            -----
 1       1.355365e-02            0.1320
 2       1.768680e-03            0.1305
 3       2.555833e-04            0.1445
 4       3.957983e-05            0.1549
 5       6.228307e-06            0.1574
 6       1.029708e-06            0.1653
 7       1.856761e-07            0.1803
 8       3.637524e-08            0.1959
 9       7.711348e-09            0.2120
 10      1.738007e-09            0.2254
 11      4.071855e-10            0.2343
 12      9.770523e-11            0.2400
 13      2.378456e-11            0.2434
 14      5.841731e-12            0.2456
 15      1.443409e-12            0.2471
------------------------------------------------------
 Iterations:      16
 Final Rel. Res.: 1.443409e-12
 Asymptotic Rate: 0.245371 (Geom. Mean, last 4 iters)
======================================================

