Device configuration: omp,cpu
Memory configuration: host-std
Loaded config: /cluster/home/rdabetic/decmg/configs/dirac3d_3d_cube_rowsum_w.json
=================================================
  Multigrid Convergence Test Configuration
=================================================
 Problem Type:    dirac3d
 Mesh File:       meshes/3d/cube.msh
 Output File:     out/rowsum/w/dirac/3d/cube.csv
 MG Cycle Type:   W-Cycle
 Mass Lumping:    rowsum
 B-Conditions:    essential
 Max Refinement:  5
 Eigenvalues:     1 (Tol: 0.01)
 GMRES Benchmark: 8 runs (Tol: 1e-06, K-Dim: 20)
=================================================

======================================================
  Refinement Level: 1
======================================================
 Mesh width (h):  5.0000e-01
 Total DOFs:      989
 Spectral Radii:  0.454185
 GMRES Avg Iters: 10.00
------------------------------------------------------
  MG RESIDUAL DECAY
------------------------------------------------------
 Iter    Rel. Residual           Reduction Factor
------------------------------------------------------
 0       8.577705e-02            -----
 1       1.990894e-02            0.2321
 2       7.092093e-03            0.3562
 3       2.813834e-03            0.3968
 4       1.151972e-03            0.4094
 5       4.768815e-04            0.4140
 6       1.983081e-04            0.4158
 7       8.266883e-05            0.4169
 8       3.452498e-05            0.4176
 9       1.444153e-05            0.4183
 10      6.049649e-06            0.4189
 11      2.537750e-06            0.4195
 12      1.065956e-06            0.4200
 13      4.483057e-07            0.4206
 14      1.887691e-07            0.4211
 15      7.957728e-08            0.4216
------------------------------------------------------
 Iterations:      16
 Final Rel. Res.: 7.957728e-08
 Asymptotic Rate: 0.421066 (Geom. Mean, last 4 iters)
======================================================

======================================================
  Refinement Level: 2
======================================================
 Mesh width (h):  2.5000e-01
 Total DOFs:      7257
 Spectral Radii:  0.502757
 GMRES Avg Iters: 10.00
------------------------------------------------------
  MG RESIDUAL DECAY
------------------------------------------------------
 Iter    Rel. Residual           Reduction Factor
------------------------------------------------------
 0       8.999856e-02            -----
 1       1.961155e-02            0.2179
 2       6.520216e-03            0.3325
 3       2.551988e-03            0.3914
 4       1.042660e-03            0.4086
 5       4.385333e-04            0.4206
 6       1.878655e-04            0.4284
 7       8.161860e-05            0.4345
 8       3.584360e-05            0.4392
 9       1.587671e-05            0.4429
 10      7.083369e-06            0.4461
 11      3.180402e-06            0.4490
 12      1.436444e-06            0.4517
 13      6.524954e-07            0.4542
 14      2.980888e-07            0.4568
 15      1.369746e-07            0.4595
------------------------------------------------------
 Iterations:      16
 Final Rel. Res.: 1.369746e-07
 Asymptotic Rate: 0.456861 (Geom. Mean, last 4 iters)
======================================================

======================================================
  Refinement Level: 3
======================================================
 Mesh width (h):  1.2500e-01
 Total DOFs:      55601
 Spectral Radii:  0.529324
 GMRES Avg Iters: 10.00
------------------------------------------------------
  MG RESIDUAL DECAY
------------------------------------------------------
 Iter    Rel. Residual           Reduction Factor
------------------------------------------------------
 0       1.521344e-01            -----
 1       4.724050e-02            0.3105
 2       1.036931e-02            0.2195
 3       3.619221e-03            0.3490
 4       1.450632e-03            0.4008
 5       6.062354e-04            0.4179
 6       2.592677e-04            0.4277
 7       1.127445e-04            0.4349
 8       4.964155e-05            0.4403
 9       2.207404e-05            0.4447
 10      9.895680e-06            0.4483
 11      4.467301e-06            0.4514
 12      2.029254e-06            0.4542
 13      9.269564e-07            0.4568
 14      4.256002e-07            0.4591
 15      1.963288e-07            0.4613
------------------------------------------------------
 Iterations:      16
 Final Rel. Res.: 1.963288e-07
 Asymptotic Rate: 0.459074 (Geom. Mean, last 4 iters)
======================================================

======================================================
  Refinement Level: 4
======================================================
 Mesh width (h):  6.2500e-02
 Total DOFs:      435297
 Spectral Radii:  0.540938
 GMRES Avg Iters: 11.00
------------------------------------------------------
  MG RESIDUAL DECAY
------------------------------------------------------
 Iter    Rel. Residual           Reduction Factor
------------------------------------------------------
 0       5.098463e-01            -----
 1       1.856340e-01            0.3641
 2       3.601863e-02            0.1940
 3       1.178151e-02            0.3271
 4       4.481125e-03            0.3804
 5       1.805348e-03            0.4029
 6       7.506275e-04            0.4158
 7       3.199677e-04            0.4263
 8       1.389207e-04            0.4342
 9       6.116947e-05            0.4403
 10      2.723523e-05            0.4452
 11      1.223945e-05            0.4494
 12      5.545177e-06            0.4531
 13      2.530700e-06            0.4564
 14      1.162709e-06            0.4594
 15      5.375089e-07            0.4623
------------------------------------------------------
 Iterations:      16
 Final Rel. Res.: 5.375089e-07
 Asymptotic Rate: 0.459364 (Geom. Mean, last 4 iters)
======================================================

======================================================
  Refinement Level: 5
======================================================
 Mesh width (h):  3.1250e-02
 Total DOFs:      3444929
 Spectral Radii:  0.544974
 GMRES Avg Iters: 11.00
------------------------------------------------------
  MG RESIDUAL DECAY
------------------------------------------------------
 Iter    Rel. Residual           Reduction Factor
------------------------------------------------------
 0       2.036262e+00            -----
 1       7.459188e-01            0.3663
 2       1.426580e-01            0.1913
 3       4.695044e-02            0.3291
 4       1.805715e-02            0.3846
 5       7.365448e-03            0.4079
 6       3.103865e-03            0.4214
 7       1.341871e-03            0.4323
 8       5.912643e-04            0.4406
 9       2.643875e-04            0.4472
 10      1.196084e-04            0.4524
 11      5.463262e-05            0.4568
 12      2.515872e-05            0.4605
 13      1.166837e-05            0.4638
 14      5.445675e-06            0.4667
 15      2.555698e-06            0.4693
------------------------------------------------------
 Iterations:      16
 Final Rel. Res.: 2.555698e-06
 Asymptotic Rate: 0.466595 (Geom. Mean, last 4 iters)
======================================================

