Device configuration: omp,cpu
Memory configuration: host-std
Loaded config: /cluster/home/rdabetic/decmg/configs/dirac2d_2d_square_hole_scaledid_w.json
=================================================
  Multigrid Convergence Test Configuration
=================================================
 Problem Type:    dirac2d
 Mesh File:       meshes/2d/square_hole.msh
 Output File:     out/scaledid/w/dirac/2d/square_hole.csv
 MG Cycle Type:   W-Cycle
 Mass Lumping:    scaledid
 B-Conditions:    essential
 Max Refinement:  6
 Eigenvalues:     2 (Tol: 0.01)
 GMRES Benchmark: 8 runs (Tol: 1e-06, K-Dim: 20)
=================================================


Gmsh reader: all element attributes were zero.
MFEM only supports positive element attributes.
Setting element attributes to 1.

======================================================
  Refinement Level: 1
======================================================
 Mesh width (h):  8.8388e-02
 Total DOFs:      1040
 Spectral Radii:  1 0.206951
 GMRES Avg Iters: 10.00
------------------------------------------------------
  MG RESIDUAL DECAY
------------------------------------------------------
 Iter    Rel. Residual           Reduction Factor
------------------------------------------------------
 0       1.350159e-01            -----
 1       2.066016e-02            0.1530
 2       3.949280e-03            0.1912
 3       7.432840e-04            0.1882
 4       1.408743e-04            0.1895
 5       2.606625e-05            0.1850
 6       4.718395e-06            0.1810
 7       7.997827e-07            0.1695
 8       1.272054e-07            0.1590
 9       1.964686e-08            0.1544
 10      3.119322e-09            0.1588
 11      5.434086e-10            0.1742
 12      1.048311e-10            0.1929
 13      2.092196e-11            0.1996
 14      4.056685e-12            0.1939
 15      7.472637e-13            0.1842
------------------------------------------------------
 Iterations:      16
 Final Rel. Res.: 7.472637e-13
 Asymptotic Rate: 0.192454 (Geom. Mean, last 4 iters)
======================================================

======================================================
  Refinement Level: 2
======================================================
 Mesh width (h):  4.4194e-02
 Total DOFs:      4000
 Spectral Radii:  1 0.253569
 GMRES Avg Iters: 11.00
------------------------------------------------------
  MG RESIDUAL DECAY
------------------------------------------------------
 Iter    Rel. Residual           Reduction Factor
------------------------------------------------------
 0       1.123793e-01            -----
 1       1.628165e-02            0.1449
 2       1.967164e-03            0.1208
 3       2.541149e-04            0.1292
 4       3.623275e-05            0.1426
 5       5.592997e-06            0.1544
 6       9.737724e-07            0.1741
 7       1.887364e-07            0.1938
 8       3.980688e-08            0.2109
 9       8.955933e-09            0.2250
 10      2.087741e-09            0.2331
 11      4.945718e-10            0.2369
 12      1.180779e-10            0.2387
 13      2.834561e-11            0.2401
 14      6.834238e-12            0.2411
 15      1.653631e-12            0.2420
------------------------------------------------------
 Iterations:      16
 Final Rel. Res.: 1.653631e-12
 Asymptotic Rate: 0.241041 (Geom. Mean, last 4 iters)
======================================================

======================================================
  Refinement Level: 3
======================================================
 Mesh width (h):  2.2097e-02
 Total DOFs:      15680
 Spectral Radii:  1 0.257514
 GMRES Avg Iters: 11.00
------------------------------------------------------
  MG RESIDUAL DECAY
------------------------------------------------------
 Iter    Rel. Residual           Reduction Factor
------------------------------------------------------
 0       1.035237e-01            -----
 1       1.487571e-02            0.1437
 2       1.859405e-03            0.1250
 3       2.513441e-04            0.1352
 4       3.592907e-05            0.1429
 5       5.296325e-06            0.1474
 6       8.712671e-07            0.1645
 7       1.607742e-07            0.1845
 8       3.345075e-08            0.2081
 9       7.571701e-09            0.2264
 10      1.795074e-09            0.2371
 11      4.364693e-10            0.2431
 12      1.073982e-10            0.2461
 13      2.658975e-11            0.2476
 14      6.607374e-12            0.2485
 15      1.645997e-12            0.2491
------------------------------------------------------
 Iterations:      16
 Final Rel. Res.: 1.645997e-12
 Asymptotic Rate: 0.248396 (Geom. Mean, last 4 iters)
======================================================

======================================================
  Refinement Level: 4
======================================================
 Mesh width (h):  1.1049e-02
 Total DOFs:      62080
 Spectral Radii:  1 0.258975
 GMRES Avg Iters: 11.00
------------------------------------------------------
  MG RESIDUAL DECAY
------------------------------------------------------
 Iter    Rel. Residual           Reduction Factor
------------------------------------------------------
 0       9.951265e-02            -----
 1       1.357896e-02            0.1365
 2       1.706157e-03            0.1256
 3       2.357075e-04            0.1382
 4       3.420058e-05            0.1451
 5       5.232852e-06            0.1530
 6       8.743577e-07            0.1671
 7       1.630014e-07            0.1864
 8       3.348803e-08            0.2054
 9       7.451012e-09            0.2225
 10      1.741618e-09            0.2337
 11      4.180770e-10            0.2401
 12      1.018502e-10            0.2436
 13      2.502797e-11            0.2457
 14      6.184559e-12            0.2471
 15      1.534357e-12            0.2481
------------------------------------------------------
 Iterations:      16
 Final Rel. Res.: 1.534357e-12
 Asymptotic Rate: 0.246976 (Geom. Mean, last 4 iters)
======================================================

======================================================
  Refinement Level: 5
======================================================
 Mesh width (h):  5.5243e-03
 Total DOFs:      247040
 Spectral Radii:  1 0.259972
 GMRES Avg Iters: 11.00
------------------------------------------------------
  MG RESIDUAL DECAY
------------------------------------------------------
 Iter    Rel. Residual           Reduction Factor
------------------------------------------------------
 0       9.638311e-02            -----
 1       1.280685e-02            0.1329
 2       1.609812e-03            0.1257
 3       2.193216e-04            0.1362
 4       3.156425e-05            0.1439
 5       4.900417e-06            0.1553
 6       8.342848e-07            0.1702
 7       1.585167e-07            0.1900
 8       3.326433e-08            0.2098
 9       7.478446e-09            0.2248
 10      1.753994e-09            0.2345
 11      4.213693e-10            0.2402
 12      1.025988e-10            0.2435
 13      2.518783e-11            0.2455
 14      6.218490e-12            0.2469
 15      1.541646e-12            0.2479
------------------------------------------------------
 Iterations:      16
 Final Rel. Res.: 1.541646e-12
 Asymptotic Rate: 0.246763 (Geom. Mean, last 4 iters)
======================================================

======================================================
  Refinement Level: 6
======================================================
 Mesh width (h):  2.7621e-03
 Total DOFs:      985600
 Spectral Radii:  1 0.260623
 GMRES Avg Iters: 11.00
------------------------------------------------------
  MG RESIDUAL DECAY
------------------------------------------------------
 Iter    Rel. Residual           Reduction Factor
------------------------------------------------------
 0       9.507982e-02            -----
 1       1.237614e-02            0.1302
 2       1.554813e-03            0.1256
 3       2.117753e-04            0.1362
 4       3.058306e-05            0.1444
 5       4.741701e-06            0.1550
 6       8.082662e-07            0.1705
 7       1.545268e-07            0.1912
 8       3.260844e-08            0.2110
 9       7.368515e-09            0.2260
 10      1.733277e-09            0.2352
 11      4.168993e-10            0.2405
 12      1.015636e-10            0.2436
 13      2.494016e-11            0.2456
 14      6.158061e-12            0.2469
 15      1.526717e-12            0.2479
------------------------------------------------------
 Iterations:      16
 Final Rel. Res.: 1.526717e-12
 Asymptotic Rate: 0.246797 (Geom. Mean, last 4 iters)
======================================================

