Device configuration: omp,cpu
Memory configuration: host-std
Loaded config: /cluster/home/rdabetic/decmg/configs/dirac2d_2d_L_barycentric_v.json
=================================================
  Multigrid Convergence Test Configuration
=================================================
 Problem Type:    dirac2d
 Mesh File:       meshes/2d/L.msh
 Output File:     out/barycentric/v/dirac/2d/L.csv
 MG Cycle Type:   V-Cycle
 Mass Lumping:    barycentric
 B-Conditions:    essential
 Max Refinement:  6
 Eigenvalues:     1 (Tol: 0.01)
 GMRES Benchmark: 8 runs (Tol: 1e-06, K-Dim: 20)
=================================================


Gmsh reader: all element attributes were zero.
MFEM only supports positive element attributes.
Setting element attributes to 1.

======================================================
  Refinement Level: 1
======================================================
 Mesh width (h):  1.8352e-01
 Total DOFs:      293
 Spectral Radii:  0.250073
 GMRES Avg Iters: 8.00
------------------------------------------------------
  MG RESIDUAL DECAY
------------------------------------------------------
 Iter    Rel. Residual           Reduction Factor
------------------------------------------------------
 0       1.359640e-01            -----
 1       1.886464e-02            0.1387
 2       4.169740e-03            0.2210
 3       8.606653e-04            0.2064
 4       2.121142e-04            0.2465
 5       6.052822e-05            0.2854
 6       1.727597e-05            0.2854
 7       4.692370e-06            0.2716
 8       1.180571e-06            0.2516
 9       2.764361e-07            0.2342
 10      6.163641e-08            0.2230
 11      1.368947e-08            0.2221
 12      3.219647e-09            0.2352
 13      8.198141e-10            0.2546
 14      2.158404e-10            0.2633
 15      5.550686e-11            0.2572
------------------------------------------------------
 Iterations:      16
 Final Rel. Res.: 5.550686e-11
 Asymptotic Rate: 0.258333 (Geom. Mean, last 4 iters)
======================================================

======================================================
  Refinement Level: 2
======================================================
 Mesh width (h):  9.1759e-02
 Total DOFs:      1113
 Spectral Radii:  0.329362
 GMRES Avg Iters: 9.00
------------------------------------------------------
  MG RESIDUAL DECAY
------------------------------------------------------
 Iter    Rel. Residual           Reduction Factor
------------------------------------------------------
 0       1.249038e-01            -----
 1       2.073659e-02            0.1660
 2       4.676113e-03            0.2255
 3       1.254824e-03            0.2683
 4       3.724633e-04            0.2968
 5       1.236494e-04            0.3320
 6       4.111972e-05            0.3326
 7       1.327959e-05            0.3229
 8       4.195901e-06            0.3160
 9       1.316752e-06            0.3138
 10      4.143040e-07            0.3146
 11      1.312506e-07            0.3168
 12      4.190030e-08            0.3192
 13      1.346726e-08            0.3214
 14      4.352457e-09            0.3232
 15      1.412734e-09            0.3246
------------------------------------------------------
 Iterations:      16
 Final Rel. Res.: 1.412734e-09
 Asymptotic Rate: 0.323058 (Geom. Mean, last 4 iters)
======================================================

======================================================
  Refinement Level: 3
======================================================
 Mesh width (h):  4.5880e-02
 Total DOFs:      4337
 Spectral Radii:  0.406726
 GMRES Avg Iters: 10.25
------------------------------------------------------
  MG RESIDUAL DECAY
------------------------------------------------------
 Iter    Rel. Residual           Reduction Factor
------------------------------------------------------
 0       1.343529e-01            -----
 1       2.268617e-02            0.1689
 2       4.730619e-03            0.2085
 3       1.242484e-03            0.2626
 4       3.861664e-04            0.3108
 5       1.301282e-04            0.3370
 6       4.655096e-05            0.3577
 7       1.737201e-05            0.3732
 8       6.643116e-06            0.3824
 9       2.584410e-06            0.3890
 10      1.018423e-06            0.3941
 11      4.048571e-07            0.3975
 12      1.618506e-07            0.3998
 13      6.493808e-08            0.4012
 14      2.611848e-08            0.4022
 15      1.052339e-08            0.4029
------------------------------------------------------
 Iterations:      16
 Final Rel. Res.: 1.052339e-08
 Asymptotic Rate: 0.402112 (Geom. Mean, last 4 iters)
======================================================

======================================================
  Refinement Level: 4
======================================================
 Mesh width (h):  2.2940e-02
 Total DOFs:      17121
 Spectral Radii:  0.437159
 GMRES Avg Iters: 11.00
------------------------------------------------------
  MG RESIDUAL DECAY
------------------------------------------------------
 Iter    Rel. Residual           Reduction Factor
------------------------------------------------------
 0       1.304941e-01            -----
 1       2.133515e-02            0.1635
 2       4.189080e-03            0.1963
 3       1.066278e-03            0.2545
 4       3.210950e-04            0.3011
 5       1.074180e-04            0.3345
 6       3.866640e-05            0.3600
 7       1.462718e-05            0.3783
 8       5.723729e-06            0.3913
 9       2.290127e-06            0.4001
 10      9.303050e-07            0.4062
 11      3.820615e-07            0.4107
 12      1.582068e-07            0.4141
 13      6.593695e-08            0.4168
 14      2.762460e-08            0.4190
 15      1.162300e-08            0.4207
------------------------------------------------------
 Iterations:      16
 Final Rel. Res.: 1.162300e-08
 Asymptotic Rate: 0.418823 (Geom. Mean, last 4 iters)
======================================================

======================================================
  Refinement Level: 5
======================================================
 Mesh width (h):  1.1470e-02
 Total DOFs:      68033
 Spectral Radii:  0.45349
 GMRES Avg Iters: 11.00
------------------------------------------------------
  MG RESIDUAL DECAY
------------------------------------------------------
 Iter    Rel. Residual           Reduction Factor
------------------------------------------------------
 0       1.320269e-01            -----
 1       2.131789e-02            0.1615
 2       4.247074e-03            0.1992
 3       1.137955e-03            0.2679
 4       3.586278e-04            0.3152
 5       1.235075e-04            0.3444
 6       4.569988e-05            0.3700
 7       1.773193e-05            0.3880
 8       7.098670e-06            0.4003
 9       2.903969e-06            0.4091
 10      1.206330e-06            0.4154
 11      5.068274e-07            0.4201
 12      2.148162e-07            0.4238
 13      9.169729e-08            0.4269
 14      3.937437e-08            0.4294
 15      1.699235e-08            0.4316
------------------------------------------------------
 Iterations:      16
 Final Rel. Res.: 1.699235e-08
 Asymptotic Rate: 0.429268 (Geom. Mean, last 4 iters)
======================================================

======================================================
  Refinement Level: 6
======================================================
 Mesh width (h):  5.7350e-03
 Total DOFs:      271233
 Spectral Radii:  0.460771
 GMRES Avg Iters: 11.00
------------------------------------------------------
  MG RESIDUAL DECAY
------------------------------------------------------
 Iter    Rel. Residual           Reduction Factor
------------------------------------------------------
 0       1.315839e-01            -----
 1       2.106339e-02            0.1601
 2       4.152601e-03            0.1971
 3       1.097752e-03            0.2644
 4       3.437841e-04            0.3132
 5       1.171142e-04            0.3407
 6       4.274701e-05            0.3650
 7       1.641632e-05            0.3840
 8       6.532848e-06            0.3979
 9       2.666901e-06            0.4082
 10      1.109134e-06            0.4159
 11      4.677997e-07            0.4218
 12      1.994716e-07            0.4264
 13      8.579447e-08            0.4301
 14      3.715824e-08            0.4331
 15      1.618484e-08            0.4356
------------------------------------------------------
 Iterations:      16
 Final Rel. Res.: 1.618484e-08
 Asymptotic Rate: 0.432921 (Geom. Mean, last 4 iters)
======================================================

