Device configuration: omp,cpu
Memory configuration: host-std
Loaded config: /cluster/home/rdabetic/decmg/configs/dirac2d_2d_tria_scaledid_w.json
=================================================
  Multigrid Convergence Test Configuration
=================================================
 Problem Type:    dirac2d
 Mesh File:       meshes/2d/tria.msh
 Output File:     out/scaledid/w/dirac/2d/tria.csv
 MG Cycle Type:   W-Cycle
 Mass Lumping:    scaledid
 B-Conditions:    essential
 Max Refinement:  6
 Eigenvalues:     1 (Tol: 0.01)
 GMRES Benchmark: 8 runs (Tol: 1e-06, K-Dim: 20)
=================================================


Gmsh reader: all element attributes were zero.
MFEM only supports positive element attributes.
Setting element attributes to 1.

======================================================
  Refinement Level: 1
======================================================
 Mesh width (h):  1.2500e-01
 Total DOFs:      217
 Spectral Radii:  0.219144
 GMRES Avg Iters: 7.12
------------------------------------------------------
  MG RESIDUAL DECAY
------------------------------------------------------
 Iter    Rel. Residual           Reduction Factor
------------------------------------------------------
 0       1.480308e-01            -----
 1       2.163625e-02            0.1462
 2       3.122117e-03            0.1443
 3       4.688851e-04            0.1502
 4       7.768766e-05            0.1657
 5       1.360928e-05            0.1752
 6       2.139938e-06            0.1572
 7       2.683855e-07            0.1254
 8       3.667554e-08            0.1367
 9       8.120277e-09            0.2214
 10      1.438776e-09            0.1772
 11      1.843664e-10            0.1281
 12      2.219646e-11            0.1204
 13      4.269846e-12            0.1924
 14      8.474190e-13            0.1985
 15      1.398362e-13            0.1650
------------------------------------------------------
 Iterations:      16
 Final Rel. Res.: 1.398362e-13
 Asymptotic Rate: 0.184691 (Geom. Mean, last 4 iters)
======================================================

======================================================
  Refinement Level: 2
======================================================
 Mesh width (h):  6.2500e-02
 Total DOFs:      817
 Spectral Radii:  0.25499
 GMRES Avg Iters: 8.00
------------------------------------------------------
  MG RESIDUAL DECAY
------------------------------------------------------
 Iter    Rel. Residual           Reduction Factor
------------------------------------------------------
 0       9.349189e-02            -----
 1       1.202308e-02            0.1286
 2       1.585909e-03            0.1319
 3       2.048487e-04            0.1292
 4       2.838919e-05            0.1386
 5       4.699146e-06            0.1655
 6       7.515444e-07            0.1599
 7       1.400310e-07            0.1863
 8       2.980240e-08            0.2128
 9       6.752425e-09            0.2266
 10      1.626426e-09            0.2409
 11      4.015968e-10            0.2469
 12      9.982688e-11            0.2486
 13      2.485551e-11            0.2490
 14      6.200457e-12            0.2495
 15      1.550398e-12            0.2500
------------------------------------------------------
 Iterations:      16
 Final Rel. Res.: 1.550398e-12
 Asymptotic Rate: 0.249497 (Geom. Mean, last 4 iters)
======================================================

======================================================
  Refinement Level: 3
======================================================
 Mesh width (h):  3.1250e-02
 Total DOFs:      3169
 Spectral Radii:  0.259178
 GMRES Avg Iters: 8.00
------------------------------------------------------
  MG RESIDUAL DECAY
------------------------------------------------------
 Iter    Rel. Residual           Reduction Factor
------------------------------------------------------
 0       1.039249e-01            -----
 1       1.387089e-02            0.1335
 2       1.789907e-03            0.1290
 3       2.425170e-04            0.1355
 4       3.549533e-05            0.1464
 5       5.602160e-06            0.1578
 6       9.509870e-07            0.1698
 7       1.801330e-07            0.1894
 8       3.747371e-08            0.2080
 9       8.274015e-09            0.2208
 10      1.915456e-09            0.2315
 11      4.563524e-10            0.2382
 12      1.102648e-10            0.2416
 13      2.688013e-11            0.2438
 14      6.595620e-12            0.2454
 15      1.626549e-12            0.2466
------------------------------------------------------
 Iterations:      16
 Final Rel. Res.: 1.626549e-12
 Asymptotic Rate: 0.245251 (Geom. Mean, last 4 iters)
======================================================

======================================================
  Refinement Level: 4
======================================================
 Mesh width (h):  1.5625e-02
 Total DOFs:      12481
 Spectral Radii:  0.260437
 GMRES Avg Iters: 8.00
------------------------------------------------------
  MG RESIDUAL DECAY
------------------------------------------------------
 Iter    Rel. Residual           Reduction Factor
------------------------------------------------------
 0       9.441782e-02            -----
 1       1.206895e-02            0.1278
 2       1.514073e-03            0.1255
 3       2.086611e-04            0.1378
 4       3.060650e-05            0.1467
 5       4.667644e-06            0.1525
 6       7.872085e-07            0.1687
 7       1.491361e-07            0.1894
 8       3.105035e-08            0.2082
 9       6.929138e-09            0.2232
 10      1.624285e-09            0.2344
 11      3.912741e-10            0.2409
 12      9.548867e-11            0.2440
 13      2.350216e-11            0.2461
 14      5.821884e-12            0.2477
 15      1.448965e-12            0.2489
------------------------------------------------------
 Iterations:      16
 Final Rel. Res.: 1.448965e-12
 Asymptotic Rate: 0.247572 (Geom. Mean, last 4 iters)
======================================================

======================================================
  Refinement Level: 5
======================================================
 Mesh width (h):  7.8125e-03
 Total DOFs:      49537
 Spectral Radii:  0.260489
 GMRES Avg Iters: 8.00
------------------------------------------------------
  MG RESIDUAL DECAY
------------------------------------------------------
 Iter    Rel. Residual           Reduction Factor
------------------------------------------------------
 0       9.467245e-02            -----
 1       1.201014e-02            0.1269
 2       1.529531e-03            0.1274
 3       2.067901e-04            0.1352
 4       3.024177e-05            0.1462
 5       4.729014e-06            0.1564
 6       8.017345e-07            0.1695
 7       1.535875e-07            0.1916
 8       3.259106e-08            0.2122
 9       7.397313e-09            0.2270
 10      1.746465e-09            0.2361
 11      4.215313e-10            0.2414
 12      1.030589e-10            0.2445
 13      2.539645e-11            0.2464
 14      6.292061e-12            0.2478
 15      1.565118e-12            0.2487
------------------------------------------------------
 Iterations:      16
 Final Rel. Res.: 1.565118e-12
 Asymptotic Rate: 0.247640 (Geom. Mean, last 4 iters)
======================================================

======================================================
  Refinement Level: 6
======================================================
 Mesh width (h):  3.9063e-03
 Total DOFs:      197377
 Spectral Radii:  0.260748
 GMRES Avg Iters: 8.00
------------------------------------------------------
  MG RESIDUAL DECAY
------------------------------------------------------
 Iter    Rel. Residual           Reduction Factor
------------------------------------------------------
 0       9.394871e-02            -----
 1       1.206066e-02            0.1284
 2       1.515166e-03            0.1256
 3       2.052258e-04            0.1354
 4       3.000987e-05            0.1462
 5       4.663572e-06            0.1554
 6       7.955466e-07            0.1706
 7       1.527967e-07            0.1921
 8       3.230326e-08            0.2114
 9       7.295983e-09            0.2259
 10      1.712955e-09            0.2348
 11      4.109706e-10            0.2399
 12      9.987224e-11            0.2430
 13      2.446893e-11            0.2450
 14      6.029333e-12            0.2464
 15      1.492165e-12            0.2475
------------------------------------------------------
 Iterations:      16
 Final Rel. Res.: 1.492165e-12
 Asymptotic Rate: 0.246296 (Geom. Mean, last 4 iters)
======================================================

