Device configuration: omp,cpu
Memory configuration: host-std
Loaded config: /cluster/home/rdabetic/decmg/configs/dirac3d_3d_tetra_scaledid_w.json
=================================================
  Multigrid Convergence Test Configuration
=================================================
 Problem Type:    dirac3d
 Mesh File:       meshes/3d/tetra.msh
 Output File:     out/scaledid/w/dirac/3d/tetra.csv
 MG Cycle Type:   W-Cycle
 Mass Lumping:    scaledid
 B-Conditions:    essential
 Max Refinement:  5
 Eigenvalues:     1 (Tol: 0.01)
 GMRES Benchmark: 8 runs (Tol: 1e-06, K-Dim: 20)
=================================================

======================================================
  Refinement Level: 1
======================================================
 Mesh width (h):  3.5355e-01
 Total DOFs:      389
 Spectral Radii:  0.419634
 GMRES Avg Iters: 11.50
------------------------------------------------------
  MG RESIDUAL DECAY
------------------------------------------------------
 Iter    Rel. Residual           Reduction Factor
------------------------------------------------------
 0       1.429687e-01            -----
 1       3.289574e-02            0.2301
 2       1.030861e-02            0.3134
 3       3.560765e-03            0.3454
 4       1.280631e-03            0.3597
 5       4.687218e-04            0.3660
 6       1.731019e-04            0.3693
 7       6.426642e-05            0.3713
 8       2.393959e-05            0.3725
 9       8.939493e-06            0.3734
 10      3.345236e-06            0.3742
 11      1.254338e-06            0.3750
 12      4.712707e-07            0.3757
 13      1.774188e-07            0.3765
 14      6.692864e-08            0.3772
 15      2.530001e-08            0.3780
------------------------------------------------------
 Iterations:      16
 Final Rel. Res.: 2.530001e-08
 Asymptotic Rate: 0.377239 (Geom. Mean, last 4 iters)
======================================================

======================================================
  Refinement Level: 2
======================================================
 Mesh width (h):  1.7678e-01
 Total DOFs:      2633
 Spectral Radii:  0.461269
 GMRES Avg Iters: 12.00
------------------------------------------------------
  MG RESIDUAL DECAY
------------------------------------------------------
 Iter    Rel. Residual           Reduction Factor
------------------------------------------------------
 0       1.094683e-01            -----
 1       2.932786e-02            0.2679
 2       8.619347e-03            0.2939
 3       3.072729e-03            0.3565
 4       1.107741e-03            0.3605
 5       4.097568e-04            0.3699
 6       1.550635e-04            0.3784
 7       5.979559e-05            0.3856
 8       2.336210e-05            0.3907
 9       9.212016e-06            0.3943
 10      3.657909e-06            0.3971
 11      1.461109e-06            0.3994
 12      5.869351e-07            0.4017
 13      2.371718e-07            0.4041
 14      9.645437e-08            0.4067
 15      3.950167e-08            0.4095
------------------------------------------------------
 Iterations:      16
 Final Rel. Res.: 3.950167e-08
 Asymptotic Rate: 0.406763 (Geom. Mean, last 4 iters)
======================================================

======================================================
  Refinement Level: 3
======================================================
 Mesh width (h):  8.8388e-02
 Total DOFs:      19345
 Spectral Radii:  0.484758
 GMRES Avg Iters: 12.00
------------------------------------------------------
  MG RESIDUAL DECAY
------------------------------------------------------
 Iter    Rel. Residual           Reduction Factor
------------------------------------------------------
 0       2.235134e-01            -----
 1       7.202393e-02            0.3222
 2       1.708452e-02            0.2372
 3       5.772135e-03            0.3379
 4       2.101416e-03            0.3641
 5       8.005832e-04            0.3810
 6       3.138849e-04            0.3921
 7       1.254297e-04            0.3996
 8       5.082011e-05            0.4052
 9       2.083009e-05            0.4099
 10      8.624810e-06            0.4141
 11      3.603251e-06            0.4178
 12      1.517322e-06            0.4211
 13      6.434424e-07            0.4241
 14      2.745650e-07            0.4267
 15      1.178070e-07            0.4291
------------------------------------------------------
 Iterations:      16
 Final Rel. Res.: 1.178070e-07
 Asymptotic Rate: 0.426610 (Geom. Mean, last 4 iters)
======================================================

======================================================
  Refinement Level: 4
======================================================
 Mesh width (h):  4.4194e-02
 Total DOFs:      148257
 Spectral Radii:  0.513929
 GMRES Avg Iters: 12.00
------------------------------------------------------
  MG RESIDUAL DECAY
------------------------------------------------------
 Iter    Rel. Residual           Reduction Factor
------------------------------------------------------
 0       8.903209e-01            -----
 1       3.323233e-01            0.3733
 2       6.996835e-02            0.2105
 3       2.159515e-02            0.3086
 4       7.862802e-03            0.3641
 5       3.025906e-03            0.3848
 6       1.202280e-03            0.3973
 7       4.865147e-04            0.4047
 8       1.993469e-04            0.4097
 9       8.250222e-05            0.4139
 10      3.444618e-05            0.4175
 11      1.449851e-05            0.4209
 12      6.148584e-06            0.4241
 13      2.625869e-06            0.4271
 14      1.128724e-06            0.4298
 15      4.880673e-07            0.4324
------------------------------------------------------
 Iterations:      16
 Final Rel. Res.: 4.880673e-07
 Asymptotic Rate: 0.429769 (Geom. Mean, last 4 iters)
======================================================

======================================================
  Refinement Level: 5
======================================================
 Mesh width (h):  2.2097e-02
 Total DOFs:      1160769
 Spectral Radii:  0.52715
 GMRES Avg Iters: 12.00
------------------------------------------------------
  MG RESIDUAL DECAY
------------------------------------------------------
 Iter    Rel. Residual           Reduction Factor
------------------------------------------------------
 0       3.745390e+00            -----
 1       1.399979e+00            0.3738
 2       2.847026e-01            0.2034
 3       8.683932e-02            0.3050
 4       3.163963e-02            0.3643
 5       1.217802e-02            0.3849
 6       4.827790e-03            0.3964
 7       1.952750e-03            0.4045
 8       8.016186e-04            0.4105
 9       3.328037e-04            0.4152
 10      1.394065e-04            0.4189
 11      5.882567e-05            0.4220
 12      2.497865e-05            0.4246
 13      1.066481e-05            0.4270
 14      4.575798e-06            0.4291
 15      1.972028e-06            0.4310
------------------------------------------------------
 Iterations:      16
 Final Rel. Res.: 1.972028e-06
 Asymptotic Rate: 0.428991 (Geom. Mean, last 4 iters)
======================================================

