Device configuration: omp,cpu
Memory configuration: host-std
Loaded config: /cluster/home/rdabetic/decmg/configs/dirac3d_3d_cube_rowsum_v.json
=================================================
  Multigrid Convergence Test Configuration
=================================================
 Problem Type:    dirac3d
 Mesh File:       meshes/3d/cube.msh
 Output File:     out/rowsum/v/dirac/3d/cube.csv
 MG Cycle Type:   V-Cycle
 Mass Lumping:    rowsum
 B-Conditions:    essential
 Max Refinement:  5
 Eigenvalues:     1 (Tol: 0.01)
 GMRES Benchmark: 8 runs (Tol: 1e-06, K-Dim: 20)
=================================================

======================================================
  Refinement Level: 1
======================================================
 Mesh width (h):  5.0000e-01
 Total DOFs:      989
 Spectral Radii:  0.454185
 GMRES Avg Iters: 10.00
------------------------------------------------------
  MG RESIDUAL DECAY
------------------------------------------------------
 Iter    Rel. Residual           Reduction Factor
------------------------------------------------------
 0       8.577705e-02            -----
 1       1.990894e-02            0.2321
 2       7.092093e-03            0.3562
 3       2.813834e-03            0.3968
 4       1.151972e-03            0.4094
 5       4.768815e-04            0.4140
 6       1.983081e-04            0.4158
 7       8.266883e-05            0.4169
 8       3.452498e-05            0.4176
 9       1.444153e-05            0.4183
 10      6.049649e-06            0.4189
 11      2.537750e-06            0.4195
 12      1.065956e-06            0.4200
 13      4.483057e-07            0.4206
 14      1.887691e-07            0.4211
 15      7.957728e-08            0.4216
------------------------------------------------------
 Iterations:      16
 Final Rel. Res.: 7.957728e-08
 Asymptotic Rate: 0.421066 (Geom. Mean, last 4 iters)
======================================================

======================================================
  Refinement Level: 2
======================================================
 Mesh width (h):  2.5000e-01
 Total DOFs:      7257
 Spectral Radii:  0.503032
 GMRES Avg Iters: 10.00
------------------------------------------------------
  MG RESIDUAL DECAY
------------------------------------------------------
 Iter    Rel. Residual           Reduction Factor
------------------------------------------------------
 0       9.047435e-02            -----
 1       2.023911e-02            0.2237
 2       6.761269e-03            0.3341
 3       2.648755e-03            0.3918
 4       1.088016e-03            0.4108
 5       4.612483e-04            0.4239
 6       1.991193e-04            0.4317
 7       8.720712e-05            0.4380
 8       3.862252e-05            0.4429
 9       1.726021e-05            0.4469
 10      7.772374e-06            0.4503
 11      3.523497e-06            0.4533
 12      1.607221e-06            0.4561
 13      7.374493e-07            0.4588
 14      3.403166e-07            0.4615
 15      1.579448e-07            0.4641
------------------------------------------------------
 Iterations:      16
 Final Rel. Res.: 1.579448e-07
 Asymptotic Rate: 0.461470 (Geom. Mean, last 4 iters)
======================================================

======================================================
  Refinement Level: 3
======================================================
 Mesh width (h):  1.2500e-01
 Total DOFs:      55601
 Spectral Radii:  0.533972
 GMRES Avg Iters: 10.38
------------------------------------------------------
  MG RESIDUAL DECAY
------------------------------------------------------
 Iter    Rel. Residual           Reduction Factor
------------------------------------------------------
 0       1.512994e-01            -----
 1       4.710379e-02            0.3113
 2       1.079223e-02            0.2291
 3       3.901198e-03            0.3615
 4       1.589910e-03            0.4075
 5       6.741319e-04            0.4240
 6       2.928060e-04            0.4343
 7       1.295112e-04            0.4423
 8       5.806051e-05            0.4483
 9       2.629305e-05            0.4529
 10      1.200130e-05            0.4564
 11      5.513611e-06            0.4594
 12      2.547337e-06            0.4620
 13      1.182875e-06            0.4644
 14      5.518685e-07            0.4665
 15      2.586247e-07            0.4686
------------------------------------------------------
 Iterations:      16
 Final Rel. Res.: 2.586247e-07
 Asymptotic Rate: 0.466510 (Geom. Mean, last 4 iters)
======================================================

======================================================
  Refinement Level: 4
======================================================
 Mesh width (h):  6.2500e-02
 Total DOFs:      435297
 Spectral Radii:  0.542543
 GMRES Avg Iters: 11.00
------------------------------------------------------
  MG RESIDUAL DECAY
------------------------------------------------------
 Iter    Rel. Residual           Reduction Factor
------------------------------------------------------
 0       5.096854e-01            -----
 1       1.830217e-01            0.3591
 2       3.838385e-02            0.2097
 3       1.302556e-02            0.3393
 4       5.114480e-03            0.3926
 5       2.119738e-03            0.4145
 6       9.064130e-04            0.4276
 7       3.971419e-04            0.4381
 8       1.771987e-04            0.4462
 9       8.013990e-05            0.4523
 10      3.661733e-05            0.4569
 11      1.686766e-05            0.4606
 12      7.822885e-06            0.4638
 13      3.649574e-06            0.4665
 14      1.711661e-06            0.4690
 15      8.066715e-07            0.4713
------------------------------------------------------
 Iterations:      16
 Final Rel. Res.: 8.066715e-07
 Asymptotic Rate: 0.468932 (Geom. Mean, last 4 iters)
======================================================

======================================================
  Refinement Level: 5
======================================================
 Mesh width (h):  3.1250e-02
 Total DOFs:      3444929
 Spectral Radii:  0.545691
 GMRES Avg Iters: 11.00
------------------------------------------------------
  MG RESIDUAL DECAY
------------------------------------------------------
 Iter    Rel. Residual           Reduction Factor
------------------------------------------------------
 0       2.037637e+00            -----
 1       7.326627e-01            0.3596
 2       1.511864e-01            0.2064
 3       5.163044e-02            0.3415
 4       2.046631e-02            0.3964
 5       8.555581e-03            0.4180
 6       3.687472e-03            0.4310
 7       1.628193e-03            0.4415
 8       7.320622e-04            0.4496
 9       3.336971e-04            0.4558
 10      1.537222e-04            0.4607
 11      7.140982e-05            0.4645
 12      3.340202e-05            0.4678
 13      1.571563e-05            0.4705
 14      7.432038e-06            0.4729
 15      3.530628e-06            0.4751
------------------------------------------------------
 Iterations:      16
 Final Rel. Res.: 3.530628e-06
 Asymptotic Rate: 0.472817 (Geom. Mean, last 4 iters)
======================================================

