Device configuration: omp,cpu
Memory configuration: host-std
Loaded config: /cluster/home/rdabetic/decmg/configs/dirac3d_3d_cube_scaledid_w.json
=================================================
  Multigrid Convergence Test Configuration
=================================================
 Problem Type:    dirac3d
 Mesh File:       meshes/3d/cube.msh
 Output File:     out/scaledid/w/dirac/3d/cube.csv
 MG Cycle Type:   W-Cycle
 Mass Lumping:    scaledid
 B-Conditions:    essential
 Max Refinement:  5
 Eigenvalues:     1 (Tol: 0.01)
 GMRES Benchmark: 8 runs (Tol: 1e-06, K-Dim: 20)
=================================================

======================================================
  Refinement Level: 1
======================================================
 Mesh width (h):  5.0000e-01
 Total DOFs:      989
 Spectral Radii:  0.443891
 GMRES Avg Iters: 13.00
------------------------------------------------------
  MG RESIDUAL DECAY
------------------------------------------------------
 Iter    Rel. Residual           Reduction Factor
------------------------------------------------------
 0       9.616865e-02            -----
 1       2.308987e-02            0.2401
 2       7.879652e-03            0.3413
 3       2.871894e-03            0.3645
 4       1.066205e-03            0.3713
 5       3.987783e-04            0.3740
 6       1.497018e-04            0.3754
 7       5.633646e-05            0.3763
 8       2.124776e-05            0.3772
 9       8.033864e-06            0.3781
 10      3.047156e-06            0.3793
 11      1.160394e-06            0.3808
 12      4.441561e-07            0.3828
 13      1.710996e-07            0.3852
 14      6.643101e-08            0.3883
 15      2.603417e-08            0.3919
------------------------------------------------------
 Iterations:      16
 Final Rel. Res.: 2.603417e-08
 Asymptotic Rate: 0.388451 (Geom. Mean, last 4 iters)
======================================================

======================================================
  Refinement Level: 2
======================================================
 Mesh width (h):  2.5000e-01
 Total DOFs:      7257
 Spectral Radii:  0.492642
 GMRES Avg Iters: 12.00
------------------------------------------------------
  MG RESIDUAL DECAY
------------------------------------------------------
 Iter    Rel. Residual           Reduction Factor
------------------------------------------------------
 0       1.027443e-01            -----
 1       2.135471e-02            0.2078
 2       6.341816e-03            0.2970
 3       2.273460e-03            0.3585
 4       8.514222e-04            0.3745
 5       3.277345e-04            0.3849
 6       1.285618e-04            0.3923
 7       5.119748e-05            0.3982
 8       2.065411e-05            0.4034
 9       8.432726e-06            0.4083
 10      3.484924e-06            0.4133
 11      1.459278e-06            0.4187
 12      6.201542e-07            0.4250
 13      2.679247e-07            0.4320
 14      1.178217e-07            0.4398
 15      5.276106e-08            0.4478
------------------------------------------------------
 Iterations:      16
 Final Rel. Res.: 5.276106e-08
 Asymptotic Rate: 0.439816 (Geom. Mean, last 4 iters)
======================================================

======================================================
  Refinement Level: 3
======================================================
 Mesh width (h):  1.2500e-01
 Total DOFs:      55601
 Spectral Radii:  0.516673
 GMRES Avg Iters: 12.00
------------------------------------------------------
  MG RESIDUAL DECAY
------------------------------------------------------
 Iter    Rel. Residual           Reduction Factor
------------------------------------------------------
 0       1.576717e-01            -----
 1       4.770047e-02            0.3025
 2       1.066327e-02            0.2235
 3       3.548345e-03            0.3328
 4       1.310021e-03            0.3692
 5       4.991963e-04            0.3811
 6       1.948779e-04            0.3904
 7       7.745774e-05            0.3975
 8       3.120187e-05            0.4028
 9       1.270066e-05            0.4070
 10      5.215564e-06            0.4107
 11      2.159224e-06            0.4140
 12      9.010581e-07            0.4173
 13      3.791055e-07            0.4207
 14      1.608872e-07            0.4244
 15      6.891576e-08            0.4283
------------------------------------------------------
 Iterations:      16
 Final Rel. Res.: 6.891576e-08
 Asymptotic Rate: 0.424478 (Geom. Mean, last 4 iters)
======================================================

======================================================
  Refinement Level: 4
======================================================
 Mesh width (h):  6.2500e-02
 Total DOFs:      435297
 Spectral Radii:  0.528083
 GMRES Avg Iters: 12.00
------------------------------------------------------
  MG RESIDUAL DECAY
------------------------------------------------------
 Iter    Rel. Residual           Reduction Factor
------------------------------------------------------
 0       4.887220e-01            -----
 1       1.762374e-01            0.3606
 2       3.464769e-02            0.1966
 3       1.079892e-02            0.3117
 4       3.923123e-03            0.3633
 5       1.487317e-03            0.3791
 6       5.775112e-04            0.3883
 7       2.283870e-04            0.3955
 8       9.164393e-05            0.4013
 9       3.720602e-05            0.4060
 10      1.525040e-05            0.4099
 11      6.301679e-06            0.4132
 12      2.622341e-06            0.4161
 13      1.098215e-06            0.4188
 14      4.626846e-07            0.4213
 15      1.960765e-07            0.4238
------------------------------------------------------
 Iterations:      16
 Final Rel. Res.: 1.960765e-07
 Asymptotic Rate: 0.421288 (Geom. Mean, last 4 iters)
======================================================

======================================================
  Refinement Level: 5
======================================================
 Mesh width (h):  3.1250e-02
 Total DOFs:      3444929
 Spectral Radii:  0.532217
 GMRES Avg Iters: 12.00
------------------------------------------------------
  MG RESIDUAL DECAY
------------------------------------------------------
 Iter    Rel. Residual           Reduction Factor
------------------------------------------------------
 0       2.001601e+00            -----
 1       7.015147e-01            0.3505
 2       1.380904e-01            0.1968
 3       4.308010e-02            0.3120
 4       1.574357e-02            0.3654
 5       6.002818e-03            0.3813
 6       2.347955e-03            0.3911
 7       9.364277e-04            0.3988
 8       3.792585e-04            0.4050
 9       1.554961e-04            0.4100
 10      6.438843e-05            0.4141
 11      2.688120e-05            0.4175
 12      1.130031e-05            0.4204
 13      4.778829e-06            0.4229
 14      2.031564e-06            0.4251
 15      8.677116e-07            0.4271
------------------------------------------------------
 Iterations:      16
 Final Rel. Res.: 8.677116e-07
 Asymptotic Rate: 0.425039 (Geom. Mean, last 4 iters)
======================================================

