Device configuration: omp,cpu
Memory configuration: host-std
Loaded config: /cluster/home/rdabetic/decmg/configs/dirac2d_2d_reentrant_scaledid_w.json
=================================================
  Multigrid Convergence Test Configuration
=================================================
 Problem Type:    dirac2d
 Mesh File:       meshes/2d/reentrant.msh
 Output File:     out/scaledid/w/dirac/2d/reentrant.csv
 MG Cycle Type:   W-Cycle
 Mass Lumping:    scaledid
 B-Conditions:    essential
 Max Refinement:  6
 Eigenvalues:     1 (Tol: 0.01)
 GMRES Benchmark: 8 runs (Tol: 1e-06, K-Dim: 20)
=================================================


Gmsh reader: all element attributes were zero.
MFEM only supports positive element attributes.
Setting element attributes to 1.

======================================================
  Refinement Level: 1
======================================================
 Mesh width (h):  1.4951e-01
 Total DOFs:      425
 Spectral Radii:  0.18921
 GMRES Avg Iters: 13.00
------------------------------------------------------
  MG RESIDUAL DECAY
------------------------------------------------------
 Iter    Rel. Residual           Reduction Factor
------------------------------------------------------
 0       1.125983e-01            -----
 1       1.527202e-02            0.1356
 2       2.563726e-03            0.1679
 3       3.924963e-04            0.1531
 4       6.254971e-05            0.1594
 5       9.665960e-06            0.1545
 6       1.493244e-06            0.1545
 7       2.413320e-07            0.1616
 8       4.078131e-08            0.1690
 9       7.089802e-09            0.1738
 10      1.209254e-09            0.1706
 11      2.009666e-10            0.1662
 12      3.357008e-11            0.1670
 13      5.723304e-12            0.1705
 14      9.913489e-13            0.1732
 15      1.718780e-13            0.1734
------------------------------------------------------
 Iterations:      16
 Final Rel. Res.: 1.718780e-13
 Asymptotic Rate: 0.172355 (Geom. Mean, last 4 iters)
======================================================

======================================================
  Refinement Level: 2
======================================================
 Mesh width (h):  7.4754e-02
 Total DOFs:      1617
 Spectral Radii:  0.249181
 GMRES Avg Iters: 14.00
------------------------------------------------------
  MG RESIDUAL DECAY
------------------------------------------------------
 Iter    Rel. Residual           Reduction Factor
------------------------------------------------------
 0       1.145529e-01            -----
 1       1.660019e-02            0.1449
 2       2.001065e-03            0.1205
 3       2.599379e-04            0.1299
 4       3.357024e-05            0.1291
 5       4.548555e-06            0.1355
 6       7.353950e-07            0.1617
 7       1.195430e-07            0.1626
 8       1.935308e-08            0.1619
 9       3.541889e-09            0.1830
 10      7.551314e-10            0.2132
 11      1.737756e-10            0.2301
 12      4.109183e-11            0.2365
 13      9.860167e-12            0.2400
 14      2.387119e-12            0.2421
 15      5.806570e-13            0.2432
------------------------------------------------------
 Iterations:      16
 Final Rel. Res.: 5.806570e-13
 Asymptotic Rate: 0.241762 (Geom. Mean, last 4 iters)
======================================================

======================================================
  Refinement Level: 3
======================================================
 Mesh width (h):  3.7377e-02
 Total DOFs:      6305
 Spectral Radii:  0.255386
 GMRES Avg Iters: 14.00
------------------------------------------------------
  MG RESIDUAL DECAY
------------------------------------------------------
 Iter    Rel. Residual           Reduction Factor
------------------------------------------------------
 0       1.028019e-01            -----
 1       1.414251e-02            0.1376
 2       1.790553e-03            0.1266
 3       2.454286e-04            0.1371
 4       3.731192e-05            0.1520
 5       5.765024e-06            0.1545
 6       9.370121e-07            0.1625
 7       1.630743e-07            0.1740
 8       3.149669e-08            0.1931
 9       6.821338e-09            0.2166
 10      1.593755e-09            0.2336
 11      3.859276e-10            0.2421
 12      9.488591e-11            0.2459
 13      2.349042e-11            0.2476
 14      5.836394e-12            0.2485
 15      1.453306e-12            0.2490
------------------------------------------------------
 Iterations:      16
 Final Rel. Res.: 1.453306e-12
 Asymptotic Rate: 0.248343 (Geom. Mean, last 4 iters)
======================================================

======================================================
  Refinement Level: 4
======================================================
 Mesh width (h):  1.8689e-02
 Total DOFs:      24897
 Spectral Radii:  0.258385
 GMRES Avg Iters: 14.88
------------------------------------------------------
  MG RESIDUAL DECAY
------------------------------------------------------
 Iter    Rel. Residual           Reduction Factor
------------------------------------------------------
 0       9.924909e-02            -----
 1       1.312215e-02            0.1322
 2       1.665752e-03            0.1269
 3       2.284164e-04            0.1371
 4       3.306843e-05            0.1448
 5       5.147248e-06            0.1557
 6       8.550966e-07            0.1661
 7       1.583421e-07            0.1852
 8       3.249084e-08            0.2052
 9       7.192609e-09            0.2214
 10      1.670843e-09            0.2323
 11      3.988218e-10            0.2387
 12      9.668508e-11            0.2424
 13      2.366012e-11            0.2447
 14      5.826865e-12            0.2463
 15      1.441891e-12            0.2475
------------------------------------------------------
 Iterations:      16
 Final Rel. Res.: 1.441891e-12
 Asymptotic Rate: 0.246145 (Geom. Mean, last 4 iters)
======================================================

======================================================
  Refinement Level: 5
======================================================
 Mesh width (h):  9.3443e-03
 Total DOFs:      98945
 Spectral Radii:  0.259994
 GMRES Avg Iters: 15.00
------------------------------------------------------
  MG RESIDUAL DECAY
------------------------------------------------------
 Iter    Rel. Residual           Reduction Factor
------------------------------------------------------
 0       9.511279e-02            -----
 1       1.240721e-02            0.1304
 2       1.584498e-03            0.1277
 3       2.117056e-04            0.1336
 4       3.084099e-05            0.1457
 5       4.841980e-06            0.1570
 6       8.176106e-07            0.1689
 7       1.546672e-07            0.1892
 8       3.229522e-08            0.2088
 9       7.208921e-09            0.2232
 10      1.680669e-09            0.2331
 11      4.020971e-10            0.2392
 12      9.760619e-11            0.2427
 13      2.390708e-11            0.2449
 14      5.892280e-12            0.2465
 15      1.458968e-12            0.2476
------------------------------------------------------
 Iterations:      16
 Final Rel. Res.: 1.458968e-12
 Asymptotic Rate: 0.246333 (Geom. Mean, last 4 iters)
======================================================

======================================================
  Refinement Level: 6
======================================================
 Mesh width (h):  4.6722e-03
 Total DOFs:      394497
 Spectral Radii:  0.260463
 GMRES Avg Iters: 15.00
------------------------------------------------------
  MG RESIDUAL DECAY
------------------------------------------------------
 Iter    Rel. Residual           Reduction Factor
------------------------------------------------------
 0       9.434793e-02            -----
 1       1.216840e-02            0.1290
 2       1.540008e-03            0.1266
 3       2.083223e-04            0.1353
 4       3.023891e-05            0.1452
 5       4.706188e-06            0.1556
 6       8.032027e-07            0.1707
 7       1.537711e-07            0.1914
 8       3.250186e-08            0.2114
 9       7.347885e-09            0.2261
 10      1.727106e-09            0.2350
 11      4.148479e-10            0.2402
 12      1.009241e-10            0.2433
 13      2.475030e-11            0.2452
 14      6.103646e-12            0.2466
 15      1.511547e-12            0.2476
------------------------------------------------------
 Iterations:      16
 Final Rel. Res.: 1.511547e-12
 Asymptotic Rate: 0.246495 (Geom. Mean, last 4 iters)
======================================================

