Device configuration: omp,cpu
Memory configuration: host-std
Loaded config: /cluster/home/rdabetic/decmg/configs/dirac3d_3d_ball_rowsum_v.json
=================================================
  Multigrid Convergence Test Configuration
=================================================
 Problem Type:    dirac3d
 Mesh File:       meshes/3d/ball.msh
 Output File:     out/rowsum/v/dirac/3d/ball.csv
 MG Cycle Type:   V-Cycle
 Mass Lumping:    rowsum
 B-Conditions:    essential
 Max Refinement:  5
 Eigenvalues:     1 (Tol: 0.01)
 GMRES Benchmark: 8 runs (Tol: 1e-06, K-Dim: 20)
=================================================

======================================================
  Refinement Level: 1
======================================================
 Mesh width (h):  3.0757e-01
 Total DOFs:      2551
 Spectral Radii:  0.602574
 GMRES Avg Iters: 16.00
------------------------------------------------------
  MG RESIDUAL DECAY
------------------------------------------------------
 Iter    Rel. Residual           Reduction Factor
------------------------------------------------------
 0       1.130109e-01            -----
 1       3.257144e-02            0.2882
 2       1.052590e-02            0.3232
 3       4.527569e-03            0.4301
 4       2.117050e-03            0.4676
 5       9.856599e-04            0.4656
 6       4.915060e-04            0.4987
 7       2.430532e-04            0.4945
 8       1.239488e-04            0.5100
 9       6.354408e-05            0.5127
 10      3.322407e-05            0.5229
 11      1.759384e-05            0.5296
 12      9.476109e-06            0.5386
 13      5.177776e-06            0.5464
 14      2.869898e-06            0.5543
 15      1.609991e-06            0.5610
------------------------------------------------------
 Iterations:      16
 Final Rel. Res.: 1.609991e-06
 Asymptotic Rate: 0.553857 (Geom. Mean, last 4 iters)
======================================================

======================================================
  Refinement Level: 2
======================================================
 Mesh width (h):  1.5378e-01
 Total DOFs:      18741
 Spectral Radii:  0.64278
 GMRES Avg Iters: 18.00
------------------------------------------------------
  MG RESIDUAL DECAY
------------------------------------------------------
 Iter    Rel. Residual           Reduction Factor
------------------------------------------------------
 0       1.394217e-01            -----
 1       5.753498e-02            0.4127
 2       1.526715e-02            0.2654
 3       5.447458e-03            0.3568
 4       2.293680e-03            0.4211
 5       1.177824e-03            0.5135
 6       5.856617e-04            0.4972
 7       3.138216e-04            0.5358
 8       1.684065e-04            0.5366
 9       9.325597e-05            0.5538
 10      5.222992e-05            0.5601
 11      2.978743e-05            0.5703
 12      1.719989e-05            0.5774
 13      1.006419e-05            0.5851
 14      5.954910e-06            0.5917
 15      3.561298e-06            0.5980
------------------------------------------------------
 Iterations:      16
 Final Rel. Res.: 3.561298e-06
 Asymptotic Rate: 0.591599 (Geom. Mean, last 4 iters)
======================================================

======================================================
  Refinement Level: 3
======================================================
 Mesh width (h):  7.6892e-02
 Total DOFs:      143625
 Spectral Radii:  0.715062
 GMRES Avg Iters: 20.00
------------------------------------------------------
  MG RESIDUAL DECAY
------------------------------------------------------
 Iter    Rel. Residual           Reduction Factor
------------------------------------------------------
 0       4.941289e-01            -----
 1       2.144907e-01            0.4341
 2       6.043309e-02            0.2818
 3       2.505348e-02            0.4146
 4       1.324510e-02            0.5287
 5       7.629591e-03            0.5760
 6       4.622008e-03            0.6058
 7       2.864323e-03            0.6197
 8       1.802277e-03            0.6292
 9       1.145721e-03            0.6357
 10      7.341699e-04            0.6408
 11      4.736462e-04            0.6451
 12      3.073888e-04            0.6490
 13      2.006074e-04            0.6526
 14      1.316233e-04            0.6561
 15      8.682365e-05            0.6596
------------------------------------------------------
 Iterations:      16
 Final Rel. Res.: 8.682365e-05
 Asymptotic Rate: 0.656120 (Geom. Mean, last 4 iters)
======================================================

======================================================
  Refinement Level: 4
======================================================
 Mesh width (h):  3.8446e-02
 Total DOFs:      1124497
 Spectral Radii:  0.736006
 GMRES Avg Iters: 21.88
------------------------------------------------------
  MG RESIDUAL DECAY
------------------------------------------------------
 Iter    Rel. Residual           Reduction Factor
------------------------------------------------------
 0       2.038267e+00            -----
 1       8.665628e-01            0.4251
 2       2.501235e-01            0.2886
 3       1.107229e-01            0.4427
 4       6.031566e-02            0.5447
 5       3.627038e-02            0.6013
 6       2.290942e-02            0.6316
 7       1.496470e-02            0.6532
 8       9.991377e-03            0.6677
 9       6.779567e-03            0.6785
 10      4.657277e-03            0.6870
 11      3.229952e-03            0.6935
 12      2.257306e-03            0.6989
 13      1.587302e-03            0.7032
 14      1.121895e-03            0.7068
 15      7.963377e-04            0.7098
------------------------------------------------------
 Iterations:      16
 Final Rel. Res.: 7.963377e-04
 Asymptotic Rate: 0.706592 (Geom. Mean, last 4 iters)
======================================================

======================================================
  Refinement Level: 5
======================================================
 Mesh width (h):  1.9223e-02
 Total DOFs:      8899361
 Spectral Radii:  0.757162
 GMRES Avg Iters: 22.00
------------------------------------------------------
  MG RESIDUAL DECAY
------------------------------------------------------
 Iter    Rel. Residual           Reduction Factor
------------------------------------------------------
 0       8.234351e+00            -----
 1       3.612484e+00            0.4387
 2       1.047909e+00            0.2901
 3       4.837526e-01            0.4616
 4       2.720596e-01            0.5624
 5       1.681376e-01            0.6180
 6       1.090316e-01            0.6485
 7       7.283771e-02            0.6680
 8       4.963529e-02            0.6815
 9       3.431848e-02            0.6914
 10      2.398589e-02            0.6989
 11      1.690540e-02            0.7048
 12      1.199384e-02            0.7095
 13      8.554628e-03            0.7133
 14      6.128199e-03            0.7164
 15      4.405942e-03            0.7190
------------------------------------------------------
 Iterations:      16
 Final Rel. Res.: 4.405942e-03
 Asymptotic Rate: 0.716188 (Geom. Mean, last 4 iters)
======================================================

