Device configuration: omp,cpu
Memory configuration: host-std
Loaded config: /cluster/home/rdabetic/decmg/configs/dirac2d_2d_square_centered_rowsum_w.json
=================================================
  Multigrid Convergence Test Configuration
=================================================
 Problem Type:    dirac2d
 Mesh File:       meshes/2d/square_centered.msh
 Output File:     out/rowsum/w/dirac/2d/square_centered.csv
 MG Cycle Type:   W-Cycle
 Mass Lumping:    rowsum
 B-Conditions:    essential
 Max Refinement:  6
 Eigenvalues:     1 (Tol: 0.01)
 GMRES Benchmark: 8 runs (Tol: 1e-06, K-Dim: 20)
=================================================


Gmsh reader: all element attributes were zero.
MFEM only supports positive element attributes.
Setting element attributes to 1.

======================================================
  Refinement Level: 1
======================================================
 Mesh width (h):  1.9875e-01
 Total DOFs:      361
 Spectral Radii:  0.258887
 GMRES Avg Iters: 8.00
------------------------------------------------------
  MG RESIDUAL DECAY
------------------------------------------------------
 Iter    Rel. Residual           Reduction Factor
------------------------------------------------------
 0       6.859060e-02            -----
 1       8.611309e-03            0.1255
 2       1.267737e-03            0.1472
 3       1.984874e-04            0.1566
 4       3.059664e-05            0.1541
 5       5.064877e-06            0.1655
 6       1.055242e-06            0.2083
 7       2.530326e-07            0.2398
 8       6.439705e-08            0.2545
 9       1.681236e-08            0.2611
 10      4.424889e-09            0.2632
 11      1.166399e-09            0.2636
 12      3.073695e-10            0.2635
 13      8.093050e-11            0.2633
 14      2.128587e-11            0.2630
 15      5.591530e-12            0.2627
------------------------------------------------------
 Iterations:      16
 Final Rel. Res.: 5.591530e-12
 Asymptotic Rate: 0.263001 (Geom. Mean, last 4 iters)
======================================================

======================================================
  Refinement Level: 2
======================================================
 Mesh width (h):  9.9376e-02
 Total DOFs:      1393
 Spectral Radii:  0.262227
 GMRES Avg Iters: 8.00
------------------------------------------------------
  MG RESIDUAL DECAY
------------------------------------------------------
 Iter    Rel. Residual           Reduction Factor
------------------------------------------------------
 0       9.244775e-02            -----
 1       1.309893e-02            0.1417
 2       1.996495e-03            0.1524
 3       3.476952e-04            0.1742
 4       6.527203e-05            0.1877
 5       1.301415e-05            0.1994
 6       2.557253e-06            0.1965
 7       5.025714e-07            0.1965
 8       1.045159e-07            0.2080
 9       2.333188e-08            0.2232
 10      5.491370e-09            0.2354
 11      1.330607e-09            0.2423
 12      3.269494e-10            0.2457
 13      8.097455e-11            0.2477
 14      2.016331e-11            0.2490
 15      5.039771e-12            0.2499
------------------------------------------------------
 Iterations:      16
 Final Rel. Res.: 5.039771e-12
 Asymptotic Rate: 0.248872 (Geom. Mean, last 4 iters)
======================================================

======================================================
  Refinement Level: 3
======================================================
 Mesh width (h):  4.9688e-02
 Total DOFs:      5473
 Spectral Radii:  0.301535
 GMRES Avg Iters: 8.88
------------------------------------------------------
  MG RESIDUAL DECAY
------------------------------------------------------
 Iter    Rel. Residual           Reduction Factor
------------------------------------------------------
 0       9.975187e-02            -----
 1       1.411638e-02            0.1415
 2       2.070770e-03            0.1467
 3       3.353255e-04            0.1619
 4       6.574289e-05            0.1961
 5       1.386151e-05            0.2108
 6       3.060327e-06            0.2208
 7       7.149799e-07            0.2336
 8       1.787920e-07            0.2501
 9       4.742102e-08            0.2652
 10      1.321090e-08            0.2786
 11      3.812163e-09            0.2886
 12      1.122600e-09            0.2945
 13      3.340855e-10            0.2976
 14      9.995228e-11            0.2992
 15      2.998783e-11            0.3000
------------------------------------------------------
 Iterations:      16
 Final Rel. Res.: 2.998783e-11
 Asymptotic Rate: 0.298933 (Geom. Mean, last 4 iters)
======================================================

======================================================
  Refinement Level: 4
======================================================
 Mesh width (h):  2.4844e-02
 Total DOFs:      21697
 Spectral Radii:  0.322353
 GMRES Avg Iters: 9.00
------------------------------------------------------
  MG RESIDUAL DECAY
------------------------------------------------------
 Iter    Rel. Residual           Reduction Factor
------------------------------------------------------
 0       9.589986e-02            -----
 1       1.341562e-02            0.1399
 2       1.991301e-03            0.1484
 3       3.443667e-04            0.1729
 4       6.631177e-05            0.1926
 5       1.367636e-05            0.2062
 6       3.025709e-06            0.2212
 7       7.163416e-07            0.2368
 8       1.796934e-07            0.2508
 9       4.774029e-08            0.2657
 10      1.335443e-08            0.2797
 11      3.892989e-09            0.2915
 12      1.168831e-09            0.3002
 13      3.578131e-10            0.3061
 14      1.109080e-10            0.3100
 15      3.465953e-11            0.3125
------------------------------------------------------
 Iterations:      16
 Final Rel. Res.: 3.465953e-11
 Asymptotic Rate: 0.309521 (Geom. Mean, last 4 iters)
======================================================

======================================================
  Refinement Level: 5
======================================================
 Mesh width (h):  1.2422e-02
 Total DOFs:      86401
 Spectral Radii:  0.329394
 GMRES Avg Iters: 9.00
------------------------------------------------------
  MG RESIDUAL DECAY
------------------------------------------------------
 Iter    Rel. Residual           Reduction Factor
------------------------------------------------------
 0       9.549150e-02            -----
 1       1.333488e-02            0.1396
 2       1.955602e-03            0.1467
 3       3.394377e-04            0.1736
 4       6.665715e-05            0.1964
 5       1.394378e-05            0.2092
 6       3.121202e-06            0.2238
 7       7.521593e-07            0.2410
 8       1.953714e-07            0.2597
 9       5.432148e-08            0.2780
 10      1.588688e-08            0.2925
 11      4.798972e-09            0.3021
 12      1.478139e-09            0.3080
 13      4.606675e-10            0.3117
 14      1.446428e-10            0.3140
 15      4.564673e-11            0.3156
------------------------------------------------------
 Iterations:      16
 Final Rel. Res.: 4.564673e-11
 Asymptotic Rate: 0.313736 (Geom. Mean, last 4 iters)
======================================================

======================================================
  Refinement Level: 6
======================================================
 Mesh width (h):  6.2110e-03
 Total DOFs:      344833
 Spectral Radii:  0.331616
 GMRES Avg Iters: 9.00
------------------------------------------------------
  MG RESIDUAL DECAY
------------------------------------------------------
 Iter    Rel. Residual           Reduction Factor
------------------------------------------------------
 0       9.574703e-02            -----
 1       1.295435e-02            0.1353
 2       1.861400e-03            0.1437
 3       3.163030e-04            0.1699
 4       6.113296e-05            0.1933
 5       1.287767e-05            0.2107
 6       2.951082e-06            0.2292
 7       7.303421e-07            0.2475
 8       1.933555e-07            0.2647
 9       5.414221e-08            0.2800
 10      1.580536e-08            0.2919
 11      4.747758e-09            0.3004
 12      1.453541e-09            0.3062
 13      4.507132e-10            0.3101
 14      1.409994e-10            0.3128
 15      4.439528e-11            0.3149
------------------------------------------------------
 Iterations:      16
 Final Rel. Res.: 4.439528e-11
 Asymptotic Rate: 0.312586 (Geom. Mean, last 4 iters)
======================================================

