Device configuration: omp,cpu
Memory configuration: host-std
Loaded config: /cluster/home/rdabetic/decmg/configs/dirac3d_3d_tetra_barycentric_v.json
=================================================
  Multigrid Convergence Test Configuration
=================================================
 Problem Type:    dirac3d
 Mesh File:       meshes/3d/tetra.msh
 Output File:     out/barycentric/v/dirac/3d/tetra.csv
 MG Cycle Type:   V-Cycle
 Mass Lumping:    barycentric
 B-Conditions:    essential
 Max Refinement:  5
 Eigenvalues:     1 (Tol: 0.01)
 GMRES Benchmark: 8 runs (Tol: 1e-06, K-Dim: 20)
=================================================

======================================================
  Refinement Level: 1
======================================================
 Mesh width (h):  3.5355e-01
 Total DOFs:      389
 Spectral Radii:  0.469993
 GMRES Avg Iters: 10.00
------------------------------------------------------
  MG RESIDUAL DECAY
------------------------------------------------------
 Iter    Rel. Residual           Reduction Factor
------------------------------------------------------
 0       1.410963e-01            -----
 1       2.999498e-02            0.2126
 2       9.674811e-03            0.3225
 3       3.491510e-03            0.3609
 4       1.265565e-03            0.3625
 5       4.634548e-04            0.3662
 6       1.707546e-04            0.3684
 7       6.404219e-05            0.3751
 8       2.456677e-05            0.3836
 9       9.644205e-06            0.3926
 10      3.852722e-06            0.3995
 11      1.555113e-06            0.4036
 12      6.303997e-07            0.4054
 13      2.556744e-07            0.4056
 14      1.035776e-07            0.4051
 15      4.191812e-08            0.4047
------------------------------------------------------
 Iterations:      16
 Final Rel. Res.: 4.191812e-08
 Asymptotic Rate: 0.405131 (Geom. Mean, last 4 iters)
======================================================

======================================================
  Refinement Level: 2
======================================================
 Mesh width (h):  1.7678e-01
 Total DOFs:      2633
 Spectral Radii:  0.484754
 GMRES Avg Iters: 10.00
------------------------------------------------------
  MG RESIDUAL DECAY
------------------------------------------------------
 Iter    Rel. Residual           Reduction Factor
------------------------------------------------------
 0       1.113576e-01            -----
 1       2.828495e-02            0.2540
 2       8.573956e-03            0.3031
 3       3.413036e-03            0.3981
 4       1.266989e-03            0.3712
 5       4.950291e-04            0.3907
 6       1.947412e-04            0.3934
 7       7.855920e-05            0.4034
 8       3.231517e-05            0.4113
 9       1.354131e-05            0.4190
 10      5.755741e-06            0.4251
 11      2.472669e-06            0.4296
 12      1.070274e-06            0.4328
 13      4.657574e-07            0.4352
 14      2.035239e-07            0.4370
 15      8.925536e-08            0.4385
------------------------------------------------------
 Iterations:      16
 Final Rel. Res.: 8.925536e-08
 Asymptotic Rate: 0.436898 (Geom. Mean, last 4 iters)
======================================================

======================================================
  Refinement Level: 3
======================================================
 Mesh width (h):  8.8388e-02
 Total DOFs:      19345
 Spectral Radii:  0.507104
 GMRES Avg Iters: 11.00
------------------------------------------------------
  MG RESIDUAL DECAY
------------------------------------------------------
 Iter    Rel. Residual           Reduction Factor
------------------------------------------------------
 0       2.210290e-01            -----
 1       7.288501e-02            0.3298
 2       1.709893e-02            0.2346
 3       6.465988e-03            0.3782
 4       2.757610e-03            0.4265
 5       1.197268e-03            0.4342
 6       5.248675e-04            0.4384
 7       2.330601e-04            0.4440
 8       1.045892e-04            0.4488
 9       4.732656e-05            0.4525
 10      2.152359e-05            0.4548
 11      9.816973e-06            0.4561
 12      4.483579e-06            0.4567
 13      2.048653e-06            0.4569
 14      9.360585e-07            0.4569
 15      4.276195e-07            0.4568
------------------------------------------------------
 Iterations:      16
 Final Rel. Res.: 4.276195e-07
 Asymptotic Rate: 0.456889 (Geom. Mean, last 4 iters)
======================================================

======================================================
  Refinement Level: 4
======================================================
 Mesh width (h):  4.4194e-02
 Total DOFs:      148257
 Spectral Radii:  0.530055
 GMRES Avg Iters: 11.00
------------------------------------------------------
  MG RESIDUAL DECAY
------------------------------------------------------
 Iter    Rel. Residual           Reduction Factor
------------------------------------------------------
 0       8.101610e-01            -----
 1       3.007548e-01            0.3712
 2       7.031555e-02            0.2338
 3       2.393506e-02            0.3404
 4       9.976619e-03            0.4168
 5       4.313710e-03            0.4324
 6       1.911566e-03            0.4431
 7       8.580323e-04            0.4489
 8       3.889285e-04            0.4533
 9       1.775503e-04            0.4565
 10      8.153219e-05            0.4592
 11      3.762742e-05            0.4615
 12      1.744257e-05            0.4636
 13      8.118227e-06            0.4654
 14      3.792377e-06            0.4671
 15      1.777607e-06            0.4687
------------------------------------------------------
 Iterations:      16
 Final Rel. Res.: 1.777607e-06
 Asymptotic Rate: 0.467098 (Geom. Mean, last 4 iters)
======================================================

======================================================
  Refinement Level: 5
======================================================
 Mesh width (h):  2.2097e-02
 Total DOFs:      1160769
 Spectral Radii:  0.537888
 GMRES Avg Iters: 11.00
------------------------------------------------------
  MG RESIDUAL DECAY
------------------------------------------------------
 Iter    Rel. Residual           Reduction Factor
------------------------------------------------------
 0       3.362626e+00            -----
 1       1.263627e+00            0.3758
 2       2.821723e-01            0.2233
 3       9.703296e-02            0.3439
 4       4.006965e-02            0.4129
 5       1.738251e-02            0.4338
 6       7.700918e-03            0.4430
 7       3.461246e-03            0.4495
 8       1.572161e-03            0.4542
 9       7.200475e-04            0.4580
 10      3.319898e-04            0.4611
 11      1.539266e-04            0.4636
 12      7.171140e-05            0.4659
 13      3.355061e-05            0.4679
 14      1.575657e-05            0.4696
 15      7.425444e-06            0.4713
------------------------------------------------------
 Iterations:      16
 Final Rel. Res.: 7.425444e-06
 Asymptotic Rate: 0.469582 (Geom. Mean, last 4 iters)
======================================================

