Device configuration: omp,cpu
Memory configuration: host-std
Loaded config: /cluster/home/rdabetic/decmg/configs/dirac2d_2d_reentrant_barycentric_v.json
=================================================
  Multigrid Convergence Test Configuration
=================================================
 Problem Type:    dirac2d
 Mesh File:       meshes/2d/reentrant.msh
 Output File:     out/barycentric/v/dirac/2d/reentrant.csv
 MG Cycle Type:   V-Cycle
 Mass Lumping:    barycentric
 B-Conditions:    essential
 Max Refinement:  6
 Eigenvalues:     1 (Tol: 0.01)
 GMRES Benchmark: 8 runs (Tol: 1e-06, K-Dim: 20)
=================================================


Gmsh reader: all element attributes were zero.
MFEM only supports positive element attributes.
Setting element attributes to 1.

======================================================
  Refinement Level: 1
======================================================
 Mesh width (h):  1.4951e-01
 Total DOFs:      425
 Spectral Radii:  0.245201
 GMRES Avg Iters: 8.50
------------------------------------------------------
  MG RESIDUAL DECAY
------------------------------------------------------
 Iter    Rel. Residual           Reduction Factor
------------------------------------------------------
 0       1.384266e-01            -----
 1       1.636240e-02            0.1182
 2       3.504947e-03            0.2142
 3       8.719816e-04            0.2488
 4       2.159723e-04            0.2477
 5       5.508631e-05            0.2551
 6       1.344506e-05            0.2441
 7       3.187766e-06            0.2371
 8       7.633049e-07            0.2394
 9       1.882827e-07            0.2467
 10      4.744212e-08            0.2520
 11      1.193724e-08            0.2516
 12      2.951129e-09            0.2472
 13      7.138448e-10            0.2419
 14      1.698688e-10            0.2380
 15      4.026537e-11            0.2370
------------------------------------------------------
 Iterations:      16
 Final Rel. Res.: 4.026537e-11
 Asymptotic Rate: 0.238954 (Geom. Mean, last 4 iters)
======================================================

======================================================
  Refinement Level: 2
======================================================
 Mesh width (h):  7.4754e-02
 Total DOFs:      1617
 Spectral Radii:  0.31425
 GMRES Avg Iters: 9.12
------------------------------------------------------
  MG RESIDUAL DECAY
------------------------------------------------------
 Iter    Rel. Residual           Reduction Factor
------------------------------------------------------
 0       1.426908e-01            -----
 1       2.176491e-02            0.1525
 2       4.061116e-03            0.1866
 3       9.652064e-04            0.2377
 4       2.693477e-04            0.2791
 5       7.235527e-05            0.2686
 6       1.996448e-05            0.2759
 7       5.711840e-06            0.2861
 8       1.685001e-06            0.2950
 9       5.094135e-07            0.3023
 10      1.564719e-07            0.3072
 11      4.849050e-08            0.3099
 12      1.510170e-08            0.3114
 13      4.717406e-09            0.3124
 14      1.476653e-09            0.3130
 15      4.629121e-10            0.3135
------------------------------------------------------
 Iterations:      16
 Final Rel. Res.: 4.629121e-10
 Asymptotic Rate: 0.312961 (Geom. Mean, last 4 iters)
======================================================

======================================================
  Refinement Level: 3
======================================================
 Mesh width (h):  3.7377e-02
 Total DOFs:      6305
 Spectral Radii:  0.359647
 GMRES Avg Iters: 10.00
------------------------------------------------------
  MG RESIDUAL DECAY
------------------------------------------------------
 Iter    Rel. Residual           Reduction Factor
------------------------------------------------------
 0       1.345107e-01            -----
 1       2.165049e-02            0.1610
 2       4.123616e-03            0.1905
 3       1.025761e-03            0.2488
 4       2.856663e-04            0.2785
 5       8.404239e-05            0.2942
 6       2.602683e-05            0.3097
 7       8.364188e-06            0.3214
 8       2.755145e-06            0.3294
 9       9.214638e-07            0.3345
 10      3.113156e-07            0.3378
 11      1.060504e-07            0.3407
 12      3.638094e-08            0.3431
 13      1.255526e-08            0.3451
 14      4.355142e-09            0.3469
 15      1.517493e-09            0.3484
------------------------------------------------------
 Iterations:      16
 Final Rel. Res.: 1.517493e-09
 Asymptotic Rate: 0.346804 (Geom. Mean, last 4 iters)
======================================================

======================================================
  Refinement Level: 4
======================================================
 Mesh width (h):  1.8689e-02
 Total DOFs:      24897
 Spectral Radii:  0.393996
 GMRES Avg Iters: 10.00
------------------------------------------------------
  MG RESIDUAL DECAY
------------------------------------------------------
 Iter    Rel. Residual           Reduction Factor
------------------------------------------------------
 0       1.355775e-01            -----
 1       2.181576e-02            0.1609
 2       4.051480e-03            0.1857
 3       1.003302e-03            0.2476
 4       2.857152e-04            0.2848
 5       8.636092e-05            0.3023
 6       2.763945e-05            0.3200
 7       9.242742e-06            0.3344
 8       3.183489e-06            0.3444
 9       1.120386e-06            0.3519
 10      4.004760e-07            0.3574
 11      1.448177e-07            0.3616
 12      5.284264e-08            0.3649
 13      1.942311e-08            0.3676
 14      7.183561e-09            0.3698
 15      2.671161e-09            0.3718
------------------------------------------------------
 Iterations:      16
 Final Rel. Res.: 2.671161e-09
 Asymptotic Rate: 0.369747 (Geom. Mean, last 4 iters)
======================================================

======================================================
  Refinement Level: 5
======================================================
 Mesh width (h):  9.3443e-03
 Total DOFs:      98945
 Spectral Radii:  0.409056
 GMRES Avg Iters: 10.00
------------------------------------------------------
  MG RESIDUAL DECAY
------------------------------------------------------
 Iter    Rel. Residual           Reduction Factor
------------------------------------------------------
 0       1.318866e-01            -----
 1       2.061351e-02            0.1563
 2       3.921369e-03            0.1902
 3       9.746486e-04            0.2485
 4       2.780654e-04            0.2853
 5       8.487352e-05            0.3052
 6       2.753126e-05            0.3244
 7       9.359931e-06            0.3400
 8       3.297794e-06            0.3523
 9       1.192839e-06            0.3617
 10      4.396974e-07            0.3686
 11      1.643705e-07            0.3738
 12      6.212280e-08            0.3779
 13      2.368933e-08            0.3813
 14      9.101263e-09            0.3842
 15      3.518992e-09            0.3866
------------------------------------------------------
 Iterations:      16
 Final Rel. Res.: 3.518992e-09
 Asymptotic Rate: 0.384051 (Geom. Mean, last 4 iters)
======================================================

======================================================
  Refinement Level: 6
======================================================
 Mesh width (h):  4.6722e-03
 Total DOFs:      394497
 Spectral Radii:  0.418616
 GMRES Avg Iters: 10.00
------------------------------------------------------
  MG RESIDUAL DECAY
------------------------------------------------------
 Iter    Rel. Residual           Reduction Factor
------------------------------------------------------
 0       1.312018e-01            -----
 1       2.061062e-02            0.1571
 2       3.866192e-03            0.1876
 3       9.598231e-04            0.2483
 4       2.760110e-04            0.2876
 5       8.514393e-05            0.3085
 6       2.791179e-05            0.3278
 7       9.565837e-06            0.3427
 8       3.383358e-06            0.3537
 9       1.224091e-06            0.3618
 10      4.500692e-07            0.3677
 11      1.674640e-07            0.3721
 12      6.289419e-08            0.3756
 13      2.380120e-08            0.3784
 14      9.064707e-09            0.3809
 15      3.471183e-09            0.3829
------------------------------------------------------
 Iterations:      16
 Final Rel. Res.: 3.471183e-09
 Asymptotic Rate: 0.380735 (Geom. Mean, last 4 iters)
======================================================

