Device configuration: omp,cpu
Memory configuration: host-std
Loaded config: /cluster/home/rdabetic/decmg/configs/dirac3d_3d_hole_void_barycentric_w.json
=================================================
  Multigrid Convergence Test Configuration
=================================================
 Problem Type:    dirac3d
 Mesh File:       meshes/3d/hole_void.msh
 Output File:     out/barycentric/w/dirac/3d/hole_void.csv
 MG Cycle Type:   W-Cycle
 Mass Lumping:    barycentric
 B-Conditions:    essential
 Max Refinement:  5
 Eigenvalues:     3 (Tol: 0.01)
 GMRES Benchmark: 8 runs (Tol: 1e-06, K-Dim: 20)
=================================================

======================================================
  Refinement Level: 1
======================================================
 Mesh width (h):  1.5811e+00
 Total DOFs:      4305
 Spectral Radii:  1 1 0.650983
 GMRES Avg Iters: 24.62
------------------------------------------------------
  MG RESIDUAL DECAY
------------------------------------------------------
 Iter    Rel. Residual           Reduction Factor
------------------------------------------------------
 0       1.136650e-01            -----
 1       3.142121e-02            0.2764
 2       1.207817e-02            0.3844
 3       5.493564e-03            0.4548
 4       2.668083e-03            0.4857
 5       1.355411e-03            0.5080
 6       7.087993e-04            0.5229
 7       3.786180e-04            0.5342
 8       2.055173e-04            0.5428
 9       1.129652e-04            0.5497
 10      6.272410e-05            0.5553
 11      3.512134e-05            0.5599
 12      1.980746e-05            0.5640
 13      1.124199e-05            0.5676
 14      6.417622e-06            0.5709
 15      3.683644e-06            0.5740
------------------------------------------------------
 Iterations:      16
 Final Rel. Res.: 3.683644e-06
 Asymptotic Rate: 0.570799 (Geom. Mean, last 4 iters)
======================================================

======================================================
  Refinement Level: 2
======================================================
 Mesh width (h):  7.9057e-01
 Total DOFs:      32449
 Spectral Radii:  1 1 0.651959
 GMRES Avg Iters: 26.38
------------------------------------------------------
  MG RESIDUAL DECAY
------------------------------------------------------
 Iter    Rel. Residual           Reduction Factor
------------------------------------------------------
 0       1.125881e-01            -----
 1       2.344442e-02            0.2082
 2       8.090072e-03            0.3451
 3       3.472365e-03            0.4292
 4       1.644744e-03            0.4737
 5       8.265997e-04            0.5026
 6       4.325337e-04            0.5233
 7       2.330296e-04            0.5388
 8       1.284379e-04            0.5512
 9       7.208838e-05            0.5613
 10      4.106565e-05            0.5697
 11      2.368106e-05            0.5767
 12      1.379678e-05            0.5826
 13      8.108924e-06            0.5877
 14      4.802621e-06            0.5923
 15      2.863930e-06            0.5963
------------------------------------------------------
 Iterations:      16
 Final Rel. Res.: 2.863930e-06
 Asymptotic Rate: 0.592100 (Geom. Mean, last 4 iters)
======================================================

======================================================
  Refinement Level: 3
======================================================
 Mesh width (h):  3.9528e-01
 Total DOFs:      251777
 Spectral Radii:  1 1 0.651476
 GMRES Avg Iters: 27.50
------------------------------------------------------
  MG RESIDUAL DECAY
------------------------------------------------------
 Iter    Rel. Residual           Reduction Factor
------------------------------------------------------
 0       1.345038e-01            -----
 1       3.658620e-02            0.2720
 2       1.021225e-02            0.2791
 3       4.122235e-03            0.4037
 4       1.922502e-03            0.4664
 5       9.699171e-04            0.5045
 6       5.094676e-04            0.5253
 7       2.750907e-04            0.5400
 8       1.514031e-04            0.5504
 9       8.464766e-05            0.5591
 10      4.796254e-05            0.5666
 11      2.750213e-05            0.5734
 12      1.594032e-05            0.5796
 13      9.329782e-06            0.5853
 14      5.509553e-06            0.5905
 15      3.280189e-06            0.5954
------------------------------------------------------
 Iterations:      16
 Final Rel. Res.: 3.280189e-06
 Asymptotic Rate: 0.590383 (Geom. Mean, last 4 iters)
======================================================

======================================================
  Refinement Level: 4
======================================================
 Mesh width (h):  1.9764e-01
 Total DOFs:      1983233
 Spectral Radii:  1 1 0.66133
 GMRES Avg Iters: 28.00
------------------------------------------------------
  MG RESIDUAL DECAY
------------------------------------------------------
 Iter    Rel. Residual           Reduction Factor
------------------------------------------------------
 0       3.336476e-01            -----
 1       1.242220e-01            0.3723
 2       2.876351e-02            0.2315
 3       1.059183e-02            0.3682
 4       4.795139e-03            0.4527
 5       2.372661e-03            0.4948
 6       1.222364e-03            0.5152
 7       6.487746e-04            0.5308
 8       3.518420e-04            0.5423
 9       1.941876e-04            0.5519
 10      1.087514e-04            0.5600
 11      6.166323e-05            0.5670
 12      3.533851e-05            0.5731
 13      2.044044e-05            0.5784
 14      1.191956e-05            0.5831
 15      7.000838e-06            0.5873
------------------------------------------------------
 Iterations:      16
 Final Rel. Res.: 7.000838e-06
 Asymptotic Rate: 0.582954 (Geom. Mean, last 4 iters)
======================================================

======================================================
  Refinement Level: 5
======================================================
 Mesh width (h):  9.8821e-02
 Total DOFs:      15742465
 Spectral Radii:  1 1 0.684047
 GMRES Avg Iters: 28.00
------------------------------------------------------
  MG RESIDUAL DECAY
------------------------------------------------------
 Iter    Rel. Residual           Reduction Factor
------------------------------------------------------
 0       1.261003e+00            -----
 1       4.962555e-01            0.3935
 2       1.115592e-01            0.2248
 3       3.902663e-02            0.3498
 4       1.741122e-02            0.4461
 5       8.521359e-03            0.4894
 6       4.359326e-03            0.5116
 7       2.295768e-03            0.5266
 8       1.235553e-03            0.5382
 9       6.768345e-04            0.5478
 10      3.763621e-04            0.5561
 11      2.120349e-04            0.5634
 12      1.208529e-04            0.5700
 13      6.960735e-05            0.5760
 14      4.047427e-05            0.5815
 15      2.373881e-05            0.5865
------------------------------------------------------
 Iterations:      16
 Final Rel. Res.: 2.373881e-05
 Asymptotic Rate: 0.581300 (Geom. Mean, last 4 iters)
======================================================

