Device configuration: omp,cpu
Memory configuration: host-std
Loaded config: /cluster/home/rdabetic/decmg/configs/dirac3d_3d_corner_barycentric_v.json
=================================================
  Multigrid Convergence Test Configuration
=================================================
 Problem Type:    dirac3d
 Mesh File:       meshes/3d/corner.msh
 Output File:     out/barycentric/v/dirac/3d/corner.csv
 MG Cycle Type:   V-Cycle
 Mass Lumping:    barycentric
 B-Conditions:    essential
 Max Refinement:  5
 Eigenvalues:     1 (Tol: 0.01)
 GMRES Benchmark: 8 runs (Tol: 1e-06, K-Dim: 20)
=================================================

======================================================
  Refinement Level: 1
======================================================
 Mesh width (h):  5.0000e-01
 Total DOFs:      1481
 Spectral Radii:  0.515541
 GMRES Avg Iters: 14.62
------------------------------------------------------
  MG RESIDUAL DECAY
------------------------------------------------------
 Iter    Rel. Residual           Reduction Factor
------------------------------------------------------
 0       1.051147e-01            -----
 1       2.134596e-02            0.2031
 2       6.562997e-03            0.3075
 3       2.589073e-03            0.3945
 4       1.128278e-03            0.4358
 5       5.192208e-04            0.4602
 6       2.458650e-04            0.4735
 7       1.183388e-04            0.4813
 8       5.757016e-05            0.4865
 9       2.823068e-05            0.4904
 10      1.393113e-05            0.4935
 11      6.910589e-06            0.4961
 12      3.443187e-06            0.4982
 13      1.722071e-06            0.5001
 14      8.640926e-07            0.5018
 15      4.348019e-07            0.5032
------------------------------------------------------
 Iterations:      16
 Final Rel. Res.: 4.348019e-07
 Asymptotic Rate: 0.501699 (Geom. Mean, last 4 iters)
======================================================

======================================================
  Refinement Level: 2
======================================================
 Mesh width (h):  2.5000e-01
 Total DOFs:      10881
 Spectral Radii:  0.578933
 GMRES Avg Iters: 16.00
------------------------------------------------------
  MG RESIDUAL DECAY
------------------------------------------------------
 Iter    Rel. Residual           Reduction Factor
------------------------------------------------------
 0       1.233850e-01            -----
 1       3.301495e-02            0.2676
 2       9.936830e-03            0.3010
 3       3.893392e-03            0.3918
 4       1.721663e-03            0.4422
 5       8.006756e-04            0.4651
 6       3.835622e-04            0.4790
 7       1.876312e-04            0.4892
 8       9.320970e-05            0.4968
 9       4.689827e-05            0.5031
 10      2.386835e-05            0.5089
 11      1.227710e-05            0.5144
 12      6.377595e-06            0.5195
 13      3.343201e-06            0.5242
 14      1.766994e-06            0.5285
 15      9.407528e-07            0.5324
------------------------------------------------------
 Iterations:      16
 Final Rel. Res.: 9.407528e-07
 Asymptotic Rate: 0.528372 (Geom. Mean, last 4 iters)
======================================================

======================================================
  Refinement Level: 3
======================================================
 Mesh width (h):  1.2500e-01
 Total DOFs:      83393
 Spectral Radii:  0.626542
 GMRES Avg Iters: 17.00
------------------------------------------------------
  MG RESIDUAL DECAY
------------------------------------------------------
 Iter    Rel. Residual           Reduction Factor
------------------------------------------------------
 0       3.177666e-01            -----
 1       1.118808e-01            0.3521
 2       2.464607e-02            0.2203
 3       9.299333e-03            0.3773
 4       4.343748e-03            0.4671
 5       2.150080e-03            0.4950
 6       1.109220e-03            0.5159
 7       5.868863e-04            0.5291
 8       3.171994e-04            0.5405
 9       1.744396e-04            0.5499
 10      9.737642e-05            0.5582
 11      5.506146e-05            0.5654
 12      3.148338e-05            0.5718
 13      1.817633e-05            0.5773
 14      1.058169e-05            0.5822
 15      6.204789e-06            0.5864
------------------------------------------------------
 Iterations:      16
 Final Rel. Res.: 6.204789e-06
 Asymptotic Rate: 0.581945 (Geom. Mean, last 4 iters)
======================================================

======================================================
  Refinement Level: 4
======================================================
 Mesh width (h):  6.2500e-02
 Total DOFs:      652929
 Spectral Radii:  0.657992
 GMRES Avg Iters: 17.00
------------------------------------------------------
  MG RESIDUAL DECAY
------------------------------------------------------
 Iter    Rel. Residual           Reduction Factor
------------------------------------------------------
 0       1.148281e+00            -----
 1       4.278331e-01            0.3726
 2       1.033138e-01            0.2415
 3       3.850513e-02            0.3727
 4       1.765143e-02            0.4584
 5       8.704582e-03            0.4931
 6       4.471982e-03            0.5138
 7       2.350144e-03            0.5255
 8       1.255516e-03            0.5342
 9       6.796015e-04            0.5413
 10      3.722735e-04            0.5478
 11      2.062262e-04            0.5540
 12      1.154918e-04            0.5600
 13      6.536827e-05            0.5660
 14      3.738417e-05            0.5719
 15      2.159711e-05            0.5777
------------------------------------------------------
 Iterations:      16
 Final Rel. Res.: 2.159711e-05
 Asymptotic Rate: 0.571849 (Geom. Mean, last 4 iters)
======================================================

======================================================
  Refinement Level: 5
======================================================
 Mesh width (h):  3.1250e-02
 Total DOFs:      5167361
 Spectral Radii:  0.681104
 GMRES Avg Iters: 17.00
------------------------------------------------------
  MG RESIDUAL DECAY
------------------------------------------------------
 Iter    Rel. Residual           Reduction Factor
------------------------------------------------------
 0       4.690231e+00            -----
 1       1.763766e+00            0.3761
 2       4.095922e-01            0.2322
 3       1.484671e-01            0.3625
 4       6.756276e-02            0.4551
 5       3.306026e-02            0.4893
 6       1.674915e-02            0.5066
 7       8.685592e-03            0.5186
 8       4.582101e-03            0.5276
 9       2.451912e-03            0.5351
 10      1.328655e-03            0.5419
 11      7.285632e-04            0.5483
 12      4.041822e-04            0.5548
 13      2.268849e-04            0.5613
 14      1.289170e-04            0.5682
 15      7.418066e-05            0.5754
------------------------------------------------------
 Iterations:      16
 Final Rel. Res.: 7.418066e-05
 Asymptotic Rate: 0.568292 (Geom. Mean, last 4 iters)
======================================================

