Device configuration: omp,cpu
Memory configuration: host-std
Loaded config: /cluster/home/rdabetic/decmg/configs/dirac2d_2d_circle_scaledid_w.json
=================================================
  Multigrid Convergence Test Configuration
=================================================
 Problem Type:    dirac2d
 Mesh File:       meshes/2d/circle.msh
 Output File:     out/scaledid/w/dirac/2d/circle.csv
 MG Cycle Type:   W-Cycle
 Mass Lumping:    scaledid
 B-Conditions:    essential
 Max Refinement:  6
 Eigenvalues:     1 (Tol: 0.01)
 GMRES Benchmark: 8 runs (Tol: 1e-06, K-Dim: 20)
=================================================


Gmsh reader: all element attributes were zero.
MFEM only supports positive element attributes.
Setting element attributes to 1.

======================================================
  Refinement Level: 1
======================================================
 Mesh width (h):  1.8955e-01
 Total DOFs:      1187
 Spectral Radii:  0.210511
 GMRES Avg Iters: 13.12
------------------------------------------------------
  MG RESIDUAL DECAY
------------------------------------------------------
 Iter    Rel. Residual           Reduction Factor
------------------------------------------------------
 0       1.124137e-01            -----
 1       1.664717e-02            0.1481
 2       2.078730e-03            0.1249
 3       2.562016e-04            0.1232
 4       3.754612e-05            0.1465
 5       5.342737e-06            0.1423
 6       7.772887e-07            0.1455
 7       1.165696e-07            0.1500
 8       1.917898e-08            0.1645
 9       3.457107e-09            0.1803
 10      6.687849e-10            0.1935
 11      1.319114e-10            0.1972
 12      2.652381e-11            0.2011
 13      5.489521e-12            0.2070
 14      1.159560e-12            0.2112
 15      2.477786e-13            0.2137
------------------------------------------------------
 Iterations:      16
 Final Rel. Res.: 2.477786e-13
 Asymptotic Rate: 0.210609 (Geom. Mean, last 4 iters)
======================================================

======================================================
  Refinement Level: 2
======================================================
 Mesh width (h):  9.4776e-02
 Total DOFs:      4653
 Spectral Radii:  0.248818
 GMRES Avg Iters: 14.00
------------------------------------------------------
  MG RESIDUAL DECAY
------------------------------------------------------
 Iter    Rel. Residual           Reduction Factor
------------------------------------------------------
 0       1.066991e-01            -----
 1       1.491657e-02            0.1398
 2       1.917176e-03            0.1285
 3       2.542696e-04            0.1326
 4       3.685948e-05            0.1450
 5       5.276434e-06            0.1431
 6       8.665830e-07            0.1642
 7       1.573211e-07            0.1815
 8       3.104379e-08            0.1973
 9       6.694725e-09            0.2157
 10      1.508198e-09            0.2253
 11      3.468152e-10            0.2300
 12      8.062498e-11            0.2325
 13      1.886886e-11            0.2340
 14      4.435217e-12            0.2351
 15      1.046152e-12            0.2359
------------------------------------------------------
 Iterations:      16
 Final Rel. Res.: 1.046152e-12
 Asymptotic Rate: 0.234986 (Geom. Mean, last 4 iters)
======================================================

======================================================
  Refinement Level: 3
======================================================
 Mesh width (h):  4.7388e-02
 Total DOFs:      18425
 Spectral Radii:  0.256108
 GMRES Avg Iters: 14.62
------------------------------------------------------
  MG RESIDUAL DECAY
------------------------------------------------------
 Iter    Rel. Residual           Reduction Factor
------------------------------------------------------
 0       9.880447e-02            -----
 1       1.334795e-02            0.1351
 2       1.669576e-03            0.1251
 3       2.309227e-04            0.1383
 4       3.277625e-05            0.1419
 5       4.945302e-06            0.1509
 6       8.273547e-07            0.1673
 7       1.537861e-07            0.1859
 8       3.203987e-08            0.2083
 9       7.219090e-09            0.2253
 10      1.693809e-09            0.2346
 11      4.066773e-10            0.2401
 12      9.887018e-11            0.2431
 13      2.419622e-11            0.2447
 14      5.944406e-12            0.2457
 15      1.464282e-12            0.2463
------------------------------------------------------
 Iterations:      16
 Final Rel. Res.: 1.464282e-12
 Asymptotic Rate: 0.245576 (Geom. Mean, last 4 iters)
======================================================

======================================================
  Refinement Level: 4
======================================================
 Mesh width (h):  2.3694e-02
 Total DOFs:      73329
 Spectral Radii:  0.259289
 GMRES Avg Iters: 15.00
------------------------------------------------------
  MG RESIDUAL DECAY
------------------------------------------------------
 Iter    Rel. Residual           Reduction Factor
------------------------------------------------------
 0       9.761999e-02            -----
 1       1.288382e-02            0.1320
 2       1.626189e-03            0.1262
 3       2.226952e-04            0.1369
 4       3.212037e-05            0.1442
 5       4.963116e-06            0.1545
 6       8.295003e-07            0.1671
 7       1.550273e-07            0.1869
 8       3.207454e-08            0.2069
 9       7.142512e-09            0.2227
 10      1.662855e-09            0.2328
 11      3.970004e-10            0.2387
 12      9.616946e-11            0.2422
 13      2.349621e-11            0.2443
 14      5.772907e-12            0.2457
 15      1.424262e-12            0.2467
------------------------------------------------------
 Iterations:      16
 Final Rel. Res.: 1.424262e-12
 Asymptotic Rate: 0.245575 (Geom. Mean, last 4 iters)
======================================================

======================================================
  Refinement Level: 5
======================================================
 Mesh width (h):  1.1847e-02
 Total DOFs:      292577
 Spectral Radii:  0.260356
 GMRES Avg Iters: 15.00
------------------------------------------------------
  MG RESIDUAL DECAY
------------------------------------------------------
 Iter    Rel. Residual           Reduction Factor
------------------------------------------------------
 0       9.537181e-02            -----
 1       1.244270e-02            0.1305
 2       1.554057e-03            0.1249
 3       2.105657e-04            0.1355
 4       3.035457e-05            0.1442
 5       4.694106e-06            0.1546
 6       7.959727e-07            0.1696
 7       1.512361e-07            0.1900
 8       3.173334e-08            0.2098
 9       7.130118e-09            0.2247
 10      1.668160e-09            0.2340
 11      3.992928e-10            0.2394
 12      9.684471e-11            0.2425
 13      2.368489e-11            0.2446
 14      5.826134e-12            0.2460
 15      1.439398e-12            0.2471
------------------------------------------------------
 Iterations:      16
 Final Rel. Res.: 1.439398e-12
 Asymptotic Rate: 0.245868 (Geom. Mean, last 4 iters)
======================================================

======================================================
  Refinement Level: 6
======================================================
 Mesh width (h):  5.9235e-03
 Total DOFs:      1168833
 Spectral Radii:  0.260596
 GMRES Avg Iters: 15.00
------------------------------------------------------
  MG RESIDUAL DECAY
------------------------------------------------------
 Iter    Rel. Residual           Reduction Factor
------------------------------------------------------
 0       9.436092e-02            -----
 1       1.218809e-02            0.1292
 2       1.535007e-03            0.1259
 3       2.066626e-04            0.1346
 4       2.995492e-05            0.1449
 5       4.659302e-06            0.1555
 6       7.956328e-07            0.1708
 7       1.528849e-07            0.1922
 8       3.241981e-08            0.2121
 9       7.347073e-09            0.2266
 10      1.731264e-09            0.2356
 11      4.168421e-10            0.2408
 12      1.016235e-10            0.2438
 13      2.497029e-11            0.2457
 14      6.168964e-12            0.2471
 15      1.530236e-12            0.2481
------------------------------------------------------
 Iterations:      16
 Final Rel. Res.: 1.530236e-12
 Asymptotic Rate: 0.246938 (Geom. Mean, last 4 iters)
======================================================

