Device configuration: omp,cpu
Memory configuration: host-std
Loaded config: /cluster/home/rdabetic/decmg/configs/dirac2d_2d_square_centered_rowsum_v.json
=================================================
  Multigrid Convergence Test Configuration
=================================================
 Problem Type:    dirac2d
 Mesh File:       meshes/2d/square_centered.msh
 Output File:     out/rowsum/v/dirac/2d/square_centered.csv
 MG Cycle Type:   V-Cycle
 Mass Lumping:    rowsum
 B-Conditions:    essential
 Max Refinement:  6
 Eigenvalues:     1 (Tol: 0.01)
 GMRES Benchmark: 8 runs (Tol: 1e-06, K-Dim: 20)
=================================================


Gmsh reader: all element attributes were zero.
MFEM only supports positive element attributes.
Setting element attributes to 1.

======================================================
  Refinement Level: 1
======================================================
 Mesh width (h):  1.9875e-01
 Total DOFs:      361
 Spectral Radii:  0.258887
 GMRES Avg Iters: 8.00
------------------------------------------------------
  MG RESIDUAL DECAY
------------------------------------------------------
 Iter    Rel. Residual           Reduction Factor
------------------------------------------------------
 0       6.859060e-02            -----
 1       8.611309e-03            0.1255
 2       1.267737e-03            0.1472
 3       1.984874e-04            0.1566
 4       3.059664e-05            0.1541
 5       5.064877e-06            0.1655
 6       1.055242e-06            0.2083
 7       2.530326e-07            0.2398
 8       6.439705e-08            0.2545
 9       1.681236e-08            0.2611
 10      4.424889e-09            0.2632
 11      1.166399e-09            0.2636
 12      3.073695e-10            0.2635
 13      8.093050e-11            0.2633
 14      2.128587e-11            0.2630
 15      5.591530e-12            0.2627
------------------------------------------------------
 Iterations:      16
 Final Rel. Res.: 5.591530e-12
 Asymptotic Rate: 0.263001 (Geom. Mean, last 4 iters)
======================================================

======================================================
  Refinement Level: 2
======================================================
 Mesh width (h):  9.9376e-02
 Total DOFs:      1393
 Spectral Radii:  0.306408
 GMRES Avg Iters: 8.00
------------------------------------------------------
  MG RESIDUAL DECAY
------------------------------------------------------
 Iter    Rel. Residual           Reduction Factor
------------------------------------------------------
 0       9.258369e-02            -----
 1       1.328184e-02            0.1435
 2       2.033647e-03            0.1531
 3       3.530367e-04            0.1736
 4       6.473116e-05            0.1834
 5       1.377973e-05            0.2129
 6       3.279561e-06            0.2380
 7       8.698694e-07            0.2652
 8       2.501414e-07            0.2876
 9       7.471889e-08            0.2987
 10      2.268078e-08            0.3035
 11      6.941666e-09            0.3061
 12      2.134313e-09            0.3075
 13      6.578270e-10            0.3082
 14      2.029877e-10            0.3086
 15      6.266237e-11            0.3087
------------------------------------------------------
 Iterations:      16
 Final Rel. Res.: 6.266237e-11
 Asymptotic Rate: 0.308496 (Geom. Mean, last 4 iters)
======================================================

======================================================
  Refinement Level: 3
======================================================
 Mesh width (h):  4.9688e-02
 Total DOFs:      5473
 Spectral Radii:  0.320669
 GMRES Avg Iters: 9.00
------------------------------------------------------
  MG RESIDUAL DECAY
------------------------------------------------------
 Iter    Rel. Residual           Reduction Factor
------------------------------------------------------
 0       1.001596e-01            -----
 1       1.442859e-02            0.1441
 2       2.207545e-03            0.1530
 3       3.655216e-04            0.1656
 4       7.448735e-05            0.2038
 5       1.741841e-05            0.2338
 6       4.468219e-06            0.2565
 7       1.242135e-06            0.2780
 8       3.654077e-07            0.2942
 9       1.108759e-07            0.3034
 10      3.420281e-08            0.3085
 11      1.064043e-08            0.3111
 12      3.324558e-09            0.3124
 13      1.041336e-09            0.3132
 14      3.267291e-10            0.3138
 15      1.026527e-10            0.3142
------------------------------------------------------
 Iterations:      16
 Final Rel. Res.: 1.026527e-10
 Asymptotic Rate: 0.313722 (Geom. Mean, last 4 iters)
======================================================

======================================================
  Refinement Level: 4
======================================================
 Mesh width (h):  2.4844e-02
 Total DOFs:      21697
 Spectral Radii:  0.342698
 GMRES Avg Iters: 9.00
------------------------------------------------------
  MG RESIDUAL DECAY
------------------------------------------------------
 Iter    Rel. Residual           Reduction Factor
------------------------------------------------------
 0       9.620006e-02            -----
 1       1.369708e-02            0.1424
 2       2.115645e-03            0.1545
 3       3.861173e-04            0.1825
 4       8.232706e-05            0.2132
 5       1.913379e-05            0.2324
 6       4.797045e-06            0.2507
 7       1.278797e-06            0.2666
 8       3.602180e-07            0.2817
 9       1.066601e-07            0.2961
 10      3.287616e-08            0.3082
 11      1.042672e-08            0.3172
 12      3.370474e-09            0.3233
 13      1.103456e-09            0.3274
 14      3.644227e-10            0.3303
 15      1.211035e-10            0.3323
------------------------------------------------------
 Iterations:      16
 Final Rel. Res.: 1.211035e-10
 Asymptotic Rate: 0.329981 (Geom. Mean, last 4 iters)
======================================================

======================================================
  Refinement Level: 5
======================================================
 Mesh width (h):  1.2422e-02
 Total DOFs:      86401
 Spectral Radii:  0.364215
 GMRES Avg Iters: 9.00
------------------------------------------------------
  MG RESIDUAL DECAY
------------------------------------------------------
 Iter    Rel. Residual           Reduction Factor
------------------------------------------------------
 0       9.612444e-02            -----
 1       1.369188e-02            0.1424
 2       2.103689e-03            0.1536
 3       3.899467e-04            0.1854
 4       8.472647e-05            0.2173
 5       2.047705e-05            0.2417
 6       5.455692e-06            0.2664
 7       1.580615e-06            0.2897
 8       4.881882e-07            0.3089
 9       1.573752e-07            0.3224
 10      5.208707e-08            0.3310
 11      1.752174e-08            0.3364
 12      5.957114e-09            0.3400
 13      2.040538e-09            0.3425
 14      7.029191e-10            0.3445
 15      2.432281e-10            0.3460
------------------------------------------------------
 Iterations:      16
 Final Rel. Res.: 2.432281e-10
 Asymptotic Rate: 0.344344 (Geom. Mean, last 4 iters)
======================================================

======================================================
  Refinement Level: 6
======================================================
 Mesh width (h):  6.2110e-03
 Total DOFs:      344833
 Spectral Radii:  0.378
 GMRES Avg Iters: 9.00
------------------------------------------------------
  MG RESIDUAL DECAY
------------------------------------------------------
 Iter    Rel. Residual           Reduction Factor
------------------------------------------------------
 0       9.625720e-02            -----
 1       1.330393e-02            0.1382
 2       2.020778e-03            0.1519
 3       3.750476e-04            0.1856
 4       8.196742e-05            0.2186
 5       2.027320e-05            0.2473
 6       5.562950e-06            0.2744
 7       1.656544e-06            0.2978
 8       5.236689e-07            0.3161
 9       1.723791e-07            0.3292
 10      5.826957e-08            0.3380
 11      2.004660e-08            0.3440
 12      6.980855e-09            0.3482
 13      2.452389e-09            0.3513
 14      8.672728e-10            0.3536
 15      3.083113e-10            0.3555
------------------------------------------------------
 Iterations:      16
 Final Rel. Res.: 3.083113e-10
 Asymptotic Rate: 0.353476 (Geom. Mean, last 4 iters)
======================================================

