Device configuration: omp,cpu
Memory configuration: host-std
Loaded config: /cluster/home/rdabetic/decmg/configs/dirac2d_2d_L_rowsum_v.json
=================================================
  Multigrid Convergence Test Configuration
=================================================
 Problem Type:    dirac2d
 Mesh File:       meshes/2d/L.msh
 Output File:     out/rowsum/v/dirac/2d/L.csv
 MG Cycle Type:   V-Cycle
 Mass Lumping:    rowsum
 B-Conditions:    essential
 Max Refinement:  6
 Eigenvalues:     1 (Tol: 0.01)
 GMRES Benchmark: 8 runs (Tol: 1e-06, K-Dim: 20)
=================================================


Gmsh reader: all element attributes were zero.
MFEM only supports positive element attributes.
Setting element attributes to 1.

======================================================
  Refinement Level: 1
======================================================
 Mesh width (h):  1.8352e-01
 Total DOFs:      293
 Spectral Radii:  0.243914
 GMRES Avg Iters: 8.00
------------------------------------------------------
  MG RESIDUAL DECAY
------------------------------------------------------
 Iter    Rel. Residual           Reduction Factor
------------------------------------------------------
 0       9.985260e-02            -----
 1       1.284222e-02            0.1286
 2       2.093999e-03            0.1631
 3       3.791874e-04            0.1811
 4       7.573966e-05            0.1997
 5       1.379685e-05            0.1822
 6       2.756162e-06            0.1998
 7       6.422860e-07            0.2330
 8       1.631854e-07            0.2541
 9       4.278686e-08            0.2622
 10      1.128999e-08            0.2639
 11      2.969873e-09            0.2631
 12      7.769773e-10            0.2616
 13      2.020461e-10            0.2600
 14      5.220985e-11            0.2584
 15      1.340609e-11            0.2568
------------------------------------------------------
 Iterations:      16
 Final Rel. Res.: 1.340609e-11
 Asymptotic Rate: 0.258403 (Geom. Mean, last 4 iters)
======================================================

======================================================
  Refinement Level: 2
======================================================
 Mesh width (h):  9.1759e-02
 Total DOFs:      1113
 Spectral Radii:  0.306408
 GMRES Avg Iters: 9.00
------------------------------------------------------
  MG RESIDUAL DECAY
------------------------------------------------------
 Iter    Rel. Residual           Reduction Factor
------------------------------------------------------
 0       8.809025e-02            -----
 1       1.269698e-02            0.1441
 2       2.110517e-03            0.1662
 3       4.161265e-04            0.1972
 4       8.282844e-05            0.1990
 5       1.880598e-05            0.2270
 6       4.722676e-06            0.2511
 7       1.355811e-06            0.2871
 8       4.235110e-07            0.3124
 9       1.369424e-07            0.3234
 10      4.473239e-08            0.3267
 11      1.460791e-08            0.3266
 12      4.750914e-09            0.3252
 13      1.537387e-09            0.3236
 14      4.950594e-10            0.3220
 15      1.587007e-10            0.3206
------------------------------------------------------
 Iterations:      16
 Final Rel. Res.: 1.587007e-10
 Asymptotic Rate: 0.322058 (Geom. Mean, last 4 iters)
======================================================

======================================================
  Refinement Level: 3
======================================================
 Mesh width (h):  4.5880e-02
 Total DOFs:      4337
 Spectral Radii:  0.350906
 GMRES Avg Iters: 9.88
------------------------------------------------------
  MG RESIDUAL DECAY
------------------------------------------------------
 Iter    Rel. Residual           Reduction Factor
------------------------------------------------------
 0       9.134394e-02            -----
 1       1.303525e-02            0.1427
 2       2.090294e-03            0.1604
 3       3.888057e-04            0.1860
 4       8.291916e-05            0.2133
 5       1.898324e-05            0.2289
 6       4.717922e-06            0.2485
 7       1.247477e-06            0.2644
 8       3.462363e-07            0.2775
 9       9.978762e-08            0.2882
 10      2.954346e-08            0.2961
 11      8.919233e-09            0.3019
 12      2.733145e-09            0.3064
 13      8.474283e-10            0.3101
 14      2.652376e-10            0.3130
 15      8.365227e-11            0.3154
------------------------------------------------------
 Iterations:      16
 Final Rel. Res.: 8.365227e-11
 Asymptotic Rate: 0.312804 (Geom. Mean, last 4 iters)
======================================================

======================================================
  Refinement Level: 4
======================================================
 Mesh width (h):  2.2940e-02
 Total DOFs:      17121
 Spectral Radii:  0.375105
 GMRES Avg Iters: 10.00
------------------------------------------------------
  MG RESIDUAL DECAY
------------------------------------------------------
 Iter    Rel. Residual           Reduction Factor
------------------------------------------------------
 0       8.676861e-02            -----
 1       1.244601e-02            0.1434
 2       2.055020e-03            0.1651
 3       4.081168e-04            0.1986
 4       9.382782e-05            0.2299
 5       2.458010e-05            0.2620
 6       7.144938e-06            0.2907
 7       2.240838e-06            0.3136
 8       7.389705e-07            0.3298
 9       2.517640e-07            0.3407
 10      8.763058e-08            0.3481
 11      3.095391e-08            0.3532
 12      1.105066e-08            0.3570
 13      3.976646e-09            0.3599
 14      1.439844e-09            0.3621
 15      5.238724e-10            0.3638
------------------------------------------------------
 Iterations:      16
 Final Rel. Res.: 5.238724e-10
 Asymptotic Rate: 0.361920 (Geom. Mean, last 4 iters)
======================================================

======================================================
  Refinement Level: 5
======================================================
 Mesh width (h):  1.1470e-02
 Total DOFs:      68033
 Spectral Radii:  0.392295
 GMRES Avg Iters: 10.00
------------------------------------------------------
  MG RESIDUAL DECAY
------------------------------------------------------
 Iter    Rel. Residual           Reduction Factor
------------------------------------------------------
 0       8.708007e-02            -----
 1       1.225469e-02            0.1407
 2       1.996169e-03            0.1629
 3       4.018841e-04            0.2013
 4       9.397866e-05            0.2338
 5       2.481856e-05            0.2641
 6       7.244998e-06            0.2919
 7       2.275521e-06            0.3141
 8       7.507336e-07            0.3299
 9       2.555445e-07            0.3404
 10      8.876121e-08            0.3473
 11      3.126462e-08            0.3522
 12      1.112972e-08            0.3560
 13      3.996757e-09            0.3591
 14      1.446309e-09            0.3619
 15      5.270541e-10            0.3644
------------------------------------------------------
 Iterations:      16
 Final Rel. Res.: 5.270541e-10
 Asymptotic Rate: 0.361790 (Geom. Mean, last 4 iters)
======================================================

======================================================
  Refinement Level: 6
======================================================
 Mesh width (h):  5.7350e-03
 Total DOFs:      271233
 Spectral Radii:  0.403661
 GMRES Avg Iters: 10.00
------------------------------------------------------
  MG RESIDUAL DECAY
------------------------------------------------------
 Iter    Rel. Residual           Reduction Factor
------------------------------------------------------
 0       8.602527e-02            -----
 1       1.223903e-02            0.1423
 2       2.032446e-03            0.1661
 3       4.137589e-04            0.2036
 4       9.725032e-05            0.2350
 5       2.559906e-05            0.2632
 6       7.426366e-06            0.2901
 7       2.330213e-06            0.3138
 8       7.742526e-07            0.3323
 9       2.675428e-07            0.3455
 10      9.492537e-08            0.3548
 11      3.430958e-08            0.3614
 12      1.257277e-08            0.3665
 13      4.657615e-09            0.3705
 14      1.740956e-09            0.3738
 15      6.557300e-10            0.3766
------------------------------------------------------
 Iterations:      16
 Final Rel. Res.: 6.557300e-10
 Asymptotic Rate: 0.373621 (Geom. Mean, last 4 iters)
======================================================

