Device configuration: omp,cpu
Memory configuration: host-std
Loaded config: /cluster/home/rdabetic/decmg/configs/dirac3d_3d_cube_scaledid_v.json
=================================================
  Multigrid Convergence Test Configuration
=================================================
 Problem Type:    dirac3d
 Mesh File:       meshes/3d/cube.msh
 Output File:     out/scaledid/v/dirac/3d/cube.csv
 MG Cycle Type:   V-Cycle
 Mass Lumping:    scaledid
 B-Conditions:    essential
 Max Refinement:  5
 Eigenvalues:     1 (Tol: 0.01)
 GMRES Benchmark: 8 runs (Tol: 1e-06, K-Dim: 20)
=================================================

======================================================
  Refinement Level: 1
======================================================
 Mesh width (h):  5.0000e-01
 Total DOFs:      989
 Spectral Radii:  0.443891
 GMRES Avg Iters: 13.00
------------------------------------------------------
  MG RESIDUAL DECAY
------------------------------------------------------
 Iter    Rel. Residual           Reduction Factor
------------------------------------------------------
 0       9.616865e-02            -----
 1       2.308987e-02            0.2401
 2       7.879652e-03            0.3413
 3       2.871894e-03            0.3645
 4       1.066205e-03            0.3713
 5       3.987783e-04            0.3740
 6       1.497018e-04            0.3754
 7       5.633646e-05            0.3763
 8       2.124776e-05            0.3772
 9       8.033864e-06            0.3781
 10      3.047156e-06            0.3793
 11      1.160394e-06            0.3808
 12      4.441561e-07            0.3828
 13      1.710996e-07            0.3852
 14      6.643101e-08            0.3883
 15      2.603417e-08            0.3919
------------------------------------------------------
 Iterations:      16
 Final Rel. Res.: 2.603417e-08
 Asymptotic Rate: 0.388451 (Geom. Mean, last 4 iters)
======================================================

======================================================
  Refinement Level: 2
======================================================
 Mesh width (h):  2.5000e-01
 Total DOFs:      7257
 Spectral Radii:  0.49254
 GMRES Avg Iters: 12.00
------------------------------------------------------
  MG RESIDUAL DECAY
------------------------------------------------------
 Iter    Rel. Residual           Reduction Factor
------------------------------------------------------
 0       1.030516e-01            -----
 1       2.210662e-02            0.2145
 2       6.613156e-03            0.2991
 3       2.411670e-03            0.3647
 4       9.177049e-04            0.3805
 5       3.592346e-04            0.3914
 6       1.434735e-04            0.3994
 7       5.831871e-05            0.4065
 8       2.408478e-05            0.4130
 9       1.009332e-05            0.4191
 10      4.289184e-06            0.4250
 11      1.847778e-06            0.4308
 12      8.069053e-07            0.4367
 13      3.571213e-07            0.4426
 14      1.601157e-07            0.4484
 15      7.266694e-08            0.4538
------------------------------------------------------
 Iterations:      16
 Final Rel. Res.: 7.266694e-08
 Asymptotic Rate: 0.448234 (Geom. Mean, last 4 iters)
======================================================

======================================================
  Refinement Level: 3
======================================================
 Mesh width (h):  1.2500e-01
 Total DOFs:      55601
 Spectral Radii:  0.520951
 GMRES Avg Iters: 12.00
------------------------------------------------------
  MG RESIDUAL DECAY
------------------------------------------------------
 Iter    Rel. Residual           Reduction Factor
------------------------------------------------------
 0       1.569045e-01            -----
 1       4.590735e-02            0.2926
 2       1.130827e-02            0.2463
 3       3.890908e-03            0.3441
 4       1.478622e-03            0.3800
 5       5.835444e-04            0.3947
 6       2.363535e-04            0.4050
 7       9.763609e-05            0.4131
 8       4.089396e-05            0.4188
 9       1.729545e-05            0.4229
 10      7.369672e-06            0.4261
 11      3.160781e-06            0.4289
 12      1.364253e-06            0.4316
 13      5.927333e-07            0.4345
 14      2.593568e-07            0.4376
 15      1.143584e-07            0.4409
------------------------------------------------------
 Iterations:      16
 Final Rel. Res.: 1.143584e-07
 Asymptotic Rate: 0.437647 (Geom. Mean, last 4 iters)
======================================================

======================================================
  Refinement Level: 4
======================================================
 Mesh width (h):  6.2500e-02
 Total DOFs:      435297
 Spectral Radii:  0.529363
 GMRES Avg Iters: 12.00
------------------------------------------------------
  MG RESIDUAL DECAY
------------------------------------------------------
 Iter    Rel. Residual           Reduction Factor
------------------------------------------------------
 0       4.848475e-01            -----
 1       1.656893e-01            0.3417
 2       3.635994e-02            0.2194
 3       1.208142e-02            0.3323
 4       4.613641e-03            0.3819
 5       1.838751e-03            0.3985
 6       7.498387e-04            0.4078
 7       3.111163e-04            0.4149
 8       1.308399e-04            0.4205
 9       5.559711e-05            0.4249
 10      2.381320e-05            0.4283
 11      1.026370e-05            0.4310
 12      4.446522e-06            0.4332
 13      1.934893e-06            0.4351
 14      8.453512e-07            0.4369
 15      3.707558e-07            0.4386
------------------------------------------------------
 Iterations:      16
 Final Rel. Res.: 3.707558e-07
 Asymptotic Rate: 0.436874 (Geom. Mean, last 4 iters)
======================================================

======================================================
  Refinement Level: 5
======================================================
 Mesh width (h):  3.1250e-02
 Total DOFs:      3444929
 Spectral Radii:  0.53284
 GMRES Avg Iters: 12.00
------------------------------------------------------
  MG RESIDUAL DECAY
------------------------------------------------------
 Iter    Rel. Residual           Reduction Factor
------------------------------------------------------
 0       1.981088e+00            -----
 1       6.630053e-01            0.3347
 2       1.444457e-01            0.2179
 3       4.774638e-02            0.3305
 4       1.824426e-02            0.3821
 5       7.262999e-03            0.3981
 6       2.962932e-03            0.4079
 7       1.231474e-03            0.4156
 8       5.192132e-04            0.4216
 9       2.213075e-04            0.4262
 10      9.512166e-05            0.4298
 11      4.115509e-05            0.4327
 12      1.790176e-05            0.4350
 13      7.822209e-06            0.4370
 14      3.431389e-06            0.4387
 15      1.510561e-06            0.4402
------------------------------------------------------
 Iterations:      16
 Final Rel. Res.: 1.510561e-06
 Asymptotic Rate: 0.438612 (Geom. Mean, last 4 iters)
======================================================

