Device configuration: omp,cpu
Memory configuration: host-std
Loaded config: /cluster/home/rdabetic/decmg/configs/dirac3d_3d_corner_scaledid_v.json
=================================================
  Multigrid Convergence Test Configuration
=================================================
 Problem Type:    dirac3d
 Mesh File:       meshes/3d/corner.msh
 Output File:     out/scaledid/v/dirac/3d/corner.csv
 MG Cycle Type:   V-Cycle
 Mass Lumping:    scaledid
 B-Conditions:    essential
 Max Refinement:  5
 Eigenvalues:     1 (Tol: 0.01)
 GMRES Benchmark: 8 runs (Tol: 1e-06, K-Dim: 20)
=================================================

======================================================
  Refinement Level: 1
======================================================
 Mesh width (h):  5.0000e-01
 Total DOFs:      1481
 Spectral Radii:  0.457497
 GMRES Avg Iters: 27.88
------------------------------------------------------
  MG RESIDUAL DECAY
------------------------------------------------------
 Iter    Rel. Residual           Reduction Factor
------------------------------------------------------
 0       2.102105e-01            -----
 1       3.795910e-02            0.1806
 2       8.745430e-03            0.2304
 3       2.910210e-03            0.3328
 4       9.389860e-04            0.3227
 5       3.764967e-04            0.4010
 6       1.452795e-04            0.3859
 7       5.954360e-05            0.4099
 8       2.432204e-05            0.4085
 9       1.014677e-05            0.4172
 10      4.267975e-06            0.4206
 11      1.818131e-06            0.4260
 12      7.821300e-07            0.4302
 13      3.397591e-07            0.4344
 14      1.488296e-07            0.4380
 15      6.567374e-08            0.4413
------------------------------------------------------
 Iterations:      16
 Final Rel. Res.: 6.567374e-08
 Asymptotic Rate: 0.437896 (Geom. Mean, last 4 iters)
======================================================

======================================================
  Refinement Level: 2
======================================================
 Mesh width (h):  2.5000e-01
 Total DOFs:      10881
 Spectral Radii:  0.479742
 GMRES Avg Iters: 27.00
------------------------------------------------------
  MG RESIDUAL DECAY
------------------------------------------------------
 Iter    Rel. Residual           Reduction Factor
------------------------------------------------------
 0       1.604395e-01            -----
 1       3.681731e-02            0.2295
 2       9.761015e-03            0.2651
 3       2.736267e-03            0.2803
 4       1.021615e-03            0.3734
 5       3.872104e-04            0.3790
 6       1.545819e-04            0.3992
 7       6.238455e-05            0.4036
 8       2.564047e-05            0.4110
 9       1.067805e-05            0.4165
 10      4.512650e-06            0.4226
 11      1.934266e-06            0.4286
 12      8.407137e-07            0.4346
 13      3.701671e-07            0.4403
 14      1.648784e-07            0.4454
 15      7.416793e-08            0.4498
------------------------------------------------------
 Iterations:      16
 Final Rel. Res.: 7.416793e-08
 Asymptotic Rate: 0.445167 (Geom. Mean, last 4 iters)
======================================================

======================================================
  Refinement Level: 3
======================================================
 Mesh width (h):  1.2500e-01
 Total DOFs:      83393
 Spectral Radii:  0.516981
 GMRES Avg Iters: 26.00
------------------------------------------------------
  MG RESIDUAL DECAY
------------------------------------------------------
 Iter    Rel. Residual           Reduction Factor
------------------------------------------------------
 0       1.804980e-01            -----
 1       7.696439e-02            0.4264
 2       2.368459e-02            0.3077
 3       4.573869e-03            0.1931
 4       1.708415e-03            0.3735
 5       6.436106e-04            0.3767
 6       2.737053e-04            0.4253
 7       1.183785e-04            0.4325
 8       5.268562e-05            0.4451
 9       2.400845e-05            0.4557
 10      1.118771e-05            0.4660
 11      5.323031e-06            0.4758
 12      2.577551e-06            0.4842
 13      1.265800e-06            0.4911
 14      6.281304e-07            0.4962
 15      3.139835e-07            0.4999
------------------------------------------------------
 Iterations:      16
 Final Rel. Res.: 3.139835e-07
 Asymptotic Rate: 0.495716 (Geom. Mean, last 4 iters)
======================================================

======================================================
  Refinement Level: 4
======================================================
 Mesh width (h):  6.2500e-02
 Total DOFs:      652929
 Spectral Radii:  0.55804
 GMRES Avg Iters: 26.75
------------------------------------------------------
  MG RESIDUAL DECAY
------------------------------------------------------
 Iter    Rel. Residual           Reduction Factor
------------------------------------------------------
 0       4.930923e-01            -----
 1       2.574500e-01            0.5221
 2       8.087944e-02            0.3142
 3       1.605456e-02            0.1985
 4       5.716683e-03            0.3561
 5       2.234486e-03            0.3909
 6       9.485811e-04            0.4245
 7       4.204877e-04            0.4433
 8       1.908841e-04            0.4540
 9       8.922989e-05            0.4675
 10      4.267252e-05            0.4782
 11      2.090934e-05            0.4900
 12      1.047385e-05            0.5009
 13      5.355920e-06            0.5114
 14      2.788698e-06            0.5207
 15      1.474381e-06            0.5287
------------------------------------------------------
 Iterations:      16
 Final Rel. Res.: 1.474381e-06
 Asymptotic Rate: 0.520197 (Geom. Mean, last 4 iters)
======================================================

======================================================
  Refinement Level: 5
======================================================
 Mesh width (h):  3.1250e-02
 Total DOFs:      5167361
 Spectral Radii:  0.588505
 GMRES Avg Iters: 27.00
------------------------------------------------------
  MG RESIDUAL DECAY
------------------------------------------------------
 Iter    Rel. Residual           Reduction Factor
------------------------------------------------------
 0       1.958303e+00            -----
 1       9.120442e-01            0.4657
 2       2.794706e-01            0.3064
 3       5.991894e-02            0.2144
 4       2.131892e-02            0.3558
 5       8.497499e-03            0.3986
 6       3.526603e-03            0.4150
 7       1.593978e-03            0.4520
 8       7.326110e-04            0.4596
 9       3.566446e-04            0.4868
 10      1.789262e-04            0.5017
 11      9.325931e-05            0.5212
 12      4.988949e-05            0.5350
 13      2.727607e-05            0.5467
 14      1.513535e-05            0.5549
 15      8.487450e-06            0.5608
------------------------------------------------------
 Iterations:      16
 Final Rel. Res.: 8.487450e-06
 Asymptotic Rate: 0.554102 (Geom. Mean, last 4 iters)
======================================================

