Device configuration: omp,cpu
Memory configuration: host-std
Loaded config: /cluster/home/rdabetic/decmg/configs/dirac2d_2d_tria_barycentric_w.json
=================================================
  Multigrid Convergence Test Configuration
=================================================
 Problem Type:    dirac2d
 Mesh File:       meshes/2d/tria.msh
 Output File:     out/barycentric/w/dirac/2d/tria.csv
 MG Cycle Type:   W-Cycle
 Mass Lumping:    barycentric
 B-Conditions:    essential
 Max Refinement:  6
 Eigenvalues:     1 (Tol: 0.01)
 GMRES Benchmark: 8 runs (Tol: 1e-06, K-Dim: 20)
=================================================


Gmsh reader: all element attributes were zero.
MFEM only supports positive element attributes.
Setting element attributes to 1.

======================================================
  Refinement Level: 1
======================================================
 Mesh width (h):  1.2500e-01
 Total DOFs:      217
 Spectral Radii:  0.227101
 GMRES Avg Iters: 8.00
------------------------------------------------------
  MG RESIDUAL DECAY
------------------------------------------------------
 Iter    Rel. Residual           Reduction Factor
------------------------------------------------------
 0       1.860340e-01            -----
 1       2.900261e-02            0.1559
 2       5.438356e-03            0.1875
 3       1.391251e-03            0.2558
 4       3.245949e-04            0.2333
 5       7.246237e-05            0.2232
 6       1.597086e-05            0.2204
 7       3.618700e-06            0.2266
 8       8.782695e-07            0.2427
 9       2.139274e-07            0.2436
 10      4.749365e-08            0.2220
 11      9.492879e-09            0.1999
 12      1.780685e-09            0.1876
 13      3.310766e-10            0.1859
 14      6.293604e-11            0.1901
 15      1.223407e-11            0.1944
------------------------------------------------------
 Iterations:      16
 Final Rel. Res.: 1.223407e-11
 Asymptotic Rate: 0.190105 (Geom. Mean, last 4 iters)
======================================================

======================================================
  Refinement Level: 2
======================================================
 Mesh width (h):  6.2500e-02
 Total DOFs:      817
 Spectral Radii:  0.246203
 GMRES Avg Iters: 8.00
------------------------------------------------------
  MG RESIDUAL DECAY
------------------------------------------------------
 Iter    Rel. Residual           Reduction Factor
------------------------------------------------------
 0       1.271800e-01            -----
 1       1.982286e-02            0.1559
 2       3.725042e-03            0.1879
 3       7.305615e-04            0.1961
 4       1.584698e-04            0.2169
 5       3.507622e-05            0.2213
 6       7.498747e-06            0.2138
 7       1.700092e-06            0.2267
 8       4.024967e-07            0.2367
 9       9.430006e-08            0.2343
 10      2.206007e-08            0.2339
 11      5.161471e-09            0.2340
 12      1.183563e-09            0.2293
 13      2.635622e-10            0.2227
 14      5.749194e-11            0.2181
 15      1.250137e-11            0.2174
------------------------------------------------------
 Iterations:      16
 Final Rel. Res.: 1.250137e-11
 Asymptotic Rate: 0.219409 (Geom. Mean, last 4 iters)
======================================================

======================================================
  Refinement Level: 3
======================================================
 Mesh width (h):  3.1250e-02
 Total DOFs:      3169
 Spectral Radii:  0.26456
 GMRES Avg Iters: 8.00
------------------------------------------------------
  MG RESIDUAL DECAY
------------------------------------------------------
 Iter    Rel. Residual           Reduction Factor
------------------------------------------------------
 0       1.413431e-01            -----
 1       2.194794e-02            0.1553
 2       3.846263e-03            0.1752
 3       7.927593e-04            0.2061
 4       1.708243e-04            0.2155
 5       3.701219e-05            0.2167
 6       8.135315e-06            0.2198
 7       1.857217e-06            0.2283
 8       4.430615e-07            0.2386
 9       1.081329e-07            0.2441
 10      2.695628e-08            0.2493
 11      6.792414e-09            0.2520
 12      1.713184e-09            0.2522
 13      4.323867e-10            0.2524
 14      1.096771e-10            0.2537
 15      2.809044e-11            0.2561
------------------------------------------------------
 Iterations:      16
 Final Rel. Res.: 2.809044e-11
 Asymptotic Rate: 0.254049 (Geom. Mean, last 4 iters)
======================================================

======================================================
  Refinement Level: 4
======================================================
 Mesh width (h):  1.5625e-02
 Total DOFs:      12481
 Spectral Radii:  0.270824
 GMRES Avg Iters: 8.00
------------------------------------------------------
  MG RESIDUAL DECAY
------------------------------------------------------
 Iter    Rel. Residual           Reduction Factor
------------------------------------------------------
 0       1.303721e-01            -----
 1       1.987417e-02            0.1524
 2       3.411126e-03            0.1716
 3       7.169915e-04            0.2102
 4       1.572073e-04            0.2193
 5       3.447799e-05            0.2193
 6       7.798162e-06            0.2262
 7       1.820595e-06            0.2335
 8       4.329214e-07            0.2378
 9       1.051312e-07            0.2428
 10      2.602641e-08            0.2476
 11      6.531690e-09            0.2510
 12      1.654075e-09            0.2532
 13      4.224215e-10            0.2554
 14      1.087868e-10            0.2575
 15      2.819913e-11            0.2592
------------------------------------------------------
 Iterations:      16
 Final Rel. Res.: 2.819913e-11
 Asymptotic Rate: 0.257371 (Geom. Mean, last 4 iters)
======================================================

======================================================
  Refinement Level: 5
======================================================
 Mesh width (h):  7.8125e-03
 Total DOFs:      49537
 Spectral Radii:  0.273287
 GMRES Avg Iters: 8.00
------------------------------------------------------
  MG RESIDUAL DECAY
------------------------------------------------------
 Iter    Rel. Residual           Reduction Factor
------------------------------------------------------
 0       1.317362e-01            -----
 1       1.979277e-02            0.1502
 2       3.468442e-03            0.1752
 3       7.354576e-04            0.2120
 4       1.605028e-04            0.2182
 5       3.472451e-05            0.2163
 6       7.771760e-06            0.2238
 7       1.798817e-06            0.2315
 8       4.267607e-07            0.2372
 9       1.035174e-07            0.2426
 10      2.560092e-08            0.2473
 11      6.429761e-09            0.2512
 12      1.637455e-09            0.2547
 13      4.224489e-10            0.2580
 14      1.102182e-10            0.2609
 15      2.903050e-11            0.2634
------------------------------------------------------
 Iterations:      16
 Final Rel. Res.: 2.903050e-11
 Asymptotic Rate: 0.260752 (Geom. Mean, last 4 iters)
======================================================

======================================================
  Refinement Level: 6
======================================================
 Mesh width (h):  3.9063e-03
 Total DOFs:      197377
 Spectral Radii:  0.274117
 GMRES Avg Iters: 8.00
------------------------------------------------------
  MG RESIDUAL DECAY
------------------------------------------------------
 Iter    Rel. Residual           Reduction Factor
------------------------------------------------------
 0       1.308282e-01            -----
 1       1.981716e-02            0.1515
 2       3.409737e-03            0.1721
 3       7.151119e-04            0.2097
 4       1.548086e-04            0.2165
 5       3.328302e-05            0.2150
 6       7.380042e-06            0.2217
 7       1.706748e-06            0.2313
 8       4.076057e-07            0.2388
 9       9.992861e-08            0.2452
 10      2.506227e-08            0.2508
 11      6.400322e-09            0.2554
 12      1.658014e-09            0.2591
 13      4.345556e-10            0.2621
 14      1.148863e-10            0.2644
 15      3.056455e-11            0.2660
------------------------------------------------------
 Iterations:      16
 Final Rel. Res.: 3.056455e-11
 Asymptotic Rate: 0.264166 (Geom. Mean, last 4 iters)
======================================================

