Device configuration: omp,cpu
Memory configuration: host-std
Loaded config: /cluster/home/rdabetic/decmg/configs/dirac2d_2d_circle_rowsum_v.json
=================================================
  Multigrid Convergence Test Configuration
=================================================
 Problem Type:    dirac2d
 Mesh File:       meshes/2d/circle.msh
 Output File:     out/rowsum/v/dirac/2d/circle.csv
 MG Cycle Type:   V-Cycle
 Mass Lumping:    rowsum
 B-Conditions:    essential
 Max Refinement:  6
 Eigenvalues:     1 (Tol: 0.01)
 GMRES Benchmark: 8 runs (Tol: 1e-06, K-Dim: 20)
=================================================


Gmsh reader: all element attributes were zero.
MFEM only supports positive element attributes.
Setting element attributes to 1.

======================================================
  Refinement Level: 1
======================================================
 Mesh width (h):  1.8955e-01
 Total DOFs:      1187
 Spectral Radii:  0.263064
 GMRES Avg Iters: 8.00
------------------------------------------------------
  MG RESIDUAL DECAY
------------------------------------------------------
 Iter    Rel. Residual           Reduction Factor
------------------------------------------------------
 0       9.185438e-02            -----
 1       1.300295e-02            0.1416
 2       1.859541e-03            0.1430
 3       3.039487e-04            0.1635
 4       5.499045e-05            0.1809
 5       9.910991e-06            0.1802
 6       1.815312e-06            0.1832
 7       3.578013e-07            0.1971
 8       7.606661e-08            0.2126
 9       1.739725e-08            0.2287
 10      4.198193e-09            0.2413
 11      1.041468e-09            0.2481
 12      2.615143e-10            0.2511
 13      6.605105e-11            0.2526
 14      1.673699e-11            0.2534
 15      4.247899e-12            0.2538
------------------------------------------------------
 Iterations:      16
 Final Rel. Res.: 4.247899e-12
 Asymptotic Rate: 0.253256 (Geom. Mean, last 4 iters)
======================================================

======================================================
  Refinement Level: 2
======================================================
 Mesh width (h):  9.4776e-02
 Total DOFs:      4653
 Spectral Radii:  0.309749
 GMRES Avg Iters: 8.88
------------------------------------------------------
  MG RESIDUAL DECAY
------------------------------------------------------
 Iter    Rel. Residual           Reduction Factor
------------------------------------------------------
 0       9.770899e-02            -----
 1       1.380936e-02            0.1413
 2       2.089689e-03            0.1513
 3       3.565869e-04            0.1706
 4       7.090650e-05            0.1988
 5       1.564810e-05            0.2207
 6       3.790697e-06            0.2422
 7       9.972128e-07            0.2631
 8       2.771137e-07            0.2779
 9       7.994212e-08            0.2885
 10      2.358512e-08            0.2950
 11      7.043246e-09            0.2986
 12      2.117866e-09            0.3007
 13      6.396118e-10            0.3020
 14      1.937729e-10            0.3030
 15      5.885243e-11            0.3037
------------------------------------------------------
 Iterations:      16
 Final Rel. Res.: 5.885243e-11
 Asymptotic Rate: 0.302893 (Geom. Mean, last 4 iters)
======================================================

======================================================
  Refinement Level: 3
======================================================
 Mesh width (h):  4.7388e-02
 Total DOFs:      18425
 Spectral Radii:  0.336741
 GMRES Avg Iters: 9.00
------------------------------------------------------
  MG RESIDUAL DECAY
------------------------------------------------------
 Iter    Rel. Residual           Reduction Factor
------------------------------------------------------
 0       9.423726e-02            -----
 1       1.320714e-02            0.1401
 2       1.972976e-03            0.1494
 3       3.485106e-04            0.1766
 4       7.033276e-05            0.2018
 5       1.584470e-05            0.2253
 6       4.005278e-06            0.2528
 7       1.110027e-06            0.2771
 8       3.272848e-07            0.2948
 9       1.003851e-07            0.3067
 10      3.156299e-08            0.3144
 11      1.007832e-08            0.3193
 12      3.250133e-09            0.3225
 13      1.055179e-09            0.3247
 14      3.442315e-10            0.3262
 15      1.127148e-10            0.3274
------------------------------------------------------
 Iterations:      16
 Final Rel. Res.: 1.127148e-10
 Asymptotic Rate: 0.326107 (Geom. Mean, last 4 iters)
======================================================

======================================================
  Refinement Level: 4
======================================================
 Mesh width (h):  2.3694e-02
 Total DOFs:      73329
 Spectral Radii:  0.354506
 GMRES Avg Iters: 9.00
------------------------------------------------------
  MG RESIDUAL DECAY
------------------------------------------------------
 Iter    Rel. Residual           Reduction Factor
------------------------------------------------------
 0       9.703324e-02            -----
 1       1.328881e-02            0.1370
 2       1.973576e-03            0.1485
 3       3.494088e-04            0.1770
 4       7.230021e-05            0.2069
 5       1.695671e-05            0.2345
 6       4.467262e-06            0.2635
 7       1.293325e-06            0.2895
 8       3.998561e-07            0.3092
 9       1.289268e-07            0.3224
 10      4.265690e-08            0.3309
 11      1.434134e-08            0.3362
 12      4.872131e-09            0.3397
 13      1.667245e-09            0.3422
 14      5.736143e-10            0.3440
 15      1.981842e-10            0.3455
------------------------------------------------------
 Iterations:      16
 Final Rel. Res.: 1.981842e-10
 Asymptotic Rate: 0.343914 (Geom. Mean, last 4 iters)
======================================================

======================================================
  Refinement Level: 5
======================================================
 Mesh width (h):  1.1847e-02
 Total DOFs:      292577
 Spectral Radii:  0.372614
 GMRES Avg Iters: 9.00
------------------------------------------------------
  MG RESIDUAL DECAY
------------------------------------------------------
 Iter    Rel. Residual           Reduction Factor
------------------------------------------------------
 0       9.654196e-02            -----
 1       1.330389e-02            0.1378
 2       1.974086e-03            0.1484
 3       3.528828e-04            0.1788
 4       7.411416e-05            0.2100
 5       1.745624e-05            0.2355
 6       4.582810e-06            0.2625
 7       1.315001e-06            0.2869
 8       4.029299e-07            0.3064
 9       1.291399e-07            0.3205
 10      4.262129e-08            0.3300
 11      1.434078e-08            0.3365
 12      4.889502e-09            0.3410
 13      1.683006e-09            0.3442
 14      5.834471e-10            0.3467
 15      2.033843e-10            0.3486
------------------------------------------------------
 Iterations:      16
 Final Rel. Res.: 2.033843e-10
 Asymptotic Rate: 0.346485 (Geom. Mean, last 4 iters)
======================================================

======================================================
  Refinement Level: 6
======================================================
 Mesh width (h):  5.9235e-03
 Total DOFs:      1168833
 Spectral Radii:  0.385679
 GMRES Avg Iters: 9.00
------------------------------------------------------
  MG RESIDUAL DECAY
------------------------------------------------------
 Iter    Rel. Residual           Reduction Factor
------------------------------------------------------
 0       9.652148e-02            -----
 1       1.328754e-02            0.1377
 2       1.976875e-03            0.1488
 3       3.556248e-04            0.1799
 4       7.529792e-05            0.2117
 5       1.801333e-05            0.2392
 6       4.827372e-06            0.2680
 7       1.416189e-06            0.2934
 8       4.435583e-07            0.3132
 9       1.451751e-07            0.3273
 10      4.890574e-08            0.3369
 11      1.679933e-08            0.3435
 12      5.851178e-09            0.3483
 13      2.059199e-09            0.3519
 14      7.305810e-10            0.3548
 15      2.608990e-10            0.3571
------------------------------------------------------
 Iterations:      16
 Final Rel. Res.: 2.608990e-10
 Asymptotic Rate: 0.354603 (Geom. Mean, last 4 iters)
======================================================

