Device configuration: omp,cpu
Memory configuration: host-std
Loaded config: /cluster/home/rdabetic/decmg/configs/dirac3d_3d_tetra_barycentric_w.json
=================================================
  Multigrid Convergence Test Configuration
=================================================
 Problem Type:    dirac3d
 Mesh File:       meshes/3d/tetra.msh
 Output File:     out/barycentric/w/dirac/3d/tetra.csv
 MG Cycle Type:   W-Cycle
 Mass Lumping:    barycentric
 B-Conditions:    essential
 Max Refinement:  5
 Eigenvalues:     1 (Tol: 0.01)
 GMRES Benchmark: 8 runs (Tol: 1e-06, K-Dim: 20)
=================================================

======================================================
  Refinement Level: 1
======================================================
 Mesh width (h):  3.5355e-01
 Total DOFs:      389
 Spectral Radii:  0.469993
 GMRES Avg Iters: 10.00
------------------------------------------------------
  MG RESIDUAL DECAY
------------------------------------------------------
 Iter    Rel. Residual           Reduction Factor
------------------------------------------------------
 0       1.410963e-01            -----
 1       2.999498e-02            0.2126
 2       9.674811e-03            0.3225
 3       3.491510e-03            0.3609
 4       1.265565e-03            0.3625
 5       4.634548e-04            0.3662
 6       1.707546e-04            0.3684
 7       6.404219e-05            0.3751
 8       2.456677e-05            0.3836
 9       9.644205e-06            0.3926
 10      3.852722e-06            0.3995
 11      1.555113e-06            0.4036
 12      6.303997e-07            0.4054
 13      2.556744e-07            0.4056
 14      1.035776e-07            0.4051
 15      4.191812e-08            0.4047
------------------------------------------------------
 Iterations:      16
 Final Rel. Res.: 4.191812e-08
 Asymptotic Rate: 0.405131 (Geom. Mean, last 4 iters)
======================================================

======================================================
  Refinement Level: 2
======================================================
 Mesh width (h):  1.7678e-01
 Total DOFs:      2633
 Spectral Radii:  0.484246
 GMRES Avg Iters: 10.00
------------------------------------------------------
  MG RESIDUAL DECAY
------------------------------------------------------
 Iter    Rel. Residual           Reduction Factor
------------------------------------------------------
 0       1.114748e-01            -----
 1       2.758778e-02            0.2475
 2       8.057552e-03            0.2921
 3       3.082470e-03            0.3826
 4       1.110514e-03            0.3603
 5       4.323770e-04            0.3893
 6       1.706109e-04            0.3946
 7       6.923920e-05            0.4058
 8       2.852100e-05            0.4119
 9       1.190243e-05            0.4173
 10      5.015992e-06            0.4214
 11      2.132504e-06            0.4251
 12      9.138877e-07            0.4286
 13      3.946270e-07            0.4318
 14      1.716396e-07            0.4349
 15      7.517391e-08            0.4380
------------------------------------------------------
 Iterations:      16
 Final Rel. Res.: 7.517391e-08
 Asymptotic Rate: 0.434902 (Geom. Mean, last 4 iters)
======================================================

======================================================
  Refinement Level: 3
======================================================
 Mesh width (h):  8.8388e-02
 Total DOFs:      19345
 Spectral Radii:  0.500485
 GMRES Avg Iters: 11.00
------------------------------------------------------
  MG RESIDUAL DECAY
------------------------------------------------------
 Iter    Rel. Residual           Reduction Factor
------------------------------------------------------
 0       2.294383e-01            -----
 1       7.580533e-02            0.3304
 2       1.671772e-02            0.2205
 3       6.037210e-03            0.3611
 4       2.427864e-03            0.4022
 5       9.925206e-04            0.4088
 6       4.073934e-04            0.4105
 7       1.690593e-04            0.4150
 8       7.066300e-05            0.4180
 9       2.976301e-05            0.4212
 10      1.261745e-05            0.4239
 11      5.380858e-06            0.4265
 12      2.306883e-06            0.4287
 13      9.937894e-07            0.4308
 14      4.300228e-07            0.4327
 15      1.868499e-07            0.4345
------------------------------------------------------
 Iterations:      16
 Final Rel. Res.: 1.868499e-07
 Asymptotic Rate: 0.432669 (Geom. Mean, last 4 iters)
======================================================

======================================================
  Refinement Level: 4
======================================================
 Mesh width (h):  4.4194e-02
 Total DOFs:      148257
 Spectral Radii:  0.525607
 GMRES Avg Iters: 11.00
------------------------------------------------------
  MG RESIDUAL DECAY
------------------------------------------------------
 Iter    Rel. Residual           Reduction Factor
------------------------------------------------------
 0       8.235500e-01            -----
 1       3.165540e-01            0.3844
 2       6.758728e-02            0.2135
 3       2.089646e-02            0.3092
 4       8.040980e-03            0.3848
 5       3.234122e-03            0.4022
 6       1.334617e-03            0.4127
 7       5.580897e-04            0.4182
 8       2.357151e-04            0.4224
 9       1.002946e-04            0.4255
 10      4.293267e-05            0.4281
 11      1.847054e-05            0.4302
 12      7.980422e-06            0.4321
 13      3.460722e-06            0.4337
 14      1.505585e-06            0.4350
 15      6.569001e-07            0.4363
------------------------------------------------------
 Iterations:      16
 Final Rel. Res.: 6.569001e-07
 Asymptotic Rate: 0.435002 (Geom. Mean, last 4 iters)
======================================================

======================================================
  Refinement Level: 5
======================================================
 Mesh width (h):  2.2097e-02
 Total DOFs:      1160769
 Spectral Radii:  0.536806
 GMRES Avg Iters: 11.00
------------------------------------------------------
  MG RESIDUAL DECAY
------------------------------------------------------
 Iter    Rel. Residual           Reduction Factor
------------------------------------------------------
 0       3.445058e+00            -----
 1       1.334087e+00            0.3872
 2       2.707852e-01            0.2030
 3       8.615998e-02            0.3182
 4       3.316668e-02            0.3849
 5       1.344740e-02            0.4054
 6       5.571978e-03            0.4144
 7       2.343799e-03            0.4206
 8       9.958672e-04            0.4249
 9       4.263650e-04            0.4281
 10      1.836594e-04            0.4308
 11      7.953056e-05            0.4330
 12      3.460216e-05            0.4351
 13      1.511964e-05            0.4370
 14      6.632813e-06            0.4387
 15      2.920360e-06            0.4403
------------------------------------------------------
 Iterations:      16
 Final Rel. Res.: 2.920360e-06
 Asymptotic Rate: 0.438643 (Geom. Mean, last 4 iters)
======================================================

