Device configuration: omp,cpu
Memory configuration: host-std
Loaded config: /cluster/home/rdabetic/decmg/configs/dirac2d_2d_two_holes_scaledid_v.json
=================================================
  Multigrid Convergence Test Configuration
=================================================
 Problem Type:    dirac2d
 Mesh File:       meshes/2d/two_holes.msh
 Output File:     out/scaledid/v/dirac/2d/two_holes.csv
 MG Cycle Type:   V-Cycle
 Mass Lumping:    scaledid
 B-Conditions:    essential
 Max Refinement:  6
 Eigenvalues:     3 (Tol: 0.01)
 GMRES Benchmark: 8 runs (Tol: 1e-06, K-Dim: 20)
=================================================


Gmsh reader: all element attributes were zero.
MFEM only supports positive element attributes.
Setting element attributes to 1.

======================================================
  Refinement Level: 1
======================================================
 Mesh width (h):  9.9615e-02
 Total DOFs:      3547
 Spectral Radii:  1 1 0.236616
 GMRES Avg Iters: 13.00
------------------------------------------------------
  MG RESIDUAL DECAY
------------------------------------------------------
 Iter    Rel. Residual           Reduction Factor
------------------------------------------------------
 0       3.627409e-01            -----
 1       4.031204e-02            0.1111
 2       5.735050e-03            0.1423
 3       1.833285e-03            0.3197
 4       2.508713e-04            0.1368
 5       3.037798e-05            0.1211
 6       7.549367e-06            0.2485
 7       1.533063e-06            0.2031
 8       2.779360e-07            0.1813
 9       5.032504e-08            0.1811
 10      9.112637e-09            0.1811
 11      1.613375e-09            0.1770
 12      2.820493e-10            0.1748
 13      4.962743e-11            0.1760
 14      8.750233e-12            0.1763
 15      1.507255e-12            0.1723
------------------------------------------------------
 Iterations:      16
 Final Rel. Res.: 1.507255e-12
 Asymptotic Rate: 0.174832 (Geom. Mean, last 4 iters)
======================================================

======================================================
  Refinement Level: 2
======================================================
 Mesh width (h):  4.9808e-02
 Total DOFs:      13959
 Spectral Radii:  1 1 0.269865
 GMRES Avg Iters: 13.00
------------------------------------------------------
  MG RESIDUAL DECAY
------------------------------------------------------
 Iter    Rel. Residual           Reduction Factor
------------------------------------------------------
 0       1.175348e-01            -----
 1       2.145524e-02            0.1825
 2       4.505359e-03            0.2100
 3       6.297172e-04            0.1398
 4       9.779388e-05            0.1553
 5       2.155536e-05            0.2204
 6       4.927717e-06            0.2286
 7       1.170573e-06            0.2375
 8       2.894482e-07            0.2473
 9       7.149399e-08            0.2470
 10      1.732537e-08            0.2423
 11      4.155687e-09            0.2399
 12      9.983969e-10            0.2402
 13      2.420661e-10            0.2425
 14      5.950494e-11            0.2458
 15      1.486321e-11            0.2498
------------------------------------------------------
 Iterations:      16
 Final Rel. Res.: 1.486321e-11
 Asymptotic Rate: 0.246001 (Geom. Mean, last 4 iters)
======================================================

======================================================
  Refinement Level: 3
======================================================
 Mesh width (h):  2.4904e-02
 Total DOFs:      55375
 Spectral Radii:  1 1 0.285197
 GMRES Avg Iters: 13.00
------------------------------------------------------
  MG RESIDUAL DECAY
------------------------------------------------------
 Iter    Rel. Residual           Reduction Factor
------------------------------------------------------
 0       1.037509e-01            -----
 1       1.556703e-02            0.1500
 2       2.260782e-03            0.1452
 3       7.727260e-04            0.3418
 4       2.080318e-04            0.2692
 5       5.010988e-05            0.2409
 6       1.245826e-05            0.2486
 7       3.157013e-06            0.2534
 8       7.953001e-07            0.2519
 9       2.005472e-07            0.2522
 10      5.111198e-08            0.2549
 11      1.315988e-08            0.2575
 12      3.413653e-09            0.2594
 13      8.919166e-10            0.2613
 14      2.348945e-10            0.2634
 15      6.236324e-11            0.2655
------------------------------------------------------
 Iterations:      16
 Final Rel. Res.: 6.236324e-11
 Asymptotic Rate: 0.263372 (Geom. Mean, last 4 iters)
======================================================

======================================================
  Refinement Level: 4
======================================================
 Mesh width (h):  1.2452e-02
 Total DOFs:      220575
 Spectral Radii:  1 1 0.300817
 GMRES Avg Iters: 14.00
------------------------------------------------------
  MG RESIDUAL DECAY
------------------------------------------------------
 Iter    Rel. Residual           Reduction Factor
------------------------------------------------------
 0       9.825686e-02            -----
 1       1.436281e-02            0.1462
 2       1.957387e-03            0.1363
 3       3.047528e-04            0.1557
 4       5.443214e-05            0.1786
 5       1.139620e-05            0.2094
 6       2.736816e-06            0.2402
 7       7.384247e-07            0.2698
 8       2.105610e-07            0.2851
 9       5.988397e-08            0.2844
 10      1.655841e-08            0.2765
 11      4.432033e-09            0.2677
 12      1.150519e-09            0.2596
 13      2.907508e-10            0.2527
 14      7.198450e-11            0.2476
 15      1.766034e-11            0.2453
------------------------------------------------------
 Iterations:      16
 Final Rel. Res.: 1.766034e-11
 Asymptotic Rate: 0.248524 (Geom. Mean, last 4 iters)
======================================================

======================================================
  Refinement Level: 5
======================================================
 Mesh width (h):  6.2260e-03
 Total DOFs:      880447
 Spectral Radii:  1 1 0.31833
 GMRES Avg Iters: 14.00
------------------------------------------------------
  MG RESIDUAL DECAY
------------------------------------------------------
 Iter    Rel. Residual           Reduction Factor
------------------------------------------------------
 0       9.644224e-02            -----
 1       1.346968e-02            0.1397
 2       1.791243e-03            0.1330
 3       2.700866e-04            0.1508
 4       4.730776e-05            0.1752
 5       1.061333e-05            0.2243
 6       2.955262e-06            0.2784
 7       8.603257e-07            0.2911
 8       2.432554e-07            0.2827
 9       6.640563e-08            0.2730
 10      1.771257e-08            0.2667
 11      4.664098e-09            0.2633
 12      1.220830e-09            0.2618
 13      3.194263e-10            0.2616
 14      8.395240e-11            0.2628
 15      2.225018e-11            0.2650
------------------------------------------------------
 Iterations:      16
 Final Rel. Res.: 2.225018e-11
 Asymptotic Rate: 0.263164 (Geom. Mean, last 4 iters)
======================================================

======================================================
  Refinement Level: 6
======================================================
 Mesh width (h):  3.1130e-03
 Total DOFs:      3518079
 Spectral Radii:  1 1 0.330978
 GMRES Avg Iters: 14.00
------------------------------------------------------
  MG RESIDUAL DECAY
------------------------------------------------------
 Iter    Rel. Residual           Reduction Factor
------------------------------------------------------
 0       9.496328e-02            -----
 1       1.285496e-02            0.1354
 2       1.708346e-03            0.1329
 3       2.542715e-04            0.1488
 4       4.327857e-05            0.1702
 5       8.509069e-06            0.1966
 6       1.894060e-06            0.2226
 7       4.597221e-07            0.2427
 8       1.195097e-07            0.2600
 9       3.271294e-08            0.2737
 10      9.285850e-09            0.2839
 11      2.694964e-09            0.2902
 12      7.908233e-10            0.2934
 13      2.330247e-10            0.2947
 14      6.871178e-11            0.2949
 15      2.024817e-11            0.2947
------------------------------------------------------
 Iterations:      16
 Final Rel. Res.: 2.024817e-11
 Asymptotic Rate: 0.294738 (Geom. Mean, last 4 iters)
======================================================

