Device configuration: omp,cpu
Memory configuration: host-std
Loaded config: /cluster/home/rdabetic/decmg/configs/dirac2d_2d_square_centered_scaledid_w.json
=================================================
  Multigrid Convergence Test Configuration
=================================================
 Problem Type:    dirac2d
 Mesh File:       meshes/2d/square_centered.msh
 Output File:     out/scaledid/w/dirac/2d/square_centered.csv
 MG Cycle Type:   W-Cycle
 Mass Lumping:    scaledid
 B-Conditions:    essential
 Max Refinement:  6
 Eigenvalues:     1 (Tol: 0.01)
 GMRES Benchmark: 8 runs (Tol: 1e-06, K-Dim: 20)
=================================================


Gmsh reader: all element attributes were zero.
MFEM only supports positive element attributes.
Setting element attributes to 1.

======================================================
  Refinement Level: 1
======================================================
 Mesh width (h):  1.9875e-01
 Total DOFs:      361
 Spectral Radii:  0.181013
 GMRES Avg Iters: 12.00
------------------------------------------------------
  MG RESIDUAL DECAY
------------------------------------------------------
 Iter    Rel. Residual           Reduction Factor
------------------------------------------------------
 0       1.573166e-01            -----
 1       2.861421e-02            0.1819
 2       6.958085e-03            0.2432
 3       1.138787e-03            0.1637
 4       1.763114e-04            0.1548
 5       2.420075e-05            0.1373
 6       2.885681e-06            0.1192
 7       3.513264e-07            0.1217
 8       5.709209e-08            0.1625
 9       1.037509e-08            0.1817
 10      1.715013e-09            0.1653
 11      2.435454e-10            0.1420
 12      2.902198e-11            0.1192
 13      3.553064e-12            0.1224
 14      7.805004e-13            0.2197
 15      1.872113e-13            0.2399
------------------------------------------------------
 Iterations:      16
 Final Rel. Res.: 1.872113e-13
 Asymptotic Rate: 0.186152 (Geom. Mean, last 4 iters)
======================================================

======================================================
  Refinement Level: 2
======================================================
 Mesh width (h):  9.9376e-02
 Total DOFs:      1393
 Spectral Radii:  0.243925
 GMRES Avg Iters: 12.62
------------------------------------------------------
  MG RESIDUAL DECAY
------------------------------------------------------
 Iter    Rel. Residual           Reduction Factor
------------------------------------------------------
 0       1.291387e-01            -----
 1       2.006854e-02            0.1554
 2       2.478600e-03            0.1235
 3       3.266997e-04            0.1318
 4       4.812674e-05            0.1473
 5       5.968535e-06            0.1240
 6       7.720170e-07            0.1293
 7       1.277054e-07            0.1654
 8       2.360397e-08            0.1848
 9       4.725634e-09            0.2002
 10      1.004926e-09            0.2127
 11      2.230250e-10            0.2219
 12      5.061239e-11            0.2269
 13      1.162951e-11            0.2298
 14      2.695963e-12            0.2318
 15      6.290816e-13            0.2333
------------------------------------------------------
 Iterations:      16
 Final Rel. Res.: 6.290816e-13
 Asymptotic Rate: 0.231642 (Geom. Mean, last 4 iters)
======================================================

======================================================
  Refinement Level: 3
======================================================
 Mesh width (h):  4.9688e-02
 Total DOFs:      5473
 Spectral Radii:  0.254554
 GMRES Avg Iters: 13.00
------------------------------------------------------
  MG RESIDUAL DECAY
------------------------------------------------------
 Iter    Rel. Residual           Reduction Factor
------------------------------------------------------
 0       1.213209e-01            -----
 1       1.883386e-02            0.1552
 2       2.266338e-03            0.1203
 3       3.255550e-04            0.1436
 4       4.593120e-05            0.1411
 5       6.400089e-06            0.1393
 6       1.096708e-06            0.1714
 7       1.923712e-07            0.1754
 8       3.476745e-08            0.1807
 9       7.215898e-09            0.2075
 10      1.644976e-09            0.2280
 11      3.898294e-10            0.2370
 12      9.414477e-11            0.2415
 13      2.295704e-11            0.2438
 14      5.630521e-12            0.2453
 15      1.386526e-12            0.2463
------------------------------------------------------
 Iterations:      16
 Final Rel. Res.: 1.386526e-12
 Asymptotic Rate: 0.245119 (Geom. Mean, last 4 iters)
======================================================

======================================================
  Refinement Level: 4
======================================================
 Mesh width (h):  2.4844e-02
 Total DOFs:      21697
 Spectral Radii:  0.258056
 GMRES Avg Iters: 13.00
------------------------------------------------------
  MG RESIDUAL DECAY
------------------------------------------------------
 Iter    Rel. Residual           Reduction Factor
------------------------------------------------------
 0       1.045128e-01            -----
 1       1.562535e-02            0.1495
 2       1.897968e-03            0.1215
 3       2.694797e-04            0.1420
 4       3.794351e-05            0.1408
 5       5.576738e-06            0.1470
 6       9.194833e-07            0.1649
 7       1.657792e-07            0.1803
 8       3.240933e-08            0.1955
 9       6.929230e-09            0.2138
 10      1.582609e-09            0.2284
 11      3.750771e-10            0.2370
 12      9.080810e-11            0.2421
 13      2.226119e-11            0.2451
 14      5.497787e-12            0.2470
 15      1.364625e-12            0.2482
------------------------------------------------------
 Iterations:      16
 Final Rel. Res.: 1.364625e-12
 Asymptotic Rate: 0.246772 (Geom. Mean, last 4 iters)
======================================================

======================================================
  Refinement Level: 5
======================================================
 Mesh width (h):  1.2422e-02
 Total DOFs:      86401
 Spectral Radii:  0.258923
 GMRES Avg Iters: 13.00
------------------------------------------------------
  MG RESIDUAL DECAY
------------------------------------------------------
 Iter    Rel. Residual           Reduction Factor
------------------------------------------------------
 0       9.884925e-02            -----
 1       1.379306e-02            0.1395
 2       1.699762e-03            0.1232
 3       2.355882e-04            0.1386
 4       3.342994e-05            0.1419
 5       5.060303e-06            0.1514
 6       8.495955e-07            0.1679
 7       1.578779e-07            0.1858
 8       3.214953e-08            0.2036
 9       7.121886e-09            0.2215
 10      1.658920e-09            0.2329
 11      3.969354e-10            0.2393
 12      9.648950e-11            0.2431
 13      2.368548e-11            0.2455
 14      5.851550e-12            0.2471
 15      1.452298e-12            0.2482
------------------------------------------------------
 Iterations:      16
 Final Rel. Res.: 1.452298e-12
 Asymptotic Rate: 0.246902 (Geom. Mean, last 4 iters)
======================================================

======================================================
  Refinement Level: 6
======================================================
 Mesh width (h):  6.2110e-03
 Total DOFs:      344833
 Spectral Radii:  0.260341
 GMRES Avg Iters: 13.00
------------------------------------------------------
  MG RESIDUAL DECAY
------------------------------------------------------
 Iter    Rel. Residual           Reduction Factor
------------------------------------------------------
 0       9.637982e-02            -----
 1       1.287789e-02            0.1336
 2       1.598426e-03            0.1241
 3       2.186602e-04            0.1368
 4       3.117173e-05            0.1426
 5       4.769029e-06            0.1530
 6       8.066174e-07            0.1691
 7       1.534277e-07            0.1902
 8       3.214820e-08            0.2095
 9       7.234720e-09            0.2250
 10      1.697387e-09            0.2346
 11      4.072300e-10            0.2399
 12      9.897331e-11            0.2430
 13      2.425151e-11            0.2450
 14      5.976007e-12            0.2464
 15      1.478814e-12            0.2475
------------------------------------------------------
 Iterations:      16
 Final Rel. Res.: 1.478814e-12
 Asymptotic Rate: 0.246300 (Geom. Mean, last 4 iters)
======================================================

