Device configuration: omp,cpu
Memory configuration: host-std
Loaded config: /cluster/home/rdabetic/decmg/configs/dirac3d_3d_ball_barycentric_v.json
=================================================
  Multigrid Convergence Test Configuration
=================================================
 Problem Type:    dirac3d
 Mesh File:       meshes/3d/ball.msh
 Output File:     out/barycentric/v/dirac/3d/ball.csv
 MG Cycle Type:   V-Cycle
 Mass Lumping:    barycentric
 B-Conditions:    essential
 Max Refinement:  5
 Eigenvalues:     1 (Tol: 0.01)
 GMRES Benchmark: 8 runs (Tol: 1e-06, K-Dim: 20)
=================================================

======================================================
  Refinement Level: 1
======================================================
 Mesh width (h):  3.0757e-01
 Total DOFs:      2551
 Spectral Radii:  0.653512
 GMRES Avg Iters: 17.88
------------------------------------------------------
  MG RESIDUAL DECAY
------------------------------------------------------
 Iter    Rel. Residual           Reduction Factor
------------------------------------------------------
 0       1.305759e-01            -----
 1       2.960932e-02            0.2268
 2       9.750914e-03            0.3293
 3       3.451565e-03            0.3540
 4       1.349149e-03            0.3909
 5       5.762878e-04            0.4271
 6       2.662894e-04            0.4621
 7       1.311308e-04            0.4924
 8       6.785230e-05            0.5174
 9       3.648584e-05            0.5377
 10      2.021432e-05            0.5540
 11      1.146448e-05            0.5671
 12      6.622379e-06            0.5776
 13      3.880845e-06            0.5860
 14      2.300346e-06            0.5927
 15      1.376192e-06            0.5983
------------------------------------------------------
 Iterations:      16
 Final Rel. Res.: 1.376192e-06
 Asymptotic Rate: 0.592318 (Geom. Mean, last 4 iters)
======================================================

======================================================
  Refinement Level: 2
======================================================
 Mesh width (h):  1.5378e-01
 Total DOFs:      18741
 Spectral Radii:  0.659758
 GMRES Avg Iters: 21.25
------------------------------------------------------
  MG RESIDUAL DECAY
------------------------------------------------------
 Iter    Rel. Residual           Reduction Factor
------------------------------------------------------
 0       1.581577e-01            -----
 1       5.276800e-02            0.3336
 2       1.462457e-02            0.2771
 3       5.359372e-03            0.3665
 4       2.466606e-03            0.4602
 5       1.205768e-03            0.4888
 6       6.331086e-04            0.5251
 7       3.438103e-04            0.5431
 8       1.927187e-04            0.5605
 9       1.105393e-04            0.5736
 10      6.453343e-05            0.5838
 11      3.814712e-05            0.5911
 12      2.274591e-05            0.5963
 13      1.364403e-05            0.5998
 14      8.219396e-06            0.6024
 15      4.967738e-06            0.6044
------------------------------------------------------
 Iterations:      16
 Final Rel. Res.: 4.967738e-06
 Asymptotic Rate: 0.602215 (Geom. Mean, last 4 iters)
======================================================

======================================================
  Refinement Level: 3
======================================================
 Mesh width (h):  7.6892e-02
 Total DOFs:      143625
 Spectral Radii:  0.661364
 GMRES Avg Iters: 22.50
------------------------------------------------------
  MG RESIDUAL DECAY
------------------------------------------------------
 Iter    Rel. Residual           Reduction Factor
------------------------------------------------------
 0       5.717287e-01            -----
 1       2.085405e-01            0.3648
 2       5.314707e-02            0.2549
 3       1.948082e-02            0.3665
 4       9.326789e-03            0.4788
 5       4.728354e-03            0.5070
 6       2.508003e-03            0.5304
 7       1.362902e-03            0.5434
 8       7.561294e-04            0.5548
 9       4.259490e-04            0.5633
 10      2.428943e-04            0.5702
 11      1.398718e-04            0.5759
 12      8.121092e-05            0.5806
 13      4.749234e-05            0.5848
 14      2.795516e-05            0.5886
 15      1.655495e-05            0.5922
------------------------------------------------------
 Iterations:      16
 Final Rel. Res.: 1.655495e-05
 Asymptotic Rate: 0.588533 (Geom. Mean, last 4 iters)
======================================================

======================================================
  Refinement Level: 4
======================================================
 Mesh width (h):  3.8446e-02
 Total DOFs:      1124497
 Spectral Radii:  0.686008
 GMRES Avg Iters: 23.00
------------------------------------------------------
  MG RESIDUAL DECAY
------------------------------------------------------
 Iter    Rel. Residual           Reduction Factor
------------------------------------------------------
 0       2.407578e+00            -----
 1       8.520638e-01            0.3539
 2       2.181530e-01            0.2560
 3       8.640939e-02            0.3961
 4       4.171419e-02            0.4828
 5       2.188018e-02            0.5245
 6       1.185435e-02            0.5418
 7       6.596912e-03            0.5565
 8       3.744349e-03            0.5676
 9       2.160660e-03            0.5770
 10      1.262994e-03            0.5845
 11      7.459091e-04            0.5906
 12      4.440902e-04            0.5954
 13      2.660999e-04            0.5992
 14      1.602692e-04            0.6023
 15      9.693491e-05            0.6048
------------------------------------------------------
 Iterations:      16
 Final Rel. Res.: 9.693491e-05
 Asymptotic Rate: 0.602101 (Geom. Mean, last 4 iters)
======================================================

======================================================
  Refinement Level: 5
======================================================
 Mesh width (h):  1.9223e-02
 Total DOFs:      8899361
 Spectral Radii:  0.706372
 GMRES Avg Iters: 23.00
------------------------------------------------------
  MG RESIDUAL DECAY
------------------------------------------------------
 Iter    Rel. Residual           Reduction Factor
------------------------------------------------------
 0       9.680403e+00            -----
 1       3.514792e+00            0.3631
 2       8.940693e-01            0.2544
 3       3.532759e-01            0.3951
 4       1.725204e-01            0.4883
 5       9.121136e-02            0.5287
 6       5.007446e-02            0.5490
 7       2.814873e-02            0.5621
 8       1.606883e-02            0.5709
 9       9.283545e-03            0.5777
 10      5.412643e-03            0.5830
 11      3.179790e-03            0.5875
 12      1.879745e-03            0.5912
 13      1.117179e-03            0.5943
 14      6.670317e-04            0.5971
 15      3.998790e-04            0.5995
------------------------------------------------------
 Iterations:      16
 Final Rel. Res.: 3.998790e-04
 Asymptotic Rate: 0.596957 (Geom. Mean, last 4 iters)
======================================================

