Device configuration: omp,cpu
Memory configuration: host-std
Loaded config: /cluster/home/rdabetic/decmg/configs/dirac2d_2d_square_hole_rowsum_w.json
=================================================
  Multigrid Convergence Test Configuration
=================================================
 Problem Type:    dirac2d
 Mesh File:       meshes/2d/square_hole.msh
 Output File:     out/rowsum/w/dirac/2d/square_hole.csv
 MG Cycle Type:   W-Cycle
 Mass Lumping:    rowsum
 B-Conditions:    essential
 Max Refinement:  6
 Eigenvalues:     2 (Tol: 0.01)
 GMRES Benchmark: 8 runs (Tol: 1e-06, K-Dim: 20)
=================================================


Gmsh reader: all element attributes were zero.
MFEM only supports positive element attributes.
Setting element attributes to 1.

======================================================
  Refinement Level: 1
======================================================
 Mesh width (h):  8.8388e-02
 Total DOFs:      1040
 Spectral Radii:  1 0.218916
 GMRES Avg Iters: 8.00
------------------------------------------------------
  MG RESIDUAL DECAY
------------------------------------------------------
 Iter    Rel. Residual           Reduction Factor
------------------------------------------------------
 0       1.135015e-01            -----
 1       1.547496e-02            0.1363
 2       2.360472e-03            0.1525
 3       3.925123e-04            0.1663
 4       6.859759e-05            0.1748
 5       1.128822e-05            0.1646
 6       1.802963e-06            0.1597
 7       2.814020e-07            0.1561
 8       4.293736e-08            0.1526
 9       6.496081e-09            0.1513
 10      1.042996e-09            0.1606
 11      1.843433e-10            0.1767
 12      3.425353e-11            0.1858
 13      6.451044e-12            0.1883
 14      1.242372e-12            0.1926
 15      2.478195e-13            0.1995
------------------------------------------------------
 Iterations:      16
 Final Rel. Res.: 2.478195e-13
 Asymptotic Rate: 0.193409 (Geom. Mean, last 4 iters)
======================================================

======================================================
  Refinement Level: 2
======================================================
 Mesh width (h):  4.4194e-02
 Total DOFs:      4000
 Spectral Radii:  1 0.271609
 GMRES Avg Iters: 8.25
------------------------------------------------------
  MG RESIDUAL DECAY
------------------------------------------------------
 Iter    Rel. Residual           Reduction Factor
------------------------------------------------------
 0       1.003493e-01            -----
 1       1.318833e-02            0.1314
 2       1.873174e-03            0.1420
 3       2.923311e-04            0.1561
 4       4.841652e-05            0.1656
 5       8.670432e-06            0.1791
 6       1.679384e-06            0.1937
 7       3.376475e-07            0.2011
 8       6.993858e-08            0.2071
 9       1.547471e-08            0.2213
 10      3.707031e-09            0.2396
 11      9.373734e-10            0.2529
 12      2.433628e-10            0.2596
 13      6.392315e-11            0.2627
 14      1.688525e-11            0.2641
 15      4.474189e-12            0.2650
------------------------------------------------------
 Iterations:      16
 Final Rel. Res.: 4.474189e-12
 Asymptotic Rate: 0.263929 (Geom. Mean, last 4 iters)
======================================================

======================================================
  Refinement Level: 3
======================================================
 Mesh width (h):  2.2097e-02
 Total DOFs:      15680
 Spectral Radii:  1 0.288573
 GMRES Avg Iters: 9.00
------------------------------------------------------
  MG RESIDUAL DECAY
------------------------------------------------------
 Iter    Rel. Residual           Reduction Factor
------------------------------------------------------
 0       9.735347e-02            -----
 1       1.308636e-02            0.1344
 2       1.844840e-03            0.1410
 3       2.883435e-04            0.1563
 4       4.916421e-05            0.1705
 5       8.787527e-06            0.1787
 6       1.680469e-06            0.1912
 7       3.408804e-07            0.2028
 8       7.378666e-08            0.2165
 9       1.706254e-08            0.2312
 10      4.170440e-09            0.2444
 11      1.064639e-09            0.2553
 12      2.800572e-10            0.2631
 13      7.513260e-11            0.2683
 14      2.041666e-11            0.2717
 15      5.595009e-12            0.2740
------------------------------------------------------
 Iterations:      16
 Final Rel. Res.: 5.595009e-12
 Asymptotic Rate: 0.271343 (Geom. Mean, last 4 iters)
======================================================

======================================================
  Refinement Level: 4
======================================================
 Mesh width (h):  1.1049e-02
 Total DOFs:      62080
 Spectral Radii:  1 0.295893
 GMRES Avg Iters: 9.00
------------------------------------------------------
  MG RESIDUAL DECAY
------------------------------------------------------
 Iter    Rel. Residual           Reduction Factor
------------------------------------------------------
 0       9.794069e-02            -----
 1       1.292414e-02            0.1320
 2       1.787541e-03            0.1383
 3       2.781601e-04            0.1556
 4       4.810643e-05            0.1729
 5       8.679549e-06            0.1804
 6       1.666274e-06            0.1920
 7       3.407193e-07            0.2045
 8       7.354570e-08            0.2159
 9       1.678232e-08            0.2282
 10      4.038193e-09            0.2406
 11      1.017419e-09            0.2519
 12      2.659355e-10            0.2614
 13      7.139219e-11            0.2685
 14      1.951957e-11            0.2734
 15      5.403954e-12            0.2768
------------------------------------------------------
 Iterations:      16
 Final Rel. Res.: 5.403954e-12
 Asymptotic Rate: 0.272884 (Geom. Mean, last 4 iters)
======================================================

======================================================
  Refinement Level: 5
======================================================
 Mesh width (h):  5.5243e-03
 Total DOFs:      247040
 Spectral Radii:  1 0.298594
 GMRES Avg Iters: 9.00
------------------------------------------------------
  MG RESIDUAL DECAY
------------------------------------------------------
 Iter    Rel. Residual           Reduction Factor
------------------------------------------------------
 0       9.685709e-02            -----
 1       1.277360e-02            0.1319
 2       1.744193e-03            0.1365
 3       2.685444e-04            0.1540
 4       4.617440e-05            0.1719
 5       8.407360e-06            0.1821
 6       1.628191e-06            0.1937
 7       3.357234e-07            0.2062
 8       7.296719e-08            0.2173
 9       1.671412e-08            0.2291
 10      4.027361e-09            0.2410
 11      1.013180e-09            0.2516
 12      2.639075e-10            0.2605
 13      7.057420e-11            0.2674
 14      1.923900e-11            0.2726
 15      5.318471e-12            0.2764
------------------------------------------------------
 Iterations:      16
 Final Rel. Res.: 5.318471e-12
 Asymptotic Rate: 0.272131 (Geom. Mean, last 4 iters)
======================================================

======================================================
  Refinement Level: 6
======================================================
 Mesh width (h):  2.7621e-03
 Total DOFs:      985600
 Spectral Radii:  1 0.299437
 GMRES Avg Iters: 9.00
------------------------------------------------------
  MG RESIDUAL DECAY
------------------------------------------------------
 Iter    Rel. Residual           Reduction Factor
------------------------------------------------------
 0       9.693606e-02            -----
 1       1.271249e-02            0.1311
 2       1.717569e-03            0.1351
 3       2.659713e-04            0.1549
 4       4.553736e-05            0.1712
 5       8.253153e-06            0.1812
 6       1.603670e-06            0.1943
 7       3.331265e-07            0.2077
 8       7.323346e-08            0.2198
 9       1.702363e-08            0.2325
 10      4.156960e-09            0.2442
 11      1.056619e-09            0.2542
 12      2.770928e-10            0.2622
 13      7.436313e-11            0.2684
 14      2.029274e-11            0.2729
 15      5.605646e-12            0.2762
------------------------------------------------------
 Iterations:      16
 Final Rel. Res.: 5.605646e-12
 Asymptotic Rate: 0.272479 (Geom. Mean, last 4 iters)
======================================================

