Device configuration: omp,cpu
Memory configuration: host-std
Loaded config: /cluster/home/rdabetic/decmg/configs/dirac2d_2d_circle_barycentric_w.json
=================================================
  Multigrid Convergence Test Configuration
=================================================
 Problem Type:    dirac2d
 Mesh File:       meshes/2d/circle.msh
 Output File:     out/barycentric/w/dirac/2d/circle.csv
 MG Cycle Type:   W-Cycle
 Mass Lumping:    barycentric
 B-Conditions:    essential
 Max Refinement:  6
 Eigenvalues:     1 (Tol: 0.01)
 GMRES Benchmark: 8 runs (Tol: 1e-06, K-Dim: 20)
=================================================


Gmsh reader: all element attributes were zero.
MFEM only supports positive element attributes.
Setting element attributes to 1.

======================================================
  Refinement Level: 1
======================================================
 Mesh width (h):  1.8955e-01
 Total DOFs:      1187
 Spectral Radii:  0.284343
 GMRES Avg Iters: 9.00
------------------------------------------------------
  MG RESIDUAL DECAY
------------------------------------------------------
 Iter    Rel. Residual           Reduction Factor
------------------------------------------------------
 0       1.201923e-01            -----
 1       2.025249e-02            0.1685
 2       4.081518e-03            0.2015
 3       9.827223e-04            0.2408
 4       2.452794e-04            0.2496
 5       6.292781e-05            0.2566
 6       1.687963e-05            0.2682
 7       4.618084e-06            0.2736
 8       1.261181e-06            0.2731
 9       3.450738e-07            0.2736
 10      9.585422e-08            0.2778
 11      2.714578e-08            0.2832
 12      7.777793e-09            0.2865
 13      2.231635e-09            0.2869
 14      6.368259e-10            0.2854
 15      1.800927e-10            0.2828
------------------------------------------------------
 Iterations:      16
 Final Rel. Res.: 1.800927e-10
 Asymptotic Rate: 0.285023 (Geom. Mean, last 4 iters)
======================================================

======================================================
  Refinement Level: 2
======================================================
 Mesh width (h):  9.4776e-02
 Total DOFs:      4653
 Spectral Radii:  0.337245
 GMRES Avg Iters: 9.00
------------------------------------------------------
  MG RESIDUAL DECAY
------------------------------------------------------
 Iter    Rel. Residual           Reduction Factor
------------------------------------------------------
 0       1.309768e-01            -----
 1       2.099096e-02            0.1603
 2       3.813433e-03            0.1817
 3       8.891683e-04            0.2332
 4       2.270064e-04            0.2553
 5       5.928032e-05            0.2611
 6       1.630461e-05            0.2750
 7       4.693235e-06            0.2878
 8       1.403323e-06            0.2990
 9       4.319397e-07            0.3078
 10      1.351767e-07            0.3130
 11      4.268262e-08            0.3158
 12      1.355535e-08            0.3176
 13      4.327511e-09            0.3192
 14      1.388896e-09            0.3209
 15      4.480420e-10            0.3226
------------------------------------------------------
 Iterations:      16
 Final Rel. Res.: 4.480420e-10
 Asymptotic Rate: 0.320924 (Geom. Mean, last 4 iters)
======================================================

======================================================
  Refinement Level: 3
======================================================
 Mesh width (h):  4.7388e-02
 Total DOFs:      18425
 Spectral Radii:  0.362497
 GMRES Avg Iters: 9.12
------------------------------------------------------
  MG RESIDUAL DECAY
------------------------------------------------------
 Iter    Rel. Residual           Reduction Factor
------------------------------------------------------
 0       1.260557e-01            -----
 1       1.981165e-02            0.1572
 2       3.720319e-03            0.1878
 3       8.727243e-04            0.2346
 4       2.223901e-04            0.2548
 5       5.947452e-05            0.2674
 6       1.696968e-05            0.2853
 7       5.166411e-06            0.3044
 8       1.644512e-06            0.3183
 9       5.373427e-07            0.3267
 10      1.784525e-07            0.3321
 11      5.990200e-08            0.3357
 12      2.026172e-08            0.3382
 13      6.894052e-09            0.3403
 14      2.356689e-09            0.3418
 15      8.086098e-10            0.3431
------------------------------------------------------
 Iterations:      16
 Final Rel. Res.: 8.086098e-10
 Asymptotic Rate: 0.341734 (Geom. Mean, last 4 iters)
======================================================

======================================================
  Refinement Level: 4
======================================================
 Mesh width (h):  2.3694e-02
 Total DOFs:      73329
 Spectral Radii:  0.39936
 GMRES Avg Iters: 10.00
------------------------------------------------------
  MG RESIDUAL DECAY
------------------------------------------------------
 Iter    Rel. Residual           Reduction Factor
------------------------------------------------------
 0       1.299766e-01            -----
 1       1.985009e-02            0.1527
 2       3.577525e-03            0.1802
 3       8.171521e-04            0.2284
 4       2.083703e-04            0.2550
 5       5.644885e-05            0.2709
 6       1.640182e-05            0.2906
 7       5.096050e-06            0.3107
 8       1.660872e-06            0.3259
 9       5.588198e-07            0.3365
 10      1.921328e-07            0.3438
 11      6.712483e-08            0.3494
 12      2.375816e-08            0.3539
 13      8.502872e-09            0.3579
 14      3.072973e-09            0.3614
 15      1.120363e-09            0.3646
------------------------------------------------------
 Iterations:      16
 Final Rel. Res.: 1.120363e-09
 Asymptotic Rate: 0.361284 (Geom. Mean, last 4 iters)
======================================================

======================================================
  Refinement Level: 5
======================================================
 Mesh width (h):  1.1847e-02
 Total DOFs:      292577
 Spectral Radii:  0.417668
 GMRES Avg Iters: 10.00
------------------------------------------------------
  MG RESIDUAL DECAY
------------------------------------------------------
 Iter    Rel. Residual           Reduction Factor
------------------------------------------------------
 0       1.293571e-01            -----
 1       1.991573e-02            0.1540
 2       3.581051e-03            0.1798
 3       8.314127e-04            0.2322
 4       2.173236e-04            0.2614
 5       6.044304e-05            0.2781
 6       1.815514e-05            0.3004
 7       5.804996e-06            0.3197
 8       1.936373e-06            0.3336
 9       6.654045e-07            0.3436
 10      2.336468e-07            0.3511
 11      8.343962e-08            0.3571
 12      3.021937e-08            0.3622
 13      1.107617e-08            0.3665
 14      4.101773e-09            0.3703
 15      1.532732e-09            0.3737
------------------------------------------------------
 Iterations:      16
 Final Rel. Res.: 1.532732e-09
 Asymptotic Rate: 0.370164 (Geom. Mean, last 4 iters)
======================================================

======================================================
  Refinement Level: 6
======================================================
 Mesh width (h):  5.9235e-03
 Total DOFs:      1168833
 Spectral Radii:  0.42349
 GMRES Avg Iters: 10.00
------------------------------------------------------
  MG RESIDUAL DECAY
------------------------------------------------------
 Iter    Rel. Residual           Reduction Factor
------------------------------------------------------
 0       1.293497e-01            -----
 1       1.990214e-02            0.1539
 2       3.593958e-03            0.1806
 3       8.372975e-04            0.2330
 4       2.193615e-04            0.2620
 5       6.102316e-05            0.2782
 6       1.839434e-05            0.3014
 7       5.924986e-06            0.3221
 8       1.998257e-06            0.3373
 9       6.962954e-07            0.3485
 10      2.483924e-07            0.3567
 11      9.022348e-08            0.3632
 12      3.326080e-08            0.3686
 13      1.241615e-08            0.3733
 14      4.685067e-09            0.3773
 15      1.784470e-09            0.3809
------------------------------------------------------
 Iterations:      16
 Final Rel. Res.: 1.784470e-09
 Asymptotic Rate: 0.377160 (Geom. Mean, last 4 iters)
======================================================

