Device configuration: omp,cpu
Memory configuration: host-std
Loaded config: /cluster/home/rdabetic/decmg/configs/dirac3d_3d_ball_barycentric_w.json
=================================================
  Multigrid Convergence Test Configuration
=================================================
 Problem Type:    dirac3d
 Mesh File:       meshes/3d/ball.msh
 Output File:     out/barycentric/w/dirac/3d/ball.csv
 MG Cycle Type:   W-Cycle
 Mass Lumping:    barycentric
 B-Conditions:    essential
 Max Refinement:  5
 Eigenvalues:     1 (Tol: 0.01)
 GMRES Benchmark: 8 runs (Tol: 1e-06, K-Dim: 20)
=================================================

======================================================
  Refinement Level: 1
======================================================
 Mesh width (h):  3.0757e-01
 Total DOFs:      2551
 Spectral Radii:  0.653512
 GMRES Avg Iters: 17.88
------------------------------------------------------
  MG RESIDUAL DECAY
------------------------------------------------------
 Iter    Rel. Residual           Reduction Factor
------------------------------------------------------
 0       1.305759e-01            -----
 1       2.960932e-02            0.2268
 2       9.750914e-03            0.3293
 3       3.451565e-03            0.3540
 4       1.349149e-03            0.3909
 5       5.762878e-04            0.4271
 6       2.662894e-04            0.4621
 7       1.311308e-04            0.4924
 8       6.785230e-05            0.5174
 9       3.648584e-05            0.5377
 10      2.021432e-05            0.5540
 11      1.146448e-05            0.5671
 12      6.622379e-06            0.5776
 13      3.880845e-06            0.5860
 14      2.300346e-06            0.5927
 15      1.376192e-06            0.5983
------------------------------------------------------
 Iterations:      16
 Final Rel. Res.: 1.376192e-06
 Asymptotic Rate: 0.592318 (Geom. Mean, last 4 iters)
======================================================

======================================================
  Refinement Level: 2
======================================================
 Mesh width (h):  1.5378e-01
 Total DOFs:      18741
 Spectral Radii:  0.640892
 GMRES Avg Iters: 20.38
------------------------------------------------------
  MG RESIDUAL DECAY
------------------------------------------------------
 Iter    Rel. Residual           Reduction Factor
------------------------------------------------------
 0       1.568438e-01            -----
 1       5.050230e-02            0.3220
 2       1.374650e-02            0.2722
 3       5.202326e-03            0.3784
 4       2.322379e-03            0.4464
 5       1.143417e-03            0.4923
 6       5.908894e-04            0.5168
 7       3.144102e-04            0.5321
 8       1.711828e-04            0.5445
 9       9.488476e-05            0.5543
 10      5.332999e-05            0.5621
 11      3.028605e-05            0.5679
 12      1.732998e-05            0.5722
 13      9.970895e-06            0.5754
 14      5.759914e-06            0.5777
 15      3.337451e-06            0.5794
------------------------------------------------------
 Iterations:      16
 Final Rel. Res.: 3.337451e-06
 Asymptotic Rate: 0.577483 (Geom. Mean, last 4 iters)
======================================================

======================================================
  Refinement Level: 3
======================================================
 Mesh width (h):  7.6892e-02
 Total DOFs:      143625
 Spectral Radii:  0.636868
 GMRES Avg Iters: 22.00
------------------------------------------------------
  MG RESIDUAL DECAY
------------------------------------------------------
 Iter    Rel. Residual           Reduction Factor
------------------------------------------------------
 0       5.742575e-01            -----
 1       2.123640e-01            0.3698
 2       4.983919e-02            0.2347
 3       1.807687e-02            0.3627
 4       8.559000e-03            0.4735
 5       4.311393e-03            0.5037
 6       2.247498e-03            0.5213
 7       1.199726e-03            0.5338
 8       6.510640e-04            0.5427
 9       3.577415e-04            0.5495
 10      1.984535e-04            0.5547
 11      1.109445e-04            0.5590
 12      6.243184e-05            0.5627
 13      3.533816e-05            0.5660
 14      2.011040e-05            0.5691
 15      1.150288e-05            0.5720
------------------------------------------------------
 Iterations:      16
 Final Rel. Res.: 1.150288e-05
 Asymptotic Rate: 0.569028 (Geom. Mean, last 4 iters)
======================================================

======================================================
  Refinement Level: 4
======================================================
 Mesh width (h):  3.8446e-02
 Total DOFs:      1124497
 Spectral Radii:  0.684051
 GMRES Avg Iters: 22.25
------------------------------------------------------
  MG RESIDUAL DECAY
------------------------------------------------------
 Iter    Rel. Residual           Reduction Factor
------------------------------------------------------
 0       2.435229e+00            -----
 1       8.856942e-01            0.3637
 2       2.084172e-01            0.2353
 3       7.956032e-02            0.3817
 4       3.763717e-02            0.4731
 5       1.944799e-02            0.5167
 6       1.038502e-02            0.5340
 7       5.701364e-03            0.5490
 8       3.187057e-03            0.5590
 9       1.809019e-03            0.5676
 10      1.038589e-03            0.5741
 11      6.018097e-04            0.5794
 12      3.512684e-04            0.5837
 13      2.062580e-04            0.5872
 14      1.217078e-04            0.5901
 15      7.211554e-05            0.5925
------------------------------------------------------
 Iterations:      16
 Final Rel. Res.: 7.211554e-05
 Asymptotic Rate: 0.589925 (Geom. Mean, last 4 iters)
======================================================

======================================================
  Refinement Level: 5
======================================================
 Mesh width (h):  1.9223e-02
 Total DOFs:      8899361
 Spectral Radii:  0.705575
 GMRES Avg Iters: 23.00
------------------------------------------------------
  MG RESIDUAL DECAY
------------------------------------------------------
 Iter    Rel. Residual           Reduction Factor
------------------------------------------------------
 0       9.713328e+00            -----
 1       3.601420e+00            0.3708
 2       8.550767e-01            0.2374
 3       3.279669e-01            0.3836
 4       1.577858e-01            0.4811
 5       8.197657e-02            0.5195
 6       4.421348e-02            0.5393
 7       2.440497e-02            0.5520
 8       1.369329e-02            0.5611
 9       7.780378e-03            0.5682
 10      4.465192e-03            0.5739
 11      2.583784e-03            0.5787
 12      1.505460e-03            0.5827
 13      8.823499e-04            0.5861
 14      5.197874e-04            0.5891
 15      3.075735e-04            0.5917
------------------------------------------------------
 Iterations:      16
 Final Rel. Res.: 3.075735e-04
 Asymptotic Rate: 0.588970 (Geom. Mean, last 4 iters)
======================================================

