Device configuration: omp,cpu
Memory configuration: host-std
Loaded config: /cluster/home/rdabetic/decmg/configs/dirac2d_2d_reentrant_rowsum_v.json
=================================================
  Multigrid Convergence Test Configuration
=================================================
 Problem Type:    dirac2d
 Mesh File:       meshes/2d/reentrant.msh
 Output File:     out/rowsum/v/dirac/2d/reentrant.csv
 MG Cycle Type:   V-Cycle
 Mass Lumping:    rowsum
 B-Conditions:    essential
 Max Refinement:  6
 Eigenvalues:     1 (Tol: 0.01)
 GMRES Benchmark: 8 runs (Tol: 1e-06, K-Dim: 20)
=================================================


Gmsh reader: all element attributes were zero.
MFEM only supports positive element attributes.
Setting element attributes to 1.

======================================================
  Refinement Level: 1
======================================================
 Mesh width (h):  1.4951e-01
 Total DOFs:      425
 Spectral Radii:  0.252734
 GMRES Avg Iters: 8.00
------------------------------------------------------
  MG RESIDUAL DECAY
------------------------------------------------------
 Iter    Rel. Residual           Reduction Factor
------------------------------------------------------
 0       1.012184e-01            -----
 1       1.109229e-02            0.1096
 2       1.713725e-03            0.1545
 3       2.476980e-04            0.1445
 4       3.796824e-05            0.1533
 5       5.952638e-06            0.1568
 6       1.033563e-06            0.1736
 7       1.787068e-07            0.1729
 8       3.186439e-08            0.1783
 9       5.709920e-09            0.1792
 10      1.120578e-09            0.1963
 11      2.480387e-10            0.2213
 12      5.824579e-11            0.2348
 13      1.412415e-11            0.2425
 14      3.521657e-12            0.2493
 15      8.884546e-13            0.2523
------------------------------------------------------
 Iterations:      16
 Final Rel. Res.: 8.884546e-13
 Asymptotic Rate: 0.248003 (Geom. Mean, last 4 iters)
======================================================

======================================================
  Refinement Level: 2
======================================================
 Mesh width (h):  7.4754e-02
 Total DOFs:      1617
 Spectral Radii:  0.308836
 GMRES Avg Iters: 8.88
------------------------------------------------------
  MG RESIDUAL DECAY
------------------------------------------------------
 Iter    Rel. Residual           Reduction Factor
------------------------------------------------------
 0       1.082890e-01            -----
 1       1.461573e-02            0.1350
 2       2.171395e-03            0.1486
 3       3.631271e-04            0.1672
 4       7.164664e-05            0.1973
 5       1.441651e-05            0.2012
 6       3.155981e-06            0.2189
 7       7.549683e-07            0.2392
 8       1.950452e-07            0.2583
 9       5.329685e-08            0.2733
 10      1.514052e-08            0.2841
 11      4.406343e-09            0.2910
 12      1.302755e-09            0.2957
 13      3.895205e-10            0.2990
 14      1.174575e-10            0.3015
 15      3.565178e-11            0.3035
------------------------------------------------------
 Iterations:      16
 Final Rel. Res.: 3.565178e-11
 Asymptotic Rate: 0.301351 (Geom. Mean, last 4 iters)
======================================================

======================================================
  Refinement Level: 3
======================================================
 Mesh width (h):  3.7377e-02
 Total DOFs:      6305
 Spectral Radii:  0.342892
 GMRES Avg Iters: 9.00
------------------------------------------------------
  MG RESIDUAL DECAY
------------------------------------------------------
 Iter    Rel. Residual           Reduction Factor
------------------------------------------------------
 0       9.842472e-02            -----
 1       1.429275e-02            0.1452
 2       2.119962e-03            0.1483
 3       3.807822e-04            0.1796
 4       7.861199e-05            0.2064
 5       1.845286e-05            0.2347
 6       4.790681e-06            0.2596
 7       1.386430e-06            0.2894
 8       4.331834e-07            0.3124
 9       1.409112e-07            0.3253
 10      4.673843e-08            0.3317
 11      1.565500e-08            0.3349
 12      5.272859e-09            0.3368
 13      1.782149e-09            0.3380
 14      6.037342e-10            0.3388
 15      2.048601e-10            0.3393
------------------------------------------------------
 Iterations:      16
 Final Rel. Res.: 2.048601e-10
 Asymptotic Rate: 0.338691 (Geom. Mean, last 4 iters)
======================================================

======================================================
  Refinement Level: 4
======================================================
 Mesh width (h):  1.8689e-02
 Total DOFs:      24897
 Spectral Radii:  0.36511
 GMRES Avg Iters: 9.00
------------------------------------------------------
  MG RESIDUAL DECAY
------------------------------------------------------
 Iter    Rel. Residual           Reduction Factor
------------------------------------------------------
 0       9.754099e-02            -----
 1       1.386466e-02            0.1421
 2       2.094988e-03            0.1511
 3       3.810991e-04            0.1819
 4       8.005085e-05            0.2101
 5       1.872121e-05            0.2339
 6       4.938479e-06            0.2638
 7       1.435359e-06            0.2906
 8       4.479305e-07            0.3121
 9       1.464728e-07            0.3270
 10      4.922897e-08            0.3361
 11      1.680170e-08            0.3413
 12      5.784589e-09            0.3443
 13      2.001973e-09            0.3461
 14      6.951872e-10            0.3473
 15      2.419714e-10            0.3481
------------------------------------------------------
 Iterations:      16
 Final Rel. Res.: 2.419714e-10
 Asymptotic Rate: 0.347134 (Geom. Mean, last 4 iters)
======================================================

======================================================
  Refinement Level: 5
======================================================
 Mesh width (h):  9.3443e-03
 Total DOFs:      98945
 Spectral Radii:  0.374545
 GMRES Avg Iters: 9.00
------------------------------------------------------
  MG RESIDUAL DECAY
------------------------------------------------------
 Iter    Rel. Residual           Reduction Factor
------------------------------------------------------
 0       9.530033e-02            -----
 1       1.317077e-02            0.1382
 2       2.030375e-03            0.1542
 3       3.812382e-04            0.1878
 4       8.337215e-05            0.2187
 5       2.027930e-05            0.2432
 6       5.471354e-06            0.2698
 7       1.611864e-06            0.2946
 8       5.083683e-07            0.3154
 9       1.681794e-07            0.3308
 10      5.741417e-08            0.3414
 11      2.001047e-08            0.3485
 12      7.073676e-09            0.3535
 13      2.526015e-09            0.3571
 14      9.088861e-10            0.3598
 15      3.289361e-10            0.3619
------------------------------------------------------
 Iterations:      16
 Final Rel. Res.: 3.289361e-10
 Asymptotic Rate: 0.359602 (Geom. Mean, last 4 iters)
======================================================

======================================================
  Refinement Level: 6
======================================================
 Mesh width (h):  4.6722e-03
 Total DOFs:      394497
 Spectral Radii:  0.390859
 GMRES Avg Iters: 9.00
------------------------------------------------------
  MG RESIDUAL DECAY
------------------------------------------------------
 Iter    Rel. Residual           Reduction Factor
------------------------------------------------------
 0       9.444468e-02            -----
 1       1.307964e-02            0.1385
 2       2.013811e-03            0.1540
 3       3.792544e-04            0.1883
 4       8.471566e-05            0.2234
 5       2.147007e-05            0.2534
 6       6.076816e-06            0.2830
 7       1.875311e-06            0.3086
 8       6.152922e-07            0.3281
 9       2.101147e-07            0.3415
 10      7.360518e-08            0.3503
 11      2.622178e-08            0.3562
 12      9.452431e-09            0.3605
 13      3.437732e-09            0.3637
 14      1.259073e-09            0.3663
 15      4.638200e-10            0.3684
------------------------------------------------------
 Iterations:      16
 Final Rel. Res.: 4.638200e-10
 Asymptotic Rate: 0.366102 (Geom. Mean, last 4 iters)
======================================================

