Device configuration: omp,cpu
Memory configuration: host-std
Loaded config: /cluster/home/rdabetic/decmg/configs/dirac3d_3d_ball_rowsum_w.json
=================================================
  Multigrid Convergence Test Configuration
=================================================
 Problem Type:    dirac3d
 Mesh File:       meshes/3d/ball.msh
 Output File:     out/rowsum/w/dirac/3d/ball.csv
 MG Cycle Type:   W-Cycle
 Mass Lumping:    rowsum
 B-Conditions:    essential
 Max Refinement:  5
 Eigenvalues:     1 (Tol: 0.01)
 GMRES Benchmark: 8 runs (Tol: 1e-06, K-Dim: 20)
=================================================

======================================================
  Refinement Level: 1
======================================================
 Mesh width (h):  3.0757e-01
 Total DOFs:      2551
 Spectral Radii:  0.602574
 GMRES Avg Iters: 16.00
------------------------------------------------------
  MG RESIDUAL DECAY
------------------------------------------------------
 Iter    Rel. Residual           Reduction Factor
------------------------------------------------------
 0       1.130109e-01            -----
 1       3.257144e-02            0.2882
 2       1.052590e-02            0.3232
 3       4.527569e-03            0.4301
 4       2.117050e-03            0.4676
 5       9.856599e-04            0.4656
 6       4.915060e-04            0.4987
 7       2.430532e-04            0.4945
 8       1.239488e-04            0.5100
 9       6.354408e-05            0.5127
 10      3.322407e-05            0.5229
 11      1.759384e-05            0.5296
 12      9.476109e-06            0.5386
 13      5.177776e-06            0.5464
 14      2.869898e-06            0.5543
 15      1.609991e-06            0.5610
------------------------------------------------------
 Iterations:      16
 Final Rel. Res.: 1.609991e-06
 Asymptotic Rate: 0.553857 (Geom. Mean, last 4 iters)
======================================================

======================================================
  Refinement Level: 2
======================================================
 Mesh width (h):  1.5378e-01
 Total DOFs:      18741
 Spectral Radii:  0.634187
 GMRES Avg Iters: 18.00
------------------------------------------------------
  MG RESIDUAL DECAY
------------------------------------------------------
 Iter    Rel. Residual           Reduction Factor
------------------------------------------------------
 0       1.405194e-01            -----
 1       5.387053e-02            0.3834
 2       1.385769e-02            0.2572
 3       4.719654e-03            0.3406
 4       2.199040e-03            0.4659
 5       1.076976e-03            0.4897
 6       5.494824e-04            0.5102
 7       2.885765e-04            0.5252
 8       1.552747e-04            0.5381
 9       8.525117e-05            0.5490
 10      4.762337e-05            0.5586
 11      2.700571e-05            0.5671
 12      1.551625e-05            0.5746
 13      9.018610e-06            0.5812
 14      5.296123e-06            0.5872
 15      3.138885e-06            0.5927
------------------------------------------------------
 Iterations:      16
 Final Rel. Res.: 3.138885e-06
 Asymptotic Rate: 0.587033 (Geom. Mean, last 4 iters)
======================================================

======================================================
  Refinement Level: 3
======================================================
 Mesh width (h):  7.6892e-02
 Total DOFs:      143625
 Spectral Radii:  0.707314
 GMRES Avg Iters: 20.00
------------------------------------------------------
  MG RESIDUAL DECAY
------------------------------------------------------
 Iter    Rel. Residual           Reduction Factor
------------------------------------------------------
 0       4.796243e-01            -----
 1       2.142007e-01            0.4466
 2       5.651370e-02            0.2638
 3       2.331557e-02            0.4126
 4       1.226204e-02            0.5259
 5       7.035246e-03            0.5737
 6       4.196094e-03            0.5964
 7       2.557984e-03            0.6096
 8       1.582753e-03            0.6188
 9       9.903153e-04            0.6257
 10      6.251654e-04            0.6313
 11      3.976085e-04            0.6360
 12      2.545507e-04            0.6402
 13      1.639607e-04            0.6441
 14      1.062331e-04            0.6479
 15      6.923416e-05            0.6517
------------------------------------------------------
 Iterations:      16
 Final Rel. Res.: 6.923416e-05
 Asymptotic Rate: 0.647911 (Geom. Mean, last 4 iters)
======================================================

======================================================
  Refinement Level: 4
======================================================
 Mesh width (h):  3.8446e-02
 Total DOFs:      1124497
 Spectral Radii:  0.729481
 GMRES Avg Iters: 21.25
------------------------------------------------------
  MG RESIDUAL DECAY
------------------------------------------------------
 Iter    Rel. Residual           Reduction Factor
------------------------------------------------------
 0       1.980048e+00            -----
 1       8.505723e-01            0.4296
 2       2.379700e-01            0.2798
 3       1.044421e-01            0.4389
 4       5.650525e-02            0.5410
 5       3.353664e-02            0.5935
 6       2.094407e-02            0.6245
 7       1.350333e-02            0.6447
 8       8.899780e-03            0.6591
 9       5.962463e-03            0.6700
 10      4.045445e-03            0.6785
 11      2.772429e-03            0.6853
 12      1.915465e-03            0.6909
 13      1.332244e-03            0.6955
 14      9.317755e-04            0.6994
 15      6.547589e-04            0.7027
------------------------------------------------------
 Iterations:      16
 Final Rel. Res.: 6.547589e-04
 Asymptotic Rate: 0.699202 (Geom. Mean, last 4 iters)
======================================================

======================================================
  Refinement Level: 5
======================================================
 Mesh width (h):  1.9223e-02
 Total DOFs:      8899361
 Spectral Radii:  0.7527
 GMRES Avg Iters: 22.00
------------------------------------------------------
  MG RESIDUAL DECAY
------------------------------------------------------
 Iter    Rel. Residual           Reduction Factor
------------------------------------------------------
 0       7.930126e+00            -----
 1       3.521616e+00            0.4441
 2       9.897505e-01            0.2811
 3       4.511097e-01            0.4558
 4       2.518870e-01            0.5584
 5       1.539375e-01            0.6111
 6       9.857806e-02            0.6404
 7       6.499715e-02            0.6593
 8       4.373058e-02            0.6728
 9       2.986047e-02            0.6828
 10      2.061895e-02            0.6905
 11      1.436166e-02            0.6965
 12      1.007223e-02            0.7013
 13      7.103158e-03            0.7052
 14      5.032088e-03            0.7084
 15      3.578385e-03            0.7111
------------------------------------------------------
 Iterations:      16
 Final Rel. Res.: 3.578385e-03
 Asymptotic Rate: 0.708251 (Geom. Mean, last 4 iters)
======================================================

