Device configuration: omp,cpu
Memory configuration: host-std
Loaded config: /cluster/home/rdabetic/decmg/configs/dirac2d_2d_square_centered_barycentric_w.json
=================================================
  Multigrid Convergence Test Configuration
=================================================
 Problem Type:    dirac2d
 Mesh File:       meshes/2d/square_centered.msh
 Output File:     out/barycentric/w/dirac/2d/square_centered.csv
 MG Cycle Type:   W-Cycle
 Mass Lumping:    barycentric
 B-Conditions:    essential
 Max Refinement:  6
 Eigenvalues:     1 (Tol: 0.01)
 GMRES Benchmark: 8 runs (Tol: 1e-06, K-Dim: 20)
=================================================


Gmsh reader: all element attributes were zero.
MFEM only supports positive element attributes.
Setting element attributes to 1.

======================================================
  Refinement Level: 1
======================================================
 Mesh width (h):  1.9875e-01
 Total DOFs:      361
 Spectral Radii:  0.297072
 GMRES Avg Iters: 8.12
------------------------------------------------------
  MG RESIDUAL DECAY
------------------------------------------------------
 Iter    Rel. Residual           Reduction Factor
------------------------------------------------------
 0       9.546588e-02            -----
 1       1.420020e-02            0.1487
 2       2.722025e-03            0.1917
 3       6.126598e-04            0.2251
 4       1.504612e-04            0.2456
 5       3.670911e-05            0.2440
 6       8.987169e-06            0.2448
 7       2.323652e-06            0.2586
 8       6.517381e-07            0.2805
 9       1.938119e-07            0.2974
 10      5.855563e-08            0.3021
 11      1.739331e-08            0.2970
 12      4.998713e-09            0.2874
 13      1.386269e-09            0.2773
 14      3.751399e-10            0.2706
 15      1.021801e-10            0.2724
------------------------------------------------------
 Iterations:      16
 Final Rel. Res.: 1.021801e-10
 Asymptotic Rate: 0.273424 (Geom. Mean, last 4 iters)
======================================================

======================================================
  Refinement Level: 2
======================================================
 Mesh width (h):  9.9376e-02
 Total DOFs:      1393
 Spectral Radii:  0.301669
 GMRES Avg Iters: 9.00
------------------------------------------------------
  MG RESIDUAL DECAY
------------------------------------------------------
 Iter    Rel. Residual           Reduction Factor
------------------------------------------------------
 0       1.235790e-01            -----
 1       2.021891e-02            0.1636
 2       3.999844e-03            0.1978
 3       9.821973e-04            0.2456
 4       2.478837e-04            0.2524
 5       6.566701e-05            0.2649
 6       1.841453e-05            0.2804
 7       5.412229e-06            0.2939
 8       1.646836e-06            0.3043
 9       5.116211e-07            0.3107
 10      1.602345e-07            0.3132
 11      5.020347e-08            0.3133
 12      1.566745e-08            0.3121
 13      4.854040e-09            0.3098
 14      1.489145e-09            0.3068
 15      4.515425e-10            0.3032
------------------------------------------------------
 Iterations:      16
 Final Rel. Res.: 4.515425e-10
 Asymptotic Rate: 0.306596 (Geom. Mean, last 4 iters)
======================================================

======================================================
  Refinement Level: 3
======================================================
 Mesh width (h):  4.9688e-02
 Total DOFs:      5473
 Spectral Radii:  0.338385
 GMRES Avg Iters: 9.00
------------------------------------------------------
  MG RESIDUAL DECAY
------------------------------------------------------
 Iter    Rel. Residual           Reduction Factor
------------------------------------------------------
 0       1.364623e-01            -----
 1       2.166145e-02            0.1587
 2       4.157428e-03            0.1919
 3       9.480733e-04            0.2280
 4       2.497651e-04            0.2634
 5       6.929606e-05            0.2774
 6       1.985039e-05            0.2865
 7       5.820968e-06            0.2932
 8       1.727176e-06            0.2967
 9       5.191256e-07            0.3006
 10      1.584125e-07            0.3052
 11      4.898157e-08            0.3092
 12      1.531290e-08            0.3126
 13      4.835141e-09            0.3158
 14      1.540611e-09            0.3186
 15      4.945630e-10            0.3210
------------------------------------------------------
 Iterations:      16
 Final Rel. Res.: 4.945630e-10
 Asymptotic Rate: 0.318460 (Geom. Mean, last 4 iters)
======================================================

======================================================
  Refinement Level: 4
======================================================
 Mesh width (h):  2.4844e-02
 Total DOFs:      21697
 Spectral Radii:  0.370997
 GMRES Avg Iters: 9.75
------------------------------------------------------
  MG RESIDUAL DECAY
------------------------------------------------------
 Iter    Rel. Residual           Reduction Factor
------------------------------------------------------
 0       1.299842e-01            -----
 1       2.048252e-02            0.1576
 2       3.763726e-03            0.1838
 3       8.824207e-04            0.2345
 4       2.340151e-04            0.2652
 5       6.513505e-05            0.2783
 6       1.919618e-05            0.2947
 7       5.951302e-06            0.3100
 8       1.909991e-06            0.3209
 9       6.288751e-07            0.3293
 10      2.114285e-07            0.3362
 11      7.228620e-08            0.3419
 12      2.503708e-08            0.3464
 13      8.758632e-09            0.3498
 14      3.088072e-09            0.3526
 15      1.095731e-09            0.3548
------------------------------------------------------
 Iterations:      16
 Final Rel. Res.: 1.095731e-09
 Asymptotic Rate: 0.352403 (Geom. Mean, last 4 iters)
======================================================

======================================================
  Refinement Level: 5
======================================================
 Mesh width (h):  1.2422e-02
 Total DOFs:      86401
 Spectral Radii:  0.384968
 GMRES Avg Iters: 10.00
------------------------------------------------------
  MG RESIDUAL DECAY
------------------------------------------------------
 Iter    Rel. Residual           Reduction Factor
------------------------------------------------------
 0       1.291429e-01            -----
 1       2.043686e-02            0.1582
 2       3.794685e-03            0.1857
 3       9.148823e-04            0.2411
 4       2.470058e-04            0.2700
 5       6.895898e-05            0.2792
 6       2.039572e-05            0.2958
 7       6.378514e-06            0.3127
 8       2.080214e-06            0.3261
 9       7.004476e-07            0.3367
 10      2.414863e-07            0.3448
 11      8.467216e-08            0.3506
 12      3.006087e-08            0.3550
 13      1.077544e-08            0.3585
 14      3.892099e-09            0.3612
 15      1.414557e-09            0.3634
------------------------------------------------------
 Iterations:      16
 Final Rel. Res.: 1.414557e-09
 Asymptotic Rate: 0.361027 (Geom. Mean, last 4 iters)
======================================================

======================================================
  Refinement Level: 6
======================================================
 Mesh width (h):  6.2110e-03
 Total DOFs:      344833
 Spectral Radii:  0.390194
 GMRES Avg Iters: 10.00
------------------------------------------------------
  MG RESIDUAL DECAY
------------------------------------------------------
 Iter    Rel. Residual           Reduction Factor
------------------------------------------------------
 0       1.298489e-01            -----
 1       1.997297e-02            0.1538
 2       3.631489e-03            0.1818
 3       8.586845e-04            0.2365
 4       2.278316e-04            0.2653
 5       6.391485e-05            0.2805
 6       1.919932e-05            0.3004
 7       6.089551e-06            0.3172
 8       2.008888e-06            0.3299
 9       6.825603e-07            0.3398
 10      2.369621e-07            0.3472
 11      8.360290e-08            0.3528
 12      2.987035e-08            0.3573
 13      1.077968e-08            0.3609
 14      3.921449e-09            0.3638
 15      1.435814e-09            0.3661
------------------------------------------------------
 Iterations:      16
 Final Rel. Res.: 1.435814e-09
 Asymptotic Rate: 0.363596 (Geom. Mean, last 4 iters)
======================================================

