Device configuration: omp,cpu
Memory configuration: host-std
Loaded config: /cluster/home/rdabetic/decmg/configs/dirac2d_2d_square_centered_scaledid_v.json
=================================================
  Multigrid Convergence Test Configuration
=================================================
 Problem Type:    dirac2d
 Mesh File:       meshes/2d/square_centered.msh
 Output File:     out/scaledid/v/dirac/2d/square_centered.csv
 MG Cycle Type:   V-Cycle
 Mass Lumping:    scaledid
 B-Conditions:    essential
 Max Refinement:  6
 Eigenvalues:     1 (Tol: 0.01)
 GMRES Benchmark: 8 runs (Tol: 1e-06, K-Dim: 20)
=================================================


Gmsh reader: all element attributes were zero.
MFEM only supports positive element attributes.
Setting element attributes to 1.

======================================================
  Refinement Level: 1
======================================================
 Mesh width (h):  1.9875e-01
 Total DOFs:      361
 Spectral Radii:  0.181013
 GMRES Avg Iters: 12.00
------------------------------------------------------
  MG RESIDUAL DECAY
------------------------------------------------------
 Iter    Rel. Residual           Reduction Factor
------------------------------------------------------
 0       1.573166e-01            -----
 1       2.861421e-02            0.1819
 2       6.958085e-03            0.2432
 3       1.138787e-03            0.1637
 4       1.763114e-04            0.1548
 5       2.420075e-05            0.1373
 6       2.885681e-06            0.1192
 7       3.513264e-07            0.1217
 8       5.709209e-08            0.1625
 9       1.037509e-08            0.1817
 10      1.715013e-09            0.1653
 11      2.435454e-10            0.1420
 12      2.902198e-11            0.1192
 13      3.553064e-12            0.1224
 14      7.805004e-13            0.2197
 15      1.872113e-13            0.2399
------------------------------------------------------
 Iterations:      16
 Final Rel. Res.: 1.872113e-13
 Asymptotic Rate: 0.186152 (Geom. Mean, last 4 iters)
======================================================

======================================================
  Refinement Level: 2
======================================================
 Mesh width (h):  9.9376e-02
 Total DOFs:      1393
 Spectral Radii:  0.260213
 GMRES Avg Iters: 12.50
------------------------------------------------------
  MG RESIDUAL DECAY
------------------------------------------------------
 Iter    Rel. Residual           Reduction Factor
------------------------------------------------------
 0       1.282237e-01            -----
 1       2.019922e-02            0.1575
 2       3.132366e-03            0.1551
 3       4.628925e-04            0.1478
 4       7.595103e-05            0.1641
 5       1.325872e-05            0.1746
 6       2.375038e-06            0.1791
 7       4.731989e-07            0.1992
 8       1.021097e-07            0.2158
 9       2.315131e-08            0.2267
 10      5.421891e-09            0.2342
 11      1.286327e-09            0.2372
 12      3.082633e-10            0.2396
 13      7.453140e-11            0.2418
 14      1.816088e-11            0.2437
 15      4.458094e-12            0.2455
------------------------------------------------------
 Iterations:      16
 Final Rel. Res.: 4.458094e-12
 Asymptotic Rate: 0.243637 (Geom. Mean, last 4 iters)
======================================================

======================================================
  Refinement Level: 3
======================================================
 Mesh width (h):  4.9688e-02
 Total DOFs:      5473
 Spectral Radii:  0.280872
 GMRES Avg Iters: 13.00
------------------------------------------------------
  MG RESIDUAL DECAY
------------------------------------------------------
 Iter    Rel. Residual           Reduction Factor
------------------------------------------------------
 0       1.218318e-01            -----
 1       2.052084e-02            0.1684
 2       2.785407e-03            0.1357
 3       4.533104e-04            0.1627
 4       9.072123e-05            0.2001
 5       1.922796e-05            0.2119
 6       4.169268e-06            0.2168
 7       9.741931e-07            0.2337
 8       2.382127e-07            0.2445
 9       6.106569e-08            0.2563
 10      1.620249e-08            0.2653
 11      4.383391e-09            0.2705
 12      1.197835e-09            0.2733
 13      3.286655e-10            0.2744
 14      9.025669e-11            0.2746
 15      2.474843e-11            0.2742
------------------------------------------------------
 Iterations:      16
 Final Rel. Res.: 2.474843e-11
 Asymptotic Rate: 0.274400 (Geom. Mean, last 4 iters)
======================================================

======================================================
  Refinement Level: 4
======================================================
 Mesh width (h):  2.4844e-02
 Total DOFs:      21697
 Spectral Radii:  0.298842
 GMRES Avg Iters: 13.00
------------------------------------------------------
  MG RESIDUAL DECAY
------------------------------------------------------
 Iter    Rel. Residual           Reduction Factor
------------------------------------------------------
 0       1.053476e-01            -----
 1       1.760365e-02            0.1671
 2       2.287010e-03            0.1299
 3       3.800229e-04            0.1662
 4       7.061260e-05            0.1858
 5       1.444901e-05            0.2046
 6       3.150373e-06            0.2180
 7       7.263484e-07            0.2306
 8       1.760616e-07            0.2424
 9       4.562389e-08            0.2591
 10      1.251786e-08            0.2744
 11      3.555638e-09            0.2840
 12      1.026548e-09            0.2887
 13      2.980553e-10            0.2903
 14      8.668936e-11            0.2908
 15      2.524819e-11            0.2912
------------------------------------------------------
 Iterations:      16
 Final Rel. Res.: 2.524819e-11
 Asymptotic Rate: 0.290815 (Geom. Mean, last 4 iters)
======================================================

======================================================
  Refinement Level: 5
======================================================
 Mesh width (h):  1.2422e-02
 Total DOFs:      86401
 Spectral Radii:  0.317247
 GMRES Avg Iters: 13.00
------------------------------------------------------
  MG RESIDUAL DECAY
------------------------------------------------------
 Iter    Rel. Residual           Reduction Factor
------------------------------------------------------
 0       9.960931e-02            -----
 1       1.537576e-02            0.1544
 2       2.003666e-03            0.1303
 3       3.148444e-04            0.1571
 4       5.754755e-05            0.1828
 5       1.191631e-05            0.2071
 6       2.705281e-06            0.2270
 7       6.463122e-07            0.2389
 8       1.604529e-07            0.2483
 9       4.140166e-08            0.2580
 10      1.109110e-08            0.2679
 11      3.071893e-09            0.2770
 12      8.746120e-10            0.2847
 13      2.543703e-10            0.2908
 14      7.517287e-11            0.2955
 15      2.247854e-11            0.2990
------------------------------------------------------
 Iterations:      16
 Final Rel. Res.: 2.247854e-11
 Asymptotic Rate: 0.295110 (Geom. Mean, last 4 iters)
======================================================

======================================================
  Refinement Level: 6
======================================================
 Mesh width (h):  6.2110e-03
 Total DOFs:      344833
 Spectral Radii:  0.330998
 GMRES Avg Iters: 13.00
------------------------------------------------------
  MG RESIDUAL DECAY
------------------------------------------------------
 Iter    Rel. Residual           Reduction Factor
------------------------------------------------------
 0       9.702940e-02            -----
 1       1.399023e-02            0.1442
 2       1.833379e-03            0.1310
 3       2.753693e-04            0.1502
 4       4.746286e-05            0.1724
 5       9.424799e-06            0.1986
 6       2.114199e-06            0.2243
 7       5.079719e-07            0.2403
 8       1.280624e-07            0.2521
 9       3.348947e-08            0.2615
 10      9.016598e-09            0.2692
 11      2.487715e-09            0.2759
 12      7.014338e-10            0.2820
 13      2.016956e-10            0.2875
 14      5.907378e-11            0.2929
 15      1.760632e-11            0.2980
------------------------------------------------------
 Iterations:      16
 Final Rel. Res.: 1.760632e-11
 Asymptotic Rate: 0.292793 (Geom. Mean, last 4 iters)
======================================================

