Device configuration: omp,cpu
Memory configuration: host-std
Loaded config: /cluster/home/rdabetic/decmg/configs/dirac3d_3d_hole_void_scaledid_w.json
=================================================
  Multigrid Convergence Test Configuration
=================================================
 Problem Type:    dirac3d
 Mesh File:       meshes/3d/hole_void.msh
 Output File:     out/scaledid/w/dirac/3d/hole_void.csv
 MG Cycle Type:   W-Cycle
 Mass Lumping:    scaledid
 B-Conditions:    essential
 Max Refinement:  5
 Eigenvalues:     3 (Tol: 0.01)
 GMRES Benchmark: 8 runs (Tol: 1e-06, K-Dim: 20)
=================================================

======================================================
  Refinement Level: 1
======================================================
 Mesh width (h):  1.5811e+00
 Total DOFs:      4305
 Spectral Radii:  1 1 0.459852
 GMRES Avg Iters: 85.12
------------------------------------------------------
  MG RESIDUAL DECAY
------------------------------------------------------
 Iter    Rel. Residual           Reduction Factor
------------------------------------------------------
 0       1.064559e-01            -----
 1       2.533959e-02            0.2380
 2       8.560765e-03            0.3378
 3       3.413102e-03            0.3987
 4       1.387311e-03            0.4065
 5       5.817786e-04            0.4194
 6       2.479318e-04            0.4262
 7       1.069598e-04            0.4314
 8       4.655077e-05            0.4352
 9       2.040121e-05            0.4383
 10      8.992537e-06            0.4408
 11      3.983521e-06            0.4430
 12      1.772446e-06            0.4449
 13      7.917987e-07            0.4467
 14      3.550027e-07            0.4483
 15      1.596880e-07            0.4498
------------------------------------------------------
 Iterations:      16
 Final Rel. Res.: 1.596880e-07
 Asymptotic Rate: 0.448298 (Geom. Mean, last 4 iters)
======================================================

======================================================
  Refinement Level: 2
======================================================
 Mesh width (h):  7.9057e-01
 Total DOFs:      32449
 Spectral Radii:  1 1 0.480366
 GMRES Avg Iters: 83.38
------------------------------------------------------
  MG RESIDUAL DECAY
------------------------------------------------------
 Iter    Rel. Residual           Reduction Factor
------------------------------------------------------
 0       1.373123e-01            -----
 1       2.355328e-02            0.1715
 2       6.743987e-03            0.2863
 3       2.406119e-03            0.3568
 4       9.185328e-04            0.3817
 5       3.668739e-04            0.3994
 6       1.516050e-04            0.4132
 7       6.424467e-05            0.4238
 8       2.775069e-05            0.4320
 9       1.216936e-05            0.4385
 10      5.402161e-06            0.4439
 11      2.422301e-06            0.4484
 12      1.095235e-06            0.4521
 13      4.986664e-07            0.4553
 14      2.283791e-07            0.4580
 15      1.051125e-07            0.4603
------------------------------------------------------
 Iterations:      16
 Final Rel. Res.: 1.051125e-07
 Asymptotic Rate: 0.457842 (Geom. Mean, last 4 iters)
======================================================

======================================================
  Refinement Level: 3
======================================================
 Mesh width (h):  3.9528e-01
 Total DOFs:      251777
 Spectral Radii:  1 1 0.499391
 GMRES Avg Iters: 66.00
------------------------------------------------------
  MG RESIDUAL DECAY
------------------------------------------------------
 Iter    Rel. Residual           Reduction Factor
------------------------------------------------------
 0       1.340114e-01            -----
 1       2.200067e-02            0.1642
 2       5.932606e-03            0.2697
 3       2.000296e-03            0.3372
 4       7.290207e-04            0.3645
 5       2.788887e-04            0.3826
 6       1.104748e-04            0.3961
 7       4.491361e-05            0.4066
 8       1.863781e-05            0.4150
 9       7.866727e-06            0.4221
 10      3.369259e-06            0.4283
 11      1.461676e-06            0.4338
 12      6.414209e-07            0.4388
 13      2.843867e-07            0.4434
 14      1.272670e-07            0.4475
 15      5.743512e-08            0.4513
------------------------------------------------------
 Iterations:      16
 Final Rel. Res.: 5.743512e-08
 Asymptotic Rate: 0.447382 (Geom. Mean, last 4 iters)
======================================================

======================================================
  Refinement Level: 4
======================================================
 Mesh width (h):  1.9764e-01
 Total DOFs:      1983233
 Spectral Radii:  1 1 0.519462
 GMRES Avg Iters: 51.00
------------------------------------------------------
  MG RESIDUAL DECAY
------------------------------------------------------
 Iter    Rel. Residual           Reduction Factor
------------------------------------------------------
 0       1.260475e-01            -----
 1       2.862991e-02            0.2271
 2       6.801409e-03            0.2376
 3       2.203149e-03            0.3239
 4       8.072612e-04            0.3664
 5       3.108398e-04            0.3851
 6       1.235695e-04            0.3975
 7       5.024066e-05            0.4066
 8       2.078624e-05            0.4137
 9       8.725005e-06            0.4197
 10      3.708465e-06            0.4250
 11      1.594070e-06            0.4298
 12      6.923453e-07            0.4343
 13      3.036473e-07            0.4386
 14      1.344162e-07            0.4427
 15      6.003771e-08            0.4467
------------------------------------------------------
 Iterations:      16
 Final Rel. Res.: 6.003771e-08
 Asymptotic Rate: 0.442623 (Geom. Mean, last 4 iters)
======================================================

======================================================
  Refinement Level: 5
======================================================
 Mesh width (h):  9.8821e-02
 Total DOFs:      15742465
 Spectral Radii:  1 1 0.528965
 GMRES Avg Iters: 47.00
------------------------------------------------------
  MG RESIDUAL DECAY
------------------------------------------------------
 Iter    Rel. Residual           Reduction Factor
------------------------------------------------------
 0       2.179046e-01            -----
 1       8.116919e-02            0.3725
 2       1.662078e-02            0.2048
 3       4.973919e-03            0.2993
 4       1.798447e-03            0.3616
 5       6.931347e-04            0.3854
 6       2.766457e-04            0.3991
 7       1.130051e-04            0.4085
 8       4.693630e-05            0.4153
 9       1.974522e-05            0.4207
 10      8.392931e-06            0.4251
 11      3.599154e-06            0.4288
 12      1.555554e-06            0.4322
 13      6.771284e-07            0.4353
 14      2.967244e-07            0.4382
 15      1.308553e-07            0.4410
------------------------------------------------------
 Iterations:      16
 Final Rel. Res.: 1.308553e-07
 Asymptotic Rate: 0.438163 (Geom. Mean, last 4 iters)
======================================================

