Device configuration: omp,cpu
Memory configuration: host-std
Loaded config: /cluster/home/rdabetic/decmg/configs/dirac2d_2d_tria_scaledid_v.json
=================================================
  Multigrid Convergence Test Configuration
=================================================
 Problem Type:    dirac2d
 Mesh File:       meshes/2d/tria.msh
 Output File:     out/scaledid/v/dirac/2d/tria.csv
 MG Cycle Type:   V-Cycle
 Mass Lumping:    scaledid
 B-Conditions:    essential
 Max Refinement:  6
 Eigenvalues:     1 (Tol: 0.01)
 GMRES Benchmark: 8 runs (Tol: 1e-06, K-Dim: 20)
=================================================


Gmsh reader: all element attributes were zero.
MFEM only supports positive element attributes.
Setting element attributes to 1.

======================================================
  Refinement Level: 1
======================================================
 Mesh width (h):  1.2500e-01
 Total DOFs:      217
 Spectral Radii:  0.219144
 GMRES Avg Iters: 7.12
------------------------------------------------------
  MG RESIDUAL DECAY
------------------------------------------------------
 Iter    Rel. Residual           Reduction Factor
------------------------------------------------------
 0       1.480308e-01            -----
 1       2.163625e-02            0.1462
 2       3.122117e-03            0.1443
 3       4.688851e-04            0.1502
 4       7.768766e-05            0.1657
 5       1.360928e-05            0.1752
 6       2.139938e-06            0.1572
 7       2.683855e-07            0.1254
 8       3.667554e-08            0.1367
 9       8.120277e-09            0.2214
 10      1.438776e-09            0.1772
 11      1.843664e-10            0.1281
 12      2.219646e-11            0.1204
 13      4.269846e-12            0.1924
 14      8.474190e-13            0.1985
 15      1.398362e-13            0.1650
------------------------------------------------------
 Iterations:      16
 Final Rel. Res.: 1.398362e-13
 Asymptotic Rate: 0.184691 (Geom. Mean, last 4 iters)
======================================================

======================================================
  Refinement Level: 2
======================================================
 Mesh width (h):  6.2500e-02
 Total DOFs:      817
 Spectral Radii:  0.259245
 GMRES Avg Iters: 8.00
------------------------------------------------------
  MG RESIDUAL DECAY
------------------------------------------------------
 Iter    Rel. Residual           Reduction Factor
------------------------------------------------------
 0       9.439939e-02            -----
 1       1.296199e-02            0.1373
 2       1.741722e-03            0.1344
 3       2.314798e-04            0.1329
 4       3.720680e-05            0.1607
 5       6.144196e-06            0.1651
 6       1.030036e-06            0.1676
 7       1.929679e-07            0.1873
 8       4.051418e-08            0.2100
 9       9.066563e-09            0.2238
 10      2.174170e-09            0.2398
 11      5.396272e-10            0.2482
 12      1.366279e-10            0.2532
 13      3.501231e-11            0.2563
 14      9.039456e-12            0.2582
 15      2.345991e-12            0.2595
------------------------------------------------------
 Iterations:      16
 Final Rel. Res.: 2.345991e-12
 Asymptotic Rate: 0.257986 (Geom. Mean, last 4 iters)
======================================================

======================================================
  Refinement Level: 3
======================================================
 Mesh width (h):  3.1250e-02
 Total DOFs:      3169
 Spectral Radii:  0.281217
 GMRES Avg Iters: 8.00
------------------------------------------------------
  MG RESIDUAL DECAY
------------------------------------------------------
 Iter    Rel. Residual           Reduction Factor
------------------------------------------------------
 0       1.047088e-01            -----
 1       1.425923e-02            0.1362
 2       1.943473e-03            0.1363
 3       2.810349e-04            0.1446
 4       4.564353e-05            0.1624
 5       8.111833e-06            0.1777
 6       1.621473e-06            0.1999
 7       3.612092e-07            0.2228
 8       8.766351e-08            0.2427
 9       2.232366e-08            0.2547
 10      5.836378e-09            0.2614
 11      1.549954e-09            0.2656
 12      4.157559e-10            0.2682
 13      1.123253e-10            0.2702
 14      3.050300e-11            0.2716
 15      8.314658e-12            0.2726
------------------------------------------------------
 Iterations:      16
 Final Rel. Res.: 8.314658e-12
 Asymptotic Rate: 0.271437 (Geom. Mean, last 4 iters)
======================================================

======================================================
  Refinement Level: 4
======================================================
 Mesh width (h):  1.5625e-02
 Total DOFs:      12481
 Spectral Radii:  0.28886
 GMRES Avg Iters: 8.00
------------------------------------------------------
  MG RESIDUAL DECAY
------------------------------------------------------
 Iter    Rel. Residual           Reduction Factor
------------------------------------------------------
 0       9.491980e-02            -----
 1       1.239671e-02            0.1306
 2       1.670454e-03            0.1347
 3       2.507170e-04            0.1501
 4       4.196533e-05            0.1674
 5       7.722275e-06            0.1840
 6       1.619009e-06            0.2097
 7       3.779001e-07            0.2334
 8       9.438492e-08            0.2498
 9       2.469912e-08            0.2617
 10      6.644733e-09            0.2690
 11      1.816047e-09            0.2733
 12      5.014217e-10            0.2761
 13      1.394383e-10            0.2781
 14      3.898170e-11            0.2796
 15      1.094263e-11            0.2807
------------------------------------------------------
 Iterations:      16
 Final Rel. Res.: 1.094263e-11
 Asymptotic Rate: 0.279451 (Geom. Mean, last 4 iters)
======================================================

======================================================
  Refinement Level: 5
======================================================
 Mesh width (h):  7.8125e-03
 Total DOFs:      49537
 Spectral Radii:  0.292602
 GMRES Avg Iters: 8.00
------------------------------------------------------
  MG RESIDUAL DECAY
------------------------------------------------------
 Iter    Rel. Residual           Reduction Factor
------------------------------------------------------
 0       9.535757e-02            -----
 1       1.239967e-02            0.1300
 2       1.653826e-03            0.1334
 3       2.445934e-04            0.1479
 4       4.111218e-05            0.1681
 5       7.853046e-06            0.1910
 6       1.708178e-06            0.2175
 7       4.125086e-07            0.2415
 8       1.063617e-07            0.2578
 9       2.845954e-08            0.2676
 10      7.766667e-09            0.2729
 11      2.142852e-09            0.2759
 12      5.952353e-10            0.2778
 13      1.661224e-10            0.2791
 14      4.653068e-11            0.2801
 15      1.307214e-11            0.2809
------------------------------------------------------
 Iterations:      16
 Final Rel. Res.: 1.307214e-11
 Asymptotic Rate: 0.280040 (Geom. Mean, last 4 iters)
======================================================

======================================================
  Refinement Level: 6
======================================================
 Mesh width (h):  3.9063e-03
 Total DOFs:      197377
 Spectral Radii:  0.295208
 GMRES Avg Iters: 8.00
------------------------------------------------------
  MG RESIDUAL DECAY
------------------------------------------------------
 Iter    Rel. Residual           Reduction Factor
------------------------------------------------------
 0       9.442263e-02            -----
 1       1.244162e-02            0.1318
 2       1.648324e-03            0.1325
 3       2.441046e-04            0.1481
 4       4.091470e-05            0.1676
 5       7.884442e-06            0.1927
 6       1.749256e-06            0.2219
 7       4.296662e-07            0.2456
 8       1.121718e-07            0.2611
 9       3.027179e-08            0.2699
 10      8.315082e-09            0.2747
 11      2.307619e-09            0.2775
 12      6.446902e-10            0.2794
 13      1.809617e-10            0.2807
 14      5.098037e-11            0.2817
 15      1.440511e-11            0.2826
------------------------------------------------------
 Iterations:      16
 Final Rel. Res.: 1.440511e-11
 Asymptotic Rate: 0.281658 (Geom. Mean, last 4 iters)
======================================================

