Device configuration: omp,cpu
Memory configuration: host-std
Loaded config: /cluster/home/rdabetic/decmg/configs/dirac3d_3d_corner_rowsum_w.json
=================================================
  Multigrid Convergence Test Configuration
=================================================
 Problem Type:    dirac3d
 Mesh File:       meshes/3d/corner.msh
 Output File:     out/rowsum/w/dirac/3d/corner.csv
 MG Cycle Type:   W-Cycle
 Mass Lumping:    rowsum
 B-Conditions:    essential
 Max Refinement:  5
 Eigenvalues:     1 (Tol: 0.01)
 GMRES Benchmark: 8 runs (Tol: 1e-06, K-Dim: 20)
=================================================

======================================================
  Refinement Level: 1
======================================================
 Mesh width (h):  5.0000e-01
 Total DOFs:      1481
 Spectral Radii:  0.506483
 GMRES Avg Iters: 13.88
------------------------------------------------------
  MG RESIDUAL DECAY
------------------------------------------------------
 Iter    Rel. Residual           Reduction Factor
------------------------------------------------------
 0       7.669978e-02            -----
 1       2.260949e-02            0.2948
 2       6.341753e-03            0.2805
 3       2.560886e-03            0.4038
 4       1.125412e-03            0.4395
 5       5.265379e-04            0.4679
 6       2.546331e-04            0.4836
 7       1.253029e-04            0.4921
 8       6.216833e-05            0.4961
 9       3.097144e-05            0.4982
 10      1.546529e-05            0.4993
 11      7.734746e-06            0.5001
 12      3.873461e-06            0.5008
 13      1.942060e-06            0.5014
 14      9.747731e-07            0.5019
 15      4.897716e-07            0.5024
------------------------------------------------------
 Iterations:      16
 Final Rel. Res.: 4.897716e-07
 Asymptotic Rate: 0.501916 (Geom. Mean, last 4 iters)
======================================================

======================================================
  Refinement Level: 2
======================================================
 Mesh width (h):  2.5000e-01
 Total DOFs:      10881
 Spectral Radii:  0.58181
 GMRES Avg Iters: 14.38
------------------------------------------------------
  MG RESIDUAL DECAY
------------------------------------------------------
 Iter    Rel. Residual           Reduction Factor
------------------------------------------------------
 0       9.348168e-02            -----
 1       2.777332e-02            0.2971
 2       9.519907e-03            0.3428
 3       4.518829e-03            0.4747
 4       2.290994e-03            0.5070
 5       1.205307e-03            0.5261
 6       6.517532e-04            0.5407
 7       3.588711e-04            0.5506
 8       2.000074e-04            0.5573
 9       1.123780e-04            0.5619
 10      6.349645e-05            0.5650
 11      3.602062e-05            0.5673
 12      2.049410e-05            0.5690
 13      1.168626e-05            0.5702
 14      6.675449e-06            0.5712
 15      3.818537e-06            0.5720
------------------------------------------------------
 Iterations:      16
 Final Rel. Res.: 3.818537e-06
 Asymptotic Rate: 0.571158 (Geom. Mean, last 4 iters)
======================================================

======================================================
  Refinement Level: 3
======================================================
 Mesh width (h):  1.2500e-01
 Total DOFs:      83393
 Spectral Radii:  0.626695
 GMRES Avg Iters: 15.00
------------------------------------------------------
  MG RESIDUAL DECAY
------------------------------------------------------
 Iter    Rel. Residual           Reduction Factor
------------------------------------------------------
 0       2.583592e-01            -----
 1       1.032633e-01            0.3997
 2       2.496894e-02            0.2418
 3       1.044192e-02            0.4182
 4       5.104511e-03            0.4888
 5       2.665636e-03            0.5222
 6       1.440353e-03            0.5403
 7       7.955569e-04            0.5523
 8       4.464646e-04            0.5612
 9       2.537807e-04            0.5684
 10      1.458330e-04            0.5746
 11      8.460185e-05            0.5801
 12      4.949324e-05            0.5850
 13      2.917033e-05            0.5894
 14      1.730642e-05            0.5933
 15      1.032835e-05            0.5968
------------------------------------------------------
 Iterations:      16
 Final Rel. Res.: 1.032835e-05
 Asymptotic Rate: 0.593146 (Geom. Mean, last 4 iters)
======================================================

======================================================
  Refinement Level: 4
======================================================
 Mesh width (h):  6.2500e-02
 Total DOFs:      652929
 Spectral Radii:  0.644356
 GMRES Avg Iters: 15.00
------------------------------------------------------
  MG RESIDUAL DECAY
------------------------------------------------------
 Iter    Rel. Residual           Reduction Factor
------------------------------------------------------
 0       9.806135e-01            -----
 1       4.225305e-01            0.4309
 2       1.036145e-01            0.2452
 3       4.392954e-02            0.4240
 4       2.251086e-02            0.5124
 5       1.230689e-02            0.5467
 6       6.951587e-03            0.5649
 7       4.006653e-03            0.5764
 8       2.343093e-03            0.5848
 9       1.386111e-03            0.5916
 10      8.278980e-04            0.5973
 11      4.985607e-04            0.6022
 12      3.023672e-04            0.6065
 13      1.845085e-04            0.6102
 14      1.131906e-04            0.6135
 15      6.976064e-05            0.6163
------------------------------------------------------
 Iterations:      16
 Final Rel. Res.: 6.976064e-05
 Asymptotic Rate: 0.613327 (Geom. Mean, last 4 iters)
======================================================

======================================================
  Refinement Level: 5
======================================================
 Mesh width (h):  3.1250e-02
 Total DOFs:      5167361
 Spectral Radii:  0.651469
 GMRES Avg Iters: 15.00
------------------------------------------------------
  MG RESIDUAL DECAY
------------------------------------------------------
 Iter    Rel. Residual           Reduction Factor
------------------------------------------------------
 0       4.015388e+00            -----
 1       1.695618e+00            0.4223
 2       4.221357e-01            0.2490
 3       1.782092e-01            0.4222
 4       9.163650e-02            0.5142
 5       5.039463e-02            0.5499
 6       2.864276e-02            0.5684
 7       1.660176e-02            0.5796
 8       9.752353e-03            0.5874
 9       5.787141e-03            0.5934
 10      3.462428e-03            0.5983
 11      2.085953e-03            0.6025
 12      1.264243e-03            0.6061
 13      7.702668e-04            0.6093
 14      4.714929e-04            0.6121
 15      2.898085e-04            0.6147
------------------------------------------------------
 Iterations:      16
 Final Rel. Res.: 2.898085e-04
 Asymptotic Rate: 0.612012 (Geom. Mean, last 4 iters)
======================================================

