Device configuration: omp,cpu
Memory configuration: host-std
Loaded config: /cluster/home/rdabetic/decmg/configs/dirac2d_2d_L_scaledid_w.json
=================================================
  Multigrid Convergence Test Configuration
=================================================
 Problem Type:    dirac2d
 Mesh File:       meshes/2d/L.msh
 Output File:     out/scaledid/w/dirac/2d/L.csv
 MG Cycle Type:   W-Cycle
 Mass Lumping:    scaledid
 B-Conditions:    essential
 Max Refinement:  6
 Eigenvalues:     1 (Tol: 0.01)
 GMRES Benchmark: 8 runs (Tol: 1e-06, K-Dim: 20)
=================================================


Gmsh reader: all element attributes were zero.
MFEM only supports positive element attributes.
Setting element attributes to 1.

======================================================
  Refinement Level: 1
======================================================
 Mesh width (h):  1.8352e-01
 Total DOFs:      293
 Spectral Radii:  0.183398
 GMRES Avg Iters: 12.00
------------------------------------------------------
  MG RESIDUAL DECAY
------------------------------------------------------
 Iter    Rel. Residual           Reduction Factor
------------------------------------------------------
 0       1.887251e-01            -----
 1       3.079634e-02            0.1632
 2       3.512369e-03            0.1141
 3       3.918803e-04            0.1116
 4       3.954145e-05            0.1009
 5       5.261558e-06            0.1331
 6       5.876130e-07            0.1117
 7       7.657700e-08            0.1303
 8       9.754192e-09            0.1274
 9       1.357324e-09            0.1392
 10      1.850626e-10            0.1363
 11      2.935900e-11            0.1586
 12      4.983705e-12            0.1698
 13      8.520981e-13            0.1710
 14      1.418424e-13            0.1665
 15      2.282298e-14            0.1609
------------------------------------------------------
 Iterations:      16
 Final Rel. Res.: 2.282298e-14
 Asymptotic Rate: 0.166063 (Geom. Mean, last 4 iters)
======================================================

======================================================
  Refinement Level: 2
======================================================
 Mesh width (h):  9.1759e-02
 Total DOFs:      1113
 Spectral Radii:  0.223453
 GMRES Avg Iters: 13.00
------------------------------------------------------
  MG RESIDUAL DECAY
------------------------------------------------------
 Iter    Rel. Residual           Reduction Factor
------------------------------------------------------
 0       1.168872e-01            -----
 1       1.782771e-02            0.1525
 2       2.147374e-03            0.1205
 3       2.744304e-04            0.1278
 4       4.195416e-05            0.1529
 5       6.252552e-06            0.1490
 6       9.139413e-07            0.1462
 7       1.409957e-07            0.1543
 8       2.125243e-08            0.1507
 9       3.316626e-09            0.1561
 10      5.900334e-10            0.1779
 11      1.141640e-10            0.1935
 12      2.297428e-11            0.2012
 13      4.738797e-12            0.2063
 14      9.958599e-13            0.2102
 15      2.122430e-13            0.2131
------------------------------------------------------
 Iterations:      16
 Final Rel. Res.: 2.122430e-13
 Asymptotic Rate: 0.209828 (Geom. Mean, last 4 iters)
======================================================

======================================================
  Refinement Level: 3
======================================================
 Mesh width (h):  4.5880e-02
 Total DOFs:      4337
 Spectral Radii:  0.248731
 GMRES Avg Iters: 14.00
------------------------------------------------------
  MG RESIDUAL DECAY
------------------------------------------------------
 Iter    Rel. Residual           Reduction Factor
------------------------------------------------------
 0       1.148732e-01            -----
 1       1.600400e-02            0.1393
 2       2.042726e-03            0.1276
 3       2.881961e-04            0.1411
 4       4.361897e-05            0.1514
 5       6.661135e-06            0.1527
 6       1.049061e-06            0.1575
 7       1.720988e-07            0.1641
 8       3.112645e-08            0.1809
 9       6.356415e-09            0.2042
 10      1.389418e-09            0.2186
 11      3.141018e-10            0.2261
 12      7.270634e-11            0.2315
 13      1.710899e-11            0.2353
 14      4.067416e-12            0.2377
 15      9.734756e-13            0.2393
------------------------------------------------------
 Iterations:      16
 Final Rel. Res.: 9.734756e-13
 Asymptotic Rate: 0.237457 (Geom. Mean, last 4 iters)
======================================================

======================================================
  Refinement Level: 4
======================================================
 Mesh width (h):  2.2940e-02
 Total DOFs:      17121
 Spectral Radii:  0.256248
 GMRES Avg Iters: 14.00
------------------------------------------------------
  MG RESIDUAL DECAY
------------------------------------------------------
 Iter    Rel. Residual           Reduction Factor
------------------------------------------------------
 0       1.024270e-01            -----
 1       1.397303e-02            0.1364
 2       1.757724e-03            0.1258
 3       2.403673e-04            0.1367
 4       3.510774e-05            0.1461
 5       5.227526e-06            0.1489
 6       8.444095e-07            0.1615
 7       1.500535e-07            0.1777
 8       2.958437e-08            0.1972
 9       6.399428e-09            0.2163
 10      1.462054e-09            0.2285
 11      3.449879e-10            0.2360
 12      8.295741e-11            0.2405
 13      2.016752e-11            0.2431
 14      4.936565e-12            0.2448
 15      1.214250e-12            0.2460
------------------------------------------------------
 Iterations:      16
 Final Rel. Res.: 1.214250e-12
 Asymptotic Rate: 0.244616 (Geom. Mean, last 4 iters)
======================================================

======================================================
  Refinement Level: 5
======================================================
 Mesh width (h):  1.1470e-02
 Total DOFs:      68033
 Spectral Radii:  0.259479
 GMRES Avg Iters: 14.38
------------------------------------------------------
  MG RESIDUAL DECAY
------------------------------------------------------
 Iter    Rel. Residual           Reduction Factor
------------------------------------------------------
 0       9.854871e-02            -----
 1       1.308961e-02            0.1328
 2       1.629552e-03            0.1245
 3       2.234084e-04            0.1371
 4       3.276331e-05            0.1467
 5       5.010358e-06            0.1529
 6       8.362705e-07            0.1669
 7       1.564780e-07            0.1871
 8       3.239127e-08            0.2070
 9       7.228988e-09            0.2232
 10      1.690987e-09            0.2339
 11      4.060981e-10            0.2402
 12      9.892155e-11            0.2436
 13      2.430064e-11            0.2457
 14      6.003494e-12            0.2471
 15      1.489179e-12            0.2481
------------------------------------------------------
 Iterations:      16
 Final Rel. Res.: 1.489179e-12
 Asymptotic Rate: 0.246918 (Geom. Mean, last 4 iters)
======================================================

======================================================
  Refinement Level: 6
======================================================
 Mesh width (h):  5.7350e-03
 Total DOFs:      271233
 Spectral Radii:  0.260386
 GMRES Avg Iters: 14.75
------------------------------------------------------
  MG RESIDUAL DECAY
------------------------------------------------------
 Iter    Rel. Residual           Reduction Factor
------------------------------------------------------
 0       9.638645e-02            -----
 1       1.250426e-02            0.1297
 2       1.567756e-03            0.1254
 3       2.121992e-04            0.1354
 4       3.095951e-05            0.1459
 5       4.801529e-06            0.1551
 6       8.129183e-07            0.1693
 7       1.536616e-07            0.1890
 8       3.207325e-08            0.2087
 9       7.184758e-09            0.2240
 10      1.678848e-09            0.2337
 11      4.018335e-10            0.2394
 12      9.751629e-11            0.2427
 13      2.387037e-11            0.2448
 14      5.877946e-12            0.2462
 15      1.453856e-12            0.2473
------------------------------------------------------
 Iterations:      16
 Final Rel. Res.: 1.453856e-12
 Asymptotic Rate: 0.246121 (Geom. Mean, last 4 iters)
======================================================

