Device configuration: omp,cpu
Memory configuration: host-std
Loaded config: /cluster/home/rdabetic/decmg/configs/dirac3d_3d_tetra_scaledid_v.json
=================================================
  Multigrid Convergence Test Configuration
=================================================
 Problem Type:    dirac3d
 Mesh File:       meshes/3d/tetra.msh
 Output File:     out/scaledid/v/dirac/3d/tetra.csv
 MG Cycle Type:   V-Cycle
 Mass Lumping:    scaledid
 B-Conditions:    essential
 Max Refinement:  5
 Eigenvalues:     1 (Tol: 0.01)
 GMRES Benchmark: 8 runs (Tol: 1e-06, K-Dim: 20)
=================================================

======================================================
  Refinement Level: 1
======================================================
 Mesh width (h):  3.5355e-01
 Total DOFs:      389
 Spectral Radii:  0.419634
 GMRES Avg Iters: 11.50
------------------------------------------------------
  MG RESIDUAL DECAY
------------------------------------------------------
 Iter    Rel. Residual           Reduction Factor
------------------------------------------------------
 0       1.429687e-01            -----
 1       3.289574e-02            0.2301
 2       1.030861e-02            0.3134
 3       3.560765e-03            0.3454
 4       1.280631e-03            0.3597
 5       4.687218e-04            0.3660
 6       1.731019e-04            0.3693
 7       6.426642e-05            0.3713
 8       2.393959e-05            0.3725
 9       8.939493e-06            0.3734
 10      3.345236e-06            0.3742
 11      1.254338e-06            0.3750
 12      4.712707e-07            0.3757
 13      1.774188e-07            0.3765
 14      6.692864e-08            0.3772
 15      2.530001e-08            0.3780
------------------------------------------------------
 Iterations:      16
 Final Rel. Res.: 2.530001e-08
 Asymptotic Rate: 0.377239 (Geom. Mean, last 4 iters)
======================================================

======================================================
  Refinement Level: 2
======================================================
 Mesh width (h):  1.7678e-01
 Total DOFs:      2633
 Spectral Radii:  0.461548
 GMRES Avg Iters: 12.00
------------------------------------------------------
  MG RESIDUAL DECAY
------------------------------------------------------
 Iter    Rel. Residual           Reduction Factor
------------------------------------------------------
 0       1.092676e-01            -----
 1       2.949652e-02            0.2699
 2       9.350245e-03            0.3170
 3       3.400419e-03            0.3637
 4       1.283554e-03            0.3775
 5       4.954435e-04            0.3860
 6       1.949359e-04            0.3935
 7       7.800955e-05            0.4002
 8       3.163795e-05            0.4056
 9       1.296565e-05            0.4098
 10      5.355849e-06            0.4131
 11      2.225360e-06            0.4155
 12      9.285104e-07            0.4172
 13      3.885571e-07            0.4185
 14      1.629461e-07            0.4194
 15      6.844425e-08            0.4200
------------------------------------------------------
 Iterations:      16
 Final Rel. Res.: 6.844425e-08
 Asymptotic Rate: 0.419292 (Geom. Mean, last 4 iters)
======================================================

======================================================
  Refinement Level: 3
======================================================
 Mesh width (h):  8.8388e-02
 Total DOFs:      19345
 Spectral Radii:  0.490548
 GMRES Avg Iters: 12.00
------------------------------------------------------
  MG RESIDUAL DECAY
------------------------------------------------------
 Iter    Rel. Residual           Reduction Factor
------------------------------------------------------
 0       2.162921e-01            -----
 1       6.616153e-02            0.3059
 2       1.736402e-02            0.2624
 3       6.285435e-03            0.3620
 4       2.478599e-03            0.3943
 5       1.025422e-03            0.4137
 6       4.340586e-04            0.4233
 7       1.861969e-04            0.4290
 8       8.053243e-05            0.4325
 9       3.500723e-05            0.4347
 10      1.526448e-05            0.4360
 11      6.668739e-06            0.4369
 12      2.917193e-06            0.4374
 13      1.277343e-06            0.4379
 14      5.597749e-07            0.4382
 15      2.455085e-07            0.4386
------------------------------------------------------
 Iterations:      16
 Final Rel. Res.: 2.455085e-07
 Asymptotic Rate: 0.438228 (Geom. Mean, last 4 iters)
======================================================

======================================================
  Refinement Level: 4
======================================================
 Mesh width (h):  4.4194e-02
 Total DOFs:      148257
 Spectral Radii:  0.519504
 GMRES Avg Iters: 12.00
------------------------------------------------------
  MG RESIDUAL DECAY
------------------------------------------------------
 Iter    Rel. Residual           Reduction Factor
------------------------------------------------------
 0       8.767048e-01            -----
 1       3.102187e-01            0.3538
 2       7.320758e-02            0.2360
 3       2.535280e-02            0.3463
 4       1.004396e-02            0.3962
 5       4.159855e-03            0.4142
 6       1.772523e-03            0.4261
 7       7.681186e-04            0.4333
 8       3.364426e-04            0.4380
 9       1.484782e-04            0.4413
 10      6.591190e-05            0.4439
 11      2.940213e-05            0.4461
 12      1.317053e-05            0.4479
 13      5.921083e-06            0.4496
 14      2.670405e-06            0.4510
 15      1.207716e-06            0.4523
------------------------------------------------------
 Iterations:      16
 Final Rel. Res.: 1.207716e-06
 Asymptotic Rate: 0.450942 (Geom. Mean, last 4 iters)
======================================================

======================================================
  Refinement Level: 5
======================================================
 Mesh width (h):  2.2097e-02
 Total DOFs:      1160769
 Spectral Radii:  0.528355
 GMRES Avg Iters: 12.00
------------------------------------------------------
  MG RESIDUAL DECAY
------------------------------------------------------
 Iter    Rel. Residual           Reduction Factor
------------------------------------------------------
 0       3.694579e+00            -----
 1       1.313862e+00            0.3556
 2       2.995341e-01            0.2280
 3       9.888892e-02            0.3301
 4       3.823837e-02            0.3867
 5       1.560803e-02            0.4082
 6       6.564944e-03            0.4206
 7       2.818465e-03            0.4293
 8       1.228144e-03            0.4357
 9       5.410659e-04            0.4406
 10      2.403414e-04            0.4442
 11      1.074386e-04            0.4470
 12      4.826985e-05            0.4493
 13      2.177630e-05            0.4511
 14      9.858627e-06            0.4527
 15      4.477028e-06            0.4541
------------------------------------------------------
 Iterations:      16
 Final Rel. Res.: 4.477028e-06
 Asymptotic Rate: 0.452659 (Geom. Mean, last 4 iters)
======================================================

