Device configuration: omp,cpu
Memory configuration: host-std
Loaded config: /cluster/home/rdabetic/decmg/configs/dirac3d_3d_hole_void_scaledid_v.json
=================================================
  Multigrid Convergence Test Configuration
=================================================
 Problem Type:    dirac3d
 Mesh File:       meshes/3d/hole_void.msh
 Output File:     out/scaledid/v/dirac/3d/hole_void.csv
 MG Cycle Type:   V-Cycle
 Mass Lumping:    scaledid
 B-Conditions:    essential
 Max Refinement:  5
 Eigenvalues:     3 (Tol: 0.01)
 GMRES Benchmark: 8 runs (Tol: 1e-06, K-Dim: 20)
=================================================

======================================================
  Refinement Level: 1
======================================================
 Mesh width (h):  1.5811e+00
 Total DOFs:      4305
 Spectral Radii:  1 1 0.459852
 GMRES Avg Iters: 85.12
------------------------------------------------------
  MG RESIDUAL DECAY
------------------------------------------------------
 Iter    Rel. Residual           Reduction Factor
------------------------------------------------------
 0       1.064559e-01            -----
 1       2.533959e-02            0.2380
 2       8.560765e-03            0.3378
 3       3.413102e-03            0.3987
 4       1.387311e-03            0.4065
 5       5.817786e-04            0.4194
 6       2.479318e-04            0.4262
 7       1.069598e-04            0.4314
 8       4.655077e-05            0.4352
 9       2.040121e-05            0.4383
 10      8.992537e-06            0.4408
 11      3.983521e-06            0.4430
 12      1.772446e-06            0.4449
 13      7.917987e-07            0.4467
 14      3.550027e-07            0.4483
 15      1.596880e-07            0.4498
------------------------------------------------------
 Iterations:      16
 Final Rel. Res.: 1.596880e-07
 Asymptotic Rate: 0.448298 (Geom. Mean, last 4 iters)
======================================================

======================================================
  Refinement Level: 2
======================================================
 Mesh width (h):  7.9057e-01
 Total DOFs:      32449
 Spectral Radii:  1 1 0.495319
 GMRES Avg Iters: 84.38
------------------------------------------------------
  MG RESIDUAL DECAY
------------------------------------------------------
 Iter    Rel. Residual           Reduction Factor
------------------------------------------------------
 0       1.391717e-01            -----
 1       2.490574e-02            0.1790
 2       7.058182e-03            0.2834
 3       2.725939e-03            0.3862
 4       1.068240e-03            0.3919
 5       4.414339e-04            0.4132
 6       1.864331e-04            0.4223
 7       8.042168e-05            0.4314
 8       3.519603e-05            0.4376
 9       1.558740e-05            0.4429
 10      6.970520e-06            0.4472
 11      3.142929e-06            0.4509
 12      1.427161e-06            0.4541
 13      6.520360e-07            0.4569
 14      2.994957e-07            0.4593
 15      1.382118e-07            0.4615
------------------------------------------------------
 Iterations:      16
 Final Rel. Res.: 1.382118e-07
 Asymptotic Rate: 0.459223 (Geom. Mean, last 4 iters)
======================================================

======================================================
  Refinement Level: 3
======================================================
 Mesh width (h):  3.9528e-01
 Total DOFs:      251777
 Spectral Radii:  1 1 0.520788
 GMRES Avg Iters: 68.00
------------------------------------------------------
  MG RESIDUAL DECAY
------------------------------------------------------
 Iter    Rel. Residual           Reduction Factor
------------------------------------------------------
 0       1.349036e-01            -----
 1       2.404374e-02            0.1782
 2       6.483794e-03            0.2697
 3       2.404870e-03            0.3709
 4       8.913398e-04            0.3706
 5       3.597225e-04            0.4036
 6       1.484935e-04            0.4128
 7       6.369524e-05            0.4289
 8       2.779824e-05            0.4364
 9       1.237388e-05            0.4451
 10      5.573653e-06            0.4504
 11      2.541141e-06            0.4559
 12      1.169087e-06            0.4601
 13      5.425184e-07            0.4641
 14      2.536043e-07            0.4675
 15      1.193538e-07            0.4706
------------------------------------------------------
 Iterations:      16
 Final Rel. Res.: 1.193538e-07
 Asymptotic Rate: 0.467373 (Geom. Mean, last 4 iters)
======================================================

======================================================
  Refinement Level: 4
======================================================
 Mesh width (h):  1.9764e-01
 Total DOFs:      1983233
 Spectral Radii:  1 1 0.548784
 GMRES Avg Iters: 50.00
------------------------------------------------------
  MG RESIDUAL DECAY
------------------------------------------------------
 Iter    Rel. Residual           Reduction Factor
------------------------------------------------------
 0       1.274755e-01            -----
 1       3.511811e-02            0.2755
 2       9.966441e-03            0.2838
 3       2.915230e-03            0.2925
 4       1.142964e-03            0.3921
 5       4.381931e-04            0.3834
 6       1.836334e-04            0.4191
 7       7.887738e-05            0.4295
 8       3.484638e-05            0.4418
 9       1.570403e-05            0.4507
 10      7.231398e-06            0.4605
 11      3.379660e-06            0.4674
 12      1.606796e-06            0.4754
 13      7.736237e-07            0.4815
 14      3.774792e-07            0.4879
 15      1.861801e-07            0.4932
------------------------------------------------------
 Iterations:      16
 Final Rel. Res.: 1.861801e-07
 Asymptotic Rate: 0.487518 (Geom. Mean, last 4 iters)
======================================================

======================================================
  Refinement Level: 5
======================================================
 Mesh width (h):  9.8821e-02
 Total DOFs:      15742465
 Spectral Radii:  1 1 0.585077
 GMRES Avg Iters: 47.00
------------------------------------------------------
  MG RESIDUAL DECAY
------------------------------------------------------
 Iter    Rel. Residual           Reduction Factor
------------------------------------------------------
 0       2.215285e-01            -----
 1       1.075181e-01            0.4853
 2       3.333325e-02            0.3100
 3       8.736468e-03            0.2621
 4       3.508694e-03            0.4016
 5       1.257442e-03            0.3584
 6       5.274630e-04            0.4195
 7       2.312547e-04            0.4384
 8       1.043765e-04            0.4513
 9       4.882763e-05            0.4678
 10      2.333891e-05            0.4780
 11      1.141713e-05            0.4892
 12      5.711021e-06            0.5002
 13      2.912459e-06            0.5100
 14      1.514913e-06            0.5201
 15      8.009537e-07            0.5287
------------------------------------------------------
 Iterations:      16
 Final Rel. Res.: 8.009537e-07
 Asymptotic Rate: 0.519555 (Geom. Mean, last 4 iters)
======================================================

