Device configuration: omp,cpu
Memory configuration: host-std
Loaded config: /cluster/home/rdabetic/decmg/configs/dirac2d_2d_L_scaledid_v.json
=================================================
  Multigrid Convergence Test Configuration
=================================================
 Problem Type:    dirac2d
 Mesh File:       meshes/2d/L.msh
 Output File:     out/scaledid/v/dirac/2d/L.csv
 MG Cycle Type:   V-Cycle
 Mass Lumping:    scaledid
 B-Conditions:    essential
 Max Refinement:  6
 Eigenvalues:     1 (Tol: 0.01)
 GMRES Benchmark: 8 runs (Tol: 1e-06, K-Dim: 20)
=================================================


Gmsh reader: all element attributes were zero.
MFEM only supports positive element attributes.
Setting element attributes to 1.

======================================================
  Refinement Level: 1
======================================================
 Mesh width (h):  1.8352e-01
 Total DOFs:      293
 Spectral Radii:  0.183398
 GMRES Avg Iters: 12.00
------------------------------------------------------
  MG RESIDUAL DECAY
------------------------------------------------------
 Iter    Rel. Residual           Reduction Factor
------------------------------------------------------
 0       1.887251e-01            -----
 1       3.079634e-02            0.1632
 2       3.512369e-03            0.1141
 3       3.918803e-04            0.1116
 4       3.954145e-05            0.1009
 5       5.261558e-06            0.1331
 6       5.876130e-07            0.1117
 7       7.657700e-08            0.1303
 8       9.754192e-09            0.1274
 9       1.357324e-09            0.1392
 10      1.850626e-10            0.1363
 11      2.935900e-11            0.1586
 12      4.983705e-12            0.1698
 13      8.520981e-13            0.1710
 14      1.418424e-13            0.1665
 15      2.282298e-14            0.1609
------------------------------------------------------
 Iterations:      16
 Final Rel. Res.: 2.282298e-14
 Asymptotic Rate: 0.166063 (Geom. Mean, last 4 iters)
======================================================

======================================================
  Refinement Level: 2
======================================================
 Mesh width (h):  9.1759e-02
 Total DOFs:      1113
 Spectral Radii:  0.247049
 GMRES Avg Iters: 13.00
------------------------------------------------------
  MG RESIDUAL DECAY
------------------------------------------------------
 Iter    Rel. Residual           Reduction Factor
------------------------------------------------------
 0       1.167869e-01            -----
 1       1.989404e-02            0.1703
 2       2.471907e-03            0.1243
 3       3.660030e-04            0.1481
 4       5.092105e-05            0.1391
 5       7.652391e-06            0.1503
 6       1.324806e-06            0.1731
 7       2.403285e-07            0.1814
 8       4.638071e-08            0.1930
 9       9.345757e-09            0.2015
 10      2.000036e-09            0.2140
 11      4.468406e-10            0.2234
 12      1.043553e-10            0.2335
 13      2.506329e-11            0.2402
 14      6.104260e-12            0.2436
 15      1.495927e-12            0.2451
------------------------------------------------------
 Iterations:      16
 Final Rel. Res.: 1.495927e-12
 Asymptotic Rate: 0.242921 (Geom. Mean, last 4 iters)
======================================================

======================================================
  Refinement Level: 3
======================================================
 Mesh width (h):  4.5880e-02
 Total DOFs:      4337
 Spectral Radii:  0.269593
 GMRES Avg Iters: 14.00
------------------------------------------------------
  MG RESIDUAL DECAY
------------------------------------------------------
 Iter    Rel. Residual           Reduction Factor
------------------------------------------------------
 0       1.156624e-01            -----
 1       1.827615e-02            0.1580
 2       2.570649e-03            0.1407
 3       3.901834e-04            0.1518
 4       6.135936e-05            0.1573
 5       1.076543e-05            0.1754
 6       1.955665e-06            0.1817
 7       4.110328e-07            0.2102
 8       9.463170e-08            0.2302
 9       2.279164e-08            0.2408
 10      5.711608e-09            0.2506
 11      1.467075e-09            0.2569
 12      3.818229e-10            0.2603
 13      1.000959e-10            0.2622
 14      2.637494e-11            0.2635
 15      6.977445e-12            0.2645
------------------------------------------------------
 Iterations:      16
 Final Rel. Res.: 6.977445e-12
 Asymptotic Rate: 0.263397 (Geom. Mean, last 4 iters)
======================================================

======================================================
  Refinement Level: 4
======================================================
 Mesh width (h):  2.2940e-02
 Total DOFs:      17121
 Spectral Radii:  0.285837
 GMRES Avg Iters: 14.00
------------------------------------------------------
  MG RESIDUAL DECAY
------------------------------------------------------
 Iter    Rel. Residual           Reduction Factor
------------------------------------------------------
 0       1.031758e-01            -----
 1       1.528623e-02            0.1482
 2       2.102961e-03            0.1376
 3       3.076064e-04            0.1463
 4       5.103850e-05            0.1659
 5       9.391359e-06            0.1840
 6       1.965991e-06            0.2093
 7       4.591469e-07            0.2335
 8       1.139011e-07            0.2481
 9       2.950354e-08            0.2590
 10      7.828118e-09            0.2653
 11      2.104711e-09            0.2689
 12      5.704453e-10            0.2710
 13      1.553771e-10            0.2724
 14      4.247326e-11            0.2734
 15      1.164392e-11            0.2741
------------------------------------------------------
 Iterations:      16
 Final Rel. Res.: 1.164392e-11
 Asymptotic Rate: 0.273293 (Geom. Mean, last 4 iters)
======================================================

======================================================
  Refinement Level: 5
======================================================
 Mesh width (h):  1.1470e-02
 Total DOFs:      68033
 Spectral Radii:  0.29246
 GMRES Avg Iters: 14.75
------------------------------------------------------
  MG RESIDUAL DECAY
------------------------------------------------------
 Iter    Rel. Residual           Reduction Factor
------------------------------------------------------
 0       9.923228e-02            -----
 1       1.398689e-02            0.1410
 2       1.881959e-03            0.1346
 3       2.786389e-04            0.1481
 4       4.606182e-05            0.1653
 5       8.634114e-06            0.1874
 6       1.853956e-06            0.2147
 7       4.385202e-07            0.2365
 8       1.113132e-07            0.2538
 9       2.953821e-08            0.2654
 10      8.031154e-09            0.2719
 11      2.214259e-09            0.2757
 12      6.156592e-10            0.2780
 13      1.721222e-10            0.2796
 14      4.831295e-11            0.2807
 15      1.360340e-11            0.2816
------------------------------------------------------
 Iterations:      16
 Final Rel. Res.: 1.360340e-11
 Asymptotic Rate: 0.280609 (Geom. Mean, last 4 iters)
======================================================

======================================================
  Refinement Level: 6
======================================================
 Mesh width (h):  5.7350e-03
 Total DOFs:      271233
 Spectral Radii:  0.295673
 GMRES Avg Iters: 15.00
------------------------------------------------------
  MG RESIDUAL DECAY
------------------------------------------------------
 Iter    Rel. Residual           Reduction Factor
------------------------------------------------------
 0       9.697054e-02            -----
 1       1.312522e-02            0.1354
 2       1.760778e-03            0.1342
 3       2.598451e-04            0.1476
 4       4.335345e-05            0.1668
 5       8.278425e-06            0.1910
 6       1.809649e-06            0.2186
 7       4.375642e-07            0.2418
 8       1.127950e-07            0.2578
 9       3.017424e-08            0.2675
 10      8.240035e-09            0.2731
 11      2.277166e-09            0.2764
 12      6.339274e-10            0.2784
 13      1.773357e-10            0.2797
 14      4.978347e-11            0.2807
 15      1.401408e-11            0.2815
------------------------------------------------------
 Iterations:      16
 Final Rel. Res.: 1.401408e-11
 Asymptotic Rate: 0.280656 (Geom. Mean, last 4 iters)
======================================================

