Device configuration: omp,cpu
Memory configuration: host-std
Loaded config: /cluster/home/rdabetic/decmg/configs/dirac2d_2d_reentrant_rowsum_w.json
=================================================
  Multigrid Convergence Test Configuration
=================================================
 Problem Type:    dirac2d
 Mesh File:       meshes/2d/reentrant.msh
 Output File:     out/rowsum/w/dirac/2d/reentrant.csv
 MG Cycle Type:   W-Cycle
 Mass Lumping:    rowsum
 B-Conditions:    essential
 Max Refinement:  6
 Eigenvalues:     1 (Tol: 0.01)
 GMRES Benchmark: 8 runs (Tol: 1e-06, K-Dim: 20)
=================================================


Gmsh reader: all element attributes were zero.
MFEM only supports positive element attributes.
Setting element attributes to 1.

======================================================
  Refinement Level: 1
======================================================
 Mesh width (h):  1.4951e-01
 Total DOFs:      425
 Spectral Radii:  0.252734
 GMRES Avg Iters: 8.00
------------------------------------------------------
  MG RESIDUAL DECAY
------------------------------------------------------
 Iter    Rel. Residual           Reduction Factor
------------------------------------------------------
 0       1.012184e-01            -----
 1       1.109229e-02            0.1096
 2       1.713725e-03            0.1545
 3       2.476980e-04            0.1445
 4       3.796824e-05            0.1533
 5       5.952638e-06            0.1568
 6       1.033563e-06            0.1736
 7       1.787068e-07            0.1729
 8       3.186439e-08            0.1783
 9       5.709920e-09            0.1792
 10      1.120578e-09            0.1963
 11      2.480387e-10            0.2213
 12      5.824579e-11            0.2348
 13      1.412415e-11            0.2425
 14      3.521657e-12            0.2493
 15      8.884546e-13            0.2523
------------------------------------------------------
 Iterations:      16
 Final Rel. Res.: 8.884546e-13
 Asymptotic Rate: 0.248003 (Geom. Mean, last 4 iters)
======================================================

======================================================
  Refinement Level: 2
======================================================
 Mesh width (h):  7.4754e-02
 Total DOFs:      1617
 Spectral Radii:  0.294157
 GMRES Avg Iters: 8.88
------------------------------------------------------
  MG RESIDUAL DECAY
------------------------------------------------------
 Iter    Rel. Residual           Reduction Factor
------------------------------------------------------
 0       1.076820e-01            -----
 1       1.436399e-02            0.1334
 2       2.091482e-03            0.1456
 3       3.408142e-04            0.1630
 4       6.285875e-05            0.1844
 5       1.179407e-05            0.1876
 6       2.352774e-06            0.1995
 7       5.072995e-07            0.2156
 8       1.191079e-07            0.2348
 9       2.982179e-08            0.2504
 10      7.784515e-09            0.2610
 11      2.077611e-09            0.2669
 12      5.608144e-10            0.2699
 13      1.523019e-10            0.2716
 14      4.150734e-11            0.2725
 15      1.133917e-11            0.2732
------------------------------------------------------
 Iterations:      16
 Final Rel. Res.: 1.133917e-11
 Asymptotic Rate: 0.272429 (Geom. Mean, last 4 iters)
======================================================

======================================================
  Refinement Level: 3
======================================================
 Mesh width (h):  3.7377e-02
 Total DOFs:      6305
 Spectral Radii:  0.320897
 GMRES Avg Iters: 9.00
------------------------------------------------------
  MG RESIDUAL DECAY
------------------------------------------------------
 Iter    Rel. Residual           Reduction Factor
------------------------------------------------------
 0       9.767255e-02            -----
 1       1.394546e-02            0.1428
 2       2.010612e-03            0.1442
 3       3.409278e-04            0.1696
 4       6.714794e-05            0.1970
 5       1.455622e-05            0.2168
 6       3.336518e-06            0.2292
 7       8.198909e-07            0.2457
 8       2.146043e-07            0.2617
 9       5.946444e-08            0.2771
 10      1.717900e-08            0.2889
 11      5.088729e-09            0.2962
 12      1.529684e-09            0.3006
 13      4.641133e-10            0.3034
 14      1.417455e-10            0.3054
 15      4.351598e-11            0.3070
------------------------------------------------------
 Iterations:      16
 Final Rel. Res.: 4.351598e-11
 Asymptotic Rate: 0.305269 (Geom. Mean, last 4 iters)
======================================================

======================================================
  Refinement Level: 4
======================================================
 Mesh width (h):  1.8689e-02
 Total DOFs:      24897
 Spectral Radii:  0.334937
 GMRES Avg Iters: 9.00
------------------------------------------------------
  MG RESIDUAL DECAY
------------------------------------------------------
 Iter    Rel. Residual           Reduction Factor
------------------------------------------------------
 0       9.700336e-02            -----
 1       1.339083e-02            0.1380
 2       1.948874e-03            0.1455
 3       3.335175e-04            0.1711
 4       6.351144e-05            0.1904
 5       1.288501e-05            0.2029
 6       2.862156e-06            0.2221
 7       7.013559e-07            0.2450
 8       1.878775e-07            0.2679
 9       5.404207e-08            0.2876
 10      1.630674e-08            0.3017
 11      5.068909e-09            0.3108
 12      1.605686e-09            0.3168
 13      5.151123e-10            0.3208
 14      1.667349e-10            0.3237
 15      5.432629e-11            0.3258
------------------------------------------------------
 Iterations:      16
 Final Rel. Res.: 5.432629e-11
 Asymptotic Rate: 0.323432 (Geom. Mean, last 4 iters)
======================================================

======================================================
  Refinement Level: 5
======================================================
 Mesh width (h):  9.3443e-03
 Total DOFs:      98945
 Spectral Radii:  0.341147
 GMRES Avg Iters: 9.00
------------------------------------------------------
  MG RESIDUAL DECAY
------------------------------------------------------
 Iter    Rel. Residual           Reduction Factor
------------------------------------------------------
 0       9.466003e-02            -----
 1       1.278608e-02            0.1351
 2       1.871565e-03            0.1464
 3       3.207161e-04            0.1714
 4       6.267326e-05            0.1954
 5       1.327920e-05            0.2119
 6       3.068795e-06            0.2311
 7       7.727194e-07            0.2518
 8       2.097533e-07            0.2714
 9       6.047596e-08            0.2883
 10      1.820392e-08            0.3010
 11      5.640647e-09            0.3099
 12      1.782384e-09            0.3160
 13      5.710104e-10            0.3204
 14      1.847868e-10            0.3236
 15      6.026334e-11            0.3261
------------------------------------------------------
 Iterations:      16
 Final Rel. Res.: 6.026334e-11
 Asymptotic Rate: 0.323358 (Geom. Mean, last 4 iters)
======================================================

======================================================
  Refinement Level: 6
======================================================
 Mesh width (h):  4.6722e-03
 Total DOFs:      394497
 Spectral Radii:  0.343225
 GMRES Avg Iters: 9.00
------------------------------------------------------
  MG RESIDUAL DECAY
------------------------------------------------------
 Iter    Rel. Residual           Reduction Factor
------------------------------------------------------
 0       9.400244e-02            -----
 1       1.274847e-02            0.1356
 2       1.860619e-03            0.1459
 3       3.222363e-04            0.1732
 4       6.361587e-05            0.1974
 5       1.369643e-05            0.2153
 6       3.214837e-06            0.2347
 7       8.157359e-07            0.2537
 8       2.213903e-07            0.2714
 9       6.341309e-08            0.2864
 10      1.889657e-08            0.2980
 11      5.790326e-09            0.3064
 12      1.809684e-09            0.3125
 13      5.737694e-10            0.3171
 14      1.838935e-10            0.3205
 15      5.943603e-11            0.3232
------------------------------------------------------
 Iterations:      16
 Final Rel. Res.: 5.943603e-11
 Asymptotic Rate: 0.320245 (Geom. Mean, last 4 iters)
======================================================

