Device configuration: omp,cpu
Memory configuration: host-std
Loaded config: /cluster/home/rdabetic/decmg/configs/dirac2d_2d_circle_rowsum_w.json
=================================================
  Multigrid Convergence Test Configuration
=================================================
 Problem Type:    dirac2d
 Mesh File:       meshes/2d/circle.msh
 Output File:     out/rowsum/w/dirac/2d/circle.csv
 MG Cycle Type:   W-Cycle
 Mass Lumping:    rowsum
 B-Conditions:    essential
 Max Refinement:  6
 Eigenvalues:     1 (Tol: 0.01)
 GMRES Benchmark: 8 runs (Tol: 1e-06, K-Dim: 20)
=================================================


Gmsh reader: all element attributes were zero.
MFEM only supports positive element attributes.
Setting element attributes to 1.

======================================================
  Refinement Level: 1
======================================================
 Mesh width (h):  1.8955e-01
 Total DOFs:      1187
 Spectral Radii:  0.263064
 GMRES Avg Iters: 8.00
------------------------------------------------------
  MG RESIDUAL DECAY
------------------------------------------------------
 Iter    Rel. Residual           Reduction Factor
------------------------------------------------------
 0       9.185438e-02            -----
 1       1.300295e-02            0.1416
 2       1.859541e-03            0.1430
 3       3.039487e-04            0.1635
 4       5.499045e-05            0.1809
 5       9.910991e-06            0.1802
 6       1.815312e-06            0.1832
 7       3.578013e-07            0.1971
 8       7.606661e-08            0.2126
 9       1.739725e-08            0.2287
 10      4.198193e-09            0.2413
 11      1.041468e-09            0.2481
 12      2.615143e-10            0.2511
 13      6.605105e-11            0.2526
 14      1.673699e-11            0.2534
 15      4.247899e-12            0.2538
------------------------------------------------------
 Iterations:      16
 Final Rel. Res.: 4.247899e-12
 Asymptotic Rate: 0.253256 (Geom. Mean, last 4 iters)
======================================================

======================================================
  Refinement Level: 2
======================================================
 Mesh width (h):  9.4776e-02
 Total DOFs:      4653
 Spectral Radii:  0.299954
 GMRES Avg Iters: 8.50
------------------------------------------------------
  MG RESIDUAL DECAY
------------------------------------------------------
 Iter    Rel. Residual           Reduction Factor
------------------------------------------------------
 0       9.757326e-02            -----
 1       1.369997e-02            0.1404
 2       1.975731e-03            0.1442
 3       3.103081e-04            0.1571
 4       5.390587e-05            0.1737
 5       9.991280e-06            0.1853
 6       2.009335e-06            0.2011
 7       4.547734e-07            0.2263
 8       1.134585e-07            0.2495
 9       3.038589e-08            0.2678
 10      8.492744e-09            0.2795
 11      2.431778e-09            0.2863
 12      7.059630e-10            0.2903
 13      2.066015e-10            0.2927
 14      6.077103e-11            0.2941
 15      1.793942e-11            0.2952
------------------------------------------------------
 Iterations:      16
 Final Rel. Res.: 1.793942e-11
 Asymptotic Rate: 0.293997 (Geom. Mean, last 4 iters)
======================================================

======================================================
  Refinement Level: 3
======================================================
 Mesh width (h):  4.7388e-02
 Total DOFs:      18425
 Spectral Radii:  0.32214
 GMRES Avg Iters: 9.00
------------------------------------------------------
  MG RESIDUAL DECAY
------------------------------------------------------
 Iter    Rel. Residual           Reduction Factor
------------------------------------------------------
 0       9.372778e-02            -----
 1       1.295105e-02            0.1382
 2       1.858815e-03            0.1435
 3       3.044680e-04            0.1638
 4       5.473134e-05            0.1798
 5       1.060329e-05            0.1937
 6       2.253964e-06            0.2126
 7       5.276721e-07            0.2341
 8       1.347409e-07            0.2553
 9       3.689103e-08            0.2738
 10      1.063035e-08            0.2882
 11      3.170191e-09            0.2982
 12      9.660858e-10            0.3047
 13      2.983886e-10            0.3089
 14      9.295096e-11            0.3115
 15      2.911852e-11            0.3133
------------------------------------------------------
 Iterations:      16
 Final Rel. Res.: 2.911852e-11
 Asymptotic Rate: 0.311208 (Geom. Mean, last 4 iters)
======================================================

======================================================
  Refinement Level: 4
======================================================
 Mesh width (h):  2.3694e-02
 Total DOFs:      73329
 Spectral Radii:  0.330052
 GMRES Avg Iters: 9.00
------------------------------------------------------
  MG RESIDUAL DECAY
------------------------------------------------------
 Iter    Rel. Residual           Reduction Factor
------------------------------------------------------
 0       9.648688e-02            -----
 1       1.292354e-02            0.1339
 2       1.833904e-03            0.1419
 3       3.012472e-04            0.1643
 4       5.550625e-05            0.1843
 5       1.117296e-05            0.2013
 6       2.465182e-06            0.2206
 7       5.984471e-07            0.2428
 8       1.570943e-07            0.2625
 9       4.366837e-08            0.2780
 10      1.262144e-08            0.2890
 11      3.739901e-09            0.2963
 12      1.125687e-09            0.3010
 13      3.422901e-10            0.3041
 14      1.048137e-10            0.3062
 15      3.226251e-11            0.3078
------------------------------------------------------
 Iterations:      16
 Final Rel. Res.: 3.226251e-11
 Asymptotic Rate: 0.306027 (Geom. Mean, last 4 iters)
======================================================

======================================================
  Refinement Level: 5
======================================================
 Mesh width (h):  1.1847e-02
 Total DOFs:      292577
 Spectral Radii:  0.336145
 GMRES Avg Iters: 9.00
------------------------------------------------------
  MG RESIDUAL DECAY
------------------------------------------------------
 Iter    Rel. Residual           Reduction Factor
------------------------------------------------------
 0       9.609590e-02            -----
 1       1.295272e-02            0.1348
 2       1.822010e-03            0.1407
 3       2.998166e-04            0.1646
 4       5.584691e-05            0.1863
 5       1.121358e-05            0.2008
 6       2.449403e-06            0.2184
 7       5.803647e-07            0.2369
 8       1.479852e-07            0.2550
 9       4.029632e-08            0.2723
 10      1.155205e-08            0.2867
 11      3.436437e-09            0.2975
 12      1.048697e-09            0.3052
 13      3.256833e-10            0.3106
 14      1.023875e-10            0.3144
 15      3.247227e-11            0.3172
------------------------------------------------------
 Iterations:      16
 Final Rel. Res.: 3.247227e-11
 Asymptotic Rate: 0.314018 (Geom. Mean, last 4 iters)
======================================================

======================================================
  Refinement Level: 6
======================================================
 Mesh width (h):  5.9235e-03
 Total DOFs:      1168833
 Spectral Radii:  0.338396
 GMRES Avg Iters: 9.00
------------------------------------------------------
  MG RESIDUAL DECAY
------------------------------------------------------
 Iter    Rel. Residual           Reduction Factor
------------------------------------------------------
 0       9.600268e-02            -----
 1       1.293081e-02            0.1347
 2       1.824642e-03            0.1411
 3       3.006892e-04            0.1648
 4       5.608012e-05            0.1865
 5       1.133154e-05            0.2021
 6       2.508079e-06            0.2213
 7       6.072448e-07            0.2421
 8       1.590743e-07            0.2620
 9       4.442204e-08            0.2793
 10      1.298814e-08            0.2924
 11      3.916532e-09            0.3015
 12      1.205587e-09            0.3078
 13      3.763689e-10            0.3122
 14      1.186875e-10            0.3153
 15      3.771210e-11            0.3177
------------------------------------------------------
 Iterations:      16
 Final Rel. Res.: 3.771210e-11
 Asymptotic Rate: 0.315085 (Geom. Mean, last 4 iters)
======================================================

