Device configuration: omp,cpu
Memory configuration: host-std
Loaded config: /cluster/home/rdabetic/decmg/configs/dirac2d_2d_reentrant_barycentric_w.json
=================================================
  Multigrid Convergence Test Configuration
=================================================
 Problem Type:    dirac2d
 Mesh File:       meshes/2d/reentrant.msh
 Output File:     out/barycentric/w/dirac/2d/reentrant.csv
 MG Cycle Type:   W-Cycle
 Mass Lumping:    barycentric
 B-Conditions:    essential
 Max Refinement:  6
 Eigenvalues:     1 (Tol: 0.01)
 GMRES Benchmark: 8 runs (Tol: 1e-06, K-Dim: 20)
=================================================


Gmsh reader: all element attributes were zero.
MFEM only supports positive element attributes.
Setting element attributes to 1.

======================================================
  Refinement Level: 1
======================================================
 Mesh width (h):  1.4951e-01
 Total DOFs:      425
 Spectral Radii:  0.245201
 GMRES Avg Iters: 8.50
------------------------------------------------------
  MG RESIDUAL DECAY
------------------------------------------------------
 Iter    Rel. Residual           Reduction Factor
------------------------------------------------------
 0       1.384266e-01            -----
 1       1.636240e-02            0.1182
 2       3.504947e-03            0.2142
 3       8.719816e-04            0.2488
 4       2.159723e-04            0.2477
 5       5.508631e-05            0.2551
 6       1.344506e-05            0.2441
 7       3.187766e-06            0.2371
 8       7.633049e-07            0.2394
 9       1.882827e-07            0.2467
 10      4.744212e-08            0.2520
 11      1.193724e-08            0.2516
 12      2.951129e-09            0.2472
 13      7.138448e-10            0.2419
 14      1.698688e-10            0.2380
 15      4.026537e-11            0.2370
------------------------------------------------------
 Iterations:      16
 Final Rel. Res.: 4.026537e-11
 Asymptotic Rate: 0.238954 (Geom. Mean, last 4 iters)
======================================================

======================================================
  Refinement Level: 2
======================================================
 Mesh width (h):  7.4754e-02
 Total DOFs:      1617
 Spectral Radii:  0.303575
 GMRES Avg Iters: 9.00
------------------------------------------------------
  MG RESIDUAL DECAY
------------------------------------------------------
 Iter    Rel. Residual           Reduction Factor
------------------------------------------------------
 0       1.414272e-01            -----
 1       2.121255e-02            0.1500
 2       3.878707e-03            0.1828
 3       9.351191e-04            0.2411
 4       2.530479e-04            0.2706
 5       6.476261e-05            0.2559
 6       1.694461e-05            0.2616
 7       4.642859e-06            0.2740
 8       1.318616e-06            0.2840
 9       3.826124e-07            0.2902
 10      1.126759e-07            0.2945
 11      3.352704e-08            0.2976
 12      1.004751e-08            0.2997
 13      3.026336e-09            0.3012
 14      9.146803e-10            0.3022
 15      2.770693e-10            0.3029
------------------------------------------------------
 Iterations:      16
 Final Rel. Res.: 2.770693e-10
 Asymptotic Rate: 0.302118 (Geom. Mean, last 4 iters)
======================================================

======================================================
  Refinement Level: 3
======================================================
 Mesh width (h):  3.7377e-02
 Total DOFs:      6305
 Spectral Radii:  0.357283
 GMRES Avg Iters: 9.75
------------------------------------------------------
  MG RESIDUAL DECAY
------------------------------------------------------
 Iter    Rel. Residual           Reduction Factor
------------------------------------------------------
 0       1.336107e-01            -----
 1       2.121364e-02            0.1588
 2       3.965326e-03            0.1869
 3       9.378497e-04            0.2365
 4       2.463189e-04            0.2626
 5       6.886956e-05            0.2796
 6       2.024883e-05            0.2940
 7       6.147238e-06            0.3036
 8       1.902192e-06            0.3094
 9       5.966834e-07            0.3137
 10      1.894804e-07            0.3176
 11      6.093752e-08            0.3216
 12      1.984417e-08            0.3256
 13      6.535572e-09            0.3293
 14      2.172810e-09            0.3325
 15      7.278168e-10            0.3350
------------------------------------------------------
 Iterations:      16
 Final Rel. Res.: 7.278168e-10
 Asymptotic Rate: 0.332249 (Geom. Mean, last 4 iters)
======================================================

======================================================
  Refinement Level: 4
======================================================
 Mesh width (h):  1.8689e-02
 Total DOFs:      24897
 Spectral Radii:  0.385125
 GMRES Avg Iters: 10.00
------------------------------------------------------
  MG RESIDUAL DECAY
------------------------------------------------------
 Iter    Rel. Residual           Reduction Factor
------------------------------------------------------
 0       1.344265e-01            -----
 1       2.115676e-02            0.1574
 2       3.870856e-03            0.1830
 3       9.186488e-04            0.2373
 4       2.458584e-04            0.2676
 5       7.012312e-05            0.2852
 6       2.156245e-05            0.3075
 7       7.053192e-06            0.3271
 8       2.409992e-06            0.3417
 9       8.514892e-07            0.3533
 10      3.080265e-07            0.3618
 11      1.132593e-07            0.3677
 12      4.213152e-08            0.3720
 13      1.580489e-08            0.3751
 14      5.965679e-09            0.3775
 15      2.262215e-09            0.3792
------------------------------------------------------
 Iterations:      16
 Final Rel. Res.: 2.262215e-09
 Asymptotic Rate: 0.377261 (Geom. Mean, last 4 iters)
======================================================

======================================================
  Refinement Level: 5
======================================================
 Mesh width (h):  9.3443e-03
 Total DOFs:      98945
 Spectral Radii:  0.397768
 GMRES Avg Iters: 10.00
------------------------------------------------------
  MG RESIDUAL DECAY
------------------------------------------------------
 Iter    Rel. Residual           Reduction Factor
------------------------------------------------------
 0       1.306742e-01            -----
 1       2.001945e-02            0.1532
 2       3.718217e-03            0.1857
 3       8.869490e-04            0.2385
 4       2.392229e-04            0.2697
 5       6.833232e-05            0.2856
 6       2.087022e-05            0.3054
 7       6.737392e-06            0.3228
 8       2.263531e-06            0.3360
 9       7.824637e-07            0.3457
 10      2.759933e-07            0.3527
 11      9.880397e-08            0.3580
 12      3.579011e-08            0.3622
 13      1.309326e-08            0.3658
 14      4.830727e-09            0.3689
 15      1.795266e-09            0.3716
------------------------------------------------------
 Iterations:      16
 Final Rel. Res.: 1.795266e-09
 Asymptotic Rate: 0.368798 (Geom. Mean, last 4 iters)
======================================================

======================================================
  Refinement Level: 6
======================================================
 Mesh width (h):  4.6722e-03
 Total DOFs:      394497
 Spectral Radii:  0.404092
 GMRES Avg Iters: 10.00
------------------------------------------------------
  MG RESIDUAL DECAY
------------------------------------------------------
 Iter    Rel. Residual           Reduction Factor
------------------------------------------------------
 0       1.302648e-01            -----
 1       2.010012e-02            0.1543
 2       3.689172e-03            0.1835
 3       8.878781e-04            0.2407
 4       2.428185e-04            0.2735
 5       7.083987e-05            0.2917
 6       2.216502e-05            0.3129
 7       7.323095e-06            0.3304
 8       2.513510e-06            0.3432
 9       8.861100e-07            0.3525
 10      3.182591e-07            0.3592
 11      1.158733e-07            0.3641
 12      4.264019e-08            0.3680
 13      1.582888e-08            0.3712
 14      5.919267e-09            0.3740
 15      2.227458e-09            0.3763
------------------------------------------------------
 Iterations:      16
 Final Rel. Res.: 2.227458e-09
 Asymptotic Rate: 0.373821 (Geom. Mean, last 4 iters)
======================================================

