Device configuration: omp,cpu
Memory configuration: host-std
Loaded config: /cluster/home/rdabetic/decmg/configs/dirac2d_2d_square_hole_barycentric_v.json
=================================================
  Multigrid Convergence Test Configuration
=================================================
 Problem Type:    dirac2d
 Mesh File:       meshes/2d/square_hole.msh
 Output File:     out/barycentric/v/dirac/2d/square_hole.csv
 MG Cycle Type:   V-Cycle
 Mass Lumping:    barycentric
 B-Conditions:    essential
 Max Refinement:  6
 Eigenvalues:     2 (Tol: 0.01)
 GMRES Benchmark: 8 runs (Tol: 1e-06, K-Dim: 20)
=================================================


Gmsh reader: all element attributes were zero.
MFEM only supports positive element attributes.
Setting element attributes to 1.

======================================================
  Refinement Level: 1
======================================================
 Mesh width (h):  8.8388e-02
 Total DOFs:      1040
 Spectral Radii:  1 0.250354
 GMRES Avg Iters: 8.00
------------------------------------------------------
  MG RESIDUAL DECAY
------------------------------------------------------
 Iter    Rel. Residual           Reduction Factor
------------------------------------------------------
 0       1.473779e-01            -----
 1       2.196191e-02            0.1490
 2       4.840161e-03            0.2204
 3       1.233185e-03            0.2548
 4       3.275249e-04            0.2656
 5       8.347429e-05            0.2549
 6       2.071700e-05            0.2482
 7       5.010745e-06            0.2419
 8       1.178117e-06            0.2351
 9       2.713158e-07            0.2303
 10      6.185048e-08            0.2280
 11      1.406956e-08            0.2275
 12      3.227666e-09            0.2294
 13      7.597787e-10            0.2354
 14      1.861022e-10            0.2449
 15      4.719578e-11            0.2536
------------------------------------------------------
 Iterations:      16
 Final Rel. Res.: 4.719578e-11
 Asymptotic Rate: 0.244533 (Geom. Mean, last 4 iters)
======================================================

======================================================
  Refinement Level: 2
======================================================
 Mesh width (h):  4.4194e-02
 Total DOFs:      4000
 Spectral Radii:  1 0.339319
 GMRES Avg Iters: 9.00
------------------------------------------------------
  MG RESIDUAL DECAY
------------------------------------------------------
 Iter    Rel. Residual           Reduction Factor
------------------------------------------------------
 0       1.345521e-01            -----
 1       2.088544e-02            0.1552
 2       3.994118e-03            0.1912
 3       9.979692e-04            0.2499
 4       2.722065e-04            0.2728
 5       7.603796e-05            0.2793
 6       2.201154e-05            0.2895
 7       6.519597e-06            0.2962
 8       1.964408e-06            0.3013
 9       6.022608e-07            0.3066
 10      1.876213e-07            0.3115
 11      5.931953e-08            0.3162
 12      1.901182e-08            0.3205
 13      6.166911e-09            0.3244
 14      2.020599e-09            0.3277
 15      6.674052e-10            0.3303
------------------------------------------------------
 Iterations:      16
 Final Rel. Res.: 6.674052e-10
 Asymptotic Rate: 0.327433 (Geom. Mean, last 4 iters)
======================================================

======================================================
  Refinement Level: 3
======================================================
 Mesh width (h):  2.2097e-02
 Total DOFs:      15680
 Spectral Radii:  1 0.378187
 GMRES Avg Iters: 9.00
------------------------------------------------------
  MG RESIDUAL DECAY
------------------------------------------------------
 Iter    Rel. Residual           Reduction Factor
------------------------------------------------------
 0       1.304280e-01            -----
 1       2.071175e-02            0.1588
 2       3.903636e-03            0.1885
 3       9.433627e-04            0.2417
 4       2.532580e-04            0.2685
 5       7.202217e-05            0.2844
 6       2.206185e-05            0.3063
 7       7.185346e-06            0.3257
 8       2.448315e-06            0.3407
 9       8.599281e-07            0.3512
 10      3.079684e-07            0.3581
 11      1.117129e-07            0.3627
 12      4.087646e-08            0.3659
 13      1.504818e-08            0.3681
 14      5.564273e-09            0.3698
 15      2.064265e-09            0.3710
------------------------------------------------------
 Iterations:      16
 Final Rel. Res.: 2.064265e-09
 Asymptotic Rate: 0.369627 (Geom. Mean, last 4 iters)
======================================================

======================================================
  Refinement Level: 4
======================================================
 Mesh width (h):  1.1049e-02
 Total DOFs:      62080
 Spectral Radii:  1 0.400716
 GMRES Avg Iters: 9.00
------------------------------------------------------
  MG RESIDUAL DECAY
------------------------------------------------------
 Iter    Rel. Residual           Reduction Factor
------------------------------------------------------
 0       1.315269e-01            -----
 1       2.042960e-02            0.1553
 2       3.804906e-03            0.1862
 3       9.076248e-04            0.2385
 4       2.453912e-04            0.2704
 5       7.169854e-05            0.2922
 6       2.266840e-05            0.3162
 7       7.599674e-06            0.3353
 8       2.652679e-06            0.3491
 9       9.510602e-07            0.3585
 10      3.472894e-07            0.3652
 11      1.285129e-07            0.3700
 12      4.803406e-08            0.3738
 13      1.809287e-08            0.3767
 14      6.856513e-09            0.3790
 15      2.611037e-09            0.3808
------------------------------------------------------
 Iterations:      16
 Final Rel. Res.: 2.611037e-09
 Asymptotic Rate: 0.378810 (Geom. Mean, last 4 iters)
======================================================

======================================================
  Refinement Level: 5
======================================================
 Mesh width (h):  5.5243e-03
 Total DOFs:      247040
 Spectral Radii:  1 0.420691
 GMRES Avg Iters: 9.00
------------------------------------------------------
  MG RESIDUAL DECAY
------------------------------------------------------
 Iter    Rel. Residual           Reduction Factor
------------------------------------------------------
 0       1.307243e-01            -----
 1       2.031233e-02            0.1554
 2       3.724870e-03            0.1834
 3       8.750756e-04            0.2349
 4       2.340152e-04            0.2674
 5       6.753252e-05            0.2886
 6       2.117098e-05            0.3135
 7       7.045250e-06            0.3328
 8       2.440095e-06            0.3463
 9       8.687763e-07            0.3560
 10      3.152383e-07            0.3629
 11      1.159597e-07            0.3678
 12      4.309822e-08            0.3717
 13      1.614685e-08            0.3747
 14      6.087952e-09            0.3770
 15      2.307222e-09            0.3790
------------------------------------------------------
 Iterations:      16
 Final Rel. Res.: 2.307222e-09
 Asymptotic Rate: 0.376886 (Geom. Mean, last 4 iters)
======================================================

======================================================
  Refinement Level: 6
======================================================
 Mesh width (h):  2.7621e-03
 Total DOFs:      985600
 Spectral Radii:  1 0.436828
 GMRES Avg Iters: 9.00
------------------------------------------------------
  MG RESIDUAL DECAY
------------------------------------------------------
 Iter    Rel. Residual           Reduction Factor
------------------------------------------------------
 0       1.309269e-01            -----
 1       2.031049e-02            0.1551
 2       3.703831e-03            0.1824
 3       8.705483e-04            0.2350
 4       2.328889e-04            0.2675
 5       6.771170e-05            0.2907
 6       2.144132e-05            0.3167
 7       7.221245e-06            0.3368
 8       2.531942e-06            0.3506
 9       9.122816e-07            0.3603
 10      3.348157e-07            0.3670
 11      1.245172e-07            0.3719
 12      4.677984e-08            0.3757
 13      1.771758e-08            0.3787
 14      6.755349e-09            0.3813
 15      2.590374e-09            0.3835
------------------------------------------------------
 Iterations:      16
 Final Rel. Res.: 2.590374e-09
 Asymptotic Rate: 0.381155 (Geom. Mean, last 4 iters)
======================================================

