Device configuration: omp,cpu
Memory configuration: host-std
Loaded config: /cluster/home/rdabetic/decmg/configs/dirac2d_2d_L_barycentric_w.json
=================================================
  Multigrid Convergence Test Configuration
=================================================
 Problem Type:    dirac2d
 Mesh File:       meshes/2d/L.msh
 Output File:     out/barycentric/w/dirac/2d/L.csv
 MG Cycle Type:   W-Cycle
 Mass Lumping:    barycentric
 B-Conditions:    essential
 Max Refinement:  6
 Eigenvalues:     1 (Tol: 0.01)
 GMRES Benchmark: 8 runs (Tol: 1e-06, K-Dim: 20)
=================================================


Gmsh reader: all element attributes were zero.
MFEM only supports positive element attributes.
Setting element attributes to 1.

======================================================
  Refinement Level: 1
======================================================
 Mesh width (h):  1.8352e-01
 Total DOFs:      293
 Spectral Radii:  0.250073
 GMRES Avg Iters: 8.00
------------------------------------------------------
  MG RESIDUAL DECAY
------------------------------------------------------
 Iter    Rel. Residual           Reduction Factor
------------------------------------------------------
 0       1.359640e-01            -----
 1       1.886464e-02            0.1387
 2       4.169740e-03            0.2210
 3       8.606653e-04            0.2064
 4       2.121142e-04            0.2465
 5       6.052822e-05            0.2854
 6       1.727597e-05            0.2854
 7       4.692370e-06            0.2716
 8       1.180571e-06            0.2516
 9       2.764361e-07            0.2342
 10      6.163641e-08            0.2230
 11      1.368947e-08            0.2221
 12      3.219647e-09            0.2352
 13      8.198141e-10            0.2546
 14      2.158404e-10            0.2633
 15      5.550686e-11            0.2572
------------------------------------------------------
 Iterations:      16
 Final Rel. Res.: 5.550686e-11
 Asymptotic Rate: 0.258333 (Geom. Mean, last 4 iters)
======================================================

======================================================
  Refinement Level: 2
======================================================
 Mesh width (h):  9.1759e-02
 Total DOFs:      1113
 Spectral Radii:  0.326938
 GMRES Avg Iters: 9.00
------------------------------------------------------
  MG RESIDUAL DECAY
------------------------------------------------------
 Iter    Rel. Residual           Reduction Factor
------------------------------------------------------
 0       1.235199e-01            -----
 1       2.064022e-02            0.1671
 2       4.667560e-03            0.2261
 3       1.181116e-03            0.2530
 4       3.246201e-04            0.2748
 5       9.906276e-05            0.3052
 6       3.065023e-05            0.3094
 7       9.256756e-06            0.3020
 8       2.761732e-06            0.2983
 9       8.292663e-07            0.3003
 10      2.526684e-07            0.3047
 11      7.822586e-08            0.3096
 12      2.454873e-08            0.3138
 13      7.779259e-09            0.3169
 14      2.480559e-09            0.3189
 15      7.938164e-10            0.3200
------------------------------------------------------
 Iterations:      16
 Final Rel. Res.: 7.938164e-10
 Asymptotic Rate: 0.318589 (Geom. Mean, last 4 iters)
======================================================

======================================================
  Refinement Level: 3
======================================================
 Mesh width (h):  4.5880e-02
 Total DOFs:      4337
 Spectral Radii:  0.398478
 GMRES Avg Iters: 10.12
------------------------------------------------------
  MG RESIDUAL DECAY
------------------------------------------------------
 Iter    Rel. Residual           Reduction Factor
------------------------------------------------------
 0       1.340931e-01            -----
 1       2.193282e-02            0.1636
 2       4.589622e-03            0.2093
 3       1.194535e-03            0.2603
 4       3.543790e-04            0.2967
 5       1.162972e-04            0.3282
 6       4.147459e-05            0.3566
 7       1.550194e-05            0.3738
 8       5.929169e-06            0.3825
 9       2.301682e-06            0.3882
 10      9.025905e-07            0.3921
 11      3.560741e-07            0.3945
 12      1.409415e-07            0.3958
 13      5.589609e-08            0.3966
 14      2.219546e-08            0.3971
 15      8.821166e-09            0.3974
------------------------------------------------------
 Iterations:      16
 Final Rel. Res.: 8.821166e-09
 Asymptotic Rate: 0.397035 (Geom. Mean, last 4 iters)
======================================================

======================================================
  Refinement Level: 4
======================================================
 Mesh width (h):  2.2940e-02
 Total DOFs:      17121
 Spectral Radii:  0.43201
 GMRES Avg Iters: 11.00
------------------------------------------------------
  MG RESIDUAL DECAY
------------------------------------------------------
 Iter    Rel. Residual           Reduction Factor
------------------------------------------------------
 0       1.295081e-01            -----
 1       2.077999e-02            0.1605
 2       3.959285e-03            0.1905
 3       9.638427e-04            0.2434
 4       2.738190e-04            0.2841
 5       8.591627e-05            0.3138
 6       2.935311e-05            0.3416
 7       1.062774e-05            0.3621
 8       3.998208e-06            0.3762
 9       1.541969e-06            0.3857
 10      6.048437e-07            0.3923
 11      2.402939e-07            0.3973
 12      9.645969e-08            0.4014
 13      3.906654e-08            0.4050
 14      1.594586e-08            0.4082
 15      6.553647e-09            0.4110
------------------------------------------------------
 Iterations:      16
 Final Rel. Res.: 6.553647e-09
 Asymptotic Rate: 0.408049 (Geom. Mean, last 4 iters)
======================================================

======================================================
  Refinement Level: 5
======================================================
 Mesh width (h):  1.1470e-02
 Total DOFs:      68033
 Spectral Radii:  0.445065
 GMRES Avg Iters: 11.00
------------------------------------------------------
  MG RESIDUAL DECAY
------------------------------------------------------
 Iter    Rel. Residual           Reduction Factor
------------------------------------------------------
 0       1.310305e-01            -----
 1       2.075362e-02            0.1584
 2       4.065757e-03            0.1959
 3       1.056292e-03            0.2598
 4       3.188654e-04            0.3019
 5       1.053062e-04            0.3303
 6       3.768039e-05            0.3578
 7       1.421645e-05            0.3773
 8       5.544326e-06            0.3900
 9       2.209788e-06            0.3986
 10      8.938135e-07            0.4045
 11      3.652433e-07            0.4086
 12      1.503580e-07            0.4117
 13      6.224126e-08            0.4140
 14      2.587476e-08            0.4157
 15      1.079212e-08            0.4171
------------------------------------------------------
 Iterations:      16
 Final Rel. Res.: 1.079212e-08
 Asymptotic Rate: 0.415585 (Geom. Mean, last 4 iters)
======================================================

======================================================
  Refinement Level: 6
======================================================
 Mesh width (h):  5.7350e-03
 Total DOFs:      271233
 Spectral Radii:  0.449493
 GMRES Avg Iters: 11.00
------------------------------------------------------
  MG RESIDUAL DECAY
------------------------------------------------------
 Iter    Rel. Residual           Reduction Factor
------------------------------------------------------
 0       1.307156e-01            -----
 1       2.052371e-02            0.1570
 2       3.945612e-03            0.1922
 3       1.005889e-03            0.2549
 4       2.996498e-04            0.2979
 5       9.731380e-05            0.3248
 6       3.439038e-05            0.3534
 7       1.292396e-05            0.3758
 8       5.061016e-06            0.3916
 9       2.039113e-06            0.4029
 10      8.381171e-07            0.4110
 11      3.495067e-07            0.4170
 12      1.473464e-07            0.4216
 13      6.264298e-08            0.4251
 14      2.680842e-08            0.4280
 15      1.153341e-08            0.4302
------------------------------------------------------
 Iterations:      16
 Final Rel. Res.: 1.153341e-08
 Asymptotic Rate: 0.427766 (Geom. Mean, last 4 iters)
======================================================

