Device configuration: omp,cpu
Memory configuration: host-std
Loaded config: /cluster/home/rdabetic/decmg/configs/dirac3d_3d_ball_scaledid_w.json
=================================================
  Multigrid Convergence Test Configuration
=================================================
 Problem Type:    dirac3d
 Mesh File:       meshes/3d/ball.msh
 Output File:     out/scaledid/w/dirac/3d/ball.csv
 MG Cycle Type:   W-Cycle
 Mass Lumping:    scaledid
 B-Conditions:    essential
 Max Refinement:  5
 Eigenvalues:     1 (Tol: 0.01)
 GMRES Benchmark: 8 runs (Tol: 1e-06, K-Dim: 20)
=================================================

======================================================
  Refinement Level: 1
======================================================
 Mesh width (h):  3.0757e-01
 Total DOFs:      2551
 Spectral Radii:  0.505013
 GMRES Avg Iters: 28.88
------------------------------------------------------
  MG RESIDUAL DECAY
------------------------------------------------------
 Iter    Rel. Residual           Reduction Factor
------------------------------------------------------
 0       1.323637e-01            -----
 1       2.853831e-02            0.2156
 2       1.004673e-02            0.3520
 3       4.004430e-03            0.3986
 4       1.687095e-03            0.4213
 5       7.253195e-04            0.4299
 6       3.161388e-04            0.4359
 7       1.393676e-04            0.4408
 8       6.201306e-05            0.4450
 9       2.782119e-05            0.4486
 10      1.258942e-05            0.4525
 11      5.755911e-06            0.4572
 12      2.665496e-06            0.4631
 13      1.253260e-06            0.4702
 14      5.991173e-07            0.4780
 15      2.911307e-07            0.4859
------------------------------------------------------
 Iterations:      16
 Final Rel. Res.: 2.911307e-07
 Asymptotic Rate: 0.478010 (Geom. Mean, last 4 iters)
======================================================

======================================================
  Refinement Level: 2
======================================================
 Mesh width (h):  1.5378e-01
 Total DOFs:      18741
 Spectral Radii:  0.498166
 GMRES Avg Iters: 26.00
------------------------------------------------------
  MG RESIDUAL DECAY
------------------------------------------------------
 Iter    Rel. Residual           Reduction Factor
------------------------------------------------------
 0       1.308925e-01            -----
 1       3.168004e-02            0.2420
 2       8.380662e-03            0.2645
 3       2.624916e-03            0.3132
 4       9.783188e-04            0.3727
 5       3.818612e-04            0.3903
 6       1.508511e-04            0.3950
 7       6.025791e-05            0.3995
 8       2.435754e-05            0.4042
 9       9.978273e-06            0.4097
 10      4.147049e-06            0.4156
 11      1.749048e-06            0.4218
 12      7.483621e-07            0.4279
 13      3.246607e-07            0.4338
 14      1.427219e-07            0.4396
 15      6.353532e-08            0.4452
------------------------------------------------------
 Iterations:      16
 Final Rel. Res.: 6.353532e-08
 Asymptotic Rate: 0.439509 (Geom. Mean, last 4 iters)
======================================================

======================================================
  Refinement Level: 3
======================================================
 Mesh width (h):  7.6892e-02
 Total DOFs:      143625
 Spectral Radii:  0.511309
 GMRES Avg Iters: 26.88
------------------------------------------------------
  MG RESIDUAL DECAY
------------------------------------------------------
 Iter    Rel. Residual           Reduction Factor
------------------------------------------------------
 0       3.109711e-01            -----
 1       1.253135e-01            0.4030
 2       2.459429e-02            0.1963
 3       7.224057e-03            0.2937
 4       2.593934e-03            0.3591
 5       1.006518e-03            0.3880
 6       4.053269e-04            0.4027
 7       1.675745e-04            0.4134
 8       7.090000e-05            0.4231
 9       3.066971e-05            0.4326
 10      1.355602e-05            0.4420
 11      6.117769e-06            0.4513
 12      2.815799e-06            0.4603
 13      1.319617e-06            0.4686
 14      6.283811e-07            0.4762
 15      3.033173e-07            0.4827
------------------------------------------------------
 Iterations:      16
 Final Rel. Res.: 3.033173e-07
 Asymptotic Rate: 0.475808 (Geom. Mean, last 4 iters)
======================================================

======================================================
  Refinement Level: 4
======================================================
 Mesh width (h):  3.8446e-02
 Total DOFs:      1124497
 Spectral Radii:  0.524865
 GMRES Avg Iters: 27.00
------------------------------------------------------
  MG RESIDUAL DECAY
------------------------------------------------------
 Iter    Rel. Residual           Reduction Factor
------------------------------------------------------
 0       1.247246e+00            -----
 1       4.735778e-01            0.3797
 2       9.171429e-02            0.1937
 3       2.747327e-02            0.2996
 4       9.934678e-03            0.3616
 5       3.780674e-03            0.3806
 6       1.482709e-03            0.3922
 7       5.938305e-04            0.4005
 8       2.416267e-04            0.4069
 9       9.955236e-05            0.4120
 10      4.143924e-05            0.4163
 11      1.740179e-05            0.4199
 12      7.365694e-06            0.4233
 13      3.141021e-06            0.4264
 14      1.349299e-06            0.4296
 15      5.839625e-07            0.4328
------------------------------------------------------
 Iterations:      16
 Final Rel. Res.: 5.839625e-07
 Asymptotic Rate: 0.429593 (Geom. Mean, last 4 iters)
======================================================

======================================================
  Refinement Level: 5
======================================================
 Mesh width (h):  1.9223e-02
 Total DOFs:      8899361
 Spectral Radii:  0.530547
 GMRES Avg Iters: 27.00
------------------------------------------------------
  MG RESIDUAL DECAY
------------------------------------------------------
 Iter    Rel. Residual           Reduction Factor
------------------------------------------------------
 0       5.137654e+00            -----
 1       1.878615e+00            0.3657
 2       3.604874e-01            0.1919
 3       1.095143e-01            0.3038
 4       4.001680e-02            0.3654
 5       1.533928e-02            0.3833
 6       6.043151e-03            0.3940
 7       2.428228e-03            0.4018
 8       9.906504e-04            0.4080
 9       4.090921e-04            0.4130
 10      1.706299e-04            0.4171
 11      7.177589e-05            0.4207
 12      3.042067e-05            0.4238
 13      1.298292e-05            0.4268
 14      5.577893e-06            0.4296
 15      2.412421e-06            0.4325
------------------------------------------------------
 Iterations:      16
 Final Rel. Res.: 2.412421e-06
 Asymptotic Rate: 0.429630 (Geom. Mean, last 4 iters)
======================================================

