Device configuration: omp,cpu
Memory configuration: host-std
Loaded config: /cluster/home/rdabetic/decmg/configs/dirac2d_2d_two_holes_rowsum_w.json
=================================================
  Multigrid Convergence Test Configuration
=================================================
 Problem Type:    dirac2d
 Mesh File:       meshes/2d/two_holes.msh
 Output File:     out/rowsum/w/dirac/2d/two_holes.csv
 MG Cycle Type:   W-Cycle
 Mass Lumping:    rowsum
 B-Conditions:    essential
 Max Refinement:  6
 Eigenvalues:     3 (Tol: 0.01)
 GMRES Benchmark: 8 runs (Tol: 1e-06, K-Dim: 20)
=================================================


Gmsh reader: all element attributes were zero.
MFEM only supports positive element attributes.
Setting element attributes to 1.

======================================================
  Refinement Level: 1
======================================================
 Mesh width (h):  9.9615e-02
 Total DOFs:      3547
 Spectral Radii:  1 1 0.265376
 GMRES Avg Iters: 8.00
------------------------------------------------------
  MG RESIDUAL DECAY
------------------------------------------------------
 Iter    Rel. Residual           Reduction Factor
------------------------------------------------------
 0       2.870258e-01            -----
 1       2.578001e-02            0.0898
 2       3.901897e-03            0.1514
 3       1.550200e-03            0.3973
 4       2.237133e-04            0.1443
 5       1.789024e-05            0.0800
 6       1.941609e-06            0.1085
 7       4.112566e-07            0.2118
 8       6.275969e-08            0.1526
 9       1.406321e-08            0.2241
 10      4.522917e-09            0.3216
 11      1.369635e-09            0.3028
 12      3.861160e-10            0.2819
 13      1.041511e-10            0.2697
 14      2.742013e-11            0.2633
 15      7.135189e-12            0.2602
------------------------------------------------------
 Iterations:      16
 Final Rel. Res.: 7.135189e-12
 Asymptotic Rate: 0.264380 (Geom. Mean, last 4 iters)
======================================================

======================================================
  Refinement Level: 2
======================================================
 Mesh width (h):  4.9808e-02
 Total DOFs:      13959
 Spectral Radii:  1 1 0.269291
 GMRES Avg Iters: 8.00
------------------------------------------------------
  MG RESIDUAL DECAY
------------------------------------------------------
 Iter    Rel. Residual           Reduction Factor
------------------------------------------------------
 0       1.138832e-01            -----
 1       2.777959e-02            0.2439
 2       2.249362e-03            0.0810
 3       3.474263e-04            0.1545
 4       6.662882e-05            0.1918
 5       1.113042e-05            0.1671
 6       2.694528e-06            0.2421
 7       6.101912e-07            0.2265
 8       1.316813e-07            0.2158
 9       3.157291e-08            0.2398
 10      8.100524e-09            0.2566
 11      2.062201e-09            0.2546
 12      5.177639e-10            0.2511
 13      1.299224e-10            0.2509
 14      3.267396e-11            0.2515
 15      8.218297e-12            0.2515
------------------------------------------------------
 Iterations:      16
 Final Rel. Res.: 8.218297e-12
 Asymptotic Rate: 0.251314 (Geom. Mean, last 4 iters)
======================================================

======================================================
  Refinement Level: 3
======================================================
 Mesh width (h):  2.4904e-02
 Total DOFs:      55375
 Spectral Radii:  1 1 0.305043
 GMRES Avg Iters: 8.00
------------------------------------------------------
  MG RESIDUAL DECAY
------------------------------------------------------
 Iter    Rel. Residual           Reduction Factor
------------------------------------------------------
 0       9.968049e-02            -----
 1       1.373707e-02            0.1378
 2       1.936043e-03            0.1409
 3       3.477544e-04            0.1796
 4       5.168025e-05            0.1486
 5       1.042272e-05            0.2017
 6       2.041069e-06            0.1958
 7       4.163295e-07            0.2040
 8       9.413025e-08            0.2261
 9       2.274917e-08            0.2417
 10      5.721431e-09            0.2515
 11      1.512856e-09            0.2644
 12      4.192259e-10            0.2771
 13      1.199568e-10            0.2861
 14      3.505007e-11            0.2922
 15      1.038392e-11            0.2963
------------------------------------------------------
 Iterations:      16
 Final Rel. Res.: 1.038392e-11
 Asymptotic Rate: 0.291499 (Geom. Mean, last 4 iters)
======================================================

======================================================
  Refinement Level: 4
======================================================
 Mesh width (h):  1.2452e-02
 Total DOFs:      220575
 Spectral Radii:  1 1 0.325384
 GMRES Avg Iters: 8.00
------------------------------------------------------
  MG RESIDUAL DECAY
------------------------------------------------------
 Iter    Rel. Residual           Reduction Factor
------------------------------------------------------
 0       9.960714e-02            -----
 1       1.332483e-02            0.1338
 2       1.837023e-03            0.1379
 3       2.923218e-04            0.1591
 4       5.128690e-05            0.1754
 5       9.647719e-06            0.1881
 6       1.936091e-06            0.2007
 7       4.145860e-07            0.2141
 8       9.520997e-08            0.2297
 9       2.349068e-08            0.2467
 10      6.195500e-09            0.2637
 11      1.727493e-09            0.2788
 12      5.023045e-10            0.2908
 13      1.503892e-10            0.2994
 14      4.593662e-11            0.3055
 15      1.422837e-11            0.3097
------------------------------------------------------
 Iterations:      16
 Final Rel. Res.: 1.422837e-11
 Asymptotic Rate: 0.304833 (Geom. Mean, last 4 iters)
======================================================

======================================================
  Refinement Level: 5
======================================================
 Mesh width (h):  6.2260e-03
 Total DOFs:      880447
 Spectral Radii:  1 1 0.332309
 GMRES Avg Iters: 8.00
------------------------------------------------------
  MG RESIDUAL DECAY
------------------------------------------------------
 Iter    Rel. Residual           Reduction Factor
------------------------------------------------------
 0       1.001160e-01            -----
 1       1.334480e-02            0.1333
 2       1.820863e-03            0.1364
 3       2.864961e-04            0.1573
 4       5.057549e-05            0.1765
 5       9.514778e-06            0.1881
 6       1.931815e-06            0.2030
 7       4.239901e-07            0.2195
 8       9.984411e-08            0.2355
 9       2.525247e-08            0.2529
 10      6.817428e-09            0.2700
 11      1.940354e-09            0.2846
 12      5.744636e-10            0.2961
 13      1.748747e-10            0.3044
 14      5.426619e-11            0.3103
 15      1.706528e-11            0.3145
------------------------------------------------------
 Iterations:      16
 Final Rel. Res.: 1.706528e-11
 Asymptotic Rate: 0.309706 (Geom. Mean, last 4 iters)
======================================================

======================================================
  Refinement Level: 6
======================================================
 Mesh width (h):  3.1130e-03
 Total DOFs:      3518079
 Spectral Radii:  1 1 0.334665
 GMRES Avg Iters: 9.00
------------------------------------------------------
  MG RESIDUAL DECAY
------------------------------------------------------
 Iter    Rel. Residual           Reduction Factor
------------------------------------------------------
 0       9.990149e-02            -----
 1       1.325417e-02            0.1327
 2       1.799133e-03            0.1357
 3       2.807845e-04            0.1561
 4       4.940475e-05            0.1760
 5       9.305761e-06            0.1884
 6       1.899806e-06            0.2042
 7       4.198950e-07            0.2210
 8       9.948612e-08            0.2369
 9       2.518974e-08            0.2532
 10      6.760616e-09            0.2684
 11      1.902142e-09            0.2814
 12      5.548854e-10            0.2917
 13      1.662194e-10            0.2996
 14      5.075470e-11            0.3053
 15      1.571496e-11            0.3096
------------------------------------------------------
 Iterations:      16
 Final Rel. Res.: 1.571496e-11
 Asymptotic Rate: 0.304815 (Geom. Mean, last 4 iters)
======================================================

