Device configuration: omp,cpu
Memory configuration: host-std
Loaded config: /cluster/home/rdabetic/decmg/configs/dirac3d_3d_hole_void_barycentric_v.json
=================================================
  Multigrid Convergence Test Configuration
=================================================
 Problem Type:    dirac3d
 Mesh File:       meshes/3d/hole_void.msh
 Output File:     out/barycentric/v/dirac/3d/hole_void.csv
 MG Cycle Type:   V-Cycle
 Mass Lumping:    barycentric
 B-Conditions:    essential
 Max Refinement:  5
 Eigenvalues:     3 (Tol: 0.01)
 GMRES Benchmark: 8 runs (Tol: 1e-06, K-Dim: 20)
=================================================

======================================================
  Refinement Level: 1
======================================================
 Mesh width (h):  1.5811e+00
 Total DOFs:      4305
 Spectral Radii:  1 1 0.650983
 GMRES Avg Iters: 24.62
------------------------------------------------------
  MG RESIDUAL DECAY
------------------------------------------------------
 Iter    Rel. Residual           Reduction Factor
------------------------------------------------------
 0       1.136650e-01            -----
 1       3.142121e-02            0.2764
 2       1.207817e-02            0.3844
 3       5.493564e-03            0.4548
 4       2.668083e-03            0.4857
 5       1.355411e-03            0.5080
 6       7.087993e-04            0.5229
 7       3.786180e-04            0.5342
 8       2.055173e-04            0.5428
 9       1.129652e-04            0.5497
 10      6.272410e-05            0.5553
 11      3.512134e-05            0.5599
 12      1.980746e-05            0.5640
 13      1.124199e-05            0.5676
 14      6.417622e-06            0.5709
 15      3.683644e-06            0.5740
------------------------------------------------------
 Iterations:      16
 Final Rel. Res.: 3.683644e-06
 Asymptotic Rate: 0.570799 (Geom. Mean, last 4 iters)
======================================================

======================================================
  Refinement Level: 2
======================================================
 Mesh width (h):  7.9057e-01
 Total DOFs:      32449
 Spectral Radii:  1 1 0.670325
 GMRES Avg Iters: 26.62
------------------------------------------------------
  MG RESIDUAL DECAY
------------------------------------------------------
 Iter    Rel. Residual           Reduction Factor
------------------------------------------------------
 0       1.128460e-01            -----
 1       2.363058e-02            0.2094
 2       8.301825e-03            0.3513
 3       3.629956e-03            0.4372
 4       1.755826e-03            0.4837
 5       8.993312e-04            0.5122
 6       4.786258e-04            0.5322
 7       2.619129e-04            0.5472
 8       1.465125e-04            0.5594
 9       8.346408e-05            0.5697
 10      4.829017e-05            0.5786
 11      2.831804e-05            0.5864
 12      1.680421e-05            0.5934
 13      1.007812e-05            0.5997
 14      6.102686e-06            0.6055
 15      3.728230e-06            0.6109
------------------------------------------------------
 Iterations:      16
 Final Rel. Res.: 3.728230e-06
 Asymptotic Rate: 0.605380 (Geom. Mean, last 4 iters)
======================================================

======================================================
  Refinement Level: 3
======================================================
 Mesh width (h):  3.9528e-01
 Total DOFs:      251777
 Spectral Radii:  1 1 0.69829
 GMRES Avg Iters: 27.88
------------------------------------------------------
  MG RESIDUAL DECAY
------------------------------------------------------
 Iter    Rel. Residual           Reduction Factor
------------------------------------------------------
 0       1.344393e-01            -----
 1       3.631294e-02            0.2701
 2       1.061154e-02            0.2922
 3       4.359204e-03            0.4108
 4       2.063094e-03            0.4733
 5       1.080969e-03            0.5240
 6       6.034928e-04            0.5583
 7       3.508400e-04            0.5813
 8       2.083899e-04            0.5940
 9       1.253705e-04            0.6016
 10      7.595729e-05            0.6059
 11      4.624610e-05            0.6088
 12      2.826243e-05            0.6111
 13      1.733430e-05            0.6133
 14      1.067071e-05            0.6156
 15      6.594602e-06            0.6180
------------------------------------------------------
 Iterations:      16
 Final Rel. Res.: 6.594602e-06
 Asymptotic Rate: 0.615639 (Geom. Mean, last 4 iters)
======================================================

======================================================
  Refinement Level: 4
======================================================
 Mesh width (h):  1.9764e-01
 Total DOFs:      1983233
 Spectral Radii:  1 1 0.720653
 GMRES Avg Iters: 28.38
------------------------------------------------------
  MG RESIDUAL DECAY
------------------------------------------------------
 Iter    Rel. Residual           Reduction Factor
------------------------------------------------------
 0       3.326668e-01            -----
 1       1.203431e-01            0.3618
 2       2.962237e-02            0.2461
 3       1.151992e-02            0.3889
 4       5.421846e-03            0.4706
 5       2.799283e-03            0.5163
 6       1.500968e-03            0.5362
 7       8.329922e-04            0.5550
 8       4.714848e-04            0.5660
 9       2.721213e-04            0.5772
 10      1.592045e-04            0.5850
 11      9.437540e-05            0.5928
 12      5.651751e-05            0.5989
 13      3.416794e-05            0.6046
 14      2.081712e-05            0.6093
 15      1.277200e-05            0.6135
------------------------------------------------------
 Iterations:      16
 Final Rel. Res.: 1.277200e-05
 Asymptotic Rate: 0.609105 (Geom. Mean, last 4 iters)
======================================================

======================================================
  Refinement Level: 5
======================================================
 Mesh width (h):  9.8821e-02
 Total DOFs:      15742465
 Spectral Radii:  1 1 0.738282
 GMRES Avg Iters: 28.88
------------------------------------------------------
  MG RESIDUAL DECAY
------------------------------------------------------
 Iter    Rel. Residual           Reduction Factor
------------------------------------------------------
 0       1.255543e+00            -----
 1       4.810995e-01            0.3832
 2       1.162958e-01            0.2417
 3       4.287698e-02            0.3687
 4       1.991891e-02            0.4646
 5       1.014625e-02            0.5094
 6       5.416624e-03            0.5339
 7       2.973951e-03            0.5490
 8       1.671796e-03            0.5621
 9       9.569205e-04            0.5724
 10      5.575236e-04            0.5826
 11      3.295382e-04            0.5911
 12      1.974974e-04            0.5993
 13      1.196999e-04            0.6061
 14      7.329288e-05            0.6123
 15      4.524735e-05            0.6173
------------------------------------------------------
 Iterations:      16
 Final Rel. Res.: 4.524735e-05
 Asymptotic Rate: 0.611896 (Geom. Mean, last 4 iters)
======================================================

