Device configuration: omp,cpu
Memory configuration: host-std
Loaded config: /cluster/home/rdabetic/decmg/configs/dirac3d_3d_ball_scaledid_v.json
=================================================
  Multigrid Convergence Test Configuration
=================================================
 Problem Type:    dirac3d
 Mesh File:       meshes/3d/ball.msh
 Output File:     out/scaledid/v/dirac/3d/ball.csv
 MG Cycle Type:   V-Cycle
 Mass Lumping:    scaledid
 B-Conditions:    essential
 Max Refinement:  5
 Eigenvalues:     1 (Tol: 0.01)
 GMRES Benchmark: 8 runs (Tol: 1e-06, K-Dim: 20)
=================================================

======================================================
  Refinement Level: 1
======================================================
 Mesh width (h):  3.0757e-01
 Total DOFs:      2551
 Spectral Radii:  0.505013
 GMRES Avg Iters: 28.88
------------------------------------------------------
  MG RESIDUAL DECAY
------------------------------------------------------
 Iter    Rel. Residual           Reduction Factor
------------------------------------------------------
 0       1.323637e-01            -----
 1       2.853831e-02            0.2156
 2       1.004673e-02            0.3520
 3       4.004430e-03            0.3986
 4       1.687095e-03            0.4213
 5       7.253195e-04            0.4299
 6       3.161388e-04            0.4359
 7       1.393676e-04            0.4408
 8       6.201306e-05            0.4450
 9       2.782119e-05            0.4486
 10      1.258942e-05            0.4525
 11      5.755911e-06            0.4572
 12      2.665496e-06            0.4631
 13      1.253260e-06            0.4702
 14      5.991173e-07            0.4780
 15      2.911307e-07            0.4859
------------------------------------------------------
 Iterations:      16
 Final Rel. Res.: 2.911307e-07
 Asymptotic Rate: 0.478010 (Geom. Mean, last 4 iters)
======================================================

======================================================
  Refinement Level: 2
======================================================
 Mesh width (h):  1.5378e-01
 Total DOFs:      18741
 Spectral Radii:  0.541087
 GMRES Avg Iters: 26.25
------------------------------------------------------
  MG RESIDUAL DECAY
------------------------------------------------------
 Iter    Rel. Residual           Reduction Factor
------------------------------------------------------
 0       1.293876e-01            -----
 1       3.091997e-02            0.2390
 2       8.967231e-03            0.2900
 3       3.267483e-03            0.3644
 4       1.332213e-03            0.4077
 5       5.690721e-04            0.4272
 6       2.499506e-04            0.4392
 7       1.117935e-04            0.4473
 8       5.064503e-05            0.4530
 9       2.321782e-05            0.4584
 10      1.078622e-05            0.4646
 11      5.088860e-06            0.4718
 12      2.443009e-06            0.4801
 13      1.194623e-06            0.4890
 14      5.948490e-07            0.4979
 15      3.011254e-07            0.5062
------------------------------------------------------
 Iterations:      16
 Final Rel. Res.: 3.011254e-07
 Asymptotic Rate: 0.497669 (Geom. Mean, last 4 iters)
======================================================

======================================================
  Refinement Level: 3
======================================================
 Mesh width (h):  7.6892e-02
 Total DOFs:      143625
 Spectral Radii:  0.580252
 GMRES Avg Iters: 27.00
------------------------------------------------------
  MG RESIDUAL DECAY
------------------------------------------------------
 Iter    Rel. Residual           Reduction Factor
------------------------------------------------------
 0       3.086408e-01            -----
 1       1.187854e-01            0.3849
 2       2.706379e-02            0.2278
 3       9.138255e-03            0.3377
 4       3.708548e-03            0.4058
 5       1.581756e-03            0.4265
 6       6.983022e-04            0.4415
 7       3.188867e-04            0.4567
 8       1.501795e-04            0.4709
 9       7.275906e-05            0.4845
 10      3.623330e-05            0.4980
 11      1.854738e-05            0.5119
 12      9.753659e-06            0.5259
 13      5.258349e-06            0.5391
 14      2.895669e-06            0.5507
 15      1.621602e-06            0.5600
------------------------------------------------------
 Iterations:      16
 Final Rel. Res.: 1.621602e-06
 Asymptotic Rate: 0.549869 (Geom. Mean, last 4 iters)
======================================================

======================================================
  Refinement Level: 4
======================================================
 Mesh width (h):  3.8446e-02
 Total DOFs:      1124497
 Spectral Radii:  0.607778
 GMRES Avg Iters: 27.00
------------------------------------------------------
  MG RESIDUAL DECAY
------------------------------------------------------
 Iter    Rel. Residual           Reduction Factor
------------------------------------------------------
 0       1.238517e+00            -----
 1       4.597728e-01            0.3712
 2       9.962932e-02            0.2167
 3       3.222248e-02            0.3234
 4       1.268621e-02            0.3937
 5       5.268929e-03            0.4153
 6       2.247326e-03            0.4265
 7       9.789667e-04            0.4356
 8       4.338670e-04            0.4432
 9       1.951497e-04            0.4498
 10      8.896926e-05            0.4559
 11      4.112497e-05            0.4622
 12      1.930754e-05            0.4695
 13      9.233335e-06            0.4782
 14      4.512886e-06            0.4888
 15      2.260744e-06            0.5010
------------------------------------------------------
 Iterations:      16
 Final Rel. Res.: 2.260744e-06
 Asymptotic Rate: 0.489224 (Geom. Mean, last 4 iters)
======================================================

======================================================
  Refinement Level: 5
======================================================
 Mesh width (h):  1.9223e-02
 Total DOFs:      8899361
 Spectral Radii:  0.627056
 GMRES Avg Iters: 27.38
------------------------------------------------------
  MG RESIDUAL DECAY
------------------------------------------------------
 Iter    Rel. Residual           Reduction Factor
------------------------------------------------------
 0       5.116370e+00            -----
 1       1.829853e+00            0.3576
 2       3.920475e-01            0.2143
 3       1.252187e-01            0.3194
 4       4.845260e-02            0.3869
 5       1.978625e-02            0.4084
 6       8.323852e-03            0.4207
 7       3.583062e-03            0.4305
 8       1.570113e-03            0.4382
 9       6.983484e-04            0.4448
 10      3.146248e-04            0.4505
 11      1.435119e-04            0.4561
 12      6.632838e-05            0.4622
 13      3.112751e-05            0.4693
 14      1.488078e-05            0.4781
 15      7.275670e-06            0.4889
------------------------------------------------------
 Iterations:      16
 Final Rel. Res.: 7.275670e-06
 Asymptotic Rate: 0.478694 (Geom. Mean, last 4 iters)
======================================================

