Device configuration: omp,cpu
Memory configuration: host-std
Loaded config: /cluster/home/rdabetic/decmg/configs/dirac3d_3d_cube_barycentric_w.json
=================================================
  Multigrid Convergence Test Configuration
=================================================
 Problem Type:    dirac3d
 Mesh File:       meshes/3d/cube.msh
 Output File:     out/barycentric/w/dirac/3d/cube.csv
 MG Cycle Type:   W-Cycle
 Mass Lumping:    barycentric
 B-Conditions:    essential
 Max Refinement:  5
 Eigenvalues:     1 (Tol: 0.01)
 GMRES Benchmark: 8 runs (Tol: 1e-06, K-Dim: 20)
=================================================

======================================================
  Refinement Level: 1
======================================================
 Mesh width (h):  5.0000e-01
 Total DOFs:      989
 Spectral Radii:  0.450333
 GMRES Avg Iters: 10.00
------------------------------------------------------
  MG RESIDUAL DECAY
------------------------------------------------------
 Iter    Rel. Residual           Reduction Factor
------------------------------------------------------
 0       1.109726e-01            -----
 1       2.442304e-02            0.2201
 2       7.394264e-03            0.3028
 3       2.497611e-03            0.3378
 4       8.728678e-04            0.3495
 5       3.081678e-04            0.3531
 6       1.095045e-04            0.3553
 7       3.930795e-05            0.3590
 8       1.431628e-05            0.3642
 9       5.311360e-06            0.3710
 10      2.014137e-06            0.3792
 11      7.821899e-07            0.3883
 12      3.110873e-07            0.3977
 13      1.264746e-07            0.4066
 14      5.240234e-08            0.4143
 15      2.204980e-08            0.4208
------------------------------------------------------
 Iterations:      16
 Final Rel. Res.: 2.204980e-08
 Asymptotic Rate: 0.413848 (Geom. Mean, last 4 iters)
======================================================

======================================================
  Refinement Level: 2
======================================================
 Mesh width (h):  2.5000e-01
 Total DOFs:      7257
 Spectral Radii:  0.499268
 GMRES Avg Iters: 10.25
------------------------------------------------------
  MG RESIDUAL DECAY
------------------------------------------------------
 Iter    Rel. Residual           Reduction Factor
------------------------------------------------------
 0       1.141116e-01            -----
 1       2.174132e-02            0.1905
 2       6.612058e-03            0.3041
 3       2.339269e-03            0.3538
 4       8.696102e-04            0.3717
 5       3.353557e-04            0.3856
 6       1.331461e-04            0.3970
 7       5.422357e-05            0.4072
 8       2.258055e-05            0.4164
 9       9.588961e-06            0.4247
 10      4.142609e-06            0.4320
 11      1.816867e-06            0.4386
 12      8.075499e-07            0.4445
 13      3.632791e-07            0.4499
 14      1.652472e-07            0.4549
 15      7.595848e-08            0.4597
------------------------------------------------------
 Iterations:      16
 Final Rel. Res.: 7.595848e-08
 Asymptotic Rate: 0.454781 (Geom. Mean, last 4 iters)
======================================================

======================================================
  Refinement Level: 3
======================================================
 Mesh width (h):  1.2500e-01
 Total DOFs:      55601
 Spectral Radii:  0.52553
 GMRES Avg Iters: 11.00
------------------------------------------------------
  MG RESIDUAL DECAY
------------------------------------------------------
 Iter    Rel. Residual           Reduction Factor
------------------------------------------------------
 0       1.581932e-01            -----
 1       4.414559e-02            0.2791
 2       1.009258e-02            0.2286
 3       3.423411e-03            0.3392
 4       1.315696e-03            0.3843
 5       5.256665e-04            0.3995
 6       2.140029e-04            0.4071
 7       8.853721e-05            0.4137
 8       3.702673e-05            0.4182
 9       1.560292e-05            0.4214
 10      6.613078e-06            0.4238
 11      2.816557e-06            0.4259
 12      1.205155e-06            0.4279
 13      5.181497e-07            0.4299
 14      2.239607e-07            0.4322
 15      9.739007e-08            0.4349
------------------------------------------------------
 Iterations:      16
 Final Rel. Res.: 9.739007e-08
 Asymptotic Rate: 0.432338 (Geom. Mean, last 4 iters)
======================================================

======================================================
  Refinement Level: 4
======================================================
 Mesh width (h):  6.2500e-02
 Total DOFs:      435297
 Spectral Radii:  0.537163
 GMRES Avg Iters: 11.00
------------------------------------------------------
  MG RESIDUAL DECAY
------------------------------------------------------
 Iter    Rel. Residual           Reduction Factor
------------------------------------------------------
 0       4.344466e-01            -----
 1       1.631260e-01            0.3755
 2       3.276543e-02            0.2009
 3       1.084700e-02            0.3311
 4       4.151432e-03            0.3827
 5       1.670343e-03            0.4024
 6       6.865669e-04            0.4110
 7       2.867057e-04            0.4176
 8       1.209799e-04            0.4220
 9       5.143901e-05            0.4252
 10      2.199768e-05            0.4276
 11      9.452326e-06            0.4297
 12      4.078840e-06            0.4315
 13      1.767033e-06            0.4332
 14      7.684209e-07            0.4349
 15      3.354097e-07            0.4365
------------------------------------------------------
 Iterations:      16
 Final Rel. Res.: 3.354097e-07
 Asymptotic Rate: 0.434857 (Geom. Mean, last 4 iters)
======================================================

======================================================
  Refinement Level: 5
======================================================
 Mesh width (h):  3.1250e-02
 Total DOFs:      3444929
 Spectral Radii:  0.541054
 GMRES Avg Iters: 11.00
------------------------------------------------------
  MG RESIDUAL DECAY
------------------------------------------------------
 Iter    Rel. Residual           Reduction Factor
------------------------------------------------------
 0       1.736392e+00            -----
 1       6.632992e-01            0.3820
 2       1.299812e-01            0.1960
 3       4.259588e-02            0.3277
 4       1.639743e-02            0.3850
 5       6.641337e-03            0.4050
 6       2.752106e-03            0.4144
 7       1.159666e-03            0.4214
 8       4.940604e-04            0.4260
 9       2.121063e-04            0.4293
 10      9.155842e-05            0.4317
 11      3.968967e-05            0.4335
 12      1.726534e-05            0.4350
 13      7.533673e-06            0.4363
 14      3.296515e-06            0.4376
 15      1.446237e-06            0.4387
------------------------------------------------------
 Iterations:      16
 Final Rel. Res.: 1.446237e-06
 Asymptotic Rate: 0.437544 (Geom. Mean, last 4 iters)
======================================================

