Device configuration: omp,cpu
Memory configuration: host-std
Loaded config: /cluster/home/rdabetic/decmg/configs/dirac3d_3d_tetra_rowsum_w.json
=================================================
  Multigrid Convergence Test Configuration
=================================================
 Problem Type:    dirac3d
 Mesh File:       meshes/3d/tetra.msh
 Output File:     out/rowsum/w/dirac/3d/tetra.csv
 MG Cycle Type:   W-Cycle
 Mass Lumping:    rowsum
 B-Conditions:    essential
 Max Refinement:  5
 Eigenvalues:     1 (Tol: 0.01)
 GMRES Benchmark: 8 runs (Tol: 1e-06, K-Dim: 20)
=================================================

======================================================
  Refinement Level: 1
======================================================
 Mesh width (h):  3.5355e-01
 Total DOFs:      389
 Spectral Radii:  0.480982
 GMRES Avg Iters: 10.00
------------------------------------------------------
  MG RESIDUAL DECAY
------------------------------------------------------
 Iter    Rel. Residual           Reduction Factor
------------------------------------------------------
 0       9.990140e-02            -----
 1       2.194953e-02            0.2197
 2       7.735176e-03            0.3524
 3       3.147275e-03            0.4069
 4       1.311189e-03            0.4166
 5       5.547756e-04            0.4231
 6       2.371628e-04            0.4275
 7       1.018545e-04            0.4295
 8       4.381653e-05            0.4302
 9       1.885196e-05            0.4302
 10      8.107914e-06            0.4301
 11      3.485646e-06            0.4299
 12      1.498265e-06            0.4298
 13      6.441547e-07            0.4299
 14      2.771249e-07            0.4302
 15      1.193539e-07            0.4307
------------------------------------------------------
 Iterations:      16
 Final Rel. Res.: 1.193539e-07
 Asymptotic Rate: 0.430278 (Geom. Mean, last 4 iters)
======================================================

======================================================
  Refinement Level: 2
======================================================
 Mesh width (h):  1.7678e-01
 Total DOFs:      2633
 Spectral Radii:  0.491102
 GMRES Avg Iters: 10.00
------------------------------------------------------
  MG RESIDUAL DECAY
------------------------------------------------------
 Iter    Rel. Residual           Reduction Factor
------------------------------------------------------
 0       1.121411e-01            -----
 1       2.612092e-02            0.2329
 2       9.051083e-03            0.3465
 3       3.379641e-03            0.3734
 4       1.324045e-03            0.3918
 5       5.282540e-04            0.3990
 6       2.178457e-04            0.4124
 7       9.113718e-05            0.4184
 8       3.866207e-05            0.4242
 9       1.655635e-05            0.4282
 10      7.147001e-06            0.4317
 11      3.105824e-06            0.4346
 12      1.357764e-06            0.4372
 13      5.968694e-07            0.4396
 14      2.637933e-07            0.4420
 15      1.172120e-07            0.4443
------------------------------------------------------
 Iterations:      16
 Final Rel. Res.: 1.172120e-07
 Asymptotic Rate: 0.441960 (Geom. Mean, last 4 iters)
======================================================

======================================================
  Refinement Level: 3
======================================================
 Mesh width (h):  8.8388e-02
 Total DOFs:      19345
 Spectral Radii:  0.506432
 GMRES Avg Iters: 10.00
------------------------------------------------------
  MG RESIDUAL DECAY
------------------------------------------------------
 Iter    Rel. Residual           Reduction Factor
------------------------------------------------------
 0       2.505743e-01            -----
 1       8.013386e-02            0.3198
 2       1.758933e-02            0.2195
 3       5.813374e-03            0.3305
 4       2.187260e-03            0.3762
 5       8.560825e-04            0.3914
 6       3.466910e-04            0.4050
 7       1.431454e-04            0.4129
 8       5.991805e-05            0.4186
 9       2.533856e-05            0.4229
 10      1.081257e-05            0.4267
 11      4.652893e-06            0.4303
 12      2.018694e-06            0.4339
 13      8.829045e-07            0.4374
 14      3.892214e-07            0.4408
 15      1.729195e-07            0.4443
------------------------------------------------------
 Iterations:      16
 Final Rel. Res.: 1.729195e-07
 Asymptotic Rate: 0.440816 (Geom. Mean, last 4 iters)
======================================================

======================================================
  Refinement Level: 4
======================================================
 Mesh width (h):  4.4194e-02
 Total DOFs:      148257
 Spectral Radii:  0.529958
 GMRES Avg Iters: 10.38
------------------------------------------------------
  MG RESIDUAL DECAY
------------------------------------------------------
 Iter    Rel. Residual           Reduction Factor
------------------------------------------------------
 0       1.008519e+00            -----
 1       3.723627e-01            0.3692
 2       7.261223e-02            0.1950
 3       2.301360e-02            0.3169
 4       8.649021e-03            0.3758
 5       3.473555e-03            0.4016
 6       1.438310e-03            0.4141
 7       6.095125e-04            0.4238
 8       2.628584e-04            0.4313
 9       1.150187e-04            0.4376
 10      5.095863e-05            0.4430
 11      2.282732e-05            0.4480
 12      1.032785e-05            0.4524
 13      4.715053e-06            0.4565
 14      2.170300e-06            0.4603
 15      1.006376e-06            0.4637
------------------------------------------------------
 Iterations:      16
 Final Rel. Res.: 1.006376e-06
 Asymptotic Rate: 0.460168 (Geom. Mean, last 4 iters)
======================================================

======================================================
  Refinement Level: 5
======================================================
 Mesh width (h):  2.2097e-02
 Total DOFs:      1160769
 Spectral Radii:  0.540703
 GMRES Avg Iters: 11.00
------------------------------------------------------
  MG RESIDUAL DECAY
------------------------------------------------------
 Iter    Rel. Residual           Reduction Factor
------------------------------------------------------
 0       4.106787e+00            -----
 1       1.491240e+00            0.3631
 2       2.899894e-01            0.1945
 3       9.312250e-02            0.3211
 4       3.546460e-02            0.3808
 5       1.434388e-02            0.4045
 6       5.987897e-03            0.4175
 7       2.558910e-03            0.4273
 8       1.112671e-03            0.4348
 9       4.904668e-04            0.4408
 10      2.186386e-04            0.4458
 11      9.840433e-05            0.4501
 12      4.466550e-05            0.4539
 13      2.042752e-05            0.4573
 14      9.406411e-06            0.4605
 15      4.358278e-06            0.4633
------------------------------------------------------
 Iterations:      16
 Final Rel. Res.: 4.358278e-06
 Asymptotic Rate: 0.460378 (Geom. Mean, last 4 iters)
======================================================

