Device configuration: omp,cpu
Memory configuration: host-std
Loaded config: /cluster/home/rdabetic/decmg/configs/dirac2d_2d_circle_scaledid_v.json
=================================================
  Multigrid Convergence Test Configuration
=================================================
 Problem Type:    dirac2d
 Mesh File:       meshes/2d/circle.msh
 Output File:     out/scaledid/v/dirac/2d/circle.csv
 MG Cycle Type:   V-Cycle
 Mass Lumping:    scaledid
 B-Conditions:    essential
 Max Refinement:  6
 Eigenvalues:     1 (Tol: 0.01)
 GMRES Benchmark: 8 runs (Tol: 1e-06, K-Dim: 20)
=================================================


Gmsh reader: all element attributes were zero.
MFEM only supports positive element attributes.
Setting element attributes to 1.

======================================================
  Refinement Level: 1
======================================================
 Mesh width (h):  1.8955e-01
 Total DOFs:      1187
 Spectral Radii:  0.210511
 GMRES Avg Iters: 13.12
------------------------------------------------------
  MG RESIDUAL DECAY
------------------------------------------------------
 Iter    Rel. Residual           Reduction Factor
------------------------------------------------------
 0       1.124137e-01            -----
 1       1.664717e-02            0.1481
 2       2.078730e-03            0.1249
 3       2.562016e-04            0.1232
 4       3.754612e-05            0.1465
 5       5.342737e-06            0.1423
 6       7.772887e-07            0.1455
 7       1.165696e-07            0.1500
 8       1.917898e-08            0.1645
 9       3.457107e-09            0.1803
 10      6.687849e-10            0.1935
 11      1.319114e-10            0.1972
 12      2.652381e-11            0.2011
 13      5.489521e-12            0.2070
 14      1.159560e-12            0.2112
 15      2.477786e-13            0.2137
------------------------------------------------------
 Iterations:      16
 Final Rel. Res.: 2.477786e-13
 Asymptotic Rate: 0.210609 (Geom. Mean, last 4 iters)
======================================================

======================================================
  Refinement Level: 2
======================================================
 Mesh width (h):  9.4776e-02
 Total DOFs:      4653
 Spectral Radii:  0.267252
 GMRES Avg Iters: 14.00
------------------------------------------------------
  MG RESIDUAL DECAY
------------------------------------------------------
 Iter    Rel. Residual           Reduction Factor
------------------------------------------------------
 0       1.076856e-01            -----
 1       1.639313e-02            0.1522
 2       2.231828e-03            0.1361
 3       3.102072e-04            0.1390
 4       5.130344e-05            0.1654
 5       8.768200e-06            0.1709
 6       1.665914e-06            0.1900
 7       3.476568e-07            0.2087
 8       7.803144e-08            0.2244
 9       1.836828e-08            0.2354
 10      4.461036e-09            0.2429
 11      1.106520e-09            0.2480
 12      2.782946e-10            0.2515
 13      7.059394e-11            0.2537
 14      1.799005e-11            0.2548
 15      4.594381e-12            0.2554
------------------------------------------------------
 Iterations:      16
 Final Rel. Res.: 4.594381e-12
 Asymptotic Rate: 0.254629 (Geom. Mean, last 4 iters)
======================================================

======================================================
  Refinement Level: 3
======================================================
 Mesh width (h):  4.7388e-02
 Total DOFs:      18425
 Spectral Radii:  0.283334
 GMRES Avg Iters: 14.75
------------------------------------------------------
  MG RESIDUAL DECAY
------------------------------------------------------
 Iter    Rel. Residual           Reduction Factor
------------------------------------------------------
 0       9.934228e-02            -----
 1       1.416824e-02            0.1426
 2       1.884329e-03            0.1330
 3       2.799438e-04            0.1486
 4       4.676485e-05            0.1671
 5       8.795593e-06            0.1881
 6       1.874925e-06            0.2132
 7       4.323617e-07            0.2306
 8       1.061880e-07            0.2456
 9       2.733990e-08            0.2575
 10      7.256602e-09            0.2654
 11      1.962142e-09            0.2704
 12      5.366446e-10            0.2735
 13      1.476700e-10            0.2752
 14      4.074993e-11            0.2760
 15      1.125511e-11            0.2762
------------------------------------------------------
 Iterations:      16
 Final Rel. Res.: 1.125511e-11
 Asymptotic Rate: 0.275775 (Geom. Mean, last 4 iters)
======================================================

======================================================
  Refinement Level: 4
======================================================
 Mesh width (h):  2.3694e-02
 Total DOFs:      73329
 Spectral Radii:  0.288826
 GMRES Avg Iters: 15.00
------------------------------------------------------
  MG RESIDUAL DECAY
------------------------------------------------------
 Iter    Rel. Residual           Reduction Factor
------------------------------------------------------
 0       9.824127e-02            -----
 1       1.372364e-02            0.1397
 2       1.824009e-03            0.1329
 3       2.667313e-04            0.1462
 4       4.376916e-05            0.1641
 5       8.160186e-06            0.1864
 6       1.748728e-06            0.2143
 7       4.178285e-07            0.2389
 8       1.074109e-07            0.2571
 9       2.881065e-08            0.2682
 10      7.907038e-09            0.2744
 11      2.198351e-09            0.2780
 12      6.162099e-10            0.2803
 13      1.736943e-10            0.2819
 14      4.916219e-11            0.2830
 15      1.395944e-11            0.2839
------------------------------------------------------
 Iterations:      16
 Final Rel. Res.: 1.395944e-11
 Asymptotic Rate: 0.282952 (Geom. Mean, last 4 iters)
======================================================

======================================================
  Refinement Level: 5
======================================================
 Mesh width (h):  1.1847e-02
 Total DOFs:      292577
 Spectral Radii:  0.305738
 GMRES Avg Iters: 15.00
------------------------------------------------------
  MG RESIDUAL DECAY
------------------------------------------------------
 Iter    Rel. Residual           Reduction Factor
------------------------------------------------------
 0       9.589193e-02            -----
 1       1.306400e-02            0.1362
 2       1.728256e-03            0.1323
 3       2.533723e-04            0.1466
 4       4.184435e-05            0.1651
 5       7.935116e-06            0.1896
 6       1.719560e-06            0.2167
 7       4.119171e-07            0.2395
 8       1.056563e-07            0.2565
 9       2.823047e-08            0.2672
 10      7.731882e-09            0.2739
 11      2.151444e-09            0.2783
 12      6.055000e-10            0.2814
 13      1.719803e-10            0.2840
 14      4.923986e-11            0.2863
 15      1.420207e-11            0.2884
------------------------------------------------------
 Iterations:      16
 Final Rel. Res.: 1.420207e-11
 Asymptotic Rate: 0.286250 (Geom. Mean, last 4 iters)
======================================================

======================================================
  Refinement Level: 6
======================================================
 Mesh width (h):  5.9235e-03
 Total DOFs:      1168833
 Spectral Radii:  0.323239
 GMRES Avg Iters: 15.00
------------------------------------------------------
  MG RESIDUAL DECAY
------------------------------------------------------
 Iter    Rel. Residual           Reduction Factor
------------------------------------------------------
 0       9.489586e-02            -----
 1       1.268686e-02            0.1337
 2       1.690646e-03            0.1333
 3       2.474788e-04            0.1464
 4       4.106826e-05            0.1659
 5       7.845644e-06            0.1910
 6       1.717930e-06            0.2190
 7       4.167688e-07            0.2426
 8       1.079485e-07            0.2590
 9       2.905914e-08            0.2692
 10      8.012214e-09            0.2757
 11      2.247501e-09            0.2805
 12      6.398269e-10            0.2847
 13      1.847981e-10            0.2888
 14      5.418423e-11            0.2932
 15      1.614111e-11            0.2979
------------------------------------------------------
 Iterations:      16
 Final Rel. Res.: 1.614111e-11
 Asymptotic Rate: 0.293285 (Geom. Mean, last 4 iters)
======================================================

