Device configuration: omp,cpu
Memory configuration: host-std
Loaded config: /cluster/home/rdabetic/decmg/configs/dirac3d_3d_corner_structured_scaledid_v.json
=================================================
  Multigrid Convergence Test Configuration
=================================================
 Problem Type:    dirac3d
 Mesh File:       meshes/3d/corner_structured.msh
 Output File:     out/scaledid/v/dirac/3d/corner_structured.csv
 MG Cycle Type:   V-Cycle
 Mass Lumping:    scaledid
 B-Conditions:    essential
 Max Refinement:  5
 Eigenvalues:     1 (Tol: 0.01)
 GMRES Benchmark: 8 runs (Tol: 1e-06, K-Dim: 20)
=================================================

======================================================
  Refinement Level: 1
======================================================
 Mesh width (h):  4.3301e-01
 Total DOFs:      12849
 Spectral Radii:  0.478492
 GMRES Avg Iters: 17.00
------------------------------------------------------
  MG RESIDUAL DECAY
------------------------------------------------------
 Iter    Rel. Residual           Reduction Factor
------------------------------------------------------
 0       1.070564e-01            -----
 1       2.226187e-02            0.2079
 2       6.788927e-03            0.3050
 3       2.374417e-03            0.3497
 4       8.649510e-04            0.3643
 5       3.241778e-04            0.3748
 6       1.249269e-04            0.3854
 7       4.947654e-05            0.3960
 8       2.010170e-05            0.4063
 9       8.356515e-06            0.4157
 10      3.544090e-06            0.4241
 11      1.528931e-06            0.4314
 12      6.690477e-07            0.4376
 13      2.962145e-07            0.4427
 14      1.323943e-07            0.4470
 15      5.962510e-08            0.4504
------------------------------------------------------
 Iterations:      16
 Final Rel. Res.: 5.962510e-08
 Asymptotic Rate: 0.446674 (Geom. Mean, last 4 iters)
======================================================

======================================================
  Refinement Level: 2
======================================================
 Mesh width (h):  2.1651e-01
 Total DOFs:      97889
 Spectral Radii:  0.517622
 GMRES Avg Iters: 16.00
------------------------------------------------------
  MG RESIDUAL DECAY
------------------------------------------------------
 Iter    Rel. Residual           Reduction Factor
------------------------------------------------------
 0       1.063954e-01            -----
 1       2.334104e-02            0.2194
 2       6.715786e-03            0.2877
 3       2.363716e-03            0.3520
 4       9.119080e-04            0.3858
 5       3.679289e-04            0.4035
 6       1.530710e-04            0.4160
 7       6.508268e-05            0.4252
 8       2.814318e-05            0.4324
 9       1.233487e-05            0.4383
 10      5.467824e-06            0.4433
 11      2.448013e-06            0.4477
 12      1.106021e-06            0.4518
 13      5.040034e-07            0.4557
 14      2.315657e-07            0.4595
 15      1.072447e-07            0.4631
------------------------------------------------------
 Iterations:      16
 Final Rel. Res.: 1.072447e-07
 Asymptotic Rate: 0.459414 (Geom. Mean, last 4 iters)
======================================================

======================================================
  Refinement Level: 3
======================================================
 Mesh width (h):  1.0825e-01
 Total DOFs:      764097
 Spectral Radii:  0.54526
 GMRES Avg Iters: 15.00
------------------------------------------------------
  MG RESIDUAL DECAY
------------------------------------------------------
 Iter    Rel. Residual           Reduction Factor
------------------------------------------------------
 0       1.759811e-01            -----
 1       5.894858e-02            0.3350
 2       1.458350e-02            0.2474
 3       5.010050e-03            0.3435
 4       2.004088e-03            0.4000
 5       8.499843e-04            0.4241
 6       3.741677e-04            0.4402
 7       1.688464e-04            0.4513
 8       7.754803e-05            0.4593
 9       3.606374e-05            0.4651
 10      1.692875e-05            0.4694
 11      8.007057e-06            0.4730
 12      3.813279e-06            0.4762
 13      1.828463e-06            0.4795
 14      8.831312e-07            0.4830
 15      4.299695e-07            0.4869
------------------------------------------------------
 Iterations:      16
 Final Rel. Res.: 4.299695e-07
 Asymptotic Rate: 0.483110 (Geom. Mean, last 4 iters)
======================================================

======================================================
  Refinement Level: 4
======================================================
 Mesh width (h):  5.4127e-02
 Total DOFs:      6037889
 Spectral Radii:  0.566043
 GMRES Avg Iters: 15.00
------------------------------------------------------
  MG RESIDUAL DECAY
------------------------------------------------------
 Iter    Rel. Residual           Reduction Factor
------------------------------------------------------
 0       6.154365e-01            -----
 1       2.225841e-01            0.3617
 2       5.076919e-02            0.2281
 3       1.693955e-02            0.3337
 4       6.720738e-03            0.3967
 5       2.833691e-03            0.4216
 6       1.239462e-03            0.4374
 7       5.576104e-04            0.4499
 8       2.571034e-04            0.4611
 9       1.214088e-04            0.4722
 10      5.873777e-05            0.4838
 11      2.912640e-05            0.4959
 12      1.479554e-05            0.5080
 13      7.685602e-06            0.5195
 14      4.070859e-06            0.5297
 15      2.191168e-06            0.5383
------------------------------------------------------
 Iterations:      16
 Final Rel. Res.: 2.191168e-06
 Asymptotic Rate: 0.529072 (Geom. Mean, last 4 iters)
======================================================

======================================================
  Refinement Level: 5
======================================================
 Mesh width (h):  2.7063e-02
 Total DOFs:      48005889
 Spectral Radii:  0.582468
 GMRES Avg Iters: 15.00
------------------------------------------------------
  MG RESIDUAL DECAY
------------------------------------------------------
 Iter    Rel. Residual           Reduction Factor
------------------------------------------------------
 0       2.480267e+00            -----
 1       8.915971e-01            0.3595
 2       1.978890e-01            0.2219
 3       6.531924e-02            0.3301
 4       2.560121e-02            0.3919
 5       1.060898e-02            0.4144
 6       4.534852e-03            0.4275
 7       1.981784e-03            0.4370
 8       8.803071e-04            0.4442
 9       3.963925e-04            0.4503
 10      1.806313e-04            0.4557
 11      8.327758e-05            0.4610
 12      3.885609e-05            0.4666
 13      1.836437e-05            0.4726
 14      8.801025e-06            0.4792
 15      4.281398e-06            0.4865
------------------------------------------------------
 Iterations:      16
 Final Rel. Res.: 4.281398e-06
 Asymptotic Rate: 0.479412 (Geom. Mean, last 4 iters)
======================================================

