Device configuration: omp,cpu
Memory configuration: host-std
Loaded config: /cluster/home/rdabetic/decmg/configs/dirac2d_2d_two_holes_scaledid_w.json
=================================================
  Multigrid Convergence Test Configuration
=================================================
 Problem Type:    dirac2d
 Mesh File:       meshes/2d/two_holes.msh
 Output File:     out/scaledid/w/dirac/2d/two_holes.csv
 MG Cycle Type:   W-Cycle
 Mass Lumping:    scaledid
 B-Conditions:    essential
 Max Refinement:  6
 Eigenvalues:     3 (Tol: 0.01)
 GMRES Benchmark: 8 runs (Tol: 1e-06, K-Dim: 20)
=================================================


Gmsh reader: all element attributes were zero.
MFEM only supports positive element attributes.
Setting element attributes to 1.

======================================================
  Refinement Level: 1
======================================================
 Mesh width (h):  9.9615e-02
 Total DOFs:      3547
 Spectral Radii:  1 1 0.236616
 GMRES Avg Iters: 13.00
------------------------------------------------------
  MG RESIDUAL DECAY
------------------------------------------------------
 Iter    Rel. Residual           Reduction Factor
------------------------------------------------------
 0       3.627409e-01            -----
 1       4.031204e-02            0.1111
 2       5.735050e-03            0.1423
 3       1.833285e-03            0.3197
 4       2.508713e-04            0.1368
 5       3.037798e-05            0.1211
 6       7.549367e-06            0.2485
 7       1.533063e-06            0.2031
 8       2.779360e-07            0.1813
 9       5.032504e-08            0.1811
 10      9.112637e-09            0.1811
 11      1.613375e-09            0.1770
 12      2.820493e-10            0.1748
 13      4.962743e-11            0.1760
 14      8.750233e-12            0.1763
 15      1.507255e-12            0.1723
------------------------------------------------------
 Iterations:      16
 Final Rel. Res.: 1.507255e-12
 Asymptotic Rate: 0.174832 (Geom. Mean, last 4 iters)
======================================================

======================================================
  Refinement Level: 2
======================================================
 Mesh width (h):  4.9808e-02
 Total DOFs:      13959
 Spectral Radii:  1 1 0.25374
 GMRES Avg Iters: 13.00
------------------------------------------------------
  MG RESIDUAL DECAY
------------------------------------------------------
 Iter    Rel. Residual           Reduction Factor
------------------------------------------------------
 0       1.222916e-01            -----
 1       2.797354e-02            0.2287
 2       2.247109e-03            0.0803
 3       4.017066e-04            0.1788
 4       9.497650e-05            0.2364
 5       1.101558e-05            0.1160
 6       1.127024e-06            0.1023
 7       2.489026e-07            0.2208
 8       6.000304e-08            0.2411
 9       1.750397e-08            0.2917
 10      5.169183e-09            0.2953
 11      1.408246e-09            0.2724
 12      3.676623e-10            0.2611
 13      9.497125e-11            0.2583
 14      2.441736e-11            0.2571
 15      6.247950e-12            0.2559
------------------------------------------------------
 Iterations:      16
 Final Rel. Res.: 6.247950e-12
 Asymptotic Rate: 0.257097 (Geom. Mean, last 4 iters)
======================================================

======================================================
  Refinement Level: 3
======================================================
 Mesh width (h):  2.4904e-02
 Total DOFs:      55375
 Spectral Radii:  1 1 0.258525
 GMRES Avg Iters: 13.00
------------------------------------------------------
  MG RESIDUAL DECAY
------------------------------------------------------
 Iter    Rel. Residual           Reduction Factor
------------------------------------------------------
 0       1.028515e-01            -----
 1       1.487781e-02            0.1447
 2       1.846404e-03            0.1241
 3       3.355342e-04            0.1817
 4       3.955445e-05            0.1179
 5       6.238028e-06            0.1577
 6       1.119138e-06            0.1794
 7       2.026205e-07            0.1811
 8       4.704580e-08            0.2322
 9       1.206637e-08            0.2565
 10      2.906400e-09            0.2409
 11      6.899517e-10            0.2374
 12      1.667721e-10            0.2417
 13      4.046821e-11            0.2427
 14      9.797022e-12            0.2421
 15      2.380687e-12            0.2430
------------------------------------------------------
 Iterations:      16
 Final Rel. Res.: 2.380687e-12
 Asymptotic Rate: 0.242583 (Geom. Mean, last 4 iters)
======================================================

======================================================
  Refinement Level: 4
======================================================
 Mesh width (h):  1.2452e-02
 Total DOFs:      220575
 Spectral Radii:  1 1 0.260226
 GMRES Avg Iters: 14.00
------------------------------------------------------
  MG RESIDUAL DECAY
------------------------------------------------------
 Iter    Rel. Residual           Reduction Factor
------------------------------------------------------
 0       9.764729e-02            -----
 1       1.330134e-02            0.1362
 2       1.671766e-03            0.1257
 3       2.374239e-04            0.1420
 4       3.362442e-05            0.1416
 5       5.368246e-06            0.1597
 6       9.178378e-07            0.1710
 7       1.630609e-07            0.1777
 8       3.287830e-08            0.2016
 9       7.265614e-09            0.2210
 10      1.670988e-09            0.2300
 11      3.940253e-10            0.2358
 12      9.485250e-11            0.2407
 13      2.309865e-11            0.2435
 14      5.659625e-12            0.2450
 15      1.393053e-12            0.2461
------------------------------------------------------
 Iterations:      16
 Final Rel. Res.: 1.393053e-12
 Asymptotic Rate: 0.244891 (Geom. Mean, last 4 iters)
======================================================

======================================================
  Refinement Level: 5
======================================================
 Mesh width (h):  6.2260e-03
 Total DOFs:      880447
 Spectral Radii:  1 1 0.260678
 GMRES Avg Iters: 14.00
------------------------------------------------------
  MG RESIDUAL DECAY
------------------------------------------------------
 Iter    Rel. Residual           Reduction Factor
------------------------------------------------------
 0       9.585216e-02            -----
 1       1.265235e-02            0.1320
 2       1.587560e-03            0.1255
 3       2.170341e-04            0.1367
 4       3.140550e-05            0.1447
 5       4.875414e-06            0.1552
 6       8.308424e-07            0.1704
 7       1.577920e-07            0.1899
 8       3.299149e-08            0.2091
 9       7.397086e-09            0.2242
 10      1.731691e-09            0.2341
 11      4.154452e-10            0.2399
 12      1.010254e-10            0.2432
 13      2.476720e-11            0.2452
 14      6.106416e-12            0.2466
 15      1.511856e-12            0.2476
------------------------------------------------------
 Iterations:      16
 Final Rel. Res.: 1.511856e-12
 Asymptotic Rate: 0.246430 (Geom. Mean, last 4 iters)
======================================================

======================================================
  Refinement Level: 6
======================================================
 Mesh width (h):  3.1130e-03
 Total DOFs:      3518079
 Spectral Radii:  1 1 0.260679
 GMRES Avg Iters: 14.00
------------------------------------------------------
  MG RESIDUAL DECAY
------------------------------------------------------
 Iter    Rel. Residual           Reduction Factor
------------------------------------------------------
 0       9.441118e-02            -----
 1       1.227368e-02            0.1300
 2       1.546019e-03            0.1260
 3       2.096884e-04            0.1356
 4       3.035437e-05            0.1448
 5       4.713337e-06            0.1553
 6       8.045950e-07            0.1707
 7       1.538558e-07            0.1912
 8       3.244355e-08            0.2109
 9       7.323897e-09            0.2257
 10      1.720150e-09            0.2349
 11      4.130127e-10            0.2401
 12      1.004511e-10            0.2432
 13      2.462876e-11            0.2452
 14      6.071943e-12            0.2465
 15      1.503142e-12            0.2476
------------------------------------------------------
 Iterations:      16
 Final Rel. Res.: 1.503142e-12
 Asymptotic Rate: 0.246423 (Geom. Mean, last 4 iters)
======================================================

