Device configuration: omp,cpu
Memory configuration: host-std
Loaded config: /cluster/home/rdabetic/decmg/configs/dirac3d_3d_hole_void_rowsum_w.json
=================================================
  Multigrid Convergence Test Configuration
=================================================
 Problem Type:    dirac3d
 Mesh File:       meshes/3d/hole_void.msh
 Output File:     out/rowsum/w/dirac/3d/hole_void.csv
 MG Cycle Type:   W-Cycle
 Mass Lumping:    rowsum
 B-Conditions:    essential
 Max Refinement:  5
 Eigenvalues:     3 (Tol: 0.01)
 GMRES Benchmark: 8 runs (Tol: 1e-06, K-Dim: 20)
=================================================

======================================================
  Refinement Level: 1
======================================================
 Mesh width (h):  1.5811e+00
 Total DOFs:      4305
 Spectral Radii:  1 1 0.655571
 GMRES Avg Iters: 26.50
------------------------------------------------------
  MG RESIDUAL DECAY
------------------------------------------------------
 Iter    Rel. Residual           Reduction Factor
------------------------------------------------------
 0       7.722013e-02            -----
 1       2.165165e-02            0.2804
 2       8.253974e-03            0.3812
 3       3.648080e-03            0.4420
 4       1.708857e-03            0.4684
 5       8.399972e-04            0.4916
 6       4.285466e-04            0.5102
 7       2.252172e-04            0.5255
 8       1.211103e-04            0.5377
 9       6.628063e-05            0.5473
 10      3.676963e-05            0.5548
 11      2.062093e-05            0.5608
 12      1.167028e-05            0.5659
 13      6.658015e-06            0.5705
 14      3.826871e-06            0.5748
 15      2.215497e-06            0.5789
------------------------------------------------------
 Iterations:      16
 Final Rel. Res.: 2.215497e-06
 Asymptotic Rate: 0.574729 (Geom. Mean, last 4 iters)
======================================================

======================================================
  Refinement Level: 2
======================================================
 Mesh width (h):  7.9057e-01
 Total DOFs:      32449
 Spectral Radii:  1 1 0.71741
 GMRES Avg Iters: 27.12
------------------------------------------------------
  MG RESIDUAL DECAY
------------------------------------------------------
 Iter    Rel. Residual           Reduction Factor
------------------------------------------------------
 0       8.081265e-02            -----
 1       1.909176e-02            0.2362
 2       6.704800e-03            0.3512
 3       2.985877e-03            0.4453
 4       1.503413e-03            0.5035
 5       8.143048e-04            0.5416
 6       4.620933e-04            0.5675
 7       2.709234e-04            0.5863
 8       1.626899e-04            0.6005
 9       9.952147e-05            0.6117
 10      6.182541e-05            0.6212
 11      3.894109e-05            0.6299
 12      2.484807e-05            0.6381
 13      1.605568e-05            0.6462
 14      1.050151e-05            0.6541
 15      6.949499e-06            0.6618
------------------------------------------------------
 Iterations:      16
 Final Rel. Res.: 6.949499e-06
 Asymptotic Rate: 0.653964 (Geom. Mean, last 4 iters)
======================================================

======================================================
  Refinement Level: 3
======================================================
 Mesh width (h):  3.9528e-01
 Total DOFs:      251777
 Spectral Radii:  1 1 0.722019
 GMRES Avg Iters: 26.75
------------------------------------------------------
  MG RESIDUAL DECAY
------------------------------------------------------
 Iter    Rel. Residual           Reduction Factor
------------------------------------------------------
 0       1.072288e-01            -----
 1       3.631109e-02            0.3386
 2       1.071328e-02            0.2950
 3       5.075157e-03            0.4737
 4       2.839747e-03            0.5595
 5       1.695300e-03            0.5970
 6       1.049932e-03            0.6193
 7       6.666947e-04            0.6350
 8       4.310928e-04            0.6466
 9       2.826068e-04            0.6556
 10      1.872636e-04            0.6626
 11      1.251562e-04            0.6683
 12      8.423708e-05            0.6731
 13      5.703023e-05            0.6770
 14      3.880436e-05            0.6804
 15      2.651802e-05            0.6834
------------------------------------------------------
 Iterations:      16
 Final Rel. Res.: 2.651802e-05
 Asymptotic Rate: 0.680267 (Geom. Mean, last 4 iters)
======================================================

======================================================
  Refinement Level: 4
======================================================
 Mesh width (h):  1.9764e-01
 Total DOFs:      1983233
 Spectral Radii:  1 1 0.76586
 GMRES Avg Iters: 27.00
------------------------------------------------------
  MG RESIDUAL DECAY
------------------------------------------------------
 Iter    Rel. Residual           Reduction Factor
------------------------------------------------------
 0       3.240316e-01            -----
 1       1.359841e-01            0.4197
 2       4.149337e-02            0.3051
 3       1.917723e-02            0.4622
 4       1.068718e-02            0.5573
 5       6.477756e-03            0.6061
 6       4.099490e-03            0.6329
 7       2.665550e-03            0.6502
 8       1.767066e-03            0.6629
 9       1.188959e-03            0.6728
 10      8.095578e-04            0.6809
 11      5.566992e-04            0.6877
 12      3.860712e-04            0.6935
 13      2.697355e-04            0.6987
 14      1.897110e-04            0.7033
 15      1.342343e-04            0.7076
------------------------------------------------------
 Iterations:      16
 Final Rel. Res.: 1.342343e-04
 Asymptotic Rate: 0.703178 (Geom. Mean, last 4 iters)
======================================================

======================================================
  Refinement Level: 5
======================================================
 Mesh width (h):  9.8821e-02
 Total DOFs:      15742465
 Spectral Radii:  1 1 0.786478
 GMRES Avg Iters: 28.00
------------------------------------------------------
  MG RESIDUAL DECAY
------------------------------------------------------
 Iter    Rel. Residual           Reduction Factor
------------------------------------------------------
 0       1.279102e+00            -----
 1       5.430962e-01            0.4246
 2       1.623952e-01            0.2990
 3       7.416437e-02            0.4567
 4       4.137091e-02            0.5578
 5       2.532428e-02            0.6121
 6       1.630796e-02            0.6440
 7       1.084712e-02            0.6651
 8       7.383110e-03            0.6807
 9       5.114252e-03            0.6927
 10      3.592226e-03            0.7024
 11      2.551840e-03            0.7104
 12      1.829783e-03            0.7170
 13      1.322326e-03            0.7227
 14      9.619332e-04            0.7275
 15      7.037151e-04            0.7316
------------------------------------------------------
 Iterations:      16
 Final Rel. Res.: 7.037151e-04
 Asymptotic Rate: 0.727220 (Geom. Mean, last 4 iters)
======================================================

