Device configuration: omp,cpu
Memory configuration: host-std
Loaded config: /cluster/home/rdabetic/decmg/configs/dirac3d_3d_corner_barycentric_w.json
=================================================
  Multigrid Convergence Test Configuration
=================================================
 Problem Type:    dirac3d
 Mesh File:       meshes/3d/corner.msh
 Output File:     out/barycentric/w/dirac/3d/corner.csv
 MG Cycle Type:   W-Cycle
 Mass Lumping:    barycentric
 B-Conditions:    essential
 Max Refinement:  5
 Eigenvalues:     1 (Tol: 0.01)
 GMRES Benchmark: 8 runs (Tol: 1e-06, K-Dim: 20)
=================================================

======================================================
  Refinement Level: 1
======================================================
 Mesh width (h):  5.0000e-01
 Total DOFs:      1481
 Spectral Radii:  0.515541
 GMRES Avg Iters: 14.62
------------------------------------------------------
  MG RESIDUAL DECAY
------------------------------------------------------
 Iter    Rel. Residual           Reduction Factor
------------------------------------------------------
 0       1.051147e-01            -----
 1       2.134596e-02            0.2031
 2       6.562997e-03            0.3075
 3       2.589073e-03            0.3945
 4       1.128278e-03            0.4358
 5       5.192208e-04            0.4602
 6       2.458650e-04            0.4735
 7       1.183388e-04            0.4813
 8       5.757016e-05            0.4865
 9       2.823068e-05            0.4904
 10      1.393113e-05            0.4935
 11      6.910589e-06            0.4961
 12      3.443187e-06            0.4982
 13      1.722071e-06            0.5001
 14      8.640926e-07            0.5018
 15      4.348019e-07            0.5032
------------------------------------------------------
 Iterations:      16
 Final Rel. Res.: 4.348019e-07
 Asymptotic Rate: 0.501699 (Geom. Mean, last 4 iters)
======================================================

======================================================
  Refinement Level: 2
======================================================
 Mesh width (h):  2.5000e-01
 Total DOFs:      10881
 Spectral Radii:  0.549185
 GMRES Avg Iters: 15.88
------------------------------------------------------
  MG RESIDUAL DECAY
------------------------------------------------------
 Iter    Rel. Residual           Reduction Factor
------------------------------------------------------
 0       1.235418e-01            -----
 1       3.348994e-02            0.2711
 2       9.764424e-03            0.2916
 3       3.742474e-03            0.3833
 4       1.615052e-03            0.4315
 5       7.361176e-04            0.4558
 6       3.458853e-04            0.4699
 7       1.663147e-04            0.4808
 8       8.141145e-05            0.4895
 9       4.046528e-05            0.4970
 10      2.038515e-05            0.5038
 11      1.039132e-05            0.5097
 12      5.350911e-06            0.5149
 13      2.778787e-06            0.5193
 14      1.452949e-06            0.5229
 15      7.637892e-07            0.5257
------------------------------------------------------
 Iterations:      16
 Final Rel. Res.: 7.637892e-07
 Asymptotic Rate: 0.522615 (Geom. Mean, last 4 iters)
======================================================

======================================================
  Refinement Level: 3
======================================================
 Mesh width (h):  1.2500e-01
 Total DOFs:      83393
 Spectral Radii:  0.573851
 GMRES Avg Iters: 16.50
------------------------------------------------------
  MG RESIDUAL DECAY
------------------------------------------------------
 Iter    Rel. Residual           Reduction Factor
------------------------------------------------------
 0       3.226317e-01            -----
 1       1.123871e-01            0.3483
 2       2.405070e-02            0.2140
 3       8.474368e-03            0.3524
 4       3.841315e-03            0.4533
 5       1.837770e-03            0.4784
 6       9.060017e-04            0.4930
 7       4.564052e-04            0.5038
 8       2.338858e-04            0.5125
 9       1.215010e-04            0.5195
 10      6.380088e-05            0.5251
 11      3.379032e-05            0.5296
 12      1.802154e-05            0.5333
 13      9.668175e-06            0.5365
 14      5.213238e-06            0.5392
 15      2.823756e-06            0.5417
------------------------------------------------------
 Iterations:      16
 Final Rel. Res.: 2.823756e-06
 Asymptotic Rate: 0.539111 (Geom. Mean, last 4 iters)
======================================================

======================================================
  Refinement Level: 4
======================================================
 Mesh width (h):  6.2500e-02
 Total DOFs:      652929
 Spectral Radii:  0.601352
 GMRES Avg Iters: 17.00
------------------------------------------------------
  MG RESIDUAL DECAY
------------------------------------------------------
 Iter    Rel. Residual           Reduction Factor
------------------------------------------------------
 0       1.150083e+00            -----
 1       4.443074e-01            0.3863
 2       9.905886e-02            0.2230
 3       3.511221e-02            0.3545
 4       1.562359e-02            0.4450
 5       7.438619e-03            0.4761
 6       3.667722e-03            0.4931
 7       1.843959e-03            0.5028
 8       9.401795e-04            0.5099
 9       4.847192e-04            0.5156
 10      2.523121e-04            0.5205
 11      1.324706e-04            0.5250
 12      7.010159e-05            0.5292
 13      3.736999e-05            0.5331
 14      2.005892e-05            0.5368
 15      1.083712e-05            0.5403
------------------------------------------------------
 Iterations:      16
 Final Rel. Res.: 1.083712e-05
 Asymptotic Rate: 0.536696 (Geom. Mean, last 4 iters)
======================================================

======================================================
  Refinement Level: 5
======================================================
 Mesh width (h):  3.1250e-02
 Total DOFs:      5167361
 Spectral Radii:  0.615682
 GMRES Avg Iters: 17.00
------------------------------------------------------
  MG RESIDUAL DECAY
------------------------------------------------------
 Iter    Rel. Residual           Reduction Factor
------------------------------------------------------
 0       4.698115e+00            -----
 1       1.812638e+00            0.3858
 2       3.878307e-01            0.2140
 3       1.342019e-01            0.3460
 4       5.907954e-02            0.4402
 5       2.794161e-02            0.4729
 6       1.367553e-02            0.4894
 7       6.850788e-03            0.5010
 8       3.490112e-03            0.5094
 9       1.801446e-03            0.5162
 10      9.397419e-04            0.5217
 11      4.946279e-04            0.5263
 12      2.623775e-04            0.5305
 13      1.401516e-04            0.5342
 14      7.534310e-05            0.5376
 15      4.074627e-05            0.5408
------------------------------------------------------
 Iterations:      16
 Final Rel. Res.: 4.074627e-05
 Asymptotic Rate: 0.537511 (Geom. Mean, last 4 iters)
======================================================

