Device configuration: omp,cpu
Memory configuration: host-std
Loaded config: /cluster/home/rdabetic/decmg/configs/dirac2d_2d_square_centered_barycentric_v.json
=================================================
  Multigrid Convergence Test Configuration
=================================================
 Problem Type:    dirac2d
 Mesh File:       meshes/2d/square_centered.msh
 Output File:     out/barycentric/v/dirac/2d/square_centered.csv
 MG Cycle Type:   V-Cycle
 Mass Lumping:    barycentric
 B-Conditions:    essential
 Max Refinement:  6
 Eigenvalues:     1 (Tol: 0.01)
 GMRES Benchmark: 8 runs (Tol: 1e-06, K-Dim: 20)
=================================================


Gmsh reader: all element attributes were zero.
MFEM only supports positive element attributes.
Setting element attributes to 1.

======================================================
  Refinement Level: 1
======================================================
 Mesh width (h):  1.9875e-01
 Total DOFs:      361
 Spectral Radii:  0.297072
 GMRES Avg Iters: 8.12
------------------------------------------------------
  MG RESIDUAL DECAY
------------------------------------------------------
 Iter    Rel. Residual           Reduction Factor
------------------------------------------------------
 0       9.546588e-02            -----
 1       1.420020e-02            0.1487
 2       2.722025e-03            0.1917
 3       6.126598e-04            0.2251
 4       1.504612e-04            0.2456
 5       3.670911e-05            0.2440
 6       8.987169e-06            0.2448
 7       2.323652e-06            0.2586
 8       6.517381e-07            0.2805
 9       1.938119e-07            0.2974
 10      5.855563e-08            0.3021
 11      1.739331e-08            0.2970
 12      4.998713e-09            0.2874
 13      1.386269e-09            0.2773
 14      3.751399e-10            0.2706
 15      1.021801e-10            0.2724
------------------------------------------------------
 Iterations:      16
 Final Rel. Res.: 1.021801e-10
 Asymptotic Rate: 0.273424 (Geom. Mean, last 4 iters)
======================================================

======================================================
  Refinement Level: 2
======================================================
 Mesh width (h):  9.9376e-02
 Total DOFs:      1393
 Spectral Radii:  0.341527
 GMRES Avg Iters: 9.00
------------------------------------------------------
  MG RESIDUAL DECAY
------------------------------------------------------
 Iter    Rel. Residual           Reduction Factor
------------------------------------------------------
 0       1.238775e-01            -----
 1       2.079690e-02            0.1679
 2       4.151036e-03            0.1996
 3       1.037503e-03            0.2499
 4       2.608658e-04            0.2514
 5       6.992279e-05            0.2680
 6       1.993562e-05            0.2851
 7       5.920975e-06            0.2970
 8       1.794034e-06            0.3030
 9       5.486035e-07            0.3058
 10      1.689384e-07            0.3079
 11      5.265161e-08            0.3117
 12      1.672717e-08            0.3177
 13      5.433805e-09            0.3248
 14      1.799206e-09            0.3311
 15      6.026544e-10            0.3350
------------------------------------------------------
 Iterations:      16
 Final Rel. Res.: 6.026544e-10
 Asymptotic Rate: 0.330280 (Geom. Mean, last 4 iters)
======================================================

======================================================
  Refinement Level: 3
======================================================
 Mesh width (h):  4.9688e-02
 Total DOFs:      5473
 Spectral Radii:  0.360443
 GMRES Avg Iters: 9.00
------------------------------------------------------
  MG RESIDUAL DECAY
------------------------------------------------------
 Iter    Rel. Residual           Reduction Factor
------------------------------------------------------
 0       1.373154e-01            -----
 1       2.231331e-02            0.1625
 2       4.421907e-03            0.1982
 3       1.035784e-03            0.2342
 4       2.798131e-04            0.2701
 5       8.023189e-05            0.2867
 6       2.388492e-05            0.2977
 7       7.310072e-06            0.3061
 8       2.288274e-06            0.3130
 9       7.335468e-07            0.3206
 10      2.401442e-07            0.3274
 11      7.987791e-08            0.3326
 12      2.686078e-08            0.3363
 13      9.091548e-09            0.3385
 14      3.085923e-09            0.3394
 15      1.047369e-09            0.3394
------------------------------------------------------
 Iterations:      16
 Final Rel. Res.: 1.047369e-09
 Asymptotic Rate: 0.339099 (Geom. Mean, last 4 iters)
======================================================

======================================================
  Refinement Level: 4
======================================================
 Mesh width (h):  2.4844e-02
 Total DOFs:      21697
 Spectral Radii:  0.377793
 GMRES Avg Iters: 10.00
------------------------------------------------------
  MG RESIDUAL DECAY
------------------------------------------------------
 Iter    Rel. Residual           Reduction Factor
------------------------------------------------------
 0       1.307519e-01            -----
 1       2.098987e-02            0.1605
 2       3.934998e-03            0.1875
 3       9.474081e-04            0.2408
 4       2.640644e-04            0.2787
 5       7.790402e-05            0.2950
 6       2.404877e-05            0.3087
 7       7.701993e-06            0.3203
 8       2.534216e-06            0.3290
 9       8.521955e-07            0.3363
 10      2.917503e-07            0.3424
 11      1.013409e-07            0.3474
 12      3.561092e-08            0.3514
 13      1.263131e-08            0.3547
 14      4.516198e-09            0.3575
 15      1.626168e-09            0.3601
------------------------------------------------------
 Iterations:      16
 Final Rel. Res.: 1.626168e-09
 Asymptotic Rate: 0.357433 (Geom. Mean, last 4 iters)
======================================================

======================================================
  Refinement Level: 5
======================================================
 Mesh width (h):  1.2422e-02
 Total DOFs:      86401
 Spectral Radii:  0.396981
 GMRES Avg Iters: 10.00
------------------------------------------------------
  MG RESIDUAL DECAY
------------------------------------------------------
 Iter    Rel. Residual           Reduction Factor
------------------------------------------------------
 0       1.302573e-01            -----
 1       2.104712e-02            0.1616
 2       3.982954e-03            0.1892
 3       9.892426e-04            0.2484
 4       2.786497e-04            0.2817
 5       8.226826e-05            0.2952
 6       2.552535e-05            0.3103
 7       8.257746e-06            0.3235
 8       2.763028e-06            0.3346
 9       9.498702e-07            0.3438
 10      3.334579e-07            0.3511
 11      1.189295e-07            0.3567
 12      4.293091e-08            0.3610
 13      1.564392e-08            0.3644
 14      5.743825e-09            0.3672
 15      2.121974e-09            0.3694
------------------------------------------------------
 Iterations:      16
 Final Rel. Res.: 2.121974e-09
 Asymptotic Rate: 0.366992 (Geom. Mean, last 4 iters)
======================================================

======================================================
  Refinement Level: 6
======================================================
 Mesh width (h):  6.2110e-03
 Total DOFs:      344833
 Spectral Radii:  0.404991
 GMRES Avg Iters: 10.00
------------------------------------------------------
  MG RESIDUAL DECAY
------------------------------------------------------
 Iter    Rel. Residual           Reduction Factor
------------------------------------------------------
 0       1.308617e-01            -----
 1       2.050087e-02            0.1567
 2       3.817944e-03            0.1862
 3       9.346153e-04            0.2448
 4       2.606612e-04            0.2789
 5       7.745765e-05            0.2972
 6       2.446721e-05            0.3159
 7       8.089735e-06            0.3306
 8       2.765569e-06            0.3419
 9       9.697739e-07            0.3507
 10      3.465943e-07            0.3574
 11      1.257002e-07            0.3627
 12      4.612420e-08            0.3669
 13      1.708652e-08            0.3704
 14      6.379502e-09            0.3734
 15      2.397583e-09            0.3758
------------------------------------------------------
 Iterations:      16
 Final Rel. Res.: 2.397583e-09
 Asymptotic Rate: 0.373206 (Geom. Mean, last 4 iters)
======================================================

