Device configuration: omp,cpu
Memory configuration: host-std
Loaded config: /cluster/home/rdabetic/decmg/configs/dirac3d_3d_hole_void_rowsum_v.json
=================================================
  Multigrid Convergence Test Configuration
=================================================
 Problem Type:    dirac3d
 Mesh File:       meshes/3d/hole_void.msh
 Output File:     out/rowsum/v/dirac/3d/hole_void.csv
 MG Cycle Type:   V-Cycle
 Mass Lumping:    rowsum
 B-Conditions:    essential
 Max Refinement:  5
 Eigenvalues:     3 (Tol: 0.01)
 GMRES Benchmark: 8 runs (Tol: 1e-06, K-Dim: 20)
=================================================

======================================================
  Refinement Level: 1
======================================================
 Mesh width (h):  1.5811e+00
 Total DOFs:      4305
 Spectral Radii:  1 1 0.655571
 GMRES Avg Iters: 26.50
------------------------------------------------------
  MG RESIDUAL DECAY
------------------------------------------------------
 Iter    Rel. Residual           Reduction Factor
------------------------------------------------------
 0       7.722013e-02            -----
 1       2.165165e-02            0.2804
 2       8.253974e-03            0.3812
 3       3.648080e-03            0.4420
 4       1.708857e-03            0.4684
 5       8.399972e-04            0.4916
 6       4.285466e-04            0.5102
 7       2.252172e-04            0.5255
 8       1.211103e-04            0.5377
 9       6.628063e-05            0.5473
 10      3.676963e-05            0.5548
 11      2.062093e-05            0.5608
 12      1.167028e-05            0.5659
 13      6.658015e-06            0.5705
 14      3.826871e-06            0.5748
 15      2.215497e-06            0.5789
------------------------------------------------------
 Iterations:      16
 Final Rel. Res.: 2.215497e-06
 Asymptotic Rate: 0.574729 (Geom. Mean, last 4 iters)
======================================================

======================================================
  Refinement Level: 2
======================================================
 Mesh width (h):  7.9057e-01
 Total DOFs:      32449
 Spectral Radii:  1 1 0.725374
 GMRES Avg Iters: 27.38
------------------------------------------------------
  MG RESIDUAL DECAY
------------------------------------------------------
 Iter    Rel. Residual           Reduction Factor
------------------------------------------------------
 0       8.119226e-02            -----
 1       1.974018e-02            0.2431
 2       6.952211e-03            0.3522
 3       3.144295e-03            0.4523
 4       1.604940e-03            0.5104
 5       8.799083e-04            0.5483
 6       5.062186e-04            0.5753
 7       3.021673e-04            0.5969
 8       1.856621e-04            0.6144
 9       1.168019e-04            0.6291
 10      7.497441e-05            0.6419
 11      4.898651e-05            0.6534
 12      3.251875e-05            0.6638
 13      2.189569e-05            0.6733
 14      1.492933e-05            0.6818
 15      1.029136e-05            0.6893
------------------------------------------------------
 Iterations:      16
 Final Rel. Res.: 1.029136e-05
 Asymptotic Rate: 0.681469 (Geom. Mean, last 4 iters)
======================================================

======================================================
  Refinement Level: 3
======================================================
 Mesh width (h):  3.9528e-01
 Total DOFs:      251777
 Spectral Radii:  1 1 0.737197
 GMRES Avg Iters: 27.00
------------------------------------------------------
  MG RESIDUAL DECAY
------------------------------------------------------
 Iter    Rel. Residual           Reduction Factor
------------------------------------------------------
 0       1.078190e-01            -----
 1       3.557287e-02            0.3299
 2       1.124673e-02            0.3162
 3       5.344160e-03            0.4752
 4       3.025026e-03            0.5660
 5       1.828175e-03            0.6044
 6       1.143580e-03            0.6255
 7       7.322157e-04            0.6403
 8       4.773845e-04            0.6520
 9       3.157873e-04            0.6615
 10      2.113733e-04            0.6694
 11      1.428620e-04            0.6759
 12      9.733672e-05            0.6813
 13      6.676787e-05            0.6859
 14      4.606249e-05            0.6899
 15      3.193493e-05            0.6933
------------------------------------------------------
 Iterations:      16
 Final Rel. Res.: 3.193493e-05
 Asymptotic Rate: 0.689705 (Geom. Mean, last 4 iters)
======================================================

======================================================
  Refinement Level: 4
======================================================
 Mesh width (h):  1.9764e-01
 Total DOFs:      1983233
 Spectral Radii:  1 1 0.769655
 GMRES Avg Iters: 28.00
------------------------------------------------------
  MG RESIDUAL DECAY
------------------------------------------------------
 Iter    Rel. Residual           Reduction Factor
------------------------------------------------------
 0       3.318443e-01            -----
 1       1.374159e-01            0.4141
 2       4.360598e-02            0.3173
 3       2.060045e-02            0.4724
 4       1.160035e-02            0.5631
 5       7.076079e-03            0.6100
 6       4.510492e-03            0.6374
 7       2.954362e-03            0.6550
 8       1.973017e-03            0.6678
 9       1.337500e-03            0.6779
 10      9.177595e-04            0.6862
 11      6.361873e-04            0.6932
 12      4.448843e-04            0.6993
 13      3.135143e-04            0.7047
 14      2.224666e-04            0.7096
 15      1.588511e-04            0.7140
------------------------------------------------------
 Iterations:      16
 Final Rel. Res.: 1.588511e-04
 Asymptotic Rate: 0.709438 (Geom. Mean, last 4 iters)
======================================================

======================================================
  Refinement Level: 5
======================================================
 Mesh width (h):  9.8821e-02
 Total DOFs:      15742465
 Spectral Radii:  1 1 0.791223
 GMRES Avg Iters: 29.00
------------------------------------------------------
  MG RESIDUAL DECAY
------------------------------------------------------
 Iter    Rel. Residual           Reduction Factor
------------------------------------------------------
 0       1.316548e+00            -----
 1       5.468548e-01            0.4154
 2       1.721156e-01            0.3147
 3       8.019715e-02            0.4659
 4       4.510260e-02            0.5624
 5       2.781820e-02            0.6168
 6       1.809420e-02            0.6504
 7       1.217199e-02            0.6727
 8       8.381526e-03            0.6886
 9       5.872498e-03            0.7006
 10      4.170834e-03            0.7102
 11      2.994949e-03            0.7181
 12      2.170147e-03            0.7246
 13      1.584467e-03            0.7301
 14      1.164317e-03            0.7348
 15      8.603053e-04            0.7389
------------------------------------------------------
 Iterations:      16
 Final Rel. Res.: 8.603053e-04
 Asymptotic Rate: 0.734606 (Geom. Mean, last 4 iters)
======================================================

