Device configuration: omp,cpu
Memory configuration: host-std
Loaded config: /cluster/home/rdabetic/decmg/configs/dirac3d_3d_corner_structured_barycentric_v.json
=================================================
  Multigrid Convergence Test Configuration
=================================================
 Problem Type:    dirac3d
 Mesh File:       meshes/3d/corner_structured.msh
 Output File:     out/barycentric/v/dirac/3d/corner_structured.csv
 MG Cycle Type:   V-Cycle
 Mass Lumping:    barycentric
 B-Conditions:    essential
 Max Refinement:  5
 Eigenvalues:     1 (Tol: 0.01)
 GMRES Benchmark: 8 runs (Tol: 1e-06, K-Dim: 20)
=================================================

======================================================
  Refinement Level: 1
======================================================
 Mesh width (h):  4.3301e-01
 Total DOFs:      12849
 Spectral Radii:  0.538128
 GMRES Avg Iters: 16.00
------------------------------------------------------
  MG RESIDUAL DECAY
------------------------------------------------------
 Iter    Rel. Residual           Reduction Factor
------------------------------------------------------
 0       1.325722e-01            -----
 1       2.872733e-02            0.2167
 2       9.216732e-03            0.3208
 3       3.514252e-03            0.3813
 4       1.427012e-03            0.4061
 5       6.094576e-04            0.4271
 6       2.723349e-04            0.4468
 7       1.264251e-04            0.4642
 8       6.033108e-05            0.4772
 9       2.932923e-05            0.4861
 10      1.443968e-05            0.4923
 11      7.176107e-06            0.4970
 12      3.594040e-06            0.5008
 13      1.812608e-06            0.5043
 14      9.202188e-07            0.5077
 15      4.701634e-07            0.5109
------------------------------------------------------
 Iterations:      16
 Final Rel. Res.: 4.701634e-07
 Asymptotic Rate: 0.507639 (Geom. Mean, last 4 iters)
======================================================

======================================================
  Refinement Level: 2
======================================================
 Mesh width (h):  2.1651e-01
 Total DOFs:      97889
 Spectral Radii:  0.558697
 GMRES Avg Iters: 16.00
------------------------------------------------------
  MG RESIDUAL DECAY
------------------------------------------------------
 Iter    Rel. Residual           Reduction Factor
------------------------------------------------------
 0       1.328005e-01            -----
 1       3.203918e-02            0.2413
 2       9.475681e-03            0.2958
 3       3.520788e-03            0.3716
 4       1.494242e-03            0.4244
 5       6.701393e-04            0.4485
 6       3.149313e-04            0.4699
 7       1.523278e-04            0.4837
 8       7.520430e-05            0.4937
 9       3.764206e-05            0.5005
 10      1.903416e-05            0.5057
 11      9.700691e-06            0.5096
 12      4.975702e-06            0.5129
 13      2.565982e-06            0.5157
 14      1.329507e-06            0.5181
 15      6.917203e-07            0.5203
------------------------------------------------------
 Iterations:      16
 Final Rel. Res.: 6.917203e-07
 Asymptotic Rate: 0.518035 (Geom. Mean, last 4 iters)
======================================================

======================================================
  Refinement Level: 3
======================================================
 Mesh width (h):  1.0825e-01
 Total DOFs:      764097
 Spectral Radii:  0.574066
 GMRES Avg Iters: 16.00
------------------------------------------------------
  MG RESIDUAL DECAY
------------------------------------------------------
 Iter    Rel. Residual           Reduction Factor
------------------------------------------------------
 0       2.385247e-01            -----
 1       8.608280e-02            0.3609
 2       2.071268e-02            0.2406
 3       7.376431e-03            0.3561
 4       3.201206e-03            0.4340
 5       1.499716e-03            0.4685
 6       7.298051e-04            0.4866
 7       3.631574e-04            0.4976
 8       1.834753e-04            0.5052
 9       9.379356e-05            0.5112
 10      4.843385e-05            0.5164
 11      2.523647e-05            0.5211
 12      1.325638e-05            0.5253
 13      7.014352e-06            0.5291
 14      3.735827e-06            0.5326
 15      2.001347e-06            0.5357
------------------------------------------------------
 Iterations:      16
 Final Rel. Res.: 2.001347e-06
 Asymptotic Rate: 0.532475 (Geom. Mean, last 4 iters)
======================================================

======================================================
  Refinement Level: 4
======================================================
 Mesh width (h):  5.4127e-02
 Total DOFs:      6037889
 Spectral Radii:  0.596479
 GMRES Avg Iters: 16.00
------------------------------------------------------
  MG RESIDUAL DECAY
------------------------------------------------------
 Iter    Rel. Residual           Reduction Factor
------------------------------------------------------
 0       8.406717e-01            -----
 1       3.240826e-01            0.3855
 2       7.376650e-02            0.2276
 3       2.570283e-02            0.3484
 4       1.111751e-02            0.4325
 5       5.198912e-03            0.4676
 6       2.511908e-03            0.4832
 7       1.241193e-03            0.4941
 8       6.233027e-04            0.5022
 9       3.175746e-04            0.5095
 10      1.639536e-04            0.5163
 11      8.572037e-05            0.5228
 12      4.535862e-05            0.5291
 13      2.427552e-05            0.5352
 14      1.313006e-05            0.5409
 15      7.170874e-06            0.5461
------------------------------------------------------
 Iterations:      16
 Final Rel. Res.: 7.170874e-06
 Asymptotic Rate: 0.540718 (Geom. Mean, last 4 iters)
======================================================

======================================================
  Refinement Level: 5
======================================================
 Mesh width (h):  2.7063e-02
 Total DOFs:      48005889
 Spectral Radii:  0.615132
 GMRES Avg Iters: 16.00
------------------------------------------------------
  MG RESIDUAL DECAY
------------------------------------------------------
 Iter    Rel. Residual           Reduction Factor
------------------------------------------------------
 0       3.283307e+00            -----
 1       1.277806e+00            0.3892
 2       2.856332e-01            0.2235
 3       9.907615e-02            0.3469
 4       4.280717e-02            0.4321
 5       1.989416e-02            0.4647
 6       9.524803e-03            0.4788
 7       4.646913e-03            0.4879
 8       2.296968e-03            0.4943
 9       1.147386e-03            0.4995
 10      5.782370e-04            0.5040
 11      2.937042e-04            0.5079
 12      1.502590e-04            0.5116
 13      7.739660e-05            0.5151
 14      4.012934e-05            0.5185
 15      2.094249e-05            0.5219
------------------------------------------------------
 Iterations:      16
 Final Rel. Res.: 2.094249e-05
 Asymptotic Rate: 0.518477 (Geom. Mean, last 4 iters)
======================================================

