Device configuration: omp,cpu
Memory configuration: host-std
Loaded config: /cluster/home/rdabetic/decmg/configs/dirac3d_3d_corner_structured_scaledid_w.json
=================================================
  Multigrid Convergence Test Configuration
=================================================
 Problem Type:    dirac3d
 Mesh File:       meshes/3d/corner_structured.msh
 Output File:     out/scaledid/w/dirac/3d/corner_structured.csv
 MG Cycle Type:   W-Cycle
 Mass Lumping:    scaledid
 B-Conditions:    essential
 Max Refinement:  5
 Eigenvalues:     1 (Tol: 0.01)
 GMRES Benchmark: 8 runs (Tol: 1e-06, K-Dim: 20)
=================================================

======================================================
  Refinement Level: 1
======================================================
 Mesh width (h):  4.3301e-01
 Total DOFs:      12849
 Spectral Radii:  0.478492
 GMRES Avg Iters: 17.00
------------------------------------------------------
  MG RESIDUAL DECAY
------------------------------------------------------
 Iter    Rel. Residual           Reduction Factor
------------------------------------------------------
 0       1.070564e-01            -----
 1       2.226187e-02            0.2079
 2       6.788927e-03            0.3050
 3       2.374417e-03            0.3497
 4       8.649510e-04            0.3643
 5       3.241778e-04            0.3748
 6       1.249269e-04            0.3854
 7       4.947654e-05            0.3960
 8       2.010170e-05            0.4063
 9       8.356515e-06            0.4157
 10      3.544090e-06            0.4241
 11      1.528931e-06            0.4314
 12      6.690477e-07            0.4376
 13      2.962145e-07            0.4427
 14      1.323943e-07            0.4470
 15      5.962510e-08            0.4504
------------------------------------------------------
 Iterations:      16
 Final Rel. Res.: 5.962510e-08
 Asymptotic Rate: 0.446674 (Geom. Mean, last 4 iters)
======================================================

======================================================
  Refinement Level: 2
======================================================
 Mesh width (h):  2.1651e-01
 Total DOFs:      97889
 Spectral Radii:  0.488227
 GMRES Avg Iters: 15.38
------------------------------------------------------
  MG RESIDUAL DECAY
------------------------------------------------------
 Iter    Rel. Residual           Reduction Factor
------------------------------------------------------
 0       1.066338e-01            -----
 1       2.415216e-02            0.2265
 2       6.410496e-03            0.2654
 3       2.176099e-03            0.3395
 4       8.092894e-04            0.3719
 5       3.134661e-04            0.3873
 6       1.249296e-04            0.3985
 7       5.090456e-05            0.4075
 8       2.111524e-05            0.4148
 9       8.889648e-06            0.4210
 10      3.790348e-06            0.4264
 11      1.634013e-06            0.4311
 12      7.112557e-07            0.4353
 13      3.122421e-07            0.4390
 14      1.381076e-07            0.4423
 15      6.149245e-08            0.4453
------------------------------------------------------
 Iterations:      16
 Final Rel. Res.: 6.149245e-08
 Asymptotic Rate: 0.442180 (Geom. Mean, last 4 iters)
======================================================

======================================================
  Refinement Level: 3
======================================================
 Mesh width (h):  1.0825e-01
 Total DOFs:      764097
 Spectral Radii:  0.494229
 GMRES Avg Iters: 15.00
------------------------------------------------------
  MG RESIDUAL DECAY
------------------------------------------------------
 Iter    Rel. Residual           Reduction Factor
------------------------------------------------------
 0       1.790549e-01            -----
 1       6.382197e-02            0.3564
 2       1.374802e-02            0.2154
 3       4.315446e-03            0.3139
 4       1.599603e-03            0.3707
 5       6.272978e-04            0.3922
 6       2.545900e-04            0.4059
 7       1.059025e-04            0.4160
 8       4.485823e-05            0.4236
 9       1.926816e-05            0.4295
 10      8.371268e-06            0.4345
 11      3.672755e-06            0.4387
 12      1.625414e-06            0.4426
 13      7.250279e-07            0.4461
 14      3.257492e-07            0.4493
 15      1.473372e-07            0.4523
------------------------------------------------------
 Iterations:      16
 Final Rel. Res.: 1.473372e-07
 Asymptotic Rate: 0.449210 (Geom. Mean, last 4 iters)
======================================================

======================================================
  Refinement Level: 4
======================================================
 Mesh width (h):  5.4127e-02
 Total DOFs:      6037889
 Spectral Radii:  0.515691
 GMRES Avg Iters: 15.00
------------------------------------------------------
  MG RESIDUAL DECAY
------------------------------------------------------
 Iter    Rel. Residual           Reduction Factor
------------------------------------------------------
 0       6.266491e-01            -----
 1       2.400330e-01            0.3830
 2       4.818461e-02            0.2007
 3       1.466186e-02            0.3043
 4       5.413736e-03            0.3692
 5       2.121434e-03            0.3919
 6       8.588897e-04            0.4049
 7       3.551570e-04            0.4135
 8       1.490559e-04            0.4197
 9       6.325901e-05            0.4244
 10      2.708898e-05            0.4282
 11      1.168921e-05            0.4315
 12      5.078513e-06            0.4345
 13      2.220262e-06            0.4372
 14      9.763780e-07            0.4398
 15      4.317700e-07            0.4422
------------------------------------------------------
 Iterations:      16
 Final Rel. Res.: 4.317700e-07
 Asymptotic Rate: 0.439716 (Geom. Mean, last 4 iters)
======================================================

======================================================
  Refinement Level: 5
======================================================
 Mesh width (h):  2.7063e-02
 Total DOFs:      48005889
 Spectral Radii:  0.527785
 GMRES Avg Iters: 15.00
------------------------------------------------------
  MG RESIDUAL DECAY
------------------------------------------------------
 Iter    Rel. Residual           Reduction Factor
------------------------------------------------------
 0       2.517206e+00            -----
 1       9.548627e-01            0.3793
 2       1.878844e-01            0.1968
 3       5.700118e-02            0.3034
 4       2.089937e-02            0.3666
 5       8.112279e-03            0.3882
 6       3.250294e-03            0.4007
 7       1.330376e-03            0.4093
 8       5.530704e-04            0.4157
 9       2.326602e-04            0.4207
 10      9.879267e-05            0.4246
 11      4.227297e-05            0.4279
 12      1.820687e-05            0.4307
 13      7.886530e-06            0.4332
 14      3.433623e-06            0.4354
 15      1.501880e-06            0.4374
------------------------------------------------------
 Iterations:      16
 Final Rel. Res.: 1.501880e-06
 Asymptotic Rate: 0.435311 (Geom. Mean, last 4 iters)
======================================================

