Device configuration: omp,cpu
Memory configuration: host-std
Loaded config: /cluster/home/rdabetic/decmg/configs/dirac2d_2d_two_holes_rowsum_v.json
=================================================
  Multigrid Convergence Test Configuration
=================================================
 Problem Type:    dirac2d
 Mesh File:       meshes/2d/two_holes.msh
 Output File:     out/rowsum/v/dirac/2d/two_holes.csv
 MG Cycle Type:   V-Cycle
 Mass Lumping:    rowsum
 B-Conditions:    essential
 Max Refinement:  6
 Eigenvalues:     3 (Tol: 0.01)
 GMRES Benchmark: 8 runs (Tol: 1e-06, K-Dim: 20)
=================================================


Gmsh reader: all element attributes were zero.
MFEM only supports positive element attributes.
Setting element attributes to 1.

======================================================
  Refinement Level: 1
======================================================
 Mesh width (h):  9.9615e-02
 Total DOFs:      3547
 Spectral Radii:  1 1 0.265376
 GMRES Avg Iters: 8.00
------------------------------------------------------
  MG RESIDUAL DECAY
------------------------------------------------------
 Iter    Rel. Residual           Reduction Factor
------------------------------------------------------
 0       2.870258e-01            -----
 1       2.578001e-02            0.0898
 2       3.901897e-03            0.1514
 3       1.550200e-03            0.3973
 4       2.237133e-04            0.1443
 5       1.789024e-05            0.0800
 6       1.941609e-06            0.1085
 7       4.112566e-07            0.2118
 8       6.275969e-08            0.1526
 9       1.406321e-08            0.2241
 10      4.522917e-09            0.3216
 11      1.369635e-09            0.3028
 12      3.861160e-10            0.2819
 13      1.041511e-10            0.2697
 14      2.742013e-11            0.2633
 15      7.135189e-12            0.2602
------------------------------------------------------
 Iterations:      16
 Final Rel. Res.: 7.135189e-12
 Asymptotic Rate: 0.264380 (Geom. Mean, last 4 iters)
======================================================

======================================================
  Refinement Level: 2
======================================================
 Mesh width (h):  4.9808e-02
 Total DOFs:      13959
 Spectral Radii:  1 1 0.314637
 GMRES Avg Iters: 8.00
------------------------------------------------------
  MG RESIDUAL DECAY
------------------------------------------------------
 Iter    Rel. Residual           Reduction Factor
------------------------------------------------------
 0       1.085148e-01            -----
 1       1.961136e-02            0.1807
 2       3.315131e-03            0.1690
 3       6.362705e-04            0.1919
 4       1.041519e-04            0.1637
 5       2.178275e-05            0.2091
 6       6.298022e-06            0.2891
 7       1.956262e-06            0.3106
 8       5.851148e-07            0.2991
 9       1.718928e-07            0.2938
 10      5.035971e-08            0.2930
 11      1.471584e-08            0.2922
 12      4.285817e-09            0.2912
 13      1.245587e-09            0.2906
 14      3.617996e-10            0.2905
 15      1.051418e-10            0.2906
------------------------------------------------------
 Iterations:      16
 Final Rel. Res.: 1.051418e-10
 Asymptotic Rate: 0.290568 (Geom. Mean, last 4 iters)
======================================================

======================================================
  Refinement Level: 3
======================================================
 Mesh width (h):  2.4904e-02
 Total DOFs:      55375
 Spectral Radii:  1 1 0.333789
 GMRES Avg Iters: 8.00
------------------------------------------------------
  MG RESIDUAL DECAY
------------------------------------------------------
 Iter    Rel. Residual           Reduction Factor
------------------------------------------------------
 0       1.007549e-01            -----
 1       1.415800e-02            0.1405
 2       2.101386e-03            0.1484
 3       6.937639e-04            0.3301
 4       1.794364e-04            0.2586
 5       4.065252e-05            0.2266
 6       9.772239e-06            0.2404
 7       2.481669e-06            0.2540
 8       6.363775e-07            0.2564
 9       1.639397e-07            0.2576
 10      4.267786e-08            0.2603
 11      1.121274e-08            0.2627
 12      2.968089e-09            0.2647
 13      7.933118e-10            0.2673
 14      2.149109e-10            0.2709
 15      5.920046e-11            0.2755
------------------------------------------------------
 Iterations:      16
 Final Rel. Res.: 5.920046e-11
 Asymptotic Rate: 0.271196 (Geom. Mean, last 4 iters)
======================================================

======================================================
  Refinement Level: 4
======================================================
 Mesh width (h):  1.2452e-02
 Total DOFs:      220575
 Spectral Radii:  1 1 0.345031
 GMRES Avg Iters: 9.00
------------------------------------------------------
  MG RESIDUAL DECAY
------------------------------------------------------
 Iter    Rel. Residual           Reduction Factor
------------------------------------------------------
 0       1.002443e-01            -----
 1       1.390110e-02            0.1387
 2       2.047351e-03            0.1473
 3       3.383140e-04            0.1652
 4       6.595862e-05            0.1950
 5       1.533039e-05            0.2324
 6       4.257519e-06            0.2777
 7       1.320375e-06            0.3101
 8       4.165759e-07            0.3155
 9       1.288441e-07            0.3093
 10      3.904823e-08            0.3031
 11      1.168104e-08            0.2991
 12      3.471816e-09            0.2972
 13      1.030491e-09            0.2968
 14      3.066716e-10            0.2976
 15      9.177884e-11            0.2993
------------------------------------------------------
 Iterations:      16
 Final Rel. Res.: 9.177884e-11
 Asymptotic Rate: 0.297894 (Geom. Mean, last 4 iters)
======================================================

======================================================
  Refinement Level: 5
======================================================
 Mesh width (h):  6.2260e-03
 Total DOFs:      880447
 Spectral Radii:  1 1 0.366705
 GMRES Avg Iters: 9.00
------------------------------------------------------
  MG RESIDUAL DECAY
------------------------------------------------------
 Iter    Rel. Residual           Reduction Factor
------------------------------------------------------
 0       1.007139e-01            -----
 1       1.375660e-02            0.1366
 2       1.969503e-03            0.1432
 3       3.311563e-04            0.1681
 4       6.425248e-05            0.1940
 5       1.409081e-05            0.2193
 6       3.486508e-06            0.2474
 7       9.254459e-07            0.2654
 8       2.546173e-07            0.2751
 9       7.248626e-08            0.2847
 10      2.148578e-08            0.2964
 11      6.624185e-09            0.3083
 12      2.109313e-09            0.3184
 13      6.880917e-10            0.3262
 14      2.284176e-10            0.3320
 15      7.679405e-11            0.3362
------------------------------------------------------
 Iterations:      16
 Final Rel. Res.: 7.679405e-11
 Asymptotic Rate: 0.331433 (Geom. Mean, last 4 iters)
======================================================

======================================================
  Refinement Level: 6
======================================================
 Mesh width (h):  3.1130e-03
 Total DOFs:      3518079
 Spectral Radii:  1 1 0.380713
 GMRES Avg Iters: 9.00
------------------------------------------------------
  MG RESIDUAL DECAY
------------------------------------------------------
 Iter    Rel. Residual           Reduction Factor
------------------------------------------------------
 0       1.004665e-01            -----
 1       1.362340e-02            0.1356
 2       1.938810e-03            0.1423
 3       3.260421e-04            0.1682
 4       6.397838e-05            0.1962
 5       1.409170e-05            0.2203
 6       3.472266e-06            0.2464
 7       9.427742e-07            0.2715
 8       2.772489e-07            0.2941
 9       8.659357e-08            0.3123
 10      2.821152e-08            0.3258
 11      9.464181e-09            0.3355
 12      3.242135e-09            0.3426
 13      1.128242e-09            0.3480
 14      3.975000e-10            0.3523
 15      1.414602e-10            0.3559
------------------------------------------------------
 Iterations:      16
 Final Rel. Res.: 1.414602e-10
 Asymptotic Rate: 0.352047 (Geom. Mean, last 4 iters)
======================================================

