Device configuration: omp,cpu
Memory configuration: host-std
Loaded config: /cluster/home/rdabetic/decmg/configs/dirac2d_2d_L_rowsum_w.json
=================================================
  Multigrid Convergence Test Configuration
=================================================
 Problem Type:    dirac2d
 Mesh File:       meshes/2d/L.msh
 Output File:     out/rowsum/w/dirac/2d/L.csv
 MG Cycle Type:   W-Cycle
 Mass Lumping:    rowsum
 B-Conditions:    essential
 Max Refinement:  6
 Eigenvalues:     1 (Tol: 0.01)
 GMRES Benchmark: 8 runs (Tol: 1e-06, K-Dim: 20)
=================================================


Gmsh reader: all element attributes were zero.
MFEM only supports positive element attributes.
Setting element attributes to 1.

======================================================
  Refinement Level: 1
======================================================
 Mesh width (h):  1.8352e-01
 Total DOFs:      293
 Spectral Radii:  0.243914
 GMRES Avg Iters: 8.00
------------------------------------------------------
  MG RESIDUAL DECAY
------------------------------------------------------
 Iter    Rel. Residual           Reduction Factor
------------------------------------------------------
 0       9.985260e-02            -----
 1       1.284222e-02            0.1286
 2       2.093999e-03            0.1631
 3       3.791874e-04            0.1811
 4       7.573966e-05            0.1997
 5       1.379685e-05            0.1822
 6       2.756162e-06            0.1998
 7       6.422860e-07            0.2330
 8       1.631854e-07            0.2541
 9       4.278686e-08            0.2622
 10      1.128999e-08            0.2639
 11      2.969873e-09            0.2631
 12      7.769773e-10            0.2616
 13      2.020461e-10            0.2600
 14      5.220985e-11            0.2584
 15      1.340609e-11            0.2568
------------------------------------------------------
 Iterations:      16
 Final Rel. Res.: 1.340609e-11
 Asymptotic Rate: 0.258403 (Geom. Mean, last 4 iters)
======================================================

======================================================
  Refinement Level: 2
======================================================
 Mesh width (h):  9.1759e-02
 Total DOFs:      1113
 Spectral Radii:  0.287153
 GMRES Avg Iters: 9.00
------------------------------------------------------
  MG RESIDUAL DECAY
------------------------------------------------------
 Iter    Rel. Residual           Reduction Factor
------------------------------------------------------
 0       8.694462e-02            -----
 1       1.230732e-02            0.1416
 2       2.127773e-03            0.1729
 3       4.113104e-04            0.1933
 4       7.214051e-05            0.1754
 5       1.446064e-05            0.2005
 6       3.110763e-06            0.2151
 7       7.232480e-07            0.2325
 8       1.825149e-07            0.2524
 9       4.851773e-08            0.2658
 10      1.333704e-08            0.2749
 11      3.743011e-09            0.2806
 12      1.063191e-09            0.2840
 13      3.040564e-10            0.2860
 14      8.729190e-11            0.2871
 15      2.511792e-11            0.2877
------------------------------------------------------
 Iterations:      16
 Final Rel. Res.: 2.511792e-11
 Asymptotic Rate: 0.286940 (Geom. Mean, last 4 iters)
======================================================

======================================================
  Refinement Level: 3
======================================================
 Mesh width (h):  4.5880e-02
 Total DOFs:      4337
 Spectral Radii:  0.333012
 GMRES Avg Iters: 9.38
------------------------------------------------------
  MG RESIDUAL DECAY
------------------------------------------------------
 Iter    Rel. Residual           Reduction Factor
------------------------------------------------------
 0       9.126989e-02            -----
 1       1.260766e-02            0.1381
 2       1.918241e-03            0.1521
 3       3.354554e-04            0.1749
 4       6.345684e-05            0.1892
 5       1.284449e-05            0.2024
 6       2.776587e-06            0.2162
 7       6.290880e-07            0.2266
 8       1.470606e-07            0.2338
 9       3.529308e-08            0.2400
 10      8.704825e-09            0.2466
 11      2.210569e-09            0.2539
 12      5.785884e-10            0.2617
 13      1.559410e-10            0.2695
 14      4.314123e-11            0.2767
 15      1.219794e-11            0.2827
------------------------------------------------------
 Iterations:      16
 Final Rel. Res.: 1.219794e-11
 Asymptotic Rate: 0.276252 (Geom. Mean, last 4 iters)
======================================================

======================================================
  Refinement Level: 4
======================================================
 Mesh width (h):  2.2940e-02
 Total DOFs:      17121
 Spectral Radii:  0.348509
 GMRES Avg Iters: 10.00
------------------------------------------------------
  MG RESIDUAL DECAY
------------------------------------------------------
 Iter    Rel. Residual           Reduction Factor
------------------------------------------------------
 0       8.643247e-02            -----
 1       1.221741e-02            0.1414
 2       1.929809e-03            0.1580
 3       3.566993e-04            0.1848
 4       7.269946e-05            0.2038
 5       1.593913e-05            0.2192
 6       3.727548e-06            0.2339
 7       9.379871e-07            0.2516
 8       2.536753e-07            0.2704
 9       7.318716e-08            0.2885
 10      2.221891e-08            0.3036
 11      6.998415e-09            0.3150
 12      2.261060e-09            0.3231
 13      7.432713e-10            0.3287
 14      2.472701e-10            0.3327
 15      8.296127e-11            0.3355
------------------------------------------------------
 Iterations:      16
 Final Rel. Res.: 8.296127e-11
 Asymptotic Rate: 0.332293 (Geom. Mean, last 4 iters)
======================================================

======================================================
  Refinement Level: 5
======================================================
 Mesh width (h):  1.1470e-02
 Total DOFs:      68033
 Spectral Radii:  0.354263
 GMRES Avg Iters: 10.00
------------------------------------------------------
  MG RESIDUAL DECAY
------------------------------------------------------
 Iter    Rel. Residual           Reduction Factor
------------------------------------------------------
 0       8.664064e-02            -----
 1       1.195736e-02            0.1380
 2       1.840196e-03            0.1539
 3       3.393907e-04            0.1844
 4       6.981609e-05            0.2057
 5       1.562771e-05            0.2238
 6       3.800881e-06            0.2432
 7       9.922356e-07            0.2611
 8       2.759623e-07            0.2781
 9       8.090280e-08            0.2932
 10      2.469734e-08            0.3053
 11      7.767733e-09            0.3145
 12      2.497076e-09            0.3215
 13      8.158042e-10            0.3267
 14      2.697860e-10            0.3307
 15      9.005439e-11            0.3338
------------------------------------------------------
 Iterations:      16
 Final Rel. Res.: 9.005439e-11
 Asymptotic Rate: 0.330388 (Geom. Mean, last 4 iters)
======================================================

======================================================
  Refinement Level: 6
======================================================
 Mesh width (h):  5.7350e-03
 Total DOFs:      271233
 Spectral Radii:  0.356212
 GMRES Avg Iters: 10.00
------------------------------------------------------
  MG RESIDUAL DECAY
------------------------------------------------------
 Iter    Rel. Residual           Reduction Factor
------------------------------------------------------
 0       8.575064e-02            -----
 1       1.190784e-02            0.1389
 2       1.860720e-03            0.1563
 3       3.473905e-04            0.1867
 4       7.248283e-05            0.2086
 5       1.648234e-05            0.2274
 6       4.052549e-06            0.2459
 7       1.069211e-06            0.2638
 8       2.999066e-07            0.2805
 9       8.853032e-08            0.2952
 10      2.718464e-08            0.3071
 11      8.595562e-09            0.3162
 12      2.776621e-09            0.3230
 13      9.111207e-10            0.3281
 14      3.024936e-10            0.3320
 15      1.013277e-10            0.3350
------------------------------------------------------
 Iterations:      16
 Final Rel. Res.: 1.013277e-10
 Asymptotic Rate: 0.331694 (Geom. Mean, last 4 iters)
======================================================

