Device configuration: omp,cpu
Memory configuration: host-std
Loaded config: /cluster/home/rdabetic/decmg/configs/dirac2d_2d_square_hole_scaledid_v.json
=================================================
  Multigrid Convergence Test Configuration
=================================================
 Problem Type:    dirac2d
 Mesh File:       meshes/2d/square_hole.msh
 Output File:     out/scaledid/v/dirac/2d/square_hole.csv
 MG Cycle Type:   V-Cycle
 Mass Lumping:    scaledid
 B-Conditions:    essential
 Max Refinement:  6
 Eigenvalues:     2 (Tol: 0.01)
 GMRES Benchmark: 8 runs (Tol: 1e-06, K-Dim: 20)
=================================================


Gmsh reader: all element attributes were zero.
MFEM only supports positive element attributes.
Setting element attributes to 1.

======================================================
  Refinement Level: 1
======================================================
 Mesh width (h):  8.8388e-02
 Total DOFs:      1040
 Spectral Radii:  1 0.206951
 GMRES Avg Iters: 10.00
------------------------------------------------------
  MG RESIDUAL DECAY
------------------------------------------------------
 Iter    Rel. Residual           Reduction Factor
------------------------------------------------------
 0       1.350159e-01            -----
 1       2.066016e-02            0.1530
 2       3.949280e-03            0.1912
 3       7.432840e-04            0.1882
 4       1.408743e-04            0.1895
 5       2.606625e-05            0.1850
 6       4.718395e-06            0.1810
 7       7.997827e-07            0.1695
 8       1.272054e-07            0.1590
 9       1.964686e-08            0.1544
 10      3.119322e-09            0.1588
 11      5.434086e-10            0.1742
 12      1.048311e-10            0.1929
 13      2.092196e-11            0.1996
 14      4.056685e-12            0.1939
 15      7.472637e-13            0.1842
------------------------------------------------------
 Iterations:      16
 Final Rel. Res.: 7.472637e-13
 Asymptotic Rate: 0.192454 (Geom. Mean, last 4 iters)
======================================================

======================================================
  Refinement Level: 2
======================================================
 Mesh width (h):  4.4194e-02
 Total DOFs:      4000
 Spectral Radii:  1 0.261767
 GMRES Avg Iters: 11.00
------------------------------------------------------
  MG RESIDUAL DECAY
------------------------------------------------------
 Iter    Rel. Residual           Reduction Factor
------------------------------------------------------
 0       1.126708e-01            -----
 1       1.635100e-02            0.1451
 2       2.248769e-03            0.1375
 3       3.339594e-04            0.1485
 4       6.039974e-05            0.1809
 5       1.124775e-05            0.1862
 6       2.096578e-06            0.1864
 7       4.158955e-07            0.1984
 8       8.711277e-08            0.2095
 9       1.940712e-08            0.2228
 10      4.549344e-09            0.2344
 11      1.104086e-09            0.2427
 12      2.738327e-10            0.2480
 13      6.878184e-11            0.2512
 14      1.739973e-11            0.2530
 15      4.420592e-12            0.2541
------------------------------------------------------
 Iterations:      16
 Final Rel. Res.: 4.420592e-12
 Asymptotic Rate: 0.252735 (Geom. Mean, last 4 iters)
======================================================

======================================================
  Refinement Level: 3
======================================================
 Mesh width (h):  2.2097e-02
 Total DOFs:      15680
 Spectral Radii:  1 0.282868
 GMRES Avg Iters: 11.00
------------------------------------------------------
  MG RESIDUAL DECAY
------------------------------------------------------
 Iter    Rel. Residual           Reduction Factor
------------------------------------------------------
 0       1.039490e-01            -----
 1       1.587182e-02            0.1527
 2       2.145706e-03            0.1352
 3       3.248348e-04            0.1514
 4       6.047324e-05            0.1862
 5       1.174933e-05            0.1943
 6       2.392570e-06            0.2036
 7       5.180991e-07            0.2165
 8       1.183947e-07            0.2285
 9       2.875258e-08            0.2429
 10      7.350332e-09            0.2556
 11      1.942693e-09            0.2643
 12      5.234922e-10            0.2695
 13      1.425725e-10            0.2723
 14      3.906395e-11            0.2740
 15      1.074310e-11            0.2750
------------------------------------------------------
 Iterations:      16
 Final Rel. Res.: 1.074310e-11
 Asymptotic Rate: 0.273783 (Geom. Mean, last 4 iters)
======================================================

======================================================
  Refinement Level: 4
======================================================
 Mesh width (h):  1.1049e-02
 Total DOFs:      62080
 Spectral Radii:  1 0.290287
 GMRES Avg Iters: 11.00
------------------------------------------------------
  MG RESIDUAL DECAY
------------------------------------------------------
 Iter    Rel. Residual           Reduction Factor
------------------------------------------------------
 0       1.001347e-01            -----
 1       1.459402e-02            0.1457
 2       1.950080e-03            0.1336
 3       2.921611e-04            0.1498
 4       5.038494e-05            0.1725
 5       9.759669e-06            0.1937
 6       2.074630e-06            0.2126
 7       4.754106e-07            0.2292
 8       1.150294e-07            0.2420
 9       2.914390e-08            0.2534
 10      7.652437e-09            0.2626
 11      2.061159e-09            0.2693
 12      5.648791e-10            0.2741
 13      1.565398e-10            0.2771
 14      4.368964e-11            0.2791
 15      1.225151e-11            0.2804
------------------------------------------------------
 Iterations:      16
 Final Rel. Res.: 1.225151e-11
 Asymptotic Rate: 0.278876 (Geom. Mean, last 4 iters)
======================================================

======================================================
  Refinement Level: 5
======================================================
 Mesh width (h):  5.5243e-03
 Total DOFs:      247040
 Spectral Radii:  1 0.293885
 GMRES Avg Iters: 11.00
------------------------------------------------------
  MG RESIDUAL DECAY
------------------------------------------------------
 Iter    Rel. Residual           Reduction Factor
------------------------------------------------------
 0       9.697255e-02            -----
 1       1.364769e-02            0.1407
 2       1.818667e-03            0.1333
 3       2.678655e-04            0.1473
 4       4.506827e-05            0.1682
 5       8.732288e-06            0.1938
 6       1.893205e-06            0.2168
 7       4.433362e-07            0.2342
 8       1.099995e-07            0.2481
 9       2.842408e-08            0.2584
 10      7.553971e-09            0.2658
 11      2.047671e-09            0.2711
 12      5.625705e-10            0.2747
 13      1.559539e-10            0.2772
 14      4.350145e-11            0.2789
 15      1.218875e-11            0.2802
------------------------------------------------------
 Iterations:      16
 Final Rel. Res.: 1.218875e-11
 Asymptotic Rate: 0.278779 (Geom. Mean, last 4 iters)
======================================================

======================================================
  Refinement Level: 6
======================================================
 Mesh width (h):  2.7621e-03
 Total DOFs:      985600
 Spectral Radii:  1 0.296566
 GMRES Avg Iters: 11.00
------------------------------------------------------
  MG RESIDUAL DECAY
------------------------------------------------------
 Iter    Rel. Residual           Reduction Factor
------------------------------------------------------
 0       9.561398e-02            -----
 1       1.302450e-02            0.1362
 2       1.740490e-03            0.1336
 3       2.565889e-04            0.1474
 4       4.290056e-05            0.1672
 5       8.293679e-06            0.1933
 6       1.830585e-06            0.2207
 7       4.410655e-07            0.2409
 8       1.126300e-07            0.2554
 9       2.980665e-08            0.2646
 10      8.064347e-09            0.2706
 11      2.213232e-09            0.2744
 12      6.132107e-10            0.2771
 13      1.710142e-10            0.2789
 14      4.791822e-11            0.2802
 15      1.347489e-11            0.2812
------------------------------------------------------
 Iterations:      16
 Final Rel. Res.: 1.347489e-11
 Asymptotic Rate: 0.280095 (Geom. Mean, last 4 iters)
======================================================

