Device configuration: omp,cpu
Memory configuration: host-std
Loaded config: /cluster/home/rdabetic/decmg/configs/dirac2d_2d_square_hole_rowsum_v.json
=================================================
  Multigrid Convergence Test Configuration
=================================================
 Problem Type:    dirac2d
 Mesh File:       meshes/2d/square_hole.msh
 Output File:     out/rowsum/v/dirac/2d/square_hole.csv
 MG Cycle Type:   V-Cycle
 Mass Lumping:    rowsum
 B-Conditions:    essential
 Max Refinement:  6
 Eigenvalues:     2 (Tol: 0.01)
 GMRES Benchmark: 8 runs (Tol: 1e-06, K-Dim: 20)
=================================================


Gmsh reader: all element attributes were zero.
MFEM only supports positive element attributes.
Setting element attributes to 1.

======================================================
  Refinement Level: 1
======================================================
 Mesh width (h):  8.8388e-02
 Total DOFs:      1040
 Spectral Radii:  1 0.218916
 GMRES Avg Iters: 8.00
------------------------------------------------------
  MG RESIDUAL DECAY
------------------------------------------------------
 Iter    Rel. Residual           Reduction Factor
------------------------------------------------------
 0       1.135015e-01            -----
 1       1.547496e-02            0.1363
 2       2.360472e-03            0.1525
 3       3.925123e-04            0.1663
 4       6.859759e-05            0.1748
 5       1.128822e-05            0.1646
 6       1.802963e-06            0.1597
 7       2.814020e-07            0.1561
 8       4.293736e-08            0.1526
 9       6.496081e-09            0.1513
 10      1.042996e-09            0.1606
 11      1.843433e-10            0.1767
 12      3.425353e-11            0.1858
 13      6.451044e-12            0.1883
 14      1.242372e-12            0.1926
 15      2.478195e-13            0.1995
------------------------------------------------------
 Iterations:      16
 Final Rel. Res.: 2.478195e-13
 Asymptotic Rate: 0.193409 (Geom. Mean, last 4 iters)
======================================================

======================================================
  Refinement Level: 2
======================================================
 Mesh width (h):  4.4194e-02
 Total DOFs:      4000
 Spectral Radii:  1 0.276139
 GMRES Avg Iters: 8.62
------------------------------------------------------
  MG RESIDUAL DECAY
------------------------------------------------------
 Iter    Rel. Residual           Reduction Factor
------------------------------------------------------
 0       1.012016e-01            -----
 1       1.357849e-02            0.1342
 2       2.020005e-03            0.1488
 3       3.475484e-04            0.1721
 4       6.685035e-05            0.1923
 5       1.357971e-05            0.2031
 6       2.862417e-06            0.2108
 7       6.146327e-07            0.2147
 8       1.348710e-07            0.2194
 9       3.085244e-08            0.2288
 10      7.392356e-09            0.2396
 11      1.840800e-09            0.2490
 12      4.707638e-10            0.2557
 13      1.223866e-10            0.2600
 14      3.214558e-11            0.2627
 15      8.506127e-12            0.2646
------------------------------------------------------
 Iterations:      16
 Final Rel. Res.: 8.506127e-12
 Asymptotic Rate: 0.262408 (Geom. Mean, last 4 iters)
======================================================

======================================================
  Refinement Level: 3
======================================================
 Mesh width (h):  2.2097e-02
 Total DOFs:      15680
 Spectral Radii:  1 0.310692
 GMRES Avg Iters: 9.00
------------------------------------------------------
  MG RESIDUAL DECAY
------------------------------------------------------
 Iter    Rel. Residual           Reduction Factor
------------------------------------------------------
 0       9.759419e-02            -----
 1       1.349861e-02            0.1383
 2       1.971615e-03            0.1461
 3       3.366888e-04            0.1708
 4       6.687044e-05            0.1986
 5       1.438374e-05            0.2151
 6       3.386748e-06            0.2355
 7       8.533042e-07            0.2520
 8       2.266862e-07            0.2657
 9       6.273159e-08            0.2767
 10      1.790923e-08            0.2855
 11      5.223396e-09            0.2917
 12      1.544448e-09            0.2957
 13      4.607453e-10            0.2983
 14      1.383001e-10            0.3002
 15      4.170016e-11            0.3015
------------------------------------------------------
 Iterations:      16
 Final Rel. Res.: 4.170016e-11
 Asymptotic Rate: 0.300000 (Geom. Mean, last 4 iters)
======================================================

======================================================
  Refinement Level: 4
======================================================
 Mesh width (h):  1.1049e-02
 Total DOFs:      62080
 Spectral Radii:  1 0.328079
 GMRES Avg Iters: 9.00
------------------------------------------------------
  MG RESIDUAL DECAY
------------------------------------------------------
 Iter    Rel. Residual           Reduction Factor
------------------------------------------------------
 0       9.840007e-02            -----
 1       1.325469e-02            0.1347
 2       1.925513e-03            0.1453
 3       3.238449e-04            0.1682
 4       6.153880e-05            0.1900
 5       1.267500e-05            0.2060
 6       2.856637e-06            0.2254
 7       6.984795e-07            0.2445
 8       1.831761e-07            0.2622
 9       5.077571e-08            0.2772
 10      1.465405e-08            0.2886
 11      4.348153e-09            0.2967
 12      1.314577e-09            0.3023
 13      4.026998e-10            0.3063
 14      1.245625e-10            0.3093
 15      3.881801e-11            0.3116
------------------------------------------------------
 Iterations:      16
 Final Rel. Res.: 3.881801e-11
 Asymptotic Rate: 0.309088 (Geom. Mean, last 4 iters)
======================================================

======================================================
  Refinement Level: 5
======================================================
 Mesh width (h):  5.5243e-03
 Total DOFs:      247040
 Spectral Radii:  1 0.338943
 GMRES Avg Iters: 9.00
------------------------------------------------------
  MG RESIDUAL DECAY
------------------------------------------------------
 Iter    Rel. Residual           Reduction Factor
------------------------------------------------------
 0       9.741899e-02            -----
 1       1.314257e-02            0.1349
 2       1.875707e-03            0.1427
 3       3.117710e-04            0.1662
 4       5.965572e-05            0.1913
 5       1.253172e-05            0.2101
 6       2.898348e-06            0.2313
 7       7.287833e-07            0.2514
 8       1.967273e-07            0.2699
 9       5.610027e-08            0.2852
 10      1.662185e-08            0.2963
 11      5.054044e-09            0.3041
 12      1.564177e-09            0.3095
 13      4.901994e-10            0.3134
 14      1.550560e-10            0.3163
 15      4.939851e-11            0.3186
------------------------------------------------------
 Iterations:      16
 Final Rel. Res.: 4.939851e-11
 Asymptotic Rate: 0.316089 (Geom. Mean, last 4 iters)
======================================================

======================================================
  Refinement Level: 6
======================================================
 Mesh width (h):  2.7621e-03
 Total DOFs:      985600
 Spectral Radii:  1 0.346164
 GMRES Avg Iters: 9.00
------------------------------------------------------
  MG RESIDUAL DECAY
------------------------------------------------------
 Iter    Rel. Residual           Reduction Factor
------------------------------------------------------
 0       9.743697e-02            -----
 1       1.307389e-02            0.1342
 2       1.856212e-03            0.1420
 3       3.104677e-04            0.1673
 4       5.934233e-05            0.1911
 5       1.257134e-05            0.2118
 6       2.954278e-06            0.2350
 7       7.574597e-07            0.2564
 8       2.081654e-07            0.2748
 9       6.025936e-08            0.2895
 10      1.807851e-08            0.3000
 11      5.557605e-09            0.3074
 12      1.737952e-09            0.3127
 13      5.503229e-10            0.3167
 14      1.759353e-10            0.3197
 15      5.667588e-11            0.3221
------------------------------------------------------
 Iterations:      16
 Final Rel. Res.: 5.667588e-11
 Asymptotic Rate: 0.319487 (Geom. Mean, last 4 iters)
======================================================

