Device configuration: omp,cpu
Memory configuration: host-std
Loaded config: /cluster/home/rdabetic/decmg/configs/dirac2d_2d_square_hole_barycentric_w.json
=================================================
  Multigrid Convergence Test Configuration
=================================================
 Problem Type:    dirac2d
 Mesh File:       meshes/2d/square_hole.msh
 Output File:     out/barycentric/w/dirac/2d/square_hole.csv
 MG Cycle Type:   W-Cycle
 Mass Lumping:    barycentric
 B-Conditions:    essential
 Max Refinement:  6
 Eigenvalues:     2 (Tol: 0.01)
 GMRES Benchmark: 8 runs (Tol: 1e-06, K-Dim: 20)
=================================================


Gmsh reader: all element attributes were zero.
MFEM only supports positive element attributes.
Setting element attributes to 1.

======================================================
  Refinement Level: 1
======================================================
 Mesh width (h):  8.8388e-02
 Total DOFs:      1040
 Spectral Radii:  1 0.250354
 GMRES Avg Iters: 8.00
------------------------------------------------------
  MG RESIDUAL DECAY
------------------------------------------------------
 Iter    Rel. Residual           Reduction Factor
------------------------------------------------------
 0       1.473779e-01            -----
 1       2.196191e-02            0.1490
 2       4.840161e-03            0.2204
 3       1.233185e-03            0.2548
 4       3.275249e-04            0.2656
 5       8.347429e-05            0.2549
 6       2.071700e-05            0.2482
 7       5.010745e-06            0.2419
 8       1.178117e-06            0.2351
 9       2.713158e-07            0.2303
 10      6.185048e-08            0.2280
 11      1.406956e-08            0.2275
 12      3.227666e-09            0.2294
 13      7.597787e-10            0.2354
 14      1.861022e-10            0.2449
 15      4.719578e-11            0.2536
------------------------------------------------------
 Iterations:      16
 Final Rel. Res.: 4.719578e-11
 Asymptotic Rate: 0.244533 (Geom. Mean, last 4 iters)
======================================================

======================================================
  Refinement Level: 2
======================================================
 Mesh width (h):  4.4194e-02
 Total DOFs:      4000
 Spectral Radii:  1 0.321564
 GMRES Avg Iters: 9.00
------------------------------------------------------
  MG RESIDUAL DECAY
------------------------------------------------------
 Iter    Rel. Residual           Reduction Factor
------------------------------------------------------
 0       1.330972e-01            -----
 1       2.036532e-02            0.1530
 2       3.757115e-03            0.1845
 3       8.900211e-04            0.2369
 4       2.298136e-04            0.2582
 5       6.170012e-05            0.2685
 6       1.722765e-05            0.2792
 7       4.900248e-06            0.2844
 8       1.411433e-06            0.2880
 9       4.128384e-07            0.2925
 10      1.225250e-07            0.2968
 11      3.678955e-08            0.3003
 12      1.114301e-08            0.3029
 13      3.398201e-09            0.3050
 14      1.042535e-09            0.3068
 15      3.215933e-10            0.3085
------------------------------------------------------
 Iterations:      16
 Final Rel. Res.: 3.215933e-10
 Asymptotic Rate: 0.306738 (Geom. Mean, last 4 iters)
======================================================

======================================================
  Refinement Level: 3
======================================================
 Mesh width (h):  2.2097e-02
 Total DOFs:      15680
 Spectral Radii:  1 0.366522
 GMRES Avg Iters: 9.00
------------------------------------------------------
  MG RESIDUAL DECAY
------------------------------------------------------
 Iter    Rel. Residual           Reduction Factor
------------------------------------------------------
 0       1.298559e-01            -----
 1       2.010787e-02            0.1548
 2       3.697259e-03            0.1839
 3       8.442126e-04            0.2283
 4       2.120388e-04            0.2512
 5       5.662139e-05            0.2670
 6       1.641940e-05            0.2900
 7       5.125741e-06            0.3122
 8       1.691697e-06            0.3300
 9       5.788730e-07            0.3422
 10      2.022137e-07            0.3493
 11      7.153464e-08            0.3538
 12      2.551784e-08            0.3567
 13      9.154743e-09            0.3588
 14      3.297528e-09            0.3602
 15      1.191180e-09            0.3612
------------------------------------------------------
 Iterations:      16
 Final Rel. Res.: 1.191180e-09
 Asymptotic Rate: 0.360062 (Geom. Mean, last 4 iters)
======================================================

======================================================
  Refinement Level: 4
======================================================
 Mesh width (h):  1.1049e-02
 Total DOFs:      62080
 Spectral Radii:  1 0.384231
 GMRES Avg Iters: 9.00
------------------------------------------------------
  MG RESIDUAL DECAY
------------------------------------------------------
 Iter    Rel. Residual           Reduction Factor
------------------------------------------------------
 0       1.306235e-01            -----
 1       1.990092e-02            0.1524
 2       3.601883e-03            0.1810
 3       8.272095e-04            0.2297
 4       2.138526e-04            0.2585
 5       5.969113e-05            0.2791
 6       1.825407e-05            0.3058
 7       5.981532e-06            0.3277
 8       2.047874e-06            0.3424
 9       7.202547e-07            0.3517
 10      2.576595e-07            0.3577
 11      9.324200e-08            0.3619
 12      3.402059e-08            0.3649
 13      1.248733e-08            0.3671
 14      4.604031e-09            0.3687
 15      1.703350e-09            0.3700
------------------------------------------------------
 Iterations:      16
 Final Rel. Res.: 1.703350e-09
 Asymptotic Rate: 0.368571 (Geom. Mean, last 4 iters)
======================================================

======================================================
  Refinement Level: 5
======================================================
 Mesh width (h):  5.5243e-03
 Total DOFs:      247040
 Spectral Radii:  1 0.389912
 GMRES Avg Iters: 9.00
------------------------------------------------------
  MG RESIDUAL DECAY
------------------------------------------------------
 Iter    Rel. Residual           Reduction Factor
------------------------------------------------------
 0       1.297515e-01            -----
 1       1.976645e-02            0.1523
 2       3.538510e-03            0.1790
 3       8.015421e-04            0.2265
 4       2.040902e-04            0.2546
 5       5.592296e-05            0.2740
 6       1.682860e-05            0.3009
 7       5.432679e-06            0.3228
 8       1.833141e-06            0.3374
 9       6.365599e-07            0.3473
 10      2.253683e-07            0.3540
 11      8.090152e-08            0.3590
 12      2.934416e-08            0.3627
 13      1.072811e-08            0.3656
 14      3.946240e-09            0.3678
 15      1.458612e-09            0.3696
------------------------------------------------------
 Iterations:      16
 Final Rel. Res.: 1.458612e-09
 Asymptotic Rate: 0.367682 (Geom. Mean, last 4 iters)
======================================================

======================================================
  Refinement Level: 6
======================================================
 Mesh width (h):  2.7621e-03
 Total DOFs:      985600
 Spectral Radii:  1 0.391289
 GMRES Avg Iters: 9.00
------------------------------------------------------
  MG RESIDUAL DECAY
------------------------------------------------------
 Iter    Rel. Residual           Reduction Factor
------------------------------------------------------
 0       1.300086e-01            -----
 1       1.976630e-02            0.1520
 2       3.516529e-03            0.1779
 3       7.987568e-04            0.2271
 4       2.031085e-04            0.2543
 5       5.583602e-05            0.2749
 6       1.689907e-05            0.3027
 7       5.499061e-06            0.3254
 8       1.872863e-06            0.3406
 9       6.569663e-07            0.3508
 10      2.349846e-07            0.3577
 11      8.520799e-08            0.3626
 12      3.121273e-08            0.3663
 13      1.152184e-08            0.3691
 14      4.278426e-09            0.3713
 15      1.596164e-09            0.3731
------------------------------------------------------
 Iterations:      16
 Final Rel. Res.: 1.596164e-09
 Asymptotic Rate: 0.371178 (Geom. Mean, last 4 iters)
======================================================

