Device configuration: omp,cpu
Memory configuration: host-std
Loaded config: /cluster/home/rdabetic/decmg/configs/dirac2d_2d_two_holes_barycentric_w.json
=================================================
  Multigrid Convergence Test Configuration
=================================================
 Problem Type:    dirac2d
 Mesh File:       meshes/2d/two_holes.msh
 Output File:     out/barycentric/w/dirac/2d/two_holes.csv
 MG Cycle Type:   W-Cycle
 Mass Lumping:    barycentric
 B-Conditions:    essential
 Max Refinement:  6
 Eigenvalues:     3 (Tol: 0.01)
 GMRES Benchmark: 8 runs (Tol: 1e-06, K-Dim: 20)
=================================================


Gmsh reader: all element attributes were zero.
MFEM only supports positive element attributes.
Setting element attributes to 1.

======================================================
  Refinement Level: 1
======================================================
 Mesh width (h):  9.9615e-02
 Total DOFs:      3547
 Spectral Radii:  1 1 0.295142
 GMRES Avg Iters: 8.00
------------------------------------------------------
  MG RESIDUAL DECAY
------------------------------------------------------
 Iter    Rel. Residual           Reduction Factor
------------------------------------------------------
 0       2.907799e-01            -----
 1       2.987513e-02            0.1027
 2       4.767338e-03            0.1596
 3       1.634814e-03            0.3429
 4       2.695650e-04            0.1649
 5       4.512118e-05            0.1674
 6       1.093695e-05            0.2424
 7       2.823762e-06            0.2582
 8       7.505428e-07            0.2658
 9       2.067719e-07            0.2755
 10      5.810937e-08            0.2810
 11      1.647205e-08            0.2835
 12      4.686637e-09            0.2845
 13      1.336183e-09            0.2851
 14      3.818265e-10            0.2858
 15      1.094955e-10            0.2868
------------------------------------------------------
 Iterations:      16
 Final Rel. Res.: 1.094955e-10
 Asymptotic Rate: 0.285876 (Geom. Mean, last 4 iters)
======================================================

======================================================
  Refinement Level: 2
======================================================
 Mesh width (h):  4.9808e-02
 Total DOFs:      13959
 Spectral Radii:  1 1 0.31447
 GMRES Avg Iters: 8.88
------------------------------------------------------
  MG RESIDUAL DECAY
------------------------------------------------------
 Iter    Rel. Residual           Reduction Factor
------------------------------------------------------
 0       1.394305e-01            -----
 1       3.005592e-02            0.2156
 2       3.827721e-03            0.1274
 3       8.628785e-04            0.2254
 4       2.133466e-04            0.2472
 5       5.203906e-05            0.2439
 6       1.326016e-05            0.2548
 7       3.478142e-06            0.2623
 8       9.339251e-07            0.2685
 9       2.560001e-07            0.2741
 10      7.146258e-08            0.2792
 11      2.025475e-08            0.2834
 12      5.814335e-09            0.2871
 13      1.687642e-09            0.2903
 14      4.943384e-10            0.2929
 15      1.457876e-10            0.2949
------------------------------------------------------
 Iterations:      16
 Final Rel. Res.: 1.457876e-10
 Asymptotic Rate: 0.292689 (Geom. Mean, last 4 iters)
======================================================

======================================================
  Refinement Level: 3
======================================================
 Mesh width (h):  2.4904e-02
 Total DOFs:      55375
 Spectral Radii:  1 1 0.333111
 GMRES Avg Iters: 9.00
------------------------------------------------------
  MG RESIDUAL DECAY
------------------------------------------------------
 Iter    Rel. Residual           Reduction Factor
------------------------------------------------------
 0       1.285205e-01            -----
 1       1.994933e-02            0.1552
 2       3.524667e-03            0.1767
 3       7.898422e-04            0.2241
 4       1.874398e-04            0.2373
 5       4.659494e-05            0.2486
 6       1.204662e-05            0.2585
 7       3.263412e-06            0.2709
 8       9.151984e-07            0.2804
 9       2.634474e-07            0.2879
 10      7.736096e-08            0.2936
 11      2.306955e-08            0.2982
 12      6.966436e-09            0.3020
 13      2.125736e-09            0.3051
 14      6.541914e-10            0.3077
 15      2.026934e-10            0.3098
------------------------------------------------------
 Iterations:      16
 Final Rel. Res.: 2.026934e-10
 Asymptotic Rate: 0.307569 (Geom. Mean, last 4 iters)
======================================================

======================================================
  Refinement Level: 4
======================================================
 Mesh width (h):  1.2452e-02
 Total DOFs:      220575
 Spectral Radii:  1 1 0.368883
 GMRES Avg Iters: 9.00
------------------------------------------------------
  MG RESIDUAL DECAY
------------------------------------------------------
 Iter    Rel. Residual           Reduction Factor
------------------------------------------------------
 0       1.289188e-01            -----
 1       1.973684e-02            0.1531
 2       3.501310e-03            0.1774
 3       7.769146e-04            0.2219
 4       1.883943e-04            0.2425
 5       4.724083e-05            0.2508
 6       1.251749e-05            0.2650
 7       3.512585e-06            0.2806
 8       1.028524e-06            0.2928
 9       3.108795e-07            0.3023
 10      9.624928e-08            0.3096
 11      3.035157e-08            0.3153
 12      9.713960e-09            0.3200
 13      3.147313e-09            0.3240
 14      1.030245e-09            0.3273
 15      3.401988e-10            0.3302
------------------------------------------------------
 Iterations:      16
 Final Rel. Res.: 3.401988e-10
 Asymptotic Rate: 0.327174 (Geom. Mean, last 4 iters)
======================================================

======================================================
  Refinement Level: 5
======================================================
 Mesh width (h):  6.2260e-03
 Total DOFs:      880447
 Spectral Radii:  1 1 0.386265
 GMRES Avg Iters: 9.00
------------------------------------------------------
  MG RESIDUAL DECAY
------------------------------------------------------
 Iter    Rel. Residual           Reduction Factor
------------------------------------------------------
 0       1.297206e-01            -----
 1       1.977333e-02            0.1524
 2       3.487165e-03            0.1764
 3       7.740507e-04            0.2220
 4       1.876371e-04            0.2424
 5       4.738421e-05            0.2525
 6       1.286000e-05            0.2714
 7       3.741789e-06            0.2910
 8       1.143687e-06            0.3057
 9       3.623411e-07            0.3168
 10      1.178416e-07            0.3252
 11      3.909774e-08            0.3318
 12      1.318513e-08            0.3372
 13      4.507364e-09            0.3419
 14      1.558473e-09            0.3458
 15      5.440512e-10            0.3491
------------------------------------------------------
 Iterations:      16
 Final Rel. Res.: 5.440512e-10
 Asymptotic Rate: 0.345556 (Geom. Mean, last 4 iters)
======================================================

======================================================
  Refinement Level: 6
======================================================
 Mesh width (h):  3.1130e-03
 Total DOFs:      3518079
 Spectral Radii:  1 1 0.391731
 GMRES Avg Iters: 9.00
------------------------------------------------------
  MG RESIDUAL DECAY
------------------------------------------------------
 Iter    Rel. Residual           Reduction Factor
------------------------------------------------------
 0       1.295212e-01            -----
 1       1.970100e-02            0.1521
 2       3.456952e-03            0.1755
 3       7.611323e-04            0.2202
 4       1.832968e-04            0.2408
 5       4.603485e-05            0.2511
 6       1.246403e-05            0.2708
 7       3.622167e-06            0.2906
 8       1.107132e-06            0.3057
 9       3.510885e-07            0.3171
 10      1.143080e-07            0.3256
 11      3.796288e-08            0.3321
 12      1.281641e-08            0.3376
 13      4.388111e-09            0.3424
 14      1.520776e-09            0.3466
 15      5.326688e-10            0.3503
------------------------------------------------------
 Iterations:      16
 Final Rel. Res.: 5.326688e-10
 Asymptotic Rate: 0.346389 (Geom. Mean, last 4 iters)
======================================================

