Device configuration: omp,cpu
Memory configuration: host-std
Loaded config: /cluster/home/rdabetic/decmg/configs/dirac3d_3d_corner_structured_barycentric_w.json
=================================================
  Multigrid Convergence Test Configuration
=================================================
 Problem Type:    dirac3d
 Mesh File:       meshes/3d/corner_structured.msh
 Output File:     out/barycentric/w/dirac/3d/corner_structured.csv
 MG Cycle Type:   W-Cycle
 Mass Lumping:    barycentric
 B-Conditions:    essential
 Max Refinement:  5
 Eigenvalues:     1 (Tol: 0.01)
 GMRES Benchmark: 8 runs (Tol: 1e-06, K-Dim: 20)
=================================================

======================================================
  Refinement Level: 1
======================================================
 Mesh width (h):  4.3301e-01
 Total DOFs:      12849
 Spectral Radii:  0.538128
 GMRES Avg Iters: 16.00
------------------------------------------------------
  MG RESIDUAL DECAY
------------------------------------------------------
 Iter    Rel. Residual           Reduction Factor
------------------------------------------------------
 0       1.325722e-01            -----
 1       2.872733e-02            0.2167
 2       9.216732e-03            0.3208
 3       3.514252e-03            0.3813
 4       1.427012e-03            0.4061
 5       6.094576e-04            0.4271
 6       2.723349e-04            0.4468
 7       1.264251e-04            0.4642
 8       6.033108e-05            0.4772
 9       2.932923e-05            0.4861
 10      1.443968e-05            0.4923
 11      7.176107e-06            0.4970
 12      3.594040e-06            0.5008
 13      1.812608e-06            0.5043
 14      9.202188e-07            0.5077
 15      4.701634e-07            0.5109
------------------------------------------------------
 Iterations:      16
 Final Rel. Res.: 4.701634e-07
 Asymptotic Rate: 0.507639 (Geom. Mean, last 4 iters)
======================================================

======================================================
  Refinement Level: 2
======================================================
 Mesh width (h):  2.1651e-01
 Total DOFs:      97889
 Spectral Radii:  0.550456
 GMRES Avg Iters: 15.00
------------------------------------------------------
  MG RESIDUAL DECAY
------------------------------------------------------
 Iter    Rel. Residual           Reduction Factor
------------------------------------------------------
 0       1.329561e-01            -----
 1       3.244244e-02            0.2440
 2       9.103956e-03            0.2806
 3       3.298404e-03            0.3623
 4       1.349884e-03            0.4093
 5       5.847738e-04            0.4332
 6       2.631889e-04            0.4501
 7       1.216442e-04            0.4622
 8       5.737637e-05            0.4717
 9       2.750133e-05            0.4793
 10      1.335740e-05            0.4857
 11      6.560382e-06            0.4911
 12      3.252793e-06            0.4958
 13      1.625958e-06            0.4999
 14      8.184511e-07            0.5034
 15      4.144762e-07            0.5064
------------------------------------------------------
 Iterations:      16
 Final Rel. Res.: 4.144762e-07
 Asymptotic Rate: 0.503208 (Geom. Mean, last 4 iters)
======================================================

======================================================
  Refinement Level: 3
======================================================
 Mesh width (h):  1.0825e-01
 Total DOFs:      764097
 Spectral Radii:  0.558736
 GMRES Avg Iters: 15.00
------------------------------------------------------
  MG RESIDUAL DECAY
------------------------------------------------------
 Iter    Rel. Residual           Reduction Factor
------------------------------------------------------
 0       2.393051e-01            -----
 1       8.857531e-02            0.3701
 2       1.965558e-02            0.2219
 3       6.548834e-03            0.3332
 4       2.707188e-03            0.4134
 5       1.203063e-03            0.4444
 6       5.532973e-04            0.4599
 7       2.598553e-04            0.4696
 8       1.238440e-04            0.4766
 9       5.968360e-05            0.4819
 10      2.902094e-05            0.4862
 11      1.421646e-05            0.4899
 12      7.008611e-06            0.4930
 13      3.474504e-06            0.4957
 14      1.731084e-06            0.4982
 15      8.663856e-07            0.5005
------------------------------------------------------
 Iterations:      16
 Final Rel. Res.: 8.663856e-07
 Asymptotic Rate: 0.498150 (Geom. Mean, last 4 iters)
======================================================

======================================================
  Refinement Level: 4
======================================================
 Mesh width (h):  5.4127e-02
 Total DOFs:      6037889
 Spectral Radii:  0.567729
 GMRES Avg Iters: 15.00
------------------------------------------------------
  MG RESIDUAL DECAY
------------------------------------------------------
 Iter    Rel. Residual           Reduction Factor
------------------------------------------------------
 0       8.452393e-01            -----
 1       3.356033e-01            0.3971
 2       7.000673e-02            0.2086
 3       2.282099e-02            0.3260
 4       9.402051e-03            0.4120
 5       4.178395e-03            0.4444
 6       1.916122e-03            0.4586
 7       8.962311e-04            0.4677
 8       4.247693e-04            0.4740
 9       2.033526e-04            0.4787
 10      9.813732e-05            0.4826
 11      4.768269e-05            0.4859
 12      2.330501e-05            0.4888
 13      1.145041e-05            0.4913
 14      5.652723e-06            0.4937
 15      2.802720e-06            0.4958
------------------------------------------------------
 Iterations:      16
 Final Rel. Res.: 2.802720e-06
 Asymptotic Rate: 0.493602 (Geom. Mean, last 4 iters)
======================================================

======================================================
  Refinement Level: 5
======================================================
 Mesh width (h):  2.7063e-02
 Total DOFs:      48005889
 Spectral Radii:  0.576344
 GMRES Avg Iters: 15.62
------------------------------------------------------
  MG RESIDUAL DECAY
------------------------------------------------------
 Iter    Rel. Residual           Reduction Factor
------------------------------------------------------
 0       3.301623e+00            -----
 1       1.317002e+00            0.3989
 2       2.707334e-01            0.2056
 3       8.858641e-02            0.3272
 4       3.660582e-02            0.4132
 5       1.626003e-02            0.4442
 6       7.437766e-03            0.4574
 7       3.465699e-03            0.4660
 8       1.635568e-03            0.4719
 9       7.794648e-04            0.4766
 10      3.743976e-04            0.4803
 11      1.810147e-04            0.4835
 12      8.800909e-05            0.4862
 13      4.299944e-05            0.4886
 14      2.109962e-05            0.4907
 15      1.039356e-05            0.4926
------------------------------------------------------
 Iterations:      16
 Final Rel. Res.: 1.039356e-05
 Asymptotic Rate: 0.490620 (Geom. Mean, last 4 iters)
======================================================

