Device configuration: omp,cpu
Memory configuration: host-std
Loaded config: /cluster/home/rdabetic/decmg/configs/dirac3d_3d_corner_structured_rowsum_v.json
=================================================
  Multigrid Convergence Test Configuration
=================================================
 Problem Type:    dirac3d
 Mesh File:       meshes/3d/corner_structured.msh
 Output File:     out/rowsum/v/dirac/3d/corner_structured.csv
 MG Cycle Type:   V-Cycle
 Mass Lumping:    rowsum
 B-Conditions:    essential
 Max Refinement:  5
 Eigenvalues:     1 (Tol: 0.01)
 GMRES Benchmark: 8 runs (Tol: 1e-06, K-Dim: 20)
=================================================

======================================================
  Refinement Level: 1
======================================================
 Mesh width (h):  4.3301e-01
 Total DOFs:      12849
 Spectral Radii:  0.53902
 GMRES Avg Iters: 15.00
------------------------------------------------------
  MG RESIDUAL DECAY
------------------------------------------------------
 Iter    Rel. Residual           Reduction Factor
------------------------------------------------------
 0       9.187128e-02            -----
 1       2.274204e-02            0.2475
 2       7.940754e-03            0.3492
 3       3.410473e-03            0.4295
 4       1.572899e-03            0.4612
 5       7.521144e-04            0.4782
 6       3.672803e-04            0.4883
 7       1.820371e-04            0.4956
 8       9.129885e-05            0.5015
 9       4.625264e-05            0.5066
 10      2.363837e-05            0.5111
 11      1.217479e-05            0.5150
 12      6.313696e-06            0.5186
 13      3.294146e-06            0.5217
 14      1.727952e-06            0.5246
 15      9.106973e-07            0.5270
------------------------------------------------------
 Iterations:      16
 Final Rel. Res.: 9.106973e-07
 Asymptotic Rate: 0.524441 (Geom. Mean, last 4 iters)
======================================================

======================================================
  Refinement Level: 2
======================================================
 Mesh width (h):  2.1651e-01
 Total DOFs:      97889
 Spectral Radii:  0.58563
 GMRES Avg Iters: 15.00
------------------------------------------------------
  MG RESIDUAL DECAY
------------------------------------------------------
 Iter    Rel. Residual           Reduction Factor
------------------------------------------------------
 0       1.026295e-01            -----
 1       2.943687e-02            0.2868
 2       9.563924e-03            0.3249
 3       4.129160e-03            0.4317
 4       1.985593e-03            0.4809
 5       1.004178e-03            0.5057
 6       5.232289e-04            0.5211
 7       2.778766e-04            0.5311
 8       1.494922e-04            0.5380
 9       8.118674e-05            0.5431
 10      4.441861e-05            0.5471
 11      2.445074e-05            0.5505
 12      1.352917e-05            0.5533
 13      7.519799e-06            0.5558
 14      4.196289e-06            0.5580
 15      2.349963e-06            0.5600
------------------------------------------------------
 Iterations:      16
 Final Rel. Res.: 2.349963e-06
 Asymptotic Rate: 0.557952 (Geom. Mean, last 4 iters)
======================================================

======================================================
  Refinement Level: 3
======================================================
 Mesh width (h):  1.0825e-01
 Total DOFs:      764097
 Spectral Radii:  0.617234
 GMRES Avg Iters: 14.00
------------------------------------------------------
  MG RESIDUAL DECAY
------------------------------------------------------
 Iter    Rel. Residual           Reduction Factor
------------------------------------------------------
 0       2.242909e-01            -----
 1       8.569291e-02            0.3821
 2       2.175050e-02            0.2538
 3       8.789410e-03            0.4041
 4       4.200890e-03            0.4779
 5       2.157685e-03            0.5136
 6       1.148984e-03            0.5325
 7       6.254186e-04            0.5443
 8       3.456283e-04            0.5526
 9       1.932195e-04            0.5590
 10      1.090281e-04            0.5643
 11      6.200598e-05            0.5687
 12      3.550360e-05            0.5726
 13      2.044999e-05            0.5760
 14      1.184127e-05            0.5790
 15      6.888682e-06            0.5818
------------------------------------------------------
 Iterations:      16
 Final Rel. Res.: 6.888682e-06
 Asymptotic Rate: 0.578924 (Geom. Mean, last 4 iters)
======================================================

======================================================
  Refinement Level: 4
======================================================
 Mesh width (h):  5.4127e-02
 Total DOFs:      6037889
 Spectral Radii:  0.637052
 GMRES Avg Iters: 14.00
------------------------------------------------------
  MG RESIDUAL DECAY
------------------------------------------------------
 Iter    Rel. Residual           Reduction Factor
------------------------------------------------------
 0       8.018240e-01            -----
 1       3.187830e-01            0.3976
 2       7.813359e-02            0.2451
 3       3.137345e-02            0.4015
 4       1.523343e-02            0.4856
 5       7.958308e-03            0.5224
 6       4.315617e-03            0.5423
 7       2.392307e-03            0.5543
 8       1.346112e-03            0.5627
 9       7.660427e-04            0.5691
 10      4.399701e-04            0.5743
 11      2.546859e-04            0.5789
 12      1.484488e-04            0.5829
 13      8.705803e-05            0.5865
 14      5.133672e-05            0.5897
 15      3.042284e-05            0.5926
------------------------------------------------------
 Iterations:      16
 Final Rel. Res.: 3.042284e-05
 Asymptotic Rate: 0.589578 (Geom. Mean, last 4 iters)
======================================================

======================================================
  Refinement Level: 5
======================================================
 Mesh width (h):  2.7063e-02
 Total DOFs:      48005889
 Spectral Radii:  0.645923
 GMRES Avg Iters: 14.00
------------------------------------------------------
  MG RESIDUAL DECAY
------------------------------------------------------
 Iter    Rel. Residual           Reduction Factor
------------------------------------------------------
 0       3.065497e+00            -----
 1       1.218931e+00            0.3976
 2       2.975994e-01            0.2441
 3       1.200588e-01            0.4034
 4       5.901080e-02            0.4915
 5       3.122860e-02            0.5292
 6       1.714959e-02            0.5492
 7       9.622751e-03            0.5611
 8       5.477881e-03            0.5693
 9       3.152548e-03            0.5755
 10      1.830588e-03            0.5807
 11      1.071159e-03            0.5851
 12      6.310427e-04            0.5891
 13      3.740183e-04            0.5927
 14      2.228912e-04            0.5959
 15      1.334840e-04            0.5989
------------------------------------------------------
 Iterations:      16
 Final Rel. Res.: 1.334840e-04
 Asymptotic Rate: 0.595831 (Geom. Mean, last 4 iters)
======================================================

