Device configuration: omp,cpu
Memory configuration: host-std
Loaded config: /cluster/home/rdabetic/decmg/configs/hcurl_3d_hole_void_rowsum_w.json
=================================================
  Multigrid Convergence Test Configuration
=================================================
 Problem Type:    hcurl
 Mesh File:       meshes/3d/hole_void.msh
 Output File:     out/rowsum/w/veclap/3d/hole_void.csv
 MG Cycle Type:   W-Cycle
 Mass Lumping:    rowsum
 B-Conditions:    essential
 Max Refinement:  5
 Eigenvalues:     2 (Tol: 0.01)
 GMRES Benchmark: 8 runs (Tol: 1e-06, K-Dim: 20)
=================================================

======================================================
  Refinement Level: 1
======================================================
 Mesh width (h):  1.5811e+00
 Total DOFs:      1505
 Spectral Radii:  1 0.432817
 GMRES Avg Iters: 22.38
------------------------------------------------------
  MG RESIDUAL DECAY
------------------------------------------------------
 Iter    Rel. Residual           Reduction Factor
------------------------------------------------------
 0       5.114563e-02            -----
 1       9.727781e-03            0.1902
 2       2.951822e-03            0.3034
 3       9.857599e-04            0.3339
 4       3.462049e-04            0.3512
 5       1.249215e-04            0.3608
 6       4.601693e-05            0.3684
 7       1.722062e-05            0.3742
 8       6.538042e-06            0.3797
 9       2.514171e-06            0.3845
 10      9.782235e-07            0.3891
 11      3.846857e-07            0.3932
 12      1.527456e-07            0.3971
 13      6.118009e-08            0.4005
 14      2.469730e-08            0.4037
 15      1.004034e-08            0.4065
------------------------------------------------------
 Iterations:      16
 Final Rel. Res.: 1.004034e-08
 Asymptotic Rate: 0.403577 (Geom. Mean, last 4 iters)
======================================================

======================================================
  Refinement Level: 2
======================================================
 Mesh width (h):  7.9057e-01
 Total DOFs:      10689
 Spectral Radii:  1 0.43976
 GMRES Avg Iters: 26.12
------------------------------------------------------
  MG RESIDUAL DECAY
------------------------------------------------------
 Iter    Rel. Residual           Reduction Factor
------------------------------------------------------
 0       5.405823e-02            -----
 1       8.613626e-03            0.1593
 2       2.370446e-03            0.2752
 3       7.843315e-04            0.3309
 4       2.760469e-04            0.3520
 5       1.003893e-04            0.3637
 6       3.752465e-05            0.3738
 7       1.435812e-05            0.3826
 8       5.612845e-06            0.3909
 9       2.237577e-06            0.3987
 10      9.080126e-07            0.4058
 11      3.743507e-07            0.4123
 12      1.564797e-07            0.4180
 13      6.618371e-08            0.4230
 14      2.826978e-08            0.4271
 15      1.217338e-08            0.4306
------------------------------------------------------
 Iterations:      16
 Final Rel. Res.: 1.217338e-08
 Asymptotic Rate: 0.426892 (Geom. Mean, last 4 iters)
======================================================

======================================================
  Refinement Level: 3
======================================================
 Mesh width (h):  3.9528e-01
 Total DOFs:      80257
 Spectral Radii:  1 0.44463
 GMRES Avg Iters: 28.88
------------------------------------------------------
  MG RESIDUAL DECAY
------------------------------------------------------
 Iter    Rel. Residual           Reduction Factor
------------------------------------------------------
 0       5.530962e-02            -----
 1       8.404650e-03            0.1520
 2       2.145191e-03            0.2552
 3       6.549572e-04            0.3053
 4       2.149178e-04            0.3281
 5       7.395409e-05            0.3441
 6       2.639790e-05            0.3569
 7       9.689381e-06            0.3671
 8       3.636695e-06            0.3753
 9       1.390937e-06            0.3825
 10      5.409740e-07            0.3889
 11      2.136401e-07            0.3949
 12      8.556999e-08            0.4005
 13      3.472324e-08            0.4058
 14      1.425929e-08            0.4107
 15      5.919063e-09            0.4151
------------------------------------------------------
 Iterations:      16
 Final Rel. Res.: 5.919063e-09
 Asymptotic Rate: 0.410497 (Geom. Mean, last 4 iters)
======================================================

======================================================
  Refinement Level: 4
======================================================
 Mesh width (h):  1.9764e-01
 Total DOFs:      621313
 Spectral Radii:  1 0.449403
 GMRES Avg Iters: 30.12
------------------------------------------------------
  MG RESIDUAL DECAY
------------------------------------------------------
 Iter    Rel. Residual           Reduction Factor
------------------------------------------------------
 0       5.747407e-02            -----
 1       8.383330e-03            0.1459
 2       1.992194e-03            0.2376
 3       5.882105e-04            0.2953
 4       1.897161e-04            0.3225
 5       6.447632e-05            0.3399
 6       2.278615e-05            0.3534
 7       8.303196e-06            0.3644
 8       3.099784e-06            0.3733
 9       1.179406e-06            0.3805
 10      4.555224e-07            0.3862
 11      1.780742e-07            0.3909
 12      7.031291e-08            0.3949
 13      2.800172e-08            0.3982
 14      1.123626e-08            0.4013
 15      4.540021e-09            0.4041
------------------------------------------------------
 Iterations:      16
 Final Rel. Res.: 4.540021e-09
 Asymptotic Rate: 0.401182 (Geom. Mean, last 4 iters)
======================================================

======================================================
  Refinement Level: 5
======================================================
 Mesh width (h):  9.8821e-02
 Total DOFs:      4888065
 Spectral Radii:  1 0.450476
 GMRES Avg Iters: 31.00
------------------------------------------------------
  MG RESIDUAL DECAY
------------------------------------------------------
 Iter    Rel. Residual           Reduction Factor
------------------------------------------------------
 0       5.805010e-02            -----
 1       8.006051e-03            0.1379
 2       1.887511e-03            0.2358
 3       5.391823e-04            0.2857
 4       1.673442e-04            0.3104
 5       5.473369e-05            0.3271
 6       1.860296e-05            0.3399
 7       6.521703e-06            0.3506
 8       2.345261e-06            0.3596
 9       8.614629e-07            0.3673
 10      3.221453e-07            0.3740
 11      1.223158e-07            0.3797
 12      4.705408e-08            0.3847
 13      1.830796e-08            0.3891
 14      7.194415e-09            0.3930
 15      2.852089e-09            0.3964
------------------------------------------------------
 Iterations:      16
 Final Rel. Res.: 2.852089e-09
 Asymptotic Rate: 0.392815 (Geom. Mean, last 4 iters)
======================================================

