Device configuration: omp,cpu
Memory configuration: host-std
Loaded config: /cluster/home/rdabetic/decmg/configs/hcurl_2d_L_barycentric_w.json
=================================================
  Multigrid Convergence Test Configuration
=================================================
 Problem Type:    hcurl
 Mesh File:       meshes/2d/L.msh
 Output File:     out/barycentric/w/veclap/2d/L.csv
 MG Cycle Type:   W-Cycle
 Mass Lumping:    barycentric
 B-Conditions:    essential
 Max Refinement:  6
 Eigenvalues:     1 (Tol: 0.01)
 GMRES Benchmark: 8 runs (Tol: 1e-06, K-Dim: 20)
=================================================


Gmsh reader: all element attributes were zero.
MFEM only supports positive element attributes.
Setting element attributes to 1.

======================================================
  Refinement Level: 1
======================================================
 Mesh width (h):  1.8352e-01
 Total DOFs:      205
 Spectral Radii:  0.250841
 GMRES Avg Iters: 8.88
------------------------------------------------------
  MG RESIDUAL DECAY
------------------------------------------------------
 Iter    Rel. Residual           Reduction Factor
------------------------------------------------------
 0       1.114975e-01            -----
 1       1.541808e-02            0.1383
 2       2.763917e-03            0.1793
 3       5.963150e-04            0.2157
 4       1.558994e-04            0.2614
 5       4.163661e-05            0.2671
 6       1.133990e-05            0.2724
 7       2.919701e-06            0.2575
 8       7.073148e-07            0.2423
 9       1.708847e-07            0.2416
 10      4.254284e-08            0.2490
 11      1.070066e-08            0.2515
 12      2.626785e-09            0.2455
 13      6.161633e-10            0.2346
 14      1.372548e-10            0.2228
 15      2.944621e-11            0.2145
------------------------------------------------------
 Iterations:      16
 Final Rel. Res.: 2.944621e-11
 Asymptotic Rate: 0.223804 (Geom. Mean, last 4 iters)
======================================================

======================================================
  Refinement Level: 2
======================================================
 Mesh width (h):  9.1759e-02
 Total DOFs:      761
 Spectral Radii:  0.326905
 GMRES Avg Iters: 10.00
------------------------------------------------------
  MG RESIDUAL DECAY
------------------------------------------------------
 Iter    Rel. Residual           Reduction Factor
------------------------------------------------------
 0       1.064694e-01            -----
 1       1.558841e-02            0.1464
 2       2.738879e-03            0.1757
 3       6.802244e-04            0.2484
 4       1.898106e-04            0.2790
 5       5.500501e-05            0.2898
 6       1.686788e-05            0.3067
 7       5.381372e-06            0.3190
 8       1.733101e-06            0.3221
 9       5.609913e-07            0.3237
 10      1.821857e-07            0.3248
 11      5.914183e-08            0.3246
 12      1.915289e-08            0.3238
 13      6.185049e-09            0.3229
 14      1.992506e-09            0.3221
 15      6.408469e-10            0.3216
------------------------------------------------------
 Iterations:      16
 Final Rel. Res.: 6.408469e-10
 Asymptotic Rate: 0.322235 (Geom. Mean, last 4 iters)
======================================================

======================================================
  Refinement Level: 3
======================================================
 Mesh width (h):  4.5880e-02
 Total DOFs:      2929
 Spectral Radii:  0.398478
 GMRES Avg Iters: 10.12
------------------------------------------------------
  MG RESIDUAL DECAY
------------------------------------------------------
 Iter    Rel. Residual           Reduction Factor
------------------------------------------------------
 0       1.003166e-01            -----
 1       1.482055e-02            0.1477
 2       2.682499e-03            0.1810
 3       6.091540e-04            0.2271
 4       1.639290e-04            0.2691
 5       4.832262e-05            0.2948
 6       1.535476e-05            0.3178
 7       5.239927e-06            0.3413
 8       1.880574e-06            0.3589
 9       6.978922e-07            0.3711
 10      2.647326e-07            0.3793
 11      1.018632e-07            0.3848
 12      3.956893e-08            0.3885
 13      1.547118e-08            0.3910
 14      6.077041e-09            0.3928
 15      2.395055e-09            0.3941
------------------------------------------------------
 Iterations:      16
 Final Rel. Res.: 2.395055e-09
 Asymptotic Rate: 0.392633 (Geom. Mean, last 4 iters)
======================================================

======================================================
  Refinement Level: 4
======================================================
 Mesh width (h):  2.2940e-02
 Total DOFs:      11489
 Spectral Radii:  0.432005
 GMRES Avg Iters: 11.00
------------------------------------------------------
  MG RESIDUAL DECAY
------------------------------------------------------
 Iter    Rel. Residual           Reduction Factor
------------------------------------------------------
 0       1.061299e-01            -----
 1       1.539137e-02            0.1450
 2       2.890653e-03            0.1878
 3       7.151189e-04            0.2474
 4       2.107252e-04            0.2947
 5       6.705723e-05            0.3182
 6       2.258464e-05            0.3368
 7       7.974069e-06            0.3531
 8       2.915724e-06            0.3657
 9       1.092157e-06            0.3746
 10      4.163330e-07            0.3812
 11      1.608890e-07            0.3864
 12      6.285841e-08            0.3907
 13      2.477600e-08            0.3942
 14      9.836241e-09            0.3970
 15      3.928474e-09            0.3994
------------------------------------------------------
 Iterations:      16
 Final Rel. Res.: 3.928474e-09
 Asymptotic Rate: 0.396844 (Geom. Mean, last 4 iters)
======================================================

======================================================
  Refinement Level: 5
======================================================
 Mesh width (h):  1.1470e-02
 Total DOFs:      45505
 Spectral Radii:  0.445048
 GMRES Avg Iters: 11.00
------------------------------------------------------
  MG RESIDUAL DECAY
------------------------------------------------------
 Iter    Rel. Residual           Reduction Factor
------------------------------------------------------
 0       1.081228e-01            -----
 1       1.575480e-02            0.1457
 2       2.947384e-03            0.1871
 3       7.366725e-04            0.2499
 4       2.251124e-04            0.3056
 5       7.612712e-05            0.3382
 6       2.780588e-05            0.3653
 7       1.070305e-05            0.3849
 8       4.251369e-06            0.3972
 9       1.723068e-06            0.4053
 10      7.077982e-07            0.4108
 11      2.935382e-07            0.4147
 12      1.226164e-07            0.4177
 13      5.150782e-08            0.4201
 14      2.173448e-08            0.4220
 15      9.204991e-09            0.4235
------------------------------------------------------
 Iterations:      16
 Final Rel. Res.: 9.204991e-09
 Asymptotic Rate: 0.421850 (Geom. Mean, last 4 iters)
======================================================

======================================================
  Refinement Level: 6
======================================================
 Mesh width (h):  5.7350e-03
 Total DOFs:      181121
 Spectral Radii:  0.449577
 GMRES Avg Iters: 11.00
------------------------------------------------------
  MG RESIDUAL DECAY
------------------------------------------------------
 Iter    Rel. Residual           Reduction Factor
------------------------------------------------------
 0       1.089918e-01            -----
 1       1.572665e-02            0.1443
 2       2.931466e-03            0.1864
 3       7.261368e-04            0.2477
 4       2.162727e-04            0.2978
 5       7.080283e-05            0.3274
 6       2.499427e-05            0.3530
 7       9.328211e-06            0.3732
 8       3.617086e-06            0.3878
 9       1.441745e-06            0.3986
 10      5.865337e-07            0.4068
 11      2.423473e-07            0.4132
 12      1.013488e-07            0.4182
 13      4.278776e-08            0.4222
 14      1.820101e-08            0.4254
 15      7.789271e-09            0.4280
------------------------------------------------------
 Iterations:      16
 Final Rel. Res.: 7.789271e-09
 Asymptotic Rate: 0.425167 (Geom. Mean, last 4 iters)
======================================================

