Device configuration: omp,cpu
Memory configuration: host-std
Loaded config: /cluster/home/rdabetic/decmg/configs/hcurl_2d_square_centered_rowsum_v.json
=================================================
  Multigrid Convergence Test Configuration
=================================================
 Problem Type:    hcurl
 Mesh File:       meshes/2d/square_centered.msh
 Output File:     out/rowsum/v/veclap/2d/square_centered.csv
 MG Cycle Type:   V-Cycle
 Mass Lumping:    rowsum
 B-Conditions:    essential
 Max Refinement:  6
 Eigenvalues:     1 (Tol: 0.01)
 GMRES Benchmark: 8 runs (Tol: 1e-06, K-Dim: 20)
=================================================


Gmsh reader: all element attributes were zero.
MFEM only supports positive element attributes.
Setting element attributes to 1.

======================================================
  Refinement Level: 1
======================================================
 Mesh width (h):  1.9875e-01
 Total DOFs:      249
 Spectral Radii:  0.17699
 GMRES Avg Iters: 8.00
------------------------------------------------------
  MG RESIDUAL DECAY
------------------------------------------------------
 Iter    Rel. Residual           Reduction Factor
------------------------------------------------------
 0       7.596124e-02            -----
 1       1.020363e-02            0.1343
 2       1.771850e-03            0.1736
 3       3.148706e-04            0.1777
 4       5.651467e-05            0.1795
 5       9.969907e-06            0.1764
 6       1.661277e-06            0.1666
 7       2.651536e-07            0.1596
 8       4.246348e-08            0.1601
 9       7.287614e-09            0.1716
 10      1.372115e-09            0.1883
 11      2.658956e-10            0.1938
 12      4.962331e-11            0.1866
 13      8.691043e-12            0.1751
 14      1.428955e-12            0.1644
 15      2.265455e-13            0.1585
------------------------------------------------------
 Iterations:      16
 Final Rel. Res.: 2.265455e-13
 Asymptotic Rate: 0.165891 (Geom. Mean, last 4 iters)
======================================================

======================================================
  Refinement Level: 2
======================================================
 Mesh width (h):  9.9376e-02
 Total DOFs:      945
 Spectral Radii:  0.209111
 GMRES Avg Iters: 8.62
------------------------------------------------------
  MG RESIDUAL DECAY
------------------------------------------------------
 Iter    Rel. Residual           Reduction Factor
------------------------------------------------------
 0       8.644818e-02            -----
 1       1.136632e-02            0.1315
 2       1.610816e-03            0.1417
 3       2.543058e-04            0.1579
 4       4.955915e-05            0.1949
 5       9.567612e-06            0.1931
 6       1.722899e-06            0.1801
 7       3.052589e-07            0.1772
 8       5.629803e-08            0.1844
 9       1.082657e-08            0.1923
 10      2.136457e-09            0.1973
 11      4.277845e-10            0.2002
 12      8.613609e-11            0.2014
 13      1.740217e-11            0.2020
 14      3.532928e-12            0.2030
 15      7.226762e-13            0.2046
------------------------------------------------------
 Iterations:      16
 Final Rel. Res.: 7.226762e-13
 Asymptotic Rate: 0.203198 (Geom. Mean, last 4 iters)
======================================================

======================================================
  Refinement Level: 3
======================================================
 Mesh width (h):  4.9688e-02
 Total DOFs:      3681
 Spectral Radii:  0.238848
 GMRES Avg Iters: 9.00
------------------------------------------------------
  MG RESIDUAL DECAY
------------------------------------------------------
 Iter    Rel. Residual           Reduction Factor
------------------------------------------------------
 0       9.716390e-02            -----
 1       1.171583e-02            0.1206
 2       1.739430e-03            0.1485
 3       2.764213e-04            0.1589
 4       4.893309e-05            0.1770
 5       9.651119e-06            0.1972
 6       1.981023e-06            0.2053
 7       4.231513e-07            0.2136
 8       9.175992e-08            0.2168
 9       2.030888e-08            0.2213
 10      4.544564e-09            0.2238
 11      1.018662e-09            0.2241
 12      2.288568e-10            0.2247
 13      5.159930e-11            0.2255
 14      1.167954e-11            0.2264
 15      2.656384e-12            0.2274
------------------------------------------------------
 Iterations:      16
 Final Rel. Res.: 2.656384e-12
 Asymptotic Rate: 0.226417 (Geom. Mean, last 4 iters)
======================================================

======================================================
  Refinement Level: 4
======================================================
 Mesh width (h):  2.4844e-02
 Total DOFs:      14529
 Spectral Radii:  0.251994
 GMRES Avg Iters: 9.00
------------------------------------------------------
  MG RESIDUAL DECAY
------------------------------------------------------
 Iter    Rel. Residual           Reduction Factor
------------------------------------------------------
 0       9.321785e-02            -----
 1       1.183940e-02            0.1270
 2       1.651263e-03            0.1395
 3       2.748705e-04            0.1665
 4       5.208960e-05            0.1895
 5       1.052879e-05            0.2021
 6       2.211490e-06            0.2100
 7       4.788096e-07            0.2165
 8       1.057178e-07            0.2208
 9       2.352239e-08            0.2225
 10      5.260567e-09            0.2236
 11      1.181733e-09            0.2246
 12      2.666522e-10            0.2256
 13      6.052031e-11            0.2270
 14      1.384327e-11            0.2287
 15      3.196236e-12            0.2309
------------------------------------------------------
 Iterations:      16
 Final Rel. Res.: 3.196236e-12
 Asymptotic Rate: 0.228857 (Geom. Mean, last 4 iters)
======================================================

======================================================
  Refinement Level: 5
======================================================
 Mesh width (h):  1.2422e-02
 Total DOFs:      57729
 Spectral Radii:  0.265034
 GMRES Avg Iters: 9.00
------------------------------------------------------
  MG RESIDUAL DECAY
------------------------------------------------------
 Iter    Rel. Residual           Reduction Factor
------------------------------------------------------
 0       9.654065e-02            -----
 1       1.212196e-02            0.1256
 2       1.747500e-03            0.1442
 3       2.859702e-04            0.1636
 4       5.481779e-05            0.1917
 5       1.141450e-05            0.2082
 6       2.509855e-06            0.2199
 7       5.694220e-07            0.2269
 8       1.316561e-07            0.2312
 9       3.090823e-08            0.2348
 10      7.354464e-09            0.2379
 11      1.771704e-09            0.2409
 12      4.317674e-10            0.2437
 13      1.063021e-10            0.2462
 14      2.639483e-11            0.2483
 15      6.599704e-12            0.2500
------------------------------------------------------
 Iterations:      16
 Final Rel. Res.: 6.599704e-12
 Asymptotic Rate: 0.248175 (Geom. Mean, last 4 iters)
======================================================

======================================================
  Refinement Level: 6
======================================================
 Mesh width (h):  6.2110e-03
 Total DOFs:      230145
 Spectral Radii:  0.27789
 GMRES Avg Iters: 9.00
------------------------------------------------------
  MG RESIDUAL DECAY
------------------------------------------------------
 Iter    Rel. Residual           Reduction Factor
------------------------------------------------------
 0       9.637690e-02            -----
 1       1.206934e-02            0.1252
 2       1.746341e-03            0.1447
 3       2.904524e-04            0.1663
 4       5.640575e-05            0.1942
 5       1.200239e-05            0.2128
 6       2.694598e-06            0.2245
 7       6.260962e-07            0.2324
 8       1.494585e-07            0.2387
 9       3.645236e-08            0.2439
 10      9.046249e-09            0.2482
 11      2.278056e-09            0.2518
 12      5.808384e-10            0.2550
 13      1.496670e-10            0.2577
 14      3.891715e-11            0.2600
 15      1.019995e-11            0.2621
------------------------------------------------------
 Iterations:      16
 Final Rel. Res.: 1.019995e-11
 Asymptotic Rate: 0.259925 (Geom. Mean, last 4 iters)
======================================================

