Device configuration: omp,cpu
Memory configuration: host-std
Loaded config: /cluster/home/rdabetic/decmg/configs/hcurl_3d_tetra_rowsum_w.json
=================================================
  Multigrid Convergence Test Configuration
=================================================
 Problem Type:    hcurl
 Mesh File:       meshes/3d/tetra.msh
 Output File:     out/rowsum/w/veclap/3d/tetra.csv
 MG Cycle Type:   W-Cycle
 Mass Lumping:    rowsum
 B-Conditions:    essential
 Max Refinement:  5
 Eigenvalues:     1 (Tol: 0.01)
 GMRES Benchmark: 8 runs (Tol: 1e-06, K-Dim: 20)
=================================================

======================================================
  Refinement Level: 1
======================================================
 Mesh width (h):  3.5355e-01
 Total DOFs:      165
 Spectral Radii:  0.259832
 GMRES Avg Iters: 8.50
------------------------------------------------------
  MG RESIDUAL DECAY
------------------------------------------------------
 Iter    Rel. Residual           Reduction Factor
------------------------------------------------------
 0       3.644778e-02            -----
 1       6.583038e-03            0.1806
 2       1.699328e-03            0.2581
 3       4.451421e-04            0.2620
 4       1.100120e-04            0.2471
 5       2.731814e-05            0.2483
 6       6.750055e-06            0.2471
 7       1.670796e-06            0.2475
 8       4.138390e-07            0.2477
 9       1.027036e-07            0.2482
 10      2.554456e-08            0.2487
 11      6.370326e-09            0.2494
 12      1.593228e-09            0.2501
 13      3.996932e-10            0.2509
 14      1.005881e-10            0.2517
 15      2.539469e-11            0.2525
------------------------------------------------------
 Iterations:      16
 Final Rel. Res.: 2.539469e-11
 Asymptotic Rate: 0.251664 (Geom. Mean, last 4 iters)
======================================================

======================================================
  Refinement Level: 2
======================================================
 Mesh width (h):  1.7678e-01
 Total DOFs:      969
 Spectral Radii:  0.277907
 GMRES Avg Iters: 9.00
------------------------------------------------------
  MG RESIDUAL DECAY
------------------------------------------------------
 Iter    Rel. Residual           Reduction Factor
------------------------------------------------------
 0       4.384722e-02            -----
 1       6.044439e-03            0.1379
 2       1.322716e-03            0.2188
 3       3.278341e-04            0.2478
 4       8.293288e-05            0.2530
 5       2.135503e-05            0.2575
 6       5.556474e-06            0.2602
 7       1.454295e-06            0.2617
 8       3.824668e-07            0.2630
 9       1.013381e-07            0.2650
 10      2.714166e-08            0.2678
 11      7.363416e-09            0.2713
 12      2.023282e-09            0.2748
 13      5.618916e-10            0.2777
 14      1.571979e-10            0.2798
 15      4.414956e-11            0.2809
------------------------------------------------------
 Iterations:      16
 Final Rel. Res.: 4.414956e-11
 Asymptotic Rate: 0.279441 (Geom. Mean, last 4 iters)
======================================================

======================================================
  Refinement Level: 3
======================================================
 Mesh width (h):  8.8388e-02
 Total DOFs:      6545
 Spectral Radii:  0.299598
 GMRES Avg Iters: 10.00
------------------------------------------------------
  MG RESIDUAL DECAY
------------------------------------------------------
 Iter    Rel. Residual           Reduction Factor
------------------------------------------------------
 0       5.735460e-02            -----
 1       7.511723e-03            0.1310
 2       1.715171e-03            0.2283
 3       4.227746e-04            0.2465
 4       1.080390e-04            0.2555
 5       2.851582e-05            0.2639
 6       7.725724e-06            0.2709
 7       2.127581e-06            0.2754
 8       5.909835e-07            0.2778
 9       1.646378e-07            0.2786
 10      4.583809e-08            0.2784
 11      1.273240e-08            0.2778
 12      3.526906e-09            0.2770
 13      9.747572e-10            0.2764
 14      2.691058e-10            0.2761
 15      7.432902e-11            0.2762
------------------------------------------------------
 Iterations:      16
 Final Rel. Res.: 7.432902e-11
 Asymptotic Rate: 0.276220 (Geom. Mean, last 4 iters)
======================================================

======================================================
  Refinement Level: 4
======================================================
 Mesh width (h):  4.4194e-02
 Total DOFs:      47905
 Spectral Radii:  0.30584
 GMRES Avg Iters: 10.00
------------------------------------------------------
  MG RESIDUAL DECAY
------------------------------------------------------
 Iter    Rel. Residual           Reduction Factor
------------------------------------------------------
 0       5.949812e-02            -----
 1       7.632006e-03            0.1283
 2       1.689552e-03            0.2214
 3       4.161970e-04            0.2463
 4       1.065946e-04            0.2561
 5       2.802719e-05            0.2629
 6       7.503772e-06            0.2677
 7       2.037022e-06            0.2715
 8       5.589683e-07            0.2744
 9       1.546595e-07            0.2767
 10      4.306176e-08            0.2784
 11      1.204687e-08            0.2798
 12      3.382726e-09            0.2808
 13      9.527720e-10            0.2817
 14      2.690932e-10            0.2824
 15      7.620395e-11            0.2832
------------------------------------------------------
 Iterations:      16
 Final Rel. Res.: 7.620395e-11
 Asymptotic Rate: 0.282425 (Geom. Mean, last 4 iters)
======================================================

======================================================
  Refinement Level: 5
======================================================
 Mesh width (h):  2.2097e-02
 Total DOFs:      366145
 Spectral Radii:  0.308767
 GMRES Avg Iters: 10.00
------------------------------------------------------
  MG RESIDUAL DECAY
------------------------------------------------------
 Iter    Rel. Residual           Reduction Factor
------------------------------------------------------
 0       6.126553e-02            -----
 1       7.571727e-03            0.1236
 2       1.654452e-03            0.2185
 3       4.059985e-04            0.2454
 4       1.039018e-04            0.2559
 5       2.731417e-05            0.2629
 6       7.317116e-06            0.2679
 7       1.987122e-06            0.2716
 8       5.452709e-07            0.2744
 9       1.508742e-07            0.2767
 10      4.203898e-08            0.2786
 11      1.178476e-08            0.2803
 12      3.321392e-09            0.2818
 13      9.406144e-10            0.2832
 14      2.675443e-10            0.2844
 15      7.640137e-11            0.2856
------------------------------------------------------
 Iterations:      16
 Final Rel. Res.: 7.640137e-11
 Asymptotic Rate: 0.284398 (Geom. Mean, last 4 iters)
======================================================

