Device configuration: omp,cpu
Memory configuration: host-std
Loaded config: /cluster/home/rdabetic/decmg/configs/hcurl_2d_L_scaledid_w.json
=================================================
  Multigrid Convergence Test Configuration
=================================================
 Problem Type:    hcurl
 Mesh File:       meshes/2d/L.msh
 Output File:     out/scaledid/w/veclap/2d/L.csv
 MG Cycle Type:   W-Cycle
 Mass Lumping:    scaledid
 B-Conditions:    essential
 Max Refinement:  6
 Eigenvalues:     1 (Tol: 0.01)
 GMRES Benchmark: 8 runs (Tol: 1e-06, K-Dim: 20)
=================================================


Gmsh reader: all element attributes were zero.
MFEM only supports positive element attributes.
Setting element attributes to 1.

======================================================
  Refinement Level: 1
======================================================
 Mesh width (h):  1.8352e-01
 Total DOFs:      205
 Spectral Radii:  0.147169
 GMRES Avg Iters: 12.00
------------------------------------------------------
  MG RESIDUAL DECAY
------------------------------------------------------
 Iter    Rel. Residual           Reduction Factor
------------------------------------------------------
 0       9.870605e-02            -----
 1       1.183914e-02            0.1199
 2       1.059483e-03            0.0895
 3       1.137528e-04            0.1074
 4       1.438547e-05            0.1265
 5       1.850119e-06            0.1286
 6       2.671304e-07            0.1444
 7       3.633473e-08            0.1360
 8       4.567849e-09            0.1257
 9       5.666930e-10            0.1241
 10      7.246212e-11            0.1279
 11      1.024312e-11            0.1414
 12      1.592092e-12            0.1554
 13      2.524956e-13            0.1586
 14      3.840415e-14            0.1521
 15      5.394916e-15            0.1405
------------------------------------------------------
 Iterations:      16
 Final Rel. Res.: 5.394916e-15
 Asymptotic Rate: 0.150201 (Geom. Mean, last 4 iters)
======================================================

======================================================
  Refinement Level: 2
======================================================
 Mesh width (h):  9.1759e-02
 Total DOFs:      761
 Spectral Radii:  0.155865
 GMRES Avg Iters: 13.00
------------------------------------------------------
  MG RESIDUAL DECAY
------------------------------------------------------
 Iter    Rel. Residual           Reduction Factor
------------------------------------------------------
 0       9.754279e-02            -----
 1       1.147081e-02            0.1176
 2       1.286020e-03            0.1121
 3       1.627826e-04            0.1266
 4       2.339595e-05            0.1437
 5       3.354476e-06            0.1434
 6       4.850360e-07            0.1446
 7       7.851801e-08            0.1619
 8       1.265305e-08            0.1611
 9       1.990227e-09            0.1573
 10      2.969796e-10            0.1492
 11      4.189549e-11            0.1411
 12      6.109181e-12            0.1458
 13      9.893110e-13            0.1619
 14      1.696390e-13            0.1715
 15      2.847933e-14            0.1679
------------------------------------------------------
 Iterations:      16
 Final Rel. Res.: 2.847933e-14
 Asymptotic Rate: 0.167051 (Geom. Mean, last 4 iters)
======================================================

======================================================
  Refinement Level: 3
======================================================
 Mesh width (h):  4.5880e-02
 Total DOFs:      2929
 Spectral Radii:  0.160275
 GMRES Avg Iters: 14.00
------------------------------------------------------
  MG RESIDUAL DECAY
------------------------------------------------------
 Iter    Rel. Residual           Reduction Factor
------------------------------------------------------
 0       9.246051e-02            -----
 1       1.104039e-02            0.1194
 2       1.370471e-03            0.1241
 3       1.787150e-04            0.1304
 4       2.514385e-05            0.1407
 5       3.646840e-06            0.1450
 6       5.233701e-07            0.1435
 7       7.445189e-08            0.1423
 8       1.137802e-08            0.1528
 9       1.826718e-09            0.1605
 10      2.944855e-10            0.1612
 11      4.612237e-11            0.1566
 12      6.970791e-12            0.1511
 13      1.047978e-12            0.1503
 14      1.620289e-13            0.1546
 15      2.523780e-14            0.1558
------------------------------------------------------
 Iterations:      16
 Final Rel. Res.: 2.523780e-14
 Asymptotic Rate: 0.153552 (Geom. Mean, last 4 iters)
======================================================

======================================================
  Refinement Level: 4
======================================================
 Mesh width (h):  2.2940e-02
 Total DOFs:      11489
 Spectral Radii:  0.162978
 GMRES Avg Iters: 14.12
------------------------------------------------------
  MG RESIDUAL DECAY
------------------------------------------------------
 Iter    Rel. Residual           Reduction Factor
------------------------------------------------------
 0       9.608486e-02            -----
 1       1.139867e-02            0.1186
 2       1.405756e-03            0.1233
 3       1.852290e-04            0.1318
 4       2.501590e-05            0.1351
 5       3.602442e-06            0.1440
 6       5.347738e-07            0.1484
 7       7.887389e-08            0.1475
 8       1.174591e-08            0.1489
 9       1.793443e-09            0.1527
 10      2.765845e-10            0.1542
 11      4.216515e-11            0.1524
 12      6.435112e-12            0.1526
 13      1.002270e-12            0.1558
 14      1.588368e-13            0.1585
 15      2.506296e-14            0.1578
------------------------------------------------------
 Iterations:      16
 Final Rel. Res.: 2.506296e-14
 Asymptotic Rate: 0.157335 (Geom. Mean, last 4 iters)
======================================================

======================================================
  Refinement Level: 5
======================================================
 Mesh width (h):  1.1470e-02
 Total DOFs:      45505
 Spectral Radii:  0.163864
 GMRES Avg Iters: 15.00
------------------------------------------------------
  MG RESIDUAL DECAY
------------------------------------------------------
 Iter    Rel. Residual           Reduction Factor
------------------------------------------------------
 0       9.645462e-02            -----
 1       1.156368e-02            0.1199
 2       1.431682e-03            0.1238
 3       1.868117e-04            0.1305
 4       2.599546e-05            0.1392
 5       3.773734e-06            0.1452
 6       5.542689e-07            0.1469
 7       8.141508e-08            0.1469
 8       1.233288e-08            0.1515
 9       1.908556e-09            0.1548
 10      2.936799e-10            0.1539
 11      4.559869e-11            0.1553
 12      7.270533e-12            0.1594
 13      1.157492e-12            0.1592
 14      1.832608e-13            0.1583
 15      2.986621e-14            0.1630
------------------------------------------------------
 Iterations:      16
 Final Rel. Res.: 2.986621e-14
 Asymptotic Rate: 0.160154 (Geom. Mean, last 4 iters)
======================================================

======================================================
  Refinement Level: 6
======================================================
 Mesh width (h):  5.7350e-03
 Total DOFs:      181121
 Spectral Radii:  0.166413
 GMRES Avg Iters: 15.00
------------------------------------------------------
  MG RESIDUAL DECAY
------------------------------------------------------
 Iter    Rel. Residual           Reduction Factor
------------------------------------------------------
 0       9.737235e-02            -----
 1       1.162278e-02            0.1194
 2       1.435243e-03            0.1235
 3       1.874278e-04            0.1306
 4       2.593541e-05            0.1384
 5       3.678511e-06            0.1418
 6       5.246863e-07            0.1426
 7       7.711960e-08            0.1470
 8       1.154941e-08            0.1498
 9       1.758249e-09            0.1522
 10      2.737724e-10            0.1557
 11      4.298603e-11            0.1570
 12      6.754011e-12            0.1571
 13      1.066372e-12            0.1579
 14      1.686868e-13            0.1582
 15      2.667556e-14            0.1581
------------------------------------------------------
 Iterations:      16
 Final Rel. Res.: 2.667556e-14
 Asymptotic Rate: 0.158070 (Geom. Mean, last 4 iters)
======================================================

