Device configuration: omp,cpu
Memory configuration: host-std
Loaded config: /cluster/home/rdabetic/decmg/configs/hcurl_2d_reentrant_barycentric_w.json
=================================================
  Multigrid Convergence Test Configuration
=================================================
 Problem Type:    hcurl
 Mesh File:       meshes/2d/reentrant.msh
 Output File:     out/barycentric/w/veclap/2d/reentrant.csv
 MG Cycle Type:   W-Cycle
 Mass Lumping:    barycentric
 B-Conditions:    essential
 Max Refinement:  6
 Eigenvalues:     1 (Tol: 0.01)
 GMRES Benchmark: 8 runs (Tol: 1e-06, K-Dim: 20)
=================================================


Gmsh reader: all element attributes were zero.
MFEM only supports positive element attributes.
Setting element attributes to 1.

======================================================
  Refinement Level: 1
======================================================
 Mesh width (h):  1.4951e-01
 Total DOFs:      297
 Spectral Radii:  0.239907
 GMRES Avg Iters: 8.88
------------------------------------------------------
  MG RESIDUAL DECAY
------------------------------------------------------
 Iter    Rel. Residual           Reduction Factor
------------------------------------------------------
 0       8.800186e-02            -----
 1       1.663350e-02            0.1890
 2       2.762558e-03            0.1661
 3       5.485761e-04            0.1986
 4       1.387652e-04            0.2530
 5       3.281166e-05            0.2365
 6       7.472128e-06            0.2277
 7       1.705534e-06            0.2283
 8       4.013457e-07            0.2353
 9       9.458292e-08            0.2357
 10      2.154059e-08            0.2277
 11      4.755819e-09            0.2208
 12      1.043872e-09            0.2195
 13      2.356391e-10            0.2257
 14      5.660328e-11            0.2402
 15      1.454771e-11            0.2570
------------------------------------------------------
 Iterations:      16
 Final Rel. Res.: 1.454771e-11
 Asymptotic Rate: 0.240648 (Geom. Mean, last 4 iters)
======================================================

======================================================
  Refinement Level: 2
======================================================
 Mesh width (h):  7.4754e-02
 Total DOFs:      1105
 Spectral Radii:  0.303978
 GMRES Avg Iters: 9.62
------------------------------------------------------
  MG RESIDUAL DECAY
------------------------------------------------------
 Iter    Rel. Residual           Reduction Factor
------------------------------------------------------
 0       1.093396e-01            -----
 1       1.771511e-02            0.1620
 2       2.822401e-03            0.1593
 3       6.528427e-04            0.2313
 4       1.345350e-04            0.2061
 5       3.101476e-05            0.2305
 6       7.469376e-06            0.2408
 7       1.986856e-06            0.2660
 8       5.410453e-07            0.2723
 9       1.473188e-07            0.2723
 10      4.027792e-08            0.2734
 11      1.110498e-08            0.2757
 12      3.096477e-09            0.2788
 13      8.757942e-10            0.2828
 14      2.516494e-10            0.2873
 15      7.337732e-11            0.2916
------------------------------------------------------
 Iterations:      16
 Final Rel. Res.: 7.337732e-11
 Asymptotic Rate: 0.287231 (Geom. Mean, last 4 iters)
======================================================

======================================================
  Refinement Level: 3
======================================================
 Mesh width (h):  3.7377e-02
 Total DOFs:      4257
 Spectral Radii:  0.357284
 GMRES Avg Iters: 10.00
------------------------------------------------------
  MG RESIDUAL DECAY
------------------------------------------------------
 Iter    Rel. Residual           Reduction Factor
------------------------------------------------------
 0       1.102671e-01            -----
 1       1.717358e-02            0.1557
 2       2.720414e-03            0.1584
 3       6.188084e-04            0.2275
 4       1.543144e-04            0.2494
 5       4.031766e-05            0.2613
 6       1.148139e-05            0.2848
 7       3.419580e-06            0.2978
 8       1.040032e-06            0.3041
 9       3.226329e-07            0.3102
 10      1.021623e-07            0.3167
 11      3.306633e-08            0.3237
 12      1.093170e-08            0.3306
 13      3.681200e-09            0.3367
 14      1.258156e-09            0.3418
 15      4.348776e-10            0.3456
------------------------------------------------------
 Iterations:      16
 Final Rel. Res.: 4.348776e-10
 Asymptotic Rate: 0.341371 (Geom. Mean, last 4 iters)
======================================================

======================================================
  Refinement Level: 4
======================================================
 Mesh width (h):  1.8689e-02
 Total DOFs:      16705
 Spectral Radii:  0.385393
 GMRES Avg Iters: 10.00
------------------------------------------------------
  MG RESIDUAL DECAY
------------------------------------------------------
 Iter    Rel. Residual           Reduction Factor
------------------------------------------------------
 0       1.106916e-01            -----
 1       1.624842e-02            0.1468
 2       2.976636e-03            0.1832
 3       6.473989e-04            0.2175
 4       1.766622e-04            0.2729
 5       5.052084e-05            0.2860
 6       1.579979e-05            0.3127
 7       5.201163e-06            0.3292
 8       1.765860e-06            0.3395
 9       6.142082e-07            0.3478
 10      2.173720e-07            0.3539
 11      7.788236e-08            0.3583
 12      2.814734e-08            0.3614
 13      1.023469e-08            0.3636
 14      3.737651e-09            0.3652
 15      1.369306e-09            0.3664
------------------------------------------------------
 Iterations:      16
 Final Rel. Res.: 1.369306e-09
 Asymptotic Rate: 0.365052 (Geom. Mean, last 4 iters)
======================================================

======================================================
  Refinement Level: 5
======================================================
 Mesh width (h):  9.3443e-03
 Total DOFs:      66177
 Spectral Radii:  0.397812
 GMRES Avg Iters: 10.00
------------------------------------------------------
  MG RESIDUAL DECAY
------------------------------------------------------
 Iter    Rel. Residual           Reduction Factor
------------------------------------------------------
 0       1.111090e-01            -----
 1       1.567076e-02            0.1410
 2       2.849463e-03            0.1818
 3       6.698791e-04            0.2351
 4       1.815186e-04            0.2710
 5       5.306117e-05            0.2923
 6       1.648886e-05            0.3108
 7       5.435688e-06            0.3297
 8       1.864492e-06            0.3430
 9       6.574098e-07            0.3526
 10      2.363935e-07            0.3596
 11      8.625232e-08            0.3649
 12      3.182593e-08            0.3690
 13      1.184773e-08            0.3723
 14      4.441865e-09            0.3749
 15      1.674888e-09            0.3771
------------------------------------------------------
 Iterations:      16
 Final Rel. Res.: 1.674888e-09
 Asymptotic Rate: 0.374744 (Geom. Mean, last 4 iters)
======================================================

======================================================
  Refinement Level: 6
======================================================
 Mesh width (h):  4.6722e-03
 Total DOFs:      263425
 Spectral Radii:  0.404065
 GMRES Avg Iters: 10.00
------------------------------------------------------
  MG RESIDUAL DECAY
------------------------------------------------------
 Iter    Rel. Residual           Reduction Factor
------------------------------------------------------
 0       1.102579e-01            -----
 1       1.586348e-02            0.1439
 2       2.894726e-03            0.1825
 3       6.611197e-04            0.2284
 4       1.783427e-04            0.2698
 5       5.261784e-05            0.2950
 6       1.662147e-05            0.3159
 7       5.551401e-06            0.3340
 8       1.925690e-06            0.3469
 9       6.852783e-07            0.3559
 10      2.482129e-07            0.3622
 11      9.108014e-08            0.3669
 12      3.376351e-08            0.3707
 13      1.262077e-08            0.3738
 14      4.750606e-09            0.3764
 15      1.798841e-09            0.3787
------------------------------------------------------
 Iterations:      16
 Final Rel. Res.: 1.798841e-09
 Asymptotic Rate: 0.376283 (Geom. Mean, last 4 iters)
======================================================

