Device configuration: omp,cpu
Memory configuration: host-std
Loaded config: /cluster/home/rdabetic/decmg/configs/hcurl_3d_tetra_rowsum_v.json
=================================================
  Multigrid Convergence Test Configuration
=================================================
 Problem Type:    hcurl
 Mesh File:       meshes/3d/tetra.msh
 Output File:     out/rowsum/v/veclap/3d/tetra.csv
 MG Cycle Type:   V-Cycle
 Mass Lumping:    rowsum
 B-Conditions:    essential
 Max Refinement:  5
 Eigenvalues:     1 (Tol: 0.01)
 GMRES Benchmark: 8 runs (Tol: 1e-06, K-Dim: 20)
=================================================

======================================================
  Refinement Level: 1
======================================================
 Mesh width (h):  3.5355e-01
 Total DOFs:      165
 Spectral Radii:  0.259832
 GMRES Avg Iters: 8.50
------------------------------------------------------
  MG RESIDUAL DECAY
------------------------------------------------------
 Iter    Rel. Residual           Reduction Factor
------------------------------------------------------
 0       3.644778e-02            -----
 1       6.583038e-03            0.1806
 2       1.699328e-03            0.2581
 3       4.451421e-04            0.2620
 4       1.100120e-04            0.2471
 5       2.731814e-05            0.2483
 6       6.750055e-06            0.2471
 7       1.670796e-06            0.2475
 8       4.138390e-07            0.2477
 9       1.027036e-07            0.2482
 10      2.554456e-08            0.2487
 11      6.370326e-09            0.2494
 12      1.593228e-09            0.2501
 13      3.996932e-10            0.2509
 14      1.005881e-10            0.2517
 15      2.539469e-11            0.2525
------------------------------------------------------
 Iterations:      16
 Final Rel. Res.: 2.539469e-11
 Asymptotic Rate: 0.251664 (Geom. Mean, last 4 iters)
======================================================

======================================================
  Refinement Level: 2
======================================================
 Mesh width (h):  1.7678e-01
 Total DOFs:      969
 Spectral Radii:  0.312935
 GMRES Avg Iters: 9.12
------------------------------------------------------
  MG RESIDUAL DECAY
------------------------------------------------------
 Iter    Rel. Residual           Reduction Factor
------------------------------------------------------
 0       4.405835e-02            -----
 1       6.084031e-03            0.1381
 2       1.362150e-03            0.2239
 3       3.632453e-04            0.2667
 4       1.018449e-04            0.2804
 5       2.966516e-05            0.2913
 6       8.828052e-06            0.2976
 7       2.651372e-06            0.3003
 8       7.988944e-07            0.3013
 9       2.410040e-07            0.3017
 10      7.275411e-08            0.3019
 11      2.197848e-08            0.3021
 12      6.645313e-09            0.3024
 13      2.011335e-09            0.3027
 14      6.094830e-10            0.3030
 15      1.849206e-10            0.3034
------------------------------------------------------
 Iterations:      16
 Final Rel. Res.: 1.849206e-10
 Asymptotic Rate: 0.303033 (Geom. Mean, last 4 iters)
======================================================

======================================================
  Refinement Level: 3
======================================================
 Mesh width (h):  8.8388e-02
 Total DOFs:      6545
 Spectral Radii:  0.337669
 GMRES Avg Iters: 10.00
------------------------------------------------------
  MG RESIDUAL DECAY
------------------------------------------------------
 Iter    Rel. Residual           Reduction Factor
------------------------------------------------------
 0       5.751154e-02            -----
 1       7.554237e-03            0.1314
 2       1.788238e-03            0.2367
 3       4.677039e-04            0.2615
 4       1.288569e-04            0.2755
 5       3.720718e-05            0.2887
 6       1.119145e-05            0.3008
 7       3.458919e-06            0.3091
 8       1.085913e-06            0.3139
 9       3.436171e-07            0.3164
 10      1.091465e-07            0.3176
 11      3.474487e-08            0.3183
 12      1.108174e-08            0.3189
 13      3.542674e-09            0.3197
 14      1.135834e-09            0.3206
 15      3.654133e-10            0.3217
------------------------------------------------------
 Iterations:      16
 Final Rel. Res.: 3.654133e-10
 Asymptotic Rate: 0.320670 (Geom. Mean, last 4 iters)
======================================================

======================================================
  Refinement Level: 4
======================================================
 Mesh width (h):  4.4194e-02
 Total DOFs:      47905
 Spectral Radii:  0.355741
 GMRES Avg Iters: 10.00
------------------------------------------------------
  MG RESIDUAL DECAY
------------------------------------------------------
 Iter    Rel. Residual           Reduction Factor
------------------------------------------------------
 0       5.952043e-02            -----
 1       7.618120e-03            0.1280
 2       1.739715e-03            0.2284
 3       4.482964e-04            0.2577
 4       1.212515e-04            0.2705
 5       3.395730e-05            0.2801
 6       9.775096e-06            0.2879
 7       2.881137e-06            0.2947
 8       8.671724e-07            0.3010
 9       2.658879e-07            0.3066
 10      8.284858e-08            0.3116
 11      2.617068e-08            0.3159
 12      8.361981e-09            0.3195
 13      2.697158e-09            0.3226
 14      8.767598e-10            0.3251
 15      2.868350e-10            0.3272
------------------------------------------------------
 Iterations:      16
 Final Rel. Res.: 2.868350e-10
 Asymptotic Rate: 0.324918 (Geom. Mean, last 4 iters)
======================================================

======================================================
  Refinement Level: 5
======================================================
 Mesh width (h):  2.2097e-02
 Total DOFs:      366145
 Spectral Radii:  0.369765
 GMRES Avg Iters: 10.00
------------------------------------------------------
  MG RESIDUAL DECAY
------------------------------------------------------
 Iter    Rel. Residual           Reduction Factor
------------------------------------------------------
 0       6.122173e-02            -----
 1       7.567872e-03            0.1236
 2       1.708943e-03            0.2258
 3       4.394530e-04            0.2571
 4       1.190233e-04            0.2708
 5       3.341118e-05            0.2807
 6       9.656142e-06            0.2890
 7       2.861002e-06            0.2963
 8       8.664043e-07            0.3028
 9       2.675285e-07            0.3088
 10      8.405972e-08            0.3142
 11      2.682957e-08            0.3192
 12      8.685361e-09            0.3237
 13      2.848002e-09            0.3279
 14      9.448802e-10            0.3318
 15      3.168582e-10            0.3353
------------------------------------------------------
 Iterations:      16
 Final Rel. Res.: 3.168582e-10
 Asymptotic Rate: 0.331659 (Geom. Mean, last 4 iters)
======================================================

