Device configuration: omp,cpu
Memory configuration: host-std
Loaded config: /cluster/home/rdabetic/decmg/configs/hcurl_3d_ball_rowsum_w.json
=================================================
  Multigrid Convergence Test Configuration
=================================================
 Problem Type:    hcurl
 Mesh File:       meshes/3d/ball.msh
 Output File:     out/rowsum/w/veclap/3d/ball.csv
 MG Cycle Type:   W-Cycle
 Mass Lumping:    rowsum
 B-Conditions:    essential
 Max Refinement:  5
 Eigenvalues:     1 (Tol: 0.01)
 GMRES Benchmark: 8 runs (Tol: 1e-06, K-Dim: 20)
=================================================

======================================================
  Refinement Level: 1
======================================================
 Mesh width (h):  3.0757e-01
 Total DOFs:      939
 Spectral Radii:  0.430222
 GMRES Avg Iters: 16.38
------------------------------------------------------
  MG RESIDUAL DECAY
------------------------------------------------------
 Iter    Rel. Residual           Reduction Factor
------------------------------------------------------
 0       5.701146e-02            -----
 1       1.111725e-02            0.1950
 2       3.312473e-03            0.2980
 3       1.212571e-03            0.3661
 4       4.687105e-04            0.3865
 5       1.858398e-04            0.3965
 6       7.533642e-05            0.4054
 7       3.065970e-05            0.4070
 8       1.272651e-05            0.4151
 9       5.254192e-06            0.4129
 10      2.203571e-06            0.4194
 11      9.173464e-07            0.4163
 12      3.863095e-07            0.4211
 13      1.616263e-07            0.4184
 14      6.816284e-08            0.4217
 15      2.860415e-08            0.4196
------------------------------------------------------
 Iterations:      16
 Final Rel. Res.: 2.860415e-08
 Asymptotic Rate: 0.419918 (Geom. Mean, last 4 iters)
======================================================

======================================================
  Refinement Level: 2
======================================================
 Mesh width (h):  1.5378e-01
 Total DOFs:      6341
 Spectral Radii:  0.464452
 GMRES Avg Iters: 19.75
------------------------------------------------------
  MG RESIDUAL DECAY
------------------------------------------------------
 Iter    Rel. Residual           Reduction Factor
------------------------------------------------------
 0       6.013867e-02            -----
 1       8.325373e-03            0.1384
 2       1.965232e-03            0.2361
 3       5.767232e-04            0.2935
 4       2.014186e-04            0.3492
 5       7.934334e-05            0.3939
 6       3.370400e-05            0.4248
 7       1.490896e-05            0.4423
 8       6.736729e-06            0.4519
 9       3.077904e-06            0.4569
 10      1.414369e-06            0.4595
 11      6.518208e-07            0.4609
 12      3.007858e-07            0.4615
 13      1.388528e-07            0.4616
 14      6.409112e-08            0.4616
 15      2.957100e-08            0.4614
------------------------------------------------------
 Iterations:      16
 Final Rel. Res.: 2.957100e-08
 Asymptotic Rate: 0.461533 (Geom. Mean, last 4 iters)
======================================================

======================================================
  Refinement Level: 3
======================================================
 Mesh width (h):  7.6892e-02
 Total DOFs:      46409
 Spectral Radii:  0.465182
 GMRES Avg Iters: 21.12
------------------------------------------------------
  MG RESIDUAL DECAY
------------------------------------------------------
 Iter    Rel. Residual           Reduction Factor
------------------------------------------------------
 0       5.720930e-02            -----
 1       7.588596e-03            0.1326
 2       1.755372e-03            0.2313
 3       4.737996e-04            0.2699
 4       1.372026e-04            0.2896
 5       4.227001e-05            0.3081
 6       1.384381e-05            0.3275
 7       4.855750e-06            0.3508
 8       1.825446e-06            0.3759
 9       7.299788e-07            0.3999
 10      3.062351e-07            0.4195
 11      1.328436e-07            0.4338
 12      5.890889e-08            0.4434
 13      2.649410e-08            0.4497
 14      1.202421e-08            0.4538
 15      5.489613e-09            0.4565
------------------------------------------------------
 Iterations:      16
 Final Rel. Res.: 5.489613e-09
 Asymptotic Rate: 0.453371 (Geom. Mean, last 4 iters)
======================================================

======================================================
  Refinement Level: 4
======================================================
 Mesh width (h):  3.8446e-02
 Total DOFs:      354705
 Spectral Radii:  0.465519
 GMRES Avg Iters: 22.25
------------------------------------------------------
  MG RESIDUAL DECAY
------------------------------------------------------
 Iter    Rel. Residual           Reduction Factor
------------------------------------------------------
 0       5.725215e-02            -----
 1       7.335989e-03            0.1281
 2       1.660889e-03            0.2264
 3       4.396097e-04            0.2647
 4       1.244445e-04            0.2831
 5       3.705885e-05            0.2978
 6       1.155435e-05            0.3118
 7       3.783808e-06            0.3275
 8       1.310801e-06            0.3464
 9       4.836557e-07            0.3690
 10      1.901421e-07            0.3931
 11      7.896716e-08            0.4153
 12      3.416864e-08            0.4327
 13      1.519509e-08            0.4447
 14      6.873251e-09            0.4523
 15      3.140621e-09            0.4569
------------------------------------------------------
 Iterations:      16
 Final Rel. Res.: 3.140621e-09
 Asymptotic Rate: 0.451297 (Geom. Mean, last 4 iters)
======================================================

======================================================
  Refinement Level: 5
======================================================
 Mesh width (h):  1.9223e-02
 Total DOFs:      2772769
 Spectral Radii:  0.465596
 GMRES Avg Iters: 23.00
------------------------------------------------------
  MG RESIDUAL DECAY
------------------------------------------------------
 Iter    Rel. Residual           Reduction Factor
------------------------------------------------------
 0       5.742178e-02            -----
 1       7.146023e-03            0.1244
 2       1.583108e-03            0.2215
 3       4.099804e-04            0.2590
 4       1.134502e-04            0.2767
 5       3.292971e-05            0.2903
 6       9.937010e-06            0.3018
 7       3.103370e-06            0.3123
 8       1.001078e-06            0.3226
 9       3.334956e-07            0.3331
 10      1.148774e-07            0.3445
 11      4.099720e-08            0.3569
 12      1.518714e-08            0.3704
 13      5.844438e-09            0.3848
 14      2.333701e-09            0.3993
 15      9.636775e-10            0.4129
------------------------------------------------------
 Iterations:      16
 Final Rel. Res.: 9.636775e-10
 Asymptotic Rate: 0.398858 (Geom. Mean, last 4 iters)
======================================================

