Device configuration: omp,cpu
Memory configuration: host-std
Loaded config: /cluster/home/rdabetic/decmg/configs/hcurl_2d_L_barycentric_v.json
=================================================
  Multigrid Convergence Test Configuration
=================================================
 Problem Type:    hcurl
 Mesh File:       meshes/2d/L.msh
 Output File:     out/barycentric/v/veclap/2d/L.csv
 MG Cycle Type:   V-Cycle
 Mass Lumping:    barycentric
 B-Conditions:    essential
 Max Refinement:  6
 Eigenvalues:     1 (Tol: 0.01)
 GMRES Benchmark: 8 runs (Tol: 1e-06, K-Dim: 20)
=================================================


Gmsh reader: all element attributes were zero.
MFEM only supports positive element attributes.
Setting element attributes to 1.

======================================================
  Refinement Level: 1
======================================================
 Mesh width (h):  1.8352e-01
 Total DOFs:      205
 Spectral Radii:  0.250841
 GMRES Avg Iters: 8.88
------------------------------------------------------
  MG RESIDUAL DECAY
------------------------------------------------------
 Iter    Rel. Residual           Reduction Factor
------------------------------------------------------
 0       1.114975e-01            -----
 1       1.541808e-02            0.1383
 2       2.763917e-03            0.1793
 3       5.963150e-04            0.2157
 4       1.558994e-04            0.2614
 5       4.163661e-05            0.2671
 6       1.133990e-05            0.2724
 7       2.919701e-06            0.2575
 8       7.073148e-07            0.2423
 9       1.708847e-07            0.2416
 10      4.254284e-08            0.2490
 11      1.070066e-08            0.2515
 12      2.626785e-09            0.2455
 13      6.161633e-10            0.2346
 14      1.372548e-10            0.2228
 15      2.944621e-11            0.2145
------------------------------------------------------
 Iterations:      16
 Final Rel. Res.: 2.944621e-11
 Asymptotic Rate: 0.223804 (Geom. Mean, last 4 iters)
======================================================

======================================================
  Refinement Level: 2
======================================================
 Mesh width (h):  9.1759e-02
 Total DOFs:      761
 Spectral Radii:  0.329484
 GMRES Avg Iters: 10.00
------------------------------------------------------
  MG RESIDUAL DECAY
------------------------------------------------------
 Iter    Rel. Residual           Reduction Factor
------------------------------------------------------
 0       1.074132e-01            -----
 1       1.596842e-02            0.1487
 2       2.825673e-03            0.1770
 3       7.200193e-04            0.2548
 4       2.099230e-04            0.2916
 5       6.369683e-05            0.3034
 6       2.022003e-05            0.3174
 7       6.586897e-06            0.3258
 8       2.170286e-06            0.3295
 9       7.207737e-07            0.3321
 10      2.403669e-07            0.3335
 11      8.020865e-08            0.3337
 12      2.671702e-08            0.3331
 13      8.872309e-09            0.3321
 14      2.936807e-09            0.3310
 15      9.692810e-10            0.3300
------------------------------------------------------
 Iterations:      16
 Final Rel. Res.: 9.692810e-10
 Asymptotic Rate: 0.331045 (Geom. Mean, last 4 iters)
======================================================

======================================================
  Refinement Level: 3
======================================================
 Mesh width (h):  4.5880e-02
 Total DOFs:      2929
 Spectral Radii:  0.406742
 GMRES Avg Iters: 10.38
------------------------------------------------------
  MG RESIDUAL DECAY
------------------------------------------------------
 Iter    Rel. Residual           Reduction Factor
------------------------------------------------------
 0       1.001966e-01            -----
 1       1.484347e-02            0.1481
 2       2.813618e-03            0.1896
 3       6.757326e-04            0.2402
 4       1.947199e-04            0.2882
 5       5.904288e-05            0.3032
 6       1.876569e-05            0.3178
 7       6.331788e-06            0.3374
 8       2.221711e-06            0.3509
 9       7.969024e-07            0.3587
 10      2.897168e-07            0.3636
 11      1.064280e-07            0.3674
 12      3.946578e-08            0.3708
 13      1.476408e-08            0.3741
 14      5.568594e-09            0.3772
 15      2.116081e-09            0.3800
------------------------------------------------------
 Iterations:      16
 Final Rel. Res.: 2.116081e-09
 Asymptotic Rate: 0.377083 (Geom. Mean, last 4 iters)
======================================================

======================================================
  Refinement Level: 4
======================================================
 Mesh width (h):  2.2940e-02
 Total DOFs:      11489
 Spectral Radii:  0.436872
 GMRES Avg Iters: 11.00
------------------------------------------------------
  MG RESIDUAL DECAY
------------------------------------------------------
 Iter    Rel. Residual           Reduction Factor
------------------------------------------------------
 0       1.065704e-01            -----
 1       1.554808e-02            0.1459
 2       3.060684e-03            0.1969
 3       7.774264e-04            0.2540
 4       2.355254e-04            0.3030
 5       7.828062e-05            0.3324
 6       2.746260e-05            0.3508
 7       1.000605e-05            0.3644
 8       3.746873e-06            0.3745
 9       1.432666e-06            0.3824
 10      5.574512e-07            0.3891
 11      2.201906e-07            0.3950
 12      8.808827e-08            0.4001
 13      3.561824e-08            0.4043
 14      1.453177e-08            0.4080
 15      5.973775e-09            0.4111
------------------------------------------------------
 Iterations:      16
 Final Rel. Res.: 5.973775e-09
 Asymptotic Rate: 0.407797 (Geom. Mean, last 4 iters)
======================================================

======================================================
  Refinement Level: 5
======================================================
 Mesh width (h):  1.1470e-02
 Total DOFs:      45505
 Spectral Radii:  0.453459
 GMRES Avg Iters: 11.00
------------------------------------------------------
  MG RESIDUAL DECAY
------------------------------------------------------
 Iter    Rel. Residual           Reduction Factor
------------------------------------------------------
 0       1.087950e-01            -----
 1       1.595446e-02            0.1466
 2       3.092081e-03            0.1938
 3       7.976164e-04            0.2580
 4       2.526892e-04            0.3168
 5       8.818322e-05            0.3490
 6       3.280274e-05            0.3720
 7       1.276392e-05            0.3891
 8       5.117464e-06            0.4009
 9       2.092691e-06            0.4089
 10      8.673550e-07            0.4145
 11      3.631069e-07            0.4186
 12      1.532133e-07            0.4220
 13      6.505907e-08            0.4246
 14      2.776853e-08            0.4268
 15      1.190251e-08            0.4286
------------------------------------------------------
 Iterations:      16
 Final Rel. Res.: 1.190251e-08
 Asymptotic Rate: 0.426692 (Geom. Mean, last 4 iters)
======================================================

======================================================
  Refinement Level: 6
======================================================
 Mesh width (h):  5.7350e-03
 Total DOFs:      181121
 Spectral Radii:  0.460716
 GMRES Avg Iters: 11.00
------------------------------------------------------
  MG RESIDUAL DECAY
------------------------------------------------------
 Iter    Rel. Residual           Reduction Factor
------------------------------------------------------
 0       1.095088e-01            -----
 1       1.595087e-02            0.1457
 2       3.070922e-03            0.1925
 3       7.931031e-04            0.2583
 4       2.518123e-04            0.3175
 5       8.878392e-05            0.3526
 6       3.310486e-05            0.3729
 7       1.273976e-05            0.3848
 8       5.028496e-06            0.3947
 9       2.032673e-06            0.4042
 10      8.390660e-07            0.4128
 11      3.522011e-07            0.4198
 12      1.497417e-07            0.4252
 13      6.428733e-08            0.4293
 14      2.780805e-08            0.4326
 15      1.209995e-08            0.4351
------------------------------------------------------
 Iterations:      16
 Final Rel. Res.: 1.209995e-08
 Asymptotic Rate: 0.432328 (Geom. Mean, last 4 iters)
======================================================

