Device configuration: omp,cpu
Memory configuration: host-std
Loaded config: /cluster/home/rdabetic/decmg/configs/hcurl_3d_cube_barycentric_v.json
=================================================
  Multigrid Convergence Test Configuration
=================================================
 Problem Type:    hcurl
 Mesh File:       meshes/3d/cube.msh
 Output File:     out/barycentric/v/veclap/3d/cube.csv
 MG Cycle Type:   V-Cycle
 Mass Lumping:    barycentric
 B-Conditions:    essential
 Max Refinement:  5
 Eigenvalues:     1 (Tol: 0.01)
 GMRES Benchmark: 8 runs (Tol: 1e-06, K-Dim: 20)
=================================================

======================================================
  Refinement Level: 1
======================================================
 Mesh width (h):  5.0000e-01
 Total DOFs:      365
 Spectral Radii:  0.445994
 GMRES Avg Iters: 10.00
------------------------------------------------------
  MG RESIDUAL DECAY
------------------------------------------------------
 Iter    Rel. Residual           Reduction Factor
------------------------------------------------------
 0       6.277206e-02            -----
 1       9.005591e-03            0.1435
 2       1.250251e-03            0.1388
 3       3.707679e-04            0.2966
 4       1.793969e-04            0.4839
 5       8.331648e-05            0.4644
 6       3.779036e-05            0.4536
 7       1.700891e-05            0.4501
 8       7.629541e-06            0.4486
 9       3.415173e-06            0.4476
 10      1.526548e-06            0.4470
 11      6.817134e-07            0.4466
 12      3.042569e-07            0.4463
 13      1.357474e-07            0.4462
 14      6.055373e-08            0.4461
 15      2.700894e-08            0.4460
------------------------------------------------------
 Iterations:      16
 Final Rel. Res.: 2.700894e-08
 Asymptotic Rate: 0.446090 (Geom. Mean, last 4 iters)
======================================================

======================================================
  Refinement Level: 2
======================================================
 Mesh width (h):  2.5000e-01
 Total DOFs:      2457
 Spectral Radii:  0.466962
 GMRES Avg Iters: 10.00
------------------------------------------------------
  MG RESIDUAL DECAY
------------------------------------------------------
 Iter    Rel. Residual           Reduction Factor
------------------------------------------------------
 0       6.126924e-02            -----
 1       9.355478e-03            0.1527
 2       2.481282e-03            0.2652
 3       8.000032e-04            0.3224
 4       2.883704e-04            0.3605
 5       1.109537e-04            0.3848
 6       4.422082e-05            0.3986
 7       1.798816e-05            0.4068
 8       7.418378e-06            0.4124
 9       3.092151e-06            0.4168
 10      1.300441e-06            0.4206
 11      5.510989e-07            0.4238
 12      2.350602e-07            0.4265
 13      1.008085e-07            0.4289
 14      4.343156e-08            0.4308
 15      1.878416e-08            0.4325
------------------------------------------------------
 Iterations:      16
 Final Rel. Res.: 1.878416e-08
 Asymptotic Rate: 0.430729 (Geom. Mean, last 4 iters)
======================================================

======================================================
  Refinement Level: 3
======================================================
 Mesh width (h):  1.2500e-01
 Total DOFs:      17969
 Spectral Radii:  0.478307
 GMRES Avg Iters: 11.00
------------------------------------------------------
  MG RESIDUAL DECAY
------------------------------------------------------
 Iter    Rel. Residual           Reduction Factor
------------------------------------------------------
 0       6.079409e-02            -----
 1       8.506398e-03            0.1399
 2       2.165657e-03            0.2546
 3       6.771203e-04            0.3127
 4       2.405438e-04            0.3552
 5       9.207703e-05            0.3828
 6       3.675045e-05            0.3991
 7       1.504056e-05            0.4093
 8       6.265626e-06            0.4166
 9       2.648259e-06            0.4227
 10      1.133800e-06            0.4281
 11      4.911635e-07            0.4332
 12      2.151046e-07            0.4379
 13      9.516028e-08            0.4424
 14      4.249142e-08            0.4465
 15      1.913581e-08            0.4503
------------------------------------------------------
 Iterations:      16
 Final Rel. Res.: 1.913581e-08
 Asymptotic Rate: 0.446408 (Geom. Mean, last 4 iters)
======================================================

======================================================
  Refinement Level: 4
======================================================
 Mesh width (h):  6.2500e-02
 Total DOFs:      137313
 Spectral Radii:  0.484708
 GMRES Avg Iters: 11.00
------------------------------------------------------
  MG RESIDUAL DECAY
------------------------------------------------------
 Iter    Rel. Residual           Reduction Factor
------------------------------------------------------
 0       6.213865e-02            -----
 1       8.785384e-03            0.1414
 2       2.228184e-03            0.2536
 3       7.016462e-04            0.3149
 4       2.490659e-04            0.3550
 5       9.432269e-05            0.3787
 6       3.700595e-05            0.3923
 7       1.482811e-05            0.4007
 8       6.028166e-06            0.4065
 9       2.478225e-06            0.4111
 10      1.028369e-06            0.4150
 11      4.302183e-07            0.4184
 12      1.812941e-07            0.4214
 13      7.690211e-08            0.4242
 14      3.281802e-08            0.4268
 15      1.408341e-08            0.4291
------------------------------------------------------
 Iterations:      16
 Final Rel. Res.: 1.408341e-08
 Asymptotic Rate: 0.426686 (Geom. Mean, last 4 iters)
======================================================

======================================================
  Refinement Level: 5
======================================================
 Mesh width (h):  3.1250e-02
 Total DOFs:      1073345
 Spectral Radii:  0.489145
 GMRES Avg Iters: 11.00
------------------------------------------------------
  MG RESIDUAL DECAY
------------------------------------------------------
 Iter    Rel. Residual           Reduction Factor
------------------------------------------------------
 0       6.305560e-02            -----
 1       8.933925e-03            0.1417
 2       2.293264e-03            0.2567
 3       7.288919e-04            0.3178
 4       2.601396e-04            0.3569
 5       9.897241e-05            0.3805
 6       3.901640e-05            0.3942
 7       1.571004e-05            0.4027
 8       6.416430e-06            0.4084
 9       2.648923e-06            0.4128
 10      1.103147e-06            0.4165
 11      4.628212e-07            0.4195
 12      1.954297e-07            0.4223
 13      8.299237e-08            0.4247
 14      3.542359e-08            0.4268
 15      1.518936e-08            0.4288
------------------------------------------------------
 Iterations:      16
 Final Rel. Res.: 1.518936e-08
 Asymptotic Rate: 0.426759 (Geom. Mean, last 4 iters)
======================================================

