Device configuration: omp,cpu
Memory configuration: host-std
Loaded config: /cluster/home/rdabetic/decmg/configs/hcurl_3d_ball_scaledid_w.json
=================================================
  Multigrid Convergence Test Configuration
=================================================
 Problem Type:    hcurl
 Mesh File:       meshes/3d/ball.msh
 Output File:     out/scaledid/w/veclap/3d/ball.csv
 MG Cycle Type:   W-Cycle
 Mass Lumping:    scaledid
 B-Conditions:    essential
 Max Refinement:  5
 Eigenvalues:     1 (Tol: 0.01)
 GMRES Benchmark: 8 runs (Tol: 1e-06, K-Dim: 20)
=================================================

======================================================
  Refinement Level: 1
======================================================
 Mesh width (h):  3.0757e-01
 Total DOFs:      939
 Spectral Radii:  0.315128
 GMRES Avg Iters: 24.12
------------------------------------------------------
  MG RESIDUAL DECAY
------------------------------------------------------
 Iter    Rel. Residual           Reduction Factor
------------------------------------------------------
 0       5.977030e-02            -----
 1       9.011947e-03            0.1508
 2       2.045297e-03            0.2270
 3       5.795825e-04            0.2834
 4       1.776312e-04            0.3065
 5       5.543752e-05            0.3121
 6       1.739289e-05            0.3137
 7       5.465293e-06            0.3142
 8       1.717719e-06            0.3143
 9       5.396163e-07            0.3141
 10      1.693832e-07            0.3139
 11      5.311732e-08            0.3136
 12      1.663997e-08            0.3133
 13      5.207256e-09            0.3129
 14      1.627809e-09            0.3126
 15      5.083212e-10            0.3123
------------------------------------------------------
 Iterations:      16
 Final Rel. Res.: 5.083212e-10
 Asymptotic Rate: 0.312604 (Geom. Mean, last 4 iters)
======================================================

======================================================
  Refinement Level: 2
======================================================
 Mesh width (h):  1.5378e-01
 Total DOFs:      6341
 Spectral Radii:  0.362481
 GMRES Avg Iters: 33.00
------------------------------------------------------
  MG RESIDUAL DECAY
------------------------------------------------------
 Iter    Rel. Residual           Reduction Factor
------------------------------------------------------
 0       6.001090e-02            -----
 1       7.954152e-03            0.1325
 2       1.711788e-03            0.2152
 3       4.313327e-04            0.2520
 4       1.211388e-04            0.2808
 5       3.716146e-05            0.3068
 6       1.214478e-05            0.3268
 7       4.134849e-06            0.3405
 8       1.441423e-06            0.3486
 9       5.088205e-07            0.3530
 10      1.807603e-07            0.3553
 11      6.442604e-08            0.3564
 12      2.300444e-08            0.3571
 13      8.223984e-09            0.3575
 14      2.942866e-09            0.3578
 15      1.054020e-09            0.3582
------------------------------------------------------
 Iterations:      16
 Final Rel. Res.: 1.054020e-09
 Asymptotic Rate: 0.357832 (Geom. Mean, last 4 iters)
======================================================

======================================================
  Refinement Level: 3
======================================================
 Mesh width (h):  7.6892e-02
 Total DOFs:      46409
 Spectral Radii:  0.366949
 GMRES Avg Iters: 37.00
------------------------------------------------------
  MG RESIDUAL DECAY
------------------------------------------------------
 Iter    Rel. Residual           Reduction Factor
------------------------------------------------------
 0       5.880603e-02            -----
 1       7.339913e-03            0.1248
 2       1.578529e-03            0.2151
 3       3.842047e-04            0.2434
 4       9.790721e-05            0.2548
 5       2.565999e-05            0.2621
 6       6.870654e-06            0.2678
 7       1.877572e-06            0.2733
 8       5.248178e-07            0.2795
 9       1.506428e-07            0.2870
 10      4.459970e-08            0.2961
 11      1.366410e-08            0.3064
 12      4.334526e-09            0.3172
 13      1.419746e-09            0.3275
 14      4.776194e-10            0.3364
 15      1.639972e-10            0.3434
------------------------------------------------------
 Iterations:      16
 Final Rel. Res.: 1.639972e-10
 Asymptotic Rate: 0.335711 (Geom. Mean, last 4 iters)
======================================================

======================================================
  Refinement Level: 4
======================================================
 Mesh width (h):  3.8446e-02
 Total DOFs:      354705
 Spectral Radii:  0.368495
 GMRES Avg Iters: 39.38
------------------------------------------------------
  MG RESIDUAL DECAY
------------------------------------------------------
 Iter    Rel. Residual           Reduction Factor
------------------------------------------------------
 0       5.820063e-02            -----
 1       7.055148e-03            0.1212
 2       1.498394e-03            0.2124
 3       3.635247e-04            0.2426
 4       9.239607e-05            0.2542
 5       2.415543e-05            0.2614
 6       6.451659e-06            0.2671
 7       1.757672e-06            0.2724
 8       4.893702e-07            0.2784
 9       1.398581e-07            0.2858
 10      4.126896e-08            0.2951
 11      1.264177e-08            0.3063
 12      4.030893e-09            0.3189
 13      1.335621e-09            0.3313
 14      4.573640e-10            0.3424
 15      1.606842e-10            0.3513
------------------------------------------------------
 Iterations:      16
 Final Rel. Res.: 1.606842e-10
 Asymptotic Rate: 0.341605 (Geom. Mean, last 4 iters)
======================================================

======================================================
  Refinement Level: 5
======================================================
 Mesh width (h):  1.9223e-02
 Total DOFs:      2772769
 Spectral Radii:  0.368863
 GMRES Avg Iters: 40.00
------------------------------------------------------
  MG RESIDUAL DECAY
------------------------------------------------------
 Iter    Rel. Residual           Reduction Factor
------------------------------------------------------
 0       5.822327e-02            -----
 1       6.924671e-03            0.1189
 2       1.454623e-03            0.2101
 3       3.502462e-04            0.2408
 4       8.834830e-05            0.2522
 5       2.288181e-05            0.2590
 6       6.034429e-06            0.2637
 7       1.614302e-06            0.2675
 8       4.372623e-07            0.2709
 9       1.198364e-07            0.2741
 10      3.323054e-08            0.2773
 11      9.329581e-09            0.2808
 12      2.654905e-09            0.2846
 13      7.669133e-10            0.2889
 14      2.252700e-10            0.2937
 15      6.740494e-11            0.2992
------------------------------------------------------
 Iterations:      16
 Final Rel. Res.: 6.740494e-11
 Asymptotic Rate: 0.293910 (Geom. Mean, last 4 iters)
======================================================

