Device configuration: omp,cpu
Memory configuration: host-std
Loaded config: /cluster/home/rdabetic/decmg/configs/hcurl_2d_reentrant_rowsum_w.json
=================================================
  Multigrid Convergence Test Configuration
=================================================
 Problem Type:    hcurl
 Mesh File:       meshes/2d/reentrant.msh
 Output File:     out/rowsum/w/veclap/2d/reentrant.csv
 MG Cycle Type:   W-Cycle
 Mass Lumping:    rowsum
 B-Conditions:    essential
 Max Refinement:  6
 Eigenvalues:     1 (Tol: 0.01)
 GMRES Benchmark: 8 runs (Tol: 1e-06, K-Dim: 20)
=================================================


Gmsh reader: all element attributes were zero.
MFEM only supports positive element attributes.
Setting element attributes to 1.

======================================================
  Refinement Level: 1
======================================================
 Mesh width (h):  1.4951e-01
 Total DOFs:      297
 Spectral Radii:  0.168178
 GMRES Avg Iters: 8.00
------------------------------------------------------
  MG RESIDUAL DECAY
------------------------------------------------------
 Iter    Rel. Residual           Reduction Factor
------------------------------------------------------
 0       8.190887e-02            -----
 1       2.618531e-02            0.3197
 2       1.766655e-03            0.0675
 3       4.514675e-04            0.2555
 4       5.689718e-05            0.1260
 5       8.901503e-06            0.1564
 6       1.142479e-06            0.1283
 7       1.432983e-07            0.1254
 8       2.185346e-08            0.1525
 9       3.797207e-09            0.1738
 10      6.372867e-10            0.1678
 11      9.649422e-11            0.1514
 12      1.439486e-11            0.1492
 13      2.631759e-12            0.1828
 14      5.324991e-13            0.2023
 15      9.338459e-14            0.1754
------------------------------------------------------
 Iterations:      16
 Final Rel. Res.: 9.338459e-14
 Asymptotic Rate: 0.186504 (Geom. Mean, last 4 iters)
======================================================

======================================================
  Refinement Level: 2
======================================================
 Mesh width (h):  7.4754e-02
 Total DOFs:      1105
 Spectral Radii:  0.19091
 GMRES Avg Iters: 8.75
------------------------------------------------------
  MG RESIDUAL DECAY
------------------------------------------------------
 Iter    Rel. Residual           Reduction Factor
------------------------------------------------------
 0       9.911974e-02            -----
 1       2.391466e-02            0.2413
 2       2.495150e-03            0.1043
 3       2.466299e-04            0.0988
 4       8.363637e-05            0.3391
 5       1.034912e-05            0.1237
 6       1.884141e-06            0.1821
 7       3.980334e-07            0.2113
 8       7.418106e-08            0.1864
 9       1.398040e-08            0.1885
 10      2.398713e-09            0.1716
 11      3.997747e-10            0.1667
 12      6.633430e-11            0.1659
 13      1.126081e-11            0.1698
 14      2.012924e-12            0.1788
 15      3.760703e-13            0.1868
------------------------------------------------------
 Iterations:      16
 Final Rel. Res.: 3.760703e-13
 Asymptotic Rate: 0.178311 (Geom. Mean, last 4 iters)
======================================================

======================================================
  Refinement Level: 3
======================================================
 Mesh width (h):  3.7377e-02
 Total DOFs:      4257
 Spectral Radii:  0.222436
 GMRES Avg Iters: 9.00
------------------------------------------------------
  MG RESIDUAL DECAY
------------------------------------------------------
 Iter    Rel. Residual           Reduction Factor
------------------------------------------------------
 0       9.824244e-02            -----
 1       2.183497e-02            0.2223
 2       2.594878e-03            0.1188
 3       2.688429e-04            0.1036
 4       5.854612e-05            0.2178
 5       1.039112e-05            0.1775
 6       1.865526e-06            0.1795
 7       3.431260e-07            0.1839
 8       6.613253e-08            0.1927
 9       1.291599e-08            0.1953
 10      2.544971e-09            0.1970
 11      5.090144e-10            0.2000
 12      1.026832e-10            0.2017
 13      2.113680e-11            0.2058
 14      4.385231e-12            0.2075
 15      9.098442e-13            0.2075
------------------------------------------------------
 Iterations:      16
 Final Rel. Res.: 9.098442e-13
 Asymptotic Rate: 0.206930 (Geom. Mean, last 4 iters)
======================================================

======================================================
  Refinement Level: 4
======================================================
 Mesh width (h):  1.8689e-02
 Total DOFs:      16705
 Spectral Radii:  0.23876
 GMRES Avg Iters: 9.00
------------------------------------------------------
  MG RESIDUAL DECAY
------------------------------------------------------
 Iter    Rel. Residual           Reduction Factor
------------------------------------------------------
 0       9.687801e-02            -----
 1       1.424736e-02            0.1471
 2       1.784143e-03            0.1252
 3       2.653417e-04            0.1487
 4       5.240160e-05            0.1975
 5       1.283296e-05            0.2449
 6       2.387936e-06            0.1861
 7       4.771115e-07            0.1998
 8       9.121764e-08            0.1912
 9       1.750137e-08            0.1919
 10      3.470375e-09            0.1983
 11      7.156784e-10            0.2062
 12      1.520795e-10            0.2125
 13      3.285325e-11            0.2160
 14      7.161742e-12            0.2180
 15      1.565744e-12            0.2186
------------------------------------------------------
 Iterations:      16
 Final Rel. Res.: 1.565744e-12
 Asymptotic Rate: 0.217545 (Geom. Mean, last 4 iters)
======================================================

======================================================
  Refinement Level: 5
======================================================
 Mesh width (h):  9.3443e-03
 Total DOFs:      66177
 Spectral Radii:  0.244979
 GMRES Avg Iters: 9.00
------------------------------------------------------
  MG RESIDUAL DECAY
------------------------------------------------------
 Iter    Rel. Residual           Reduction Factor
------------------------------------------------------
 0       9.613801e-02            -----
 1       1.333149e-02            0.1387
 2       2.149183e-03            0.1612
 3       2.622452e-04            0.1220
 4       5.118650e-05            0.1952
 5       8.987891e-06            0.1756
 6       1.691611e-06            0.1882
 7       3.481572e-07            0.2058
 8       7.383295e-08            0.2121
 9       1.583704e-08            0.2145
 10      3.437858e-09            0.2171
 11      7.553350e-10            0.2197
 12      1.678213e-10            0.2222
 13      3.767359e-11            0.2245
 14      8.533676e-12            0.2265
 15      1.946627e-12            0.2281
------------------------------------------------------
 Iterations:      16
 Final Rel. Res.: 1.946627e-12
 Asymptotic Rate: 0.226366 (Geom. Mean, last 4 iters)
======================================================

======================================================
  Refinement Level: 6
======================================================
 Mesh width (h):  4.6722e-03
 Total DOFs:      263425
 Spectral Radii:  0.247017
 GMRES Avg Iters: 9.00
------------------------------------------------------
  MG RESIDUAL DECAY
------------------------------------------------------
 Iter    Rel. Residual           Reduction Factor
------------------------------------------------------
 0       9.589781e-02            -----
 1       1.388036e-02            0.1447
 2       1.820159e-03            0.1311
 3       2.790834e-04            0.1533
 4       4.734673e-05            0.1697
 5       8.945527e-06            0.1889
 6       1.805984e-06            0.2019
 7       3.791518e-07            0.2099
 8       8.127593e-08            0.2144
 9       1.762863e-08            0.2169
 10      3.867094e-09            0.2194
 11      8.575925e-10            0.2218
 12      1.921471e-10            0.2241
 13      4.343856e-11            0.2261
 14      9.893588e-12            0.2278
 15      2.267804e-12            0.2292
------------------------------------------------------
 Iterations:      16
 Final Rel. Res.: 2.267804e-12
 Asymptotic Rate: 0.227680 (Geom. Mean, last 4 iters)
======================================================

