Device configuration: omp,cpu
Memory configuration: host-std
Loaded config: /cluster/home/rdabetic/decmg/configs/hcurl_2d_circle_barycentric_w.json
=================================================
  Multigrid Convergence Test Configuration
=================================================
 Problem Type:    hcurl
 Mesh File:       meshes/2d/circle.msh
 Output File:     out/barycentric/w/veclap/2d/circle.csv
 MG Cycle Type:   W-Cycle
 Mass Lumping:    barycentric
 B-Conditions:    essential
 Max Refinement:  6
 Eigenvalues:     1 (Tol: 0.01)
 GMRES Benchmark: 8 runs (Tol: 1e-06, K-Dim: 20)
=================================================


Gmsh reader: all element attributes were zero.
MFEM only supports positive element attributes.
Setting element attributes to 1.

======================================================
  Refinement Level: 1
======================================================
 Mesh width (h):  1.8955e-01
 Total DOFs:      807
 Spectral Radii:  0.284893
 GMRES Avg Iters: 9.00
------------------------------------------------------
  MG RESIDUAL DECAY
------------------------------------------------------
 Iter    Rel. Residual           Reduction Factor
------------------------------------------------------
 0       9.478740e-02            -----
 1       1.256678e-02            0.1326
 2       2.531186e-03            0.2014
 3       6.299363e-04            0.2489
 4       1.600257e-04            0.2540
 5       4.226834e-05            0.2641
 6       1.167863e-05            0.2763
 7       3.301262e-06            0.2827
 8       9.361745e-07            0.2836
 9       2.636420e-07            0.2816
 10      7.341994e-08            0.2785
 11      2.025419e-08            0.2759
 12      5.570035e-09            0.2750
 13      1.538551e-09            0.2762
 14      4.292091e-10            0.2790
 15      1.210948e-10            0.2821
------------------------------------------------------
 Iterations:      16
 Final Rel. Res.: 1.210948e-10
 Asymptotic Rate: 0.279097 (Geom. Mean, last 4 iters)
======================================================

======================================================
  Refinement Level: 2
======================================================
 Mesh width (h):  9.4776e-02
 Total DOFs:      3133
 Spectral Radii:  0.33724
 GMRES Avg Iters: 9.00
------------------------------------------------------
  MG RESIDUAL DECAY
------------------------------------------------------
 Iter    Rel. Residual           Reduction Factor
------------------------------------------------------
 0       1.055527e-01            -----
 1       1.425549e-02            0.1351
 2       2.647286e-03            0.1857
 3       6.043467e-04            0.2283
 4       1.546503e-04            0.2559
 5       3.970419e-05            0.2567
 6       1.037456e-05            0.2613
 7       2.852673e-06            0.2750
 8       8.228715e-07            0.2885
 9       2.457699e-07            0.2987
 10      7.533567e-08            0.3065
 11      2.359681e-08            0.3132
 12      7.528209e-09            0.3190
 13      2.437088e-09            0.3237
 14      7.975418e-10            0.3273
 15      2.630739e-10            0.3299
------------------------------------------------------
 Iterations:      16
 Final Rel. Res.: 2.630739e-10
 Asymptotic Rate: 0.326935 (Geom. Mean, last 4 iters)
======================================================

======================================================
  Refinement Level: 3
======================================================
 Mesh width (h):  4.7388e-02
 Total DOFs:      12345
 Spectral Radii:  0.362612
 GMRES Avg Iters: 10.00
------------------------------------------------------
  MG RESIDUAL DECAY
------------------------------------------------------
 Iter    Rel. Residual           Reduction Factor
------------------------------------------------------
 0       1.117084e-01            -----
 1       1.529255e-02            0.1369
 2       2.689510e-03            0.1759
 3       5.895266e-04            0.2192
 4       1.471859e-04            0.2497
 5       3.844013e-05            0.2612
 6       1.067179e-05            0.2776
 7       3.155973e-06            0.2957
 8       9.720159e-07            0.3080
 9       3.077821e-07            0.3166
 10      9.958455e-08            0.3236
 11      3.277448e-08            0.3291
 12      1.093593e-08            0.3337
 13      3.690156e-09            0.3374
 14      1.256394e-09            0.3405
 15      4.308006e-10            0.3429
------------------------------------------------------
 Iterations:      16
 Final Rel. Res.: 4.308006e-10
 Asymptotic Rate: 0.340257 (Geom. Mean, last 4 iters)
======================================================

======================================================
  Refinement Level: 4
======================================================
 Mesh width (h):  2.3694e-02
 Total DOFs:      49009
 Spectral Radii:  0.39936
 GMRES Avg Iters: 10.00
------------------------------------------------------
  MG RESIDUAL DECAY
------------------------------------------------------
 Iter    Rel. Residual           Reduction Factor
------------------------------------------------------
 0       1.090920e-01            -----
 1       1.520041e-02            0.1393
 2       2.704993e-03            0.1780
 3       6.134876e-04            0.2268
 4       1.614473e-04            0.2632
 5       4.574838e-05            0.2834
 6       1.375390e-05            0.3006
 7       4.388683e-06            0.3191
 8       1.461121e-06            0.3329
 9       5.009962e-07            0.3429
 10      1.755961e-07            0.3505
 11      6.261858e-08            0.3566
 12      2.265888e-08            0.3619
 13      8.306520e-09            0.3666
 14      3.081085e-09            0.3709
 15      1.155026e-09            0.3749
------------------------------------------------------
 Iterations:      16
 Final Rel. Res.: 1.155026e-09
 Asymptotic Rate: 0.370781 (Geom. Mean, last 4 iters)
======================================================

======================================================
  Refinement Level: 5
======================================================
 Mesh width (h):  1.1847e-02
 Total DOFs:      195297
 Spectral Radii:  0.417673
 GMRES Avg Iters: 10.00
------------------------------------------------------
  MG RESIDUAL DECAY
------------------------------------------------------
 Iter    Rel. Residual           Reduction Factor
------------------------------------------------------
 0       1.112000e-01            -----
 1       1.561766e-02            0.1404
 2       2.749109e-03            0.1760
 3       6.095113e-04            0.2217
 4       1.594454e-04            0.2616
 5       4.500999e-05            0.2823
 6       1.360258e-05            0.3022
 7       4.380642e-06            0.3220
 8       1.474181e-06            0.3365
 9       5.113075e-07            0.3468
 10      1.812177e-07            0.3544
 11      6.529547e-08            0.3603
 12      2.384530e-08            0.3652
 13      8.807677e-09            0.3694
 14      3.285419e-09            0.3730
 15      1.236134e-09            0.3762
------------------------------------------------------
 Iterations:      16
 Final Rel. Res.: 1.236134e-09
 Asymptotic Rate: 0.372867 (Geom. Mean, last 4 iters)
======================================================

======================================================
  Refinement Level: 6
======================================================
 Mesh width (h):  5.9235e-03
 Total DOFs:      779713
 Spectral Radii:  0.423295
 GMRES Avg Iters: 10.00
------------------------------------------------------
  MG RESIDUAL DECAY
------------------------------------------------------
 Iter    Rel. Residual           Reduction Factor
------------------------------------------------------
 0       1.112013e-01            -----
 1       1.569847e-02            0.1412
 2       2.767492e-03            0.1763
 3       6.193899e-04            0.2238
 4       1.617544e-04            0.2612
 5       4.555990e-05            0.2817
 6       1.383013e-05            0.3036
 7       4.489208e-06            0.3246
 8       1.526559e-06            0.3401
 9       5.368957e-07            0.3517
 10      1.937110e-07            0.3608
 11      7.133512e-08            0.3683
 12      2.672544e-08            0.3746
 13      1.016131e-08            0.3802
 14      3.912999e-09            0.3851
 15      1.523659e-09            0.3894
------------------------------------------------------
 Iterations:      16
 Final Rel. Res.: 1.523659e-09
 Asymptotic Rate: 0.384876 (Geom. Mean, last 4 iters)
======================================================

