Device configuration: omp,cpu
Memory configuration: host-std
Loaded config: /cluster/home/rdabetic/decmg/configs/hcurl_3d_tetra_scaledid_w.json
=================================================
  Multigrid Convergence Test Configuration
=================================================
 Problem Type:    hcurl
 Mesh File:       meshes/3d/tetra.msh
 Output File:     out/scaledid/w/veclap/3d/tetra.csv
 MG Cycle Type:   W-Cycle
 Mass Lumping:    scaledid
 B-Conditions:    essential
 Max Refinement:  5
 Eigenvalues:     1 (Tol: 0.01)
 GMRES Benchmark: 8 runs (Tol: 1e-06, K-Dim: 20)
=================================================

======================================================
  Refinement Level: 1
======================================================
 Mesh width (h):  3.5355e-01
 Total DOFs:      165
 Spectral Radii:  0.258297
 GMRES Avg Iters: 9.12
------------------------------------------------------
  MG RESIDUAL DECAY
------------------------------------------------------
 Iter    Rel. Residual           Reduction Factor
------------------------------------------------------
 0       6.495296e-02            -----
 1       1.247849e-02            0.1921
 2       3.150878e-03            0.2525
 3       7.797509e-04            0.2475
 4       1.894351e-04            0.2429
 5       4.581317e-05            0.2418
 6       1.107644e-05            0.2418
 7       2.679996e-06            0.2420
 8       6.493744e-07            0.2423
 9       1.576804e-07            0.2428
 10      3.839393e-08            0.2435
 11      9.380044e-09            0.2443
 12      2.300530e-09            0.2453
 13      5.666505e-10            0.2463
 14      1.402168e-10            0.2474
 15      3.486225e-11            0.2486
------------------------------------------------------
 Iterations:      16
 Final Rel. Res.: 3.486225e-11
 Asymptotic Rate: 0.247462 (Geom. Mean, last 4 iters)
======================================================

======================================================
  Refinement Level: 2
======================================================
 Mesh width (h):  1.7678e-01
 Total DOFs:      969
 Spectral Radii:  0.306706
 GMRES Avg Iters: 11.00
------------------------------------------------------
  MG RESIDUAL DECAY
------------------------------------------------------
 Iter    Rel. Residual           Reduction Factor
------------------------------------------------------
 0       5.488828e-02            -----
 1       6.838870e-03            0.1246
 2       1.561009e-03            0.2283
 3       3.844065e-04            0.2463
 4       9.569586e-05            0.2489
 5       2.422269e-05            0.2531
 6       6.231525e-06            0.2573
 7       1.626795e-06            0.2611
 8       4.302841e-07            0.2645
 9       1.151629e-07            0.2676
 10      3.115264e-08            0.2705
 11      8.507229e-09            0.2731
 12      2.342468e-09            0.2754
 13      6.496083e-10            0.2773
 14      1.812445e-10            0.2790
 15      5.082970e-11            0.2804
------------------------------------------------------
 Iterations:      16
 Final Rel. Res.: 5.082970e-11
 Asymptotic Rate: 0.278921 (Geom. Mean, last 4 iters)
======================================================

======================================================
  Refinement Level: 3
======================================================
 Mesh width (h):  8.8388e-02
 Total DOFs:      6545
 Spectral Radii:  0.319369
 GMRES Avg Iters: 12.00
------------------------------------------------------
  MG RESIDUAL DECAY
------------------------------------------------------
 Iter    Rel. Residual           Reduction Factor
------------------------------------------------------
 0       5.657192e-02            -----
 1       7.386352e-03            0.1306
 2       1.684709e-03            0.2281
 3       4.412861e-04            0.2619
 4       1.205715e-04            0.2732
 5       3.379627e-05            0.2803
 6       9.642206e-06            0.2853
 7       2.786733e-06            0.2890
 8       8.133388e-07            0.2919
 9       2.391964e-07            0.2941
 10      7.077554e-08            0.2959
 11      2.104775e-08            0.2974
 12      6.286575e-09            0.2987
 13      1.884923e-09            0.2998
 14      5.671381e-10            0.3009
 15      1.711914e-10            0.3019
------------------------------------------------------
 Iterations:      16
 Final Rel. Res.: 1.711914e-10
 Asymptotic Rate: 0.300854 (Geom. Mean, last 4 iters)
======================================================

======================================================
  Refinement Level: 4
======================================================
 Mesh width (h):  4.4194e-02
 Total DOFs:      47905
 Spectral Radii:  0.329068
 GMRES Avg Iters: 12.00
------------------------------------------------------
  MG RESIDUAL DECAY
------------------------------------------------------
 Iter    Rel. Residual           Reduction Factor
------------------------------------------------------
 0       5.786534e-02            -----
 1       7.471685e-03            0.1291
 2       1.643274e-03            0.2199
 3       4.134580e-04            0.2516
 4       1.098073e-04            0.2656
 5       3.024690e-05            0.2755
 6       8.566805e-06            0.2832
 7       2.480183e-06            0.2895
 8       7.306170e-07            0.2946
 9       2.182150e-07            0.2987
 10      6.589855e-08            0.3020
 11      2.007988e-08            0.3047
 12      6.163915e-09            0.3070
 13      1.903874e-09            0.3089
 14      5.911473e-10            0.3105
 15      1.843746e-10            0.3119
------------------------------------------------------
 Iterations:      16
 Final Rel. Res.: 1.843746e-10
 Asymptotic Rate: 0.310419 (Geom. Mean, last 4 iters)
======================================================

======================================================
  Refinement Level: 5
======================================================
 Mesh width (h):  2.2097e-02
 Total DOFs:      366145
 Spectral Radii:  0.334378
 GMRES Avg Iters: 12.00
------------------------------------------------------
  MG RESIDUAL DECAY
------------------------------------------------------
 Iter    Rel. Residual           Reduction Factor
------------------------------------------------------
 0       5.824528e-02            -----
 1       7.223286e-03            0.1240
 2       1.565537e-03            0.2167
 3       3.920045e-04            0.2504
 4       1.038365e-04            0.2649
 5       2.847799e-05            0.2743
 6       8.016440e-06            0.2815
 7       2.305406e-06            0.2876
 8       6.751430e-07            0.2929
 9       2.008135e-07            0.2974
 10      6.053031e-08            0.3014
 11      1.845425e-08            0.3049
 12      5.681113e-09            0.3078
 13      1.763411e-09            0.3104
 14      5.512128e-10            0.3126
 15      1.733314e-10            0.3145
------------------------------------------------------
 Iterations:      16
 Final Rel. Res.: 1.733314e-10
 Asymptotic Rate: 0.312475 (Geom. Mean, last 4 iters)
======================================================

