Device configuration: omp,cpu
Memory configuration: host-std
Loaded config: /cluster/home/rdabetic/decmg/configs/hcurl_2d_circle_rowsum_v.json
=================================================
  Multigrid Convergence Test Configuration
=================================================
 Problem Type:    hcurl
 Mesh File:       meshes/2d/circle.msh
 Output File:     out/rowsum/v/veclap/2d/circle.csv
 MG Cycle Type:   V-Cycle
 Mass Lumping:    rowsum
 B-Conditions:    essential
 Max Refinement:  6
 Eigenvalues:     1 (Tol: 0.01)
 GMRES Benchmark: 8 runs (Tol: 1e-06, K-Dim: 20)
=================================================


Gmsh reader: all element attributes were zero.
MFEM only supports positive element attributes.
Setting element attributes to 1.

======================================================
  Refinement Level: 1
======================================================
 Mesh width (h):  1.8955e-01
 Total DOFs:      807
 Spectral Radii:  0.188522
 GMRES Avg Iters: 8.00
------------------------------------------------------
  MG RESIDUAL DECAY
------------------------------------------------------
 Iter    Rel. Residual           Reduction Factor
------------------------------------------------------
 0       8.355925e-02            -----
 1       1.029620e-02            0.1232
 2       1.598062e-03            0.1552
 3       2.606302e-04            0.1631
 4       4.209441e-05            0.1615
 5       7.370486e-06            0.1751
 6       1.389420e-06            0.1885
 7       2.550164e-07            0.1835
 8       4.585315e-08            0.1798
 9       8.125182e-09            0.1772
 10      1.406528e-09            0.1731
 11      2.387089e-10            0.1697
 12      4.114739e-11            0.1724
 13      7.526010e-12            0.1829
 14      1.407139e-12            0.1870
 15      2.485356e-13            0.1766
------------------------------------------------------
 Iterations:      16
 Final Rel. Res.: 2.485356e-13
 Asymptotic Rate: 0.182116 (Geom. Mean, last 4 iters)
======================================================

======================================================
  Refinement Level: 2
======================================================
 Mesh width (h):  9.4776e-02
 Total DOFs:      3133
 Spectral Radii:  0.226825
 GMRES Avg Iters: 9.00
------------------------------------------------------
  MG RESIDUAL DECAY
------------------------------------------------------
 Iter    Rel. Residual           Reduction Factor
------------------------------------------------------
 0       9.403077e-02            -----
 1       1.145419e-02            0.1218
 2       1.673390e-03            0.1461
 3       2.694855e-04            0.1610
 4       4.958332e-05            0.1840
 5       9.410205e-06            0.1898
 6       1.798801e-06            0.1912
 7       3.540296e-07            0.1968
 8       7.069491e-08            0.1997
 9       1.417801e-08            0.2006
 10      2.861042e-09            0.2018
 11      5.836341e-10            0.2040
 12      1.207398e-10            0.2069
 13      2.534157e-11            0.2099
 14      5.386110e-12            0.2125
 15      1.157004e-12            0.2148
------------------------------------------------------
 Iterations:      16
 Final Rel. Res.: 1.157004e-12
 Asymptotic Rate: 0.212403 (Geom. Mean, last 4 iters)
======================================================

======================================================
  Refinement Level: 3
======================================================
 Mesh width (h):  4.7388e-02
 Total DOFs:      12345
 Spectral Radii:  0.244081
 GMRES Avg Iters: 9.00
------------------------------------------------------
  MG RESIDUAL DECAY
------------------------------------------------------
 Iter    Rel. Residual           Reduction Factor
------------------------------------------------------
 0       9.913482e-02            -----
 1       1.196674e-02            0.1207
 2       1.702982e-03            0.1423
 3       2.778985e-04            0.1632
 4       5.000898e-05            0.1800
 5       9.878648e-06            0.1975
 6       2.129017e-06            0.2155
 7       4.712634e-07            0.2214
 8       1.058079e-07            0.2245
 9       2.419382e-08            0.2287
 10      5.587158e-09            0.2309
 11      1.299124e-09            0.2325
 12      3.037902e-10            0.2338
 13      7.126184e-11            0.2346
 14      1.674528e-11            0.2350
 15      3.939003e-12            0.2352
------------------------------------------------------
 Iterations:      16
 Final Rel. Res.: 3.939003e-12
 Asymptotic Rate: 0.234929 (Geom. Mean, last 4 iters)
======================================================

======================================================
  Refinement Level: 4
======================================================
 Mesh width (h):  2.3694e-02
 Total DOFs:      49009
 Spectral Radii:  0.258468
 GMRES Avg Iters: 9.00
------------------------------------------------------
  MG RESIDUAL DECAY
------------------------------------------------------
 Iter    Rel. Residual           Reduction Factor
------------------------------------------------------
 0       9.622131e-02            -----
 1       1.195709e-02            0.1243
 2       1.701230e-03            0.1423
 3       2.775326e-04            0.1631
 4       5.282549e-05            0.1903
 5       1.092041e-05            0.2067
 6       2.366734e-06            0.2167
 7       5.308919e-07            0.2243
 8       1.216811e-07            0.2292
 9       2.824928e-08            0.2322
 10      6.610372e-09            0.2340
 11      1.556339e-09            0.2354
 12      3.682472e-10            0.2366
 13      8.753012e-11            0.2377
 14      2.090030e-11            0.2388
 15      5.013431e-12            0.2399
------------------------------------------------------
 Iterations:      16
 Final Rel. Res.: 5.013431e-12
 Asymptotic Rate: 0.238780 (Geom. Mean, last 4 iters)
======================================================

======================================================
  Refinement Level: 5
======================================================
 Mesh width (h):  1.1847e-02
 Total DOFs:      195297
 Spectral Radii:  0.268329
 GMRES Avg Iters: 9.00
------------------------------------------------------
  MG RESIDUAL DECAY
------------------------------------------------------
 Iter    Rel. Residual           Reduction Factor
------------------------------------------------------
 0       9.793966e-02            -----
 1       1.218146e-02            0.1244
 2       1.726457e-03            0.1417
 3       2.796959e-04            0.1620
 4       5.247964e-05            0.1876
 5       1.073486e-05            0.2046
 6       2.326992e-06            0.2168
 7       5.247466e-07            0.2255
 8       1.216057e-07            0.2317
 9       2.879300e-08            0.2368
 10      6.923635e-09            0.2405
 11      1.682322e-09            0.2430
 12      4.119061e-10            0.2448
 13      1.014619e-10            0.2463
 14      2.511770e-11            0.2476
 15      6.246262e-12            0.2487
------------------------------------------------------
 Iterations:      16
 Final Rel. Res.: 6.246262e-12
 Asymptotic Rate: 0.247518 (Geom. Mean, last 4 iters)
======================================================

======================================================
  Refinement Level: 6
======================================================
 Mesh width (h):  5.9235e-03
 Total DOFs:      779713
 Spectral Radii:  0.276629
 GMRES Avg Iters: 9.00
------------------------------------------------------
  MG RESIDUAL DECAY
------------------------------------------------------
 Iter    Rel. Residual           Reduction Factor
------------------------------------------------------
 0       9.794092e-02            -----
 1       1.224271e-02            0.1250
 2       1.729404e-03            0.1413
 3       2.801362e-04            0.1620
 4       5.293832e-05            0.1890
 5       1.092262e-05            0.2063
 6       2.394767e-06            0.2192
 7       5.485632e-07            0.2291
 8       1.295216e-07            0.2361
 9       3.128187e-08            0.2415
 10      7.668067e-09            0.2451
 11      1.895271e-09            0.2472
 12      4.704225e-10            0.2482
 13      1.170544e-10            0.2488
 14      2.921106e-11            0.2496
 15      7.325488e-12            0.2508
------------------------------------------------------
 Iterations:      16
 Final Rel. Res.: 7.325488e-12
 Asymptotic Rate: 0.249718 (Geom. Mean, last 4 iters)
======================================================

