Device configuration: omp,cpu
Memory configuration: host-std
Loaded config: /cluster/home/rdabetic/decmg/configs/hcurl_2d_square_hole_rowsum_v.json
=================================================
  Multigrid Convergence Test Configuration
=================================================
 Problem Type:    hcurl
 Mesh File:       meshes/2d/square_hole.msh
 Output File:     out/rowsum/v/veclap/2d/square_hole.csv
 MG Cycle Type:   V-Cycle
 Mass Lumping:    rowsum
 B-Conditions:    essential
 Max Refinement:  6
 Eigenvalues:     2 (Tol: 0.01)
 GMRES Benchmark: 8 runs (Tol: 1e-06, K-Dim: 20)
=================================================


Gmsh reader: all element attributes were zero.
MFEM only supports positive element attributes.
Setting element attributes to 1.

======================================================
  Refinement Level: 1
======================================================
 Mesh width (h):  8.8388e-02
 Total DOFs:      720
 Spectral Radii:  1 0.169081
 GMRES Avg Iters: 8.00
------------------------------------------------------
  MG RESIDUAL DECAY
------------------------------------------------------
 Iter    Rel. Residual           Reduction Factor
------------------------------------------------------
 0       9.005315e-02            -----
 1       1.243746e-02            0.1381
 2       1.523572e-03            0.1225
 3       2.406768e-04            0.1580
 4       3.672128e-05            0.1526
 5       5.713783e-06            0.1556
 6       9.355866e-07            0.1637
 7       1.685672e-07            0.1802
 8       3.154624e-08            0.1871
 9       5.309549e-09            0.1683
 10      8.336869e-10            0.1570
 11      1.346484e-10            0.1615
 12      2.229541e-11            0.1656
 13      3.743463e-12            0.1679
 14      6.624217e-13            0.1770
 15      1.200443e-13            0.1812
------------------------------------------------------
 Iterations:      16
 Final Rel. Res.: 1.200443e-13
 Asymptotic Rate: 0.175270 (Geom. Mean, last 4 iters)
======================================================

======================================================
  Refinement Level: 2
======================================================
 Mesh width (h):  4.4194e-02
 Total DOFs:      2720
 Spectral Radii:  1 0.218044
 GMRES Avg Iters: 9.00
------------------------------------------------------
  MG RESIDUAL DECAY
------------------------------------------------------
 Iter    Rel. Residual           Reduction Factor
------------------------------------------------------
 0       9.674631e-02            -----
 1       1.250254e-02            0.1292
 2       2.090771e-03            0.1672
 3       3.633981e-04            0.1738
 4       6.561251e-05            0.1806
 5       1.270130e-05            0.1936
 6       2.863120e-06            0.2254
 7       6.398315e-07            0.2235
 8       1.295604e-07            0.2025
 9       2.383445e-08            0.1840
 10      4.338366e-09            0.1820
 11      8.812528e-10            0.2031
 12      1.964170e-10            0.2229
 13      4.390614e-11            0.2235
 14      9.611643e-12            0.2189
 15      2.095363e-12            0.2180
------------------------------------------------------
 Iterations:      16
 Final Rel. Res.: 2.095363e-12
 Asymptotic Rate: 0.220137 (Geom. Mean, last 4 iters)
======================================================

======================================================
  Refinement Level: 3
======================================================
 Mesh width (h):  2.2097e-02
 Total DOFs:      10560
 Spectral Radii:  1 0.251297
 GMRES Avg Iters: 9.00
------------------------------------------------------
  MG RESIDUAL DECAY
------------------------------------------------------
 Iter    Rel. Residual           Reduction Factor
------------------------------------------------------
 0       9.612631e-02            -----
 1       1.182672e-02            0.1230
 2       1.688839e-03            0.1428
 3       3.166334e-04            0.1875
 4       6.632903e-05            0.2095
 5       1.277134e-05            0.1925
 6       2.473143e-06            0.1936
 7       5.337497e-07            0.2158
 8       1.263178e-07            0.2367
 9       3.110591e-08            0.2463
 10      7.937767e-09            0.2552
 11      2.138117e-09            0.2694
 12      6.000658e-10            0.2807
 13      1.698968e-10            0.2831
 14      4.759115e-11            0.2801
 15      1.314464e-11            0.2762
------------------------------------------------------
 Iterations:      16
 Final Rel. Res.: 1.314464e-11
 Asymptotic Rate: 0.279801 (Geom. Mean, last 4 iters)
======================================================

======================================================
  Refinement Level: 4
======================================================
 Mesh width (h):  1.1049e-02
 Total DOFs:      41600
 Spectral Radii:  1 0.278591
 GMRES Avg Iters: 9.00
------------------------------------------------------
  MG RESIDUAL DECAY
------------------------------------------------------
 Iter    Rel. Residual           Reduction Factor
------------------------------------------------------
 0       9.703157e-02            -----
 1       1.202485e-02            0.1239
 2       1.679891e-03            0.1397
 3       2.835095e-04            0.1688
 4       6.639857e-05            0.2342
 5       1.843769e-05            0.2777
 6       5.199000e-06            0.2820
 7       1.462742e-06            0.2814
 8       4.158573e-07            0.2843
 9       1.186295e-07            0.2853
 10      3.373655e-08            0.2844
 11      9.566011e-09            0.2836
 12      2.708675e-09            0.2832
 13      7.664395e-10            0.2830
 14      2.167700e-10            0.2828
 15      6.128674e-11            0.2827
------------------------------------------------------
 Iterations:      16
 Final Rel. Res.: 6.128674e-11
 Asymptotic Rate: 0.282837 (Geom. Mean, last 4 iters)
======================================================

======================================================
  Refinement Level: 5
======================================================
 Mesh width (h):  5.5243e-03
 Total DOFs:      165120
 Spectral Radii:  1 0.298297
 GMRES Avg Iters: 9.00
------------------------------------------------------
  MG RESIDUAL DECAY
------------------------------------------------------
 Iter    Rel. Residual           Reduction Factor
------------------------------------------------------
 0       9.849512e-02            -----
 1       1.213228e-02            0.1232
 2       1.718422e-03            0.1416
 3       3.417314e-04            0.1989
 4       1.010297e-04            0.2956
 5       3.450119e-05            0.3415
 6       1.159366e-05            0.3360
 7       3.779384e-06            0.3260
 8       1.196746e-06            0.3167
 9       3.699009e-07            0.3091
 10      1.122993e-07            0.3036
 11      3.368639e-08            0.3000
 12      1.003117e-08            0.2978
 13      2.975026e-09            0.2966
 14      8.805903e-10            0.2960
 15      2.604548e-10            0.2958
------------------------------------------------------
 Iterations:      16
 Final Rel. Res.: 2.604548e-10
 Asymptotic Rate: 0.296115 (Geom. Mean, last 4 iters)
======================================================

======================================================
  Refinement Level: 6
======================================================
 Mesh width (h):  2.7621e-03
 Total DOFs:      657920
 Spectral Radii:  1 0.313591
 GMRES Avg Iters: 9.00
------------------------------------------------------
  MG RESIDUAL DECAY
------------------------------------------------------
 Iter    Rel. Residual           Reduction Factor
------------------------------------------------------
 0       9.884426e-02            -----
 1       1.210207e-02            0.1224
 2       1.772255e-03            0.1464
 3       3.573724e-04            0.2016
 4       9.474346e-05            0.2651
 5       3.028308e-05            0.3196
 6       1.021121e-05            0.3372
 7       3.410234e-06            0.3340
 8       1.112186e-06            0.3261
 9       3.549563e-07            0.3192
 10      1.116550e-07            0.3146
 11      3.487356e-08            0.3123
 12      1.086837e-08            0.3117
 13      3.388365e-09            0.3118
 14      1.057793e-09            0.3122
 15      3.307106e-10            0.3126
------------------------------------------------------
 Iterations:      16
 Final Rel. Res.: 3.307106e-10
 Asymptotic Rate: 0.312196 (Geom. Mean, last 4 iters)
======================================================

