Device configuration: omp,cpu
Memory configuration: host-std
Loaded config: /cluster/home/rdabetic/decmg/configs/hcurl_3d_hole_void_scaledid_v.json
=================================================
  Multigrid Convergence Test Configuration
=================================================
 Problem Type:    hcurl
 Mesh File:       meshes/3d/hole_void.msh
 Output File:     out/scaledid/v/veclap/3d/hole_void.csv
 MG Cycle Type:   V-Cycle
 Mass Lumping:    scaledid
 B-Conditions:    essential
 Max Refinement:  5
 Eigenvalues:     2 (Tol: 0.01)
 GMRES Benchmark: 8 runs (Tol: 1e-06, K-Dim: 20)
=================================================

======================================================
  Refinement Level: 1
======================================================
 Mesh width (h):  1.5811e+00
 Total DOFs:      1505
 Spectral Radii:  1 0.344515
 GMRES Avg Iters: 49.38
------------------------------------------------------
  MG RESIDUAL DECAY
------------------------------------------------------
 Iter    Rel. Residual           Reduction Factor
------------------------------------------------------
 0       5.871206e-02            -----
 1       1.050991e-02            0.1790
 2       2.573615e-03            0.2449
 3       7.954430e-04            0.3091
 4       2.373554e-04            0.2984
 5       7.725377e-05            0.3255
 6       2.450928e-05            0.3173
 7       8.033261e-06            0.3278
 8       2.612764e-06            0.3252
 9       8.591548e-07            0.3288
 10      2.824365e-07            0.3287
 11      9.322183e-08            0.3301
 12      3.082283e-08            0.3306
 13      1.021226e-08            0.3313
 14      3.389743e-09            0.3319
 15      1.126785e-09            0.3324
------------------------------------------------------
 Iterations:      16
 Final Rel. Res.: 1.126785e-09
 Asymptotic Rate: 0.331886 (Geom. Mean, last 4 iters)
======================================================

======================================================
  Refinement Level: 2
======================================================
 Mesh width (h):  7.9057e-01
 Total DOFs:      10689
 Spectral Radii:  1 0.404024
 GMRES Avg Iters: 55.75
------------------------------------------------------
  MG RESIDUAL DECAY
------------------------------------------------------
 Iter    Rel. Residual           Reduction Factor
------------------------------------------------------
 0       5.677698e-02            -----
 1       8.339857e-03            0.1469
 2       2.088623e-03            0.2504
 3       6.129868e-04            0.2935
 4       1.944298e-04            0.3172
 5       6.401451e-05            0.3292
 6       2.210229e-05            0.3453
 7       7.821593e-06            0.3539
 8       2.855805e-06            0.3651
 9       1.062423e-06            0.3720
 10      4.032913e-07            0.3796
 11      1.552262e-07            0.3849
 12      6.052908e-08            0.3899
 13      2.383414e-08            0.3938
 14      9.463867e-09            0.3971
 15      3.782222e-09            0.3996
------------------------------------------------------
 Iterations:      16
 Final Rel. Res.: 3.782222e-09
 Asymptotic Rate: 0.396821 (Geom. Mean, last 4 iters)
======================================================

======================================================
  Refinement Level: 3
======================================================
 Mesh width (h):  3.9528e-01
 Total DOFs:      80257
 Spectral Radii:  1 0.460382
 GMRES Avg Iters: 60.25
------------------------------------------------------
  MG RESIDUAL DECAY
------------------------------------------------------
 Iter    Rel. Residual           Reduction Factor
------------------------------------------------------
 0       5.771288e-02            -----
 1       7.614735e-03            0.1319
 2       1.828360e-03            0.2401
 3       5.196246e-04            0.2842
 4       1.627798e-04            0.3133
 5       5.471129e-05            0.3361
 6       1.964331e-05            0.3590
 7       7.544719e-06            0.3841
 8       3.036065e-06            0.4024
 9       1.283017e-06            0.4226
 10      5.564145e-07            0.4337
 11      2.475611e-07            0.4449
 12      1.114637e-07            0.4502
 13      5.073388e-08            0.4552
 14      2.319986e-08            0.4573
 15      1.064910e-08            0.4590
------------------------------------------------------
 Iterations:      16
 Final Rel. Res.: 1.064910e-08
 Asymptotic Rate: 0.457151 (Geom. Mean, last 4 iters)
======================================================

======================================================
  Refinement Level: 4
======================================================
 Mesh width (h):  1.9764e-01
 Total DOFs:      621313
 Spectral Radii:  1 0.51276
 GMRES Avg Iters: 60.00
------------------------------------------------------
  MG RESIDUAL DECAY
------------------------------------------------------
 Iter    Rel. Residual           Reduction Factor
------------------------------------------------------
 0       5.790666e-02            -----
 1       7.519413e-03            0.1299
 2       1.728310e-03            0.2298
 3       4.724650e-04            0.2734
 4       1.364692e-04            0.2888
 5       4.327461e-05            0.3171
 6       1.426407e-05            0.3296
 7       5.389580e-06            0.3778
 8       2.150962e-06            0.3991
 9       9.638283e-07            0.4481
 10      4.436230e-07            0.4603
 11      2.142342e-07            0.4829
 12      1.041556e-07            0.4862
 13      5.147656e-08            0.4942
 14      2.550415e-08            0.4955
 15      1.271726e-08            0.4986
------------------------------------------------------
 Iterations:      16
 Final Rel. Res.: 1.271726e-08
 Asymptotic Rate: 0.496101 (Geom. Mean, last 4 iters)
======================================================

======================================================
  Refinement Level: 5
======================================================
 Mesh width (h):  9.8821e-02
 Total DOFs:      4888065
 Spectral Radii:  1 0.552058
 GMRES Avg Iters: 64.00
------------------------------------------------------
  MG RESIDUAL DECAY
------------------------------------------------------
 Iter    Rel. Residual           Reduction Factor
------------------------------------------------------
 0       5.792118e-02            -----
 1       7.325169e-03            0.1265
 2       1.665008e-03            0.2273
 3       4.440591e-04            0.2667
 4       1.298231e-04            0.2924
 5       3.889040e-05            0.2996
 6       1.394750e-05            0.3586
 7       4.977909e-06            0.3569
 8       2.437044e-06            0.4896
 9       1.126660e-06            0.4623
 10      6.212047e-07            0.5514
 11      3.225884e-07            0.5193
 12      1.781770e-07            0.5523
 13      9.583865e-08            0.5379
 14      5.265365e-08            0.5494
 15      2.866618e-08            0.5444
------------------------------------------------------
 Iterations:      16
 Final Rel. Res.: 2.866618e-08
 Asymptotic Rate: 0.543884 (Geom. Mean, last 4 iters)
======================================================

