Device configuration: omp,cpu
Memory configuration: host-std
Loaded config: /cluster/home/rdabetic/decmg/configs/hcurl_2d_square_hole_rowsum_w.json
=================================================
  Multigrid Convergence Test Configuration
=================================================
 Problem Type:    hcurl
 Mesh File:       meshes/2d/square_hole.msh
 Output File:     out/rowsum/w/veclap/2d/square_hole.csv
 MG Cycle Type:   W-Cycle
 Mass Lumping:    rowsum
 B-Conditions:    essential
 Max Refinement:  6
 Eigenvalues:     2 (Tol: 0.01)
 GMRES Benchmark: 8 runs (Tol: 1e-06, K-Dim: 20)
=================================================


Gmsh reader: all element attributes were zero.
MFEM only supports positive element attributes.
Setting element attributes to 1.

======================================================
  Refinement Level: 1
======================================================
 Mesh width (h):  8.8388e-02
 Total DOFs:      720
 Spectral Radii:  1 0.169081
 GMRES Avg Iters: 8.00
------------------------------------------------------
  MG RESIDUAL DECAY
------------------------------------------------------
 Iter    Rel. Residual           Reduction Factor
------------------------------------------------------
 0       9.005315e-02            -----
 1       1.243746e-02            0.1381
 2       1.523572e-03            0.1225
 3       2.406768e-04            0.1580
 4       3.672128e-05            0.1526
 5       5.713783e-06            0.1556
 6       9.355866e-07            0.1637
 7       1.685672e-07            0.1802
 8       3.154624e-08            0.1871
 9       5.309549e-09            0.1683
 10      8.336869e-10            0.1570
 11      1.346484e-10            0.1615
 12      2.229541e-11            0.1656
 13      3.743463e-12            0.1679
 14      6.624217e-13            0.1770
 15      1.200443e-13            0.1812
------------------------------------------------------
 Iterations:      16
 Final Rel. Res.: 1.200443e-13
 Asymptotic Rate: 0.175270 (Geom. Mean, last 4 iters)
======================================================

======================================================
  Refinement Level: 2
======================================================
 Mesh width (h):  4.4194e-02
 Total DOFs:      2720
 Spectral Radii:  1 0.182172
 GMRES Avg Iters: 9.00
------------------------------------------------------
  MG RESIDUAL DECAY
------------------------------------------------------
 Iter    Rel. Residual           Reduction Factor
------------------------------------------------------
 0       9.665574e-02            -----
 1       1.287014e-02            0.1332
 2       1.836708e-03            0.1427
 3       2.395010e-04            0.1304
 4       4.072670e-05            0.1700
 5       7.589920e-06            0.1864
 6       1.395535e-06            0.1839
 7       2.625250e-07            0.1881
 8       4.395761e-08            0.1674
 9       7.098662e-09            0.1615
 10      1.425022e-09            0.2007
 11      3.232098e-10            0.2268
 12      6.498954e-11            0.2011
 13      1.125632e-11            0.1732
 14      1.736863e-12            0.1543
 15      2.657845e-13            0.1530
------------------------------------------------------
 Iterations:      16
 Final Rel. Res.: 2.657845e-13
 Asymptotic Rate: 0.159917 (Geom. Mean, last 4 iters)
======================================================

======================================================
  Refinement Level: 3
======================================================
 Mesh width (h):  2.2097e-02
 Total DOFs:      10560
 Spectral Radii:  1 0.211928
 GMRES Avg Iters: 9.00
------------------------------------------------------
  MG RESIDUAL DECAY
------------------------------------------------------
 Iter    Rel. Residual           Reduction Factor
------------------------------------------------------
 0       9.580125e-02            -----
 1       1.168492e-02            0.1220
 2       1.494945e-03            0.1279
 3       2.373586e-04            0.1588
 4       4.060901e-05            0.1711
 5       7.375118e-06            0.1816
 6       1.367354e-06            0.1854
 7       2.534899e-07            0.1854
 8       4.713525e-08            0.1859
 9       8.837346e-09            0.1875
 10      1.682576e-09            0.1904
 11      3.233382e-10            0.1922
 12      6.252790e-11            0.1934
 13      1.218486e-11            0.1949
 14      2.382935e-12            0.1956
 15      4.645016e-13            0.1949
------------------------------------------------------
 Iterations:      16
 Final Rel. Res.: 4.645016e-13
 Asymptotic Rate: 0.195121 (Geom. Mean, last 4 iters)
======================================================

======================================================
  Refinement Level: 4
======================================================
 Mesh width (h):  1.1049e-02
 Total DOFs:      41600
 Spectral Radii:  1 0.222707
 GMRES Avg Iters: 9.00
------------------------------------------------------
  MG RESIDUAL DECAY
------------------------------------------------------
 Iter    Rel. Residual           Reduction Factor
------------------------------------------------------
 0       9.662045e-02            -----
 1       1.179742e-02            0.1221
 2       1.575146e-03            0.1335
 3       2.278750e-04            0.1447
 4       3.850638e-05            0.1690
 5       6.801804e-06            0.1766
 6       1.239603e-06            0.1822
 7       2.340966e-07            0.1888
 8       4.485815e-08            0.1916
 9       8.820798e-09            0.1966
 10      1.778216e-09            0.2016
 11      3.636841e-10            0.2045
 12      7.507148e-11            0.2064
 13      1.557896e-11            0.2075
 14      3.245744e-12            0.2083
 15      6.793581e-13            0.2093
------------------------------------------------------
 Iterations:      16
 Final Rel. Res.: 6.793581e-13
 Asymptotic Rate: 0.208389 (Geom. Mean, last 4 iters)
======================================================

======================================================
  Refinement Level: 5
======================================================
 Mesh width (h):  5.5243e-03
 Total DOFs:      165120
 Spectral Radii:  1 0.22671
 GMRES Avg Iters: 9.00
------------------------------------------------------
  MG RESIDUAL DECAY
------------------------------------------------------
 Iter    Rel. Residual           Reduction Factor
------------------------------------------------------
 0       9.817331e-02            -----
 1       1.204043e-02            0.1226
 2       1.609391e-03            0.1337
 3       2.472789e-04            0.1536
 4       4.041492e-05            0.1634
 5       6.963888e-06            0.1723
 6       1.255052e-06            0.1802
 7       2.308151e-07            0.1839
 8       4.325731e-08            0.1874
 9       8.384168e-09            0.1938
 10      1.682817e-09            0.2007
 11      3.427684e-10            0.2037
 12      7.039763e-11            0.2054
 13      1.459508e-11            0.2073
 14      3.053417e-12            0.2092
 15      6.444990e-13            0.2111
------------------------------------------------------
 Iterations:      16
 Final Rel. Res.: 6.444990e-13
 Asymptotic Rate: 0.209197 (Geom. Mean, last 4 iters)
======================================================

======================================================
  Refinement Level: 6
======================================================
 Mesh width (h):  2.7621e-03
 Total DOFs:      657920
 Spectral Radii:  1 0.228483
 GMRES Avg Iters: 9.00
------------------------------------------------------
  MG RESIDUAL DECAY
------------------------------------------------------
 Iter    Rel. Residual           Reduction Factor
------------------------------------------------------
 0       9.855618e-02            -----
 1       1.201609e-02            0.1219
 2       1.602486e-03            0.1334
 3       2.279296e-04            0.1422
 4       3.701275e-05            0.1624
 5       6.387843e-06            0.1726
 6       1.165246e-06            0.1824
 7       2.221220e-07            0.1906
 8       4.319192e-08            0.1945
 9       8.580706e-09            0.1987
 10      1.730067e-09            0.2016
 11      3.530738e-10            0.2041
 12      7.295520e-11            0.2066
 13      1.522863e-11            0.2087
 14      3.204955e-12            0.2105
 15      6.795416e-13            0.2120
------------------------------------------------------
 Iterations:      16
 Final Rel. Res.: 6.795416e-13
 Asymptotic Rate: 0.210404 (Geom. Mean, last 4 iters)
======================================================

