Device configuration: omp,cpu
Memory configuration: host-std
Loaded config: /cluster/home/rdabetic/decmg/configs/hcurl_2d_reentrant_scaledid_v.json
=================================================
  Multigrid Convergence Test Configuration
=================================================
 Problem Type:    hcurl
 Mesh File:       meshes/2d/reentrant.msh
 Output File:     out/scaledid/v/veclap/2d/reentrant.csv
 MG Cycle Type:   V-Cycle
 Mass Lumping:    scaledid
 B-Conditions:    essential
 Max Refinement:  6
 Eigenvalues:     1 (Tol: 0.01)
 GMRES Benchmark: 8 runs (Tol: 1e-06, K-Dim: 20)
=================================================


Gmsh reader: all element attributes were zero.
MFEM only supports positive element attributes.
Setting element attributes to 1.

======================================================
  Refinement Level: 1
======================================================
 Mesh width (h):  1.4951e-01
 Total DOFs:      297
 Spectral Radii:  0.167582
 GMRES Avg Iters: 13.00
------------------------------------------------------
  MG RESIDUAL DECAY
------------------------------------------------------
 Iter    Rel. Residual           Reduction Factor
------------------------------------------------------
 0       7.634489e-02            -----
 1       1.105212e-02            0.1448
 2       1.082726e-03            0.0980
 3       1.437308e-04            0.1327
 4       2.511039e-05            0.1747
 5       3.944656e-06            0.1571
 6       6.304451e-07            0.1598
 7       9.639629e-08            0.1529
 8       1.625420e-08            0.1686
 9       2.845713e-09            0.1751
 10      4.581949e-10            0.1610
 11      7.141187e-11            0.1559
 12      1.223983e-11            0.1714
 13      2.145937e-12            0.1753
 14      3.469778e-13            0.1617
 15      5.500563e-14            0.1585
------------------------------------------------------
 Iterations:      16
 Final Rel. Res.: 5.500563e-14
 Asymptotic Rate: 0.165023 (Geom. Mean, last 4 iters)
======================================================

======================================================
  Refinement Level: 2
======================================================
 Mesh width (h):  7.4754e-02
 Total DOFs:      1105
 Spectral Radii:  0.171702
 GMRES Avg Iters: 14.00
------------------------------------------------------
  MG RESIDUAL DECAY
------------------------------------------------------
 Iter    Rel. Residual           Reduction Factor
------------------------------------------------------
 0       9.474448e-02            -----
 1       1.096968e-02            0.1158
 2       1.295942e-03            0.1181
 3       1.810868e-04            0.1397
 4       2.727392e-05            0.1506
 5       4.198418e-06            0.1539
 6       5.808435e-07            0.1383
 7       9.127301e-08            0.1571
 8       1.506343e-08            0.1650
 9       2.437005e-09            0.1618
 10      3.910758e-10            0.1605
 11      6.434969e-11            0.1645
 12      1.061487e-11            0.1650
 13      1.695184e-12            0.1597
 14      2.719328e-13            0.1604
 15      4.387547e-14            0.1613
------------------------------------------------------
 Iterations:      16
 Final Rel. Res.: 4.387547e-14
 Asymptotic Rate: 0.160485 (Geom. Mean, last 4 iters)
======================================================

======================================================
  Refinement Level: 3
======================================================
 Mesh width (h):  3.7377e-02
 Total DOFs:      4257
 Spectral Radii:  0.193935
 GMRES Avg Iters: 15.00
------------------------------------------------------
  MG RESIDUAL DECAY
------------------------------------------------------
 Iter    Rel. Residual           Reduction Factor
------------------------------------------------------
 0       1.007883e-01            -----
 1       1.240382e-02            0.1231
 2       1.568466e-03            0.1265
 3       2.220992e-04            0.1416
 4       3.505256e-05            0.1578
 5       6.203885e-06            0.1770
 6       1.119536e-06            0.1805
 7       2.289233e-07            0.2045
 8       4.573519e-08            0.1998
 9       9.002679e-09            0.1968
 10      1.799310e-09            0.1999
 11      3.459892e-10            0.1923
 12      6.371732e-11            0.1842
 13      1.119076e-11            0.1756
 14      1.851902e-12            0.1655
 15      2.884944e-13            0.1558
------------------------------------------------------
 Iterations:      16
 Final Rel. Res.: 2.884944e-13
 Asymptotic Rate: 0.165435 (Geom. Mean, last 4 iters)
======================================================

======================================================
  Refinement Level: 4
======================================================
 Mesh width (h):  1.8689e-02
 Total DOFs:      16705
 Spectral Radii:  0.209745
 GMRES Avg Iters: 15.00
------------------------------------------------------
  MG RESIDUAL DECAY
------------------------------------------------------
 Iter    Rel. Residual           Reduction Factor
------------------------------------------------------
 0       9.837006e-02            -----
 1       1.197904e-02            0.1218
 2       1.562572e-03            0.1304
 3       2.254951e-04            0.1443
 4       4.306755e-05            0.1910
 5       8.979229e-06            0.2085
 6       1.843482e-06            0.2053
 7       3.576873e-07            0.1940
 8       6.585888e-08            0.1841
 9       1.198099e-08            0.1819
 10      2.180225e-09            0.1820
 11      3.956398e-10            0.1815
 12      7.116997e-11            0.1799
 13      1.258521e-11            0.1768
 14      2.175261e-12            0.1728
 15      3.663270e-13            0.1684
------------------------------------------------------
 Iterations:      16
 Final Rel. Res.: 3.663270e-13
 Asymptotic Rate: 0.172660 (Geom. Mean, last 4 iters)
======================================================

======================================================
  Refinement Level: 5
======================================================
 Mesh width (h):  9.3443e-03
 Total DOFs:      66177
 Spectral Radii:  0.218431
 GMRES Avg Iters: 15.00
------------------------------------------------------
  MG RESIDUAL DECAY
------------------------------------------------------
 Iter    Rel. Residual           Reduction Factor
------------------------------------------------------
 0       9.835636e-02            -----
 1       1.185747e-02            0.1206
 2       1.525809e-03            0.1287
 3       2.095369e-04            0.1373
 4       3.123329e-05            0.1491
 5       5.091016e-06            0.1630
 6       9.683583e-07            0.1902
 7       2.188724e-07            0.2260
 8       5.559341e-08            0.2540
 9       1.429793e-08            0.2572
 10      3.610025e-09            0.2525
 11      8.860796e-10            0.2454
 12      2.089184e-10            0.2358
 13      4.736466e-11            0.2267
 14      1.035741e-11            0.2187
 15      2.186272e-12            0.2111
------------------------------------------------------
 Iterations:      16
 Final Rel. Res.: 2.186272e-12
 Asymptotic Rate: 0.218730 (Geom. Mean, last 4 iters)
======================================================

======================================================
  Refinement Level: 6
======================================================
 Mesh width (h):  4.6722e-03
 Total DOFs:      263425
 Spectral Radii:  0.223507
 GMRES Avg Iters: 15.00
------------------------------------------------------
  MG RESIDUAL DECAY
------------------------------------------------------
 Iter    Rel. Residual           Reduction Factor
------------------------------------------------------
 0       9.800321e-02            -----
 1       1.187230e-02            0.1211
 2       1.546459e-03            0.1303
 3       2.112306e-04            0.1366
 4       3.147531e-05            0.1490
 5       5.057044e-06            0.1607
 6       8.517430e-07            0.1684
 7       1.471763e-07            0.1728
 8       2.702915e-08            0.1837
 9       5.493569e-09            0.2032
 10      1.159271e-09            0.2110
 11      2.349541e-10            0.2027
 12      4.366984e-11            0.1859
 13      7.484456e-12            0.1714
 14      1.328511e-12            0.1775
 15      3.020766e-13            0.2274
------------------------------------------------------
 Iterations:      16
 Final Rel. Res.: 3.020766e-13
 Asymptotic Rate: 0.190537 (Geom. Mean, last 4 iters)
======================================================

