Device configuration: omp,cpu
Memory configuration: host-std
Loaded config: /cluster/home/rdabetic/decmg/configs/hcurl_2d_square_hole_scaledid_w.json
=================================================
  Multigrid Convergence Test Configuration
=================================================
 Problem Type:    hcurl
 Mesh File:       meshes/2d/square_hole.msh
 Output File:     out/scaledid/w/veclap/2d/square_hole.csv
 MG Cycle Type:   W-Cycle
 Mass Lumping:    scaledid
 B-Conditions:    essential
 Max Refinement:  6
 Eigenvalues:     2 (Tol: 0.01)
 GMRES Benchmark: 8 runs (Tol: 1e-06, K-Dim: 20)
=================================================


Gmsh reader: all element attributes were zero.
MFEM only supports positive element attributes.
Setting element attributes to 1.

======================================================
  Refinement Level: 1
======================================================
 Mesh width (h):  8.8388e-02
 Total DOFs:      720
 Spectral Radii:  1 0.14806
 GMRES Avg Iters: 10.00
------------------------------------------------------
  MG RESIDUAL DECAY
------------------------------------------------------
 Iter    Rel. Residual           Reduction Factor
------------------------------------------------------
 0       8.842912e-02            -----
 1       1.096462e-02            0.1240
 2       1.221684e-03            0.1114
 3       1.769178e-04            0.1448
 4       2.297888e-05            0.1299
 5       2.904984e-06            0.1264
 6       3.801815e-07            0.1309
 7       5.197155e-08            0.1367
 8       7.579109e-09            0.1458
 9       1.133184e-09            0.1495
 10      1.621305e-10            0.1431
 11      2.479032e-11            0.1529
 12      4.080624e-12            0.1646
 13      5.929976e-13            0.1453
 14      7.668479e-14            0.1293
 15      1.020461e-14            0.1331
------------------------------------------------------
 Iterations:      16
 Final Rel. Res.: 1.020461e-14
 Asymptotic Rate: 0.135734 (Geom. Mean, last 4 iters)
======================================================

======================================================
  Refinement Level: 2
======================================================
 Mesh width (h):  4.4194e-02
 Total DOFs:      2720
 Spectral Radii:  1 0.153079
 GMRES Avg Iters: 11.00
------------------------------------------------------
  MG RESIDUAL DECAY
------------------------------------------------------
 Iter    Rel. Residual           Reduction Factor
------------------------------------------------------
 0       9.649483e-02            -----
 1       1.213188e-02            0.1257
 2       1.553314e-03            0.1280
 3       2.025536e-04            0.1304
 4       2.970477e-05            0.1467
 5       4.280318e-06            0.1441
 6       5.731372e-07            0.1339
 7       8.141698e-08            0.1421
 8       1.247848e-08            0.1533
 9       1.908777e-09            0.1530
 10      2.887424e-10            0.1513
 11      4.195184e-11            0.1453
 12      5.882103e-12            0.1402
 13      8.543256e-13            0.1452
 14      1.328437e-13            0.1555
 15      2.129732e-14            0.1603
------------------------------------------------------
 Iterations:      16
 Final Rel. Res.: 2.129732e-14
 Asymptotic Rate: 0.153555 (Geom. Mean, last 4 iters)
======================================================

======================================================
  Refinement Level: 3
======================================================
 Mesh width (h):  2.2097e-02
 Total DOFs:      10560
 Spectral Radii:  1 0.153424
 GMRES Avg Iters: 11.00
------------------------------------------------------
  MG RESIDUAL DECAY
------------------------------------------------------
 Iter    Rel. Residual           Reduction Factor
------------------------------------------------------
 0       9.631369e-02            -----
 1       1.156290e-02            0.1201
 2       1.416974e-03            0.1225
 3       1.855815e-04            0.1310
 4       2.717035e-05            0.1464
 5       3.932597e-06            0.1447
 6       5.563909e-07            0.1415
 7       7.972945e-08            0.1433
 8       1.192212e-08            0.1495
 9       1.789295e-09            0.1501
 10      2.804401e-10            0.1567
 11      4.478375e-11            0.1597
 12      7.128485e-12            0.1592
 13      1.090660e-12            0.1530
 14      1.607637e-13            0.1474
 15      2.354186e-14            0.1464
------------------------------------------------------
 Iterations:      16
 Final Rel. Res.: 2.354186e-14
 Asymptotic Rate: 0.148918 (Geom. Mean, last 4 iters)
======================================================

======================================================
  Refinement Level: 4
======================================================
 Mesh width (h):  1.1049e-02
 Total DOFs:      41600
 Spectral Radii:  1 0.15734
 GMRES Avg Iters: 11.00
------------------------------------------------------
  MG RESIDUAL DECAY
------------------------------------------------------
 Iter    Rel. Residual           Reduction Factor
------------------------------------------------------
 0       9.658163e-02            -----
 1       1.151702e-02            0.1192
 2       1.436673e-03            0.1247
 3       1.901074e-04            0.1323
 4       2.667467e-05            0.1403
 5       3.828620e-06            0.1435
 6       5.574297e-07            0.1456
 7       8.210953e-08            0.1473
 8       1.232801e-08            0.1501
 9       1.887921e-09            0.1531
 10      2.935997e-10            0.1555
 11      4.574989e-11            0.1558
 12      7.133321e-12            0.1559
 13      1.116627e-12            0.1565
 14      1.745328e-13            0.1563
 15      2.744758e-14            0.1573
------------------------------------------------------
 Iterations:      16
 Final Rel. Res.: 2.744758e-14
 Asymptotic Rate: 0.156701 (Geom. Mean, last 4 iters)
======================================================

======================================================
  Refinement Level: 5
======================================================
 Mesh width (h):  5.5243e-03
 Total DOFs:      165120
 Spectral Radii:  1 0.162
 GMRES Avg Iters: 11.00
------------------------------------------------------
  MG RESIDUAL DECAY
------------------------------------------------------
 Iter    Rel. Residual           Reduction Factor
------------------------------------------------------
 0       9.783151e-02            -----
 1       1.174690e-02            0.1201
 2       1.469859e-03            0.1251
 3       1.927697e-04            0.1311
 4       2.666441e-05            0.1383
 5       3.784519e-06            0.1419
 6       5.415073e-07            0.1431
 7       8.012226e-08            0.1480
 8       1.215942e-08            0.1518
 9       1.840755e-09            0.1514
 10      2.825415e-10            0.1535
 11      4.407056e-11            0.1560
 12      6.988141e-12            0.1586
 13      1.109625e-12            0.1588
 14      1.766318e-13            0.1592
 15      2.846976e-14            0.1612
------------------------------------------------------
 Iterations:      16
 Final Rel. Res.: 2.846976e-14
 Asymptotic Rate: 0.159713 (Geom. Mean, last 4 iters)
======================================================

======================================================
  Refinement Level: 6
======================================================
 Mesh width (h):  2.7621e-03
 Total DOFs:      657920
 Spectral Radii:  1 0.163939
 GMRES Avg Iters: 11.00
------------------------------------------------------
  MG RESIDUAL DECAY
------------------------------------------------------
 Iter    Rel. Residual           Reduction Factor
------------------------------------------------------
 0       9.825443e-02            -----
 1       1.167637e-02            0.1188
 2       1.447765e-03            0.1240
 3       1.882733e-04            0.1300
 4       2.590586e-05            0.1376
 5       3.656684e-06            0.1412
 6       5.239992e-07            0.1433
 7       7.643732e-08            0.1459
 8       1.137190e-08            0.1488
 9       1.717771e-09            0.1511
 10      2.636476e-10            0.1535
 11      4.086773e-11            0.1550
 12      6.366432e-12            0.1558
 13      1.003333e-12            0.1576
 14      1.589479e-13            0.1584
 15      2.537733e-14            0.1597
------------------------------------------------------
 Iterations:      16
 Final Rel. Res.: 2.537733e-14
 Asymptotic Rate: 0.158556 (Geom. Mean, last 4 iters)
======================================================

