Device configuration: omp,cpu
Memory configuration: host-std
Loaded config: /cluster/home/rdabetic/decmg/configs/hcurl_2d_reentrant_scaledid_w.json
=================================================
  Multigrid Convergence Test Configuration
=================================================
 Problem Type:    hcurl
 Mesh File:       meshes/2d/reentrant.msh
 Output File:     out/scaledid/w/veclap/2d/reentrant.csv
 MG Cycle Type:   W-Cycle
 Mass Lumping:    scaledid
 B-Conditions:    essential
 Max Refinement:  6
 Eigenvalues:     1 (Tol: 0.01)
 GMRES Benchmark: 8 runs (Tol: 1e-06, K-Dim: 20)
=================================================


Gmsh reader: all element attributes were zero.
MFEM only supports positive element attributes.
Setting element attributes to 1.

======================================================
  Refinement Level: 1
======================================================
 Mesh width (h):  1.4951e-01
 Total DOFs:      297
 Spectral Radii:  0.167582
 GMRES Avg Iters: 13.00
------------------------------------------------------
  MG RESIDUAL DECAY
------------------------------------------------------
 Iter    Rel. Residual           Reduction Factor
------------------------------------------------------
 0       7.634489e-02            -----
 1       1.105212e-02            0.1448
 2       1.082726e-03            0.0980
 3       1.437308e-04            0.1327
 4       2.511039e-05            0.1747
 5       3.944656e-06            0.1571
 6       6.304451e-07            0.1598
 7       9.639629e-08            0.1529
 8       1.625420e-08            0.1686
 9       2.845713e-09            0.1751
 10      4.581949e-10            0.1610
 11      7.141187e-11            0.1559
 12      1.223983e-11            0.1714
 13      2.145937e-12            0.1753
 14      3.469778e-13            0.1617
 15      5.500563e-14            0.1585
------------------------------------------------------
 Iterations:      16
 Final Rel. Res.: 5.500563e-14
 Asymptotic Rate: 0.165023 (Geom. Mean, last 4 iters)
======================================================

======================================================
  Refinement Level: 2
======================================================
 Mesh width (h):  7.4754e-02
 Total DOFs:      1105
 Spectral Radii:  0.152425
 GMRES Avg Iters: 14.00
------------------------------------------------------
  MG RESIDUAL DECAY
------------------------------------------------------
 Iter    Rel. Residual           Reduction Factor
------------------------------------------------------
 0       9.422615e-02            -----
 1       1.080886e-02            0.1147
 2       1.313002e-03            0.1215
 3       1.671788e-04            0.1273
 4       2.258864e-05            0.1351
 5       2.951034e-06            0.1306
 6       4.079673e-07            0.1382
 7       5.643611e-08            0.1383
 8       8.288556e-09            0.1469
 9       1.366377e-09            0.1649
 10      1.949529e-10            0.1427
 11      2.790960e-11            0.1432
 12      4.080530e-12            0.1462
 13      6.048667e-13            0.1482
 14      8.946904e-14            0.1479
 15      1.245633e-14            0.1392
------------------------------------------------------
 Iterations:      16
 Final Rel. Res.: 1.245633e-14
 Asymptotic Rate: 0.145063 (Geom. Mean, last 4 iters)
======================================================

======================================================
  Refinement Level: 3
======================================================
 Mesh width (h):  3.7377e-02
 Total DOFs:      4257
 Spectral Radii:  0.151856
 GMRES Avg Iters: 15.00
------------------------------------------------------
  MG RESIDUAL DECAY
------------------------------------------------------
 Iter    Rel. Residual           Reduction Factor
------------------------------------------------------
 0       1.006481e-01            -----
 1       1.225399e-02            0.1218
 2       1.517894e-03            0.1239
 3       2.022193e-04            0.1332
 4       2.785948e-05            0.1378
 5       3.958564e-06            0.1421
 6       5.810558e-07            0.1468
 7       8.304015e-08            0.1429
 8       1.224551e-08            0.1475
 9       1.790070e-09            0.1462
 10      2.594624e-10            0.1449
 11      3.672438e-11            0.1415
 12      5.347696e-12            0.1456
 13      7.849159e-13            0.1468
 14      1.140084e-13            0.1452
 15      1.671303e-14            0.1466
------------------------------------------------------
 Iterations:      16
 Final Rel. Res.: 1.671303e-14
 Asymptotic Rate: 0.146205 (Geom. Mean, last 4 iters)
======================================================

======================================================
  Refinement Level: 4
======================================================
 Mesh width (h):  1.8689e-02
 Total DOFs:      16705
 Spectral Radii:  0.155401
 GMRES Avg Iters: 15.00
------------------------------------------------------
  MG RESIDUAL DECAY
------------------------------------------------------
 Iter    Rel. Residual           Reduction Factor
------------------------------------------------------
 0       9.809278e-02            -----
 1       1.177345e-02            0.1200
 2       1.463793e-03            0.1243
 3       1.935764e-04            0.1322
 4       2.751270e-05            0.1421
 5       3.974263e-06            0.1445
 6       5.690641e-07            0.1432
 7       8.206134e-08            0.1442
 8       1.228085e-08            0.1497
 9       1.930793e-09            0.1572
 10      3.059559e-10            0.1585
 11      4.712841e-11            0.1540
 12      7.211491e-12            0.1530
 13      1.111861e-12            0.1542
 14      1.708885e-13            0.1537
 15      2.600386e-14            0.1522
------------------------------------------------------
 Iterations:      16
 Final Rel. Res.: 2.600386e-14
 Asymptotic Rate: 0.153345 (Geom. Mean, last 4 iters)
======================================================

======================================================
  Refinement Level: 5
======================================================
 Mesh width (h):  9.3443e-03
 Total DOFs:      66177
 Spectral Radii:  0.161655
 GMRES Avg Iters: 15.00
------------------------------------------------------
  MG RESIDUAL DECAY
------------------------------------------------------
 Iter    Rel. Residual           Reduction Factor
------------------------------------------------------
 0       9.804586e-02            -----
 1       1.167073e-02            0.1190
 2       1.435506e-03            0.1230
 3       1.869137e-04            0.1302
 4       2.582108e-05            0.1381
 5       3.743979e-06            0.1450
 6       5.302458e-07            0.1416
 7       7.859432e-08            0.1482
 8       1.189370e-08            0.1513
 9       1.830108e-09            0.1539
 10      2.802859e-10            0.1532
 11      4.327840e-11            0.1544
 12      6.813449e-12            0.1574
 13      1.073975e-12            0.1576
 14      1.699874e-13            0.1583
 15      2.719160e-14            0.1600
------------------------------------------------------
 Iterations:      16
 Final Rel. Res.: 2.719160e-14
 Asymptotic Rate: 0.158619 (Geom. Mean, last 4 iters)
======================================================

======================================================
  Refinement Level: 6
======================================================
 Mesh width (h):  4.6722e-03
 Total DOFs:      263425
 Spectral Radii:  0.163809
 GMRES Avg Iters: 15.00
------------------------------------------------------
  MG RESIDUAL DECAY
------------------------------------------------------
 Iter    Rel. Residual           Reduction Factor
------------------------------------------------------
 0       9.770767e-02            -----
 1       1.167879e-02            0.1195
 2       1.451595e-03            0.1243
 3       1.887610e-04            0.1300
 4       2.594852e-05            0.1375
 5       3.674300e-06            0.1416
 6       5.227268e-07            0.1423
 7       7.642586e-08            0.1462
 8       1.140360e-08            0.1492
 9       1.722220e-09            0.1510
 10      2.653684e-10            0.1541
 11      4.144609e-11            0.1562
 12      6.524656e-12            0.1574
 13      1.029763e-12            0.1578
 14      1.635256e-13            0.1588
 15      2.615167e-14            0.1599
------------------------------------------------------
 Iterations:      16
 Final Rel. Res.: 2.615167e-14
 Asymptotic Rate: 0.158848 (Geom. Mean, last 4 iters)
======================================================

