Device configuration: omp,cpu
Memory configuration: host-std
Loaded config: /cluster/home/rdabetic/decmg/configs/hcurl_3d_tetra_barycentric_w.json
=================================================
  Multigrid Convergence Test Configuration
=================================================
 Problem Type:    hcurl
 Mesh File:       meshes/3d/tetra.msh
 Output File:     out/barycentric/w/veclap/3d/tetra.csv
 MG Cycle Type:   W-Cycle
 Mass Lumping:    barycentric
 B-Conditions:    essential
 Max Refinement:  5
 Eigenvalues:     1 (Tol: 0.01)
 GMRES Benchmark: 8 runs (Tol: 1e-06, K-Dim: 20)
=================================================

======================================================
  Refinement Level: 1
======================================================
 Mesh width (h):  3.5355e-01
 Total DOFs:      165
 Spectral Radii:  0.255478
 GMRES Avg Iters: 8.38
------------------------------------------------------
  MG RESIDUAL DECAY
------------------------------------------------------
 Iter    Rel. Residual           Reduction Factor
------------------------------------------------------
 0       4.256823e-02            -----
 1       7.986877e-03            0.1876
 2       1.993463e-03            0.2496
 3       4.952853e-04            0.2485
 4       1.191442e-04            0.2406
 5       2.874739e-05            0.2413
 6       6.924748e-06            0.2409
 7       1.672791e-06            0.2416
 8       4.052900e-07            0.2423
 9       9.864101e-08            0.2434
 10      2.413428e-08            0.2447
 11      5.939517e-09            0.2461
 12      1.470558e-09            0.2476
 13      3.662446e-10            0.2491
 14      9.171533e-11            0.2504
 15      2.307977e-11            0.2516
------------------------------------------------------
 Iterations:      16
 Final Rel. Res.: 2.307977e-11
 Asymptotic Rate: 0.250370 (Geom. Mean, last 4 iters)
======================================================

======================================================
  Refinement Level: 2
======================================================
 Mesh width (h):  1.7678e-01
 Total DOFs:      969
 Spectral Radii:  0.377907
 GMRES Avg Iters: 10.00
------------------------------------------------------
  MG RESIDUAL DECAY
------------------------------------------------------
 Iter    Rel. Residual           Reduction Factor
------------------------------------------------------
 0       4.789695e-02            -----
 1       7.404559e-03            0.1546
 2       1.815916e-03            0.2452
 3       5.456785e-04            0.3005
 4       1.883569e-04            0.3452
 5       6.928559e-05            0.3678
 6       2.603088e-05            0.3757
 7       9.817810e-06            0.3772
 8       3.697404e-06            0.3766
 9       1.389363e-06            0.3758
 10      5.211908e-07            0.3751
 11      1.953095e-07            0.3747
 12      7.314979e-08            0.3745
 13      2.739126e-08            0.3745
 14      1.025689e-08            0.3745
 15      3.841396e-09            0.3745
------------------------------------------------------
 Iterations:      16
 Final Rel. Res.: 3.841396e-09
 Asymptotic Rate: 0.374477 (Geom. Mean, last 4 iters)
======================================================

======================================================
  Refinement Level: 3
======================================================
 Mesh width (h):  8.8388e-02
 Total DOFs:      6545
 Spectral Radii:  0.419952
 GMRES Avg Iters: 10.00
------------------------------------------------------
  MG RESIDUAL DECAY
------------------------------------------------------
 Iter    Rel. Residual           Reduction Factor
------------------------------------------------------
 0       5.890582e-02            -----
 1       8.983377e-03            0.1525
 2       2.426447e-03            0.2701
 3       7.752023e-04            0.3195
 4       2.710240e-04            0.3496
 5       1.000763e-04            0.3693
 6       3.810988e-05            0.3808
 7       1.473755e-05            0.3867
 8       5.745347e-06            0.3898
 9       2.251004e-06            0.3918
 10      8.852528e-07            0.3933
 11      3.492594e-07            0.3945
 12      1.381909e-07            0.3957
 13      5.482239e-08            0.3967
 14      2.180201e-08            0.3977
 15      8.690044e-09            0.3986
------------------------------------------------------
 Iterations:      16
 Final Rel. Res.: 8.690044e-09
 Asymptotic Rate: 0.397662 (Geom. Mean, last 4 iters)
======================================================

======================================================
  Refinement Level: 4
======================================================
 Mesh width (h):  4.4194e-02
 Total DOFs:      47905
 Spectral Radii:  0.436463
 GMRES Avg Iters: 11.00
------------------------------------------------------
  MG RESIDUAL DECAY
------------------------------------------------------
 Iter    Rel. Residual           Reduction Factor
------------------------------------------------------
 0       6.201763e-02            -----
 1       9.315090e-03            0.1502
 2       2.392188e-03            0.2568
 3       7.479785e-04            0.3127
 4       2.611306e-04            0.3491
 5       9.690363e-05            0.3711
 6       3.715646e-05            0.3834
 7       1.450899e-05            0.3905
 8       5.730585e-06            0.3950
 9       2.282144e-06            0.3982
 10      9.148946e-07            0.4009
 11      3.688646e-07            0.4032
 12      1.494644e-07            0.4052
 13      6.083476e-08            0.4070
 14      2.486074e-08            0.4087
 15      1.019664e-08            0.4102
------------------------------------------------------
 Iterations:      16
 Final Rel. Res.: 1.019664e-08
 Asymptotic Rate: 0.408608 (Geom. Mean, last 4 iters)
======================================================

======================================================
  Refinement Level: 5
======================================================
 Mesh width (h):  2.2097e-02
 Total DOFs:      366145
 Spectral Radii:  0.4417
 GMRES Avg Iters: 11.00
------------------------------------------------------
  MG RESIDUAL DECAY
------------------------------------------------------
 Iter    Rel. Residual           Reduction Factor
------------------------------------------------------
 0       6.367660e-02            -----
 1       9.313418e-03            0.1463
 2       2.383057e-03            0.2559
 3       7.403903e-04            0.3107
 4       2.558993e-04            0.3456
 5       9.400745e-05            0.3674
 6       3.577460e-05            0.3806
 7       1.391065e-05            0.3888
 8       5.488253e-06            0.3945
 9       2.189007e-06            0.3989
 10      8.808252e-07            0.4024
 11      3.571011e-07            0.4054
 12      1.457276e-07            0.4081
 13      5.981618e-08            0.4105
 14      2.468039e-08            0.4126
 15      1.023081e-08            0.4145
------------------------------------------------------
 Iterations:      16
 Final Rel. Res.: 1.023081e-08
 Asymptotic Rate: 0.412531 (Geom. Mean, last 4 iters)
======================================================

