Device configuration: omp,cpu
Memory configuration: host-std
Loaded config: /cluster/home/rdabetic/decmg/configs/hcurl_2d_square_hole_scaledid_v.json
=================================================
  Multigrid Convergence Test Configuration
=================================================
 Problem Type:    hcurl
 Mesh File:       meshes/2d/square_hole.msh
 Output File:     out/scaledid/v/veclap/2d/square_hole.csv
 MG Cycle Type:   V-Cycle
 Mass Lumping:    scaledid
 B-Conditions:    essential
 Max Refinement:  6
 Eigenvalues:     2 (Tol: 0.01)
 GMRES Benchmark: 8 runs (Tol: 1e-06, K-Dim: 20)
=================================================


Gmsh reader: all element attributes were zero.
MFEM only supports positive element attributes.
Setting element attributes to 1.

======================================================
  Refinement Level: 1
======================================================
 Mesh width (h):  8.8388e-02
 Total DOFs:      720
 Spectral Radii:  1 0.14806
 GMRES Avg Iters: 10.00
------------------------------------------------------
  MG RESIDUAL DECAY
------------------------------------------------------
 Iter    Rel. Residual           Reduction Factor
------------------------------------------------------
 0       8.842912e-02            -----
 1       1.096462e-02            0.1240
 2       1.221684e-03            0.1114
 3       1.769178e-04            0.1448
 4       2.297888e-05            0.1299
 5       2.904984e-06            0.1264
 6       3.801815e-07            0.1309
 7       5.197155e-08            0.1367
 8       7.579109e-09            0.1458
 9       1.133184e-09            0.1495
 10      1.621305e-10            0.1431
 11      2.479032e-11            0.1529
 12      4.080624e-12            0.1646
 13      5.929976e-13            0.1453
 14      7.668479e-14            0.1293
 15      1.020461e-14            0.1331
------------------------------------------------------
 Iterations:      16
 Final Rel. Res.: 1.020461e-14
 Asymptotic Rate: 0.135734 (Geom. Mean, last 4 iters)
======================================================

======================================================
  Refinement Level: 2
======================================================
 Mesh width (h):  4.4194e-02
 Total DOFs:      2720
 Spectral Radii:  1 0.172809
 GMRES Avg Iters: 11.00
------------------------------------------------------
  MG RESIDUAL DECAY
------------------------------------------------------
 Iter    Rel. Residual           Reduction Factor
------------------------------------------------------
 0       9.649114e-02            -----
 1       1.189517e-02            0.1233
 2       1.703315e-03            0.1432
 3       2.661123e-04            0.1562
 4       3.568106e-05            0.1341
 5       5.644152e-06            0.1582
 6       9.871451e-07            0.1749
 7       1.608517e-07            0.1629
 8       2.536675e-08            0.1577
 9       4.202764e-09            0.1657
 10      7.064262e-10            0.1681
 11      1.176749e-10            0.1666
 12      1.900683e-11            0.1615
 13      2.981900e-12            0.1569
 14      4.500298e-13            0.1509
 15      6.788925e-14            0.1509
------------------------------------------------------
 Iterations:      16
 Final Rel. Res.: 6.788925e-14
 Asymptotic Rate: 0.152861 (Geom. Mean, last 4 iters)
======================================================

======================================================
  Refinement Level: 3
======================================================
 Mesh width (h):  2.2097e-02
 Total DOFs:      10560
 Spectral Radii:  1 0.192013
 GMRES Avg Iters: 11.00
------------------------------------------------------
  MG RESIDUAL DECAY
------------------------------------------------------
 Iter    Rel. Residual           Reduction Factor
------------------------------------------------------
 0       9.667033e-02            -----
 1       1.171014e-02            0.1211
 2       1.667265e-03            0.1424
 3       2.524270e-04            0.1514
 4       3.763588e-05            0.1491
 5       6.079913e-06            0.1615
 6       1.091070e-06            0.1795
 7       2.047663e-07            0.1877
 8       3.625436e-08            0.1771
 9       5.980957e-09            0.1650
 10      9.590091e-10            0.1603
 11      1.595381e-10            0.1664
 12      2.776795e-11            0.1741
 13      4.961521e-12            0.1787
 14      9.000387e-13            0.1814
 15      1.639840e-13            0.1822
------------------------------------------------------
 Iterations:      16
 Final Rel. Res.: 1.639840e-13
 Asymptotic Rate: 0.180753 (Geom. Mean, last 4 iters)
======================================================

======================================================
  Refinement Level: 4
======================================================
 Mesh width (h):  1.1049e-02
 Total DOFs:      41600
 Spectral Radii:  1 0.207526
 GMRES Avg Iters: 11.00
------------------------------------------------------
  MG RESIDUAL DECAY
------------------------------------------------------
 Iter    Rel. Residual           Reduction Factor
------------------------------------------------------
 0       9.695689e-02            -----
 1       1.179154e-02            0.1216
 2       1.539591e-03            0.1306
 3       2.229973e-04            0.1448
 4       3.671612e-05            0.1646
 5       6.271555e-06            0.1708
 6       1.124543e-06            0.1793
 7       2.102710e-07            0.1870
 8       3.912119e-08            0.1861
 9       6.866338e-09            0.1755
 10      1.079587e-09            0.1572
 11      1.742919e-10            0.1614
 12      4.126363e-11            0.2368
 13      1.179108e-11            0.2857
 14      3.108301e-12            0.2636
 15      7.397024e-13            0.2380
------------------------------------------------------
 Iterations:      16
 Final Rel. Res.: 7.397024e-13
 Asymptotic Rate: 0.261716 (Geom. Mean, last 4 iters)
======================================================

======================================================
  Refinement Level: 5
======================================================
 Mesh width (h):  5.5243e-03
 Total DOFs:      165120
 Spectral Radii:  1 0.215216
 GMRES Avg Iters: 11.00
------------------------------------------------------
  MG RESIDUAL DECAY
------------------------------------------------------
 Iter    Rel. Residual           Reduction Factor
------------------------------------------------------
 0       9.815867e-02            -----
 1       1.189484e-02            0.1212
 2       1.591180e-03            0.1338
 3       2.268076e-04            0.1425
 4       3.558280e-05            0.1569
 5       6.505293e-06            0.1828
 6       1.445899e-06            0.2223
 7       3.568558e-07            0.2468
 8       8.948872e-08            0.2508
 9       2.155619e-08            0.2409
 10      4.892544e-09            0.2270
 11      1.037442e-09            0.2120
 12      2.055176e-10            0.1981
 13      3.835784e-11            0.1866
 14      6.813796e-12            0.1776
 15      1.168080e-12            0.1714
------------------------------------------------------
 Iterations:      16
 Final Rel. Res.: 1.168080e-12
 Asymptotic Rate: 0.178460 (Geom. Mean, last 4 iters)
======================================================

======================================================
  Refinement Level: 6
======================================================
 Mesh width (h):  2.7621e-03
 Total DOFs:      657920
 Spectral Radii:  1 0.219731
 GMRES Avg Iters: 11.00
------------------------------------------------------
  MG RESIDUAL DECAY
------------------------------------------------------
 Iter    Rel. Residual           Reduction Factor
------------------------------------------------------
 0       9.855858e-02            -----
 1       1.186739e-02            0.1204
 2       1.574409e-03            0.1327
 3       2.377062e-04            0.1510
 4       4.349143e-05            0.1830
 5       8.913551e-06            0.2049
 6       1.795666e-06            0.2015
 7       3.361663e-07            0.1872
 8       5.654035e-08            0.1682
 9       8.526205e-09            0.1508
 10      1.293405e-09            0.1517
 11      2.842112e-10            0.2197
 12      8.150878e-11            0.2868
 13      2.241045e-11            0.2749
 14      5.671790e-12            0.2531
 15      1.342471e-12            0.2367
------------------------------------------------------
 Iterations:      16
 Final Rel. Res.: 1.342471e-12
 Asymptotic Rate: 0.254429 (Geom. Mean, last 4 iters)
======================================================

