Device configuration: omp,cpu
Memory configuration: host-std
Loaded config: /cluster/home/rdabetic/decmg/configs/hcurl_2d_circle_scaledid_w.json
=================================================
  Multigrid Convergence Test Configuration
=================================================
 Problem Type:    hcurl
 Mesh File:       meshes/2d/circle.msh
 Output File:     out/scaledid/w/veclap/2d/circle.csv
 MG Cycle Type:   W-Cycle
 Mass Lumping:    scaledid
 B-Conditions:    essential
 Max Refinement:  6
 Eigenvalues:     1 (Tol: 0.01)
 GMRES Benchmark: 8 runs (Tol: 1e-06, K-Dim: 20)
=================================================


Gmsh reader: all element attributes were zero.
MFEM only supports positive element attributes.
Setting element attributes to 1.

======================================================
  Refinement Level: 1
======================================================
 Mesh width (h):  1.8955e-01
 Total DOFs:      807
 Spectral Radii:  0.161439
 GMRES Avg Iters: 13.25
------------------------------------------------------
  MG RESIDUAL DECAY
------------------------------------------------------
 Iter    Rel. Residual           Reduction Factor
------------------------------------------------------
 0       8.475014e-02            -----
 1       9.778934e-03            0.1154
 2       1.249712e-03            0.1278
 3       1.612551e-04            0.1290
 4       2.120322e-05            0.1315
 5       3.075452e-06            0.1450
 6       4.897204e-07            0.1592
 7       7.839668e-08            0.1601
 8       1.183002e-08            0.1509
 9       1.812670e-09            0.1532
 10      2.802464e-10            0.1546
 11      4.248665e-11            0.1516
 12      6.525611e-12            0.1536
 13      1.026437e-12            0.1573
 14      1.611980e-13            0.1570
 15      2.429959e-14            0.1507
------------------------------------------------------
 Iterations:      16
 Final Rel. Res.: 2.429959e-14
 Asymptotic Rate: 0.154998 (Geom. Mean, last 4 iters)
======================================================

======================================================
  Refinement Level: 2
======================================================
 Mesh width (h):  9.4776e-02
 Total DOFs:      3133
 Spectral Radii:  0.183149
 GMRES Avg Iters: 14.00
------------------------------------------------------
  MG RESIDUAL DECAY
------------------------------------------------------
 Iter    Rel. Residual           Reduction Factor
------------------------------------------------------
 0       9.289333e-02            -----
 1       1.116236e-02            0.1202
 2       1.414162e-03            0.1267
 3       1.846577e-04            0.1306
 4       2.468431e-05            0.1337
 5       3.445390e-06            0.1396
 6       5.007339e-07            0.1453
 7       7.685162e-08            0.1535
 8       1.233205e-08            0.1605
 9       1.959292e-09            0.1589
 10      3.092651e-10            0.1578
 11      4.918596e-11            0.1590
 12      7.927447e-12            0.1612
 13      1.300716e-12            0.1641
 14      2.170985e-13            0.1669
 15      3.729530e-14            0.1718
------------------------------------------------------
 Iterations:      16
 Final Rel. Res.: 3.729530e-14
 Asymptotic Rate: 0.167561 (Geom. Mean, last 4 iters)
======================================================

======================================================
  Refinement Level: 3
======================================================
 Mesh width (h):  4.7388e-02
 Total DOFs:      12345
 Spectral Radii:  0.180199
 GMRES Avg Iters: 15.00
------------------------------------------------------
  MG RESIDUAL DECAY
------------------------------------------------------
 Iter    Rel. Residual           Reduction Factor
------------------------------------------------------
 0       9.901342e-02            -----
 1       1.160467e-02            0.1172
 2       1.455969e-03            0.1255
 3       1.899408e-04            0.1305
 4       2.644968e-05            0.1393
 5       3.645279e-06            0.1378
 6       5.257493e-07            0.1442
 7       8.209005e-08            0.1561
 8       1.259140e-08            0.1534
 9       1.956265e-09            0.1554
 10      3.135259e-10            0.1603
 11      5.070037e-11            0.1617
 12      8.326345e-12            0.1642
 13      1.386235e-12            0.1665
 14      2.320214e-13            0.1674
 15      3.906111e-14            0.1684
------------------------------------------------------
 Iterations:      16
 Final Rel. Res.: 3.906111e-14
 Asymptotic Rate: 0.167403 (Geom. Mean, last 4 iters)
======================================================

======================================================
  Refinement Level: 4
======================================================
 Mesh width (h):  2.3694e-02
 Total DOFs:      49009
 Spectral Radii:  0.179286
 GMRES Avg Iters: 15.00
------------------------------------------------------
  MG RESIDUAL DECAY
------------------------------------------------------
 Iter    Rel. Residual           Reduction Factor
------------------------------------------------------
 0       9.654648e-02            -----
 1       1.139700e-02            0.1180
 2       1.416776e-03            0.1243
 3       1.856407e-04            0.1310
 4       2.586325e-05            0.1393
 5       3.729501e-06            0.1442
 6       5.485524e-07            0.1471
 7       8.184765e-08            0.1492
 8       1.282824e-08            0.1567
 9       2.121903e-09            0.1654
 10      3.604934e-10            0.1699
 11      6.204678e-11            0.1721
 12      1.084213e-11            0.1747
 13      1.916206e-12            0.1767
 14      3.406435e-13            0.1778
 15      6.078500e-14            0.1784
------------------------------------------------------
 Iterations:      16
 Final Rel. Res.: 6.078500e-14
 Asymptotic Rate: 0.177648 (Geom. Mean, last 4 iters)
======================================================

======================================================
  Refinement Level: 5
======================================================
 Mesh width (h):  1.1847e-02
 Total DOFs:      195297
 Spectral Radii:  0.179132
 GMRES Avg Iters: 15.00
------------------------------------------------------
  MG RESIDUAL DECAY
------------------------------------------------------
 Iter    Rel. Residual           Reduction Factor
------------------------------------------------------
 0       9.804717e-02            -----
 1       1.169785e-02            0.1193
 2       1.451927e-03            0.1241
 3       1.899654e-04            0.1308
 4       2.625454e-05            0.1382
 5       3.689310e-06            0.1405
 6       5.284076e-07            0.1432
 7       7.781542e-08            0.1473
 8       1.161962e-08            0.1493
 9       1.763551e-09            0.1518
 10      2.707167e-10            0.1535
 11      4.188071e-11            0.1547
 12      6.571695e-12            0.1569
 13      1.038458e-12            0.1580
 14      1.639891e-13            0.1579
 15      2.592840e-14            0.1581
------------------------------------------------------
 Iterations:      16
 Final Rel. Res.: 2.592840e-14
 Asymptotic Rate: 0.158015 (Geom. Mean, last 4 iters)
======================================================

======================================================
  Refinement Level: 6
======================================================
 Mesh width (h):  5.9235e-03
 Total DOFs:      779713
 Spectral Radii:  0.179077
 GMRES Avg Iters: 15.00
------------------------------------------------------
  MG RESIDUAL DECAY
------------------------------------------------------
 Iter    Rel. Residual           Reduction Factor
------------------------------------------------------
 0       9.823353e-02            -----
 1       1.171952e-02            0.1193
 2       1.449947e-03            0.1237
 3       1.880956e-04            0.1297
 4       2.593252e-05            0.1379
 5       3.635146e-06            0.1402
 6       5.143954e-07            0.1415
 7       7.473522e-08            0.1453
 8       1.109150e-08            0.1484
 9       1.674217e-09            0.1509
 10      2.567998e-10            0.1534
 11      3.981676e-11            0.1550
 12      6.251015e-12            0.1570
 13      9.881834e-13            0.1581
 14      1.567960e-13            0.1587
 15      2.503915e-14            0.1597
------------------------------------------------------
 Iterations:      16
 Final Rel. Res.: 2.503915e-14
 Asymptotic Rate: 0.158814 (Geom. Mean, last 4 iters)
======================================================

