Device configuration: omp,cpu
Memory configuration: host-std
Loaded config: /cluster/home/rdabetic/decmg/configs/hcurl_2d_two_holes_scaledid_w.json
=================================================
  Multigrid Convergence Test Configuration
=================================================
 Problem Type:    hcurl
 Mesh File:       meshes/2d/two_holes.msh
 Output File:     out/scaledid/w/veclap/2d/two_holes.csv
 MG Cycle Type:   W-Cycle
 Mass Lumping:    scaledid
 B-Conditions:    essential
 Max Refinement:  6
 Eigenvalues:     3 (Tol: 0.01)
 GMRES Benchmark: 8 runs (Tol: 1e-06, K-Dim: 20)
=================================================


Gmsh reader: all element attributes were zero.
MFEM only supports positive element attributes.
Setting element attributes to 1.

======================================================
  Refinement Level: 1
======================================================
 Mesh width (h):  9.9615e-02
 Total DOFs:      2403
 Spectral Radii:  1 1 0.18278
 GMRES Avg Iters: 12.00
------------------------------------------------------
  MG RESIDUAL DECAY
------------------------------------------------------
 Iter    Rel. Residual           Reduction Factor
------------------------------------------------------
 0       9.152883e-02            -----
 1       1.272904e-02            0.1391
 2       1.372328e-03            0.1078
 3       2.264714e-04            0.1650
 4       4.303131e-05            0.1900
 5       7.151767e-06            0.1662
 6       1.352015e-06            0.1890
 7       2.387299e-07            0.1766
 8       3.796414e-08            0.1590
 9       6.032636e-09            0.1589
 10      9.495112e-10            0.1574
 11      1.376691e-10            0.1450
 12      1.826710e-11            0.1327
 13      2.474047e-12            0.1354
 14      4.339050e-13            0.1754
 15      8.970765e-14            0.2067
------------------------------------------------------
 Iterations:      16
 Final Rel. Res.: 8.970765e-14
 Asymptotic Rate: 0.169976 (Geom. Mean, last 4 iters)
======================================================

======================================================
  Refinement Level: 2
======================================================
 Mesh width (h):  4.9808e-02
 Total DOFs:      9383
 Spectral Radii:  1 1 0.184026
 GMRES Avg Iters: 13.00
------------------------------------------------------
  MG RESIDUAL DECAY
------------------------------------------------------
 Iter    Rel. Residual           Reduction Factor
------------------------------------------------------
 0       9.850774e-02            -----
 1       1.804416e-02            0.1832
 2       1.730346e-03            0.0959
 3       2.615382e-04            0.1511
 4       3.987693e-05            0.1525
 5       9.523356e-06            0.2388
 6       2.277550e-06            0.2392
 7       4.900437e-07            0.2152
 8       9.929143e-08            0.2026
 9       1.799527e-08            0.1812
 10      3.036052e-09            0.1687
 11      4.947133e-10            0.1629
 12      7.794912e-11            0.1576
 13      1.235115e-11            0.1585
 14      2.028729e-12            0.1643
 15      3.461554e-13            0.1706
------------------------------------------------------
 Iterations:      16
 Final Rel. Res.: 3.461554e-13
 Asymptotic Rate: 0.164369 (Geom. Mean, last 4 iters)
======================================================

======================================================
  Refinement Level: 3
======================================================
 Mesh width (h):  2.4904e-02
 Total DOFs:      37071
 Spectral Radii:  1 1 0.183204
 GMRES Avg Iters: 13.00
------------------------------------------------------
  MG RESIDUAL DECAY
------------------------------------------------------
 Iter    Rel. Residual           Reduction Factor
------------------------------------------------------
 0       9.870095e-02            -----
 1       1.264301e-02            0.1281
 2       1.549955e-03            0.1226
 3       2.170871e-04            0.1401
 4       3.346303e-05            0.1541
 5       4.732775e-06            0.1414
 6       7.438937e-07            0.1572
 7       1.410422e-07            0.1896
 8       2.581902e-08            0.1831
 9       4.233133e-09            0.1640
 10      6.304622e-10            0.1489
 11      8.243531e-11            0.1308
 12      1.148990e-11            0.1394
 13      1.861022e-12            0.1620
 14      3.514177e-13            0.1888
 15      7.041872e-14            0.2004
------------------------------------------------------
 Iterations:      16
 Final Rel. Res.: 7.041872e-14
 Asymptotic Rate: 0.183003 (Geom. Mean, last 4 iters)
======================================================

======================================================
  Refinement Level: 4
======================================================
 Mesh width (h):  1.2452e-02
 Total DOFs:      147359
 Spectral Radii:  1 1 0.182836
 GMRES Avg Iters: 14.00
------------------------------------------------------
  MG RESIDUAL DECAY
------------------------------------------------------
 Iter    Rel. Residual           Reduction Factor
------------------------------------------------------
 0       9.831970e-02            -----
 1       1.196451e-02            0.1217
 2       1.549088e-03            0.1295
 3       1.966255e-04            0.1269
 4       3.066964e-05            0.1560
 5       4.249580e-06            0.1386
 6       6.787276e-07            0.1597
 7       1.120218e-07            0.1650
 8       1.663110e-08            0.1485
 9       2.708219e-09            0.1628
 10      5.394826e-10            0.1992
 11      1.043745e-10            0.1935
 12      2.038187e-11            0.1953
 13      3.974804e-12            0.1950
 14      7.379870e-13            0.1857
 15      1.326634e-13            0.1798
------------------------------------------------------
 Iterations:      16
 Final Rel. Res.: 1.326634e-13
 Asymptotic Rate: 0.186711 (Geom. Mean, last 4 iters)
======================================================

======================================================
  Refinement Level: 5
======================================================
 Mesh width (h):  6.2260e-03
 Total DOFs:      587583
 Spectral Radii:  1 1 0.182871
 GMRES Avg Iters: 14.00
------------------------------------------------------
  MG RESIDUAL DECAY
------------------------------------------------------
 Iter    Rel. Residual           Reduction Factor
------------------------------------------------------
 0       9.788939e-02            -----
 1       1.173143e-02            0.1198
 2       1.480955e-03            0.1262
 3       1.973725e-04            0.1333
 4       2.683548e-05            0.1360
 5       3.860789e-06            0.1439
 6       5.607199e-07            0.1452
 7       9.116448e-08            0.1626
 8       1.520313e-08            0.1668
 9       2.617620e-09            0.1722
 10      4.289173e-10            0.1639
 11      7.034093e-11            0.1640
 12      1.181269e-11            0.1679
 13      2.029986e-12            0.1718
 14      3.579836e-13            0.1763
 15      6.443055e-14            0.1800
------------------------------------------------------
 Iterations:      16
 Final Rel. Res.: 6.443055e-14
 Asymptotic Rate: 0.176028 (Geom. Mean, last 4 iters)
======================================================

======================================================
  Refinement Level: 6
======================================================
 Mesh width (h):  3.1130e-03
 Total DOFs:      2346623
 Spectral Radii:  1 1 0.182861
 GMRES Avg Iters: 14.00
------------------------------------------------------
  MG RESIDUAL DECAY
------------------------------------------------------
 Iter    Rel. Residual           Reduction Factor
------------------------------------------------------
 0       9.821637e-02            -----
 1       1.168409e-02            0.1190
 2       1.506697e-03            0.1290
 3       1.974114e-04            0.1310
 4       2.842567e-05            0.1440
 5       4.046563e-06            0.1424
 6       5.821855e-07            0.1439
 7       8.784990e-08            0.1509
 8       1.345954e-08            0.1532
 9       2.023309e-09            0.1503
 10      3.132866e-10            0.1548
 11      4.922468e-11            0.1571
 12      7.836083e-12            0.1592
 13      1.351423e-12            0.1725
 14      2.476807e-13            0.1833
 15      4.555598e-14            0.1839
------------------------------------------------------
 Iterations:      16
 Final Rel. Res.: 4.555598e-14
 Asymptotic Rate: 0.179811 (Geom. Mean, last 4 iters)
======================================================

