Device configuration: omp,cpu
Memory configuration: host-std
Loaded config: /cluster/home/rdabetic/decmg/configs/hcurl_2d_circle_barycentric_v.json
=================================================
  Multigrid Convergence Test Configuration
=================================================
 Problem Type:    hcurl
 Mesh File:       meshes/2d/circle.msh
 Output File:     out/barycentric/v/veclap/2d/circle.csv
 MG Cycle Type:   V-Cycle
 Mass Lumping:    barycentric
 B-Conditions:    essential
 Max Refinement:  6
 Eigenvalues:     1 (Tol: 0.01)
 GMRES Benchmark: 8 runs (Tol: 1e-06, K-Dim: 20)
=================================================


Gmsh reader: all element attributes were zero.
MFEM only supports positive element attributes.
Setting element attributes to 1.

======================================================
  Refinement Level: 1
======================================================
 Mesh width (h):  1.8955e-01
 Total DOFs:      807
 Spectral Radii:  0.284893
 GMRES Avg Iters: 9.00
------------------------------------------------------
  MG RESIDUAL DECAY
------------------------------------------------------
 Iter    Rel. Residual           Reduction Factor
------------------------------------------------------
 0       9.478740e-02            -----
 1       1.256678e-02            0.1326
 2       2.531186e-03            0.2014
 3       6.299363e-04            0.2489
 4       1.600257e-04            0.2540
 5       4.226834e-05            0.2641
 6       1.167863e-05            0.2763
 7       3.301262e-06            0.2827
 8       9.361745e-07            0.2836
 9       2.636420e-07            0.2816
 10      7.341994e-08            0.2785
 11      2.025419e-08            0.2759
 12      5.570035e-09            0.2750
 13      1.538551e-09            0.2762
 14      4.292091e-10            0.2790
 15      1.210948e-10            0.2821
------------------------------------------------------
 Iterations:      16
 Final Rel. Res.: 1.210948e-10
 Asymptotic Rate: 0.279097 (Geom. Mean, last 4 iters)
======================================================

======================================================
  Refinement Level: 2
======================================================
 Mesh width (h):  9.4776e-02
 Total DOFs:      3133
 Spectral Radii:  0.342822
 GMRES Avg Iters: 9.25
------------------------------------------------------
  MG RESIDUAL DECAY
------------------------------------------------------
 Iter    Rel. Residual           Reduction Factor
------------------------------------------------------
 0       1.066174e-01            -----
 1       1.454040e-02            0.1364
 2       2.768128e-03            0.1904
 3       6.464776e-04            0.2335
 4       1.704538e-04            0.2637
 5       4.658013e-05            0.2733
 6       1.304181e-05            0.2800
 7       3.821141e-06            0.2930
 8       1.166087e-06            0.3052
 9       3.653955e-07            0.3134
 10      1.163613e-07            0.3185
 11      3.752367e-08            0.3225
 12      1.223485e-08            0.3261
 13      4.024843e-09            0.3290
 14      1.332345e-09            0.3310
 15      4.427479e-10            0.3323
------------------------------------------------------
 Iterations:      16
 Final Rel. Res.: 4.427479e-10
 Asymptotic Rate: 0.330765 (Geom. Mean, last 4 iters)
======================================================

======================================================
  Refinement Level: 3
======================================================
 Mesh width (h):  4.7388e-02
 Total DOFs:      12345
 Spectral Radii:  0.370286
 GMRES Avg Iters: 10.00
------------------------------------------------------
  MG RESIDUAL DECAY
------------------------------------------------------
 Iter    Rel. Residual           Reduction Factor
------------------------------------------------------
 0       1.122825e-01            -----
 1       1.556053e-02            0.1386
 2       2.827029e-03            0.1817
 3       6.464381e-04            0.2287
 4       1.673473e-04            0.2589
 5       4.642346e-05            0.2774
 6       1.375843e-05            0.2964
 7       4.341688e-06            0.3156
 8       1.424915e-06            0.3282
 9       4.805746e-07            0.3373
 10      1.653894e-07            0.3441
 11      5.778440e-08            0.3494
 12      2.041681e-08            0.3533
 13      7.275032e-09            0.3563
 14      2.609692e-09            0.3587
 15      9.413559e-10            0.3607
------------------------------------------------------
 Iterations:      16
 Final Rel. Res.: 9.413559e-10
 Asymptotic Rate: 0.358582 (Geom. Mean, last 4 iters)
======================================================

======================================================
  Refinement Level: 4
======================================================
 Mesh width (h):  2.3694e-02
 Total DOFs:      49009
 Spectral Radii:  0.407019
 GMRES Avg Iters: 10.00
------------------------------------------------------
  MG RESIDUAL DECAY
------------------------------------------------------
 Iter    Rel. Residual           Reduction Factor
------------------------------------------------------
 0       1.097687e-01            -----
 1       1.549957e-02            0.1412
 2       2.850302e-03            0.1839
 3       6.696484e-04            0.2349
 4       1.857966e-04            0.2775
 5       5.580328e-05            0.3003
 6       1.766969e-05            0.3166
 7       5.865642e-06            0.3320
 8       2.013488e-06            0.3433
 9       7.080653e-07            0.3517
 10      2.535914e-07            0.3581
 11      9.215816e-08            0.3634
 12      3.391534e-08            0.3680
 13      1.262341e-08            0.3722
 14      4.747379e-09            0.3761
 15      1.802382e-09            0.3797
------------------------------------------------------
 Iterations:      16
 Final Rel. Res.: 1.802382e-09
 Asymptotic Rate: 0.375967 (Geom. Mean, last 4 iters)
======================================================

======================================================
  Refinement Level: 5
======================================================
 Mesh width (h):  1.1847e-02
 Total DOFs:      195297
 Spectral Radii:  0.427289
 GMRES Avg Iters: 10.00
------------------------------------------------------
  MG RESIDUAL DECAY
------------------------------------------------------
 Iter    Rel. Residual           Reduction Factor
------------------------------------------------------
 0       1.117459e-01            -----
 1       1.587247e-02            0.1420
 2       2.887345e-03            0.1819
 3       6.660916e-04            0.2307
 4       1.833989e-04            0.2753
 5       5.457666e-05            0.2976
 6       1.718853e-05            0.3149
 7       5.699217e-06            0.3316
 8       1.959295e-06            0.3438
 9       6.912820e-07            0.3528
 10      2.488199e-07            0.3599
 11      9.102689e-08            0.3658
 12      3.376416e-08            0.3709
 13      1.267632e-08            0.3754
 14      4.810445e-09            0.3795
 15      1.842989e-09            0.3831
------------------------------------------------------
 Iterations:      16
 Final Rel. Res.: 1.842989e-09
 Asymptotic Rate: 0.379334 (Geom. Mean, last 4 iters)
======================================================

======================================================
  Refinement Level: 6
======================================================
 Mesh width (h):  5.9235e-03
 Total DOFs:      779713
 Spectral Radii:  0.436722
 GMRES Avg Iters: 10.00
------------------------------------------------------
  MG RESIDUAL DECAY
------------------------------------------------------
 Iter    Rel. Residual           Reduction Factor
------------------------------------------------------
 0       1.116995e-01            -----
 1       1.594193e-02            0.1427
 2       2.907786e-03            0.1824
 3       6.752342e-04            0.2322
 4       1.856562e-04            0.2750
 5       5.531826e-05            0.2980
 6       1.760567e-05            0.3183
 7       5.925962e-06            0.3366
 8       2.074963e-06            0.3501
 9       7.480341e-07            0.3605
 10      2.758043e-07            0.3687
 11      1.035804e-07            0.3756
 12      3.952248e-08            0.3816
 13      1.529292e-08            0.3869
 14      5.991739e-09            0.3918
 15      2.373883e-09            0.3962
------------------------------------------------------
 Iterations:      16
 Final Rel. Res.: 2.373883e-09
 Asymptotic Rate: 0.391626 (Geom. Mean, last 4 iters)
======================================================

