Device configuration: omp,cpu
Memory configuration: host-std
Loaded config: /cluster/home/rdabetic/decmg/configs/hcurl_3d_hole_void_rowsum_v.json
=================================================
  Multigrid Convergence Test Configuration
=================================================
 Problem Type:    hcurl
 Mesh File:       meshes/3d/hole_void.msh
 Output File:     out/rowsum/v/veclap/3d/hole_void.csv
 MG Cycle Type:   V-Cycle
 Mass Lumping:    rowsum
 B-Conditions:    essential
 Max Refinement:  5
 Eigenvalues:     2 (Tol: 0.01)
 GMRES Benchmark: 8 runs (Tol: 1e-06, K-Dim: 20)
=================================================

======================================================
  Refinement Level: 1
======================================================
 Mesh width (h):  1.5811e+00
 Total DOFs:      1505
 Spectral Radii:  1 0.432817
 GMRES Avg Iters: 22.38
------------------------------------------------------
  MG RESIDUAL DECAY
------------------------------------------------------
 Iter    Rel. Residual           Reduction Factor
------------------------------------------------------
 0       5.114563e-02            -----
 1       9.727781e-03            0.1902
 2       2.951822e-03            0.3034
 3       9.857599e-04            0.3339
 4       3.462049e-04            0.3512
 5       1.249215e-04            0.3608
 6       4.601693e-05            0.3684
 7       1.722062e-05            0.3742
 8       6.538042e-06            0.3797
 9       2.514171e-06            0.3845
 10      9.782235e-07            0.3891
 11      3.846857e-07            0.3932
 12      1.527456e-07            0.3971
 13      6.118009e-08            0.4005
 14      2.469730e-08            0.4037
 15      1.004034e-08            0.4065
------------------------------------------------------
 Iterations:      16
 Final Rel. Res.: 1.004034e-08
 Asymptotic Rate: 0.403577 (Geom. Mean, last 4 iters)
======================================================

======================================================
  Refinement Level: 2
======================================================
 Mesh width (h):  7.9057e-01
 Total DOFs:      10689
 Spectral Radii:  1 0.493122
 GMRES Avg Iters: 26.25
------------------------------------------------------
  MG RESIDUAL DECAY
------------------------------------------------------
 Iter    Rel. Residual           Reduction Factor
------------------------------------------------------
 0       5.389265e-02            -----
 1       8.593237e-03            0.1595
 2       2.409983e-03            0.2805
 3       8.399438e-04            0.3485
 4       3.171852e-04            0.3776
 5       1.248328e-04            0.3936
 6       5.082056e-05            0.4071
 7       2.130369e-05            0.4192
 8       9.191235e-06            0.4314
 9       4.072364e-06            0.4431
 10      1.846363e-06            0.4534
 11      8.525391e-07            0.4617
 12      3.989587e-07            0.4680
 13      1.884146e-07            0.4723
 14      8.950231e-08            0.4750
 15      4.266243e-08            0.4767
------------------------------------------------------
 Iterations:      16
 Final Rel. Res.: 4.266243e-08
 Asymptotic Rate: 0.474649 (Geom. Mean, last 4 iters)
======================================================

======================================================
  Refinement Level: 3
======================================================
 Mesh width (h):  3.9528e-01
 Total DOFs:      80257
 Spectral Radii:  1 0.542386
 GMRES Avg Iters: 29.12
------------------------------------------------------
  MG RESIDUAL DECAY
------------------------------------------------------
 Iter    Rel. Residual           Reduction Factor
------------------------------------------------------
 0       5.521111e-02            -----
 1       8.298507e-03            0.1503
 2       2.204036e-03            0.2656
 3       7.216675e-04            0.3274
 4       2.676382e-04            0.3709
 5       1.075429e-04            0.4018
 6       4.596903e-05            0.4274
 7       2.061349e-05            0.4484
 8       9.655360e-06            0.4684
 9       4.692041e-06            0.4860
 10      2.349519e-06            0.5007
 11      1.203644e-06            0.5123
 12      6.269876e-07            0.5209
 13      3.304737e-07            0.5271
 14      1.756107e-07            0.5314
 15      9.383261e-08            0.5343
------------------------------------------------------
 Iterations:      16
 Final Rel. Res.: 9.383261e-08
 Asymptotic Rate: 0.530923 (Geom. Mean, last 4 iters)
======================================================

======================================================
  Refinement Level: 4
======================================================
 Mesh width (h):  1.9764e-01
 Total DOFs:      621313
 Spectral Radii:  1 0.580378
 GMRES Avg Iters: 30.75
------------------------------------------------------
  MG RESIDUAL DECAY
------------------------------------------------------
 Iter    Rel. Residual           Reduction Factor
------------------------------------------------------
 0       5.730902e-02            -----
 1       8.133058e-03            0.1419
 2       2.080470e-03            0.2558
 3       6.678519e-04            0.3210
 4       2.372576e-04            0.3553
 5       9.472124e-05            0.3992
 6       4.206643e-05            0.4441
 7       2.084905e-05            0.4956
 8       1.115810e-05            0.5352
 9       6.240291e-06            0.5593
 10      3.554928e-06            0.5697
 11      2.036047e-06            0.5727
 12      1.165197e-06            0.5723
 13      6.647579e-07            0.5705
 14      3.778272e-07            0.5684
 15      2.139562e-07            0.5663
------------------------------------------------------
 Iterations:      16
 Final Rel. Res.: 2.139562e-07
 Asymptotic Rate: 0.568384 (Geom. Mean, last 4 iters)
======================================================

======================================================
  Refinement Level: 5
======================================================
 Mesh width (h):  9.8821e-02
 Total DOFs:      4888065
 Spectral Radii:  1 0.608732
 GMRES Avg Iters: 31.00
------------------------------------------------------
  MG RESIDUAL DECAY
------------------------------------------------------
 Iter    Rel. Residual           Reduction Factor
------------------------------------------------------
 0       5.792261e-02            -----
 1       7.891897e-03            0.1362
 2       1.973323e-03            0.2500
 3       6.036822e-04            0.3059
 4       2.114731e-04            0.3503
 5       8.189553e-05            0.3873
 6       3.471844e-05            0.4239
 7       1.586355e-05            0.4569
 8       7.702048e-06            0.4855
 9       3.936415e-06            0.5111
 10      2.094443e-06            0.5321
 11      1.152089e-06            0.5501
 12      6.499928e-07            0.5642
 13      3.741027e-07            0.5755
 14      2.185589e-07            0.5842
 15      1.291602e-07            0.5910
------------------------------------------------------
 Iterations:      16
 Final Rel. Res.: 1.291602e-07
 Asymptotic Rate: 0.583544 (Geom. Mean, last 4 iters)
======================================================

