Device configuration: omp,cpu
Memory configuration: host-std
Loaded config: /cluster/home/rdabetic/decmg/configs/hcurl_2d_L_rowsum_w.json
=================================================
  Multigrid Convergence Test Configuration
=================================================
 Problem Type:    hcurl
 Mesh File:       meshes/2d/L.msh
 Output File:     out/rowsum/w/veclap/2d/L.csv
 MG Cycle Type:   W-Cycle
 Mass Lumping:    rowsum
 B-Conditions:    essential
 Max Refinement:  6
 Eigenvalues:     1 (Tol: 0.01)
 GMRES Benchmark: 8 runs (Tol: 1e-06, K-Dim: 20)
=================================================


Gmsh reader: all element attributes were zero.
MFEM only supports positive element attributes.
Setting element attributes to 1.

======================================================
  Refinement Level: 1
======================================================
 Mesh width (h):  1.8352e-01
 Total DOFs:      205
 Spectral Radii:  0.163704
 GMRES Avg Iters: 8.00
------------------------------------------------------
  MG RESIDUAL DECAY
------------------------------------------------------
 Iter    Rel. Residual           Reduction Factor
------------------------------------------------------
 0       9.942935e-02            -----
 1       1.357002e-02            0.1365
 2       1.794557e-03            0.1322
 3       2.709245e-04            0.1510
 4       3.798851e-05            0.1402
 5       4.155807e-06            0.1094
 6       6.280946e-07            0.1511
 7       1.072991e-07            0.1708
 8       1.991121e-08            0.1856
 9       3.615061e-09            0.1816
 10      6.296585e-10            0.1742
 11      1.013328e-10            0.1609
 12      1.543041e-11            0.1523
 13      2.346056e-12            0.1520
 14      3.719788e-13            0.1586
 15      6.155019e-14            0.1655
------------------------------------------------------
 Iterations:      16
 Final Rel. Res.: 6.155019e-14
 Asymptotic Rate: 0.158593 (Geom. Mean, last 4 iters)
======================================================

======================================================
  Refinement Level: 2
======================================================
 Mesh width (h):  9.1759e-02
 Total DOFs:      761
 Spectral Radii:  0.193082
 GMRES Avg Iters: 9.00
------------------------------------------------------
  MG RESIDUAL DECAY
------------------------------------------------------
 Iter    Rel. Residual           Reduction Factor
------------------------------------------------------
 0       9.209200e-02            -----
 1       1.108347e-02            0.1204
 2       1.399950e-03            0.1263
 3       1.918087e-04            0.1370
 4       3.249349e-05            0.1694
 5       5.855517e-06            0.1802
 6       1.188213e-06            0.2029
 7       2.480103e-07            0.2087
 8       5.101969e-08            0.2057
 9       1.035167e-08            0.2029
 10      2.083980e-09            0.2013
 11      4.226216e-10            0.2028
 12      8.618717e-11            0.2039
 13      1.754331e-11            0.2035
 14      3.537194e-12            0.2016
 15      7.036823e-13            0.1989
------------------------------------------------------
 Iterations:      16
 Final Rel. Res.: 7.036823e-13
 Asymptotic Rate: 0.201362 (Geom. Mean, last 4 iters)
======================================================

======================================================
  Refinement Level: 3
======================================================
 Mesh width (h):  4.5880e-02
 Total DOFs:      2929
 Spectral Radii:  0.209927
 GMRES Avg Iters: 10.00
------------------------------------------------------
  MG RESIDUAL DECAY
------------------------------------------------------
 Iter    Rel. Residual           Reduction Factor
------------------------------------------------------
 0       8.639316e-02            -----
 1       1.153622e-02            0.1335
 2       1.547570e-03            0.1341
 3       2.371292e-04            0.1532
 4       4.142699e-05            0.1747
 5       7.593559e-06            0.1833
 6       1.430834e-06            0.1884
 7       2.782347e-07            0.1945
 8       5.420663e-08            0.1948
 9       1.073410e-08            0.1980
 10      2.201942e-09            0.2051
 11      4.659528e-10            0.2116
 12      1.002321e-10            0.2151
 13      2.166235e-11            0.2161
 14      4.667883e-12            0.2155
 15      9.978615e-13            0.2138
------------------------------------------------------
 Iterations:      16
 Final Rel. Res.: 9.978615e-13
 Asymptotic Rate: 0.215123 (Geom. Mean, last 4 iters)
======================================================

======================================================
  Refinement Level: 4
======================================================
 Mesh width (h):  2.2940e-02
 Total DOFs:      11489
 Spectral Radii:  0.246192
 GMRES Avg Iters: 10.00
------------------------------------------------------
  MG RESIDUAL DECAY
------------------------------------------------------
 Iter    Rel. Residual           Reduction Factor
------------------------------------------------------
 0       8.956391e-02            -----
 1       1.104702e-02            0.1233
 2       1.564021e-03            0.1416
 3       2.585147e-04            0.1653
 4       4.690023e-05            0.1814
 5       9.217622e-06            0.1965
 6       1.888556e-06            0.2049
 7       3.994969e-07            0.2115
 8       8.698314e-08            0.2177
 9       1.934321e-08            0.2224
 10      4.373169e-09            0.2261
 11      1.001278e-09            0.2290
 12      2.314721e-10            0.2312
 13      5.389761e-11            0.2328
 14      1.261553e-11            0.2341
 15      2.963978e-12            0.2349
------------------------------------------------------
 Iterations:      16
 Final Rel. Res.: 2.963978e-12
 Asymptotic Rate: 0.233951 (Geom. Mean, last 4 iters)
======================================================

======================================================
  Refinement Level: 5
======================================================
 Mesh width (h):  1.1470e-02
 Total DOFs:      45505
 Spectral Radii:  0.255182
 GMRES Avg Iters: 10.00
------------------------------------------------------
  MG RESIDUAL DECAY
------------------------------------------------------
 Iter    Rel. Residual           Reduction Factor
------------------------------------------------------
 0       9.064649e-02            -----
 1       1.131275e-02            0.1248
 2       1.618750e-03            0.1431
 3       2.654462e-04            0.1640
 4       4.974536e-05            0.1874
 5       1.003283e-05            0.2017
 6       2.111384e-06            0.2104
 7       4.574420e-07            0.2167
 8       1.017568e-07            0.2224
 9       2.305535e-08            0.2266
 10      5.301767e-09            0.2300
 11      1.233545e-09            0.2327
 12      2.896988e-10            0.2349
 13      6.854295e-11            0.2366
 14      1.631809e-11            0.2381
 15      3.905382e-12            0.2393
------------------------------------------------------
 Iterations:      16
 Final Rel. Res.: 3.905382e-12
 Asymptotic Rate: 0.237997 (Geom. Mean, last 4 iters)
======================================================

======================================================
  Refinement Level: 6
======================================================
 Mesh width (h):  5.7350e-03
 Total DOFs:      181121
 Spectral Radii:  0.261236
 GMRES Avg Iters: 10.00
------------------------------------------------------
  MG RESIDUAL DECAY
------------------------------------------------------
 Iter    Rel. Residual           Reduction Factor
------------------------------------------------------
 0       9.122354e-02            -----
 1       1.146321e-02            0.1257
 2       1.621625e-03            0.1415
 3       2.731610e-04            0.1684
 4       5.196672e-05            0.1902
 5       1.070218e-05            0.2059
 6       2.317193e-06            0.2165
 7       5.202558e-07            0.2245
 8       1.196753e-07            0.2300
 9       2.804423e-08            0.2343
 10      6.669601e-09            0.2378
 11      1.605034e-09            0.2406
 12      3.900035e-10            0.2430
 13      9.552369e-11            0.2449
 14      2.355418e-11            0.2466
 15      5.841667e-12            0.2480
------------------------------------------------------
 Iterations:      16
 Final Rel. Res.: 5.841667e-12
 Asymptotic Rate: 0.246503 (Geom. Mean, last 4 iters)
======================================================

