Device configuration: omp,cpu
Memory configuration: host-std
Loaded config: /cluster/home/rdabetic/decmg/configs/hcurl_3d_tetra_scaledid_v.json
=================================================
  Multigrid Convergence Test Configuration
=================================================
 Problem Type:    hcurl
 Mesh File:       meshes/3d/tetra.msh
 Output File:     out/scaledid/v/veclap/3d/tetra.csv
 MG Cycle Type:   V-Cycle
 Mass Lumping:    scaledid
 B-Conditions:    essential
 Max Refinement:  5
 Eigenvalues:     1 (Tol: 0.01)
 GMRES Benchmark: 8 runs (Tol: 1e-06, K-Dim: 20)
=================================================

======================================================
  Refinement Level: 1
======================================================
 Mesh width (h):  3.5355e-01
 Total DOFs:      165
 Spectral Radii:  0.258297
 GMRES Avg Iters: 9.12
------------------------------------------------------
  MG RESIDUAL DECAY
------------------------------------------------------
 Iter    Rel. Residual           Reduction Factor
------------------------------------------------------
 0       6.495296e-02            -----
 1       1.247849e-02            0.1921
 2       3.150878e-03            0.2525
 3       7.797509e-04            0.2475
 4       1.894351e-04            0.2429
 5       4.581317e-05            0.2418
 6       1.107644e-05            0.2418
 7       2.679996e-06            0.2420
 8       6.493744e-07            0.2423
 9       1.576804e-07            0.2428
 10      3.839393e-08            0.2435
 11      9.380044e-09            0.2443
 12      2.300530e-09            0.2453
 13      5.666505e-10            0.2463
 14      1.402168e-10            0.2474
 15      3.486225e-11            0.2486
------------------------------------------------------
 Iterations:      16
 Final Rel. Res.: 3.486225e-11
 Asymptotic Rate: 0.247462 (Geom. Mean, last 4 iters)
======================================================

======================================================
  Refinement Level: 2
======================================================
 Mesh width (h):  1.7678e-01
 Total DOFs:      969
 Spectral Radii:  0.31506
 GMRES Avg Iters: 11.00
------------------------------------------------------
  MG RESIDUAL DECAY
------------------------------------------------------
 Iter    Rel. Residual           Reduction Factor
------------------------------------------------------
 0       5.500163e-02            -----
 1       6.890870e-03            0.1253
 2       1.609010e-03            0.2335
 3       4.025307e-04            0.2502
 4       1.028555e-04            0.2555
 5       2.690841e-05            0.2616
 6       7.214206e-06            0.2681
 7       1.982768e-06            0.2748
 8       5.584026e-07            0.2816
 9       1.609032e-07            0.2881
 10      4.732178e-08            0.2941
 11      1.416191e-08            0.2993
 12      4.299096e-09            0.3036
 13      1.319953e-09            0.3070
 14      4.088673e-10            0.3098
 15      1.275183e-10            0.3119
------------------------------------------------------
 Iterations:      16
 Final Rel. Res.: 1.275183e-10
 Asymptotic Rate: 0.309551 (Geom. Mean, last 4 iters)
======================================================

======================================================
  Refinement Level: 3
======================================================
 Mesh width (h):  8.8388e-02
 Total DOFs:      6545
 Spectral Radii:  0.337932
 GMRES Avg Iters: 12.00
------------------------------------------------------
  MG RESIDUAL DECAY
------------------------------------------------------
 Iter    Rel. Residual           Reduction Factor
------------------------------------------------------
 0       5.644362e-02            -----
 1       7.356251e-03            0.1303
 2       1.721805e-03            0.2341
 3       4.655570e-04            0.2704
 4       1.317616e-04            0.2830
 5       3.826107e-05            0.2904
 6       1.131658e-05            0.2958
 7       3.396472e-06            0.3001
 8       1.032613e-06            0.3040
 9       3.177526e-07            0.3077
 10      9.892292e-08            0.3113
 11      3.114526e-08            0.3148
 12      9.911137e-09            0.3182
 13      3.185054e-09            0.3214
 14      1.032485e-09            0.3242
 15      3.371824e-10            0.3266
------------------------------------------------------
 Iterations:      16
 Final Rel. Res.: 3.371824e-10
 Asymptotic Rate: 0.324026 (Geom. Mean, last 4 iters)
======================================================

======================================================
  Refinement Level: 4
======================================================
 Mesh width (h):  4.4194e-02
 Total DOFs:      47905
 Spectral Radii:  0.357162
 GMRES Avg Iters: 12.00
------------------------------------------------------
  MG RESIDUAL DECAY
------------------------------------------------------
 Iter    Rel. Residual           Reduction Factor
------------------------------------------------------
 0       5.783845e-02            -----
 1       7.470031e-03            0.1292
 2       1.686106e-03            0.2257
 3       4.369052e-04            0.2591
 4       1.194328e-04            0.2734
 5       3.383132e-05            0.2833
 6       9.862937e-06            0.2915
 7       2.944960e-06            0.2986
 8       8.970437e-07            0.3046
 9       2.778120e-07            0.3097
 10      8.723517e-08            0.3140
 11      2.771156e-08            0.3177
 12      8.889439e-09            0.3208
 13      2.875412e-09            0.3235
 14      9.367668e-10            0.3258
 15      3.070898e-10            0.3278
------------------------------------------------------
 Iterations:      16
 Final Rel. Res.: 3.070898e-10
 Asymptotic Rate: 0.325684 (Geom. Mean, last 4 iters)
======================================================

======================================================
  Refinement Level: 5
======================================================
 Mesh width (h):  2.2097e-02
 Total DOFs:      366145
 Spectral Radii:  0.387937
 GMRES Avg Iters: 12.00
------------------------------------------------------
  MG RESIDUAL DECAY
------------------------------------------------------
 Iter    Rel. Residual           Reduction Factor
------------------------------------------------------
 0       5.819895e-02            -----
 1       7.223367e-03            0.1241
 2       1.605289e-03            0.2222
 3       4.147624e-04            0.2584
 4       1.136648e-04            0.2740
 5       3.236138e-05            0.2847
 6       9.491884e-06            0.2933
 7       2.854979e-06            0.3008
 8       8.776631e-07            0.3074
 9       2.750244e-07            0.3134
 10      8.766066e-08            0.3187
 11      2.837200e-08            0.3237
 12      9.312112e-09            0.3282
 13      3.096177e-09            0.3325
 14      1.041988e-09            0.3365
 15      3.546988e-10            0.3404
------------------------------------------------------
 Iterations:      16
 Final Rel. Res.: 3.546988e-10
 Asymptotic Rate: 0.336463 (Geom. Mean, last 4 iters)
======================================================

