Device configuration: omp,cpu
Memory configuration: host-std
Loaded config: /cluster/home/rdabetic/decmg/configs/hcurl_2d_two_holes_barycentric_w.json
=================================================
  Multigrid Convergence Test Configuration
=================================================
 Problem Type:    hcurl
 Mesh File:       meshes/2d/two_holes.msh
 Output File:     out/barycentric/w/veclap/2d/two_holes.csv
 MG Cycle Type:   W-Cycle
 Mass Lumping:    barycentric
 B-Conditions:    essential
 Max Refinement:  6
 Eigenvalues:     3 (Tol: 0.01)
 GMRES Benchmark: 8 runs (Tol: 1e-06, K-Dim: 20)
=================================================


Gmsh reader: all element attributes were zero.
MFEM only supports positive element attributes.
Setting element attributes to 1.

======================================================
  Refinement Level: 1
======================================================
 Mesh width (h):  9.9615e-02
 Total DOFs:      2403
 Spectral Radii:  1 1 0.294511
 GMRES Avg Iters: 9.00
------------------------------------------------------
  MG RESIDUAL DECAY
------------------------------------------------------
 Iter    Rel. Residual           Reduction Factor
------------------------------------------------------
 0       1.023299e-01            -----
 1       1.512081e-02            0.1478
 2       2.793409e-03            0.1847
 3       6.812801e-04            0.2439
 4       1.739424e-04            0.2553
 5       4.463377e-05            0.2566
 6       1.194956e-05            0.2677
 7       3.302837e-06            0.2764
 8       9.309093e-07            0.2819
 9       2.637680e-07            0.2833
 10      7.468328e-08            0.2831
 11      2.117714e-08            0.2836
 12      6.041910e-09            0.2853
 13      1.739465e-09            0.2879
 14      5.053022e-10            0.2905
 15      1.477761e-10            0.2925
------------------------------------------------------
 Iterations:      16
 Final Rel. Res.: 1.477761e-10
 Asymptotic Rate: 0.290275 (Geom. Mean, last 4 iters)
======================================================

======================================================
  Refinement Level: 2
======================================================
 Mesh width (h):  4.9808e-02
 Total DOFs:      9383
 Spectral Radii:  1 1 0.314549
 GMRES Avg Iters: 9.00
------------------------------------------------------
  MG RESIDUAL DECAY
------------------------------------------------------
 Iter    Rel. Residual           Reduction Factor
------------------------------------------------------
 0       1.111509e-01            -----
 1       1.647859e-02            0.1483
 2       2.798023e-03            0.1698
 3       6.396791e-04            0.2286
 4       1.668550e-04            0.2608
 5       4.322050e-05            0.2590
 6       1.108032e-05            0.2564
 7       2.931372e-06            0.2646
 8       7.973149e-07            0.2720
 9       2.194875e-07            0.2753
 10      6.100713e-08            0.2780
 11      1.716398e-08            0.2813
 12      4.896401e-09            0.2853
 13      1.416635e-09            0.2893
 14      4.152098e-10            0.2931
 15      1.230465e-10            0.2963
------------------------------------------------------
 Iterations:      16
 Final Rel. Res.: 1.230465e-10
 Asymptotic Rate: 0.292908 (Geom. Mean, last 4 iters)
======================================================

======================================================
  Refinement Level: 3
======================================================
 Mesh width (h):  2.4904e-02
 Total DOFs:      37071
 Spectral Radii:  1 1 0.333118
 GMRES Avg Iters: 9.00
------------------------------------------------------
  MG RESIDUAL DECAY
------------------------------------------------------
 Iter    Rel. Residual           Reduction Factor
------------------------------------------------------
 0       1.108545e-01            -----
 1       1.535228e-02            0.1385
 2       2.663853e-03            0.1735
 3       5.848069e-04            0.2195
 4       1.401579e-04            0.2397
 5       3.483768e-05            0.2486
 6       9.005551e-06            0.2585
 7       2.427436e-06            0.2695
 8       6.827707e-07            0.2813
 9       1.984605e-07            0.2907
 10      5.894875e-08            0.2970
 11      1.777686e-08            0.3016
 12      5.424335e-09            0.3051
 13      1.671161e-09            0.3081
 14      5.191132e-10            0.3106
 15      1.624267e-10            0.3129
------------------------------------------------------
 Iterations:      16
 Final Rel. Res.: 1.624267e-10
 Asymptotic Rate: 0.310530 (Geom. Mean, last 4 iters)
======================================================

======================================================
  Refinement Level: 4
======================================================
 Mesh width (h):  1.2452e-02
 Total DOFs:      147359
 Spectral Radii:  1 1 0.368883
 GMRES Avg Iters: 9.00
------------------------------------------------------
  MG RESIDUAL DECAY
------------------------------------------------------
 Iter    Rel. Residual           Reduction Factor
------------------------------------------------------
 0       1.117368e-01            -----
 1       1.552819e-02            0.1390
 2       2.683376e-03            0.1728
 3       5.679998e-04            0.2117
 4       1.368835e-04            0.2410
 5       3.485547e-05            0.2546
 6       9.378322e-06            0.2691
 7       2.692278e-06            0.2871
 8       8.094210e-07            0.3006
 9       2.513777e-07            0.3106
 10      8.001265e-08            0.3183
 11      2.597793e-08            0.3247
 12      8.575677e-09            0.3301
 13      2.870994e-09            0.3348
 14      9.727628e-10            0.3388
 15      3.330441e-10            0.3424
------------------------------------------------------
 Iterations:      16
 Final Rel. Res.: 3.330441e-10
 Asymptotic Rate: 0.338645 (Geom. Mean, last 4 iters)
======================================================

======================================================
  Refinement Level: 5
======================================================
 Mesh width (h):  6.2260e-03
 Total DOFs:      587583
 Spectral Radii:  1 1 0.386265
 GMRES Avg Iters: 9.00
------------------------------------------------------
  MG RESIDUAL DECAY
------------------------------------------------------
 Iter    Rel. Residual           Reduction Factor
------------------------------------------------------
 0       1.115553e-01            -----
 1       1.559658e-02            0.1398
 2       2.683361e-03            0.1720
 3       5.735422e-04            0.2137
 4       1.371316e-04            0.2391
 5       3.484565e-05            0.2541
 6       9.408371e-06            0.2700
 7       2.716359e-06            0.2887
 8       8.232328e-07            0.3031
 9       2.581003e-07            0.3135
 10      8.297864e-08            0.3215
 11      2.720081e-08            0.3278
 12      9.059220e-09            0.3330
 13      3.057603e-09            0.3375
 14      1.043660e-09            0.3413
 15      3.596740e-10            0.3446
------------------------------------------------------
 Iterations:      16
 Final Rel. Res.: 3.596740e-10
 Asymptotic Rate: 0.341145 (Geom. Mean, last 4 iters)
======================================================

======================================================
  Refinement Level: 6
======================================================
 Mesh width (h):  3.1130e-03
 Total DOFs:      2346623
 Spectral Radii:  1 1 0.391785
 GMRES Avg Iters: 9.00
------------------------------------------------------
  MG RESIDUAL DECAY
------------------------------------------------------
 Iter    Rel. Residual           Reduction Factor
------------------------------------------------------
 0       1.120646e-01            -----
 1       1.562716e-02            0.1394
 2       2.681855e-03            0.1716
 3       5.661002e-04            0.2111
 4       1.355459e-04            0.2394
 5       3.443179e-05            0.2540
 6       9.347085e-06            0.2715
 7       2.732183e-06            0.2923
 8       8.405307e-07            0.3076
 9       2.679227e-07            0.3188
 10      8.764184e-08            0.3271
 11      2.924523e-08            0.3337
 12      9.920124e-09            0.3392
 13      3.411961e-09            0.3439
 14      1.187450e-09            0.3480
 15      4.174616e-10            0.3516
------------------------------------------------------
 Iterations:      16
 Final Rel. Res.: 4.174616e-10
 Asymptotic Rate: 0.347830 (Geom. Mean, last 4 iters)
======================================================

