Device configuration: omp,cpu
Memory configuration: host-std
Loaded config: /cluster/home/rdabetic/decmg/configs/hcurl_3d_cube_barycentric_w.json
=================================================
  Multigrid Convergence Test Configuration
=================================================
 Problem Type:    hcurl
 Mesh File:       meshes/3d/cube.msh
 Output File:     out/barycentric/w/veclap/3d/cube.csv
 MG Cycle Type:   W-Cycle
 Mass Lumping:    barycentric
 B-Conditions:    essential
 Max Refinement:  5
 Eigenvalues:     1 (Tol: 0.01)
 GMRES Benchmark: 8 runs (Tol: 1e-06, K-Dim: 20)
=================================================

======================================================
  Refinement Level: 1
======================================================
 Mesh width (h):  5.0000e-01
 Total DOFs:      365
 Spectral Radii:  0.445994
 GMRES Avg Iters: 10.00
------------------------------------------------------
  MG RESIDUAL DECAY
------------------------------------------------------
 Iter    Rel. Residual           Reduction Factor
------------------------------------------------------
 0       6.277206e-02            -----
 1       9.005591e-03            0.1435
 2       1.250251e-03            0.1388
 3       3.707679e-04            0.2966
 4       1.793969e-04            0.4839
 5       8.331648e-05            0.4644
 6       3.779036e-05            0.4536
 7       1.700891e-05            0.4501
 8       7.629541e-06            0.4486
 9       3.415173e-06            0.4476
 10      1.526548e-06            0.4470
 11      6.817134e-07            0.4466
 12      3.042569e-07            0.4463
 13      1.357474e-07            0.4462
 14      6.055373e-08            0.4461
 15      2.700894e-08            0.4460
------------------------------------------------------
 Iterations:      16
 Final Rel. Res.: 2.700894e-08
 Asymptotic Rate: 0.446090 (Geom. Mean, last 4 iters)
======================================================

======================================================
  Refinement Level: 2
======================================================
 Mesh width (h):  2.5000e-01
 Total DOFs:      2457
 Spectral Radii:  0.435355
 GMRES Avg Iters: 10.00
------------------------------------------------------
  MG RESIDUAL DECAY
------------------------------------------------------
 Iter    Rel. Residual           Reduction Factor
------------------------------------------------------
 0       6.128902e-02            -----
 1       9.490358e-03            0.1548
 2       2.497243e-03            0.2631
 3       7.971896e-04            0.3192
 4       2.841973e-04            0.3565
 5       1.084360e-04            0.3816
 6       4.303447e-05            0.3969
 7       1.748459e-05            0.4063
 8       7.214619e-06            0.4126
 9       3.010657e-06            0.4173
 10      1.267319e-06            0.4209
 11      5.371384e-07            0.4238
 12      2.288931e-07            0.4261
 13      9.795369e-08            0.4279
 14      4.205797e-08            0.4294
 15      1.810499e-08            0.4305
------------------------------------------------------
 Iterations:      16
 Final Rel. Res.: 1.810499e-08
 Asymptotic Rate: 0.429261 (Geom. Mean, last 4 iters)
======================================================

======================================================
  Refinement Level: 3
======================================================
 Mesh width (h):  1.2500e-01
 Total DOFs:      17969
 Spectral Radii:  0.438434
 GMRES Avg Iters: 10.00
------------------------------------------------------
  MG RESIDUAL DECAY
------------------------------------------------------
 Iter    Rel. Residual           Reduction Factor
------------------------------------------------------
 0       6.085697e-02            -----
 1       8.505300e-03            0.1398
 2       2.139727e-03            0.2516
 3       6.517594e-04            0.3046
 4       2.238583e-04            0.3435
 5       8.249537e-05            0.3685
 6       3.159154e-05            0.3829
 7       1.235680e-05            0.3911
 8       4.897809e-06            0.3964
 9       1.960228e-06            0.4002
 10      7.907433e-07            0.4034
 11      3.211443e-07            0.4061
 12      1.311997e-07            0.4085
 13      5.387969e-08            0.4107
 14      2.222844e-08            0.4126
 15      9.207686e-09            0.4142
------------------------------------------------------
 Iterations:      16
 Final Rel. Res.: 9.207686e-09
 Asymptotic Rate: 0.412483 (Geom. Mean, last 4 iters)
======================================================

======================================================
  Refinement Level: 4
======================================================
 Mesh width (h):  6.2500e-02
 Total DOFs:      137313
 Spectral Radii:  0.439308
 GMRES Avg Iters: 10.12
------------------------------------------------------
  MG RESIDUAL DECAY
------------------------------------------------------
 Iter    Rel. Residual           Reduction Factor
------------------------------------------------------
 0       6.212453e-02            -----
 1       8.779514e-03            0.1413
 2       2.190430e-03            0.2495
 3       6.702693e-04            0.3060
 4       2.302590e-04            0.3435
 5       8.436874e-05            0.3664
 6       3.203470e-05            0.3797
 7       1.242643e-05            0.3879
 8       4.892313e-06            0.3937
 9       1.948617e-06            0.3983
 10      7.837547e-07            0.4022
 11      3.179199e-07            0.4056
 12      1.299262e-07            0.4087
 13      5.344909e-08            0.4114
 14      2.211655e-08            0.4138
 15      9.198896e-09            0.4159
------------------------------------------------------
 Iterations:      16
 Final Rel. Res.: 9.198896e-09
 Asymptotic Rate: 0.413694 (Geom. Mean, last 4 iters)
======================================================

======================================================
  Refinement Level: 5
======================================================
 Mesh width (h):  3.1250e-02
 Total DOFs:      1073345
 Spectral Radii:  0.44154
 GMRES Avg Iters: 11.00
------------------------------------------------------
  MG RESIDUAL DECAY
------------------------------------------------------
 Iter    Rel. Residual           Reduction Factor
------------------------------------------------------
 0       6.301905e-02            -----
 1       8.926826e-03            0.1417
 2       2.252163e-03            0.2523
 3       6.938994e-04            0.3081
 4       2.391993e-04            0.3447
 5       8.787860e-05            0.3674
 6       3.346526e-05            0.3808
 7       1.302482e-05            0.3892
 8       5.146495e-06            0.3951
 9       2.057628e-06            0.3998
 10      8.308068e-07            0.4038
 11      3.383193e-07            0.4072
 12      1.387978e-07            0.4103
 13      5.731555e-08            0.4129
 14      2.380423e-08            0.4153
 15      9.936405e-09            0.4174
------------------------------------------------------
 Iterations:      16
 Final Rel. Res.: 9.936405e-09
 Asymptotic Rate: 0.415224 (Geom. Mean, last 4 iters)
======================================================

