Device configuration: omp,cpu
Memory configuration: host-std
Loaded config: /cluster/home/rdabetic/decmg/configs/hcurl_3d_cube_scaledid_v.json
=================================================
  Multigrid Convergence Test Configuration
=================================================
 Problem Type:    hcurl
 Mesh File:       meshes/3d/cube.msh
 Output File:     out/scaledid/v/veclap/3d/cube.csv
 MG Cycle Type:   V-Cycle
 Mass Lumping:    scaledid
 B-Conditions:    essential
 Max Refinement:  5
 Eigenvalues:     1 (Tol: 0.01)
 GMRES Benchmark: 8 runs (Tol: 1e-06, K-Dim: 20)
=================================================

======================================================
  Refinement Level: 1
======================================================
 Mesh width (h):  5.0000e-01
 Total DOFs:      365
 Spectral Radii:  0.239603
 GMRES Avg Iters: 11.50
------------------------------------------------------
  MG RESIDUAL DECAY
------------------------------------------------------
 Iter    Rel. Residual           Reduction Factor
------------------------------------------------------
 0       5.521519e-02            -----
 1       6.801912e-03            0.1232
 2       1.213713e-03            0.1784
 3       2.770525e-04            0.2283
 4       6.580421e-05            0.2375
 5       1.592246e-05            0.2420
 6       3.875770e-06            0.2434
 7       9.482912e-07            0.2447
 8       2.333891e-07            0.2461
 9       5.773167e-08            0.2474
 10      1.433100e-08            0.2482
 11      3.565628e-09            0.2488
 12      8.883860e-10            0.2492
 13      2.215006e-10            0.2493
 14      5.523761e-11            0.2494
 15      1.377291e-11            0.2493
------------------------------------------------------
 Iterations:      16
 Final Rel. Res.: 1.377291e-11
 Asymptotic Rate: 0.249349 (Geom. Mean, last 4 iters)
======================================================

======================================================
  Refinement Level: 2
======================================================
 Mesh width (h):  2.5000e-01
 Total DOFs:      2457
 Spectral Radii:  0.292248
 GMRES Avg Iters: 12.00
------------------------------------------------------
  MG RESIDUAL DECAY
------------------------------------------------------
 Iter    Rel. Residual           Reduction Factor
------------------------------------------------------
 0       6.165409e-02            -----
 1       8.452897e-03            0.1371
 2       1.957297e-03            0.2316
 3       5.006654e-04            0.2558
 4       1.329705e-04            0.2656
 5       3.588790e-05            0.2699
 6       9.784054e-06            0.2726
 7       2.686396e-06            0.2746
 8       7.414624e-07            0.2760
 9       2.054206e-07            0.2770
 10      5.706807e-08            0.2778
 11      1.588815e-08            0.2784
 12      4.431716e-09            0.2789
 13      1.238507e-09            0.2795
 14      3.468571e-10            0.2801
 15      9.738345e-11            0.2808
------------------------------------------------------
 Iterations:      16
 Final Rel. Res.: 9.738345e-11
 Asymptotic Rate: 0.280094 (Geom. Mean, last 4 iters)
======================================================

======================================================
  Refinement Level: 3
======================================================
 Mesh width (h):  1.2500e-01
 Total DOFs:      17969
 Spectral Radii:  0.323839
 GMRES Avg Iters: 12.00
------------------------------------------------------
  MG RESIDUAL DECAY
------------------------------------------------------
 Iter    Rel. Residual           Reduction Factor
------------------------------------------------------
 0       5.810779e-02            -----
 1       7.115098e-03            0.1224
 2       1.541388e-03            0.2166
 3       3.793472e-04            0.2461
 4       9.791204e-05            0.2581
 5       2.608175e-05            0.2664
 6       7.117028e-06            0.2729
 7       1.981123e-06            0.2784
 8       5.611667e-07            0.2833
 9       1.614571e-07            0.2877
 10      4.711556e-08            0.2918
 11      1.392629e-08            0.2956
 12      4.164129e-09            0.2990
 13      1.258050e-09            0.3021
 14      3.835621e-10            0.3049
 15      1.178776e-10            0.3073
------------------------------------------------------
 Iterations:      16
 Final Rel. Res.: 1.178776e-10
 Asymptotic Rate: 0.304768 (Geom. Mean, last 4 iters)
======================================================

======================================================
  Refinement Level: 4
======================================================
 Mesh width (h):  6.2500e-02
 Total DOFs:      137313
 Spectral Radii:  0.338703
 GMRES Avg Iters: 12.00
------------------------------------------------------
  MG RESIDUAL DECAY
------------------------------------------------------
 Iter    Rel. Residual           Reduction Factor
------------------------------------------------------
 0       5.791243e-02            -----
 1       6.970228e-03            0.1204
 2       1.508774e-03            0.2165
 3       3.736008e-04            0.2476
 4       9.704620e-05            0.2598
 5       2.597212e-05            0.2676
 6       7.107505e-06            0.2737
 7       1.981616e-06            0.2788
 8       5.617454e-07            0.2835
 9       1.616988e-07            0.2879
 10      4.721883e-08            0.2920
 11      1.397788e-08            0.2960
 12      4.191640e-09            0.2999
 13      1.272410e-09            0.3036
 14      3.906823e-10            0.3070
 15      1.212264e-10            0.3103
------------------------------------------------------
 Iterations:      16
 Final Rel. Res.: 1.212264e-10
 Asymptotic Rate: 0.306952 (Geom. Mean, last 4 iters)
======================================================

======================================================
  Refinement Level: 5
======================================================
 Mesh width (h):  3.1250e-02
 Total DOFs:      1073345
 Spectral Radii:  0.348332
 GMRES Avg Iters: 12.00
------------------------------------------------------
  MG RESIDUAL DECAY
------------------------------------------------------
 Iter    Rel. Residual           Reduction Factor
------------------------------------------------------
 0       5.816085e-02            -----
 1       6.901892e-03            0.1187
 2       1.483881e-03            0.2150
 3       3.663539e-04            0.2469
 4       9.477225e-05            0.2587
 5       2.522858e-05            0.2662
 6       6.861041e-06            0.2720
 7       1.900124e-06            0.2769
 8       5.349542e-07            0.2815
 9       1.529213e-07            0.2859
 10      4.434004e-08            0.2900
 11      1.302849e-08            0.2938
 12      3.875885e-09            0.2975
 13      1.166410e-09            0.3009
 14      3.547993e-10            0.3042
 15      1.090049e-10            0.3072
------------------------------------------------------
 Iterations:      16
 Final Rel. Res.: 1.090049e-10
 Asymptotic Rate: 0.304106 (Geom. Mean, last 4 iters)
======================================================

