Device configuration: omp,cpu
Memory configuration: host-std
Loaded config: /cluster/home/rdabetic/decmg/configs/hcurl_3d_ball_scaledid_v.json
=================================================
  Multigrid Convergence Test Configuration
=================================================
 Problem Type:    hcurl
 Mesh File:       meshes/3d/ball.msh
 Output File:     out/scaledid/v/veclap/3d/ball.csv
 MG Cycle Type:   V-Cycle
 Mass Lumping:    scaledid
 B-Conditions:    essential
 Max Refinement:  5
 Eigenvalues:     1 (Tol: 0.01)
 GMRES Benchmark: 8 runs (Tol: 1e-06, K-Dim: 20)
=================================================

======================================================
  Refinement Level: 1
======================================================
 Mesh width (h):  3.0757e-01
 Total DOFs:      939
 Spectral Radii:  0.315128
 GMRES Avg Iters: 24.12
------------------------------------------------------
  MG RESIDUAL DECAY
------------------------------------------------------
 Iter    Rel. Residual           Reduction Factor
------------------------------------------------------
 0       5.977030e-02            -----
 1       9.011947e-03            0.1508
 2       2.045297e-03            0.2270
 3       5.795825e-04            0.2834
 4       1.776312e-04            0.3065
 5       5.543752e-05            0.3121
 6       1.739289e-05            0.3137
 7       5.465293e-06            0.3142
 8       1.717719e-06            0.3143
 9       5.396163e-07            0.3141
 10      1.693832e-07            0.3139
 11      5.311732e-08            0.3136
 12      1.663997e-08            0.3133
 13      5.207256e-09            0.3129
 14      1.627809e-09            0.3126
 15      5.083212e-10            0.3123
------------------------------------------------------
 Iterations:      16
 Final Rel. Res.: 5.083212e-10
 Asymptotic Rate: 0.312604 (Geom. Mean, last 4 iters)
======================================================

======================================================
  Refinement Level: 2
======================================================
 Mesh width (h):  1.5378e-01
 Total DOFs:      6341
 Spectral Radii:  0.40347
 GMRES Avg Iters: 33.00
------------------------------------------------------
  MG RESIDUAL DECAY
------------------------------------------------------
 Iter    Rel. Residual           Reduction Factor
------------------------------------------------------
 0       5.996300e-02            -----
 1       7.964299e-03            0.1328
 2       1.768768e-03            0.2221
 3       4.587152e-04            0.2593
 4       1.318474e-04            0.2874
 5       4.142959e-05            0.3142
 6       1.402554e-05            0.3385
 7       5.034096e-06            0.3589
 8       1.884373e-06            0.3743
 9       7.254627e-07            0.3850
 10      2.844047e-07            0.3920
 11      1.128084e-07            0.3966
 12      4.509577e-08            0.3998
 13      1.812670e-08            0.4020
 14      7.316412e-09            0.4036
 15      2.962872e-09            0.4050
------------------------------------------------------
 Iterations:      16
 Final Rel. Res.: 2.962872e-09
 Asymptotic Rate: 0.403514 (Geom. Mean, last 4 iters)
======================================================

======================================================
  Refinement Level: 3
======================================================
 Mesh width (h):  7.6892e-02
 Total DOFs:      46409
 Spectral Radii:  0.458567
 GMRES Avg Iters: 37.00
------------------------------------------------------
  MG RESIDUAL DECAY
------------------------------------------------------
 Iter    Rel. Residual           Reduction Factor
------------------------------------------------------
 0       5.875163e-02            -----
 1       7.338559e-03            0.1249
 2       1.618886e-03            0.2206
 3       4.070928e-04            0.2515
 4       1.084071e-04            0.2663
 5       3.044268e-05            0.2808
 6       9.091034e-06            0.2986
 7       2.918998e-06            0.3211
 8       1.013670e-06            0.3473
 9       3.787122e-07            0.3736
 10      1.499428e-07            0.3959
 11      6.180975e-08            0.4122
 12      2.614326e-08            0.4230
 13      1.123283e-08            0.4297
 14      4.872182e-09            0.4337
 15      2.125221e-09            0.4362
------------------------------------------------------
 Iterations:      16
 Final Rel. Res.: 2.125221e-09
 Asymptotic Rate: 0.433193 (Geom. Mean, last 4 iters)
======================================================

======================================================
  Refinement Level: 4
======================================================
 Mesh width (h):  3.8446e-02
 Total DOFs:      354705
 Spectral Radii:  0.492155
 GMRES Avg Iters: 39.62
------------------------------------------------------
  MG RESIDUAL DECAY
------------------------------------------------------
 Iter    Rel. Residual           Reduction Factor
------------------------------------------------------
 0       5.816338e-02            -----
 1       7.054901e-03            0.1213
 2       1.537221e-03            0.2179
 3       3.854872e-04            0.2508
 4       1.022434e-04            0.2652
 5       2.836999e-05            0.2775
 6       8.292890e-06            0.2923
 7       2.593620e-06            0.3128
 8       8.809105e-07            0.3396
 9       3.271100e-07            0.3713
 10      1.321037e-07            0.4039
 11      5.708024e-08            0.4321
 12      2.583299e-08            0.4526
 13      1.202042e-08            0.4653
 14      5.680024e-09            0.4725
 15      2.707304e-09            0.4766
------------------------------------------------------
 Iterations:      16
 Final Rel. Res.: 2.707304e-09
 Asymptotic Rate: 0.471470 (Geom. Mean, last 4 iters)
======================================================

======================================================
  Refinement Level: 5
======================================================
 Mesh width (h):  1.9223e-02
 Total DOFs:      2772769
 Spectral Radii:  0.514804
 GMRES Avg Iters: 40.00
------------------------------------------------------
  MG RESIDUAL DECAY
------------------------------------------------------
 Iter    Rel. Residual           Reduction Factor
------------------------------------------------------
 0       5.819400e-02            -----
 1       6.933528e-03            0.1191
 2       1.491233e-03            0.2151
 3       3.699639e-04            0.2481
 4       9.686289e-05            0.2618
 5       2.641473e-05            0.2727
 6       7.499587e-06            0.2839
 7       2.223863e-06            0.2965
 8       6.921422e-07            0.3112
 9       2.293061e-07            0.3313
 10      8.344358e-08            0.3639
 11      3.439995e-08            0.4123
 12      1.587765e-08            0.4616
 13      7.825503e-09            0.4929
 14      3.959141e-09            0.5059
 15      2.017761e-09            0.5096
------------------------------------------------------
 Iterations:      16
 Final Rel. Res.: 2.017761e-09
 Asymptotic Rate: 0.502761 (Geom. Mean, last 4 iters)
======================================================

