Device configuration: omp,cpu
Memory configuration: host-std
Loaded config: /cluster/home/rdabetic/decmg/configs/hcurl_2d_square_centered_rowsum_w.json
=================================================
  Multigrid Convergence Test Configuration
=================================================
 Problem Type:    hcurl
 Mesh File:       meshes/2d/square_centered.msh
 Output File:     out/rowsum/w/veclap/2d/square_centered.csv
 MG Cycle Type:   W-Cycle
 Mass Lumping:    rowsum
 B-Conditions:    essential
 Max Refinement:  6
 Eigenvalues:     1 (Tol: 0.01)
 GMRES Benchmark: 8 runs (Tol: 1e-06, K-Dim: 20)
=================================================


Gmsh reader: all element attributes were zero.
MFEM only supports positive element attributes.
Setting element attributes to 1.

======================================================
  Refinement Level: 1
======================================================
 Mesh width (h):  1.9875e-01
 Total DOFs:      249
 Spectral Radii:  0.17699
 GMRES Avg Iters: 8.00
------------------------------------------------------
  MG RESIDUAL DECAY
------------------------------------------------------
 Iter    Rel. Residual           Reduction Factor
------------------------------------------------------
 0       7.596124e-02            -----
 1       1.020363e-02            0.1343
 2       1.771850e-03            0.1736
 3       3.148706e-04            0.1777
 4       5.651467e-05            0.1795
 5       9.969907e-06            0.1764
 6       1.661277e-06            0.1666
 7       2.651536e-07            0.1596
 8       4.246348e-08            0.1601
 9       7.287614e-09            0.1716
 10      1.372115e-09            0.1883
 11      2.658956e-10            0.1938
 12      4.962331e-11            0.1866
 13      8.691043e-12            0.1751
 14      1.428955e-12            0.1644
 15      2.265455e-13            0.1585
------------------------------------------------------
 Iterations:      16
 Final Rel. Res.: 2.265455e-13
 Asymptotic Rate: 0.165891 (Geom. Mean, last 4 iters)
======================================================

======================================================
  Refinement Level: 2
======================================================
 Mesh width (h):  9.9376e-02
 Total DOFs:      945
 Spectral Radii:  0.174374
 GMRES Avg Iters: 8.25
------------------------------------------------------
  MG RESIDUAL DECAY
------------------------------------------------------
 Iter    Rel. Residual           Reduction Factor
------------------------------------------------------
 0       8.649475e-02            -----
 1       1.151536e-02            0.1331
 2       1.540940e-03            0.1338
 3       2.562313e-04            0.1663
 4       5.243499e-05            0.2046
 5       1.016464e-05            0.1939
 6       1.853862e-06            0.1824
 7       3.264852e-07            0.1761
 8       5.553866e-08            0.1701
 9       9.168554e-09            0.1651
 10      1.511905e-09            0.1649
 11      2.531265e-10            0.1674
 12      4.266539e-11            0.1686
 13      7.170534e-12            0.1681
 14      1.193117e-12            0.1664
 15      1.967338e-13            0.1649
------------------------------------------------------
 Iterations:      16
 Final Rel. Res.: 1.967338e-13
 Asymptotic Rate: 0.166444 (Geom. Mean, last 4 iters)
======================================================

======================================================
  Refinement Level: 3
======================================================
 Mesh width (h):  4.9688e-02
 Total DOFs:      3681
 Spectral Radii:  0.190981
 GMRES Avg Iters: 9.00
------------------------------------------------------
  MG RESIDUAL DECAY
------------------------------------------------------
 Iter    Rel. Residual           Reduction Factor
------------------------------------------------------
 0       9.683610e-02            -----
 1       1.162197e-02            0.1200
 2       1.687578e-03            0.1452
 3       2.637558e-04            0.1563
 4       4.450564e-05            0.1687
 5       8.768965e-06            0.1970
 6       1.730880e-06            0.1974
 7       3.424942e-07            0.1979
 8       6.699216e-08            0.1956
 9       1.320294e-08            0.1971
 10      2.620246e-09            0.1985
 11      5.211003e-10            0.1989
 12      1.036995e-10            0.1990
 13      2.055865e-11            0.1983
 14      4.050398e-12            0.1970
 15      7.922493e-13            0.1956
------------------------------------------------------
 Iterations:      16
 Final Rel. Res.: 7.922493e-13
 Asymptotic Rate: 0.196953 (Geom. Mean, last 4 iters)
======================================================

======================================================
  Refinement Level: 4
======================================================
 Mesh width (h):  2.4844e-02
 Total DOFs:      14529
 Spectral Radii:  0.218295
 GMRES Avg Iters: 9.00
------------------------------------------------------
  MG RESIDUAL DECAY
------------------------------------------------------
 Iter    Rel. Residual           Reduction Factor
------------------------------------------------------
 0       9.282019e-02            -----
 1       1.174126e-02            0.1265
 2       1.582669e-03            0.1348
 3       2.554925e-04            0.1614
 4       4.669939e-05            0.1828
 5       9.123899e-06            0.1954
 6       1.834224e-06            0.2010
 7       3.750628e-07            0.2045
 8       7.869668e-08            0.2098
 9       1.669293e-08            0.2121
 10      3.549699e-09            0.2126
 11      7.555876e-10            0.2129
 12      1.604824e-10            0.2124
 13      3.395960e-11            0.2116
 14      7.164519e-12            0.2110
 15      1.507239e-12            0.2104
------------------------------------------------------
 Iterations:      16
 Final Rel. Res.: 1.507239e-12
 Asymptotic Rate: 0.210985 (Geom. Mean, last 4 iters)
======================================================

======================================================
  Refinement Level: 5
======================================================
 Mesh width (h):  1.2422e-02
 Total DOFs:      57729
 Spectral Radii:  0.234253
 GMRES Avg Iters: 9.00
------------------------------------------------------
  MG RESIDUAL DECAY
------------------------------------------------------
 Iter    Rel. Residual           Reduction Factor
------------------------------------------------------
 0       9.621870e-02            -----
 1       1.196750e-02            0.1244
 2       1.642373e-03            0.1372
 3       2.557549e-04            0.1557
 4       4.571266e-05            0.1787
 5       8.648396e-06            0.1892
 6       1.710638e-06            0.1978
 7       3.503532e-07            0.2048
 8       7.317647e-08            0.2089
 9       1.556764e-08            0.2127
 10      3.361404e-09            0.2159
 11      7.341772e-10            0.2184
 12      1.619946e-10            0.2206
 13      3.602676e-11            0.2224
 14      8.054811e-12            0.2236
 15      1.807208e-12            0.2244
------------------------------------------------------
 Iterations:      16
 Final Rel. Res.: 1.807208e-12
 Asymptotic Rate: 0.223444 (Geom. Mean, last 4 iters)
======================================================

======================================================
  Refinement Level: 6
======================================================
 Mesh width (h):  6.2110e-03
 Total DOFs:      230145
 Spectral Radii:  0.240611
 GMRES Avg Iters: 9.00
------------------------------------------------------
  MG RESIDUAL DECAY
------------------------------------------------------
 Iter    Rel. Residual           Reduction Factor
------------------------------------------------------
 0       9.605737e-02            -----
 1       1.191905e-02            0.1241
 2       1.642199e-03            0.1378
 3       2.576860e-04            0.1569
 4       4.597161e-05            0.1784
 5       8.780903e-06            0.1910
 6       1.756994e-06            0.2001
 7       3.630687e-07            0.2066
 8       7.668656e-08            0.2112
 9       1.647840e-08            0.2149
 10      3.595028e-09            0.2182
 11      7.943973e-10            0.2210
 12      1.775765e-10            0.2235
 13      4.008604e-11            0.2257
 14      9.120351e-12            0.2275
 15      2.088623e-12            0.2290
------------------------------------------------------
 Iterations:      16
 Final Rel. Res.: 2.088623e-12
 Asymptotic Rate: 0.227418 (Geom. Mean, last 4 iters)
======================================================

