Device configuration: omp,cpu
Memory configuration: host-std
Loaded config: /cluster/home/rdabetic/decmg/configs/hcurl_2d_reentrant_barycentric_v.json
=================================================
  Multigrid Convergence Test Configuration
=================================================
 Problem Type:    hcurl
 Mesh File:       meshes/2d/reentrant.msh
 Output File:     out/barycentric/v/veclap/2d/reentrant.csv
 MG Cycle Type:   V-Cycle
 Mass Lumping:    barycentric
 B-Conditions:    essential
 Max Refinement:  6
 Eigenvalues:     1 (Tol: 0.01)
 GMRES Benchmark: 8 runs (Tol: 1e-06, K-Dim: 20)
=================================================


Gmsh reader: all element attributes were zero.
MFEM only supports positive element attributes.
Setting element attributes to 1.

======================================================
  Refinement Level: 1
======================================================
 Mesh width (h):  1.4951e-01
 Total DOFs:      297
 Spectral Radii:  0.239907
 GMRES Avg Iters: 8.88
------------------------------------------------------
  MG RESIDUAL DECAY
------------------------------------------------------
 Iter    Rel. Residual           Reduction Factor
------------------------------------------------------
 0       8.800186e-02            -----
 1       1.663350e-02            0.1890
 2       2.762558e-03            0.1661
 3       5.485761e-04            0.1986
 4       1.387652e-04            0.2530
 5       3.281166e-05            0.2365
 6       7.472128e-06            0.2277
 7       1.705534e-06            0.2283
 8       4.013457e-07            0.2353
 9       9.458292e-08            0.2357
 10      2.154059e-08            0.2277
 11      4.755819e-09            0.2208
 12      1.043872e-09            0.2195
 13      2.356391e-10            0.2257
 14      5.660328e-11            0.2402
 15      1.454771e-11            0.2570
------------------------------------------------------
 Iterations:      16
 Final Rel. Res.: 1.454771e-11
 Asymptotic Rate: 0.240648 (Geom. Mean, last 4 iters)
======================================================

======================================================
  Refinement Level: 2
======================================================
 Mesh width (h):  7.4754e-02
 Total DOFs:      1105
 Spectral Radii:  0.314
 GMRES Avg Iters: 10.00
------------------------------------------------------
  MG RESIDUAL DECAY
------------------------------------------------------
 Iter    Rel. Residual           Reduction Factor
------------------------------------------------------
 0       1.102692e-01            -----
 1       1.763636e-02            0.1599
 2       2.674735e-03            0.1517
 3       7.617318e-04            0.2848
 4       1.898541e-04            0.2492
 5       5.044983e-05            0.2657
 6       1.343120e-05            0.2662
 7       3.504618e-06            0.2609
 8       9.605372e-07            0.2741
 9       2.775949e-07            0.2890
 10      8.232679e-08            0.2966
 11      2.465477e-08            0.2995
 12      7.420583e-09            0.3010
 13      2.244156e-09            0.3024
 14      6.830609e-10            0.3044
 15      2.096903e-10            0.3070
------------------------------------------------------
 Iterations:      16
 Final Rel. Res.: 2.096903e-10
 Asymptotic Rate: 0.304588 (Geom. Mean, last 4 iters)
======================================================

======================================================
  Refinement Level: 3
======================================================
 Mesh width (h):  3.7377e-02
 Total DOFs:      4257
 Spectral Radii:  0.359051
 GMRES Avg Iters: 10.00
------------------------------------------------------
  MG RESIDUAL DECAY
------------------------------------------------------
 Iter    Rel. Residual           Reduction Factor
------------------------------------------------------
 0       1.101514e-01            -----
 1       1.643472e-02            0.1492
 2       2.960473e-03            0.1801
 3       7.301083e-04            0.2466
 4       2.192573e-04            0.3003
 5       5.018504e-05            0.2289
 6       1.404172e-05            0.2798
 7       4.364575e-06            0.3108
 8       1.332690e-06            0.3053
 9       4.311293e-07            0.3235
 10      1.582493e-07            0.3671
 11      6.107329e-08            0.3859
 12      2.322313e-08            0.3803
 13      8.608123e-09            0.3707
 14      3.133121e-09            0.3640
 15      1.128826e-09            0.3603
------------------------------------------------------
 Iterations:      16
 Final Rel. Res.: 1.128826e-09
 Asymptotic Rate: 0.364952 (Geom. Mean, last 4 iters)
======================================================

======================================================
  Refinement Level: 4
======================================================
 Mesh width (h):  1.8689e-02
 Total DOFs:      16705
 Spectral Radii:  0.393963
 GMRES Avg Iters: 10.00
------------------------------------------------------
  MG RESIDUAL DECAY
------------------------------------------------------
 Iter    Rel. Residual           Reduction Factor
------------------------------------------------------
 0       1.109836e-01            -----
 1       1.619454e-02            0.1459
 2       3.633548e-03            0.2244
 3       9.690469e-04            0.2667
 4       3.406498e-04            0.3515
 5       1.259717e-04            0.3698
 6       4.093901e-05            0.3250
 7       1.254231e-05            0.3064
 8       3.838603e-06            0.3061
 9       1.212116e-06            0.3158
 10      4.028888e-07            0.3324
 11      1.413321e-07            0.3508
 12      5.177687e-08            0.3663
 13      1.954999e-08            0.3776
 14      7.523963e-09            0.3849
 15      2.927029e-09            0.3890
------------------------------------------------------
 Iterations:      16
 Final Rel. Res.: 2.927029e-09
 Asymptotic Rate: 0.383793 (Geom. Mean, last 4 iters)
======================================================

======================================================
  Refinement Level: 5
======================================================
 Mesh width (h):  9.3443e-03
 Total DOFs:      66177
 Spectral Radii:  0.4092
 GMRES Avg Iters: 10.00
------------------------------------------------------
  MG RESIDUAL DECAY
------------------------------------------------------
 Iter    Rel. Residual           Reduction Factor
------------------------------------------------------
 0       1.116540e-01            -----
 1       1.591198e-02            0.1425
 2       2.961985e-03            0.1861
 3       8.175765e-04            0.2760
 4       2.432275e-04            0.2975
 5       7.132555e-05            0.2932
 6       2.223515e-05            0.3117
 7       7.747009e-06            0.3484
 8       3.040753e-06            0.3925
 9       1.302411e-06            0.4283
 10      5.715479e-07            0.4388
 11      2.473059e-07            0.4327
 12      1.044831e-07            0.4225
 13      4.320209e-08            0.4135
 14      1.756972e-08            0.4067
 15      7.059332e-09            0.4018
------------------------------------------------------
 Iterations:      16
 Final Rel. Res.: 7.059332e-09
 Asymptotic Rate: 0.407292 (Geom. Mean, last 4 iters)
======================================================

======================================================
  Refinement Level: 6
======================================================
 Mesh width (h):  4.6722e-03
 Total DOFs:      263425
 Spectral Radii:  0.418455
 GMRES Avg Iters: 10.00
------------------------------------------------------
  MG RESIDUAL DECAY
------------------------------------------------------
 Iter    Rel. Residual           Reduction Factor
------------------------------------------------------
 0       1.107375e-01            -----
 1       1.596090e-02            0.1441
 2       3.031010e-03            0.1899
 3       7.760667e-04            0.2560
 4       2.329325e-04            0.3001
 5       8.148016e-05            0.3498
 6       3.224973e-05            0.3958
 7       1.299868e-05            0.4031
 8       5.168629e-06            0.3976
 9       2.024810e-06            0.3918
 10      7.853919e-07            0.3879
 11      3.034973e-07            0.3864
 12      1.172974e-07            0.3865
 13      4.543804e-08            0.3874
 14      1.766732e-08            0.3888
 15      6.901512e-09            0.3906
------------------------------------------------------
 Iterations:      16
 Final Rel. Res.: 6.901512e-09
 Asymptotic Rate: 0.388942 (Geom. Mean, last 4 iters)
======================================================

