Device configuration: omp,cpu
Memory configuration: host-std
Loaded config: /cluster/home/rdabetic/decmg/configs/hcurl_2d_tria_scaledid_v.json
=================================================
  Multigrid Convergence Test Configuration
=================================================
 Problem Type:    hcurl
 Mesh File:       meshes/2d/tria.msh
 Output File:     out/scaledid/v/veclap/2d/tria.csv
 MG Cycle Type:   V-Cycle
 Mass Lumping:    scaledid
 B-Conditions:    essential
 Max Refinement:  6
 Eigenvalues:     1 (Tol: 0.01)
 GMRES Benchmark: 8 runs (Tol: 1e-06, K-Dim: 20)
=================================================


Gmsh reader: all element attributes were zero.
MFEM only supports positive element attributes.
Setting element attributes to 1.

======================================================
  Refinement Level: 1
======================================================
 Mesh width (h):  1.2500e-01
 Total DOFs:      153
 Spectral Radii:  0.157081
 GMRES Avg Iters: 7.00
------------------------------------------------------
  MG RESIDUAL DECAY
------------------------------------------------------
 Iter    Rel. Residual           Reduction Factor
------------------------------------------------------
 0       8.259329e-02            -----
 1       1.076233e-02            0.1303
 2       1.073215e-03            0.0997
 3       1.527096e-04            0.1423
 4       2.574210e-05            0.1686
 5       3.653428e-06            0.1419
 6       4.017496e-07            0.1100
 7       6.973243e-08            0.1736
 8       1.480233e-08            0.2123
 9       2.289966e-09            0.1547
 10      2.693870e-10            0.1176
 11      4.251854e-11            0.1578
 12      9.136262e-12            0.2149
 13      1.489509e-12            0.1630
 14      1.772419e-13            0.1190
 15      2.439085e-14            0.1376
------------------------------------------------------
 Iterations:      16
 Final Rel. Res.: 2.439085e-14
 Asymptotic Rate: 0.138724 (Geom. Mean, last 4 iters)
======================================================

======================================================
  Refinement Level: 2
======================================================
 Mesh width (h):  6.2500e-02
 Total DOFs:      561
 Spectral Radii:  0.176283
 GMRES Avg Iters: 7.00
------------------------------------------------------
  MG RESIDUAL DECAY
------------------------------------------------------
 Iter    Rel. Residual           Reduction Factor
------------------------------------------------------
 0       9.771249e-02            -----
 1       1.233908e-02            0.1263
 2       1.680987e-03            0.1362
 3       2.477740e-04            0.1474
 4       3.139515e-05            0.1267
 5       4.795719e-06            0.1528
 6       7.473672e-07            0.1558
 7       1.190914e-07            0.1593
 8       1.912870e-08            0.1606
 9       3.186531e-09            0.1666
 10      5.408088e-10            0.1697
 11      9.359054e-11            0.1731
 12      1.620869e-11            0.1732
 13      2.812590e-12            0.1735
 14      4.989032e-13            0.1774
 15      9.044386e-14            0.1813
------------------------------------------------------
 Iterations:      16
 Final Rel. Res.: 9.044386e-14
 Asymptotic Rate: 0.177369 (Geom. Mean, last 4 iters)
======================================================

======================================================
  Refinement Level: 3
======================================================
 Mesh width (h):  3.1250e-02
 Total DOFs:      2145
 Spectral Radii:  0.192362
 GMRES Avg Iters: 7.00
------------------------------------------------------
  MG RESIDUAL DECAY
------------------------------------------------------
 Iter    Rel. Residual           Reduction Factor
------------------------------------------------------
 0       9.931626e-02            -----
 1       1.197434e-02            0.1206
 2       1.541031e-03            0.1287
 3       2.135406e-04            0.1386
 4       3.193483e-05            0.1495
 5       4.898456e-06            0.1534
 6       7.872579e-07            0.1607
 7       1.317597e-07            0.1674
 8       2.312144e-08            0.1755
 9       4.312640e-09            0.1865
 10      8.221433e-10            0.1906
 11      1.565870e-10            0.1905
 12      2.951960e-11            0.1885
 13      5.471000e-12            0.1853
 14      9.986688e-13            0.1825
 15      1.804627e-13            0.1807
------------------------------------------------------
 Iterations:      16
 Final Rel. Res.: 1.804627e-13
 Asymptotic Rate: 0.182849 (Geom. Mean, last 4 iters)
======================================================

======================================================
  Refinement Level: 4
======================================================
 Mesh width (h):  1.5625e-02
 Total DOFs:      8385
 Spectral Radii:  0.203168
 GMRES Avg Iters: 7.00
------------------------------------------------------
  MG RESIDUAL DECAY
------------------------------------------------------
 Iter    Rel. Residual           Reduction Factor
------------------------------------------------------
 0       9.816125e-02            -----
 1       1.169980e-02            0.1192
 2       1.493392e-03            0.1276
 3       2.088171e-04            0.1398
 4       3.132032e-05            0.1500
 5       4.912244e-06            0.1568
 6       7.963361e-07            0.1621
 7       1.360584e-07            0.1709
 8       2.398423e-08            0.1763
 9       4.323219e-09            0.1803
 10      8.000503e-10            0.1851
 11      1.531600e-10            0.1914
 12      2.978077e-11            0.1944
 13      5.786069e-12            0.1943
 14      1.122878e-12            0.1941
 15      2.186186e-13            0.1947
------------------------------------------------------
 Iterations:      16
 Final Rel. Res.: 2.186186e-13
 Asymptotic Rate: 0.194350 (Geom. Mean, last 4 iters)
======================================================

======================================================
  Refinement Level: 5
======================================================
 Mesh width (h):  7.8125e-03
 Total DOFs:      33153
 Spectral Radii:  0.210172
 GMRES Avg Iters: 7.00
------------------------------------------------------
  MG RESIDUAL DECAY
------------------------------------------------------
 Iter    Rel. Residual           Reduction Factor
------------------------------------------------------
 0       9.696220e-02            -----
 1       1.180584e-02            0.1218
 2       1.527504e-03            0.1294
 3       2.113419e-04            0.1384
 4       3.128312e-05            0.1480
 5       5.014931e-06            0.1603
 6       8.522978e-07            0.1700
 7       1.485911e-07            0.1743
 8       2.681886e-08            0.1805
 9       4.936637e-09            0.1841
 10      9.220485e-10            0.1868
 11      1.748892e-10            0.1897
 12      3.346748e-11            0.1914
 13      6.434635e-12            0.1923
 14      1.238967e-12            0.1925
 15      2.389797e-13            0.1929
------------------------------------------------------
 Iterations:      16
 Final Rel. Res.: 2.389797e-13
 Asymptotic Rate: 0.192566 (Geom. Mean, last 4 iters)
======================================================

======================================================
  Refinement Level: 6
======================================================
 Mesh width (h):  3.9063e-03
 Total DOFs:      131841
 Spectral Radii:  0.215299
 GMRES Avg Iters: 7.00
------------------------------------------------------
  MG RESIDUAL DECAY
------------------------------------------------------
 Iter    Rel. Residual           Reduction Factor
------------------------------------------------------
 0       9.775597e-02            -----
 1       1.177458e-02            0.1204
 2       1.517385e-03            0.1289
 3       2.088133e-04            0.1376
 4       3.120557e-05            0.1494
 5       4.939128e-06            0.1583
 6       8.268810e-07            0.1674
 7       1.443280e-07            0.1745
 8       2.580301e-08            0.1788
 9       4.728734e-09            0.1833
 10      8.826755e-10            0.1867
 11      1.675932e-10            0.1899
 12      3.237094e-11            0.1932
 13      6.348558e-12            0.1961
 14      1.260395e-12            0.1985
 15      2.524175e-13            0.2003
------------------------------------------------------
 Iterations:      16
 Final Rel. Res.: 2.524175e-13
 Asymptotic Rate: 0.198299 (Geom. Mean, last 4 iters)
======================================================

