Device configuration: omp,cpu
Memory configuration: host-std
Loaded config: /cluster/home/rdabetic/decmg/configs/hcurl_2d_L_rowsum_v.json
=================================================
  Multigrid Convergence Test Configuration
=================================================
 Problem Type:    hcurl
 Mesh File:       meshes/2d/L.msh
 Output File:     out/rowsum/v/veclap/2d/L.csv
 MG Cycle Type:   V-Cycle
 Mass Lumping:    rowsum
 B-Conditions:    essential
 Max Refinement:  6
 Eigenvalues:     1 (Tol: 0.01)
 GMRES Benchmark: 8 runs (Tol: 1e-06, K-Dim: 20)
=================================================


Gmsh reader: all element attributes were zero.
MFEM only supports positive element attributes.
Setting element attributes to 1.

======================================================
  Refinement Level: 1
======================================================
 Mesh width (h):  1.8352e-01
 Total DOFs:      205
 Spectral Radii:  0.163704
 GMRES Avg Iters: 8.00
------------------------------------------------------
  MG RESIDUAL DECAY
------------------------------------------------------
 Iter    Rel. Residual           Reduction Factor
------------------------------------------------------
 0       9.942935e-02            -----
 1       1.357002e-02            0.1365
 2       1.794557e-03            0.1322
 3       2.709245e-04            0.1510
 4       3.798851e-05            0.1402
 5       4.155807e-06            0.1094
 6       6.280946e-07            0.1511
 7       1.072991e-07            0.1708
 8       1.991121e-08            0.1856
 9       3.615061e-09            0.1816
 10      6.296585e-10            0.1742
 11      1.013328e-10            0.1609
 12      1.543041e-11            0.1523
 13      2.346056e-12            0.1520
 14      3.719788e-13            0.1586
 15      6.155019e-14            0.1655
------------------------------------------------------
 Iterations:      16
 Final Rel. Res.: 6.155019e-14
 Asymptotic Rate: 0.158593 (Geom. Mean, last 4 iters)
======================================================

======================================================
  Refinement Level: 2
======================================================
 Mesh width (h):  9.1759e-02
 Total DOFs:      761
 Spectral Radii:  0.208963
 GMRES Avg Iters: 9.00
------------------------------------------------------
  MG RESIDUAL DECAY
------------------------------------------------------
 Iter    Rel. Residual           Reduction Factor
------------------------------------------------------
 0       9.239490e-02            -----
 1       1.176230e-02            0.1273
 2       1.514589e-03            0.1288
 3       2.312674e-04            0.1527
 4       4.535567e-05            0.1961
 5       8.775529e-06            0.1935
 6       1.814191e-06            0.2067
 7       4.153060e-07            0.2289
 8       9.900874e-08            0.2384
 9       2.366732e-08            0.2390
 10      5.561608e-09            0.2350
 11      1.278657e-09            0.2299
 12      2.883545e-10            0.2255
 13      6.382598e-11            0.2213
 14      1.384385e-11            0.2169
 15      2.941561e-12            0.2125
------------------------------------------------------
 Iterations:      16
 Final Rel. Res.: 2.941561e-12
 Asymptotic Rate: 0.216879 (Geom. Mean, last 4 iters)
======================================================

======================================================
  Refinement Level: 3
======================================================
 Mesh width (h):  4.5880e-02
 Total DOFs:      2929
 Spectral Radii:  0.256204
 GMRES Avg Iters: 10.00
------------------------------------------------------
  MG RESIDUAL DECAY
------------------------------------------------------
 Iter    Rel. Residual           Reduction Factor
------------------------------------------------------
 0       8.603320e-02            -----
 1       1.164937e-02            0.1354
 2       1.663706e-03            0.1428
 3       2.765483e-04            0.1662
 4       6.300095e-05            0.2278
 5       1.319877e-05            0.2095
 6       2.853123e-06            0.2162
 7       6.218252e-07            0.2179
 8       1.406829e-07            0.2262
 9       3.243910e-08            0.2306
 10      7.664921e-09            0.2363
 11      1.857113e-09            0.2423
 12      4.614270e-10            0.2485
 13      1.167188e-10            0.2530
 14      2.978327e-11            0.2552
 15      7.619981e-12            0.2558
------------------------------------------------------
 Iterations:      16
 Final Rel. Res.: 7.619981e-12
 Asymptotic Rate: 0.254654 (Geom. Mean, last 4 iters)
======================================================

======================================================
  Refinement Level: 4
======================================================
 Mesh width (h):  2.2940e-02
 Total DOFs:      11489
 Spectral Radii:  0.273773
 GMRES Avg Iters: 10.00
------------------------------------------------------
  MG RESIDUAL DECAY
------------------------------------------------------
 Iter    Rel. Residual           Reduction Factor
------------------------------------------------------
 0       8.977513e-02            -----
 1       1.116491e-02            0.1244
 2       1.688737e-03            0.1513
 3       3.006798e-04            0.1781
 4       6.036735e-05            0.2008
 5       1.393834e-05            0.2309
 6       3.299323e-06            0.2367
 7       7.974617e-07            0.2417
 8       1.915762e-07            0.2402
 9       4.591611e-08            0.2397
 10      1.100303e-08            0.2396
 11      2.655547e-09            0.2413
 12      6.511754e-10            0.2452
 13      1.635950e-10            0.2512
 14      4.217595e-11            0.2578
 15      1.108078e-11            0.2627
------------------------------------------------------
 Iterations:      16
 Final Rel. Res.: 1.108078e-11
 Asymptotic Rate: 0.257212 (Geom. Mean, last 4 iters)
======================================================

======================================================
  Refinement Level: 5
======================================================
 Mesh width (h):  1.1470e-02
 Total DOFs:      45505
 Spectral Radii:  0.284439
 GMRES Avg Iters: 10.00
------------------------------------------------------
  MG RESIDUAL DECAY
------------------------------------------------------
 Iter    Rel. Residual           Reduction Factor
------------------------------------------------------
 0       9.099723e-02            -----
 1       1.146075e-02            0.1259
 2       1.730778e-03            0.1510
 3       3.024373e-04            0.1747
 4       6.301435e-05            0.2084
 5       1.452019e-05            0.2304
 6       3.555069e-06            0.2448
 7       8.731582e-07            0.2456
 8       2.107096e-07            0.2413
 9       4.994925e-08            0.2371
 10      1.175898e-08            0.2354
 11      2.791238e-09            0.2374
 12      6.784169e-10            0.2431
 13      1.695396e-10            0.2499
 14      4.323969e-11            0.2550
 15      1.113328e-11            0.2575
------------------------------------------------------
 Iterations:      16
 Final Rel. Res.: 1.113328e-11
 Asymptotic Rate: 0.254122 (Geom. Mean, last 4 iters)
======================================================

======================================================
  Refinement Level: 6
======================================================
 Mesh width (h):  5.7350e-03
 Total DOFs:      181121
 Spectral Radii:  0.291897
 GMRES Avg Iters: 10.00
------------------------------------------------------
  MG RESIDUAL DECAY
------------------------------------------------------
 Iter    Rel. Residual           Reduction Factor
------------------------------------------------------
 0       9.148826e-02            -----
 1       1.158276e-02            0.1266
 2       1.738840e-03            0.1501
 3       3.157472e-04            0.1816
 4       6.592165e-05            0.2088
 5       1.508539e-05            0.2288
 6       3.645885e-06            0.2417
 7       9.207019e-07            0.2525
 8       2.367633e-07            0.2572
 9       6.139232e-08            0.2593
 10      1.590345e-08            0.2590
 11      4.121119e-09            0.2591
 12      1.072100e-09            0.2601
 13      2.814605e-10            0.2625
 14      7.483854e-11            0.2659
 15      2.018770e-11            0.2697
------------------------------------------------------
 Iterations:      16
 Final Rel. Res.: 2.018770e-11
 Asymptotic Rate: 0.266042 (Geom. Mean, last 4 iters)
======================================================

