Device configuration: omp,cpu
Memory configuration: host-std
Loaded config: /cluster/home/rdabetic/decmg/configs/hcurl_3d_hole_void_scaledid_w.json
=================================================
  Multigrid Convergence Test Configuration
=================================================
 Problem Type:    hcurl
 Mesh File:       meshes/3d/hole_void.msh
 Output File:     out/scaledid/w/veclap/3d/hole_void.csv
 MG Cycle Type:   W-Cycle
 Mass Lumping:    scaledid
 B-Conditions:    essential
 Max Refinement:  5
 Eigenvalues:     2 (Tol: 0.01)
 GMRES Benchmark: 8 runs (Tol: 1e-06, K-Dim: 20)
=================================================

======================================================
  Refinement Level: 1
======================================================
 Mesh width (h):  1.5811e+00
 Total DOFs:      1505
 Spectral Radii:  1 0.344515
 GMRES Avg Iters: 49.38
------------------------------------------------------
  MG RESIDUAL DECAY
------------------------------------------------------
 Iter    Rel. Residual           Reduction Factor
------------------------------------------------------
 0       5.871206e-02            -----
 1       1.050991e-02            0.1790
 2       2.573615e-03            0.2449
 3       7.954430e-04            0.3091
 4       2.373554e-04            0.2984
 5       7.725377e-05            0.3255
 6       2.450928e-05            0.3173
 7       8.033261e-06            0.3278
 8       2.612764e-06            0.3252
 9       8.591548e-07            0.3288
 10      2.824365e-07            0.3287
 11      9.322183e-08            0.3301
 12      3.082283e-08            0.3306
 13      1.021226e-08            0.3313
 14      3.389743e-09            0.3319
 15      1.126785e-09            0.3324
------------------------------------------------------
 Iterations:      16
 Final Rel. Res.: 1.126785e-09
 Asymptotic Rate: 0.331886 (Geom. Mean, last 4 iters)
======================================================

======================================================
  Refinement Level: 2
======================================================
 Mesh width (h):  7.9057e-01
 Total DOFs:      10689
 Spectral Radii:  1 0.34427
 GMRES Avg Iters: 56.00
------------------------------------------------------
  MG RESIDUAL DECAY
------------------------------------------------------
 Iter    Rel. Residual           Reduction Factor
------------------------------------------------------
 0       5.685903e-02            -----
 1       8.313807e-03            0.1462
 2       2.028512e-03            0.2440
 3       5.717548e-04            0.2819
 4       1.702262e-04            0.2977
 5       5.207462e-05            0.3059
 6       1.624220e-05            0.3119
 7       5.134396e-06            0.3161
 8       1.641469e-06            0.3197
 9       5.296638e-07            0.3227
 10      1.722670e-07            0.3252
 11      5.640244e-08            0.3274
 12      1.857110e-08            0.3293
 13      6.143523e-09            0.3308
 14      2.040258e-09            0.3321
 15      6.797219e-10            0.3332
------------------------------------------------------
 Iterations:      16
 Final Rel. Res.: 6.797219e-10
 Asymptotic Rate: 0.332020 (Geom. Mean, last 4 iters)
======================================================

======================================================
  Refinement Level: 3
======================================================
 Mesh width (h):  3.9528e-01
 Total DOFs:      80257
 Spectral Radii:  1 0.367418
 GMRES Avg Iters: 60.62
------------------------------------------------------
  MG RESIDUAL DECAY
------------------------------------------------------
 Iter    Rel. Residual           Reduction Factor
------------------------------------------------------
 0       5.776396e-02            -----
 1       7.668837e-03            0.1328
 2       1.766746e-03            0.2304
 3       4.774781e-04            0.2703
 4       1.366521e-04            0.2862
 5       4.068978e-05            0.2978
 6       1.245150e-05            0.3060
 7       3.896948e-06            0.3130
 8       1.242055e-06            0.3187
 9       4.020217e-07            0.3237
 10      1.318418e-07            0.3279
 11      4.372947e-08            0.3317
 12      1.464835e-08            0.3350
 13      4.950047e-09            0.3379
 14      1.686001e-09            0.3406
 15      5.784144e-10            0.3431
------------------------------------------------------
 Iterations:      16
 Final Rel. Res.: 5.784144e-10
 Asymptotic Rate: 0.340526 (Geom. Mean, last 4 iters)
======================================================

======================================================
  Refinement Level: 4
======================================================
 Mesh width (h):  1.9764e-01
 Total DOFs:      621313
 Spectral Radii:  1 0.374855
 GMRES Avg Iters: 60.00
------------------------------------------------------
  MG RESIDUAL DECAY
------------------------------------------------------
 Iter    Rel. Residual           Reduction Factor
------------------------------------------------------
 0       5.794767e-02            -----
 1       7.513249e-03            0.1297
 2       1.678331e-03            0.2234
 3       4.363967e-04            0.2600
 4       1.211553e-04            0.2776
 5       3.489280e-05            0.2880
 6       1.032812e-05            0.2960
 7       3.122486e-06            0.3023
 8       9.607113e-07            0.3077
 9       3.000518e-07            0.3123
 10      9.496379e-08            0.3165
 11      3.042082e-08            0.3203
 12      9.856259e-09            0.3240
 13      3.228475e-09            0.3276
 14      1.068904e-09            0.3311
 15      3.576869e-10            0.3346
------------------------------------------------------
 Iterations:      16
 Final Rel. Res.: 3.576869e-10
 Asymptotic Rate: 0.331078 (Geom. Mean, last 4 iters)
======================================================

======================================================
  Refinement Level: 5
======================================================
 Mesh width (h):  9.8821e-02
 Total DOFs:      4888065
 Spectral Radii:  1 0.376944
 GMRES Avg Iters: 63.88
------------------------------------------------------
  MG RESIDUAL DECAY
------------------------------------------------------
 Iter    Rel. Residual           Reduction Factor
------------------------------------------------------
 0       5.796330e-02            -----
 1       7.304186e-03            0.1260
 2       1.611307e-03            0.2206
 3       4.158114e-04            0.2581
 4       1.140448e-04            0.2743
 5       3.249344e-05            0.2849
 6       9.513790e-06            0.2928
 7       2.846910e-06            0.2992
 8       8.671412e-07            0.3046
 9       2.680696e-07            0.3091
 10      8.391929e-08            0.3131
 11      2.655667e-08            0.3165
 12      8.483850e-09            0.3195
 13      2.733175e-09            0.3222
 14      8.872700e-10            0.3246
 15      2.900739e-10            0.3269
------------------------------------------------------
 Iterations:      16
 Final Rel. Res.: 2.900739e-10
 Asymptotic Rate: 0.324568 (Geom. Mean, last 4 iters)
======================================================

