Device configuration: omp,cpu
Memory configuration: host-std
Loaded config: /cluster/home/rdabetic/decmg/configs/hcurl_3d_cube_scaledid_w.json
=================================================
  Multigrid Convergence Test Configuration
=================================================
 Problem Type:    hcurl
 Mesh File:       meshes/3d/cube.msh
 Output File:     out/scaledid/w/veclap/3d/cube.csv
 MG Cycle Type:   W-Cycle
 Mass Lumping:    scaledid
 B-Conditions:    essential
 Max Refinement:  5
 Eigenvalues:     1 (Tol: 0.01)
 GMRES Benchmark: 8 runs (Tol: 1e-06, K-Dim: 20)
=================================================

======================================================
  Refinement Level: 1
======================================================
 Mesh width (h):  5.0000e-01
 Total DOFs:      365
 Spectral Radii:  0.239603
 GMRES Avg Iters: 11.50
------------------------------------------------------
  MG RESIDUAL DECAY
------------------------------------------------------
 Iter    Rel. Residual           Reduction Factor
------------------------------------------------------
 0       5.521519e-02            -----
 1       6.801912e-03            0.1232
 2       1.213713e-03            0.1784
 3       2.770525e-04            0.2283
 4       6.580421e-05            0.2375
 5       1.592246e-05            0.2420
 6       3.875770e-06            0.2434
 7       9.482912e-07            0.2447
 8       2.333891e-07            0.2461
 9       5.773167e-08            0.2474
 10      1.433100e-08            0.2482
 11      3.565628e-09            0.2488
 12      8.883860e-10            0.2492
 13      2.215006e-10            0.2493
 14      5.523761e-11            0.2494
 15      1.377291e-11            0.2493
------------------------------------------------------
 Iterations:      16
 Final Rel. Res.: 1.377291e-11
 Asymptotic Rate: 0.249349 (Geom. Mean, last 4 iters)
======================================================

======================================================
  Refinement Level: 2
======================================================
 Mesh width (h):  2.5000e-01
 Total DOFs:      2457
 Spectral Radii:  0.282412
 GMRES Avg Iters: 11.75
------------------------------------------------------
  MG RESIDUAL DECAY
------------------------------------------------------
 Iter    Rel. Residual           Reduction Factor
------------------------------------------------------
 0       6.170712e-02            -----
 1       8.506441e-03            0.1379
 2       1.946705e-03            0.2289
 3       4.935850e-04            0.2535
 4       1.296583e-04            0.2627
 5       3.461254e-05            0.2670
 6       9.321645e-06            0.2693
 7       2.524082e-06            0.2708
 8       6.856712e-07            0.2717
 9       1.865705e-07            0.2721
 10      5.080063e-08            0.2723
 11      1.383523e-08            0.2723
 12      3.768211e-09            0.2724
 13      1.026487e-09            0.2724
 14      2.797278e-10            0.2725
 15      7.627863e-11            0.2727
------------------------------------------------------
 Iterations:      16
 Final Rel. Res.: 7.627863e-11
 Asymptotic Rate: 0.272535 (Geom. Mean, last 4 iters)
======================================================

======================================================
  Refinement Level: 3
======================================================
 Mesh width (h):  1.2500e-01
 Total DOFs:      17969
 Spectral Radii:  0.28171
 GMRES Avg Iters: 12.00
------------------------------------------------------
  MG RESIDUAL DECAY
------------------------------------------------------
 Iter    Rel. Residual           Reduction Factor
------------------------------------------------------
 0       5.823676e-02            -----
 1       7.123064e-03            0.1223
 2       1.503938e-03            0.2111
 3       3.605088e-04            0.2397
 4       9.044861e-05            0.2509
 5       2.329379e-05            0.2575
 6       6.108501e-06            0.2622
 7       1.624142e-06            0.2659
 8       4.366792e-07            0.2689
 9       1.185046e-07            0.2714
 10      3.241507e-08            0.2735
 11      8.928012e-09            0.2754
 12      2.474073e-09            0.2771
 13      6.893255e-10            0.2786
 14      1.929810e-10            0.2800
 15      5.425167e-11            0.2811
------------------------------------------------------
 Iterations:      16
 Final Rel. Res.: 5.425167e-11
 Asymptotic Rate: 0.279898 (Geom. Mean, last 4 iters)
======================================================

======================================================
  Refinement Level: 4
======================================================
 Mesh width (h):  6.2500e-02
 Total DOFs:      137313
 Spectral Radii:  0.284651
 GMRES Avg Iters: 12.00
------------------------------------------------------
  MG RESIDUAL DECAY
------------------------------------------------------
 Iter    Rel. Residual           Reduction Factor
------------------------------------------------------
 0       5.796621e-02            -----
 1       6.961946e-03            0.1201
 2       1.470235e-03            0.2112
 3       3.534370e-04            0.2404
 4       8.876668e-05            0.2512
 5       2.286525e-05            0.2576
 6       5.988937e-06            0.2619
 7       1.587443e-06            0.2651
 8       4.245480e-07            0.2674
 9       1.143292e-07            0.2693
 10      3.095854e-08            0.2708
 11      8.421210e-09            0.2720
 12      2.299573e-09            0.2731
 13      6.300813e-10            0.2740
 14      1.731728e-10            0.2748
 15      4.773006e-11            0.2756
------------------------------------------------------
 Iterations:      16
 Final Rel. Res.: 4.773006e-11
 Asymptotic Rate: 0.274820 (Geom. Mean, last 4 iters)
======================================================

======================================================
  Refinement Level: 5
======================================================
 Mesh width (h):  3.1250e-02
 Total DOFs:      1073345
 Spectral Radii:  0.287244
 GMRES Avg Iters: 12.00
------------------------------------------------------
  MG RESIDUAL DECAY
------------------------------------------------------
 Iter    Rel. Residual           Reduction Factor
------------------------------------------------------
 0       5.819905e-02            -----
 1       6.891440e-03            0.1184
 2       1.446088e-03            0.2098
 3       3.464662e-04            0.2396
 4       8.668300e-05            0.2502
 5       2.221932e-05            0.2563
 6       5.784162e-06            0.2603
 7       1.522276e-06            0.2632
 8       4.039443e-07            0.2654
 9       1.078813e-07            0.2671
 10      2.896087e-08            0.2685
 11      7.807519e-09            0.2696
 12      2.112271e-09            0.2705
 13      5.731861e-10            0.2714
 14      1.559480e-10            0.2721
 15      4.252760e-11            0.2727
------------------------------------------------------
 Iterations:      16
 Final Rel. Res.: 4.252760e-11
 Asymptotic Rate: 0.272045 (Geom. Mean, last 4 iters)
======================================================

