Device configuration: omp,cpu
Memory configuration: host-std
Loaded config: /cluster/home/rdabetic/decmg/configs/hcurl_3d_corner_structured_rowsum_v.json
=================================================
  Multigrid Convergence Test Configuration
=================================================
 Problem Type:    hcurl
 Mesh File:       meshes/3d/corner_structured.msh
 Output File:     out/rowsum/v/veclap/3d/corner_structured.csv
 MG Cycle Type:   V-Cycle
 Mass Lumping:    rowsum
 B-Conditions:    essential
 Max Refinement:  5
 Eigenvalues:     1 (Tol: 0.01)
 GMRES Benchmark: 8 runs (Tol: 1e-06, K-Dim: 20)
=================================================

======================================================
  Refinement Level: 1
======================================================
 Mesh width (h):  4.3301e-01
 Total DOFs:      4401
 Spectral Radii:  0.37237
 GMRES Avg Iters: 15.00
------------------------------------------------------
  MG RESIDUAL DECAY
------------------------------------------------------
 Iter    Rel. Residual           Reduction Factor
------------------------------------------------------
 0       6.414119e-02            -----
 1       9.067364e-03            0.1414
 2       2.339812e-03            0.2580
 3       6.917978e-04            0.2957
 4       2.172072e-04            0.3140
 5       7.055889e-05            0.3248
 6       2.347597e-05            0.3327
 7       7.944777e-06            0.3384
 8       2.720571e-06            0.3424
 9       9.394328e-07            0.3453
 10      3.263982e-07            0.3474
 11      1.139395e-07            0.3491
 12      3.992192e-08            0.3504
 13      1.403008e-08            0.3514
 14      4.943339e-09            0.3523
 15      1.745684e-09            0.3531
------------------------------------------------------
 Iterations:      16
 Final Rel. Res.: 1.745684e-09
 Asymptotic Rate: 0.352304 (Geom. Mean, last 4 iters)
======================================================

======================================================
  Refinement Level: 2
======================================================
 Mesh width (h):  2.1651e-01
 Total DOFs:      31841
 Spectral Radii:  0.429022
 GMRES Avg Iters: 15.00
------------------------------------------------------
  MG RESIDUAL DECAY
------------------------------------------------------
 Iter    Rel. Residual           Reduction Factor
------------------------------------------------------
 0       6.019459e-02            -----
 1       8.249252e-03            0.1370
 2       2.021632e-03            0.2451
 3       5.856127e-04            0.2897
 4       1.819944e-04            0.3108
 5       5.888685e-05            0.3236
 6       1.958650e-05            0.3326
 7       6.656245e-06            0.3398
 8       2.304551e-06            0.3462
 9       8.119994e-07            0.3523
 10      2.911331e-07            0.3585
 11      1.062550e-07            0.3650
 12      3.949289e-08            0.3717
 13      1.495132e-08            0.3786
 14      5.763579e-09            0.3855
 15      2.260222e-09            0.3922
------------------------------------------------------
 Iterations:      16
 Final Rel. Res.: 2.260222e-09
 Asymptotic Rate: 0.385370 (Geom. Mean, last 4 iters)
======================================================

======================================================
  Refinement Level: 3
======================================================
 Mesh width (h):  1.0825e-01
 Total DOFs:      241857
 Spectral Radii:  0.448406
 GMRES Avg Iters: 15.00
------------------------------------------------------
  MG RESIDUAL DECAY
------------------------------------------------------
 Iter    Rel. Residual           Reduction Factor
------------------------------------------------------
 0       6.106550e-02            -----
 1       8.111811e-03            0.1328
 2       1.932210e-03            0.2382
 3       5.500235e-04            0.2847
 4       1.688997e-04            0.3071
 5       5.432463e-05            0.3216
 6       1.806291e-05            0.3325
 7       6.165789e-06            0.3414
 8       2.152025e-06            0.3490
 9       7.664842e-07            0.3562
 10      2.783442e-07            0.3631
 11      1.030558e-07            0.3702
 12      3.891688e-08            0.3776
 13      1.499608e-08            0.3853
 14      5.897432e-09            0.3933
 15      2.366019e-09            0.4012
------------------------------------------------------
 Iterations:      16
 Final Rel. Res.: 2.366019e-09
 Asymptotic Rate: 0.393212 (Geom. Mean, last 4 iters)
======================================================

======================================================
  Refinement Level: 4
======================================================
 Mesh width (h):  5.4127e-02
 Total DOFs:      1884545
 Spectral Radii:  0.460025
 GMRES Avg Iters: 15.00
------------------------------------------------------
  MG RESIDUAL DECAY
------------------------------------------------------
 Iter    Rel. Residual           Reduction Factor
------------------------------------------------------
 0       6.176073e-02            -----
 1       7.990781e-03            0.1294
 2       1.867865e-03            0.2338
 3       5.216621e-04            0.2793
 4       1.567698e-04            0.3005
 5       4.929163e-05            0.3144
 6       1.603317e-05            0.3253
 7       5.364964e-06            0.3346
 8       1.841227e-06            0.3432
 9       6.471469e-07            0.3515
 10      2.325924e-07            0.3594
 11      8.535029e-08            0.3670
 12      3.190186e-08            0.3738
 13      1.211691e-08            0.3798
 14      4.665959e-09            0.3851
 15      1.819028e-09            0.3899
------------------------------------------------------
 Iterations:      16
 Final Rel. Res.: 1.819028e-09
 Asymptotic Rate: 0.384894 (Geom. Mean, last 4 iters)
======================================================

======================================================
  Refinement Level: 5
======================================================
 Mesh width (h):  2.7063e-02
 Total DOFs:      14877441
 Spectral Radii:  0.486913
 GMRES Avg Iters: 15.00
------------------------------------------------------
  MG RESIDUAL DECAY
------------------------------------------------------
 Iter    Rel. Residual           Reduction Factor
------------------------------------------------------
 0       6.212857e-02            -----
 1       7.899420e-03            0.1271
 2       1.815634e-03            0.2298
 3       5.015228e-04            0.2762
 4       1.494834e-04            0.2981
 5       4.675797e-05            0.3128
 6       1.515987e-05            0.3242
 7       5.075402e-06            0.3348
 8       1.750926e-06            0.3450
 9       6.262240e-07            0.3577
 10      2.332761e-07            0.3725
 11      9.155327e-08            0.3925
 12      3.792685e-08            0.4143
 13      1.656840e-08            0.4369
 14      7.527011e-09            0.4543
 15      3.511114e-09            0.4665
------------------------------------------------------
 Iterations:      16
 Final Rel. Res.: 3.511114e-09
 Asymptotic Rate: 0.452376 (Geom. Mean, last 4 iters)
======================================================

