Device configuration: omp,cpu
Memory configuration: host-std
Loaded config: /cluster/home/rdabetic/decmg/configs/hcurl_2d_tria_scaledid_w.json
=================================================
  Multigrid Convergence Test Configuration
=================================================
 Problem Type:    hcurl
 Mesh File:       meshes/2d/tria.msh
 Output File:     out/scaledid/w/veclap/2d/tria.csv
 MG Cycle Type:   W-Cycle
 Mass Lumping:    scaledid
 B-Conditions:    essential
 Max Refinement:  6
 Eigenvalues:     1 (Tol: 0.01)
 GMRES Benchmark: 8 runs (Tol: 1e-06, K-Dim: 20)
=================================================


Gmsh reader: all element attributes were zero.
MFEM only supports positive element attributes.
Setting element attributes to 1.

======================================================
  Refinement Level: 1
======================================================
 Mesh width (h):  1.2500e-01
 Total DOFs:      153
 Spectral Radii:  0.157081
 GMRES Avg Iters: 7.00
------------------------------------------------------
  MG RESIDUAL DECAY
------------------------------------------------------
 Iter    Rel. Residual           Reduction Factor
------------------------------------------------------
 0       8.259329e-02            -----
 1       1.076233e-02            0.1303
 2       1.073215e-03            0.0997
 3       1.527096e-04            0.1423
 4       2.574210e-05            0.1686
 5       3.653428e-06            0.1419
 6       4.017496e-07            0.1100
 7       6.973243e-08            0.1736
 8       1.480233e-08            0.2123
 9       2.289966e-09            0.1547
 10      2.693870e-10            0.1176
 11      4.251854e-11            0.1578
 12      9.136262e-12            0.2149
 13      1.489509e-12            0.1630
 14      1.772419e-13            0.1190
 15      2.439085e-14            0.1376
------------------------------------------------------
 Iterations:      16
 Final Rel. Res.: 2.439085e-14
 Asymptotic Rate: 0.138724 (Geom. Mean, last 4 iters)
======================================================

======================================================
  Refinement Level: 2
======================================================
 Mesh width (h):  6.2500e-02
 Total DOFs:      561
 Spectral Radii:  0.1514
 GMRES Avg Iters: 7.00
------------------------------------------------------
  MG RESIDUAL DECAY
------------------------------------------------------
 Iter    Rel. Residual           Reduction Factor
------------------------------------------------------
 0       9.697210e-02            -----
 1       1.190446e-02            0.1228
 2       1.507403e-03            0.1266
 3       2.121369e-04            0.1407
 4       2.536558e-05            0.1196
 5       3.602450e-06            0.1420
 6       5.445915e-07            0.1512
 7       8.384171e-08            0.1540
 8       1.296540e-08            0.1546
 9       1.841082e-09            0.1420
 10      2.689108e-10            0.1461
 11      4.358763e-11            0.1621
 12      7.239216e-12            0.1661
 13      1.129791e-12            0.1561
 14      1.669732e-13            0.1478
 15      2.344445e-14            0.1404
------------------------------------------------------
 Iterations:      16
 Final Rel. Res.: 2.344445e-14
 Asymptotic Rate: 0.147950 (Geom. Mean, last 4 iters)
======================================================

======================================================
  Refinement Level: 3
======================================================
 Mesh width (h):  3.1250e-02
 Total DOFs:      2145
 Spectral Radii:  0.150772
 GMRES Avg Iters: 7.00
------------------------------------------------------
  MG RESIDUAL DECAY
------------------------------------------------------
 Iter    Rel. Residual           Reduction Factor
------------------------------------------------------
 0       9.908103e-02            -----
 1       1.174171e-02            0.1185
 2       1.489318e-03            0.1268
 3       2.000184e-04            0.1343
 4       2.744056e-05            0.1372
 5       3.812395e-06            0.1389
 6       5.433820e-07            0.1425
 7       7.514858e-08            0.1383
 8       1.096506e-08            0.1459
 9       1.693000e-09            0.1544
 10      2.630595e-10            0.1554
 11      4.177317e-11            0.1588
 12      6.867978e-12            0.1644
 13      1.106176e-12            0.1611
 14      1.718575e-13            0.1554
 15      2.583075e-14            0.1503
------------------------------------------------------
 Iterations:      16
 Final Rel. Res.: 2.583075e-14
 Asymptotic Rate: 0.155514 (Geom. Mean, last 4 iters)
======================================================

======================================================
  Refinement Level: 4
======================================================
 Mesh width (h):  1.5625e-02
 Total DOFs:      8385
 Spectral Radii:  0.15575
 GMRES Avg Iters: 7.00
------------------------------------------------------
  MG RESIDUAL DECAY
------------------------------------------------------
 Iter    Rel. Residual           Reduction Factor
------------------------------------------------------
 0       9.782511e-02            -----
 1       1.154025e-02            0.1180
 2       1.431581e-03            0.1241
 3       1.869719e-04            0.1306
 4       2.569625e-05            0.1374
 5       3.603664e-06            0.1402
 6       5.200558e-07            0.1443
 7       7.545433e-08            0.1451
 8       1.089379e-08            0.1444
 9       1.632452e-09            0.1499
 10      2.527122e-10            0.1548
 11      3.954081e-11            0.1565
 12      6.152597e-12            0.1556
 13      9.828043e-13            0.1597
 14      1.589114e-13            0.1617
 15      2.506110e-14            0.1577
------------------------------------------------------
 Iterations:      16
 Final Rel. Res.: 2.506110e-14
 Asymptotic Rate: 0.159703 (Geom. Mean, last 4 iters)
======================================================

======================================================
  Refinement Level: 5
======================================================
 Mesh width (h):  7.8125e-03
 Total DOFs:      33153
 Spectral Radii:  0.161947
 GMRES Avg Iters: 7.00
------------------------------------------------------
  MG RESIDUAL DECAY
------------------------------------------------------
 Iter    Rel. Residual           Reduction Factor
------------------------------------------------------
 0       9.662757e-02            -----
 1       1.157147e-02            0.1198
 2       1.433766e-03            0.1239
 3       1.898931e-04            0.1324
 4       2.593118e-05            0.1366
 5       3.626251e-06            0.1398
 6       5.212899e-07            0.1438
 7       7.531697e-08            0.1445
 8       1.110563e-08            0.1475
 9       1.651010e-09            0.1487
 10      2.493808e-10            0.1510
 11      3.812162e-11            0.1529
 12      5.890253e-12            0.1545
 13      9.185843e-13            0.1559
 14      1.434335e-13            0.1561
 15      2.252775e-14            0.1571
------------------------------------------------------
 Iterations:      16
 Final Rel. Res.: 2.252775e-14
 Asymptotic Rate: 0.156385 (Geom. Mean, last 4 iters)
======================================================

======================================================
  Refinement Level: 6
======================================================
 Mesh width (h):  3.9063e-03
 Total DOFs:      131841
 Spectral Radii:  0.163927
 GMRES Avg Iters: 7.00
------------------------------------------------------
  MG RESIDUAL DECAY
------------------------------------------------------
 Iter    Rel. Residual           Reduction Factor
------------------------------------------------------
 0       9.741619e-02            -----
 1       1.158408e-02            0.1189
 2       1.432235e-03            0.1236
 3       1.869015e-04            0.1305
 4       2.569269e-05            0.1375
 5       3.614322e-06            0.1407
 6       5.122253e-07            0.1417
 7       7.518127e-08            0.1468
 8       1.121810e-08            0.1492
 9       1.678880e-09            0.1497
 10      2.536897e-10            0.1511
 11      3.868956e-11            0.1525
 12      5.939436e-12            0.1535
 13      9.204388e-13            0.1550
 14      1.436470e-13            0.1561
 15      2.244484e-14            0.1563
------------------------------------------------------
 Iterations:      16
 Final Rel. Res.: 2.244484e-14
 Asymptotic Rate: 0.155760 (Geom. Mean, last 4 iters)
======================================================

