Device configuration: omp,cpu
Memory configuration: host-std
Loaded config: /cluster/home/rdabetic/decmg/configs/hcurl_3d_corner_structured_rowsum_w.json
=================================================
  Multigrid Convergence Test Configuration
=================================================
 Problem Type:    hcurl
 Mesh File:       meshes/3d/corner_structured.msh
 Output File:     out/rowsum/w/veclap/3d/corner_structured.csv
 MG Cycle Type:   W-Cycle
 Mass Lumping:    rowsum
 B-Conditions:    essential
 Max Refinement:  5
 Eigenvalues:     1 (Tol: 0.01)
 GMRES Benchmark: 8 runs (Tol: 1e-06, K-Dim: 20)
=================================================

======================================================
  Refinement Level: 1
======================================================
 Mesh width (h):  4.3301e-01
 Total DOFs:      4401
 Spectral Radii:  0.37237
 GMRES Avg Iters: 15.00
------------------------------------------------------
  MG RESIDUAL DECAY
------------------------------------------------------
 Iter    Rel. Residual           Reduction Factor
------------------------------------------------------
 0       6.414119e-02            -----
 1       9.067364e-03            0.1414
 2       2.339812e-03            0.2580
 3       6.917978e-04            0.2957
 4       2.172072e-04            0.3140
 5       7.055889e-05            0.3248
 6       2.347597e-05            0.3327
 7       7.944777e-06            0.3384
 8       2.720571e-06            0.3424
 9       9.394328e-07            0.3453
 10      3.263982e-07            0.3474
 11      1.139395e-07            0.3491
 12      3.992192e-08            0.3504
 13      1.403008e-08            0.3514
 14      4.943339e-09            0.3523
 15      1.745684e-09            0.3531
------------------------------------------------------
 Iterations:      16
 Final Rel. Res.: 1.745684e-09
 Asymptotic Rate: 0.352304 (Geom. Mean, last 4 iters)
======================================================

======================================================
  Refinement Level: 2
======================================================
 Mesh width (h):  2.1651e-01
 Total DOFs:      31841
 Spectral Radii:  0.385795
 GMRES Avg Iters: 15.00
------------------------------------------------------
  MG RESIDUAL DECAY
------------------------------------------------------
 Iter    Rel. Residual           Reduction Factor
------------------------------------------------------
 0       6.027816e-02            -----
 1       8.251863e-03            0.1369
 2       1.961087e-03            0.2377
 3       5.470226e-04            0.2789
 4       1.637114e-04            0.2993
 5       5.106025e-05            0.3119
 6       1.636988e-05            0.3206
 7       5.353169e-06            0.3270
 8       1.777234e-06            0.3320
 9       5.972848e-07            0.3361
 10      2.028252e-07            0.3396
 11      6.951082e-08            0.3427
 12      2.402398e-08            0.3456
 13      8.369466e-09            0.3484
 14      2.938287e-09            0.3511
 15      1.039377e-09            0.3537
------------------------------------------------------
 Iterations:      16
 Final Rel. Res.: 1.039377e-09
 Asymptotic Rate: 0.351056 (Geom. Mean, last 4 iters)
======================================================

======================================================
  Refinement Level: 3
======================================================
 Mesh width (h):  1.0825e-01
 Total DOFs:      241857
 Spectral Radii:  0.388857
 GMRES Avg Iters: 15.00
------------------------------------------------------
  MG RESIDUAL DECAY
------------------------------------------------------
 Iter    Rel. Residual           Reduction Factor
------------------------------------------------------
 0       6.114065e-02            -----
 1       8.144583e-03            0.1332
 2       1.883425e-03            0.2312
 3       5.180656e-04            0.2751
 4       1.530630e-04            0.2955
 5       4.717702e-05            0.3082
 6       1.495376e-05            0.3170
 7       4.835878e-06            0.3234
 8       1.587748e-06            0.3283
 9       5.275752e-07            0.3323
 10      1.770251e-07            0.3355
 11      5.988999e-08            0.3383
 12      2.040523e-08            0.3407
 13      6.995477e-09            0.3428
 14      2.411513e-09            0.3447
 15      8.354701e-10            0.3465
------------------------------------------------------
 Iterations:      16
 Final Rel. Res.: 8.354701e-10
 Asymptotic Rate: 0.344664 (Geom. Mean, last 4 iters)
======================================================

======================================================
  Refinement Level: 4
======================================================
 Mesh width (h):  5.4127e-02
 Total DOFs:      1884545
 Spectral Radii:  0.389982
 GMRES Avg Iters: 15.00
------------------------------------------------------
  MG RESIDUAL DECAY
------------------------------------------------------
 Iter    Rel. Residual           Reduction Factor
------------------------------------------------------
 0       6.182294e-02            -----
 1       7.996322e-03            0.1293
 2       1.817933e-03            0.2273
 3       4.911636e-04            0.2702
 4       1.423239e-04            0.2898
 5       4.303911e-05            0.3024
 6       1.340508e-05            0.3115
 7       4.267902e-06            0.3184
 8       1.382428e-06            0.3239
 9       4.541321e-07            0.3285
 10      1.509595e-07            0.3324
 11      5.069427e-08            0.3358
 12      1.717643e-08            0.3388
 13      5.866341e-09            0.3415
 14      2.018110e-09            0.3440
 15      6.989196e-10            0.3463
------------------------------------------------------
 Iterations:      16
 Final Rel. Res.: 6.989196e-10
 Asymptotic Rate: 0.343952 (Geom. Mean, last 4 iters)
======================================================

======================================================
  Refinement Level: 5
======================================================
 Mesh width (h):  2.7063e-02
 Total DOFs:      14877441
 Spectral Radii:  0.39278
 GMRES Avg Iters: 15.00
------------------------------------------------------
  MG RESIDUAL DECAY
------------------------------------------------------
 Iter    Rel. Residual           Reduction Factor
------------------------------------------------------
 0       6.217193e-02            -----
 1       7.892540e-03            0.1269
 2       1.765187e-03            0.2237
 3       4.696195e-04            0.2660
 4       1.341377e-04            0.2856
 5       3.999671e-05            0.2982
 6       1.228445e-05            0.3071
 7       3.856623e-06            0.3139
 8       1.231681e-06            0.3194
 9       3.988826e-07            0.3239
 10      1.306982e-07            0.3277
 11      4.325607e-08            0.3310
 12      1.444176e-08            0.3339
 13      4.858997e-09            0.3365
 14      1.646144e-09            0.3388
 15      5.611602e-10            0.3409
------------------------------------------------------
 Iterations:      16
 Final Rel. Res.: 5.611602e-10
 Asymptotic Rate: 0.338705 (Geom. Mean, last 4 iters)
======================================================

