Device configuration: omp,cpu
Memory configuration: host-std
Loaded config: /cluster/home/rdabetic/decmg/configs/hcurl_2d_two_holes_barycentric_v.json
=================================================
  Multigrid Convergence Test Configuration
=================================================
 Problem Type:    hcurl
 Mesh File:       meshes/2d/two_holes.msh
 Output File:     out/barycentric/v/veclap/2d/two_holes.csv
 MG Cycle Type:   V-Cycle
 Mass Lumping:    barycentric
 B-Conditions:    essential
 Max Refinement:  6
 Eigenvalues:     3 (Tol: 0.01)
 GMRES Benchmark: 8 runs (Tol: 1e-06, K-Dim: 20)
=================================================


Gmsh reader: all element attributes were zero.
MFEM only supports positive element attributes.
Setting element attributes to 1.

======================================================
  Refinement Level: 1
======================================================
 Mesh width (h):  9.9615e-02
 Total DOFs:      2403
 Spectral Radii:  1 1 0.294511
 GMRES Avg Iters: 9.00
------------------------------------------------------
  MG RESIDUAL DECAY
------------------------------------------------------
 Iter    Rel. Residual           Reduction Factor
------------------------------------------------------
 0       1.023299e-01            -----
 1       1.512081e-02            0.1478
 2       2.793409e-03            0.1847
 3       6.812801e-04            0.2439
 4       1.739424e-04            0.2553
 5       4.463377e-05            0.2566
 6       1.194956e-05            0.2677
 7       3.302837e-06            0.2764
 8       9.309093e-07            0.2819
 9       2.637680e-07            0.2833
 10      7.468328e-08            0.2831
 11      2.117714e-08            0.2836
 12      6.041910e-09            0.2853
 13      1.739465e-09            0.2879
 14      5.053022e-10            0.2905
 15      1.477761e-10            0.2925
------------------------------------------------------
 Iterations:      16
 Final Rel. Res.: 1.477761e-10
 Asymptotic Rate: 0.290275 (Geom. Mean, last 4 iters)
======================================================

======================================================
  Refinement Level: 2
======================================================
 Mesh width (h):  4.9808e-02
 Total DOFs:      9383
 Spectral Radii:  1 1 0.347302
 GMRES Avg Iters: 9.00
------------------------------------------------------
  MG RESIDUAL DECAY
------------------------------------------------------
 Iter    Rel. Residual           Reduction Factor
------------------------------------------------------
 0       1.113208e-01            -----
 1       1.579986e-02            0.1419
 2       3.010627e-03            0.1905
 3       6.804128e-04            0.2260
 4       1.941353e-04            0.2853
 5       6.127409e-05            0.3156
 6       1.884759e-05            0.3076
 7       5.597177e-06            0.2970
 8       1.680000e-06            0.3002
 9       5.158738e-07            0.3071
 10      1.616097e-07            0.3133
 11      5.162684e-08            0.3195
 12      1.677977e-08            0.3250
 13      5.521483e-09            0.3291
 14      1.829992e-09            0.3314
 15      6.085938e-10            0.3326
------------------------------------------------------
 Iterations:      16
 Final Rel. Res.: 6.085938e-10
 Asymptotic Rate: 0.331015 (Geom. Mean, last 4 iters)
======================================================

======================================================
  Refinement Level: 3
======================================================
 Mesh width (h):  2.4904e-02
 Total DOFs:      37071
 Spectral Radii:  1 1 0.367979
 GMRES Avg Iters: 9.00
------------------------------------------------------
  MG RESIDUAL DECAY
------------------------------------------------------
 Iter    Rel. Residual           Reduction Factor
------------------------------------------------------
 0       1.113290e-01            -----
 1       1.562284e-02            0.1403
 2       2.923852e-03            0.1872
 3       7.653427e-04            0.2618
 4       2.070937e-04            0.2706
 5       5.379213e-05            0.2597
 6       1.422253e-05            0.2644
 7       4.060649e-06            0.2855
 8       1.219767e-06            0.3004
 9       3.770887e-07            0.3091
 10      1.185551e-07            0.3144
 11      3.771951e-08            0.3182
 12      1.218114e-08            0.3229
 13      4.018428e-09            0.3299
 14      1.360818e-09            0.3386
 15      4.739392e-10            0.3483
------------------------------------------------------
 Iterations:      16
 Final Rel. Res.: 4.739392e-10
 Asymptotic Rate: 0.338853 (Geom. Mean, last 4 iters)
======================================================

======================================================
  Refinement Level: 4
======================================================
 Mesh width (h):  1.2452e-02
 Total DOFs:      147359
 Spectral Radii:  1 1 0.3851
 GMRES Avg Iters: 9.00
------------------------------------------------------
  MG RESIDUAL DECAY
------------------------------------------------------
 Iter    Rel. Residual           Reduction Factor
------------------------------------------------------
 0       1.123086e-01            -----
 1       1.588085e-02            0.1414
 2       2.886257e-03            0.1817
 3       6.453800e-04            0.2236
 4       1.591967e-04            0.2467
 5       4.304420e-05            0.2704
 6       1.262909e-05            0.2934
 7       4.001144e-06            0.3168
 8       1.316221e-06            0.3290
 9       4.436010e-07            0.3370
 10      1.545869e-07            0.3485
 11      5.578068e-08            0.3608
 12      2.066537e-08            0.3705
 13      7.780924e-09            0.3765
 14      2.954620e-09            0.3797
 15      1.125938e-09            0.3811
------------------------------------------------------
 Iterations:      16
 Final Rel. Res.: 1.125938e-09
 Asymptotic Rate: 0.379103 (Geom. Mean, last 4 iters)
======================================================

======================================================
  Refinement Level: 5
======================================================
 Mesh width (h):  6.2260e-03
 Total DOFs:      587583
 Spectral Radii:  1 1 0.397213
 GMRES Avg Iters: 9.00
------------------------------------------------------
  MG RESIDUAL DECAY
------------------------------------------------------
 Iter    Rel. Residual           Reduction Factor
------------------------------------------------------
 0       1.120697e-01            -----
 1       1.594385e-02            0.1423
 2       2.831928e-03            0.1776
 3       6.324288e-04            0.2233
 4       1.648781e-04            0.2607
 5       4.660814e-05            0.2827
 6       1.439780e-05            0.3089
 7       4.887357e-06            0.3395
 8       1.768187e-06            0.3618
 9       6.651630e-07            0.3762
 10      2.568399e-07            0.3861
 11      1.009929e-07            0.3932
 12      4.012945e-08            0.3973
 13      1.601981e-08            0.3992
 14      6.405557e-09            0.3999
 15      2.562224e-09            0.4000
------------------------------------------------------
 Iterations:      16
 Final Rel. Res.: 2.562224e-09
 Asymptotic Rate: 0.399685 (Geom. Mean, last 4 iters)
======================================================

======================================================
  Refinement Level: 6
======================================================
 Mesh width (h):  3.1130e-03
 Total DOFs:      2346623
 Spectral Radii:  1 1 0.406378
 GMRES Avg Iters: 9.00
------------------------------------------------------
  MG RESIDUAL DECAY
------------------------------------------------------
 Iter    Rel. Residual           Reduction Factor
------------------------------------------------------
 0       1.125791e-01            -----
 1       1.590399e-02            0.1413
 2       2.894233e-03            0.1820
 3       6.351119e-04            0.2194
 4       1.660703e-04            0.2615
 5       5.102841e-05            0.3073
 6       1.803478e-05            0.3534
 7       6.814577e-06            0.3779
 8       2.651087e-06            0.3890
 9       1.050324e-06            0.3962
 10      4.195886e-07            0.3995
 11      1.679389e-07            0.4002
 12      6.715894e-08            0.3999
 13      2.682151e-08            0.3994
 14      1.070307e-08            0.3990
 15      4.270096e-09            0.3990
------------------------------------------------------
 Iterations:      16
 Final Rel. Res.: 4.270096e-09
 Asymptotic Rate: 0.399127 (Geom. Mean, last 4 iters)
======================================================

