Device configuration: omp,cpu
Memory configuration: host-std
Loaded config: /cluster/home/rdabetic/decmg/configs/hcurl_2d_square_hole_barycentric_v.json
=================================================
  Multigrid Convergence Test Configuration
=================================================
 Problem Type:    hcurl
 Mesh File:       meshes/2d/square_hole.msh
 Output File:     out/barycentric/v/veclap/2d/square_hole.csv
 MG Cycle Type:   V-Cycle
 Mass Lumping:    barycentric
 B-Conditions:    essential
 Max Refinement:  6
 Eigenvalues:     2 (Tol: 0.01)
 GMRES Benchmark: 8 runs (Tol: 1e-06, K-Dim: 20)
=================================================


Gmsh reader: all element attributes were zero.
MFEM only supports positive element attributes.
Setting element attributes to 1.

======================================================
  Refinement Level: 1
======================================================
 Mesh width (h):  8.8388e-02
 Total DOFs:      720
 Spectral Radii:  1 0.250295
 GMRES Avg Iters: 9.00
------------------------------------------------------
  MG RESIDUAL DECAY
------------------------------------------------------
 Iter    Rel. Residual           Reduction Factor
------------------------------------------------------
 0       9.983468e-02            -----
 1       1.369405e-02            0.1372
 2       2.587316e-03            0.1889
 3       5.868612e-04            0.2268
 4       1.414905e-04            0.2411
 5       3.504603e-05            0.2477
 6       8.818015e-06            0.2516
 7       2.241683e-06            0.2542
 8       5.573595e-07            0.2486
 9       1.357743e-07            0.2436
 10      3.264220e-08            0.2404
 11      7.723942e-09            0.2366
 12      1.799510e-09            0.2330
 13      4.185809e-10            0.2326
 14      9.971946e-11            0.2382
 15      2.488305e-11            0.2495
------------------------------------------------------
 Iterations:      16
 Final Rel. Res.: 2.488305e-11
 Asymptotic Rate: 0.240021 (Geom. Mean, last 4 iters)
======================================================

======================================================
  Refinement Level: 2
======================================================
 Mesh width (h):  4.4194e-02
 Total DOFs:      2720
 Spectral Radii:  1 0.339697
 GMRES Avg Iters: 9.00
------------------------------------------------------
  MG RESIDUAL DECAY
------------------------------------------------------
 Iter    Rel. Residual           Reduction Factor
------------------------------------------------------
 0       1.086781e-01            -----
 1       1.601727e-02            0.1474
 2       2.894803e-03            0.1807
 3       7.029893e-04            0.2428
 4       1.815098e-04            0.2582
 5       4.828178e-05            0.2660
 6       1.360297e-05            0.2817
 7       4.063235e-06            0.2987
 8       1.260093e-06            0.3101
 9       4.017702e-07            0.3188
 10      1.311453e-07            0.3264
 11      4.357163e-08            0.3322
 12      1.466081e-08            0.3365
 13      4.974172e-09            0.3393
 14      1.694736e-09            0.3407
 15      5.779446e-10            0.3410
------------------------------------------------------
 Iterations:      16
 Final Rel. Res.: 5.779446e-10
 Asymptotic Rate: 0.340337 (Geom. Mean, last 4 iters)
======================================================

======================================================
  Refinement Level: 3
======================================================
 Mesh width (h):  2.2097e-02
 Total DOFs:      10560
 Spectral Radii:  1 0.378312
 GMRES Avg Iters: 9.00
------------------------------------------------------
  MG RESIDUAL DECAY
------------------------------------------------------
 Iter    Rel. Residual           Reduction Factor
------------------------------------------------------
 0       1.085046e-01            -----
 1       1.533682e-02            0.1413
 2       2.748057e-03            0.1792
 3       6.471535e-04            0.2355
 4       1.718878e-04            0.2656
 5       4.859495e-05            0.2827
 6       1.453809e-05            0.2992
 7       4.666585e-06            0.3210
 8       1.587352e-06            0.3402
 9       5.623685e-07            0.3543
 10      2.046808e-07            0.3640
 11      7.586452e-08            0.3706
 12      2.843357e-08            0.3748
 13      1.071510e-08            0.3768
 14      4.045684e-09            0.3776
 15      1.527876e-09            0.3777
------------------------------------------------------
 Iterations:      16
 Final Rel. Res.: 1.527876e-09
 Asymptotic Rate: 0.377357 (Geom. Mean, last 4 iters)
======================================================

======================================================
  Refinement Level: 4
======================================================
 Mesh width (h):  1.1049e-02
 Total DOFs:      41600
 Spectral Radii:  1 0.401486
 GMRES Avg Iters: 9.00
------------------------------------------------------
  MG RESIDUAL DECAY
------------------------------------------------------
 Iter    Rel. Residual           Reduction Factor
------------------------------------------------------
 0       1.098202e-01            -----
 1       1.540863e-02            0.1403
 2       2.793432e-03            0.1813
 3       6.366490e-04            0.2279
 4       1.747020e-04            0.2744
 5       5.334213e-05            0.3053
 6       1.757616e-05            0.3295
 7       6.176361e-06            0.3514
 8       2.275672e-06            0.3684
 9       8.629515e-07            0.3792
 10      3.316287e-07            0.3843
 11      1.282687e-07            0.3868
 12      4.983287e-08            0.3885
 13      1.943317e-08            0.3900
 14      7.603105e-09            0.3912
 15      2.982848e-09            0.3923
------------------------------------------------------
 Iterations:      16
 Final Rel. Res.: 2.982848e-09
 Asymptotic Rate: 0.391176 (Geom. Mean, last 4 iters)
======================================================

======================================================
  Refinement Level: 5
======================================================
 Mesh width (h):  5.5243e-03
 Total DOFs:      165120
 Spectral Radii:  1 0.421821
 GMRES Avg Iters: 9.00
------------------------------------------------------
  MG RESIDUAL DECAY
------------------------------------------------------
 Iter    Rel. Residual           Reduction Factor
------------------------------------------------------
 0       1.115146e-01            -----
 1       1.585903e-02            0.1422
 2       2.865516e-03            0.1807
 3       6.582989e-04            0.2297
 4       1.871929e-04            0.2844
 5       6.331585e-05            0.3382
 6       2.505454e-05            0.3957
 7       1.075209e-05            0.4291
 8       4.719892e-06            0.4390
 9       2.066554e-06            0.4378
 10      8.973259e-07            0.4342
 11      3.868984e-07            0.4312
 12      1.659888e-07            0.4290
 13      7.096088e-08            0.4275
 14      3.025516e-08            0.4264
 15      1.287274e-08            0.4255
------------------------------------------------------
 Iterations:      16
 Final Rel. Res.: 1.287274e-08
 Asymptotic Rate: 0.426446 (Geom. Mean, last 4 iters)
======================================================

======================================================
  Refinement Level: 6
======================================================
 Mesh width (h):  2.7621e-03
 Total DOFs:      657920
 Spectral Radii:  1 0.437727
 GMRES Avg Iters: 9.00
------------------------------------------------------
  MG RESIDUAL DECAY
------------------------------------------------------
 Iter    Rel. Residual           Reduction Factor
------------------------------------------------------
 0       1.119767e-01            -----
 1       1.581978e-02            0.1413
 2       2.847421e-03            0.1800
 3       6.793024e-04            0.2386
 4       1.982309e-04            0.2918
 5       6.798356e-05            0.3430
 6       2.719027e-05            0.4000
 7       1.191372e-05            0.4382
 8       5.390515e-06            0.4525
 9       2.449896e-06            0.4545
 10      1.108448e-06            0.4524
 11      4.986468e-07            0.4499
 12      2.232321e-07            0.4477
 13      9.954691e-08            0.4459
 14      4.425193e-08            0.4445
 15      1.962097e-08            0.4434
------------------------------------------------------
 Iterations:      16
 Final Rel. Res.: 1.962097e-08
 Asymptotic Rate: 0.444619 (Geom. Mean, last 4 iters)
======================================================

