Device configuration: omp,cpu
Memory configuration: host-std
Loaded config: /cluster/home/rdabetic/decmg/configs/hcurl_3d_cube_rowsum_v.json
=================================================
  Multigrid Convergence Test Configuration
=================================================
 Problem Type:    hcurl
 Mesh File:       meshes/3d/cube.msh
 Output File:     out/rowsum/v/veclap/3d/cube.csv
 MG Cycle Type:   V-Cycle
 Mass Lumping:    rowsum
 B-Conditions:    essential
 Max Refinement:  5
 Eigenvalues:     1 (Tol: 0.01)
 GMRES Benchmark: 8 runs (Tol: 1e-06, K-Dim: 20)
=================================================

======================================================
  Refinement Level: 1
======================================================
 Mesh width (h):  5.0000e-01
 Total DOFs:      365
 Spectral Radii:  0.286327
 GMRES Avg Iters: 9.00
------------------------------------------------------
  MG RESIDUAL DECAY
------------------------------------------------------
 Iter    Rel. Residual           Reduction Factor
------------------------------------------------------
 0       6.885969e-02            -----
 1       7.062999e-03            0.1026
 2       8.870487e-04            0.1256
 3       2.509553e-04            0.2829
 4       7.460729e-05            0.2973
 5       2.124373e-05            0.2847
 6       6.019492e-06            0.2834
 7       1.706487e-06            0.2835
 8       4.850173e-07            0.2842
 9       1.381775e-07            0.2849
 10      3.943676e-08            0.2854
 11      1.127082e-08            0.2858
 12      3.224310e-09            0.2861
 13      9.230120e-10            0.2863
 14      2.643381e-10            0.2864
 15      7.572087e-11            0.2865
------------------------------------------------------
 Iterations:      16
 Final Rel. Res.: 7.572087e-11
 Asymptotic Rate: 0.286369 (Geom. Mean, last 4 iters)
======================================================

======================================================
  Refinement Level: 2
======================================================
 Mesh width (h):  2.5000e-01
 Total DOFs:      2457
 Spectral Radii:  0.29873
 GMRES Avg Iters: 10.00
------------------------------------------------------
  MG RESIDUAL DECAY
------------------------------------------------------
 Iter    Rel. Residual           Reduction Factor
------------------------------------------------------
 0       5.701413e-02            -----
 1       7.721389e-03            0.1354
 2       1.755742e-03            0.2274
 3       4.441803e-04            0.2530
 4       1.160441e-04            0.2613
 5       3.123783e-05            0.2692
 6       8.564059e-06            0.2742
 7       2.375486e-06            0.2774
 8       6.638593e-07            0.2795
 9       1.864762e-07            0.2809
 10      5.258324e-08            0.2820
 11      1.487385e-08            0.2829
 12      4.218402e-09            0.2836
 13      1.199151e-09            0.2843
 14      3.415760e-10            0.2848
 15      9.747596e-11            0.2854
------------------------------------------------------
 Iterations:      16
 Final Rel. Res.: 9.747596e-11
 Asymptotic Rate: 0.284828 (Geom. Mean, last 4 iters)
======================================================

======================================================
  Refinement Level: 3
======================================================
 Mesh width (h):  1.2500e-01
 Total DOFs:      17969
 Spectral Radii:  0.319708
 GMRES Avg Iters: 10.00
------------------------------------------------------
  MG RESIDUAL DECAY
------------------------------------------------------
 Iter    Rel. Residual           Reduction Factor
------------------------------------------------------
 0       5.758470e-02            -----
 1       6.735905e-03            0.1170
 2       1.494066e-03            0.2218
 3       3.764581e-04            0.2520
 4       9.971476e-05            0.2649
 5       2.734526e-05            0.2742
 6       7.713141e-06            0.2821
 7       2.229517e-06            0.2891
 8       6.586389e-07            0.2954
 9       1.983387e-07            0.3011
 10      6.071217e-08            0.3061
 11      1.883660e-08            0.3103
 12      5.907300e-09            0.3136
 13      1.867935e-09            0.3162
 14      5.943035e-10            0.3182
 15      1.899256e-10            0.3196
------------------------------------------------------
 Iterations:      16
 Final Rel. Res.: 1.899256e-10
 Asymptotic Rate: 0.317979 (Geom. Mean, last 4 iters)
======================================================

======================================================
  Refinement Level: 4
======================================================
 Mesh width (h):  6.2500e-02
 Total DOFs:      137313
 Spectral Radii:  0.33331
 GMRES Avg Iters: 10.00
------------------------------------------------------
  MG RESIDUAL DECAY
------------------------------------------------------
 Iter    Rel. Residual           Reduction Factor
------------------------------------------------------
 0       5.911559e-02            -----
 1       6.927168e-03            0.1172
 2       1.528113e-03            0.2206
 3       3.840936e-04            0.2514
 4       1.009463e-04            0.2628
 5       2.735050e-05            0.2709
 6       7.592083e-06            0.2776
 7       2.150685e-06            0.2833
 8       6.202210e-07            0.2884
 9       1.817682e-07            0.2931
 10      5.406246e-08            0.2974
 11      1.629823e-08            0.3015
 12      4.974119e-09            0.3052
 13      1.534890e-09            0.3086
 14      4.782740e-10            0.3116
 15      1.503091e-10            0.3143
------------------------------------------------------
 Iterations:      16
 Final Rel. Res.: 1.503091e-10
 Asymptotic Rate: 0.311475 (Geom. Mean, last 4 iters)
======================================================

======================================================
  Refinement Level: 5
======================================================
 Mesh width (h):  3.1250e-02
 Total DOFs:      1073345
 Spectral Radii:  0.338841
 GMRES Avg Iters: 10.00
------------------------------------------------------
  MG RESIDUAL DECAY
------------------------------------------------------
 Iter    Rel. Residual           Reduction Factor
------------------------------------------------------
 0       6.026772e-02            -----
 1       7.091622e-03            0.1177
 2       1.570793e-03            0.2215
 3       3.951410e-04            0.2516
 4       1.039958e-04            0.2632
 5       2.821018e-05            0.2713
 6       7.830455e-06            0.2776
 7       2.214297e-06            0.2828
 8       6.360342e-07            0.2872
 9       1.851999e-07            0.2912
 10      5.458528e-08            0.2947
 11      1.626629e-08            0.2980
 12      4.896349e-09            0.3010
 13      1.487573e-09            0.3038
 14      4.558268e-10            0.3064
 15      1.407876e-10            0.3089
------------------------------------------------------
 Iterations:      16
 Final Rel. Res.: 1.407876e-10
 Asymptotic Rate: 0.306359 (Geom. Mean, last 4 iters)
======================================================

