Device configuration: omp,cpu
Memory configuration: host-std
Loaded config: /cluster/home/rdabetic/decmg/configs/hcurl_3d_corner_structured_scaledid_v.json
=================================================
  Multigrid Convergence Test Configuration
=================================================
 Problem Type:    hcurl
 Mesh File:       meshes/3d/corner_structured.msh
 Output File:     out/scaledid/v/veclap/3d/corner_structured.csv
 MG Cycle Type:   V-Cycle
 Mass Lumping:    scaledid
 B-Conditions:    essential
 Max Refinement:  5
 Eigenvalues:     1 (Tol: 0.01)
 GMRES Benchmark: 8 runs (Tol: 1e-06, K-Dim: 20)
=================================================

======================================================
  Refinement Level: 1
======================================================
 Mesh width (h):  4.3301e-01
 Total DOFs:      4401
 Spectral Radii:  0.372599
 GMRES Avg Iters: 17.38
------------------------------------------------------
  MG RESIDUAL DECAY
------------------------------------------------------
 Iter    Rel. Residual           Reduction Factor
------------------------------------------------------
 0       6.116077e-02            -----
 1       9.215823e-03            0.1507
 2       2.355428e-03            0.2556
 3       6.949850e-04            0.2951
 4       2.158254e-04            0.3105
 5       6.853042e-05            0.3175
 6       2.207826e-05            0.3222
 7       7.196609e-06            0.3260
 8       2.370326e-06            0.3294
 9       7.883686e-07            0.3326
 10      2.647315e-07            0.3358
 11      8.975964e-08            0.3391
 12      3.073744e-08            0.3424
 13      1.063347e-08            0.3459
 14      3.716560e-09            0.3495
 15      1.312159e-09            0.3531
------------------------------------------------------
 Iterations:      16
 Final Rel. Res.: 1.312159e-09
 Asymptotic Rate: 0.349494 (Geom. Mean, last 4 iters)
======================================================

======================================================
  Refinement Level: 2
======================================================
 Mesh width (h):  2.1651e-01
 Total DOFs:      31841
 Spectral Radii:  0.433713
 GMRES Avg Iters: 19.00
------------------------------------------------------
  MG RESIDUAL DECAY
------------------------------------------------------
 Iter    Rel. Residual           Reduction Factor
------------------------------------------------------
 0       5.815087e-02            -----
 1       7.960585e-03            0.1369
 2       1.910550e-03            0.2400
 3       5.417626e-04            0.2836
 4       1.643121e-04            0.3033
 5       5.198440e-05            0.3164
 6       1.695946e-05            0.3262
 7       5.676749e-06            0.3347
 8       1.944054e-06            0.3425
 9       6.798590e-07            0.3497
 10      2.423508e-07            0.3565
 11      8.789310e-08            0.3627
 12      3.236278e-08            0.3682
 13      1.207172e-08            0.3730
 14      4.551717e-09            0.3771
 15      1.731255e-09            0.3804
------------------------------------------------------
 Iterations:      16
 Final Rel. Res.: 1.731255e-09
 Asymptotic Rate: 0.376795 (Geom. Mean, last 4 iters)
======================================================

======================================================
  Refinement Level: 3
======================================================
 Mesh width (h):  1.0825e-01
 Total DOFs:      241857
 Spectral Radii:  0.463723
 GMRES Avg Iters: 20.00
------------------------------------------------------
  MG RESIDUAL DECAY
------------------------------------------------------
 Iter    Rel. Residual           Reduction Factor
------------------------------------------------------
 0       5.807883e-02            -----
 1       7.607472e-03            0.1310
 2       1.777499e-03            0.2337
 3       4.909557e-04            0.2762
 4       1.466588e-04            0.2987
 5       4.607838e-05            0.3142
 6       1.514879e-05            0.3288
 7       5.184361e-06            0.3422
 8       1.845141e-06            0.3559
 9       6.801775e-07            0.3686
 10      2.587093e-07            0.3804
 11      1.010387e-07            0.3905
 12      4.034436e-08            0.3993
 13      1.640722e-08            0.4067
 14      6.775365e-09            0.4130
 15      2.834343e-09            0.4183
------------------------------------------------------
 Iterations:      16
 Final Rel. Res.: 2.834343e-09
 Asymptotic Rate: 0.412626 (Geom. Mean, last 4 iters)
======================================================

======================================================
  Refinement Level: 4
======================================================
 Mesh width (h):  5.4127e-02
 Total DOFs:      1884545
 Spectral Radii:  0.482678
 GMRES Avg Iters: 20.00
------------------------------------------------------
  MG RESIDUAL DECAY
------------------------------------------------------
 Iter    Rel. Residual           Reduction Factor
------------------------------------------------------
 0       5.796630e-02            -----
 1       7.344144e-03            0.1267
 2       1.676638e-03            0.2283
 3       4.529047e-04            0.2701
 4       1.314711e-04            0.2903
 5       4.062191e-05            0.3090
 6       1.328659e-05            0.3271
 7       4.636409e-06            0.3490
 8       1.722094e-06            0.3714
 9       6.777004e-07            0.3935
 10      2.788503e-07            0.4115
 11      1.185170e-07            0.4250
 12      5.147057e-08            0.4343
 13      2.268044e-08            0.4406
 14      1.009335e-08            0.4450
 15      4.524300e-09            0.4482
------------------------------------------------------
 Iterations:      16
 Final Rel. Res.: 4.524300e-09
 Asymptotic Rate: 0.444629 (Geom. Mean, last 4 iters)
======================================================

======================================================
  Refinement Level: 5
======================================================
 Mesh width (h):  2.7063e-02
 Total DOFs:      14877441
 Spectral Radii:  0.503573
 GMRES Avg Iters: 20.00
------------------------------------------------------
  MG RESIDUAL DECAY
------------------------------------------------------
 Iter    Rel. Residual           Reduction Factor
------------------------------------------------------
 0       5.797869e-02            -----
 1       7.173782e-03            0.1237
 2       1.600229e-03            0.2231
 3       4.184185e-04            0.2615
 4       1.170555e-04            0.2798
 5       3.440235e-05            0.2939
 6       1.063169e-05            0.3090
 7       3.484788e-06            0.3278
 8       1.226754e-06            0.3520
 9       4.671204e-07            0.3808
 10      1.904638e-07            0.4077
 11      8.189453e-08            0.4300
 12      3.641458e-08            0.4447
 13      1.656389e-08            0.4549
 14      7.641698e-09            0.4613
 15      3.563360e-09            0.4663
------------------------------------------------------
 Iterations:      16
 Final Rel. Res.: 3.563360e-09
 Asymptotic Rate: 0.460817 (Geom. Mean, last 4 iters)
======================================================

