Device configuration: omp,cpu
Memory configuration: host-std
Loaded config: /cluster/home/rdabetic/decmg/configs/hcurl_2d_circle_scaledid_v.json
=================================================
  Multigrid Convergence Test Configuration
=================================================
 Problem Type:    hcurl
 Mesh File:       meshes/2d/circle.msh
 Output File:     out/scaledid/v/veclap/2d/circle.csv
 MG Cycle Type:   V-Cycle
 Mass Lumping:    scaledid
 B-Conditions:    essential
 Max Refinement:  6
 Eigenvalues:     1 (Tol: 0.01)
 GMRES Benchmark: 8 runs (Tol: 1e-06, K-Dim: 20)
=================================================


Gmsh reader: all element attributes were zero.
MFEM only supports positive element attributes.
Setting element attributes to 1.

======================================================
  Refinement Level: 1
======================================================
 Mesh width (h):  1.8955e-01
 Total DOFs:      807
 Spectral Radii:  0.161439
 GMRES Avg Iters: 13.25
------------------------------------------------------
  MG RESIDUAL DECAY
------------------------------------------------------
 Iter    Rel. Residual           Reduction Factor
------------------------------------------------------
 0       8.475014e-02            -----
 1       9.778934e-03            0.1154
 2       1.249712e-03            0.1278
 3       1.612551e-04            0.1290
 4       2.120322e-05            0.1315
 5       3.075452e-06            0.1450
 6       4.897204e-07            0.1592
 7       7.839668e-08            0.1601
 8       1.183002e-08            0.1509
 9       1.812670e-09            0.1532
 10      2.802464e-10            0.1546
 11      4.248665e-11            0.1516
 12      6.525611e-12            0.1536
 13      1.026437e-12            0.1573
 14      1.611980e-13            0.1570
 15      2.429959e-14            0.1507
------------------------------------------------------
 Iterations:      16
 Final Rel. Res.: 2.429959e-14
 Asymptotic Rate: 0.154998 (Geom. Mean, last 4 iters)
======================================================

======================================================
  Refinement Level: 2
======================================================
 Mesh width (h):  9.4776e-02
 Total DOFs:      3133
 Spectral Radii:  0.230357
 GMRES Avg Iters: 14.00
------------------------------------------------------
  MG RESIDUAL DECAY
------------------------------------------------------
 Iter    Rel. Residual           Reduction Factor
------------------------------------------------------
 0       9.356983e-02            -----
 1       1.133547e-02            0.1211
 2       1.483614e-03            0.1309
 3       2.109490e-04            0.1422
 4       3.498631e-05            0.1659
 5       6.515049e-06            0.1862
 6       1.334295e-06            0.2048
 7       2.937576e-07            0.2202
 8       6.584161e-08            0.2241
 9       1.468323e-08            0.2230
 10      3.233367e-09            0.2202
 11      7.049125e-10            0.2180
 12      1.522316e-10            0.2160
 13      3.246456e-11            0.2133
 14      6.838676e-12            0.2107
 15      1.428236e-12            0.2088
------------------------------------------------------
 Iterations:      16
 Final Rel. Res.: 1.428236e-12
 Asymptotic Rate: 0.210911 (Geom. Mean, last 4 iters)
======================================================

======================================================
  Refinement Level: 3
======================================================
 Mesh width (h):  4.7388e-02
 Total DOFs:      12345
 Spectral Radii:  0.267922
 GMRES Avg Iters: 15.00
------------------------------------------------------
  MG RESIDUAL DECAY
------------------------------------------------------
 Iter    Rel. Residual           Reduction Factor
------------------------------------------------------
 0       9.930130e-02            -----
 1       1.184885e-02            0.1193
 2       1.533767e-03            0.1294
 3       2.260240e-04            0.1474
 4       3.603266e-05            0.1594
 5       6.291426e-06            0.1746
 6       1.259923e-06            0.2003
 7       2.874753e-07            0.2282
 8       7.141558e-08            0.2484
 9       1.831273e-08            0.2564
 10      4.732271e-09            0.2584
 11      1.229592e-09            0.2598
 12      3.202154e-10            0.2604
 13      8.326769e-11            0.2600
 14      2.158416e-11            0.2592
 15      5.568695e-12            0.2580
------------------------------------------------------
 Iterations:      16
 Final Rel. Res.: 5.568695e-12
 Asymptotic Rate: 0.259082 (Geom. Mean, last 4 iters)
======================================================

======================================================
  Refinement Level: 4
======================================================
 Mesh width (h):  2.3694e-02
 Total DOFs:      49009
 Spectral Radii:  0.292012
 GMRES Avg Iters: 15.00
------------------------------------------------------
  MG RESIDUAL DECAY
------------------------------------------------------
 Iter    Rel. Residual           Reduction Factor
------------------------------------------------------
 0       9.691318e-02            -----
 1       1.160488e-02            0.1197
 2       1.501680e-03            0.1294
 3       2.123577e-04            0.1414
 4       3.623753e-05            0.1706
 5       8.426571e-06            0.2325
 6       2.479966e-06            0.2943
 7       7.935649e-07            0.3200
 8       2.584230e-07            0.3256
 9       8.346969e-08            0.3230
 10      2.659899e-08            0.3187
 11      8.377565e-09            0.3150
 12      2.613043e-09            0.3119
 13      8.085576e-10            0.3094
 14      2.485861e-10            0.3074
 15      7.601417e-11            0.3058
------------------------------------------------------
 Iterations:      16
 Final Rel. Res.: 7.601417e-11
 Asymptotic Rate: 0.307550 (Geom. Mean, last 4 iters)
======================================================

======================================================
  Refinement Level: 5
======================================================
 Mesh width (h):  1.1847e-02
 Total DOFs:      195297
 Spectral Radii:  0.30863
 GMRES Avg Iters: 15.00
------------------------------------------------------
  MG RESIDUAL DECAY
------------------------------------------------------
 Iter    Rel. Residual           Reduction Factor
------------------------------------------------------
 0       9.834902e-02            -----
 1       1.187341e-02            0.1207
 2       1.539585e-03            0.1297
 3       2.161158e-04            0.1404
 4       3.516927e-05            0.1627
 5       7.108448e-06            0.2021
 6       1.793252e-06            0.2523
 7       5.162641e-07            0.2879
 8       1.573802e-07            0.3048
 9       4.913454e-08            0.3122
 10      1.553159e-08            0.3161
 11      4.946441e-09            0.3185
 12      1.582627e-09            0.3200
 13      5.074658e-10            0.3206
 14      1.627610e-10            0.3207
 15      5.215285e-11            0.3204
------------------------------------------------------
 Iterations:      16
 Final Rel. Res.: 5.215285e-11
 Asymptotic Rate: 0.320602 (Geom. Mean, last 4 iters)
======================================================

======================================================
  Refinement Level: 6
======================================================
 Mesh width (h):  5.9235e-03
 Total DOFs:      779713
 Spectral Radii:  0.320625
 GMRES Avg Iters: 15.00
------------------------------------------------------
  MG RESIDUAL DECAY
------------------------------------------------------
 Iter    Rel. Residual           Reduction Factor
------------------------------------------------------
 0       9.853509e-02            -----
 1       1.190836e-02            0.1209
 2       1.538649e-03            0.1292
 3       2.117749e-04            0.1376
 4       3.230463e-05            0.1525
 5       5.537403e-06            0.1714
 6       1.268971e-06            0.2292
 7       4.190283e-07            0.3302
 8       1.574208e-07            0.3757
 9       5.911527e-08            0.3755
 10      2.167476e-08            0.3667
 11      7.770776e-09            0.3585
 12      2.738971e-09            0.3525
 13      9.533191e-10            0.3481
 14      3.286931e-10            0.3448
 15      1.125198e-10            0.3423
------------------------------------------------------
 Iterations:      16
 Final Rel. Res.: 1.125198e-10
 Asymptotic Rate: 0.345049 (Geom. Mean, last 4 iters)
======================================================

