Device configuration: omp,cpu
Memory configuration: host-std
Loaded config: /cluster/home/rdabetic/decmg/configs/hcurl_2d_tria_barycentric_w.json
=================================================
  Multigrid Convergence Test Configuration
=================================================
 Problem Type:    hcurl
 Mesh File:       meshes/2d/tria.msh
 Output File:     out/barycentric/w/veclap/2d/tria.csv
 MG Cycle Type:   W-Cycle
 Mass Lumping:    barycentric
 B-Conditions:    essential
 Max Refinement:  6
 Eigenvalues:     1 (Tol: 0.01)
 GMRES Benchmark: 8 runs (Tol: 1e-06, K-Dim: 20)
=================================================


Gmsh reader: all element attributes were zero.
MFEM only supports positive element attributes.
Setting element attributes to 1.

======================================================
  Refinement Level: 1
======================================================
 Mesh width (h):  1.2500e-01
 Total DOFs:      153
 Spectral Radii:  0.227252
 GMRES Avg Iters: 8.00
------------------------------------------------------
  MG RESIDUAL DECAY
------------------------------------------------------
 Iter    Rel. Residual           Reduction Factor
------------------------------------------------------
 0       9.272778e-02            -----
 1       1.369990e-02            0.1477
 2       1.837548e-03            0.1341
 3       4.428225e-04            0.2410
 4       1.132925e-04            0.2558
 5       2.585181e-05            0.2282
 6       5.274057e-06            0.2040
 7       9.920174e-07            0.1881
 8       1.886200e-07            0.1901
 9       4.000210e-08            0.2121
 10      9.003456e-09            0.2251
 11      1.893892e-09            0.2104
 12      3.549381e-10            0.1874
 13      6.167655e-11            0.1738
 14      1.124236e-11            0.1823
 15      2.346382e-12            0.2087
------------------------------------------------------
 Iterations:      16
 Final Rel. Res.: 2.346382e-12
 Asymptotic Rate: 0.187679 (Geom. Mean, last 4 iters)
======================================================

======================================================
  Refinement Level: 2
======================================================
 Mesh width (h):  6.2500e-02
 Total DOFs:      561
 Spectral Radii:  0.24706
 GMRES Avg Iters: 8.00
------------------------------------------------------
  MG RESIDUAL DECAY
------------------------------------------------------
 Iter    Rel. Residual           Reduction Factor
------------------------------------------------------
 0       1.098853e-01            -----
 1       1.597111e-02            0.1453
 2       2.501597e-03            0.1566
 3       4.785219e-04            0.1913
 4       9.688511e-05            0.2025
 5       2.233306e-05            0.2305
 6       4.872528e-06            0.2182
 7       1.038151e-06            0.2131
 8       2.372200e-07            0.2285
 9       5.531668e-08            0.2332
 10      1.262913e-08            0.2283
 11      2.878573e-09            0.2279
 12      6.724865e-10            0.2336
 13      1.610536e-10            0.2395
 14      3.912892e-11            0.2430
 15      9.645625e-12            0.2465
------------------------------------------------------
 Iterations:      16
 Final Rel. Res.: 9.645625e-12
 Asymptotic Rate: 0.242968 (Geom. Mean, last 4 iters)
======================================================

======================================================
  Refinement Level: 3
======================================================
 Mesh width (h):  3.1250e-02
 Total DOFs:      2145
 Spectral Radii:  0.264478
 GMRES Avg Iters: 8.00
------------------------------------------------------
  MG RESIDUAL DECAY
------------------------------------------------------
 Iter    Rel. Residual           Reduction Factor
------------------------------------------------------
 0       1.129754e-01            -----
 1       1.542866e-02            0.1366
 2       2.570399e-03            0.1666
 3       5.211262e-04            0.2027
 4       1.154504e-04            0.2215
 5       2.554670e-05            0.2213
 6       5.717438e-06            0.2238
 7       1.334946e-06            0.2335
 8       3.157640e-07            0.2365
 9       7.407013e-08            0.2346
 10      1.755249e-08            0.2370
 11      4.264169e-09            0.2429
 12      1.057815e-09            0.2481
 13      2.660667e-10            0.2515
 14      6.767961e-11            0.2544
 15      1.739376e-11            0.2570
------------------------------------------------------
 Iterations:      16
 Final Rel. Res.: 1.739376e-11
 Asymptotic Rate: 0.254289 (Geom. Mean, last 4 iters)
======================================================

======================================================
  Refinement Level: 4
======================================================
 Mesh width (h):  1.5625e-02
 Total DOFs:      8385
 Spectral Radii:  0.270704
 GMRES Avg Iters: 8.00
------------------------------------------------------
  MG RESIDUAL DECAY
------------------------------------------------------
 Iter    Rel. Residual           Reduction Factor
------------------------------------------------------
 0       1.116770e-01            -----
 1       1.531609e-02            0.1371
 2       2.623308e-03            0.1713
 3       5.282564e-04            0.2014
 4       1.155456e-04            0.2187
 5       2.570327e-05            0.2225
 6       5.741959e-06            0.2234
 7       1.322224e-06            0.2303
 8       3.161742e-07            0.2391
 9       7.833171e-08            0.2477
 10      1.997953e-08            0.2551
 11      5.201213e-09            0.2603
 12      1.370927e-09            0.2636
 13      3.644437e-10            0.2658
 14      9.752029e-11            0.2676
 15      2.622871e-11            0.2690
------------------------------------------------------
 Iterations:      16
 Final Rel. Res.: 2.622871e-11
 Asymptotic Rate: 0.267457 (Geom. Mean, last 4 iters)
======================================================

======================================================
  Refinement Level: 5
======================================================
 Mesh width (h):  7.8125e-03
 Total DOFs:      33153
 Spectral Radii:  0.273196
 GMRES Avg Iters: 8.00
------------------------------------------------------
  MG RESIDUAL DECAY
------------------------------------------------------
 Iter    Rel. Residual           Reduction Factor
------------------------------------------------------
 0       1.106698e-01            -----
 1       1.553184e-02            0.1403
 2       2.637773e-03            0.1698
 3       5.367076e-04            0.2035
 4       1.145023e-04            0.2133
 5       2.502524e-05            0.2186
 6       5.510036e-06            0.2202
 7       1.254474e-06            0.2277
 8       2.958263e-07            0.2358
 9       7.141115e-08            0.2414
 10      1.760482e-08            0.2465
 11      4.421669e-09            0.2512
 12      1.127044e-09            0.2549
 13      2.908755e-10            0.2581
 14      7.584354e-11            0.2607
 15      1.993779e-11            0.2629
------------------------------------------------------
 Iterations:      16
 Final Rel. Res.: 1.993779e-11
 Asymptotic Rate: 0.260563 (Geom. Mean, last 4 iters)
======================================================

======================================================
  Refinement Level: 6
======================================================
 Mesh width (h):  3.9063e-03
 Total DOFs:      131841
 Spectral Radii:  0.27409
 GMRES Avg Iters: 8.00
------------------------------------------------------
  MG RESIDUAL DECAY
------------------------------------------------------
 Iter    Rel. Residual           Reduction Factor
------------------------------------------------------
 0       1.117670e-01            -----
 1       1.555737e-02            0.1392
 2       2.634506e-03            0.1693
 3       5.337782e-04            0.2026
 4       1.154674e-04            0.2163
 5       2.537786e-05            0.2198
 6       5.629625e-06            0.2218
 7       1.299481e-06            0.2308
 8       3.108480e-07            0.2392
 9       7.622741e-08            0.2452
 10      1.912698e-08            0.2509
 11      4.891912e-09            0.2558
 12      1.268805e-09            0.2594
 13      3.327508e-10            0.2623
 14      8.805333e-11            0.2646
 15      2.346535e-11            0.2665
------------------------------------------------------
 Iterations:      16
 Final Rel. Res.: 2.346535e-11
 Asymptotic Rate: 0.264450 (Geom. Mean, last 4 iters)
======================================================

