Device configuration: omp,cpu
Memory configuration: host-std
Loaded config: /cluster/home/rdabetic/decmg/configs/hcurl_2d_tria_rowsum_v.json
=================================================
  Multigrid Convergence Test Configuration
=================================================
 Problem Type:    hcurl
 Mesh File:       meshes/2d/tria.msh
 Output File:     out/rowsum/v/veclap/2d/tria.csv
 MG Cycle Type:   V-Cycle
 Mass Lumping:    rowsum
 B-Conditions:    essential
 Max Refinement:  6
 Eigenvalues:     1 (Tol: 0.01)
 GMRES Benchmark: 8 runs (Tol: 1e-06, K-Dim: 20)
=================================================


Gmsh reader: all element attributes were zero.
MFEM only supports positive element attributes.
Setting element attributes to 1.

======================================================
  Refinement Level: 1
======================================================
 Mesh width (h):  1.2500e-01
 Total DOFs:      153
 Spectral Radii:  0.169616
 GMRES Avg Iters: 8.00
------------------------------------------------------
  MG RESIDUAL DECAY
------------------------------------------------------
 Iter    Rel. Residual           Reduction Factor
------------------------------------------------------
 0       8.540579e-02            -----
 1       1.147254e-02            0.1343
 2       1.174327e-03            0.1024
 3       1.925597e-04            0.1640
 4       3.617889e-05            0.1879
 5       5.503934e-06            0.1521
 6       6.330479e-07            0.1150
 7       1.066205e-07            0.1684
 8       2.484796e-08            0.2331
 9       4.316817e-09            0.1737
 10      5.641357e-10            0.1307
 11      8.584829e-11            0.1522
 12      1.916604e-11            0.2233
 13      3.447279e-12            0.1799
 14      4.573868e-13            0.1327
 15      6.640080e-14            0.1452
------------------------------------------------------
 Iterations:      16
 Final Rel. Res.: 6.640080e-14
 Asymptotic Rate: 0.151314 (Geom. Mean, last 4 iters)
======================================================

======================================================
  Refinement Level: 2
======================================================
 Mesh width (h):  6.2500e-02
 Total DOFs:      561
 Spectral Radii:  0.192057
 GMRES Avg Iters: 8.00
------------------------------------------------------
  MG RESIDUAL DECAY
------------------------------------------------------
 Iter    Rel. Residual           Reduction Factor
------------------------------------------------------
 0       1.012232e-01            -----
 1       1.323963e-02            0.1308
 2       1.849874e-03            0.1397
 3       2.874978e-04            0.1554
 4       4.137367e-05            0.1439
 5       7.193512e-06            0.1739
 6       1.185295e-06            0.1648
 7       2.003927e-07            0.1691
 8       3.386961e-08            0.1690
 9       5.873703e-09            0.1734
 10      1.085730e-09            0.1848
 11      2.100422e-10            0.1935
 12      4.142601e-11            0.1972
 13      8.239032e-12            0.1989
 14      1.633856e-12            0.1983
 15      3.197709e-13            0.1957
------------------------------------------------------
 Iterations:      16
 Final Rel. Res.: 3.197709e-13
 Asymptotic Rate: 0.197631 (Geom. Mean, last 4 iters)
======================================================

======================================================
  Refinement Level: 3
======================================================
 Mesh width (h):  3.1250e-02
 Total DOFs:      2145
 Spectral Radii:  0.209652
 GMRES Avg Iters: 8.00
------------------------------------------------------
  MG RESIDUAL DECAY
------------------------------------------------------
 Iter    Rel. Residual           Reduction Factor
------------------------------------------------------
 0       1.031174e-01            -----
 1       1.280728e-02            0.1242
 2       1.714496e-03            0.1339
 3       2.559856e-04            0.1493
 4       4.247709e-05            0.1659
 5       6.961218e-06            0.1639
 6       1.178534e-06            0.1693
 7       2.087234e-07            0.1771
 8       3.910860e-08            0.1874
 9       7.895548e-09            0.2019
 10      1.606810e-09            0.2035
 11      3.199641e-10            0.1991
 12      6.276708e-11            0.1962
 13      1.226077e-11            0.1953
 14      2.415419e-12            0.1970
 15      4.827085e-13            0.1998
------------------------------------------------------
 Iterations:      16
 Final Rel. Res.: 4.827085e-13
 Asymptotic Rate: 0.197387 (Geom. Mean, last 4 iters)
======================================================

======================================================
  Refinement Level: 4
======================================================
 Mesh width (h):  1.5625e-02
 Total DOFs:      8385
 Spectral Radii:  0.219748
 GMRES Avg Iters: 8.00
------------------------------------------------------
  MG RESIDUAL DECAY
------------------------------------------------------
 Iter    Rel. Residual           Reduction Factor
------------------------------------------------------
 0       1.019514e-01            -----
 1       1.252911e-02            0.1229
 2       1.683542e-03            0.1344
 3       2.519062e-04            0.1496
 4       4.048852e-05            0.1607
 5       6.747820e-06            0.1667
 6       1.155307e-06            0.1712
 7       2.089458e-07            0.1809
 8       3.918357e-08            0.1875
 9       7.521941e-09            0.1920
 10      1.479040e-09            0.1966
 11      2.987789e-10            0.2020
 12      6.132472e-11            0.2053
 13      1.271464e-11            0.2073
 14      2.680641e-12            0.2108
 15      5.756037e-13            0.2147
------------------------------------------------------
 Iterations:      16
 Final Rel. Res.: 5.756037e-13
 Asymptotic Rate: 0.210942 (Geom. Mean, last 4 iters)
======================================================

======================================================
  Refinement Level: 5
======================================================
 Mesh width (h):  7.8125e-03
 Total DOFs:      33153
 Spectral Radii:  0.226936
 GMRES Avg Iters: 8.00
------------------------------------------------------
  MG RESIDUAL DECAY
------------------------------------------------------
 Iter    Rel. Residual           Reduction Factor
------------------------------------------------------
 0       1.007974e-01            -----
 1       1.267106e-02            0.1257
 2       1.720185e-03            0.1358
 3       2.546358e-04            0.1480
 4       4.053708e-05            0.1592
 5       6.887183e-06            0.1699
 6       1.223760e-06            0.1777
 7       2.236686e-07            0.1828
 8       4.235892e-08            0.1894
 9       8.217261e-09            0.1940
 10      1.621632e-09            0.1973
 11      3.239102e-10            0.1997
 12      6.484589e-11            0.2002
 13      1.298305e-11            0.2002
 14      2.602242e-12            0.2004
 15      5.242612e-13            0.2015
------------------------------------------------------
 Iterations:      16
 Final Rel. Res.: 5.242612e-13
 Asymptotic Rate: 0.200704 (Geom. Mean, last 4 iters)
======================================================

======================================================
  Refinement Level: 6
======================================================
 Mesh width (h):  3.9063e-03
 Total DOFs:      131841
 Spectral Radii:  0.23195
 GMRES Avg Iters: 8.00
------------------------------------------------------
  MG RESIDUAL DECAY
------------------------------------------------------
 Iter    Rel. Residual           Reduction Factor
------------------------------------------------------
 0       1.016879e-01            -----
 1       1.264897e-02            0.1244
 2       1.710758e-03            0.1352
 3       2.513903e-04            0.1469
 4       4.044885e-05            0.1609
 5       6.791743e-06            0.1679
 6       1.193580e-06            0.1757
 7       2.210527e-07            0.1852
 8       4.191676e-08            0.1896
 9       8.145495e-09            0.1943
 10      1.611743e-09            0.1979
 11      3.241332e-10            0.2011
 12      6.640933e-11            0.2049
 13      1.383524e-11            0.2083
 14      2.909811e-12            0.2103
 15      6.133805e-13            0.2108
------------------------------------------------------
 Iterations:      16
 Final Rel. Res.: 6.133805e-13
 Asymptotic Rate: 0.209814 (Geom. Mean, last 4 iters)
======================================================

