Device configuration: omp,cpu
Memory configuration: host-std
Loaded config: /cluster/home/rdabetic/decmg/configs/hcurl_3d_corner_rowsum_w.json
=================================================
  Multigrid Convergence Test Configuration
=================================================
 Problem Type:    hcurl
 Mesh File:       meshes/3d/corner.msh
 Output File:     out/rowsum/w/veclap/3d/corner.csv
 MG Cycle Type:   W-Cycle
 Mass Lumping:    rowsum
 B-Conditions:    essential
 Max Refinement:  5
 Eigenvalues:     1 (Tol: 0.01)
 GMRES Benchmark: 8 runs (Tol: 1e-06, K-Dim: 20)
=================================================

======================================================
  Refinement Level: 1
======================================================
 Mesh width (h):  5.0000e-01
 Total DOFs:      545
 Spectral Radii:  0.364967
 GMRES Avg Iters: 14.00
------------------------------------------------------
  MG RESIDUAL DECAY
------------------------------------------------------
 Iter    Rel. Residual           Reduction Factor
------------------------------------------------------
 0       5.589777e-02            -----
 1       9.285588e-03            0.1661
 2       2.357208e-03            0.2539
 3       7.528200e-04            0.3194
 4       2.438368e-04            0.3239
 5       8.363931e-05            0.3430
 6       2.920764e-05            0.3492
 7       1.035050e-05            0.3544
 8       3.693898e-06            0.3569
 9       1.325274e-06            0.3588
 10      4.771965e-07            0.3601
 11      1.723023e-07            0.3611
 12      6.234454e-08            0.3618
 13      2.259494e-08            0.3624
 14      8.199186e-09            0.3629
 15      2.978212e-09            0.3632
------------------------------------------------------
 Iterations:      16
 Final Rel. Res.: 2.978212e-09
 Asymptotic Rate: 0.362843 (Geom. Mean, last 4 iters)
======================================================

======================================================
  Refinement Level: 2
======================================================
 Mesh width (h):  2.5000e-01
 Total DOFs:      3681
 Spectral Radii:  0.385561
 GMRES Avg Iters: 15.75
------------------------------------------------------
  MG RESIDUAL DECAY
------------------------------------------------------
 Iter    Rel. Residual           Reduction Factor
------------------------------------------------------
 0       5.318131e-02            -----
 1       8.472141e-03            0.1593
 2       2.061997e-03            0.2434
 3       6.237971e-04            0.3025
 4       2.027152e-04            0.3250
 5       6.805403e-05            0.3357
 6       2.329708e-05            0.3423
 7       8.096888e-06            0.3475
 8       2.847764e-06            0.3517
 9       1.011139e-06            0.3551
 10      3.617634e-07            0.3578
 11      1.302357e-07            0.3600
 12      4.712638e-08            0.3619
 13      1.712693e-08            0.3634
 14      6.247609e-09            0.3648
 15      2.286488e-09            0.3660
------------------------------------------------------
 Iterations:      16
 Final Rel. Res.: 2.286488e-09
 Asymptotic Rate: 0.364727 (Geom. Mean, last 4 iters)
======================================================

======================================================
  Refinement Level: 3
======================================================
 Mesh width (h):  1.2500e-01
 Total DOFs:      26945
 Spectral Radii:  0.389796
 GMRES Avg Iters: 17.00
------------------------------------------------------
  MG RESIDUAL DECAY
------------------------------------------------------
 Iter    Rel. Residual           Reduction Factor
------------------------------------------------------
 0       5.599748e-02            -----
 1       7.776285e-03            0.1389
 2       1.883700e-03            0.2422
 3       5.326872e-04            0.2828
 4       1.609950e-04            0.3022
 5       5.068526e-05            0.3148
 6       1.642975e-05            0.3242
 7       5.448986e-06            0.3317
 8       1.840541e-06            0.3378
 9       6.309135e-07            0.3428
 10      2.188578e-07            0.3469
 11      7.666157e-08            0.3503
 12      2.707122e-08            0.3531
 13      9.625677e-09            0.3556
 14      3.443253e-09            0.3577
 15      1.238357e-09            0.3596
------------------------------------------------------
 Iterations:      16
 Final Rel. Res.: 1.238357e-09
 Asymptotic Rate: 0.357640 (Geom. Mean, last 4 iters)
======================================================

======================================================
  Refinement Level: 4
======================================================
 Mesh width (h):  6.2500e-02
 Total DOFs:      205953
 Spectral Radii:  0.390213
 GMRES Avg Iters: 17.00
------------------------------------------------------
  MG RESIDUAL DECAY
------------------------------------------------------
 Iter    Rel. Residual           Reduction Factor
------------------------------------------------------
 0       5.823997e-02            -----
 1       7.606325e-03            0.1306
 2       1.751786e-03            0.2303
 3       4.779587e-04            0.2728
 4       1.401400e-04            0.2932
 5       4.303346e-05            0.3071
 6       1.366600e-05            0.3176
 7       4.455046e-06            0.3260
 8       1.483496e-06            0.3330
 9       5.027435e-07            0.3389
 10      1.728924e-07            0.3439
 11      6.019574e-08            0.3482
 12      2.117868e-08            0.3518
 13      7.518132e-09            0.3550
 14      2.689388e-09            0.3577
 15      9.684562e-10            0.3601
------------------------------------------------------
 Iterations:      16
 Final Rel. Res.: 9.684562e-10
 Asymptotic Rate: 0.357597 (Geom. Mean, last 4 iters)
======================================================

======================================================
  Refinement Level: 5
======================================================
 Mesh width (h):  3.1250e-02
 Total DOFs:      1609985
 Spectral Radii:  0.390178
 GMRES Avg Iters: 17.00
------------------------------------------------------
  MG RESIDUAL DECAY
------------------------------------------------------
 Iter    Rel. Residual           Reduction Factor
------------------------------------------------------
 0       5.949851e-02            -----
 1       7.519861e-03            0.1264
 2       1.697387e-03            0.2257
 3       4.533461e-04            0.2671
 4       1.299020e-04            0.2865
 5       3.892325e-05            0.2996
 6       1.204484e-05            0.3095
 7       3.821808e-06            0.3173
 8       1.237900e-06            0.3239
 9       4.081120e-07            0.3297
 10      1.366600e-07            0.3349
 11      4.640515e-08            0.3396
 12      1.595756e-08            0.3439
 13      5.550405e-09            0.3478
 14      1.950599e-09            0.3514
 15      6.919190e-10            0.3547
------------------------------------------------------
 Iterations:      16
 Final Rel. Res.: 6.919190e-10
 Asymptotic Rate: 0.351315 (Geom. Mean, last 4 iters)
======================================================

