Device configuration: omp,cpu
Memory configuration: host-std
Loaded config: /cluster/home/rdabetic/decmg/configs/hcurl_3d_corner_structured_scaledid_w.json
=================================================
  Multigrid Convergence Test Configuration
=================================================
 Problem Type:    hcurl
 Mesh File:       meshes/3d/corner_structured.msh
 Output File:     out/scaledid/w/veclap/3d/corner_structured.csv
 MG Cycle Type:   W-Cycle
 Mass Lumping:    scaledid
 B-Conditions:    essential
 Max Refinement:  5
 Eigenvalues:     1 (Tol: 0.01)
 GMRES Benchmark: 8 runs (Tol: 1e-06, K-Dim: 20)
=================================================

======================================================
  Refinement Level: 1
======================================================
 Mesh width (h):  4.3301e-01
 Total DOFs:      4401
 Spectral Radii:  0.372599
 GMRES Avg Iters: 17.38
------------------------------------------------------
  MG RESIDUAL DECAY
------------------------------------------------------
 Iter    Rel. Residual           Reduction Factor
------------------------------------------------------
 0       6.116077e-02            -----
 1       9.215823e-03            0.1507
 2       2.355428e-03            0.2556
 3       6.949850e-04            0.2951
 4       2.158254e-04            0.3105
 5       6.853042e-05            0.3175
 6       2.207826e-05            0.3222
 7       7.196609e-06            0.3260
 8       2.370326e-06            0.3294
 9       7.883686e-07            0.3326
 10      2.647315e-07            0.3358
 11      8.975964e-08            0.3391
 12      3.073744e-08            0.3424
 13      1.063347e-08            0.3459
 14      3.716560e-09            0.3495
 15      1.312159e-09            0.3531
------------------------------------------------------
 Iterations:      16
 Final Rel. Res.: 1.312159e-09
 Asymptotic Rate: 0.349494 (Geom. Mean, last 4 iters)
======================================================

======================================================
  Refinement Level: 2
======================================================
 Mesh width (h):  2.1651e-01
 Total DOFs:      31841
 Spectral Radii:  0.394618
 GMRES Avg Iters: 19.00
------------------------------------------------------
  MG RESIDUAL DECAY
------------------------------------------------------
 Iter    Rel. Residual           Reduction Factor
------------------------------------------------------
 0       5.819058e-02            -----
 1       7.959006e-03            0.1368
 2       1.866730e-03            0.2345
 3       5.129559e-04            0.2748
 4       1.503226e-04            0.2931
 5       4.589667e-05            0.3053
 6       1.443884e-05            0.3146
 7       4.657373e-06            0.3226
 8       1.536471e-06            0.3299
 9       5.178027e-07            0.3370
 10      1.781513e-07            0.3441
 11      6.254170e-08            0.3511
 12      2.238522e-08            0.3579
 13      8.158470e-09            0.3645
 14      3.022276e-09            0.3704
 15      1.135524e-09            0.3757
------------------------------------------------------
 Iterations:      16
 Final Rel. Res.: 1.135524e-09
 Asymptotic Rate: 0.370179 (Geom. Mean, last 4 iters)
======================================================

======================================================
  Refinement Level: 3
======================================================
 Mesh width (h):  1.0825e-01
 Total DOFs:      241857
 Spectral Radii:  0.400156
 GMRES Avg Iters: 19.00
------------------------------------------------------
  MG RESIDUAL DECAY
------------------------------------------------------
 Iter    Rel. Residual           Reduction Factor
------------------------------------------------------
 0       5.814427e-02            -----
 1       7.628383e-03            0.1312
 2       1.733303e-03            0.2272
 3       4.612730e-04            0.2661
 4       1.306829e-04            0.2833
 5       3.842795e-05            0.2941
 6       1.160804e-05            0.3021
 7       3.581204e-06            0.3085
 8       1.124458e-06            0.3140
 9       3.585951e-07            0.3189
 10      1.160282e-07            0.3236
 11      3.808049e-08            0.3282
 12      1.268015e-08            0.3330
 13      4.285922e-09            0.3380
 14      1.471221e-09            0.3433
 15      5.130253e-10            0.3487
------------------------------------------------------
 Iterations:      16
 Final Rel. Res.: 5.130253e-10
 Asymptotic Rate: 0.343298 (Geom. Mean, last 4 iters)
======================================================

======================================================
  Refinement Level: 4
======================================================
 Mesh width (h):  5.4127e-02
 Total DOFs:      1884545
 Spectral Radii:  0.402351
 GMRES Avg Iters: 20.00
------------------------------------------------------
  MG RESIDUAL DECAY
------------------------------------------------------
 Iter    Rel. Residual           Reduction Factor
------------------------------------------------------
 0       5.801458e-02            -----
 1       7.361838e-03            0.1269
 2       1.633813e-03            0.2219
 3       4.233264e-04            0.2591
 4       1.165305e-04            0.2753
 5       3.334643e-05            0.2862
 6       9.823719e-06            0.2946
 7       2.964733e-06            0.3018
 8       9.144265e-07            0.3084
 9       2.880670e-07            0.3150
 10      9.274781e-08            0.3220
 11      3.056625e-08            0.3296
 12      1.032965e-08            0.3379
 13      3.584123e-09            0.3470
 14      1.276831e-09            0.3562
 15      4.662684e-10            0.3652
------------------------------------------------------
 Iterations:      16
 Final Rel. Res.: 4.662684e-10
 Asymptotic Rate: 0.356055 (Geom. Mean, last 4 iters)
======================================================

======================================================
  Refinement Level: 5
======================================================
 Mesh width (h):  2.7063e-02
 Total DOFs:      14877441
 Spectral Radii:  0.403596
 GMRES Avg Iters: 20.00
------------------------------------------------------
  MG RESIDUAL DECAY
------------------------------------------------------
 Iter    Rel. Residual           Reduction Factor
------------------------------------------------------
 0       5.801987e-02            -----
 1       7.179847e-03            0.1237
 2       1.558274e-03            0.2170
 3       3.944212e-04            0.2531
 4       1.060613e-04            0.2689
 5       2.962217e-05            0.2793
 6       8.509765e-06            0.2873
 7       2.500515e-06            0.2938
 8       7.488175e-07            0.2995
 9       2.279747e-07            0.3044
 10      7.045455e-08            0.3090
 11      2.208951e-08            0.3135
 12      7.028488e-09            0.3182
 13      2.272381e-09            0.3233
 14      7.480719e-10            0.3292
 15      2.513979e-10            0.3361
------------------------------------------------------
 Iterations:      16
 Final Rel. Res.: 2.513979e-10
 Asymptotic Rate: 0.329483 (Geom. Mean, last 4 iters)
======================================================

