Device configuration: omp,cpu
Memory configuration: host-std
Loaded config: /cluster/home/rdabetic/decmg/configs/hcurl_3d_corner_scaledid_v.json
=================================================
  Multigrid Convergence Test Configuration
=================================================
 Problem Type:    hcurl
 Mesh File:       meshes/3d/corner.msh
 Output File:     out/scaledid/v/veclap/3d/corner.csv
 MG Cycle Type:   V-Cycle
 Mass Lumping:    scaledid
 B-Conditions:    essential
 Max Refinement:  5
 Eigenvalues:     1 (Tol: 0.01)
 GMRES Benchmark: 8 runs (Tol: 1e-06, K-Dim: 20)
=================================================

======================================================
  Refinement Level: 1
======================================================
 Mesh width (h):  5.0000e-01
 Total DOFs:      545
 Spectral Radii:  0.327499
 GMRES Avg Iters: 19.75
------------------------------------------------------
  MG RESIDUAL DECAY
------------------------------------------------------
 Iter    Rel. Residual           Reduction Factor
------------------------------------------------------
 0       5.742458e-02            -----
 1       7.956198e-03            0.1386
 2       1.517544e-03            0.1907
 3       3.521646e-04            0.2321
 4       9.092344e-05            0.2582
 5       2.506218e-05            0.2756
 6       7.238658e-06            0.2888
 7       2.146312e-06            0.2965
 8       6.453979e-07            0.3007
 9       1.955475e-07            0.3030
 10      5.951237e-08            0.3043
 11      1.816600e-08            0.3052
 12      5.557912e-09            0.3060
 13      1.703748e-09            0.3065
 14      5.231551e-10            0.3071
 15      1.608760e-10            0.3075
------------------------------------------------------
 Iterations:      16
 Final Rel. Res.: 1.608760e-10
 Asymptotic Rate: 0.307039 (Geom. Mean, last 4 iters)
======================================================

======================================================
  Refinement Level: 2
======================================================
 Mesh width (h):  2.5000e-01
 Total DOFs:      3681
 Spectral Radii:  0.390659
 GMRES Avg Iters: 25.12
------------------------------------------------------
  MG RESIDUAL DECAY
------------------------------------------------------
 Iter    Rel. Residual           Reduction Factor
------------------------------------------------------
 0       5.742146e-02            -----
 1       7.833869e-03            0.1364
 2       1.868326e-03            0.2385
 3       5.204173e-04            0.2785
 4       1.541032e-04            0.2961
 5       4.748337e-05            0.3081
 6       1.511002e-05            0.3182
 7       4.955973e-06            0.3280
 8       1.672101e-06            0.3374
 9       5.784823e-07            0.3460
 10      2.043986e-07            0.3533
 11      7.346236e-08            0.3594
 12      2.676141e-08            0.3643
 13      9.853205e-09            0.3682
 14      3.658777e-09            0.3713
 15      1.368014e-09            0.3739
------------------------------------------------------
 Iterations:      16
 Final Rel. Res.: 1.368014e-09
 Asymptotic Rate: 0.371131 (Geom. Mean, last 4 iters)
======================================================

======================================================
  Refinement Level: 3
======================================================
 Mesh width (h):  1.2500e-01
 Total DOFs:      26945
 Spectral Radii:  0.452544
 GMRES Avg Iters: 28.00
------------------------------------------------------
  MG RESIDUAL DECAY
------------------------------------------------------
 Iter    Rel. Residual           Reduction Factor
------------------------------------------------------
 0       5.879926e-02            -----
 1       7.498210e-03            0.1275
 2       1.687890e-03            0.2251
 3       4.407872e-04            0.2611
 4       1.215381e-04            0.2757
 5       3.485815e-05            0.2868
 6       1.037499e-05            0.2976
 7       3.214128e-06            0.3098
 8       1.040483e-06            0.3237
 9       3.529990e-07            0.3393
 10      1.254423e-07            0.3554
 11      4.648047e-08            0.3705
 12      1.783099e-08            0.3836
 13      7.030358e-09            0.3943
 14      2.831739e-09            0.4028
 15      1.160167e-09            0.4097
------------------------------------------------------
 Iterations:      16
 Final Rel. Res.: 1.160167e-09
 Asymptotic Rate: 0.402206 (Geom. Mean, last 4 iters)
======================================================

======================================================
  Refinement Level: 4
======================================================
 Mesh width (h):  6.2500e-02
 Total DOFs:      205953
 Spectral Radii:  0.494641
 GMRES Avg Iters: 29.00
------------------------------------------------------
  MG RESIDUAL DECAY
------------------------------------------------------
 Iter    Rel. Residual           Reduction Factor
------------------------------------------------------
 0       5.809432e-02            -----
 1       7.272835e-03            0.1252
 2       1.620360e-03            0.2228
 3       4.163277e-04            0.2569
 4       1.136299e-04            0.2729
 5       3.243721e-05            0.2855
 6       9.701357e-06            0.2991
 7       3.071492e-06            0.3166
 8       1.046467e-06            0.3407
 9       3.885332e-07            0.3713
 10      1.569069e-07            0.4038
 11      6.775619e-08            0.4318
 12      3.062467e-08            0.4520
 13      1.424315e-08            0.4651
 14      6.742180e-09            0.4734
 15      3.227425e-09            0.4787
------------------------------------------------------
 Iterations:      16
 Final Rel. Res.: 3.227425e-09
 Asymptotic Rate: 0.472347 (Geom. Mean, last 4 iters)
======================================================

======================================================
  Refinement Level: 5
======================================================
 Mesh width (h):  3.1250e-02
 Total DOFs:      1609985
 Spectral Radii:  0.523916
 GMRES Avg Iters: 29.00
------------------------------------------------------
  MG RESIDUAL DECAY
------------------------------------------------------
 Iter    Rel. Residual           Reduction Factor
------------------------------------------------------
 0       5.810167e-02            -----
 1       7.060497e-03            0.1215
 2       1.548988e-03            0.2194
 3       3.931138e-04            0.2538
 4       1.058216e-04            0.2692
 5       2.965601e-05            0.2802
 6       8.636116e-06            0.2912
 7       2.637607e-06            0.3054
 8       8.649187e-07            0.3279
 9       3.149222e-07            0.3641
 10      1.296340e-07            0.4116
 11      5.911213e-08            0.4560
 12      2.870793e-08            0.4857
 13      1.440196e-08            0.5017
 14      7.340662e-09            0.5097
 15      3.771753e-09            0.5138
------------------------------------------------------
 Iterations:      16
 Final Rel. Res.: 3.771753e-09
 Asymptotic Rate: 0.508371 (Geom. Mean, last 4 iters)
======================================================

