Device configuration: omp,cpu
Memory configuration: host-std
Loaded config: /cluster/home/rdabetic/decmg/configs/hcurl_3d_cube_rowsum_w.json
=================================================
  Multigrid Convergence Test Configuration
=================================================
 Problem Type:    hcurl
 Mesh File:       meshes/3d/cube.msh
 Output File:     out/rowsum/w/veclap/3d/cube.csv
 MG Cycle Type:   W-Cycle
 Mass Lumping:    rowsum
 B-Conditions:    essential
 Max Refinement:  5
 Eigenvalues:     1 (Tol: 0.01)
 GMRES Benchmark: 8 runs (Tol: 1e-06, K-Dim: 20)
=================================================

======================================================
  Refinement Level: 1
======================================================
 Mesh width (h):  5.0000e-01
 Total DOFs:      365
 Spectral Radii:  0.286327
 GMRES Avg Iters: 9.00
------------------------------------------------------
  MG RESIDUAL DECAY
------------------------------------------------------
 Iter    Rel. Residual           Reduction Factor
------------------------------------------------------
 0       6.885969e-02            -----
 1       7.062999e-03            0.1026
 2       8.870487e-04            0.1256
 3       2.509553e-04            0.2829
 4       7.460729e-05            0.2973
 5       2.124373e-05            0.2847
 6       6.019492e-06            0.2834
 7       1.706487e-06            0.2835
 8       4.850173e-07            0.2842
 9       1.381775e-07            0.2849
 10      3.943676e-08            0.2854
 11      1.127082e-08            0.2858
 12      3.224310e-09            0.2861
 13      9.230120e-10            0.2863
 14      2.643381e-10            0.2864
 15      7.572087e-11            0.2865
------------------------------------------------------
 Iterations:      16
 Final Rel. Res.: 7.572087e-11
 Asymptotic Rate: 0.286369 (Geom. Mean, last 4 iters)
======================================================

======================================================
  Refinement Level: 2
======================================================
 Mesh width (h):  2.5000e-01
 Total DOFs:      2457
 Spectral Radii:  0.283547
 GMRES Avg Iters: 9.50
------------------------------------------------------
  MG RESIDUAL DECAY
------------------------------------------------------
 Iter    Rel. Residual           Reduction Factor
------------------------------------------------------
 0       5.710585e-02            -----
 1       7.889997e-03            0.1382
 2       1.766867e-03            0.2239
 3       4.431362e-04            0.2508
 4       1.134454e-04            0.2560
 5       2.996515e-05            0.2641
 6       8.051280e-06            0.2687
 7       2.189029e-06            0.2719
 8       5.993845e-07            0.2738
 9       1.647607e-07            0.2749
 10      4.537013e-08            0.2754
 11      1.249901e-08            0.2755
 12      3.442048e-09            0.2754
 13      9.470940e-10            0.2752
 14      2.603175e-10            0.2749
 15      7.146858e-11            0.2745
------------------------------------------------------
 Iterations:      16
 Final Rel. Res.: 7.146858e-11
 Asymptotic Rate: 0.274852 (Geom. Mean, last 4 iters)
======================================================

======================================================
  Refinement Level: 3
======================================================
 Mesh width (h):  1.2500e-01
 Total DOFs:      17969
 Spectral Radii:  0.282009
 GMRES Avg Iters: 10.00
------------------------------------------------------
  MG RESIDUAL DECAY
------------------------------------------------------
 Iter    Rel. Residual           Reduction Factor
------------------------------------------------------
 0       5.772403e-02            -----
 1       6.735170e-03            0.1167
 2       1.453225e-03            0.2158
 3       3.520719e-04            0.2423
 4       8.884223e-05            0.2523
 5       2.299392e-05            0.2588
 6       6.052919e-06            0.2632
 7       1.611872e-06            0.2663
 8       4.328171e-07            0.2685
 9       1.169692e-07            0.2703
 10      3.178107e-08            0.2717
 11      8.675991e-09            0.2730
 12      2.378682e-09            0.2742
 13      6.547403e-10            0.2753
 14      1.808742e-10            0.2763
 15      5.013244e-11            0.2772
------------------------------------------------------
 Iterations:      16
 Final Rel. Res.: 5.013244e-11
 Asymptotic Rate: 0.276224 (Geom. Mean, last 4 iters)
======================================================

======================================================
  Refinement Level: 4
======================================================
 Mesh width (h):  6.2500e-02
 Total DOFs:      137313
 Spectral Radii:  0.284913
 GMRES Avg Iters: 10.00
------------------------------------------------------
  MG RESIDUAL DECAY
------------------------------------------------------
 Iter    Rel. Residual           Reduction Factor
------------------------------------------------------
 0       5.917503e-02            -----
 1       6.910673e-03            0.1168
 2       1.480577e-03            0.2142
 3       3.579326e-04            0.2418
 4       8.991584e-05            0.2512
 5       2.312750e-05            0.2572
 6       6.045552e-06            0.2614
 7       1.598811e-06            0.2645
 8       4.264815e-07            0.2667
 9       1.145139e-07            0.2685
 10      3.090720e-08            0.2699
 11      8.376806e-09            0.2710
 12      2.278313e-09            0.2720
 13      6.215148e-10            0.2728
 14      1.699975e-10            0.2735
 15      4.661022e-11            0.2742
------------------------------------------------------
 Iterations:      16
 Final Rel. Res.: 4.661022e-11
 Asymptotic Rate: 0.273499 (Geom. Mean, last 4 iters)
======================================================

======================================================
  Refinement Level: 5
======================================================
 Mesh width (h):  3.1250e-02
 Total DOFs:      1073345
 Spectral Radii:  0.287085
 GMRES Avg Iters: 10.00
------------------------------------------------------
  MG RESIDUAL DECAY
------------------------------------------------------
 Iter    Rel. Residual           Reduction Factor
------------------------------------------------------
 0       6.029055e-02            -----
 1       7.071937e-03            0.1173
 2       1.521086e-03            0.2151
 3       3.670235e-04            0.2413
 4       9.204481e-05            0.2508
 5       2.366261e-05            0.2571
 6       6.188235e-06            0.2615
 7       1.638534e-06            0.2648
 8       4.378622e-07            0.2672
 9       1.178380e-07            0.2691
 10      3.189032e-08            0.2706
 11      8.669611e-09            0.2719
 12      2.365745e-09            0.2729
 13      6.475955e-10            0.2737
 14      1.777474e-10            0.2745
 15      4.889939e-11            0.2751
------------------------------------------------------
 Iterations:      16
 Final Rel. Res.: 4.889939e-11
 Asymptotic Rate: 0.274439 (Geom. Mean, last 4 iters)
======================================================

