Device configuration: omp,cpu
Memory configuration: host-std
Loaded config: /cluster/home/rdabetic/decmg/configs/hcurl_2d_two_holes_scaledid_v.json
=================================================
  Multigrid Convergence Test Configuration
=================================================
 Problem Type:    hcurl
 Mesh File:       meshes/2d/two_holes.msh
 Output File:     out/scaledid/v/veclap/2d/two_holes.csv
 MG Cycle Type:   V-Cycle
 Mass Lumping:    scaledid
 B-Conditions:    essential
 Max Refinement:  6
 Eigenvalues:     3 (Tol: 0.01)
 GMRES Benchmark: 8 runs (Tol: 1e-06, K-Dim: 20)
=================================================


Gmsh reader: all element attributes were zero.
MFEM only supports positive element attributes.
Setting element attributes to 1.

======================================================
  Refinement Level: 1
======================================================
 Mesh width (h):  9.9615e-02
 Total DOFs:      2403
 Spectral Radii:  1 1 0.18278
 GMRES Avg Iters: 12.00
------------------------------------------------------
  MG RESIDUAL DECAY
------------------------------------------------------
 Iter    Rel. Residual           Reduction Factor
------------------------------------------------------
 0       9.152883e-02            -----
 1       1.272904e-02            0.1391
 2       1.372328e-03            0.1078
 3       2.264714e-04            0.1650
 4       4.303131e-05            0.1900
 5       7.151767e-06            0.1662
 6       1.352015e-06            0.1890
 7       2.387299e-07            0.1766
 8       3.796414e-08            0.1590
 9       6.032636e-09            0.1589
 10      9.495112e-10            0.1574
 11      1.376691e-10            0.1450
 12      1.826710e-11            0.1327
 13      2.474047e-12            0.1354
 14      4.339050e-13            0.1754
 15      8.970765e-14            0.2067
------------------------------------------------------
 Iterations:      16
 Final Rel. Res.: 8.970765e-14
 Asymptotic Rate: 0.169976 (Geom. Mean, last 4 iters)
======================================================

======================================================
  Refinement Level: 2
======================================================
 Mesh width (h):  4.9808e-02
 Total DOFs:      9383
 Spectral Radii:  1 1 0.229407
 GMRES Avg Iters: 13.00
------------------------------------------------------
  MG RESIDUAL DECAY
------------------------------------------------------
 Iter    Rel. Residual           Reduction Factor
------------------------------------------------------
 0       9.805688e-02            -----
 1       1.469710e-02            0.1499
 2       1.941470e-03            0.1321
 3       3.194171e-04            0.1645
 4       8.155456e-05            0.2553
 5       2.777349e-05            0.3406
 6       8.497986e-06            0.3060
 7       2.262343e-06            0.2662
 8       5.660723e-07            0.2502
 9       1.351783e-07            0.2388
 10      3.092793e-08            0.2288
 11      6.839009e-09            0.2211
 12      1.479493e-09            0.2163
 13      3.156346e-10            0.2133
 14      6.662371e-11            0.2111
 15      1.394811e-11            0.2094
------------------------------------------------------
 Iterations:      16
 Final Rel. Res.: 1.394811e-11
 Asymptotic Rate: 0.211252 (Geom. Mean, last 4 iters)
======================================================

======================================================
  Refinement Level: 3
======================================================
 Mesh width (h):  2.4904e-02
 Total DOFs:      37071
 Spectral Radii:  1 1 0.274719
 GMRES Avg Iters: 13.00
------------------------------------------------------
  MG RESIDUAL DECAY
------------------------------------------------------
 Iter    Rel. Residual           Reduction Factor
------------------------------------------------------
 0       9.893505e-02            -----
 1       1.218886e-02            0.1232
 2       2.362706e-03            0.1938
 3       4.944479e-04            0.2093
 4       1.152880e-04            0.2332
 5       2.562897e-05            0.2223
 6       5.869446e-06            0.2290
 7       1.375235e-06            0.2343
 8       3.246690e-07            0.2361
 9       8.033481e-08            0.2474
 10      2.061936e-08            0.2567
 11      5.355636e-09            0.2597
 12      1.388754e-09            0.2593
 13      3.564015e-10            0.2566
 14      9.025714e-11            0.2532
 15      2.256905e-11            0.2501
------------------------------------------------------
 Iterations:      16
 Final Rel. Res.: 2.256905e-11
 Asymptotic Rate: 0.253297 (Geom. Mean, last 4 iters)
======================================================

======================================================
  Refinement Level: 4
======================================================
 Mesh width (h):  1.2452e-02
 Total DOFs:      147359
 Spectral Radii:  1 1 0.300803
 GMRES Avg Iters: 14.00
------------------------------------------------------
  MG RESIDUAL DECAY
------------------------------------------------------
 Iter    Rel. Residual           Reduction Factor
------------------------------------------------------
 0       9.864364e-02            -----
 1       1.201512e-02            0.1218
 2       1.640733e-03            0.1366
 3       2.407756e-04            0.1467
 4       4.324388e-05            0.1796
 5       1.465686e-05            0.3389
 6       6.622773e-06            0.4519
 7       2.543997e-06            0.3841
 8       8.834308e-07            0.3473
 9       2.850726e-07            0.3227
 10      8.759578e-08            0.3073
 11      2.609231e-08            0.2979
 12      7.619087e-09            0.2920
 13      2.196726e-09            0.2883
 14      6.283802e-10            0.2861
 15      1.789355e-10            0.2848
------------------------------------------------------
 Iterations:      16
 Final Rel. Res.: 1.789355e-10
 Asymptotic Rate: 0.286372 (Geom. Mean, last 4 iters)
======================================================

======================================================
  Refinement Level: 5
======================================================
 Mesh width (h):  6.2260e-03
 Total DOFs:      587583
 Spectral Radii:  1 1 0.318338
 GMRES Avg Iters: 14.00
------------------------------------------------------
  MG RESIDUAL DECAY
------------------------------------------------------
 Iter    Rel. Residual           Reduction Factor
------------------------------------------------------
 0       9.817452e-02            -----
 1       1.199228e-02            0.1222
 2       1.771960e-03            0.1478
 3       3.731636e-04            0.2106
 4       1.131406e-04            0.3032
 5       3.202326e-05            0.2830
 6       7.980780e-06            0.2492
 7       1.987927e-06            0.2491
 8       5.820245e-07            0.2928
 9       2.035139e-07            0.3497
 10      7.338604e-08            0.3606
 11      2.568313e-08            0.3500
 12      8.691196e-09            0.3384
 13      2.866993e-09            0.3299
 14      9.291071e-10            0.3241
 15      2.974005e-10            0.3201
------------------------------------------------------
 Iterations:      16
 Final Rel. Res.: 2.974005e-10
 Asymptotic Rate: 0.324654 (Geom. Mean, last 4 iters)
======================================================

======================================================
  Refinement Level: 6
======================================================
 Mesh width (h):  3.1130e-03
 Total DOFs:      2346623
 Spectral Radii:  1 1 0.331011
 GMRES Avg Iters: 14.00
------------------------------------------------------
  MG RESIDUAL DECAY
------------------------------------------------------
 Iter    Rel. Residual           Reduction Factor
------------------------------------------------------
 0       9.852670e-02            -----
 1       1.187155e-02            0.1205
 2       1.582836e-03            0.1333
 3       3.349166e-04            0.2116
 4       1.417788e-04            0.4233
 5       5.606768e-05            0.3955
 6       2.050557e-05            0.3657
 7       7.222491e-06            0.3522
 8       2.474809e-06            0.3427
 9       8.287077e-07            0.3349
 10      2.724430e-07            0.3288
 11      8.826712e-08            0.3240
 12      2.827294e-08            0.3203
 13      8.977972e-09            0.3175
 14      2.832457e-09            0.3155
 15      8.892979e-10            0.3140
------------------------------------------------------
 Iterations:      16
 Final Rel. Res.: 8.892979e-10
 Asymptotic Rate: 0.315664 (Geom. Mean, last 4 iters)
======================================================

