Device configuration: omp,cpu
Memory configuration: host-std
Loaded config: /cluster/home/rdabetic/decmg/configs/hcurl_2d_two_holes_rowsum_v.json
=================================================
  Multigrid Convergence Test Configuration
=================================================
 Problem Type:    hcurl
 Mesh File:       meshes/2d/two_holes.msh
 Output File:     out/rowsum/v/veclap/2d/two_holes.csv
 MG Cycle Type:   V-Cycle
 Mass Lumping:    rowsum
 B-Conditions:    essential
 Max Refinement:  6
 Eigenvalues:     3 (Tol: 0.01)
 GMRES Benchmark: 8 runs (Tol: 1e-06, K-Dim: 20)
=================================================


Gmsh reader: all element attributes were zero.
MFEM only supports positive element attributes.
Setting element attributes to 1.

======================================================
  Refinement Level: 1
======================================================
 Mesh width (h):  9.9615e-02
 Total DOFs:      2403
 Spectral Radii:  1 1 0.197851
 GMRES Avg Iters: 8.00
------------------------------------------------------
  MG RESIDUAL DECAY
------------------------------------------------------
 Iter    Rel. Residual           Reduction Factor
------------------------------------------------------
 0       9.243729e-02            -----
 1       1.457973e-02            0.1577
 2       1.733171e-03            0.1189
 3       2.845602e-04            0.1642
 4       5.098875e-05            0.1792
 5       9.400173e-06            0.1844
 6       1.663062e-06            0.1769
 7       3.298550e-07            0.1983
 8       6.111528e-08            0.1853
 9       1.079729e-08            0.1767
 10      1.929485e-09            0.1787
 11      3.789181e-10            0.1964
 12      8.512922e-11            0.2247
 13      1.950223e-11            0.2291
 14      4.266572e-12            0.2188
 15      8.742659e-13            0.2049
------------------------------------------------------
 Iterations:      16
 Final Rel. Res.: 8.742659e-13
 Asymptotic Rate: 0.217364 (Geom. Mean, last 4 iters)
======================================================

======================================================
  Refinement Level: 2
======================================================
 Mesh width (h):  4.9808e-02
 Total DOFs:      9383
 Spectral Radii:  1 1 0.247248
 GMRES Avg Iters: 8.00
------------------------------------------------------
  MG RESIDUAL DECAY
------------------------------------------------------
 Iter    Rel. Residual           Reduction Factor
------------------------------------------------------
 0       1.001883e-01            -----
 1       1.353477e-02            0.1351
 2       1.901642e-03            0.1405
 3       3.462926e-04            0.1821
 4       1.003586e-04            0.2898
 5       2.894463e-05            0.2884
 6       7.524901e-06            0.2600
 7       1.769155e-06            0.2351
 8       4.001888e-07            0.2262
 9       8.919546e-08            0.2229
 10      1.981333e-08            0.2221
 11      4.462075e-09            0.2252
 12      1.019811e-09            0.2286
 13      2.341029e-10            0.2296
 14      5.346775e-11            0.2284
 15      1.208558e-11            0.2260
------------------------------------------------------
 Iterations:      16
 Final Rel. Res.: 1.208558e-11
 Asymptotic Rate: 0.227990 (Geom. Mean, last 4 iters)
======================================================

======================================================
  Refinement Level: 3
======================================================
 Mesh width (h):  2.4904e-02
 Total DOFs:      37071
 Spectral Radii:  1 1 0.273107
 GMRES Avg Iters: 8.38
------------------------------------------------------
  MG RESIDUAL DECAY
------------------------------------------------------
 Iter    Rel. Residual           Reduction Factor
------------------------------------------------------
 0       9.971180e-02            -----
 1       1.244923e-02            0.1249
 2       2.075936e-03            0.1668
 3       4.130887e-04            0.1990
 4       8.037025e-05            0.1946
 5       1.497206e-05            0.1863
 6       3.132713e-06            0.2092
 7       7.262227e-07            0.2318
 8       1.714276e-07            0.2361
 9       3.969694e-08            0.2316
 10      8.794447e-09            0.2215
 11      1.870160e-09            0.2127
 12      4.214378e-10            0.2253
 13      1.153431e-10            0.2737
 14      3.688651e-11            0.3198
 15      1.214303e-11            0.3292
------------------------------------------------------
 Iterations:      16
 Final Rel. Res.: 1.214303e-11
 Asymptotic Rate: 0.306571 (Geom. Mean, last 4 iters)
======================================================

======================================================
  Refinement Level: 4
======================================================
 Mesh width (h):  1.2452e-02
 Total DOFs:      147359
 Spectral Radii:  1 1 0.291299
 GMRES Avg Iters: 9.00
------------------------------------------------------
  MG RESIDUAL DECAY
------------------------------------------------------
 Iter    Rel. Residual           Reduction Factor
------------------------------------------------------
 0       1.006402e-01            -----
 1       1.264023e-02            0.1256
 2       1.874909e-03            0.1483
 3       3.317666e-04            0.1770
 4       5.733604e-05            0.1728
 5       1.295405e-05            0.2259
 6       3.511448e-06            0.2711
 7       1.019866e-06            0.2904
 8       3.024479e-07            0.2966
 9       8.705188e-08            0.2878
 10      2.419351e-08            0.2779
 11      6.546468e-09            0.2706
 12      1.744807e-09            0.2665
 13      4.647142e-10            0.2663
 14      1.251138e-10            0.2692
 15      3.425771e-11            0.2738
------------------------------------------------------
 Iterations:      16
 Final Rel. Res.: 3.425771e-11
 Asymptotic Rate: 0.269776 (Geom. Mean, last 4 iters)
======================================================

======================================================
  Refinement Level: 5
======================================================
 Mesh width (h):  6.2260e-03
 Total DOFs:      587583
 Spectral Radii:  1 1 0.303745
 GMRES Avg Iters: 9.00
------------------------------------------------------
  MG RESIDUAL DECAY
------------------------------------------------------
 Iter    Rel. Residual           Reduction Factor
------------------------------------------------------
 0       1.002305e-01            -----
 1       1.257897e-02            0.1255
 2       1.761861e-03            0.1401
 3       2.861269e-04            0.1624
 4       6.009694e-05            0.2100
 5       1.516755e-05            0.2524
 6       3.864489e-06            0.2548
 7       9.810646e-07            0.2539
 8       2.682028e-07            0.2734
 9       8.134787e-08            0.3033
 10      2.613498e-08            0.3213
 11      8.482078e-09            0.3245
 12      2.730713e-09            0.3219
 13      8.705778e-10            0.3188
 14      2.753881e-10            0.3163
 15      8.655007e-11            0.3143
------------------------------------------------------
 Iterations:      16
 Final Rel. Res.: 8.655007e-11
 Asymptotic Rate: 0.316468 (Geom. Mean, last 4 iters)
======================================================

======================================================
  Refinement Level: 6
======================================================
 Mesh width (h):  3.1130e-03
 Total DOFs:      2346623
 Spectral Radii:  1 1 0.312373
 GMRES Avg Iters: 9.00
------------------------------------------------------
  MG RESIDUAL DECAY
------------------------------------------------------
 Iter    Rel. Residual           Reduction Factor
------------------------------------------------------
 0       1.006967e-01            -----
 1       1.250205e-02            0.1242
 2       1.771503e-03            0.1417
 3       2.848258e-04            0.1608
 4       6.602799e-05            0.2318
 5       2.206573e-05            0.3342
 6       7.708539e-06            0.3493
 7       2.554765e-06            0.3314
 8       8.085813e-07            0.3165
 9       2.467721e-07            0.3052
 10      7.319594e-08            0.2966
 11      2.126448e-08            0.2905
 12      6.095861e-09            0.2867
 13      1.739098e-09            0.2853
 14      4.985981e-10            0.2867
 15      1.449937e-10            0.2908
------------------------------------------------------
 Iterations:      16
 Final Rel. Res.: 1.449937e-10
 Asymptotic Rate: 0.287588 (Geom. Mean, last 4 iters)
======================================================

