Device configuration: omp,cpu
Memory configuration: host-std
Loaded config: /cluster/home/rdabetic/decmg/configs/hcurl_3d_corner_rowsum_v.json
=================================================
  Multigrid Convergence Test Configuration
=================================================
 Problem Type:    hcurl
 Mesh File:       meshes/3d/corner.msh
 Output File:     out/rowsum/v/veclap/3d/corner.csv
 MG Cycle Type:   V-Cycle
 Mass Lumping:    rowsum
 B-Conditions:    essential
 Max Refinement:  5
 Eigenvalues:     1 (Tol: 0.01)
 GMRES Benchmark: 8 runs (Tol: 1e-06, K-Dim: 20)
=================================================

======================================================
  Refinement Level: 1
======================================================
 Mesh width (h):  5.0000e-01
 Total DOFs:      545
 Spectral Radii:  0.364967
 GMRES Avg Iters: 14.00
------------------------------------------------------
  MG RESIDUAL DECAY
------------------------------------------------------
 Iter    Rel. Residual           Reduction Factor
------------------------------------------------------
 0       5.589777e-02            -----
 1       9.285588e-03            0.1661
 2       2.357208e-03            0.2539
 3       7.528200e-04            0.3194
 4       2.438368e-04            0.3239
 5       8.363931e-05            0.3430
 6       2.920764e-05            0.3492
 7       1.035050e-05            0.3544
 8       3.693898e-06            0.3569
 9       1.325274e-06            0.3588
 10      4.771965e-07            0.3601
 11      1.723023e-07            0.3611
 12      6.234454e-08            0.3618
 13      2.259494e-08            0.3624
 14      8.199186e-09            0.3629
 15      2.978212e-09            0.3632
------------------------------------------------------
 Iterations:      16
 Final Rel. Res.: 2.978212e-09
 Asymptotic Rate: 0.362843 (Geom. Mean, last 4 iters)
======================================================

======================================================
  Refinement Level: 2
======================================================
 Mesh width (h):  2.5000e-01
 Total DOFs:      3681
 Spectral Radii:  0.419683
 GMRES Avg Iters: 16.00
------------------------------------------------------
  MG RESIDUAL DECAY
------------------------------------------------------
 Iter    Rel. Residual           Reduction Factor
------------------------------------------------------
 0       5.293712e-02            -----
 1       8.416719e-03            0.1590
 2       2.122123e-03            0.2521
 3       6.574101e-04            0.3098
 4       2.206011e-04            0.3356
 5       7.730549e-05            0.3504
 6       2.800600e-05            0.3623
 7       1.044783e-05            0.3731
 8       4.004343e-06            0.3833
 9       1.570412e-06            0.3922
 10      6.275630e-07            0.3996
 11      2.544206e-07            0.4054
 12      1.042552e-07            0.4098
 13      4.305261e-08            0.4130
 14      1.787717e-08            0.4152
 15      7.452374e-09            0.4169
------------------------------------------------------
 Iterations:      16
 Final Rel. Res.: 7.452374e-09
 Asymptotic Rate: 0.415017 (Geom. Mean, last 4 iters)
======================================================

======================================================
  Refinement Level: 3
======================================================
 Mesh width (h):  1.2500e-01
 Total DOFs:      26945
 Spectral Radii:  0.473599
 GMRES Avg Iters: 17.00
------------------------------------------------------
  MG RESIDUAL DECAY
------------------------------------------------------
 Iter    Rel. Residual           Reduction Factor
------------------------------------------------------
 0       5.593810e-02            -----
 1       7.748755e-03            0.1385
 2       1.957413e-03            0.2526
 3       5.868797e-04            0.2998
 4       1.911538e-04            0.3257
 5       6.599445e-05            0.3452
 6       2.389428e-05            0.3621
 7       9.022500e-06            0.3776
 8       3.536426e-06            0.3920
 9       1.433585e-06            0.4054
 10      5.988191e-07            0.4177
 11      2.567858e-07            0.4288
 12      1.126054e-07            0.4385
 13      5.030541e-08            0.4467
 14      2.281498e-08            0.4535
 15      1.047275e-08            0.4590
------------------------------------------------------
 Iterations:      16
 Final Rel. Res.: 1.047275e-08
 Asymptotic Rate: 0.453072 (Geom. Mean, last 4 iters)
======================================================

======================================================
  Refinement Level: 4
======================================================
 Mesh width (h):  6.2500e-02
 Total DOFs:      205953
 Spectral Radii:  0.503626
 GMRES Avg Iters: 17.00
------------------------------------------------------
  MG RESIDUAL DECAY
------------------------------------------------------
 Iter    Rel. Residual           Reduction Factor
------------------------------------------------------
 0       5.817211e-02            -----
 1       7.602326e-03            0.1307
 2       1.808646e-03            0.2379
 3       5.147665e-04            0.2846
 4       1.598477e-04            0.3105
 5       5.297512e-05            0.3314
 6       1.872566e-05            0.3535
 7       7.036032e-06            0.3757
 8       2.807283e-06            0.3990
 9       1.179416e-06            0.4201
 10      5.165294e-07            0.4380
 11      2.331398e-07            0.4514
 12      1.074731e-07            0.4610
 13      5.025514e-08            0.4676
 14      2.373038e-08            0.4722
 15      1.128193e-08            0.4754
------------------------------------------------------
 Iterations:      16
 Final Rel. Res.: 1.128193e-08
 Asymptotic Rate: 0.471731 (Geom. Mean, last 4 iters)
======================================================

======================================================
  Refinement Level: 5
======================================================
 Mesh width (h):  3.1250e-02
 Total DOFs:      1609985
 Spectral Radii:  0.52663
 GMRES Avg Iters: 17.00
------------------------------------------------------
  MG RESIDUAL DECAY
------------------------------------------------------
 Iter    Rel. Residual           Reduction Factor
------------------------------------------------------
 0       5.945552e-02            -----
 1       7.529745e-03            0.1266
 2       1.751059e-03            0.2326
 3       4.861639e-04            0.2776
 4       1.457465e-04            0.2998
 5       4.620107e-05            0.3170
 6       1.540849e-05            0.3335
 7       5.425755e-06            0.3521
 8       2.032815e-06            0.3747
 9       8.151749e-07            0.4010
 10      3.491085e-07            0.4283
 11      1.578443e-07            0.4521
 12      7.421861e-08            0.4702
 13      3.580796e-08            0.4825
 14      1.756083e-08            0.4904
 15      8.701731e-09            0.4955
------------------------------------------------------
 Iterations:      16
 Final Rel. Res.: 8.701731e-09
 Asymptotic Rate: 0.489438 (Geom. Mean, last 4 iters)
======================================================

