Device configuration: omp,cpu
Memory configuration: host-std
Loaded config: /cluster/home/rdabetic/decmg/configs/hcurl_2d_square_centered_barycentric_v.json
=================================================
  Multigrid Convergence Test Configuration
=================================================
 Problem Type:    hcurl
 Mesh File:       meshes/2d/square_centered.msh
 Output File:     out/barycentric/v/veclap/2d/square_centered.csv
 MG Cycle Type:   V-Cycle
 Mass Lumping:    barycentric
 B-Conditions:    essential
 Max Refinement:  6
 Eigenvalues:     1 (Tol: 0.01)
 GMRES Benchmark: 8 runs (Tol: 1e-06, K-Dim: 20)
=================================================


Gmsh reader: all element attributes were zero.
MFEM only supports positive element attributes.
Setting element attributes to 1.

======================================================
  Refinement Level: 1
======================================================
 Mesh width (h):  1.9875e-01
 Total DOFs:      249
 Spectral Radii:  0.297898
 GMRES Avg Iters: 9.00
------------------------------------------------------
  MG RESIDUAL DECAY
------------------------------------------------------
 Iter    Rel. Residual           Reduction Factor
------------------------------------------------------
 0       9.028755e-02            -----
 1       1.461933e-02            0.1619
 2       3.366677e-03            0.2303
 3       8.913544e-04            0.2648
 4       2.459501e-04            0.2759
 5       7.093346e-05            0.2884
 6       2.126209e-05            0.2997
 7       6.358752e-06            0.2991
 8       1.853072e-06            0.2914
 9       5.215241e-07            0.2814
 10      1.419329e-07            0.2722
 11      3.795823e-08            0.2674
 12      1.036373e-08            0.2730
 13      3.030719e-09            0.2924
 14      9.590774e-10            0.3165
 15      3.154075e-10            0.3289
------------------------------------------------------
 Iterations:      16
 Final Rel. Res.: 3.154075e-10
 Asymptotic Rate: 0.312214 (Geom. Mean, last 4 iters)
======================================================

======================================================
  Refinement Level: 2
======================================================
 Mesh width (h):  9.9376e-02
 Total DOFs:      945
 Spectral Radii:  0.341994
 GMRES Avg Iters: 9.00
------------------------------------------------------
  MG RESIDUAL DECAY
------------------------------------------------------
 Iter    Rel. Residual           Reduction Factor
------------------------------------------------------
 0       9.966192e-02            -----
 1       1.529176e-02            0.1534
 2       2.834375e-03            0.1854
 3       6.627922e-04            0.2338
 4       1.772798e-04            0.2675
 5       4.976990e-05            0.2807
 6       1.469344e-05            0.2952
 7       4.622296e-06            0.3146
 8       1.510631e-06            0.3268
 9       4.992043e-07            0.3305
 10      1.646405e-07            0.3298
 11      5.387839e-08            0.3272
 12      1.742891e-08            0.3235
 13      5.567026e-09            0.3194
 14      1.760560e-09            0.3162
 15      5.555387e-10            0.3155
------------------------------------------------------
 Iterations:      16
 Final Rel. Res.: 5.555387e-10
 Asymptotic Rate: 0.317065 (Geom. Mean, last 4 iters)
======================================================

======================================================
  Refinement Level: 3
======================================================
 Mesh width (h):  4.9688e-02
 Total DOFs:      3681
 Spectral Radii:  0.360837
 GMRES Avg Iters: 10.00
------------------------------------------------------
  MG RESIDUAL DECAY
------------------------------------------------------
 Iter    Rel. Residual           Reduction Factor
------------------------------------------------------
 0       1.117846e-01            -----
 1       1.528592e-02            0.1367
 2       2.880360e-03            0.1884
 3       6.388849e-04            0.2218
 4       1.656298e-04            0.2592
 5       4.654541e-05            0.2810
 6       1.369242e-05            0.2942
 7       4.192914e-06            0.3062
 8       1.318045e-06            0.3144
 9       4.239259e-07            0.3216
 10      1.386719e-07            0.3271
 11      4.591803e-08            0.3311
 12      1.535362e-08            0.3344
 13      5.175834e-09            0.3371
 14      1.757465e-09            0.3396
 15      6.007517e-10            0.3418
------------------------------------------------------
 Iterations:      16
 Final Rel. Res.: 6.007517e-10
 Asymptotic Rate: 0.339491 (Geom. Mean, last 4 iters)
======================================================

======================================================
  Refinement Level: 4
======================================================
 Mesh width (h):  2.4844e-02
 Total DOFs:      14529
 Spectral Radii:  0.37806
 GMRES Avg Iters: 10.00
------------------------------------------------------
  MG RESIDUAL DECAY
------------------------------------------------------
 Iter    Rel. Residual           Reduction Factor
------------------------------------------------------
 0       1.067995e-01            -----
 1       1.533443e-02            0.1436
 2       2.783105e-03            0.1815
 3       6.589392e-04            0.2368
 4       1.815475e-04            0.2755
 5       5.288784e-05            0.2913
 6       1.623494e-05            0.3070
 7       5.208132e-06            0.3208
 8       1.719056e-06            0.3301
 9       5.787929e-07            0.3367
 10      1.978556e-07            0.3418
 11      6.850469e-08            0.3462
 12      2.398119e-08            0.3501
 13      8.473550e-09            0.3533
 14      3.017014e-09            0.3561
 15      1.080732e-09            0.3582
------------------------------------------------------
 Iterations:      16
 Final Rel. Res.: 1.080732e-09
 Asymptotic Rate: 0.355863 (Geom. Mean, last 4 iters)
======================================================

======================================================
  Refinement Level: 5
======================================================
 Mesh width (h):  1.2422e-02
 Total DOFs:      57729
 Spectral Radii:  0.396846
 GMRES Avg Iters: 10.00
------------------------------------------------------
  MG RESIDUAL DECAY
------------------------------------------------------
 Iter    Rel. Residual           Reduction Factor
------------------------------------------------------
 0       1.109762e-01            -----
 1       1.590924e-02            0.1434
 2       2.895198e-03            0.1820
 3       6.725961e-04            0.2323
 4       1.851426e-04            0.2753
 5       5.477553e-05            0.2959
 6       1.717510e-05            0.3136
 7       5.635916e-06            0.3281
 8       1.911151e-06            0.3391
 9       6.646064e-07            0.3478
 10      2.354744e-07            0.3543
 11      8.460130e-08            0.3593
 12      3.072658e-08            0.3632
 13      1.125676e-08            0.3664
 14      4.153305e-09            0.3690
 15      1.541542e-09            0.3712
------------------------------------------------------
 Iterations:      16
 Final Rel. Res.: 1.541542e-09
 Asymptotic Rate: 0.368819 (Geom. Mean, last 4 iters)
======================================================

======================================================
  Refinement Level: 6
======================================================
 Mesh width (h):  6.2110e-03
 Total DOFs:      230145
 Spectral Radii:  0.405011
 GMRES Avg Iters: 10.00
------------------------------------------------------
  MG RESIDUAL DECAY
------------------------------------------------------
 Iter    Rel. Residual           Reduction Factor
------------------------------------------------------
 0       1.108760e-01            -----
 1       1.582896e-02            0.1428
 2       2.927318e-03            0.1849
 3       6.912470e-04            0.2361
 4       1.929223e-04            0.2791
 5       5.819359e-05            0.3016
 6       1.860733e-05            0.3197
 7       6.246368e-06            0.3357
 8       2.169721e-06            0.3474
 9       7.720973e-07            0.3559
 10      2.795968e-07            0.3621
 11      1.025987e-07            0.3670
 12      3.804529e-08            0.3708
 13      1.422772e-08            0.3740
 14      5.357631e-09            0.3766
 15      2.029055e-09            0.3787
------------------------------------------------------
 Iterations:      16
 Final Rel. Res.: 2.029055e-09
 Asymptotic Rate: 0.376413 (Geom. Mean, last 4 iters)
======================================================

