Device configuration: omp,cpu
Memory configuration: host-std
Loaded config: /cluster/home/rdabetic/decmg/configs/hcurl_3d_hole_void_barycentric_v.json
=================================================
  Multigrid Convergence Test Configuration
=================================================
 Problem Type:    hcurl
 Mesh File:       meshes/3d/hole_void.msh
 Output File:     out/barycentric/v/veclap/3d/hole_void.csv
 MG Cycle Type:   V-Cycle
 Mass Lumping:    barycentric
 B-Conditions:    essential
 Max Refinement:  5
 Eigenvalues:     2 (Tol: 0.01)
 GMRES Benchmark: 8 runs (Tol: 1e-06, K-Dim: 20)
=================================================

======================================================
  Refinement Level: 1
======================================================
 Mesh width (h):  1.5811e+00
 Total DOFs:      1505
 Spectral Radii:  1 0.568844
 GMRES Avg Iters: 22.25
------------------------------------------------------
  MG RESIDUAL DECAY
------------------------------------------------------
 Iter    Rel. Residual           Reduction Factor
------------------------------------------------------
 0       5.881491e-02            -----
 1       1.198858e-02            0.2038
 2       3.592591e-03            0.2997
 3       1.370957e-03            0.3816
 4       5.909743e-04            0.4311
 5       2.756988e-04            0.4665
 6       1.369688e-04            0.4968
 7       7.157554e-05            0.5226
 8       3.880570e-05            0.5422
 9       2.155671e-05            0.5555
 10      1.215549e-05            0.5639
 11      6.914762e-06            0.5689
 12      3.952960e-06            0.5717
 13      2.265659e-06            0.5732
 14      1.300134e-06            0.5738
 15      7.463547e-07            0.5741
------------------------------------------------------
 Iterations:      16
 Final Rel. Res.: 7.463547e-07
 Asymptotic Rate: 0.573686 (Geom. Mean, last 4 iters)
======================================================

======================================================
  Refinement Level: 2
======================================================
 Mesh width (h):  7.9057e-01
 Total DOFs:      10689
 Spectral Radii:  1 0.669038
 GMRES Avg Iters: 27.12
------------------------------------------------------
  MG RESIDUAL DECAY
------------------------------------------------------
 Iter    Rel. Residual           Reduction Factor
------------------------------------------------------
 0       6.193650e-02            -----
 1       1.160368e-02            0.1873
 2       3.771961e-03            0.3251
 3       1.561293e-03            0.4139
 4       7.322364e-04            0.4690
 5       3.703337e-04            0.5058
 6       1.961955e-04            0.5298
 7       1.071792e-04            0.5463
 8       5.985200e-05            0.5584
 9       3.399672e-05            0.5680
 10      1.958255e-05            0.5760
 11      1.141561e-05            0.5829
 12      6.724692e-06            0.5891
 13      3.997996e-06            0.5945
 14      2.396167e-06            0.5993
 15      1.446244e-06            0.6036
------------------------------------------------------
 Iterations:      16
 Final Rel. Res.: 1.446244e-06
 Asymptotic Rate: 0.599133 (Geom. Mean, last 4 iters)
======================================================

======================================================
  Refinement Level: 3
======================================================
 Mesh width (h):  3.9528e-01
 Total DOFs:      80257
 Spectral Radii:  1 0.70557
 GMRES Avg Iters: 29.00
------------------------------------------------------
  MG RESIDUAL DECAY
------------------------------------------------------
 Iter    Rel. Residual           Reduction Factor
------------------------------------------------------
 0       6.843413e-02            -----
 1       1.202357e-02            0.1757
 2       3.835481e-03            0.3190
 3       1.518506e-03            0.3959
 4       6.828881e-04            0.4497
 5       3.361184e-04            0.4922
 6       1.772735e-04            0.5274
 7       9.869519e-05            0.5567
 8       5.739452e-05            0.5815
 9       3.456267e-05            0.6022
 10      2.139587e-05            0.6190
 11      1.353183e-05            0.6325
 12      8.700231e-06            0.6429
 13      5.664975e-06            0.6511
 14      3.725075e-06            0.6576
 15      2.468646e-06            0.6627
------------------------------------------------------
 Iterations:      16
 Final Rel. Res.: 2.468646e-06
 Asymptotic Rate: 0.657117 (Geom. Mean, last 4 iters)
======================================================

======================================================
  Refinement Level: 4
======================================================
 Mesh width (h):  1.9764e-01
 Total DOFs:      621313
 Spectral Radii:  1 0.730952
 GMRES Avg Iters: 30.00
------------------------------------------------------
  MG RESIDUAL DECAY
------------------------------------------------------
 Iter    Rel. Residual           Reduction Factor
------------------------------------------------------
 0       7.081307e-02            -----
 1       1.191556e-02            0.1683
 2       3.651200e-03            0.3064
 3       1.417808e-03            0.3883
 4       6.273549e-04            0.4425
 5       3.039455e-04            0.4845
 6       1.575751e-04            0.5184
 7       8.621582e-05            0.5471
 8       4.936425e-05            0.5726
 9       2.941445e-05            0.5959
 10      1.815762e-05            0.6173
 11      1.156108e-05            0.6367
 12      7.558441e-06            0.6538
 13      5.051853e-06            0.6684
 14      3.437886e-06            0.6805
 15      2.373660e-06            0.6904
------------------------------------------------------
 Iterations:      16
 Final Rel. Res.: 2.373660e-06
 Asymptotic Rate: 0.679718 (Geom. Mean, last 4 iters)
======================================================

======================================================
  Refinement Level: 5
======================================================
 Mesh width (h):  9.8821e-02
 Total DOFs:      4888065
 Spectral Radii:  1 0.747809
 GMRES Avg Iters: 30.75
------------------------------------------------------
  MG RESIDUAL DECAY
------------------------------------------------------
 Iter    Rel. Residual           Reduction Factor
------------------------------------------------------
 0       7.155007e-02            -----
 1       1.178177e-02            0.1647
 2       3.527554e-03            0.2994
 3       1.345676e-03            0.3815
 4       5.883917e-04            0.4372
 5       2.827593e-04            0.4806
 6       1.454710e-04            0.5145
 7       7.871476e-05            0.5411
 8       4.425251e-05            0.5622
 9       2.563852e-05            0.5794
 10      1.522577e-05            0.5939
 11      9.235733e-06            0.6066
 12      5.709346e-06            0.6182
 13      3.591663e-06            0.6291
 14      2.297201e-06            0.6396
 15      1.492872e-06            0.6499
------------------------------------------------------
 Iterations:      16
 Final Rel. Res.: 1.492872e-06
 Asymptotic Rate: 0.639458 (Geom. Mean, last 4 iters)
======================================================

