Device configuration: omp,cpu
Memory configuration: host-std
Loaded config: /cluster/home/rdabetic/decmg/configs/hcurl_2d_square_centered_barycentric_w.json
=================================================
  Multigrid Convergence Test Configuration
=================================================
 Problem Type:    hcurl
 Mesh File:       meshes/2d/square_centered.msh
 Output File:     out/barycentric/w/veclap/2d/square_centered.csv
 MG Cycle Type:   W-Cycle
 Mass Lumping:    barycentric
 B-Conditions:    essential
 Max Refinement:  6
 Eigenvalues:     1 (Tol: 0.01)
 GMRES Benchmark: 8 runs (Tol: 1e-06, K-Dim: 20)
=================================================


Gmsh reader: all element attributes were zero.
MFEM only supports positive element attributes.
Setting element attributes to 1.

======================================================
  Refinement Level: 1
======================================================
 Mesh width (h):  1.9875e-01
 Total DOFs:      249
 Spectral Radii:  0.297898
 GMRES Avg Iters: 9.00
------------------------------------------------------
  MG RESIDUAL DECAY
------------------------------------------------------
 Iter    Rel. Residual           Reduction Factor
------------------------------------------------------
 0       9.028755e-02            -----
 1       1.461933e-02            0.1619
 2       3.366677e-03            0.2303
 3       8.913544e-04            0.2648
 4       2.459501e-04            0.2759
 5       7.093346e-05            0.2884
 6       2.126209e-05            0.2997
 7       6.358752e-06            0.2991
 8       1.853072e-06            0.2914
 9       5.215241e-07            0.2814
 10      1.419329e-07            0.2722
 11      3.795823e-08            0.2674
 12      1.036373e-08            0.2730
 13      3.030719e-09            0.2924
 14      9.590774e-10            0.3165
 15      3.154075e-10            0.3289
------------------------------------------------------
 Iterations:      16
 Final Rel. Res.: 3.154075e-10
 Asymptotic Rate: 0.312214 (Geom. Mean, last 4 iters)
======================================================

======================================================
  Refinement Level: 2
======================================================
 Mesh width (h):  9.9376e-02
 Total DOFs:      945
 Spectral Radii:  0.301678
 GMRES Avg Iters: 9.00
------------------------------------------------------
  MG RESIDUAL DECAY
------------------------------------------------------
 Iter    Rel. Residual           Reduction Factor
------------------------------------------------------
 0       9.935734e-02            -----
 1       1.541254e-02            0.1551
 2       2.677852e-03            0.1737
 3       6.071702e-04            0.2267
 4       1.591576e-04            0.2621
 5       4.207636e-05            0.2644
 6       1.118990e-05            0.2659
 7       3.018091e-06            0.2697
 8       8.240455e-07            0.2730
 9       2.264964e-07            0.2749
 10      6.262133e-08            0.2765
 11      1.743569e-08            0.2784
 12      4.892921e-09            0.2806
 13      1.387328e-09            0.2835
 14      3.992227e-10            0.2878
 15      1.171719e-10            0.2935
------------------------------------------------------
 Iterations:      16
 Final Rel. Res.: 1.171719e-10
 Asymptotic Rate: 0.288238 (Geom. Mean, last 4 iters)
======================================================

======================================================
  Refinement Level: 3
======================================================
 Mesh width (h):  4.9688e-02
 Total DOFs:      3681
 Spectral Radii:  0.338384
 GMRES Avg Iters: 9.88
------------------------------------------------------
  MG RESIDUAL DECAY
------------------------------------------------------
 Iter    Rel. Residual           Reduction Factor
------------------------------------------------------
 0       1.112729e-01            -----
 1       1.505672e-02            0.1353
 2       2.755348e-03            0.1830
 3       5.898627e-04            0.2141
 4       1.458561e-04            0.2473
 5       3.968139e-05            0.2721
 6       1.115409e-05            0.2811
 7       3.231585e-06            0.2897
 8       9.686960e-07            0.2998
 9       2.993506e-07            0.3090
 10      9.464088e-08            0.3162
 11      3.043752e-08            0.3216
 12      9.912422e-09            0.3257
 13      3.256679e-09            0.3285
 14      1.076404e-09            0.3305
 15      3.571731e-10            0.3318
------------------------------------------------------
 Iterations:      16
 Final Rel. Res.: 3.571731e-10
 Asymptotic Rate: 0.330293 (Geom. Mean, last 4 iters)
======================================================

======================================================
  Refinement Level: 4
======================================================
 Mesh width (h):  2.4844e-02
 Total DOFs:      14529
 Spectral Radii:  0.369783
 GMRES Avg Iters: 10.00
------------------------------------------------------
  MG RESIDUAL DECAY
------------------------------------------------------
 Iter    Rel. Residual           Reduction Factor
------------------------------------------------------
 0       1.061818e-01            -----
 1       1.510021e-02            0.1422
 2       2.641111e-03            0.1749
 3       6.087796e-04            0.2305
 4       1.597438e-04            0.2624
 5       4.430459e-05            0.2773
 6       1.296864e-05            0.2927
 7       3.980054e-06            0.3069
 8       1.263473e-06            0.3175
 9       4.111176e-07            0.3254
 10      1.361968e-07            0.3313
 11      4.575206e-08            0.3359
 12      1.555242e-08            0.3399
 13      5.341495e-09            0.3435
 14      1.850825e-09            0.3465
 15      6.460992e-10            0.3491
------------------------------------------------------
 Iterations:      16
 Final Rel. Res.: 6.460992e-10
 Asymptotic Rate: 0.346338 (Geom. Mean, last 4 iters)
======================================================

======================================================
  Refinement Level: 5
======================================================
 Mesh width (h):  1.2422e-02
 Total DOFs:      57729
 Spectral Radii:  0.384864
 GMRES Avg Iters: 10.00
------------------------------------------------------
  MG RESIDUAL DECAY
------------------------------------------------------
 Iter    Rel. Residual           Reduction Factor
------------------------------------------------------
 0       1.104389e-01            -----
 1       1.566149e-02            0.1418
 2       2.755928e-03            0.1760
 3       6.159800e-04            0.2235
 4       1.616798e-04            0.2625
 5       4.524981e-05            0.2799
 6       1.351168e-05            0.2986
 7       4.280366e-06            0.3168
 8       1.415570e-06            0.3307
 9       4.832764e-07            0.3414
 10      1.686488e-07            0.3490
 11      5.974824e-08            0.3543
 12      2.140448e-08            0.3582
 13      7.733889e-09            0.3613
 14      2.813214e-09            0.3638
 15      1.028803e-09            0.3657
------------------------------------------------------
 Iterations:      16
 Final Rel. Res.: 1.028803e-09
 Asymptotic Rate: 0.363588 (Geom. Mean, last 4 iters)
======================================================

======================================================
  Refinement Level: 6
======================================================
 Mesh width (h):  6.2110e-03
 Total DOFs:      230145
 Spectral Radii:  0.390203
 GMRES Avg Iters: 10.00
------------------------------------------------------
  MG RESIDUAL DECAY
------------------------------------------------------
 Iter    Rel. Residual           Reduction Factor
------------------------------------------------------
 0       1.103456e-01            -----
 1       1.558400e-02            0.1412
 2       2.784980e-03            0.1787
 3       6.336767e-04            0.2275
 4       1.675432e-04            0.2644
 5       4.765893e-05            0.2845
 6       1.446303e-05            0.3035
 7       4.652990e-06            0.3217
 8       1.558296e-06            0.3349
 9       5.363750e-07            0.3442
 10      1.882236e-07            0.3509
 11      6.701129e-08            0.3560
 12      2.412975e-08            0.3601
 13      8.768149e-09            0.3634
 14      3.209589e-09            0.3661
 15      1.181908e-09            0.3682
------------------------------------------------------
 Iterations:      16
 Final Rel. Res.: 1.181908e-09
 Asymptotic Rate: 0.365884 (Geom. Mean, last 4 iters)
======================================================

