Device configuration: omp,cpu
Memory configuration: host-std
Loaded config: /cluster/home/rdabetic/decmg/configs/hcurl_2d_reentrant_rowsum_v.json
=================================================
  Multigrid Convergence Test Configuration
=================================================
 Problem Type:    hcurl
 Mesh File:       meshes/2d/reentrant.msh
 Output File:     out/rowsum/v/veclap/2d/reentrant.csv
 MG Cycle Type:   V-Cycle
 Mass Lumping:    rowsum
 B-Conditions:    essential
 Max Refinement:  6
 Eigenvalues:     1 (Tol: 0.01)
 GMRES Benchmark: 8 runs (Tol: 1e-06, K-Dim: 20)
=================================================


Gmsh reader: all element attributes were zero.
MFEM only supports positive element attributes.
Setting element attributes to 1.

======================================================
  Refinement Level: 1
======================================================
 Mesh width (h):  1.4951e-01
 Total DOFs:      297
 Spectral Radii:  0.168178
 GMRES Avg Iters: 8.00
------------------------------------------------------
  MG RESIDUAL DECAY
------------------------------------------------------
 Iter    Rel. Residual           Reduction Factor
------------------------------------------------------
 0       8.190887e-02            -----
 1       2.618531e-02            0.3197
 2       1.766655e-03            0.0675
 3       4.514675e-04            0.2555
 4       5.689718e-05            0.1260
 5       8.901503e-06            0.1564
 6       1.142479e-06            0.1283
 7       1.432983e-07            0.1254
 8       2.185346e-08            0.1525
 9       3.797207e-09            0.1738
 10      6.372867e-10            0.1678
 11      9.649422e-11            0.1514
 12      1.439486e-11            0.1492
 13      2.631759e-12            0.1828
 14      5.324991e-13            0.2023
 15      9.338459e-14            0.1754
------------------------------------------------------
 Iterations:      16
 Final Rel. Res.: 9.338459e-14
 Asymptotic Rate: 0.186504 (Geom. Mean, last 4 iters)
======================================================

======================================================
  Refinement Level: 2
======================================================
 Mesh width (h):  7.4754e-02
 Total DOFs:      1105
 Spectral Radii:  0.190615
 GMRES Avg Iters: 9.00
------------------------------------------------------
  MG RESIDUAL DECAY
------------------------------------------------------
 Iter    Rel. Residual           Reduction Factor
------------------------------------------------------
 0       9.927283e-02            -----
 1       2.148349e-02            0.2164
 2       2.039802e-03            0.0949
 3       2.834236e-04            0.1389
 4       6.715567e-05            0.2369
 5       8.600909e-06            0.1281
 6       1.672904e-06            0.1945
 7       3.272138e-07            0.1956
 8       6.082299e-08            0.1859
 9       1.159166e-08            0.1906
 10      2.182306e-09            0.1883
 11      4.132066e-10            0.1893
 12      7.866025e-11            0.1904
 13      1.451882e-11            0.1846
 14      2.632222e-12            0.1813
 15      4.933952e-13            0.1874
------------------------------------------------------
 Iterations:      16
 Final Rel. Res.: 4.933952e-13
 Asymptotic Rate: 0.184422 (Geom. Mean, last 4 iters)
======================================================

======================================================
  Refinement Level: 3
======================================================
 Mesh width (h):  3.7377e-02
 Total DOFs:      4257
 Spectral Radii:  0.237789
 GMRES Avg Iters: 9.00
------------------------------------------------------
  MG RESIDUAL DECAY
------------------------------------------------------
 Iter    Rel. Residual           Reduction Factor
------------------------------------------------------
 0       9.778916e-02            -----
 1       1.907317e-02            0.1950
 2       2.027090e-03            0.1063
 3       3.603328e-04            0.1778
 4       9.236024e-05            0.2563
 5       1.553605e-05            0.1682
 6       2.660741e-06            0.1713
 7       4.937811e-07            0.1856
 8       1.197902e-07            0.2426
 9       3.386595e-08            0.2827
 10      9.428088e-09            0.2784
 11      2.507980e-09            0.2660
 12      6.327011e-10            0.2523
 13      1.539275e-10            0.2433
 14      3.644652e-11            0.2368
 15      8.439154e-12            0.2315
------------------------------------------------------
 Iterations:      16
 Final Rel. Res.: 8.439154e-12
 Asymptotic Rate: 0.237156 (Geom. Mean, last 4 iters)
======================================================

======================================================
  Refinement Level: 4
======================================================
 Mesh width (h):  1.8689e-02
 Total DOFs:      16705
 Spectral Radii:  0.258644
 GMRES Avg Iters: 9.00
------------------------------------------------------
  MG RESIDUAL DECAY
------------------------------------------------------
 Iter    Rel. Residual           Reduction Factor
------------------------------------------------------
 0       9.772958e-02            -----
 1       1.551091e-02            0.1587
 2       3.501886e-03            0.2258
 3       9.002012e-04            0.2571
 4       1.541448e-04            0.1712
 5       2.009040e-05            0.1303
 6       2.925341e-06            0.1456
 7       8.166779e-07            0.2792
 8       2.331163e-07            0.2854
 9       5.880450e-08            0.2523
 10      1.347170e-08            0.2291
 11      2.896470e-09            0.2150
 12      5.994557e-10            0.2070
 13      1.221492e-10            0.2038
 14      2.519165e-11            0.2062
 15      5.469922e-12            0.2171
------------------------------------------------------
 Iterations:      16
 Final Rel. Res.: 5.469922e-12
 Asymptotic Rate: 0.208966 (Geom. Mean, last 4 iters)
======================================================

======================================================
  Refinement Level: 5
======================================================
 Mesh width (h):  9.3443e-03
 Total DOFs:      66177
 Spectral Radii:  0.269615
 GMRES Avg Iters: 9.00
------------------------------------------------------
  MG RESIDUAL DECAY
------------------------------------------------------
 Iter    Rel. Residual           Reduction Factor
------------------------------------------------------
 0       9.633128e-02            -----
 1       1.223302e-02            0.1270
 2       1.802156e-03            0.1473
 3       4.086780e-04            0.2268
 4       6.696045e-05            0.1638
 5       1.328631e-05            0.1984
 6       2.640182e-06            0.1987
 7       5.717581e-07            0.2166
 8       1.313496e-07            0.2297
 9       3.142625e-08            0.2393
 10      8.229917e-09            0.2619
 11      2.376704e-09            0.2888
 12      7.025247e-10            0.2956
 13      2.017622e-10            0.2872
 14      5.555931e-11            0.2754
 15      1.468797e-11            0.2644
------------------------------------------------------
 Iterations:      16
 Final Rel. Res.: 1.468797e-11
 Asymptotic Rate: 0.275486 (Geom. Mean, last 4 iters)
======================================================

======================================================
  Refinement Level: 6
======================================================
 Mesh width (h):  4.6722e-03
 Total DOFs:      263425
 Spectral Radii:  0.283189
 GMRES Avg Iters: 9.00
------------------------------------------------------
  MG RESIDUAL DECAY
------------------------------------------------------
 Iter    Rel. Residual           Reduction Factor
------------------------------------------------------
 0       9.664039e-02            -----
 1       1.542960e-02            0.1597
 2       3.235345e-03            0.2097
 3       5.509171e-04            0.1703
 4       8.061121e-05            0.1463
 5       1.453509e-05            0.1803
 6       4.001209e-06            0.2753
 7       1.105375e-06            0.2763
 8       2.781295e-07            0.2516
 9       6.806194e-08            0.2447
 10      1.692203e-08            0.2486
 11      4.383225e-09            0.2590
 12      1.186727e-09            0.2707
 13      3.314086e-10            0.2793
 14      9.370488e-11            0.2827
 15      2.642715e-11            0.2820
------------------------------------------------------
 Iterations:      16
 Final Rel. Res.: 2.642715e-11
 Asymptotic Rate: 0.281341 (Geom. Mean, last 4 iters)
======================================================

