Device configuration: omp,cpu
Memory configuration: host-std
Loaded config: /cluster/home/rdabetic/decmg/configs/hcurl_2d_tria_rowsum_w.json
=================================================
  Multigrid Convergence Test Configuration
=================================================
 Problem Type:    hcurl
 Mesh File:       meshes/2d/tria.msh
 Output File:     out/rowsum/w/veclap/2d/tria.csv
 MG Cycle Type:   W-Cycle
 Mass Lumping:    rowsum
 B-Conditions:    essential
 Max Refinement:  6
 Eigenvalues:     1 (Tol: 0.01)
 GMRES Benchmark: 8 runs (Tol: 1e-06, K-Dim: 20)
=================================================


Gmsh reader: all element attributes were zero.
MFEM only supports positive element attributes.
Setting element attributes to 1.

======================================================
  Refinement Level: 1
======================================================
 Mesh width (h):  1.2500e-01
 Total DOFs:      153
 Spectral Radii:  0.169616
 GMRES Avg Iters: 8.00
------------------------------------------------------
  MG RESIDUAL DECAY
------------------------------------------------------
 Iter    Rel. Residual           Reduction Factor
------------------------------------------------------
 0       8.540579e-02            -----
 1       1.147254e-02            0.1343
 2       1.174327e-03            0.1024
 3       1.925597e-04            0.1640
 4       3.617889e-05            0.1879
 5       5.503934e-06            0.1521
 6       6.330479e-07            0.1150
 7       1.066205e-07            0.1684
 8       2.484796e-08            0.2331
 9       4.316817e-09            0.1737
 10      5.641357e-10            0.1307
 11      8.584829e-11            0.1522
 12      1.916604e-11            0.2233
 13      3.447279e-12            0.1799
 14      4.573868e-13            0.1327
 15      6.640080e-14            0.1452
------------------------------------------------------
 Iterations:      16
 Final Rel. Res.: 6.640080e-14
 Asymptotic Rate: 0.151314 (Geom. Mean, last 4 iters)
======================================================

======================================================
  Refinement Level: 2
======================================================
 Mesh width (h):  6.2500e-02
 Total DOFs:      561
 Spectral Radii:  0.166992
 GMRES Avg Iters: 8.00
------------------------------------------------------
  MG RESIDUAL DECAY
------------------------------------------------------
 Iter    Rel. Residual           Reduction Factor
------------------------------------------------------
 0       1.004368e-01            -----
 1       1.275385e-02            0.1270
 2       1.661192e-03            0.1303
 3       2.451133e-04            0.1476
 4       3.208347e-05            0.1309
 5       5.233661e-06            0.1631
 6       8.313709e-07            0.1589
 7       1.272123e-07            0.1530
 8       2.031630e-08            0.1597
 9       3.069942e-09            0.1511
 10      5.009661e-10            0.1632
 11      8.699598e-11            0.1737
 12      1.496613e-11            0.1720
 13      2.472669e-12            0.1652
 14      3.960390e-13            0.1602
 15      6.322980e-14            0.1597
------------------------------------------------------
 Iterations:      16
 Final Rel. Res.: 6.322980e-14
 Asymptotic Rate: 0.161661 (Geom. Mean, last 4 iters)
======================================================

======================================================
  Refinement Level: 3
======================================================
 Mesh width (h):  3.1250e-02
 Total DOFs:      2145
 Spectral Radii:  0.17132
 GMRES Avg Iters: 8.00
------------------------------------------------------
  MG RESIDUAL DECAY
------------------------------------------------------
 Iter    Rel. Residual           Reduction Factor
------------------------------------------------------
 0       1.028552e-01            -----
 1       1.253463e-02            0.1219
 2       1.648360e-03            0.1315
 3       2.376184e-04            0.1442
 4       3.622743e-05            0.1525
 5       5.412965e-06            0.1494
 6       8.269942e-07            0.1528
 7       1.275398e-07            0.1542
 8       2.004932e-08            0.1572
 9       3.281167e-09            0.1637
 10      5.458462e-10            0.1664
 11      9.310109e-11            0.1706
 12      1.624107e-11            0.1744
 13      2.784118e-12            0.1714
 14      4.627398e-13            0.1662
 15      7.464673e-14            0.1613
------------------------------------------------------
 Iterations:      16
 Final Rel. Res.: 7.464673e-14
 Asymptotic Rate: 0.166264 (Geom. Mean, last 4 iters)
======================================================

======================================================
  Refinement Level: 4
======================================================
 Mesh width (h):  1.5625e-02
 Total DOFs:      8385
 Spectral Radii:  0.181906
 GMRES Avg Iters: 8.00
------------------------------------------------------
  MG RESIDUAL DECAY
------------------------------------------------------
 Iter    Rel. Residual           Reduction Factor
------------------------------------------------------
 0       1.015853e-01            -----
 1       1.235786e-02            0.1217
 2       1.616122e-03            0.1308
 3       2.266981e-04            0.1403
 4       3.406506e-05            0.1503
 5       5.167663e-06            0.1517
 6       7.906309e-07            0.1530
 7       1.230927e-07            0.1557
 8       1.939930e-08            0.1576
 9       3.154386e-09            0.1626
 10      5.299226e-10            0.1680
 11      9.032424e-11            0.1704
 12      1.532120e-11            0.1696
 13      2.611624e-12            0.1705
 14      4.464896e-13            0.1710
 15      7.591875e-14            0.1700
------------------------------------------------------
 Iterations:      16
 Final Rel. Res.: 7.591875e-14
 Asymptotic Rate: 0.170485 (Geom. Mean, last 4 iters)
======================================================

======================================================
  Refinement Level: 5
======================================================
 Mesh width (h):  7.8125e-03
 Total DOFs:      33153
 Spectral Radii:  0.185954
 GMRES Avg Iters: 8.00
------------------------------------------------------
  MG RESIDUAL DECAY
------------------------------------------------------
 Iter    Rel. Residual           Reduction Factor
------------------------------------------------------
 0       1.004336e-01            -----
 1       1.241034e-02            0.1236
 2       1.617177e-03            0.1303
 3       2.300026e-04            0.1422
 4       3.407355e-05            0.1481
 5       5.132664e-06            0.1506
 6       7.794995e-07            0.1519
 7       1.193268e-07            0.1531
 8       1.882741e-08            0.1578
 9       3.017774e-09            0.1603
 10      4.935716e-10            0.1636
 11      8.208281e-11            0.1663
 12      1.371132e-11            0.1670
 13      2.300272e-12            0.1678
 14      3.879580e-13            0.1687
 15      6.583240e-14            0.1697
------------------------------------------------------
 Iterations:      16
 Final Rel. Res.: 6.583240e-14
 Asymptotic Rate: 0.168702 (Geom. Mean, last 4 iters)
======================================================

======================================================
  Refinement Level: 6
======================================================
 Mesh width (h):  3.9063e-03
 Total DOFs:      131841
 Spectral Radii:  0.187744
 GMRES Avg Iters: 8.00
------------------------------------------------------
  MG RESIDUAL DECAY
------------------------------------------------------
 Iter    Rel. Residual           Reduction Factor
------------------------------------------------------
 0       1.013113e-01            -----
 1       1.243074e-02            0.1227
 2       1.614618e-03            0.1299
 3       2.261242e-04            0.1400
 4       3.386751e-05            0.1498
 5       5.136995e-06            0.1517
 6       7.722879e-07            0.1503
 7       1.209459e-07            0.1566
 8       1.937215e-08            0.1602
 9       3.122684e-09            0.1612
 10      5.119164e-10            0.1639
 11      8.487819e-11            0.1658
 12      1.419218e-11            0.1672
 13      2.401354e-12            0.1692
 14      4.087450e-13            0.1702
 15      6.970706e-14            0.1705
------------------------------------------------------
 Iterations:      16
 Final Rel. Res.: 6.970706e-14
 Asymptotic Rate: 0.169984 (Geom. Mean, last 4 iters)
======================================================

