Device configuration: omp,cpu
Memory configuration: host-std
Loaded config: /cluster/home/rdabetic/decmg/configs/hcurl_2d_square_hole_barycentric_w.json
=================================================
  Multigrid Convergence Test Configuration
=================================================
 Problem Type:    hcurl
 Mesh File:       meshes/2d/square_hole.msh
 Output File:     out/barycentric/w/veclap/2d/square_hole.csv
 MG Cycle Type:   W-Cycle
 Mass Lumping:    barycentric
 B-Conditions:    essential
 Max Refinement:  6
 Eigenvalues:     2 (Tol: 0.01)
 GMRES Benchmark: 8 runs (Tol: 1e-06, K-Dim: 20)
=================================================


Gmsh reader: all element attributes were zero.
MFEM only supports positive element attributes.
Setting element attributes to 1.

======================================================
  Refinement Level: 1
======================================================
 Mesh width (h):  8.8388e-02
 Total DOFs:      720
 Spectral Radii:  1 0.250295
 GMRES Avg Iters: 9.00
------------------------------------------------------
  MG RESIDUAL DECAY
------------------------------------------------------
 Iter    Rel. Residual           Reduction Factor
------------------------------------------------------
 0       9.983468e-02            -----
 1       1.369405e-02            0.1372
 2       2.587316e-03            0.1889
 3       5.868612e-04            0.2268
 4       1.414905e-04            0.2411
 5       3.504603e-05            0.2477
 6       8.818015e-06            0.2516
 7       2.241683e-06            0.2542
 8       5.573595e-07            0.2486
 9       1.357743e-07            0.2436
 10      3.264220e-08            0.2404
 11      7.723942e-09            0.2366
 12      1.799510e-09            0.2330
 13      4.185809e-10            0.2326
 14      9.971946e-11            0.2382
 15      2.488305e-11            0.2495
------------------------------------------------------
 Iterations:      16
 Final Rel. Res.: 2.488305e-11
 Asymptotic Rate: 0.240021 (Geom. Mean, last 4 iters)
======================================================

======================================================
  Refinement Level: 2
======================================================
 Mesh width (h):  4.4194e-02
 Total DOFs:      2720
 Spectral Radii:  1 0.321572
 GMRES Avg Iters: 9.00
------------------------------------------------------
  MG RESIDUAL DECAY
------------------------------------------------------
 Iter    Rel. Residual           Reduction Factor
------------------------------------------------------
 0       1.084342e-01            -----
 1       1.613277e-02            0.1488
 2       2.690480e-03            0.1668
 3       6.097627e-04            0.2266
 4       1.505095e-04            0.2468
 5       3.840541e-05            0.2552
 6       1.032966e-05            0.2690
 7       2.953100e-06            0.2859
 8       8.698507e-07            0.2946
 9       2.596343e-07            0.2985
 10      7.838871e-08            0.3019
 11      2.387496e-08            0.3046
 12      7.317690e-09            0.3065
 13      2.256001e-09            0.3083
 14      6.996825e-10            0.3101
 15      2.182537e-10            0.3119
------------------------------------------------------
 Iterations:      16
 Final Rel. Res.: 2.182537e-10
 Asymptotic Rate: 0.310120 (Geom. Mean, last 4 iters)
======================================================

======================================================
  Refinement Level: 3
======================================================
 Mesh width (h):  2.2097e-02
 Total DOFs:      10560
 Spectral Radii:  1 0.366498
 GMRES Avg Iters: 9.00
------------------------------------------------------
  MG RESIDUAL DECAY
------------------------------------------------------
 Iter    Rel. Residual           Reduction Factor
------------------------------------------------------
 0       1.079720e-01            -----
 1       1.515627e-02            0.1404
 2       2.565379e-03            0.1693
 3       5.652170e-04            0.2203
 4       1.406998e-04            0.2489
 5       3.801308e-05            0.2702
 6       1.101823e-05            0.2899
 7       3.416113e-06            0.3100
 8       1.114075e-06            0.3261
 9       3.762591e-07            0.3377
 10      1.301112e-07            0.3458
 11      4.570069e-08            0.3512
 12      1.621645e-08            0.3548
 13      5.792219e-09            0.3572
 14      2.077662e-09            0.3587
 15      7.473087e-10            0.3597
------------------------------------------------------
 Iterations:      16
 Final Rel. Res.: 7.473087e-10
 Asymptotic Rate: 0.358521 (Geom. Mean, last 4 iters)
======================================================

======================================================
  Refinement Level: 4
======================================================
 Mesh width (h):  1.1049e-02
 Total DOFs:      41600
 Spectral Radii:  1 0.384047
 GMRES Avg Iters: 9.00
------------------------------------------------------
  MG RESIDUAL DECAY
------------------------------------------------------
 Iter    Rel. Residual           Reduction Factor
------------------------------------------------------
 0       1.092276e-01            -----
 1       1.509336e-02            0.1382
 2       2.652602e-03            0.1757
 3       5.731611e-04            0.2161
 4       1.446010e-04            0.2523
 5       3.999178e-05            0.2766
 6       1.189363e-05            0.2974
 7       3.771354e-06            0.3171
 8       1.246856e-06            0.3306
 9       4.247397e-07            0.3406
 10      1.478820e-07            0.3482
 11      5.230850e-08            0.3537
 12      1.872517e-08            0.3580
 13      6.766242e-09            0.3613
 14      2.463283e-09            0.3641
 15      9.022390e-10            0.3663
------------------------------------------------------
 Iterations:      16
 Final Rel. Res.: 9.022390e-10
 Asymptotic Rate: 0.363886 (Geom. Mean, last 4 iters)
======================================================

======================================================
  Refinement Level: 5
======================================================
 Mesh width (h):  5.5243e-03
 Total DOFs:      165120
 Spectral Radii:  1 0.389856
 GMRES Avg Iters: 9.00
------------------------------------------------------
  MG RESIDUAL DECAY
------------------------------------------------------
 Iter    Rel. Residual           Reduction Factor
------------------------------------------------------
 0       1.109785e-01            -----
 1       1.558890e-02            0.1405
 2       2.727813e-03            0.1750
 3       5.961107e-04            0.2185
 4       1.509708e-04            0.2533
 5       4.180848e-05            0.2769
 6       1.262622e-05            0.3020
 7       4.106861e-06            0.3253
 8       1.398913e-06            0.3406
 9       4.906523e-07            0.3507
 10      1.754194e-07            0.3575
 11      6.354115e-08            0.3622
 12      2.323560e-08            0.3657
 13      8.557864e-09            0.3683
 14      3.169506e-09            0.3704
 15      1.179085e-09            0.3720
------------------------------------------------------
 Iterations:      16
 Final Rel. Res.: 1.179085e-09
 Asymptotic Rate: 0.370223 (Geom. Mean, last 4 iters)
======================================================

======================================================
  Refinement Level: 6
======================================================
 Mesh width (h):  2.7621e-03
 Total DOFs:      657920
 Spectral Radii:  1 0.391401
 GMRES Avg Iters: 9.00
------------------------------------------------------
  MG RESIDUAL DECAY
------------------------------------------------------
 Iter    Rel. Residual           Reduction Factor
------------------------------------------------------
 0       1.114858e-01            -----
 1       1.555388e-02            0.1395
 2       2.716990e-03            0.1747
 3       5.868252e-04            0.2160
 4       1.478921e-04            0.2520
 5       4.095321e-05            0.2769
 6       1.237471e-05            0.3022
 7       4.020945e-06            0.3249
 8       1.365941e-06            0.3397
 9       4.774920e-07            0.3496
 10      1.702038e-07            0.3565
 11      6.152089e-08            0.3615
 12      2.246997e-08            0.3652
 13      8.272378e-09            0.3682
 14      3.064267e-09            0.3704
 15      1.140601e-09            0.3722
------------------------------------------------------
 Iterations:      16
 Final Rel. Res.: 1.140601e-09
 Asymptotic Rate: 0.370263 (Geom. Mean, last 4 iters)
======================================================

