Device configuration: omp,cpu
Memory configuration: host-std
Loaded config: /cluster/home/rdabetic/decmg/configs/hcurl_3d_corner_structured_barycentric_w.json
=================================================
  Multigrid Convergence Test Configuration
=================================================
 Problem Type:    hcurl
 Mesh File:       meshes/3d/corner_structured.msh
 Output File:     out/barycentric/w/veclap/3d/corner_structured.csv
 MG Cycle Type:   W-Cycle
 Mass Lumping:    barycentric
 B-Conditions:    essential
 Max Refinement:  5
 Eigenvalues:     1 (Tol: 0.01)
 GMRES Benchmark: 8 runs (Tol: 1e-06, K-Dim: 20)
=================================================

======================================================
  Refinement Level: 1
======================================================
 Mesh width (h):  4.3301e-01
 Total DOFs:      4401
 Spectral Radii:  0.460564
 GMRES Avg Iters: 14.12
------------------------------------------------------
  MG RESIDUAL DECAY
------------------------------------------------------
 Iter    Rel. Residual           Reduction Factor
------------------------------------------------------
 0       7.164595e-02            -----
 1       1.121262e-02            0.1565
 2       3.073135e-03            0.2741
 3       1.013218e-03            0.3297
 4       3.625812e-04            0.3579
 5       1.349140e-04            0.3721
 6       5.144296e-05            0.3813
 7       1.996103e-05            0.3880
 8       7.850048e-06            0.3933
 9       3.123027e-06            0.3978
 10      1.256372e-06            0.4023
 11      5.113168e-07            0.4070
 12      2.106795e-07            0.4120
 13      8.795079e-08            0.4175
 14      3.721909e-08            0.4232
 15      1.596855e-08            0.4290
------------------------------------------------------
 Iterations:      16
 Final Rel. Res.: 1.596855e-08
 Asymptotic Rate: 0.423202 (Geom. Mean, last 4 iters)
======================================================

======================================================
  Refinement Level: 2
======================================================
 Mesh width (h):  2.1651e-01
 Total DOFs:      31841
 Spectral Radii:  0.494039
 GMRES Avg Iters: 15.00
------------------------------------------------------
  MG RESIDUAL DECAY
------------------------------------------------------
 Iter    Rel. Residual           Reduction Factor
------------------------------------------------------
 0       6.716533e-02            -----
 1       1.043646e-02            0.1554
 2       2.864701e-03            0.2745
 3       9.537080e-04            0.3329
 4       3.542742e-04            0.3715
 5       1.413521e-04            0.3990
 6       5.911994e-05            0.4182
 7       2.551327e-05            0.4316
 8       1.124906e-05            0.4409
 9       5.037484e-06            0.4478
 10      2.283127e-06            0.4532
 11      1.045034e-06            0.4577
 12      4.823989e-07            0.4616
 13      2.243535e-07            0.4651
 14      1.050482e-07            0.4682
 15      4.948968e-08            0.4711
------------------------------------------------------
 Iterations:      16
 Final Rel. Res.: 4.948968e-08
 Asymptotic Rate: 0.468133 (Geom. Mean, last 4 iters)
======================================================

======================================================
  Refinement Level: 3
======================================================
 Mesh width (h):  1.0825e-01
 Total DOFs:      241857
 Spectral Radii:  0.502303
 GMRES Avg Iters: 15.00
------------------------------------------------------
  MG RESIDUAL DECAY
------------------------------------------------------
 Iter    Rel. Residual           Reduction Factor
------------------------------------------------------
 0       6.779469e-02            -----
 1       1.055490e-02            0.1557
 2       2.899887e-03            0.2747
 3       9.732972e-04            0.3356
 4       3.632091e-04            0.3732
 5       1.452062e-04            0.3998
 6       6.072671e-05            0.4182
 7       2.616135e-05            0.4308
 8       1.150127e-05            0.4396
 9       5.130940e-06            0.4461
 10      2.314866e-06            0.4512
 11      1.053862e-06            0.4553
 12      4.834241e-07            0.4587
 13      2.232030e-07            0.4617
 14      1.036460e-07            0.4644
 15      4.837432e-08            0.4667
------------------------------------------------------
 Iterations:      16
 Final Rel. Res.: 4.837432e-08
 Asymptotic Rate: 0.464261 (Geom. Mean, last 4 iters)
======================================================

======================================================
  Refinement Level: 4
======================================================
 Mesh width (h):  5.4127e-02
 Total DOFs:      1884545
 Spectral Radii:  0.507952
 GMRES Avg Iters: 15.00
------------------------------------------------------
  MG RESIDUAL DECAY
------------------------------------------------------
 Iter    Rel. Residual           Reduction Factor
------------------------------------------------------
 0       6.822452e-02            -----
 1       1.050262e-02            0.1539
 2       2.882922e-03            0.2745
 3       9.737195e-04            0.3378
 4       3.674125e-04            0.3773
 5       1.488460e-04            0.4051
 6       6.309121e-05            0.4239
 7       2.753042e-05            0.4364
 8       1.224992e-05            0.4450
 9       5.527576e-06            0.4512
 10      2.521067e-06            0.4561
 11      1.159773e-06            0.4600
 12      5.373780e-07            0.4633
 13      2.505263e-07            0.4662
 14      1.174206e-07            0.4687
 15      5.529317e-08            0.4709
------------------------------------------------------
 Iterations:      16
 Final Rel. Res.: 5.529317e-08
 Asymptotic Rate: 0.468595 (Geom. Mean, last 4 iters)
======================================================

======================================================
  Refinement Level: 5
======================================================
 Mesh width (h):  2.7063e-02
 Total DOFs:      14877441
 Spectral Radii:  0.510513
 GMRES Avg Iters: 15.00
------------------------------------------------------
  MG RESIDUAL DECAY
------------------------------------------------------
 Iter    Rel. Residual           Reduction Factor
------------------------------------------------------
 0       6.845782e-02            -----
 1       1.047013e-02            0.1529
 2       2.863721e-03            0.2735
 3       9.683984e-04            0.3382
 4       3.675118e-04            0.3795
 5       1.500818e-04            0.4084
 6       6.416555e-05            0.4275
 7       2.823593e-05            0.4400
 8       1.266407e-05            0.4485
 9       5.757144e-06            0.4546
 10      2.644209e-06            0.4593
 11      1.224518e-06            0.4631
 12      5.709915e-07            0.4663
 13      2.678355e-07            0.4691
 14      1.262868e-07            0.4715
 15      5.981903e-08            0.4737
------------------------------------------------------
 Iterations:      16
 Final Rel. Res.: 5.981903e-08
 Asymptotic Rate: 0.471415 (Geom. Mean, last 4 iters)
======================================================

