Device configuration: omp,cpu
Memory configuration: host-std
Loaded config: /cluster/home/rdabetic/decmg/configs/hcurl_3d_corner_structured_barycentric_v.json
=================================================
  Multigrid Convergence Test Configuration
=================================================
 Problem Type:    hcurl
 Mesh File:       meshes/3d/corner_structured.msh
 Output File:     out/barycentric/v/veclap/3d/corner_structured.csv
 MG Cycle Type:   V-Cycle
 Mass Lumping:    barycentric
 B-Conditions:    essential
 Max Refinement:  5
 Eigenvalues:     1 (Tol: 0.01)
 GMRES Benchmark: 8 runs (Tol: 1e-06, K-Dim: 20)
=================================================

======================================================
  Refinement Level: 1
======================================================
 Mesh width (h):  4.3301e-01
 Total DOFs:      4401
 Spectral Radii:  0.460564
 GMRES Avg Iters: 14.12
------------------------------------------------------
  MG RESIDUAL DECAY
------------------------------------------------------
 Iter    Rel. Residual           Reduction Factor
------------------------------------------------------
 0       7.164595e-02            -----
 1       1.121262e-02            0.1565
 2       3.073135e-03            0.2741
 3       1.013218e-03            0.3297
 4       3.625812e-04            0.3579
 5       1.349140e-04            0.3721
 6       5.144296e-05            0.3813
 7       1.996103e-05            0.3880
 8       7.850048e-06            0.3933
 9       3.123027e-06            0.3978
 10      1.256372e-06            0.4023
 11      5.113168e-07            0.4070
 12      2.106795e-07            0.4120
 13      8.795079e-08            0.4175
 14      3.721909e-08            0.4232
 15      1.596855e-08            0.4290
------------------------------------------------------
 Iterations:      16
 Final Rel. Res.: 1.596855e-08
 Asymptotic Rate: 0.423202 (Geom. Mean, last 4 iters)
======================================================

======================================================
  Refinement Level: 2
======================================================
 Mesh width (h):  2.1651e-01
 Total DOFs:      31841
 Spectral Radii:  0.532574
 GMRES Avg Iters: 15.88
------------------------------------------------------
  MG RESIDUAL DECAY
------------------------------------------------------
 Iter    Rel. Residual           Reduction Factor
------------------------------------------------------
 0       6.722198e-02            -----
 1       1.044383e-02            0.1554
 2       2.924323e-03            0.2800
 3       1.002024e-03            0.3427
 4       3.826203e-04            0.3818
 5       1.565220e-04            0.4091
 6       6.693548e-05            0.4276
 7       2.948254e-05            0.4405
 8       1.325434e-05            0.4496
 9       6.048915e-06            0.4564
 10      2.793863e-06            0.4619
 11      1.304073e-06            0.4668
 12      6.148427e-07            0.4715
 13      2.928585e-07            0.4763
 14      1.409947e-07            0.4814
 15      6.865493e-08            0.4869
------------------------------------------------------
 Iterations:      16
 Final Rel. Res.: 6.865493e-08
 Asymptotic Rate: 0.481544 (Geom. Mean, last 4 iters)
======================================================

======================================================
  Refinement Level: 3
======================================================
 Mesh width (h):  1.0825e-01
 Total DOFs:      241857
 Spectral Radii:  0.56728
 GMRES Avg Iters: 16.00
------------------------------------------------------
  MG RESIDUAL DECAY
------------------------------------------------------
 Iter    Rel. Residual           Reduction Factor
------------------------------------------------------
 0       6.782405e-02            -----
 1       1.054125e-02            0.1554
 2       2.942107e-03            0.2791
 3       1.015818e-03            0.3453
 4       3.916387e-04            0.3855
 5       1.621196e-04            0.4140
 6       7.045961e-05            0.4346
 7       3.175379e-05            0.4507
 8       1.475253e-05            0.4646
 9       7.051313e-06            0.4780
 10      3.466008e-06            0.4915
 11      1.751260e-06            0.5053
 12      9.081903e-07            0.5186
 13      4.820229e-07            0.5308
 14      2.608327e-07            0.5411
 15      1.433071e-07            0.5494
------------------------------------------------------
 Iterations:      16
 Final Rel. Res.: 1.433071e-07
 Asymptotic Rate: 0.540377 (Geom. Mean, last 4 iters)
======================================================

======================================================
  Refinement Level: 4
======================================================
 Mesh width (h):  5.4127e-02
 Total DOFs:      1884545
 Spectral Radii:  0.588427
 GMRES Avg Iters: 16.00
------------------------------------------------------
  MG RESIDUAL DECAY
------------------------------------------------------
 Iter    Rel. Residual           Reduction Factor
------------------------------------------------------
 0       6.825615e-02            -----
 1       1.050412e-02            0.1539
 2       2.927206e-03            0.2787
 3       1.016997e-03            0.3474
 4       3.963225e-04            0.3897
 5       1.659208e-04            0.4187
 6       7.267557e-05            0.4380
 7       3.277129e-05            0.4509
 8       1.507089e-05            0.4599
 9       7.031072e-06            0.4665
 10      3.318012e-06            0.4719
 11      1.581513e-06            0.4766
 12      7.610098e-07            0.4812
 13      3.697719e-07            0.4859
 14      1.815836e-07            0.4911
 15      9.024521e-08            0.4970
------------------------------------------------------
 Iterations:      16
 Final Rel. Res.: 9.024521e-08
 Asymptotic Rate: 0.491298 (Geom. Mean, last 4 iters)
======================================================

======================================================
  Refinement Level: 5
======================================================
 Mesh width (h):  2.7063e-02
 Total DOFs:      14877441
 Spectral Radii:  0.602941
 GMRES Avg Iters: 16.00
------------------------------------------------------
  MG RESIDUAL DECAY
------------------------------------------------------
 Iter    Rel. Residual           Reduction Factor
------------------------------------------------------
 0       6.849953e-02            -----
 1       1.047799e-02            0.1530
 2       2.910696e-03            0.2778
 3       1.012353e-03            0.3478
 4       3.965346e-04            0.3917
 5       1.671480e-04            0.4215
 6       7.372785e-05            0.4411
 7       3.346460e-05            0.4539
 8       1.548323e-05            0.4627
 9       7.264729e-06            0.4692
 10      3.447280e-06            0.4745
 11      1.652170e-06            0.4793
 12      7.993825e-07            0.4838
 13      3.905071e-07            0.4885
 14      1.927107e-07            0.4935
 15      9.614408e-08            0.4989
------------------------------------------------------
 Iterations:      16
 Final Rel. Res.: 9.614408e-08
 Asymptotic Rate: 0.493616 (Geom. Mean, last 4 iters)
======================================================

