Device configuration: omp,cpu
Memory configuration: host-std
Loaded config: /cluster/home/rdabetic/decmg/configs/hcurl_2d_tria_barycentric_v.json
=================================================
  Multigrid Convergence Test Configuration
=================================================
 Problem Type:    hcurl
 Mesh File:       meshes/2d/tria.msh
 Output File:     out/barycentric/v/veclap/2d/tria.csv
 MG Cycle Type:   V-Cycle
 Mass Lumping:    barycentric
 B-Conditions:    essential
 Max Refinement:  6
 Eigenvalues:     1 (Tol: 0.01)
 GMRES Benchmark: 8 runs (Tol: 1e-06, K-Dim: 20)
=================================================


Gmsh reader: all element attributes were zero.
MFEM only supports positive element attributes.
Setting element attributes to 1.

======================================================
  Refinement Level: 1
======================================================
 Mesh width (h):  1.2500e-01
 Total DOFs:      153
 Spectral Radii:  0.227252
 GMRES Avg Iters: 8.00
------------------------------------------------------
  MG RESIDUAL DECAY
------------------------------------------------------
 Iter    Rel. Residual           Reduction Factor
------------------------------------------------------
 0       9.272778e-02            -----
 1       1.369990e-02            0.1477
 2       1.837548e-03            0.1341
 3       4.428225e-04            0.2410
 4       1.132925e-04            0.2558
 5       2.585181e-05            0.2282
 6       5.274057e-06            0.2040
 7       9.920174e-07            0.1881
 8       1.886200e-07            0.1901
 9       4.000210e-08            0.2121
 10      9.003456e-09            0.2251
 11      1.893892e-09            0.2104
 12      3.549381e-10            0.1874
 13      6.167655e-11            0.1738
 14      1.124236e-11            0.1823
 15      2.346382e-12            0.2087
------------------------------------------------------
 Iterations:      16
 Final Rel. Res.: 2.346382e-12
 Asymptotic Rate: 0.187679 (Geom. Mean, last 4 iters)
======================================================

======================================================
  Refinement Level: 2
======================================================
 Mesh width (h):  6.2500e-02
 Total DOFs:      561
 Spectral Radii:  0.248707
 GMRES Avg Iters: 8.12
------------------------------------------------------
  MG RESIDUAL DECAY
------------------------------------------------------
 Iter    Rel. Residual           Reduction Factor
------------------------------------------------------
 0       1.107873e-01            -----
 1       1.652553e-02            0.1492
 2       2.735462e-03            0.1655
 3       5.511016e-04            0.2015
 4       1.208630e-04            0.2193
 5       2.959399e-05            0.2449
 6       6.935579e-06            0.2344
 7       1.693553e-06            0.2442
 8       4.200707e-07            0.2480
 9       1.011603e-07            0.2408
 10      2.409637e-08            0.2382
 11      5.822112e-09            0.2416
 12      1.437092e-09            0.2468
 13      3.606764e-10            0.2510
 14      9.080127e-11            0.2518
 15      2.267032e-11            0.2497
------------------------------------------------------
 Iterations:      16
 Final Rel. Res.: 2.267032e-11
 Asymptotic Rate: 0.250798 (Geom. Mean, last 4 iters)
======================================================

======================================================
  Refinement Level: 3
======================================================
 Mesh width (h):  3.1250e-02
 Total DOFs:      2145
 Spectral Radii:  0.280677
 GMRES Avg Iters: 8.00
------------------------------------------------------
  MG RESIDUAL DECAY
------------------------------------------------------
 Iter    Rel. Residual           Reduction Factor
------------------------------------------------------
 0       1.133472e-01            -----
 1       1.580656e-02            0.1395
 2       2.684335e-03            0.1698
 3       5.655012e-04            0.2107
 4       1.320882e-04            0.2336
 5       3.080394e-05            0.2332
 6       7.211163e-06            0.2341
 7       1.772012e-06            0.2457
 8       4.473574e-07            0.2525
 9       1.148976e-07            0.2568
 10      2.994214e-08            0.2606
 11      7.881269e-09            0.2632
 12      2.092881e-09            0.2656
 13      5.606032e-10            0.2679
 14      1.512272e-10            0.2698
 15      4.095269e-11            0.2708
------------------------------------------------------
 Iterations:      16
 Final Rel. Res.: 4.095269e-11
 Asymptotic Rate: 0.269471 (Geom. Mean, last 4 iters)
======================================================

======================================================
  Refinement Level: 4
======================================================
 Mesh width (h):  1.5625e-02
 Total DOFs:      8385
 Spectral Radii:  0.291421
 GMRES Avg Iters: 8.00
------------------------------------------------------
  MG RESIDUAL DECAY
------------------------------------------------------
 Iter    Rel. Residual           Reduction Factor
------------------------------------------------------
 0       1.121791e-01            -----
 1       1.550768e-02            0.1382
 2       2.711113e-03            0.1748
 3       5.756983e-04            0.2123
 4       1.315957e-04            0.2286
 5       3.113220e-05            0.2366
 6       7.503349e-06            0.2410
 7       1.875549e-06            0.2500
 8       4.838581e-07            0.2580
 9       1.277389e-07            0.2640
 10      3.433732e-08            0.2688
 11      9.353801e-09            0.2724
 12      2.571138e-09            0.2749
 13      7.115267e-10            0.2767
 14      1.979285e-10            0.2782
 15      5.529094e-11            0.2793
------------------------------------------------------
 Iterations:      16
 Final Rel. Res.: 5.529094e-11
 Asymptotic Rate: 0.278084 (Geom. Mean, last 4 iters)
======================================================

======================================================
  Refinement Level: 5
======================================================
 Mesh width (h):  7.8125e-03
 Total DOFs:      33153
 Spectral Radii:  0.298494
 GMRES Avg Iters: 8.00
------------------------------------------------------
  MG RESIDUAL DECAY
------------------------------------------------------
 Iter    Rel. Residual           Reduction Factor
------------------------------------------------------
 0       1.111661e-01            -----
 1       1.585115e-02            0.1426
 2       2.774271e-03            0.1750
 3       5.883053e-04            0.2121
 4       1.343873e-04            0.2284
 5       3.215740e-05            0.2393
 6       7.858513e-06            0.2444
 7       1.994689e-06            0.2538
 8       5.237781e-07            0.2626
 9       1.408606e-07            0.2689
 10      3.850267e-08            0.2733
 11      1.063703e-08            0.2763
 12      2.961154e-09            0.2784
 13      8.298588e-10            0.2802
 14      2.340874e-10            0.2821
 15      6.643534e-11            0.2838
------------------------------------------------------
 Iterations:      16
 Final Rel. Res.: 6.643534e-11
 Asymptotic Rate: 0.282041 (Geom. Mean, last 4 iters)
======================================================

======================================================
  Refinement Level: 6
======================================================
 Mesh width (h):  3.9063e-03
 Total DOFs:      131841
 Spectral Radii:  0.307915
 GMRES Avg Iters: 8.00
------------------------------------------------------
  MG RESIDUAL DECAY
------------------------------------------------------
 Iter    Rel. Residual           Reduction Factor
------------------------------------------------------
 0       1.123050e-01            -----
 1       1.584648e-02            0.1411
 2       2.774151e-03            0.1751
 3       5.856745e-04            0.2111
 4       1.349452e-04            0.2304
 5       3.224848e-05            0.2390
 6       7.918235e-06            0.2455
 7       2.035572e-06            0.2571
 8       5.411381e-07            0.2658
 9       1.471579e-07            0.2719
 10      4.068506e-08            0.2765
 11      1.137399e-08            0.2796
 12      3.203818e-09            0.2817
 13      9.077054e-10            0.2833
 14      2.585122e-10            0.2848
 15      7.400546e-11            0.2863
------------------------------------------------------
 Iterations:      16
 Final Rel. Res.: 7.400546e-11
 Asymptotic Rate: 0.284795 (Geom. Mean, last 4 iters)
======================================================

