Device configuration: omp,cpu
Memory configuration: host-std
Loaded config: /cluster/home/rdabetic/decmg/configs/hcurl_2d_two_holes_rowsum_w.json
=================================================
  Multigrid Convergence Test Configuration
=================================================
 Problem Type:    hcurl
 Mesh File:       meshes/2d/two_holes.msh
 Output File:     out/rowsum/w/veclap/2d/two_holes.csv
 MG Cycle Type:   W-Cycle
 Mass Lumping:    rowsum
 B-Conditions:    essential
 Max Refinement:  6
 Eigenvalues:     3 (Tol: 0.01)
 GMRES Benchmark: 8 runs (Tol: 1e-06, K-Dim: 20)
=================================================


Gmsh reader: all element attributes were zero.
MFEM only supports positive element attributes.
Setting element attributes to 1.

======================================================
  Refinement Level: 1
======================================================
 Mesh width (h):  9.9615e-02
 Total DOFs:      2403
 Spectral Radii:  1 1 0.197851
 GMRES Avg Iters: 8.00
------------------------------------------------------
  MG RESIDUAL DECAY
------------------------------------------------------
 Iter    Rel. Residual           Reduction Factor
------------------------------------------------------
 0       9.243729e-02            -----
 1       1.457973e-02            0.1577
 2       1.733171e-03            0.1189
 3       2.845602e-04            0.1642
 4       5.098875e-05            0.1792
 5       9.400173e-06            0.1844
 6       1.663062e-06            0.1769
 7       3.298550e-07            0.1983
 8       6.111528e-08            0.1853
 9       1.079729e-08            0.1767
 10      1.929485e-09            0.1787
 11      3.789181e-10            0.1964
 12      8.512922e-11            0.2247
 13      1.950223e-11            0.2291
 14      4.266572e-12            0.2188
 15      8.742659e-13            0.2049
------------------------------------------------------
 Iterations:      16
 Final Rel. Res.: 8.742659e-13
 Asymptotic Rate: 0.217364 (Geom. Mean, last 4 iters)
======================================================

======================================================
  Refinement Level: 2
======================================================
 Mesh width (h):  4.9808e-02
 Total DOFs:      9383
 Spectral Radii:  1 1 0.199005
 GMRES Avg Iters: 8.00
------------------------------------------------------
  MG RESIDUAL DECAY
------------------------------------------------------
 Iter    Rel. Residual           Reduction Factor
------------------------------------------------------
 0       1.002245e-01            -----
 1       1.530041e-02            0.1527
 2       1.928712e-03            0.1261
 3       3.582878e-04            0.1858
 4       6.691746e-05            0.1868
 5       1.272836e-05            0.1902
 6       2.274540e-06            0.1787
 7       4.141193e-07            0.1821
 8       7.696689e-08            0.1859
 9       1.401106e-08            0.1820
 10      2.546225e-09            0.1817
 11      4.826928e-10            0.1896
 12      9.587494e-11            0.1986
 13      1.974667e-11            0.2060
 14      4.133856e-12            0.2093
 15      8.551899e-13            0.2069
------------------------------------------------------
 Iterations:      16
 Final Rel. Res.: 8.551899e-13
 Asymptotic Rate: 0.207389 (Geom. Mean, last 4 iters)
======================================================

======================================================
  Refinement Level: 3
======================================================
 Mesh width (h):  2.4904e-02
 Total DOFs:      37071
 Spectral Radii:  1 1 0.219423
 GMRES Avg Iters: 8.00
------------------------------------------------------
  MG RESIDUAL DECAY
------------------------------------------------------
 Iter    Rel. Residual           Reduction Factor
------------------------------------------------------
 0       9.939979e-02            -----
 1       1.228340e-02            0.1236
 2       1.667352e-03            0.1357
 3       2.522147e-04            0.1513
 4       4.250840e-05            0.1685
 5       7.658360e-06            0.1802
 6       1.425383e-06            0.1861
 7       2.770276e-07            0.1944
 8       5.387077e-08            0.1945
 9       1.059265e-08            0.1966
 10      2.136717e-09            0.2017
 11      4.438252e-10            0.2077
 12      9.247004e-11            0.2083
 13      1.910409e-11            0.2066
 14      3.932259e-12            0.2058
 15      8.052420e-13            0.2048
------------------------------------------------------
 Iterations:      16
 Final Rel. Res.: 8.052420e-13
 Asymptotic Rate: 0.205735 (Geom. Mean, last 4 iters)
======================================================

======================================================
  Refinement Level: 4
======================================================
 Mesh width (h):  1.2452e-02
 Total DOFs:      147359
 Spectral Radii:  1 1 0.236289
 GMRES Avg Iters: 8.12
------------------------------------------------------
  MG RESIDUAL DECAY
------------------------------------------------------
 Iter    Rel. Residual           Reduction Factor
------------------------------------------------------
 0       1.002675e-01            -----
 1       1.243074e-02            0.1240
 2       1.723604e-03            0.1387
 3       2.454592e-04            0.1424
 4       4.151329e-05            0.1691
 5       7.474363e-06            0.1800
 6       1.439812e-06            0.1926
 7       2.870046e-07            0.1993
 8       5.833789e-08            0.2033
 9       1.219681e-08            0.2091
 10      2.608882e-09            0.2139
 11      5.641026e-10            0.2162
 12      1.233182e-10            0.2186
 13      2.725158e-11            0.2210
 14      6.067559e-12            0.2226
 15      1.359373e-12            0.2240
------------------------------------------------------
 Iterations:      16
 Final Rel. Res.: 1.359373e-12
 Asymptotic Rate: 0.222555 (Geom. Mean, last 4 iters)
======================================================

======================================================
  Refinement Level: 5
======================================================
 Mesh width (h):  6.2260e-03
 Total DOFs:      587583
 Spectral Radii:  1 1 0.248596
 GMRES Avg Iters: 8.38
------------------------------------------------------
  MG RESIDUAL DECAY
------------------------------------------------------
 Iter    Rel. Residual           Reduction Factor
------------------------------------------------------
 0       9.990098e-02            -----
 1       1.228711e-02            0.1230
 2       1.635142e-03            0.1331
 3       2.461819e-04            0.1506
 4       4.053593e-05            0.1647
 5       7.269379e-06            0.1793
 6       1.369159e-06            0.1883
 7       2.749286e-07            0.2008
 8       5.678184e-08            0.2065
 9       1.190930e-08            0.2097
 10      2.550507e-09            0.2142
 11      5.579631e-10            0.2188
 12      1.243354e-10            0.2228
 13      2.813389e-11            0.2263
 14      6.426844e-12            0.2284
 15      1.473682e-12            0.2293
------------------------------------------------------
 Iterations:      16
 Final Rel. Res.: 1.473682e-12
 Asymptotic Rate: 0.228001 (Geom. Mean, last 4 iters)
======================================================

======================================================
  Refinement Level: 6
======================================================
 Mesh width (h):  3.1130e-03
 Total DOFs:      2346623
 Spectral Radii:  1 1 0.255121
 GMRES Avg Iters: 8.75
------------------------------------------------------
  MG RESIDUAL DECAY
------------------------------------------------------
 Iter    Rel. Residual           Reduction Factor
------------------------------------------------------
 0       1.003678e-01            -----
 1       1.231668e-02            0.1227
 2       1.635198e-03            0.1328
 3       2.409929e-04            0.1474
 4       4.037990e-05            0.1676
 5       7.195271e-06            0.1782
 6       1.356080e-06            0.1885
 7       2.706640e-07            0.1996
 8       5.576789e-08            0.2060
 9       1.181991e-08            0.2119
 10      2.563828e-09            0.2169
 11      5.659198e-10            0.2207
 12      1.267481e-10            0.2240
 13      2.874957e-11            0.2268
 14      6.589298e-12            0.2292
 15      1.523369e-12            0.2312
------------------------------------------------------
 Iterations:      16
 Final Rel. Res.: 1.523369e-12
 Asymptotic Rate: 0.229063 (Geom. Mean, last 4 iters)
======================================================

