Device configuration: omp,cpu
Memory configuration: host-std
Loaded config: /cluster/home/rdabetic/decmg/configs/hcurl_3d_ball_rowsum_v.json
=================================================
  Multigrid Convergence Test Configuration
=================================================
 Problem Type:    hcurl
 Mesh File:       meshes/3d/ball.msh
 Output File:     out/rowsum/v/veclap/3d/ball.csv
 MG Cycle Type:   V-Cycle
 Mass Lumping:    rowsum
 B-Conditions:    essential
 Max Refinement:  5
 Eigenvalues:     1 (Tol: 0.01)
 GMRES Benchmark: 8 runs (Tol: 1e-06, K-Dim: 20)
=================================================

======================================================
  Refinement Level: 1
======================================================
 Mesh width (h):  3.0757e-01
 Total DOFs:      939
 Spectral Radii:  0.430222
 GMRES Avg Iters: 16.38
------------------------------------------------------
  MG RESIDUAL DECAY
------------------------------------------------------
 Iter    Rel. Residual           Reduction Factor
------------------------------------------------------
 0       5.701146e-02            -----
 1       1.111725e-02            0.1950
 2       3.312473e-03            0.2980
 3       1.212571e-03            0.3661
 4       4.687105e-04            0.3865
 5       1.858398e-04            0.3965
 6       7.533642e-05            0.4054
 7       3.065970e-05            0.4070
 8       1.272651e-05            0.4151
 9       5.254192e-06            0.4129
 10      2.203571e-06            0.4194
 11      9.173464e-07            0.4163
 12      3.863095e-07            0.4211
 13      1.616263e-07            0.4184
 14      6.816284e-08            0.4217
 15      2.860415e-08            0.4196
------------------------------------------------------
 Iterations:      16
 Final Rel. Res.: 2.860415e-08
 Asymptotic Rate: 0.419918 (Geom. Mean, last 4 iters)
======================================================

======================================================
  Refinement Level: 2
======================================================
 Mesh width (h):  1.5378e-01
 Total DOFs:      6341
 Spectral Radii:  0.492816
 GMRES Avg Iters: 19.75
------------------------------------------------------
  MG RESIDUAL DECAY
------------------------------------------------------
 Iter    Rel. Residual           Reduction Factor
------------------------------------------------------
 0       6.015331e-02            -----
 1       9.053001e-03            0.1505
 2       2.329976e-03            0.2574
 3       8.503769e-04            0.3650
 4       3.277123e-04            0.3854
 5       1.441087e-04            0.4397
 6       6.188451e-05            0.4294
 7       2.871559e-05            0.4640
 8       1.270147e-05            0.4423
 9       5.976977e-06            0.4706
 10      2.711563e-06            0.4537
 11      1.278009e-06            0.4713
 12      5.939553e-07            0.4648
 13      2.799990e-07            0.4714
 14      1.326751e-07            0.4738
 15      6.265819e-08            0.4723
------------------------------------------------------
 Iterations:      16
 Final Rel. Res.: 6.265819e-08
 Asymptotic Rate: 0.472507 (Geom. Mean, last 4 iters)
======================================================

======================================================
  Refinement Level: 3
======================================================
 Mesh width (h):  7.6892e-02
 Total DOFs:      46409
 Spectral Radii:  0.511448
 GMRES Avg Iters: 21.38
------------------------------------------------------
  MG RESIDUAL DECAY
------------------------------------------------------
 Iter    Rel. Residual           Reduction Factor
------------------------------------------------------
 0       5.710798e-02            -----
 1       7.590883e-03            0.1329
 2       1.825335e-03            0.2405
 3       5.230841e-04            0.2866
 4       1.610502e-04            0.3079
 5       6.707680e-05            0.4165
 6       2.357534e-05            0.3515
 7       1.358649e-05            0.5763
 8       5.281204e-06            0.3887
 9       3.274519e-06            0.6200
 10      1.354497e-06            0.4136
 11      8.316730e-07            0.6140
 12      3.562316e-07            0.4283
 13      2.150298e-07            0.6036
 14      9.406356e-08            0.4374
 15      5.591785e-08            0.5945
------------------------------------------------------
 Iterations:      16
 Final Rel. Res.: 5.591785e-08
 Asymptotic Rate: 0.539435 (Geom. Mean, last 4 iters)
======================================================

======================================================
  Refinement Level: 4
======================================================
 Mesh width (h):  3.8446e-02
 Total DOFs:      354705
 Spectral Radii:  0.520022
 GMRES Avg Iters: 22.75
------------------------------------------------------
  MG RESIDUAL DECAY
------------------------------------------------------
 Iter    Rel. Residual           Reduction Factor
------------------------------------------------------
 0       5.720864e-02            -----
 1       7.376870e-03            0.1289
 2       1.727294e-03            0.2342
 3       4.760317e-04            0.2756
 4       1.542134e-04            0.3240
 5       4.975878e-05            0.3227
 6       2.125926e-05            0.4272
 7       8.542090e-06            0.4018
 8       4.422553e-06            0.5177
 9       1.899509e-06            0.4295
 10      1.113185e-06            0.5860
 11      4.539161e-07            0.4078
 12      2.912806e-07            0.6417
 13      1.122912e-07            0.3855
 14      7.624338e-08            0.6790
 15      2.840016e-08            0.3725
------------------------------------------------------
 Iterations:      16
 Final Rel. Res.: 2.840016e-08
 Asymptotic Rate: 0.460260 (Geom. Mean, last 4 iters)
======================================================

======================================================
  Refinement Level: 5
======================================================
 Mesh width (h):  1.9223e-02
 Total DOFs:      2772769
 Spectral Radii:  0.525234
 GMRES Avg Iters: 23.00
------------------------------------------------------
  MG RESIDUAL DECAY
------------------------------------------------------
 Iter    Rel. Residual           Reduction Factor
------------------------------------------------------
 0       5.738441e-02            -----
 1       7.166120e-03            0.1249
 2       1.631657e-03            0.2277
 3       4.393070e-04            0.2692
 4       1.259218e-04            0.2866
 5       3.957207e-05            0.3143
 6       1.236456e-05            0.3125
 7       4.562234e-06            0.3690
 8       1.684014e-06            0.3691
 9       7.045556e-07            0.4184
 10      3.476059e-07            0.4934
 11      1.462877e-07            0.4208
 12      8.629198e-08            0.5899
 13      3.566591e-08            0.4133
 14      2.233241e-08            0.6262
 15      9.159360e-09            0.4101
------------------------------------------------------
 Iterations:      16
 Final Rel. Res.: 9.159360e-09
 Asymptotic Rate: 0.473476 (Geom. Mean, last 4 iters)
======================================================

