Device configuration: omp,cpu
Memory configuration: host-std
Loaded config: /cluster/home/rdabetic/decmg/configs/hcurl_3d_corner_barycentric_v.json
=================================================
  Multigrid Convergence Test Configuration
=================================================
 Problem Type:    hcurl
 Mesh File:       meshes/3d/corner.msh
 Output File:     out/barycentric/v/veclap/3d/corner.csv
 MG Cycle Type:   V-Cycle
 Mass Lumping:    barycentric
 B-Conditions:    essential
 Max Refinement:  5
 Eigenvalues:     1 (Tol: 0.01)
 GMRES Benchmark: 8 runs (Tol: 1e-06, K-Dim: 20)
=================================================

======================================================
  Refinement Level: 1
======================================================
 Mesh width (h):  5.0000e-01
 Total DOFs:      545
 Spectral Radii:  0.446812
 GMRES Avg Iters: 14.00
------------------------------------------------------
  MG RESIDUAL DECAY
------------------------------------------------------
 Iter    Rel. Residual           Reduction Factor
------------------------------------------------------
 0       5.604850e-02            -----
 1       9.237989e-03            0.1648
 2       2.904346e-03            0.3144
 3       1.104832e-03            0.3804
 4       4.430718e-04            0.4010
 5       1.837203e-04            0.4147
 6       7.837970e-05            0.4266
 7       3.418179e-05            0.4361
 8       1.512509e-05            0.4425
 9       6.749064e-06            0.4462
 10      3.024395e-06            0.4481
 11      1.357765e-06            0.4489
 12      6.098611e-07            0.4492
 13      2.738879e-07            0.4491
 14      1.229484e-07            0.4489
 15      5.516146e-08            0.4487
------------------------------------------------------
 Iterations:      16
 Final Rel. Res.: 5.516146e-08
 Asymptotic Rate: 0.448885 (Geom. Mean, last 4 iters)
======================================================

======================================================
  Refinement Level: 2
======================================================
 Mesh width (h):  2.5000e-01
 Total DOFs:      3681
 Spectral Radii:  0.535386
 GMRES Avg Iters: 16.00
------------------------------------------------------
  MG RESIDUAL DECAY
------------------------------------------------------
 Iter    Rel. Residual           Reduction Factor
------------------------------------------------------
 0       5.781637e-02            -----
 1       1.045025e-02            0.1807
 2       3.521652e-03            0.3370
 3       1.456124e-03            0.4135
 4       6.593168e-04            0.4528
 5       3.129689e-04            0.4747
 6       1.524639e-04            0.4872
 7       7.544829e-05            0.4949
 8       3.774860e-05            0.5003
 9       1.905267e-05            0.5047
 10      9.689947e-06            0.5086
 11      4.962373e-06            0.5121
 12      2.557449e-06            0.5154
 13      1.325639e-06            0.5183
 14      6.906928e-07            0.5210
 15      3.615103e-07            0.5234
------------------------------------------------------
 Iterations:      16
 Final Rel. Res.: 3.615103e-07
 Asymptotic Rate: 0.520920 (Geom. Mean, last 4 iters)
======================================================

======================================================
  Refinement Level: 3
======================================================
 Mesh width (h):  1.2500e-01
 Total DOFs:      26945
 Spectral Radii:  0.598387
 GMRES Avg Iters: 18.00
------------------------------------------------------
  MG RESIDUAL DECAY
------------------------------------------------------
 Iter    Rel. Residual           Reduction Factor
------------------------------------------------------
 0       6.331658e-02            -----
 1       1.041198e-02            0.1644
 2       3.037990e-03            0.2918
 3       1.082752e-03            0.3564
 4       4.345435e-04            0.4013
 5       1.890951e-04            0.4352
 6       8.719959e-05            0.4611
 7       4.191976e-05            0.4807
 8       2.076469e-05            0.4953
 9       1.051325e-05            0.5063
 10      5.411073e-06            0.5147
 11      2.820741e-06            0.5213
 12      1.485520e-06            0.5266
 13      7.889669e-07            0.5311
 14      4.220350e-07            0.5349
 15      2.271623e-07            0.5383
------------------------------------------------------
 Iterations:      16
 Final Rel. Res.: 2.271623e-07
 Asymptotic Rate: 0.534752 (Geom. Mean, last 4 iters)
======================================================

======================================================
  Refinement Level: 4
======================================================
 Mesh width (h):  6.2500e-02
 Total DOFs:      205953
 Spectral Radii:  0.637222
 GMRES Avg Iters: 18.00
------------------------------------------------------
  MG RESIDUAL DECAY
------------------------------------------------------
 Iter    Rel. Residual           Reduction Factor
------------------------------------------------------
 0       6.672025e-02            -----
 1       1.072595e-02            0.1608
 2       3.135239e-03            0.2923
 3       1.149462e-03            0.3666
 4       4.776098e-04            0.4155
 5       2.156385e-04            0.4515
 6       1.030810e-04            0.4780
 7       5.131592e-05            0.4978
 8       2.632221e-05            0.5129
 9       1.381306e-05            0.5248
 10      7.378693e-06            0.5342
 11      3.997713e-06            0.5418
 12      2.190866e-06            0.5480
 13      1.212037e-06            0.5532
 14      6.758563e-07            0.5576
 15      3.794374e-07            0.5614
------------------------------------------------------
 Iterations:      16
 Final Rel. Res.: 3.794374e-07
 Asymptotic Rate: 0.557410 (Geom. Mean, last 4 iters)
======================================================

======================================================
  Refinement Level: 5
======================================================
 Mesh width (h):  3.1250e-02
 Total DOFs:      1609985
 Spectral Radii:  0.663483
 GMRES Avg Iters: 19.00
------------------------------------------------------
  MG RESIDUAL DECAY
------------------------------------------------------
 Iter    Rel. Residual           Reduction Factor
------------------------------------------------------
 0       6.820344e-02            -----
 1       1.074417e-02            0.1575
 2       3.092873e-03            0.2879
 3       1.122865e-03            0.3630
 4       4.648599e-04            0.4140
 5       2.101424e-04            0.4521
 6       1.009260e-04            0.4803
 7       5.058316e-05            0.5012
 8       2.615179e-05            0.5170
 9       1.384227e-05            0.5293
 10      7.463075e-06            0.5392
 11      4.084189e-06            0.5473
 12      2.263040e-06            0.5541
 13      1.267378e-06            0.5600
 14      7.164686e-07            0.5653
 15      4.084877e-07            0.5701
------------------------------------------------------
 Iterations:      16
 Final Rel. Res.: 4.084877e-07
 Asymptotic Rate: 0.565148 (Geom. Mean, last 4 iters)
======================================================

