Device configuration: omp,cpu
Memory configuration: host-std
Loaded config: /cluster/home/rdabetic/decmg/configs/hcurl_3d_hole_void_barycentric_w.json
=================================================
  Multigrid Convergence Test Configuration
=================================================
 Problem Type:    hcurl
 Mesh File:       meshes/3d/hole_void.msh
 Output File:     out/barycentric/w/veclap/3d/hole_void.csv
 MG Cycle Type:   W-Cycle
 Mass Lumping:    barycentric
 B-Conditions:    essential
 Max Refinement:  5
 Eigenvalues:     2 (Tol: 0.01)
 GMRES Benchmark: 8 runs (Tol: 1e-06, K-Dim: 20)
=================================================

======================================================
  Refinement Level: 1
======================================================
 Mesh width (h):  1.5811e+00
 Total DOFs:      1505
 Spectral Radii:  1 0.568844
 GMRES Avg Iters: 22.25
------------------------------------------------------
  MG RESIDUAL DECAY
------------------------------------------------------
 Iter    Rel. Residual           Reduction Factor
------------------------------------------------------
 0       5.881491e-02            -----
 1       1.198858e-02            0.2038
 2       3.592591e-03            0.2997
 3       1.370957e-03            0.3816
 4       5.909743e-04            0.4311
 5       2.756988e-04            0.4665
 6       1.369688e-04            0.4968
 7       7.157554e-05            0.5226
 8       3.880570e-05            0.5422
 9       2.155671e-05            0.5555
 10      1.215549e-05            0.5639
 11      6.914762e-06            0.5689
 12      3.952960e-06            0.5717
 13      2.265659e-06            0.5732
 14      1.300134e-06            0.5738
 15      7.463547e-07            0.5741
------------------------------------------------------
 Iterations:      16
 Final Rel. Res.: 7.463547e-07
 Asymptotic Rate: 0.573686 (Geom. Mean, last 4 iters)
======================================================

======================================================
  Refinement Level: 2
======================================================
 Mesh width (h):  7.9057e-01
 Total DOFs:      10689
 Spectral Radii:  1 0.641585
 GMRES Avg Iters: 27.00
------------------------------------------------------
  MG RESIDUAL DECAY
------------------------------------------------------
 Iter    Rel. Residual           Reduction Factor
------------------------------------------------------
 0       6.210277e-02            -----
 1       1.157098e-02            0.1863
 2       3.744382e-03            0.3236
 3       1.533684e-03            0.4096
 4       7.052329e-04            0.4598
 5       3.462850e-04            0.4910
 6       1.771069e-04            0.5114
 7       9.308122e-05            0.5256
 8       4.987795e-05            0.5359
 9       2.712045e-05            0.5437
 10      1.491827e-05            0.5501
 11      8.285754e-06            0.5554
 12      4.640727e-06            0.5601
 13      2.618859e-06            0.5643
 14      1.488199e-06            0.5683
 15      8.512648e-07            0.5720
------------------------------------------------------
 Iterations:      16
 Final Rel. Res.: 8.512648e-07
 Asymptotic Rate: 0.568189 (Geom. Mean, last 4 iters)
======================================================

======================================================
  Refinement Level: 3
======================================================
 Mesh width (h):  3.9528e-01
 Total DOFs:      80257
 Spectral Radii:  1 0.649926
 GMRES Avg Iters: 28.12
------------------------------------------------------
  MG RESIDUAL DECAY
------------------------------------------------------
 Iter    Rel. Residual           Reduction Factor
------------------------------------------------------
 0       6.844121e-02            -----
 1       1.203033e-02            0.1758
 2       3.799788e-03            0.3159
 3       1.476546e-03            0.3886
 4       6.486012e-04            0.4393
 5       3.107084e-04            0.4790
 6       1.584236e-04            0.5099
 7       8.449035e-05            0.5333
 8       4.657059e-05            0.5512
 9       2.631276e-05            0.5650
 10      1.515192e-05            0.5758
 11      8.855445e-06            0.5844
 12      5.236841e-06            0.5914
 13      3.126533e-06            0.5970
 14      1.881309e-06            0.6017
 15      1.139497e-06            0.6057
------------------------------------------------------
 Iterations:      16
 Final Rel. Res.: 1.139497e-06
 Asymptotic Rate: 0.601471 (Geom. Mean, last 4 iters)
======================================================

======================================================
  Refinement Level: 4
======================================================
 Mesh width (h):  1.9764e-01
 Total DOFs:      621313
 Spectral Radii:  1 0.661356
 GMRES Avg Iters: 29.00
------------------------------------------------------
  MG RESIDUAL DECAY
------------------------------------------------------
 Iter    Rel. Residual           Reduction Factor
------------------------------------------------------
 0       7.079764e-02            -----
 1       1.194610e-02            0.1687
 2       3.605738e-03            0.3018
 3       1.366511e-03            0.3790
 4       5.897128e-04            0.4315
 5       2.789429e-04            0.4730
 6       1.410026e-04            0.5055
 7       7.484854e-05            0.5308
 8       4.122811e-05            0.5508
 9       2.336961e-05            0.5668
 10      1.355058e-05            0.5798
 11      8.001369e-06            0.5905
 12      4.794771e-06            0.5992
 13      2.907985e-06            0.6065
 14      1.781188e-06            0.6125
 15      1.099990e-06            0.6176
------------------------------------------------------
 Iterations:      16
 Final Rel. Res.: 1.099990e-06
 Asymptotic Rate: 0.612172 (Geom. Mean, last 4 iters)
======================================================

======================================================
  Refinement Level: 5
======================================================
 Mesh width (h):  9.8821e-02
 Total DOFs:      4888065
 Spectral Radii:  1 0.684053
 GMRES Avg Iters: 30.00
------------------------------------------------------
  MG RESIDUAL DECAY
------------------------------------------------------
 Iter    Rel. Residual           Reduction Factor
------------------------------------------------------
 0       7.152498e-02            -----
 1       1.178883e-02            0.1648
 2       3.478872e-03            0.2951
 3       1.297744e-03            0.3730
 4       5.542681e-04            0.4271
 5       2.605335e-04            0.4700
 6       1.312801e-04            0.5039
 7       6.959533e-05            0.5301
 8       3.830784e-05            0.5504
 9       2.169517e-05            0.5663
 10      1.256196e-05            0.5790
 11      7.403415e-06            0.5894
 12      4.426785e-06            0.5979
 13      2.679132e-06            0.6052
 14      1.638211e-06            0.6115
 15      1.010684e-06            0.6169
------------------------------------------------------
 Iterations:      16
 Final Rel. Res.: 1.010684e-06
 Asymptotic Rate: 0.611189 (Geom. Mean, last 4 iters)
======================================================

