Device configuration: omp,cpu
Memory configuration: host-std
Loaded config: /cluster/home/rdabetic/decmg/configs/hcurl_3d_corner_scaledid_w.json
=================================================
  Multigrid Convergence Test Configuration
=================================================
 Problem Type:    hcurl
 Mesh File:       meshes/3d/corner.msh
 Output File:     out/scaledid/w/veclap/3d/corner.csv
 MG Cycle Type:   W-Cycle
 Mass Lumping:    scaledid
 B-Conditions:    essential
 Max Refinement:  5
 Eigenvalues:     1 (Tol: 0.01)
 GMRES Benchmark: 8 runs (Tol: 1e-06, K-Dim: 20)
=================================================

======================================================
  Refinement Level: 1
======================================================
 Mesh width (h):  5.0000e-01
 Total DOFs:      545
 Spectral Radii:  0.327499
 GMRES Avg Iters: 19.75
------------------------------------------------------
  MG RESIDUAL DECAY
------------------------------------------------------
 Iter    Rel. Residual           Reduction Factor
------------------------------------------------------
 0       5.742458e-02            -----
 1       7.956198e-03            0.1386
 2       1.517544e-03            0.1907
 3       3.521646e-04            0.2321
 4       9.092344e-05            0.2582
 5       2.506218e-05            0.2756
 6       7.238658e-06            0.2888
 7       2.146312e-06            0.2965
 8       6.453979e-07            0.3007
 9       1.955475e-07            0.3030
 10      5.951237e-08            0.3043
 11      1.816600e-08            0.3052
 12      5.557912e-09            0.3060
 13      1.703748e-09            0.3065
 14      5.231551e-10            0.3071
 15      1.608760e-10            0.3075
------------------------------------------------------
 Iterations:      16
 Final Rel. Res.: 1.608760e-10
 Asymptotic Rate: 0.307039 (Geom. Mean, last 4 iters)
======================================================

======================================================
  Refinement Level: 2
======================================================
 Mesh width (h):  2.5000e-01
 Total DOFs:      3681
 Spectral Radii:  0.327727
 GMRES Avg Iters: 24.88
------------------------------------------------------
  MG RESIDUAL DECAY
------------------------------------------------------
 Iter    Rel. Residual           Reduction Factor
------------------------------------------------------
 0       5.746799e-02            -----
 1       7.886390e-03            0.1372
 2       1.834122e-03            0.2326
 3       4.965220e-04            0.2707
 4       1.411654e-04            0.2843
 5       4.104906e-05            0.2908
 6       1.207147e-05            0.2941
 7       3.577397e-06            0.2964
 8       1.067266e-06            0.2983
 9       3.205157e-07            0.3003
 10      9.690160e-08            0.3023
 11      2.949373e-08            0.3044
 12      9.036790e-09            0.3064
 13      2.786823e-09            0.3084
 14      8.647704e-10            0.3103
 15      2.699223e-10            0.3121
------------------------------------------------------
 Iterations:      16
 Final Rel. Res.: 2.699223e-10
 Asymptotic Rate: 0.310271 (Geom. Mean, last 4 iters)
======================================================

======================================================
  Refinement Level: 3
======================================================
 Mesh width (h):  1.2500e-01
 Total DOFs:      26945
 Spectral Radii:  0.334873
 GMRES Avg Iters: 28.00
------------------------------------------------------
  MG RESIDUAL DECAY
------------------------------------------------------
 Iter    Rel. Residual           Reduction Factor
------------------------------------------------------
 0       5.886446e-02            -----
 1       7.506141e-03            0.1275
 2       1.630009e-03            0.2172
 3       4.108440e-04            0.2521
 4       1.093304e-04            0.2661
 5       3.006631e-05            0.2750
 6       8.466423e-06            0.2816
 7       2.428332e-06            0.2868
 8       7.067341e-07            0.2910
 9       2.081952e-07            0.2946
 10      6.199169e-08            0.2978
 11      1.864391e-08            0.3007
 12      5.661802e-09            0.3037
 13      1.735930e-09            0.3066
 14      5.372943e-10            0.3095
 15      1.678360e-10            0.3124
------------------------------------------------------
 Iterations:      16
 Final Rel. Res.: 1.678360e-10
 Asymptotic Rate: 0.309488 (Geom. Mean, last 4 iters)
======================================================

======================================================
  Refinement Level: 4
======================================================
 Mesh width (h):  6.2500e-02
 Total DOFs:      205953
 Spectral Radii:  0.336063
 GMRES Avg Iters: 29.00
------------------------------------------------------
  MG RESIDUAL DECAY
------------------------------------------------------
 Iter    Rel. Residual           Reduction Factor
------------------------------------------------------
 0       5.813431e-02            -----
 1       7.278631e-03            0.1252
 2       1.577623e-03            0.2167
 3       3.914985e-04            0.2482
 4       1.022957e-04            0.2613
 5       2.756063e-05            0.2694
 6       7.590157e-06            0.2754
 7       2.127341e-06            0.2803
 8       6.052174e-07            0.2845
 9       1.744477e-07            0.2882
 10      5.087055e-08            0.2916
 11      1.498965e-08            0.2947
 12      4.458477e-09            0.2974
 13      1.337361e-09            0.3000
 14      4.042188e-10            0.3023
 15      1.230171e-10            0.3043
------------------------------------------------------
 Iterations:      16
 Final Rel. Res.: 1.230171e-10
 Asymptotic Rate: 0.302176 (Geom. Mean, last 4 iters)
======================================================

======================================================
  Refinement Level: 5
======================================================
 Mesh width (h):  3.1250e-02
 Total DOFs:      1609985
 Spectral Radii:  0.33785
 GMRES Avg Iters: 29.00
------------------------------------------------------
  MG RESIDUAL DECAY
------------------------------------------------------
 Iter    Rel. Residual           Reduction Factor
------------------------------------------------------
 0       5.813962e-02            -----
 1       7.054819e-03            0.1213
 2       1.508137e-03            0.2138
 3       3.712882e-04            0.2462
 4       9.627285e-05            0.2593
 5       2.577204e-05            0.2677
 6       7.062861e-06            0.2741
 7       1.973171e-06            0.2794
 8       5.604991e-07            0.2841
 9       1.615902e-07            0.2883
 10      4.721249e-08            0.2922
 11      1.396270e-08            0.2957
 12      4.175243e-09            0.2990
 13      1.261152e-09            0.3021
 14      3.844451e-10            0.3048
 15      1.181743e-10            0.3074
------------------------------------------------------
 Iterations:      16
 Final Rel. Res.: 1.181743e-10
 Asymptotic Rate: 0.304752 (Geom. Mean, last 4 iters)
======================================================

