Device configuration: omp,cpu
Memory configuration: host-std
Loaded config: /cluster/home/rdabetic/decmg/configs/hcurl_2d_square_centered_scaledid_v.json
=================================================
  Multigrid Convergence Test Configuration
=================================================
 Problem Type:    hcurl
 Mesh File:       meshes/2d/square_centered.msh
 Output File:     out/scaledid/v/veclap/2d/square_centered.csv
 MG Cycle Type:   V-Cycle
 Mass Lumping:    scaledid
 B-Conditions:    essential
 Max Refinement:  6
 Eigenvalues:     1 (Tol: 0.01)
 GMRES Benchmark: 8 runs (Tol: 1e-06, K-Dim: 20)
=================================================


Gmsh reader: all element attributes were zero.
MFEM only supports positive element attributes.
Setting element attributes to 1.

======================================================
  Refinement Level: 1
======================================================
 Mesh width (h):  1.9875e-01
 Total DOFs:      249
 Spectral Radii:  0.169504
 GMRES Avg Iters: 12.00
------------------------------------------------------
  MG RESIDUAL DECAY
------------------------------------------------------
 Iter    Rel. Residual           Reduction Factor
------------------------------------------------------
 0       7.941615e-02            -----
 1       1.002534e-02            0.1262
 2       1.525636e-03            0.1522
 3       2.239363e-04            0.1468
 4       3.919799e-05            0.1750
 5       6.973242e-06            0.1779
 6       1.177585e-06            0.1689
 7       1.917571e-07            0.1628
 8       2.957346e-08            0.1542
 9       4.503069e-09            0.1523
 10      7.457776e-10            0.1656
 11      1.365884e-10            0.1831
 12      2.573035e-11            0.1884
 13      4.672325e-12            0.1816
 14      7.959885e-13            0.1704
 15      1.270476e-13            0.1596
------------------------------------------------------
 Iterations:      16
 Final Rel. Res.: 1.270476e-13
 Asymptotic Rate: 0.170284 (Geom. Mean, last 4 iters)
======================================================

======================================================
  Refinement Level: 2
======================================================
 Mesh width (h):  9.9376e-02
 Total DOFs:      945
 Spectral Radii:  0.237864
 GMRES Avg Iters: 13.00
------------------------------------------------------
  MG RESIDUAL DECAY
------------------------------------------------------
 Iter    Rel. Residual           Reduction Factor
------------------------------------------------------
 0       9.126631e-02            -----
 1       1.132011e-02            0.1240
 2       1.405086e-03            0.1241
 3       1.962340e-04            0.1397
 4       3.378021e-05            0.1721
 5       6.736142e-06            0.1994
 6       1.469181e-06            0.2181
 7       3.440675e-07            0.2342
 8       8.402540e-08            0.2442
 9       2.087200e-08            0.2484
 10      5.151377e-09            0.2468
 11      1.259123e-09            0.2444
 12      3.044051e-10            0.2418
 13      7.260736e-11            0.2385
 14      1.708183e-11            0.2353
 15      3.967875e-12            0.2323
------------------------------------------------------
 Iterations:      16
 Final Rel. Res.: 3.967875e-12
 Asymptotic Rate: 0.235343 (Geom. Mean, last 4 iters)
======================================================

======================================================
  Refinement Level: 3
======================================================
 Mesh width (h):  4.9688e-02
 Total DOFs:      3681
 Spectral Radii:  0.2761
 GMRES Avg Iters: 13.00
------------------------------------------------------
  MG RESIDUAL DECAY
------------------------------------------------------
 Iter    Rel. Residual           Reduction Factor
------------------------------------------------------
 0       1.004830e-01            -----
 1       1.152366e-02            0.1147
 2       1.510591e-03            0.1311
 3       2.195942e-04            0.1454
 4       3.881911e-05            0.1768
 5       8.641790e-06            0.2226
 6       2.328078e-06            0.2694
 7       6.481489e-07            0.2784
 8       1.810214e-07            0.2793
 9       4.995326e-08            0.2760
 10      1.364005e-08            0.2731
 11      3.708830e-09            0.2719
 12      1.007560e-09            0.2717
 13      2.739401e-10            0.2719
 14      7.463162e-11            0.2724
 15      2.039178e-11            0.2732
------------------------------------------------------
 Iterations:      16
 Final Rel. Res.: 2.039178e-11
 Asymptotic Rate: 0.272518 (Geom. Mean, last 4 iters)
======================================================

======================================================
  Refinement Level: 4
======================================================
 Mesh width (h):  2.4844e-02
 Total DOFs:      14529
 Spectral Radii:  0.30136
 GMRES Avg Iters: 13.00
------------------------------------------------------
  MG RESIDUAL DECAY
------------------------------------------------------
 Iter    Rel. Residual           Reduction Factor
------------------------------------------------------
 0       9.517671e-02            -----
 1       1.147229e-02            0.1205
 2       1.461808e-03            0.1274
 3       2.085873e-04            0.1427
 4       3.730680e-05            0.1789
 5       8.619179e-06            0.2310
 6       2.298524e-06            0.2667
 7       6.489704e-07            0.2823
 8       1.899016e-07            0.2926
 9       5.670906e-08            0.2986
 10      1.708251e-08            0.3012
 11      5.163153e-09            0.3022
 12      1.561081e-09            0.3024
 13      4.717062e-10            0.3022
 14      1.424602e-10            0.3020
 15      4.301264e-11            0.3019
------------------------------------------------------
 Iterations:      16
 Final Rel. Res.: 4.301264e-11
 Asymptotic Rate: 0.302035 (Geom. Mean, last 4 iters)
======================================================

======================================================
  Refinement Level: 5
======================================================
 Mesh width (h):  1.2422e-02
 Total DOFs:      57729
 Spectral Radii:  0.319438
 GMRES Avg Iters: 13.00
------------------------------------------------------
  MG RESIDUAL DECAY
------------------------------------------------------
 Iter    Rel. Residual           Reduction Factor
------------------------------------------------------
 0       9.808179e-02            -----
 1       1.189406e-02            0.1213
 2       1.544483e-03            0.1299
 3       2.213023e-04            0.1433
 4       4.173653e-05            0.1886
 5       1.140506e-05            0.2733
 6       3.589941e-06            0.3148
 7       1.149682e-06            0.3203
 8       3.679648e-07            0.3201
 9       1.174561e-07            0.3192
 10      3.746639e-08            0.3190
 11      1.195673e-08            0.3191
 12      3.817347e-09            0.3193
 13      1.218879e-09            0.3193
 14      3.891161e-10            0.3192
 15      1.241893e-10            0.3192
------------------------------------------------------
 Iterations:      16
 Final Rel. Res.: 1.241893e-10
 Asymptotic Rate: 0.319233 (Geom. Mean, last 4 iters)
======================================================

======================================================
  Refinement Level: 6
======================================================
 Mesh width (h):  6.2110e-03
 Total DOFs:      230145
 Spectral Radii:  0.332869
 GMRES Avg Iters: 13.00
------------------------------------------------------
  MG RESIDUAL DECAY
------------------------------------------------------
 Iter    Rel. Residual           Reduction Factor
------------------------------------------------------
 0       9.803167e-02            -----
 1       1.180189e-02            0.1204
 2       1.533584e-03            0.1299
 3       2.249189e-04            0.1467
 4       4.600914e-05            0.2046
 5       1.351465e-05            0.2937
 6       4.463538e-06            0.3303
 7       1.493363e-06            0.3346
 8       4.992736e-07            0.3343
 9       1.666646e-07            0.3338
 10      5.555427e-08            0.3333
 11      1.850292e-08            0.3331
 12      6.161445e-09            0.3330
 13      2.052422e-09            0.3331
 14      6.842009e-10            0.3334
 15      2.283268e-10            0.3337
------------------------------------------------------
 Iterations:      16
 Final Rel. Res.: 2.283268e-10
 Asymptotic Rate: 0.333394 (Geom. Mean, last 4 iters)
======================================================

