Device configuration: omp,cpu
Memory configuration: host-std
Loaded config: /cluster/home/rdabetic/decmg/configs/hcurl_3d_ball_barycentric_v.json
=================================================
  Multigrid Convergence Test Configuration
=================================================
 Problem Type:    hcurl
 Mesh File:       meshes/3d/ball.msh
 Output File:     out/barycentric/v/veclap/3d/ball.csv
 MG Cycle Type:   V-Cycle
 Mass Lumping:    barycentric
 B-Conditions:    essential
 Max Refinement:  5
 Eigenvalues:     1 (Tol: 0.01)
 GMRES Benchmark: 8 runs (Tol: 1e-06, K-Dim: 20)
=================================================

======================================================
  Refinement Level: 1
======================================================
 Mesh width (h):  3.0757e-01
 Total DOFs:      939
 Spectral Radii:  0.463895
 GMRES Avg Iters: 17.12
------------------------------------------------------
  MG RESIDUAL DECAY
------------------------------------------------------
 Iter    Rel. Residual           Reduction Factor
------------------------------------------------------
 0       5.796370e-02            -----
 1       1.052885e-02            0.1816
 2       2.985964e-03            0.2836
 3       1.100924e-03            0.3687
 4       4.553151e-04            0.4136
 5       1.949934e-04            0.4283
 6       8.485995e-05            0.4352
 7       3.737111e-05            0.4404
 8       1.663270e-05            0.4451
 9       7.472611e-06            0.4493
 10      3.384249e-06            0.4529
 11      1.542735e-06            0.4559
 12      7.069025e-07            0.4582
 13      3.252039e-07            0.4600
 14      1.500613e-07            0.4614
 15      6.940314e-08            0.4625
------------------------------------------------------
 Iterations:      16
 Final Rel. Res.: 6.940314e-08
 Asymptotic Rate: 0.461325 (Geom. Mean, last 4 iters)
======================================================

======================================================
  Refinement Level: 2
======================================================
 Mesh width (h):  1.5378e-01
 Total DOFs:      6341
 Spectral Radii:  0.56044
 GMRES Avg Iters: 23.00
------------------------------------------------------
  MG RESIDUAL DECAY
------------------------------------------------------
 Iter    Rel. Residual           Reduction Factor
------------------------------------------------------
 0       6.609209e-02            -----
 1       1.090229e-02            0.1650
 2       3.245014e-03            0.2976
 3       1.193619e-03            0.3678
 4       4.947416e-04            0.4145
 5       2.183853e-04            0.4414
 6       1.001868e-04            0.4588
 7       4.724280e-05            0.4715
 8       2.275856e-05            0.4817
 9       1.115774e-05            0.4903
 10      5.551627e-06            0.4976
 11      2.796879e-06            0.5038
 12      1.423783e-06            0.5091
 13      7.310167e-07            0.5134
 14      3.779333e-07            0.5170
 15      1.964711e-07            0.5199
------------------------------------------------------
 Iterations:      16
 Final Rel. Res.: 1.964711e-07
 Asymptotic Rate: 0.516755 (Geom. Mean, last 4 iters)
======================================================

======================================================
  Refinement Level: 3
======================================================
 Mesh width (h):  7.6892e-02
 Total DOFs:      46409
 Spectral Radii:  0.639035
 GMRES Avg Iters: 26.00
------------------------------------------------------
  MG RESIDUAL DECAY
------------------------------------------------------
 Iter    Rel. Residual           Reduction Factor
------------------------------------------------------
 0       6.742219e-02            -----
 1       1.131533e-02            0.1678
 2       3.404160e-03            0.3008
 3       1.287728e-03            0.3783
 4       5.582691e-04            0.4335
 5       2.650678e-04            0.4748
 6       1.338111e-04            0.5048
 7       7.045085e-05            0.5265
 8       3.820985e-05            0.5424
 9       2.117966e-05            0.5543
 10      1.193707e-05            0.5636
 11      6.818006e-06            0.5712
 12      3.937542e-06            0.5775
 13      2.295766e-06            0.5830
 14      1.349825e-06            0.5880
 15      7.996575e-07            0.5924
------------------------------------------------------
 Iterations:      16
 Final Rel. Res.: 7.996575e-07
 Asymptotic Rate: 0.587796 (Geom. Mean, last 4 iters)
======================================================

======================================================
  Refinement Level: 4
======================================================
 Mesh width (h):  3.8446e-02
 Total DOFs:      354705
 Spectral Radii:  0.686013
 GMRES Avg Iters: 28.00
------------------------------------------------------
  MG RESIDUAL DECAY
------------------------------------------------------
 Iter    Rel. Residual           Reduction Factor
------------------------------------------------------
 0       6.873752e-02            -----
 1       1.143045e-02            0.1663
 2       3.462628e-03            0.3029
 3       1.337037e-03            0.3861
 4       5.951174e-04            0.4451
 5       2.930015e-04            0.4923
 6       1.550111e-04            0.5290
 7       8.622408e-05            0.5562
 8       4.966242e-05            0.5760
 9       2.931971e-05            0.5904
 10      1.762657e-05            0.6012
 11      1.074430e-05            0.6096
 12      6.621101e-06            0.6162
 13      4.116665e-06            0.6217
 14      2.578648e-06            0.6264
 15      1.625549e-06            0.6304
------------------------------------------------------
 Iterations:      16
 Final Rel. Res.: 1.625549e-06
 Asymptotic Rate: 0.626167 (Geom. Mean, last 4 iters)
======================================================

======================================================
  Refinement Level: 5
======================================================
 Mesh width (h):  1.9223e-02
 Total DOFs:      2772769
 Spectral Radii:  0.706432
 GMRES Avg Iters: 29.00
------------------------------------------------------
  MG RESIDUAL DECAY
------------------------------------------------------
 Iter    Rel. Residual           Reduction Factor
------------------------------------------------------
 0       6.956917e-02            -----
 1       1.134802e-02            0.1631
 2       3.380487e-03            0.2979
 3       1.286311e-03            0.3805
 4       5.630426e-04            0.4377
 5       2.711201e-04            0.4815
 6       1.397954e-04            0.5156
 7       7.582074e-05            0.5424
 8       4.273521e-05            0.5636
 9       2.482338e-05            0.5809
 10      1.477278e-05            0.5951
 11      8.968950e-06            0.6071
 12      5.537493e-06            0.6174
 13      3.468185e-06            0.6263
 14      2.199128e-06            0.6341
 15      1.409464e-06            0.6409
------------------------------------------------------
 Iterations:      16
 Final Rel. Res.: 1.409464e-06
 Asymptotic Rate: 0.633744 (Geom. Mean, last 4 iters)
======================================================

