Device configuration: omp,cpu
Memory configuration: host-std
Loaded config: /cluster/home/rdabetic/decmg/configs/hcurl_3d_corner_barycentric_w.json
=================================================
  Multigrid Convergence Test Configuration
=================================================
 Problem Type:    hcurl
 Mesh File:       meshes/3d/corner.msh
 Output File:     out/barycentric/w/veclap/3d/corner.csv
 MG Cycle Type:   W-Cycle
 Mass Lumping:    barycentric
 B-Conditions:    essential
 Max Refinement:  5
 Eigenvalues:     1 (Tol: 0.01)
 GMRES Benchmark: 8 runs (Tol: 1e-06, K-Dim: 20)
=================================================

======================================================
  Refinement Level: 1
======================================================
 Mesh width (h):  5.0000e-01
 Total DOFs:      545
 Spectral Radii:  0.446812
 GMRES Avg Iters: 14.00
------------------------------------------------------
  MG RESIDUAL DECAY
------------------------------------------------------
 Iter    Rel. Residual           Reduction Factor
------------------------------------------------------
 0       5.604850e-02            -----
 1       9.237989e-03            0.1648
 2       2.904346e-03            0.3144
 3       1.104832e-03            0.3804
 4       4.430718e-04            0.4010
 5       1.837203e-04            0.4147
 6       7.837970e-05            0.4266
 7       3.418179e-05            0.4361
 8       1.512509e-05            0.4425
 9       6.749064e-06            0.4462
 10      3.024395e-06            0.4481
 11      1.357765e-06            0.4489
 12      6.098611e-07            0.4492
 13      2.738879e-07            0.4491
 14      1.229484e-07            0.4489
 15      5.516146e-08            0.4487
------------------------------------------------------
 Iterations:      16
 Final Rel. Res.: 5.516146e-08
 Asymptotic Rate: 0.448885 (Geom. Mean, last 4 iters)
======================================================

======================================================
  Refinement Level: 2
======================================================
 Mesh width (h):  2.5000e-01
 Total DOFs:      3681
 Spectral Radii:  0.512474
 GMRES Avg Iters: 15.75
------------------------------------------------------
  MG RESIDUAL DECAY
------------------------------------------------------
 Iter    Rel. Residual           Reduction Factor
------------------------------------------------------
 0       5.801943e-02            -----
 1       1.050779e-02            0.1811
 2       3.482769e-03            0.3314
 3       1.415211e-03            0.4063
 4       6.259089e-04            0.4423
 5       2.890148e-04            0.4618
 6       1.367524e-04            0.4732
 7       6.569840e-05            0.4804
 8       3.189797e-05            0.4855
 9       1.561259e-05            0.4895
 10      7.692048e-06            0.4927
 11      3.810797e-06            0.4954
 12      1.896900e-06            0.4978
 13      9.480453e-07            0.4998
 14      4.754549e-07            0.5015
 15      2.391426e-07            0.5030
------------------------------------------------------
 Iterations:      16
 Final Rel. Res.: 2.391426e-07
 Asymptotic Rate: 0.501423 (Geom. Mean, last 4 iters)
======================================================

======================================================
  Refinement Level: 3
======================================================
 Mesh width (h):  1.2500e-01
 Total DOFs:      26945
 Spectral Radii:  0.560594
 GMRES Avg Iters: 17.00
------------------------------------------------------
  MG RESIDUAL DECAY
------------------------------------------------------
 Iter    Rel. Residual           Reduction Factor
------------------------------------------------------
 0       6.324282e-02            -----
 1       1.040156e-02            0.1645
 2       2.983666e-03            0.2868
 3       1.039357e-03            0.3483
 4       4.081171e-04            0.3927
 5       1.737568e-04            0.4258
 6       7.825630e-05            0.4504
 7       3.666609e-05            0.4685
 8       1.767374e-05            0.4820
 9       8.699916e-06            0.4923
 10      4.352059e-06            0.5002
 11      2.204979e-06            0.5067
 12      1.128753e-06            0.5119
 13      5.827729e-07            0.5163
 14      3.030422e-07            0.5200
 15      1.585366e-07            0.5232
------------------------------------------------------
 Iterations:      16
 Final Rel. Res.: 1.585366e-07
 Asymptotic Rate: 0.519809 (Geom. Mean, last 4 iters)
======================================================

======================================================
  Refinement Level: 4
======================================================
 Mesh width (h):  6.2500e-02
 Total DOFs:      205953
 Spectral Radii:  0.582854
 GMRES Avg Iters: 18.00
------------------------------------------------------
  MG RESIDUAL DECAY
------------------------------------------------------
 Iter    Rel. Residual           Reduction Factor
------------------------------------------------------
 0       6.670109e-02            -----
 1       1.072325e-02            0.1608
 2       3.094592e-03            0.2886
 3       1.111090e-03            0.3590
 4       4.518121e-04            0.4066
 5       1.999721e-04            0.4426
 6       9.389272e-05            0.4695
 7       4.598009e-05            0.4897
 8       2.322293e-05            0.5051
 9       1.200489e-05            0.5169
 10      6.317443e-06            0.5262
 11      3.370902e-06            0.5336
 12      1.818408e-06            0.5394
 13      9.894910e-07            0.5442
 14      5.422177e-07            0.5480
 15      2.988228e-07            0.5511
------------------------------------------------------
 Iterations:      16
 Final Rel. Res.: 2.988228e-07
 Asymptotic Rate: 0.547740 (Geom. Mean, last 4 iters)
======================================================

======================================================
  Refinement Level: 5
======================================================
 Mesh width (h):  3.1250e-02
 Total DOFs:      1609985
 Spectral Radii:  0.592872
 GMRES Avg Iters: 18.00
------------------------------------------------------
  MG RESIDUAL DECAY
------------------------------------------------------
 Iter    Rel. Residual           Reduction Factor
------------------------------------------------------
 0       6.817143e-02            -----
 1       1.073355e-02            0.1574
 2       3.044362e-03            0.2836
 3       1.078965e-03            0.3544
 4       4.355656e-04            0.4037
 5       1.922428e-04            0.4414
 6       9.028797e-05            0.4697
 7       4.430455e-05            0.4907
 8       2.244084e-05            0.5065
 9       1.163795e-05            0.5186
 10      6.145280e-06            0.5280
 11      3.291028e-06            0.5355
 12      1.782448e-06            0.5416
 13      9.742985e-07            0.5466
 14      5.366314e-07            0.5508
 15      2.974730e-07            0.5543
------------------------------------------------------
 Iterations:      16
 Final Rel. Res.: 2.974730e-07
 Asymptotic Rate: 0.550567 (Geom. Mean, last 4 iters)
======================================================

