Device configuration: omp,cpu
Memory configuration: host-std
Loaded config: /cluster/home/rdabetic/decmg/configs/hcurl_3d_tetra_barycentric_v.json
=================================================
  Multigrid Convergence Test Configuration
=================================================
 Problem Type:    hcurl
 Mesh File:       meshes/3d/tetra.msh
 Output File:     out/barycentric/v/veclap/3d/tetra.csv
 MG Cycle Type:   V-Cycle
 Mass Lumping:    barycentric
 B-Conditions:    essential
 Max Refinement:  5
 Eigenvalues:     1 (Tol: 0.01)
 GMRES Benchmark: 8 runs (Tol: 1e-06, K-Dim: 20)
=================================================

======================================================
  Refinement Level: 1
======================================================
 Mesh width (h):  3.5355e-01
 Total DOFs:      165
 Spectral Radii:  0.255478
 GMRES Avg Iters: 8.38
------------------------------------------------------
  MG RESIDUAL DECAY
------------------------------------------------------
 Iter    Rel. Residual           Reduction Factor
------------------------------------------------------
 0       4.256823e-02            -----
 1       7.986877e-03            0.1876
 2       1.993463e-03            0.2496
 3       4.952853e-04            0.2485
 4       1.191442e-04            0.2406
 5       2.874739e-05            0.2413
 6       6.924748e-06            0.2409
 7       1.672791e-06            0.2416
 8       4.052900e-07            0.2423
 9       9.864101e-08            0.2434
 10      2.413428e-08            0.2447
 11      5.939517e-09            0.2461
 12      1.470558e-09            0.2476
 13      3.662446e-10            0.2491
 14      9.171533e-11            0.2504
 15      2.307977e-11            0.2516
------------------------------------------------------
 Iterations:      16
 Final Rel. Res.: 2.307977e-11
 Asymptotic Rate: 0.250370 (Geom. Mean, last 4 iters)
======================================================

======================================================
  Refinement Level: 2
======================================================
 Mesh width (h):  1.7678e-01
 Total DOFs:      969
 Spectral Radii:  0.386613
 GMRES Avg Iters: 10.00
------------------------------------------------------
  MG RESIDUAL DECAY
------------------------------------------------------
 Iter    Rel. Residual           Reduction Factor
------------------------------------------------------
 0       4.821416e-02            -----
 1       7.463071e-03            0.1548
 2       1.850840e-03            0.2480
 3       5.755341e-04            0.3110
 4       2.014286e-04            0.3500
 5       7.315815e-05            0.3632
 6       2.688831e-05            0.3675
 7       9.936923e-06            0.3696
 8       3.684545e-06            0.3708
 9       1.369376e-06            0.3717
 10      5.098480e-07            0.3723
 11      1.901157e-07            0.3729
 12      7.098886e-08            0.3734
 13      2.654111e-08            0.3739
 14      9.935211e-09            0.3743
 15      3.723412e-09            0.3748
------------------------------------------------------
 Iterations:      16
 Final Rel. Res.: 3.723412e-09
 Asymptotic Rate: 0.374326 (Geom. Mean, last 4 iters)
======================================================

======================================================
  Refinement Level: 3
======================================================
 Mesh width (h):  8.8388e-02
 Total DOFs:      6545
 Spectral Radii:  0.43897
 GMRES Avg Iters: 10.25
------------------------------------------------------
  MG RESIDUAL DECAY
------------------------------------------------------
 Iter    Rel. Residual           Reduction Factor
------------------------------------------------------
 0       5.904246e-02            -----
 1       8.978146e-03            0.1521
 2       2.483143e-03            0.2766
 3       8.303630e-04            0.3344
 4       3.061948e-04            0.3687
 5       1.193961e-04            0.3899
 6       4.801274e-05            0.4021
 7       1.960249e-05            0.4083
 8       8.064563e-06            0.4114
 9       3.332116e-06            0.4132
 10      1.380722e-06            0.4144
 11      5.733953e-07            0.4153
 12      2.385705e-07            0.4161
 13      9.942715e-08            0.4168
 14      4.150093e-08            0.4174
 15      1.734718e-08            0.4180
------------------------------------------------------
 Iterations:      16
 Final Rel. Res.: 1.734718e-08
 Asymptotic Rate: 0.417386 (Geom. Mean, last 4 iters)
======================================================

======================================================
  Refinement Level: 4
======================================================
 Mesh width (h):  4.4194e-02
 Total DOFs:      47905
 Spectral Radii:  0.461365
 GMRES Avg Iters: 11.00
------------------------------------------------------
  MG RESIDUAL DECAY
------------------------------------------------------
 Iter    Rel. Residual           Reduction Factor
------------------------------------------------------
 0       6.210196e-02            -----
 1       9.308144e-03            0.1499
 2       2.428170e-03            0.2609
 3       7.842437e-04            0.3230
 4       2.848994e-04            0.3633
 5       1.103371e-04            0.3873
 6       4.421799e-05            0.4008
 7       1.806593e-05            0.4086
 8       7.472332e-06            0.4136
 9       3.118088e-06            0.4173
 10      1.310152e-06            0.4202
 11      5.536265e-07            0.4226
 12      2.350640e-07            0.4246
 13      1.002146e-07            0.4263
 14      4.287608e-08            0.4278
 15      1.840127e-08            0.4292
------------------------------------------------------
 Iterations:      16
 Final Rel. Res.: 1.840127e-08
 Asymptotic Rate: 0.427780 (Geom. Mean, last 4 iters)
======================================================

======================================================
  Refinement Level: 5
======================================================
 Mesh width (h):  2.2097e-02
 Total DOFs:      366145
 Spectral Radii:  0.473727
 GMRES Avg Iters: 11.00
------------------------------------------------------
  MG RESIDUAL DECAY
------------------------------------------------------
 Iter    Rel. Residual           Reduction Factor
------------------------------------------------------
 0       6.371242e-02            -----
 1       9.311681e-03            0.1462
 2       2.425614e-03            0.2605
 3       7.797182e-04            0.3215
 4       2.805006e-04            0.3597
 5       1.074172e-04            0.3829
 6       4.263257e-05            0.3969
 7       1.729665e-05            0.4057
 8       7.123854e-06            0.4119
 9       2.967627e-06            0.4166
 10      1.247759e-06            0.4205
 11      5.288012e-07            0.4238
 12      2.256721e-07            0.4268
 13      9.690991e-08            0.4294
 14      4.185106e-08            0.4319
 15      1.816685e-08            0.4341
------------------------------------------------------
 Iterations:      16
 Final Rel. Res.: 1.816685e-08
 Asymptotic Rate: 0.431785 (Geom. Mean, last 4 iters)
======================================================

