Device configuration: omp,cpu
Memory configuration: host-std
Loaded config: /cluster/home/rdabetic/decmg/configs/hcurl_2d_circle_rowsum_w.json
=================================================
  Multigrid Convergence Test Configuration
=================================================
 Problem Type:    hcurl
 Mesh File:       meshes/2d/circle.msh
 Output File:     out/rowsum/w/veclap/2d/circle.csv
 MG Cycle Type:   W-Cycle
 Mass Lumping:    rowsum
 B-Conditions:    essential
 Max Refinement:  6
 Eigenvalues:     1 (Tol: 0.01)
 GMRES Benchmark: 8 runs (Tol: 1e-06, K-Dim: 20)
=================================================


Gmsh reader: all element attributes were zero.
MFEM only supports positive element attributes.
Setting element attributes to 1.

======================================================
  Refinement Level: 1
======================================================
 Mesh width (h):  1.8955e-01
 Total DOFs:      807
 Spectral Radii:  0.188522
 GMRES Avg Iters: 8.00
------------------------------------------------------
  MG RESIDUAL DECAY
------------------------------------------------------
 Iter    Rel. Residual           Reduction Factor
------------------------------------------------------
 0       8.355925e-02            -----
 1       1.029620e-02            0.1232
 2       1.598062e-03            0.1552
 3       2.606302e-04            0.1631
 4       4.209441e-05            0.1615
 5       7.370486e-06            0.1751
 6       1.389420e-06            0.1885
 7       2.550164e-07            0.1835
 8       4.585315e-08            0.1798
 9       8.125182e-09            0.1772
 10      1.406528e-09            0.1731
 11      2.387089e-10            0.1697
 12      4.114739e-11            0.1724
 13      7.526010e-12            0.1829
 14      1.407139e-12            0.1870
 15      2.485356e-13            0.1766
------------------------------------------------------
 Iterations:      16
 Final Rel. Res.: 2.485356e-13
 Asymptotic Rate: 0.182116 (Geom. Mean, last 4 iters)
======================================================

======================================================
  Refinement Level: 2
======================================================
 Mesh width (h):  9.4776e-02
 Total DOFs:      3133
 Spectral Radii:  0.203875
 GMRES Avg Iters: 9.00
------------------------------------------------------
  MG RESIDUAL DECAY
------------------------------------------------------
 Iter    Rel. Residual           Reduction Factor
------------------------------------------------------
 0       9.328786e-02            -----
 1       1.132417e-02            0.1214
 2       1.631338e-03            0.1441
 3       2.509514e-04            0.1538
 4       4.335741e-05            0.1728
 5       7.376733e-06            0.1701
 6       1.300961e-06            0.1764
 7       2.458104e-07            0.1889
 8       4.699330e-08            0.1912
 9       8.917996e-09            0.1898
 10      1.691136e-09            0.1896
 11      3.209060e-10            0.1898
 12      6.129238e-11            0.1910
 13      1.174827e-11            0.1917
 14      2.245425e-12            0.1911
 15      4.273895e-13            0.1903
------------------------------------------------------
 Iterations:      16
 Final Rel. Res.: 4.273895e-13
 Asymptotic Rate: 0.191047 (Geom. Mean, last 4 iters)
======================================================

======================================================
  Refinement Level: 3
======================================================
 Mesh width (h):  4.7388e-02
 Total DOFs:      12345
 Spectral Radii:  0.226634
 GMRES Avg Iters: 9.00
------------------------------------------------------
  MG RESIDUAL DECAY
------------------------------------------------------
 Iter    Rel. Residual           Reduction Factor
------------------------------------------------------
 0       9.880673e-02            -----
 1       1.177803e-02            0.1192
 2       1.618232e-03            0.1374
 3       2.450741e-04            0.1514
 4       4.092329e-05            0.1670
 5       7.184407e-06            0.1756
 6       1.348165e-06            0.1877
 7       2.625235e-07            0.1947
 8       5.137254e-08            0.1957
 9       1.016095e-08            0.1978
 10      2.042582e-09            0.2010
 11      4.139380e-10            0.2027
 12      8.466731e-11            0.2045
 13      1.751212e-11            0.2068
 14      3.667749e-12            0.2094
 15      7.780772e-13            0.2121
------------------------------------------------------
 Iterations:      16
 Final Rel. Res.: 7.780772e-13
 Asymptotic Rate: 0.209461 (Geom. Mean, last 4 iters)
======================================================

======================================================
  Refinement Level: 4
======================================================
 Mesh width (h):  2.3694e-02
 Total DOFs:      49009
 Spectral Radii:  0.240821
 GMRES Avg Iters: 9.00
------------------------------------------------------
  MG RESIDUAL DECAY
------------------------------------------------------
 Iter    Rel. Residual           Reduction Factor
------------------------------------------------------
 0       9.581183e-02            -----
 1       1.176297e-02            0.1228
 2       1.592717e-03            0.1354
 3       2.457879e-04            0.1543
 4       4.274584e-05            0.1739
 5       7.984168e-06            0.1868
 6       1.546348e-06            0.1937
 7       3.100049e-07            0.2005
 8       6.360883e-08            0.2052
 9       1.319003e-08            0.2074
 10      2.755784e-09            0.2089
 11      5.798225e-10            0.2104
 12      1.227360e-10            0.2117
 13      2.614267e-11            0.2130
 14      5.607920e-12            0.2145
 15      1.212632e-12            0.2162
------------------------------------------------------
 Iterations:      16
 Final Rel. Res.: 1.212632e-12
 Asymptotic Rate: 0.214578 (Geom. Mean, last 4 iters)
======================================================

======================================================
  Refinement Level: 5
======================================================
 Mesh width (h):  1.1847e-02
 Total DOFs:      195297
 Spectral Radii:  0.249693
 GMRES Avg Iters: 9.00
------------------------------------------------------
  MG RESIDUAL DECAY
------------------------------------------------------
 Iter    Rel. Residual           Reduction Factor
------------------------------------------------------
 0       9.762596e-02            -----
 1       1.203042e-02            0.1232
 2       1.624467e-03            0.1350
 3       2.479313e-04            0.1526
 4       4.291334e-05            0.1731
 5       7.929852e-06            0.1848
 6       1.540878e-06            0.1943
 7       3.114125e-07            0.2021
 8       6.448236e-08            0.2071
 9       1.362411e-08            0.2113
 10      2.929903e-09            0.2151
 11      6.388250e-10            0.2180
 12      1.408482e-10            0.2205
 13      3.134354e-11            0.2225
 14      7.029652e-12            0.2243
 15      1.587674e-12            0.2259
------------------------------------------------------
 Iterations:      16
 Final Rel. Res.: 1.587674e-12
 Asymptotic Rate: 0.224218 (Geom. Mean, last 4 iters)
======================================================

======================================================
  Refinement Level: 6
======================================================
 Mesh width (h):  5.9235e-03
 Total DOFs:      779713
 Spectral Radii:  0.25288
 GMRES Avg Iters: 9.00
------------------------------------------------------
  MG RESIDUAL DECAY
------------------------------------------------------
 Iter    Rel. Residual           Reduction Factor
------------------------------------------------------
 0       9.763767e-02            -----
 1       1.208708e-02            0.1238
 2       1.624392e-03            0.1344
 3       2.479734e-04            0.1527
 4       4.312761e-05            0.1739
 5       7.993889e-06            0.1854
 6       1.561236e-06            0.1953
 7       3.181948e-07            0.2038
 8       6.652160e-08            0.2091
 9       1.421631e-08            0.2137
 10      3.097109e-09            0.2179
 11      6.853115e-10            0.2213
 12      1.536957e-10            0.2243
 13      3.487291e-11            0.2269
 14      7.991665e-12            0.2292
 15      1.847286e-12            0.2312
------------------------------------------------------
 Iterations:      16
 Final Rel. Res.: 1.847286e-12
 Asymptotic Rate: 0.229064 (Geom. Mean, last 4 iters)
======================================================

