Device configuration: omp,cpu
Memory configuration: host-std
Loaded config: /cluster/home/rdabetic/decmg/configs/hcurl_3d_ball_barycentric_w.json
=================================================
  Multigrid Convergence Test Configuration
=================================================
 Problem Type:    hcurl
 Mesh File:       meshes/3d/ball.msh
 Output File:     out/barycentric/w/veclap/3d/ball.csv
 MG Cycle Type:   W-Cycle
 Mass Lumping:    barycentric
 B-Conditions:    essential
 Max Refinement:  5
 Eigenvalues:     1 (Tol: 0.01)
 GMRES Benchmark: 8 runs (Tol: 1e-06, K-Dim: 20)
=================================================

======================================================
  Refinement Level: 1
======================================================
 Mesh width (h):  3.0757e-01
 Total DOFs:      939
 Spectral Radii:  0.463895
 GMRES Avg Iters: 17.12
------------------------------------------------------
  MG RESIDUAL DECAY
------------------------------------------------------
 Iter    Rel. Residual           Reduction Factor
------------------------------------------------------
 0       5.796370e-02            -----
 1       1.052885e-02            0.1816
 2       2.985964e-03            0.2836
 3       1.100924e-03            0.3687
 4       4.553151e-04            0.4136
 5       1.949934e-04            0.4283
 6       8.485995e-05            0.4352
 7       3.737111e-05            0.4404
 8       1.663270e-05            0.4451
 9       7.472611e-06            0.4493
 10      3.384249e-06            0.4529
 11      1.542735e-06            0.4559
 12      7.069025e-07            0.4582
 13      3.252039e-07            0.4600
 14      1.500613e-07            0.4614
 15      6.940314e-08            0.4625
------------------------------------------------------
 Iterations:      16
 Final Rel. Res.: 6.940314e-08
 Asymptotic Rate: 0.461325 (Geom. Mean, last 4 iters)
======================================================

======================================================
  Refinement Level: 2
======================================================
 Mesh width (h):  1.5378e-01
 Total DOFs:      6341
 Spectral Radii:  0.562167
 GMRES Avg Iters: 22.62
------------------------------------------------------
  MG RESIDUAL DECAY
------------------------------------------------------
 Iter    Rel. Residual           Reduction Factor
------------------------------------------------------
 0       6.613230e-02            -----
 1       1.089958e-02            0.1648
 2       3.187332e-03            0.2924
 3       1.159988e-03            0.3639
 4       4.758623e-04            0.4102
 5       2.074364e-04            0.4359
 6       9.375561e-05            0.4520
 7       4.346638e-05            0.4636
 8       2.055929e-05            0.4730
 9       9.891416e-06            0.4811
 10      4.830519e-06            0.4884
 11      2.389982e-06            0.4948
 12      1.195740e-06            0.5003
 13      6.038114e-07            0.5050
 14      3.072011e-07            0.5088
 15      1.572270e-07            0.5118
------------------------------------------------------
 Iterations:      16
 Final Rel. Res.: 1.572270e-07
 Asymptotic Rate: 0.508507 (Geom. Mean, last 4 iters)
======================================================

======================================================
  Refinement Level: 3
======================================================
 Mesh width (h):  7.6892e-02
 Total DOFs:      46409
 Spectral Radii:  0.63632
 GMRES Avg Iters: 26.00
------------------------------------------------------
  MG RESIDUAL DECAY
------------------------------------------------------
 Iter    Rel. Residual           Reduction Factor
------------------------------------------------------
 0       6.736012e-02            -----
 1       1.130055e-02            0.1678
 2       3.360555e-03            0.2974
 3       1.251832e-03            0.3725
 4       5.360500e-04            0.4282
 5       2.522514e-04            0.4706
 6       1.266030e-04            0.5019
 7       6.640352e-05            0.5245
 8       3.591274e-05            0.5408
 9       1.985673e-05            0.5529
 10      1.116493e-05            0.5623
 11      6.362912e-06            0.5699
 12      3.667752e-06            0.5764
 13      2.135451e-06            0.5822
 14      1.254585e-06            0.5875
 15      7.431888e-07            0.5924
------------------------------------------------------
 Iterations:      16
 Final Rel. Res.: 7.431888e-07
 Asymptotic Rate: 0.587354 (Geom. Mean, last 4 iters)
======================================================

======================================================
  Refinement Level: 4
======================================================
 Mesh width (h):  3.8446e-02
 Total DOFs:      354705
 Spectral Radii:  0.684053
 GMRES Avg Iters: 28.00
------------------------------------------------------
  MG RESIDUAL DECAY
------------------------------------------------------
 Iter    Rel. Residual           Reduction Factor
------------------------------------------------------
 0       6.871007e-02            -----
 1       1.142102e-02            0.1662
 2       3.416360e-03            0.2991
 3       1.296692e-03            0.3796
 4       5.683588e-04            0.4383
 5       2.765128e-04            0.4865
 6       1.450092e-04            0.5244
 7       8.015830e-05            0.5528
 8       4.596923e-05            0.5735
 9       2.705988e-05            0.5887
 10      1.623638e-05            0.6000
 11      9.884428e-06            0.6088
 12      6.086328e-06            0.6157
 13      3.782287e-06            0.6214
 14      2.368471e-06            0.6262
 15      1.492766e-06            0.6303
------------------------------------------------------
 Iterations:      16
 Final Rel. Res.: 1.492766e-06
 Asymptotic Rate: 0.625958 (Geom. Mean, last 4 iters)
======================================================

======================================================
  Refinement Level: 5
======================================================
 Mesh width (h):  1.9223e-02
 Total DOFs:      2772769
 Spectral Radii:  0.705574
 GMRES Avg Iters: 28.88
------------------------------------------------------
  MG RESIDUAL DECAY
------------------------------------------------------
 Iter    Rel. Residual           Reduction Factor
------------------------------------------------------
 0       6.954390e-02            -----
 1       1.132602e-02            0.1629
 2       3.331039e-03            0.2941
 3       1.246592e-03            0.3742
 4       5.378143e-04            0.4314
 5       2.558959e-04            0.4758
 6       1.306252e-04            0.5105
 7       7.023068e-05            0.5377
 8       3.927674e-05            0.5593
 9       2.265309e-05            0.5768
 10      1.339347e-05            0.5912
 11      8.082561e-06            0.6035
 12      4.962392e-06            0.6140
 13      3.091990e-06            0.6231
 14      1.951341e-06            0.6311
 15      1.245311e-06            0.6382
------------------------------------------------------
 Iterations:      16
 Final Rel. Res.: 1.245311e-06
 Asymptotic Rate: 0.630757 (Geom. Mean, last 4 iters)
======================================================

