Device configuration: omp,cpu
Memory configuration: host-std
Loaded config: /cluster/home/rdabetic/decmg/configs/hcurl_2d_square_centered_scaledid_w.json
=================================================
  Multigrid Convergence Test Configuration
=================================================
 Problem Type:    hcurl
 Mesh File:       meshes/2d/square_centered.msh
 Output File:     out/scaledid/w/veclap/2d/square_centered.csv
 MG Cycle Type:   W-Cycle
 Mass Lumping:    scaledid
 B-Conditions:    essential
 Max Refinement:  6
 Eigenvalues:     1 (Tol: 0.01)
 GMRES Benchmark: 8 runs (Tol: 1e-06, K-Dim: 20)
=================================================


Gmsh reader: all element attributes were zero.
MFEM only supports positive element attributes.
Setting element attributes to 1.

======================================================
  Refinement Level: 1
======================================================
 Mesh width (h):  1.9875e-01
 Total DOFs:      249
 Spectral Radii:  0.169504
 GMRES Avg Iters: 12.00
------------------------------------------------------
  MG RESIDUAL DECAY
------------------------------------------------------
 Iter    Rel. Residual           Reduction Factor
------------------------------------------------------
 0       7.941615e-02            -----
 1       1.002534e-02            0.1262
 2       1.525636e-03            0.1522
 3       2.239363e-04            0.1468
 4       3.919799e-05            0.1750
 5       6.973242e-06            0.1779
 6       1.177585e-06            0.1689
 7       1.917571e-07            0.1628
 8       2.957346e-08            0.1542
 9       4.503069e-09            0.1523
 10      7.457776e-10            0.1656
 11      1.365884e-10            0.1831
 12      2.573035e-11            0.1884
 13      4.672325e-12            0.1816
 14      7.959885e-13            0.1704
 15      1.270476e-13            0.1596
------------------------------------------------------
 Iterations:      16
 Final Rel. Res.: 1.270476e-13
 Asymptotic Rate: 0.170284 (Geom. Mean, last 4 iters)
======================================================

======================================================
  Refinement Level: 2
======================================================
 Mesh width (h):  9.9376e-02
 Total DOFs:      945
 Spectral Radii:  0.186631
 GMRES Avg Iters: 12.75
------------------------------------------------------
  MG RESIDUAL DECAY
------------------------------------------------------
 Iter    Rel. Residual           Reduction Factor
------------------------------------------------------
 0       9.100298e-02            -----
 1       1.144246e-02            0.1257
 2       1.375655e-03            0.1202
 3       1.819405e-04            0.1323
 4       2.435361e-05            0.1339
 5       3.371038e-06            0.1384
 6       5.402905e-07            0.1603
 7       8.934937e-08            0.1654
 8       1.584798e-08            0.1774
 9       2.941290e-09            0.1856
 10      5.522017e-10            0.1877
 11      1.047925e-10            0.1898
 12      1.951603e-11            0.1862
 13      3.517200e-12            0.1802
 14      6.137744e-13            0.1745
 15      1.039321e-13            0.1693
------------------------------------------------------
 Iterations:      16
 Final Rel. Res.: 1.039321e-13
 Asymptotic Rate: 0.174630 (Geom. Mean, last 4 iters)
======================================================

======================================================
  Refinement Level: 3
======================================================
 Mesh width (h):  4.9688e-02
 Total DOFs:      3681
 Spectral Radii:  0.185094
 GMRES Avg Iters: 13.00
------------------------------------------------------
  MG RESIDUAL DECAY
------------------------------------------------------
 Iter    Rel. Residual           Reduction Factor
------------------------------------------------------
 0       1.002968e-01            -----
 1       1.145156e-02            0.1142
 2       1.429763e-03            0.1249
 3       1.881559e-04            0.1316
 4       2.676302e-05            0.1422
 5       3.817196e-06            0.1426
 6       5.302409e-07            0.1389
 7       7.395500e-08            0.1395
 8       1.092522e-08            0.1477
 9       1.642784e-09            0.1504
 10      2.597244e-10            0.1581
 11      4.151869e-11            0.1599
 12      6.962009e-12            0.1677
 13      1.223499e-12            0.1757
 14      2.202154e-13            0.1800
 15      4.060002e-14            0.1844
------------------------------------------------------
 Iterations:      16
 Final Rel. Res.: 4.060002e-14
 Asymptotic Rate: 0.179996 (Geom. Mean, last 4 iters)
======================================================

======================================================
  Refinement Level: 4
======================================================
 Mesh width (h):  2.4844e-02
 Total DOFs:      14529
 Spectral Radii:  0.184804
 GMRES Avg Iters: 13.00
------------------------------------------------------
  MG RESIDUAL DECAY
------------------------------------------------------
 Iter    Rel. Residual           Reduction Factor
------------------------------------------------------
 0       9.478399e-02            -----
 1       1.130383e-02            0.1193
 2       1.396733e-03            0.1236
 3       1.881224e-04            0.1347
 4       2.630063e-05            0.1398
 5       3.770113e-06            0.1433
 6       5.613943e-07            0.1489
 7       8.790172e-08            0.1566
 8       1.447493e-08            0.1647
 9       2.439772e-09            0.1686
 10      4.332009e-10            0.1776
 11      7.993441e-11            0.1845
 12      1.495155e-11            0.1870
 13      2.814204e-12            0.1882
 14      5.204062e-13            0.1849
 15      9.389152e-14            0.1804
------------------------------------------------------
 Iterations:      16
 Final Rel. Res.: 9.389152e-14
 Asymptotic Rate: 0.184493 (Geom. Mean, last 4 iters)
======================================================

======================================================
  Refinement Level: 5
======================================================
 Mesh width (h):  1.2422e-02
 Total DOFs:      57729
 Spectral Radii:  0.184728
 GMRES Avg Iters: 13.00
------------------------------------------------------
  MG RESIDUAL DECAY
------------------------------------------------------
 Iter    Rel. Residual           Reduction Factor
------------------------------------------------------
 0       9.775608e-02            -----
 1       1.168985e-02            0.1196
 2       1.449465e-03            0.1240
 3       1.898166e-04            0.1310
 4       2.628990e-05            0.1385
 5       3.775732e-06            0.1436
 6       5.545991e-07            0.1469
 7       8.692843e-08            0.1567
 8       1.456023e-08            0.1675
 9       2.428528e-09            0.1668
 10      4.164360e-10            0.1715
 11      7.318819e-11            0.1757
 12      1.259239e-11            0.1721
 13      2.139324e-12            0.1699
 14      3.585191e-13            0.1676
 15      5.910832e-14            0.1649
------------------------------------------------------
 Iterations:      16
 Final Rel. Res.: 5.910832e-14
 Asymptotic Rate: 0.167435 (Geom. Mean, last 4 iters)
======================================================

======================================================
  Refinement Level: 6
======================================================
 Mesh width (h):  6.2110e-03
 Total DOFs:      230145
 Spectral Radii:  0.18465
 GMRES Avg Iters: 13.00
------------------------------------------------------
  MG RESIDUAL DECAY
------------------------------------------------------
 Iter    Rel. Residual           Reduction Factor
------------------------------------------------------
 0       9.771774e-02            -----
 1       1.159990e-02            0.1187
 2       1.438641e-03            0.1240
 3       1.881062e-04            0.1308
 4       2.586030e-05            0.1375
 5       3.638353e-06            0.1407
 6       5.184976e-07            0.1425
 7       7.575691e-08            0.1461
 8       1.133706e-08            0.1497
 9       1.719590e-09            0.1517
 10      2.623057e-10            0.1525
 11      4.059405e-11            0.1548
 12      6.386891e-12            0.1573
 13      1.009198e-12            0.1580
 14      1.604610e-13            0.1590
 15      2.603236e-14            0.1622
------------------------------------------------------
 Iterations:      16
 Final Rel. Res.: 2.603236e-14
 Asymptotic Rate: 0.159738 (Geom. Mean, last 4 iters)
======================================================

