Device configuration: omp,cpu
Memory configuration: host-std
Loaded config: /cluster/home/rdabetic/decmg/configs/hcurl_2d_L_scaledid_v.json
=================================================
  Multigrid Convergence Test Configuration
=================================================
 Problem Type:    hcurl
 Mesh File:       meshes/2d/L.msh
 Output File:     out/scaledid/v/veclap/2d/L.csv
 MG Cycle Type:   V-Cycle
 Mass Lumping:    scaledid
 B-Conditions:    essential
 Max Refinement:  6
 Eigenvalues:     1 (Tol: 0.01)
 GMRES Benchmark: 8 runs (Tol: 1e-06, K-Dim: 20)
=================================================


Gmsh reader: all element attributes were zero.
MFEM only supports positive element attributes.
Setting element attributes to 1.

======================================================
  Refinement Level: 1
======================================================
 Mesh width (h):  1.8352e-01
 Total DOFs:      205
 Spectral Radii:  0.147169
 GMRES Avg Iters: 12.00
------------------------------------------------------
  MG RESIDUAL DECAY
------------------------------------------------------
 Iter    Rel. Residual           Reduction Factor
------------------------------------------------------
 0       9.870605e-02            -----
 1       1.183914e-02            0.1199
 2       1.059483e-03            0.0895
 3       1.137528e-04            0.1074
 4       1.438547e-05            0.1265
 5       1.850119e-06            0.1286
 6       2.671304e-07            0.1444
 7       3.633473e-08            0.1360
 8       4.567849e-09            0.1257
 9       5.666930e-10            0.1241
 10      7.246212e-11            0.1279
 11      1.024312e-11            0.1414
 12      1.592092e-12            0.1554
 13      2.524956e-13            0.1586
 14      3.840415e-14            0.1521
 15      5.394916e-15            0.1405
------------------------------------------------------
 Iterations:      16
 Final Rel. Res.: 5.394916e-15
 Asymptotic Rate: 0.150201 (Geom. Mean, last 4 iters)
======================================================

======================================================
  Refinement Level: 2
======================================================
 Mesh width (h):  9.1759e-02
 Total DOFs:      761
 Spectral Radii:  0.186149
 GMRES Avg Iters: 13.00
------------------------------------------------------
  MG RESIDUAL DECAY
------------------------------------------------------
 Iter    Rel. Residual           Reduction Factor
------------------------------------------------------
 0       9.785532e-02            -----
 1       1.216820e-02            0.1243
 2       1.299756e-03            0.1068
 3       1.648358e-04            0.1268
 4       2.737734e-05            0.1661
 5       4.776152e-06            0.1745
 6       7.086007e-07            0.1484
 7       1.109352e-07            0.1566
 8       1.902035e-08            0.1715
 9       3.636402e-09            0.1912
 10      7.107984e-10            0.1955
 11      1.321334e-10            0.1859
 12      2.344826e-11            0.1775
 13      4.010329e-12            0.1710
 14      6.823202e-13            0.1701
 15      1.200724e-13            0.1760
------------------------------------------------------
 Iterations:      16
 Final Rel. Res.: 1.200724e-13
 Asymptotic Rate: 0.172363 (Geom. Mean, last 4 iters)
======================================================

======================================================
  Refinement Level: 3
======================================================
 Mesh width (h):  4.5880e-02
 Total DOFs:      2929
 Spectral Radii:  0.212594
 GMRES Avg Iters: 14.00
------------------------------------------------------
  MG RESIDUAL DECAY
------------------------------------------------------
 Iter    Rel. Residual           Reduction Factor
------------------------------------------------------
 0       9.214927e-02            -----
 1       1.123148e-02            0.1219
 2       1.431676e-03            0.1275
 3       2.226691e-04            0.1555
 4       4.912098e-05            0.2206
 5       9.427761e-06            0.1919
 6       1.885767e-06            0.2000
 7       3.901117e-07            0.2069
 8       8.029890e-08            0.2058
 9       1.667797e-08            0.2077
 10      3.520996e-09            0.2111
 11      7.543254e-10            0.2142
 12      1.646070e-10            0.2182
 13      3.636185e-11            0.2209
 14      8.078096e-12            0.2222
 15      1.801030e-12            0.2230
------------------------------------------------------
 Iterations:      16
 Final Rel. Res.: 1.801030e-12
 Asymptotic Rate: 0.222002 (Geom. Mean, last 4 iters)
======================================================

======================================================
  Refinement Level: 4
======================================================
 Mesh width (h):  2.2940e-02
 Total DOFs:      11489
 Spectral Radii:  0.247546
 GMRES Avg Iters: 14.62
------------------------------------------------------
  MG RESIDUAL DECAY
------------------------------------------------------
 Iter    Rel. Residual           Reduction Factor
------------------------------------------------------
 0       9.638336e-02            -----
 1       1.158237e-02            0.1202
 2       1.514126e-03            0.1307
 3       2.344502e-04            0.1548
 4       4.636852e-05            0.1978
 5       1.086587e-05            0.2343
 6       2.560957e-06            0.2357
 7       6.078358e-07            0.2373
 8       1.458099e-07            0.2399
 9       3.587033e-08            0.2460
 10      8.987675e-09            0.2506
 11      2.253113e-09            0.2507
 12      5.615169e-10            0.2492
 13      1.390796e-10            0.2477
 14      3.425593e-11            0.2463
 15      8.407120e-12            0.2454
------------------------------------------------------
 Iterations:      16
 Final Rel. Res.: 8.407120e-12
 Asymptotic Rate: 0.246469 (Geom. Mean, last 4 iters)
======================================================

======================================================
  Refinement Level: 5
======================================================
 Mesh width (h):  1.1470e-02
 Total DOFs:      45505
 Spectral Radii:  0.266774
 GMRES Avg Iters: 15.00
------------------------------------------------------
  MG RESIDUAL DECAY
------------------------------------------------------
 Iter    Rel. Residual           Reduction Factor
------------------------------------------------------
 0       9.678617e-02            -----
 1       1.174649e-02            0.1214
 2       1.534966e-03            0.1307
 3       2.153593e-04            0.1403
 4       3.640710e-05            0.1691
 5       7.312276e-06            0.2008
 6       1.620996e-06            0.2217
 7       3.583169e-07            0.2210
 8       7.856386e-08            0.2193
 9       1.721447e-08            0.2191
 10      3.827717e-09            0.2224
 11      8.864674e-10            0.2316
 12      2.172164e-10            0.2450
 13      5.601435e-11            0.2579
 14      1.492458e-11            0.2664
 15      4.041781e-12            0.2708
------------------------------------------------------
 Iterations:      16
 Final Rel. Res.: 4.041781e-12
 Asymptotic Rate: 0.264988 (Geom. Mean, last 4 iters)
======================================================

======================================================
  Refinement Level: 6
======================================================
 Mesh width (h):  5.7350e-03
 Total DOFs:      181121
 Spectral Radii:  0.279503
 GMRES Avg Iters: 15.00
------------------------------------------------------
  MG RESIDUAL DECAY
------------------------------------------------------
 Iter    Rel. Residual           Reduction Factor
------------------------------------------------------
 0       9.769420e-02            -----
 1       1.182915e-02            0.1211
 2       1.527167e-03            0.1291
 3       2.111924e-04            0.1383
 4       3.371985e-05            0.1597
 5       6.635699e-06            0.1968
 6       1.493071e-06            0.2250
 7       3.480659e-07            0.2331
 8       8.105381e-08            0.2329
 9       1.860901e-08            0.2296
 10      4.246448e-09            0.2282
 11      9.899381e-10            0.2331
 12      2.462915e-10            0.2488
 13      6.732071e-11            0.2733
 14      1.977907e-11            0.2938
 15      5.985732e-12            0.3026
------------------------------------------------------
 Iterations:      16
 Final Rel. Res.: 5.985732e-12
 Asymptotic Rate: 0.289661 (Geom. Mean, last 4 iters)
======================================================

