Device configuration: omp,cpu
Memory configuration: host-std
Loaded config: /cluster/home/rdabetic/decmg/configs/mag_2d_L_rowsum_w.json
=================================================
  Multigrid Convergence Test Configuration
=================================================
 Problem Type:    mag
 Mesh File:       meshes/2d/L.msh
 Output File:     out/rowsum/w/mag/2d/L.csv
 MG Cycle Type:   W-Cycle
 Mass Lumping:    rowsum
 B-Conditions:    essential
 Max Refinement:  6
 Eigenvalues:     1 (Tol: 0.01)
 GMRES Benchmark: 8 runs (Tol: 1e-06, K-Dim: 20)
=================================================


Gmsh reader: all element attributes were zero.
MFEM only supports positive element attributes.
Setting element attributes to 1.

======================================================
  Refinement Level: 1
======================================================
 Mesh width (h):  1.8352e-01
 Total DOFs:      205
 Spectral Radii:  0.166454
 GMRES Avg Iters: 8.00
------------------------------------------------------
  MG RESIDUAL DECAY
------------------------------------------------------
 Iter    Rel. Residual           Reduction Factor
------------------------------------------------------
 0       8.000128e-02            -----
 1       9.742092e-03            0.1218
 2       1.337078e-03            0.1372
 3       1.499268e-04            0.1121
 4       2.631430e-05            0.1755
 5       4.855475e-06            0.1845
 6       9.478814e-07            0.1952
 7       1.702366e-07            0.1796
 8       2.771974e-08            0.1628
 9       4.182240e-09            0.1509
 10      6.201162e-10            0.1483
 11      9.739661e-11            0.1571
 12      1.616930e-11            0.1660
 13      2.693667e-12            0.1666
 14      4.367858e-13            0.1622
 15      6.780525e-14            0.1552
------------------------------------------------------
 Iterations:      16
 Final Rel. Res.: 6.780525e-14
 Asymptotic Rate: 0.161259 (Geom. Mean, last 4 iters)
======================================================

======================================================
  Refinement Level: 2
======================================================
 Mesh width (h):  9.1759e-02
 Total DOFs:      761
 Spectral Radii:  0.202416
 GMRES Avg Iters: 9.00
------------------------------------------------------
  MG RESIDUAL DECAY
------------------------------------------------------
 Iter    Rel. Residual           Reduction Factor
------------------------------------------------------
 0       8.328429e-02            -----
 1       1.117306e-02            0.1342
 2       1.771959e-03            0.1586
 3       2.318181e-04            0.1308
 4       3.393053e-05            0.1464
 5       5.881132e-06            0.1733
 6       9.883009e-07            0.1680
 7       1.644210e-07            0.1664
 8       3.116730e-08            0.1896
 9       6.274759e-09            0.2013
 10      1.284050e-09            0.2046
 11      2.637280e-10            0.2054
 12      5.324877e-11            0.2019
 13      1.056712e-11            0.1984
 14      2.058516e-12            0.1948
 15      3.940594e-13            0.1914
------------------------------------------------------
 Iterations:      16
 Final Rel. Res.: 3.940594e-13
 Asymptotic Rate: 0.194873 (Geom. Mean, last 4 iters)
======================================================

======================================================
  Refinement Level: 3
======================================================
 Mesh width (h):  4.5880e-02
 Total DOFs:      2929
 Spectral Radii:  0.220415
 GMRES Avg Iters: 10.00
------------------------------------------------------
  MG RESIDUAL DECAY
------------------------------------------------------
 Iter    Rel. Residual           Reduction Factor
------------------------------------------------------
 0       8.994016e-02            -----
 1       1.195290e-02            0.1329
 2       1.757609e-03            0.1470
 3       2.862267e-04            0.1629
 4       5.440111e-05            0.1901
 5       1.070645e-05            0.1968
 6       2.215092e-06            0.2069
 7       4.682501e-07            0.2114
 8       9.831346e-08            0.2100
 9       2.059563e-08            0.2095
 10      4.307611e-09            0.2092
 11      9.019109e-10            0.2094
 12      1.900234e-10            0.2107
 13      4.027549e-11            0.2120
 14      8.549950e-12            0.2123
 15      1.811874e-12            0.2119
------------------------------------------------------
 Iterations:      16
 Final Rel. Res.: 1.811874e-12
 Asymptotic Rate: 0.212051 (Geom. Mean, last 4 iters)
======================================================

======================================================
  Refinement Level: 4
======================================================
 Mesh width (h):  2.2940e-02
 Total DOFs:      11489
 Spectral Radii:  0.243983
 GMRES Avg Iters: 10.00
------------------------------------------------------
  MG RESIDUAL DECAY
------------------------------------------------------
 Iter    Rel. Residual           Reduction Factor
------------------------------------------------------
 0       9.028512e-02            -----
 1       1.205934e-02            0.1336
 2       1.817832e-03            0.1507
 3       3.039642e-04            0.1672
 4       5.764603e-05            0.1896
 5       1.168609e-05            0.2027
 6       2.457911e-06            0.2103
 7       5.252872e-07            0.2137
 8       1.137378e-07            0.2165
 9       2.504420e-08            0.2202
 10      5.584001e-09            0.2230
 11      1.252920e-09            0.2244
 12      2.819323e-10            0.2250
 13      6.355316e-11            0.2254
 14      1.434670e-11            0.2257
 15      3.243115e-12            0.2261
------------------------------------------------------
 Iterations:      16
 Final Rel. Res.: 3.243115e-12
 Asymptotic Rate: 0.225739 (Geom. Mean, last 4 iters)
======================================================

======================================================
  Refinement Level: 5
======================================================
 Mesh width (h):  1.1470e-02
 Total DOFs:      45505
 Spectral Radii:  0.255755
 GMRES Avg Iters: 10.00
------------------------------------------------------
  MG RESIDUAL DECAY
------------------------------------------------------
 Iter    Rel. Residual           Reduction Factor
------------------------------------------------------
 0       9.040447e-02            -----
 1       1.185872e-02            0.1312
 2       1.750969e-03            0.1477
 3       3.035539e-04            0.1734
 4       5.866560e-05            0.1933
 5       1.198697e-05            0.2043
 6       2.524555e-06            0.2106
 7       5.417153e-07            0.2146
 8       1.187803e-07            0.2193
 9       2.653000e-08            0.2234
 10      6.017570e-09            0.2268
 11      1.380946e-09            0.2295
 12      3.199680e-10            0.2317
 13      7.478945e-11            0.2337
 14      1.762260e-11            0.2356
 15      4.182150e-12            0.2373
------------------------------------------------------
 Iterations:      16
 Final Rel. Res.: 4.182150e-12
 Asymptotic Rate: 0.235558 (Geom. Mean, last 4 iters)
======================================================

======================================================
  Refinement Level: 6
======================================================
 Mesh width (h):  5.7350e-03
 Total DOFs:      181121
 Spectral Radii:  0.260116
 GMRES Avg Iters: 10.00
------------------------------------------------------
  MG RESIDUAL DECAY
------------------------------------------------------
 Iter    Rel. Residual           Reduction Factor
------------------------------------------------------
 0       9.220702e-02            -----
 1       1.183275e-02            0.1283
 2       1.783440e-03            0.1507
 3       3.068329e-04            0.1720
 4       5.899951e-05            0.1923
 5       1.207287e-05            0.2046
 6       2.573800e-06            0.2132
 7       5.646366e-07            0.2194
 8       1.265002e-07            0.2240
 9       2.876351e-08            0.2274
 10      6.614276e-09            0.2300
 11      1.535664e-09            0.2322
 12      3.594401e-10            0.2341
 13      8.471233e-11            0.2357
 14      2.008596e-11            0.2371
 15      4.788171e-12            0.2384
------------------------------------------------------
 Iterations:      16
 Final Rel. Res.: 4.788171e-12
 Asymptotic Rate: 0.237054 (Geom. Mean, last 4 iters)
======================================================

