Device configuration: omp,cpu
Memory configuration: host-std
Loaded config: /cluster/home/rdabetic/decmg/configs/mag_2d_circle_scaledid_v.json
=================================================
  Multigrid Convergence Test Configuration
=================================================
 Problem Type:    mag
 Mesh File:       meshes/2d/circle.msh
 Output File:     out/scaledid/v/mag/2d/circle.csv
 MG Cycle Type:   V-Cycle
 Mass Lumping:    scaledid
 B-Conditions:    essential
 Max Refinement:  6
 Eigenvalues:     1 (Tol: 0.01)
 GMRES Benchmark: 8 runs (Tol: 1e-06, K-Dim: 20)
=================================================


Gmsh reader: all element attributes were zero.
MFEM only supports positive element attributes.
Setting element attributes to 1.

======================================================
  Refinement Level: 1
======================================================
 Mesh width (h):  1.8955e-01
 Total DOFs:      807
 Spectral Radii:  0.156729
 GMRES Avg Iters: 13.25
------------------------------------------------------
  MG RESIDUAL DECAY
------------------------------------------------------
 Iter    Rel. Residual           Reduction Factor
------------------------------------------------------
 0       8.638812e-02            -----
 1       9.364793e-03            0.1084
 2       9.439967e-04            0.1008
 3       1.137175e-04            0.1205
 4       1.554204e-05            0.1367
 5       2.222953e-06            0.1430
 6       3.583580e-07            0.1612
 7       5.436788e-08            0.1517
 8       7.828270e-09            0.1440
 9       1.165008e-09            0.1488
 10      1.795115e-10            0.1541
 11      2.661534e-11            0.1483
 12      3.842623e-12            0.1444
 13      6.079535e-13            0.1582
 14      1.052537e-13            0.1731
 15      1.742795e-14            0.1656
------------------------------------------------------
 Iterations:      16
 Final Rel. Res.: 1.742795e-14
 Asymptotic Rate: 0.165529 (Geom. Mean, last 4 iters)
======================================================

======================================================
  Refinement Level: 2
======================================================
 Mesh width (h):  9.4776e-02
 Total DOFs:      3133
 Spectral Radii:  0.197333
 GMRES Avg Iters: 14.00
------------------------------------------------------
  MG RESIDUAL DECAY
------------------------------------------------------
 Iter    Rel. Residual           Reduction Factor
------------------------------------------------------
 0       9.484166e-02            -----
 1       1.109501e-02            0.1170
 2       1.448501e-03            0.1306
 3       2.072397e-04            0.1431
 4       3.246848e-05            0.1567
 5       5.452282e-06            0.1679
 6       9.461440e-07            0.1735
 7       1.658377e-07            0.1753
 8       3.206468e-08            0.1933
 9       6.557541e-09            0.2045
 10      1.317791e-09            0.2010
 11      2.619500e-10            0.1988
 12      5.173707e-11            0.1975
 13      1.018906e-11            0.1969
 14      2.013080e-12            0.1976
 15      3.989728e-13            0.1982
------------------------------------------------------
 Iterations:      16
 Final Rel. Res.: 3.989728e-13
 Asymptotic Rate: 0.197567 (Geom. Mean, last 4 iters)
======================================================

======================================================
  Refinement Level: 3
======================================================
 Mesh width (h):  4.7388e-02
 Total DOFs:      12345
 Spectral Radii:  0.228942
 GMRES Avg Iters: 15.00
------------------------------------------------------
  MG RESIDUAL DECAY
------------------------------------------------------
 Iter    Rel. Residual           Reduction Factor
------------------------------------------------------
 0       9.799318e-02            -----
 1       1.182193e-02            0.1206
 2       1.617267e-03            0.1368
 3       2.284372e-04            0.1412
 4       3.580571e-05            0.1567
 5       6.061868e-06            0.1693
 6       1.082504e-06            0.1786
 7       2.057697e-07            0.1901
 8       4.179993e-08            0.2031
 9       8.865628e-09            0.2121
 10      1.941937e-09            0.2190
 11      4.274896e-10            0.2201
 12      9.366084e-11            0.2191
 13      2.045179e-11            0.2184
 14      4.446508e-12            0.2174
 15      9.616365e-13            0.2163
------------------------------------------------------
 Iterations:      16
 Final Rel. Res.: 9.616365e-13
 Asymptotic Rate: 0.217346 (Geom. Mean, last 4 iters)
======================================================

======================================================
  Refinement Level: 4
======================================================
 Mesh width (h):  2.3694e-02
 Total DOFs:      49009
 Spectral Radii:  0.255538
 GMRES Avg Iters: 15.00
------------------------------------------------------
  MG RESIDUAL DECAY
------------------------------------------------------
 Iter    Rel. Residual           Reduction Factor
------------------------------------------------------
 0       9.836822e-02            -----
 1       1.177457e-02            0.1197
 2       1.606650e-03            0.1365
 3       2.269427e-04            0.1413
 4       3.641219e-05            0.1604
 5       6.378343e-06            0.1752
 6       1.213713e-06            0.1903
 7       2.540582e-07            0.2093
 8       5.859182e-08            0.2306
 9       1.466469e-08            0.2503
 10      3.890551e-09            0.2653
 11      1.056479e-09            0.2715
 12      2.880854e-10            0.2727
 13      7.835212e-11            0.2720
 14      2.121528e-11            0.2708
 15      5.720525e-12            0.2696
------------------------------------------------------
 Iterations:      16
 Final Rel. Res.: 5.720525e-12
 Asymptotic Rate: 0.270793 (Geom. Mean, last 4 iters)
======================================================

======================================================
  Refinement Level: 5
======================================================
 Mesh width (h):  1.1847e-02
 Total DOFs:      195297
 Spectral Radii:  0.27581
 GMRES Avg Iters: 15.00
------------------------------------------------------
  MG RESIDUAL DECAY
------------------------------------------------------
 Iter    Rel. Residual           Reduction Factor
------------------------------------------------------
 0       9.937746e-02            -----
 1       1.182072e-02            0.1189
 2       1.595746e-03            0.1350
 3       2.337980e-04            0.1465
 4       3.991148e-05            0.1707
 5       7.709691e-06            0.1932
 6       1.625317e-06            0.2108
 7       3.730874e-07            0.2295
 8       9.146611e-08            0.2452
 9       2.328499e-08            0.2546
 10      5.995398e-09            0.2575
 11      1.538003e-09            0.2565
 12      3.923845e-10            0.2551
 13      9.975489e-11            0.2542
 14      2.532594e-11            0.2539
 15      6.430867e-12            0.2539
------------------------------------------------------
 Iterations:      16
 Final Rel. Res.: 6.430867e-12
 Asymptotic Rate: 0.254011 (Geom. Mean, last 4 iters)
======================================================

======================================================
  Refinement Level: 6
======================================================
 Mesh width (h):  5.9235e-03
 Total DOFs:      779713
 Spectral Radii:  0.291765
 GMRES Avg Iters: 16.00
------------------------------------------------------
  MG RESIDUAL DECAY
------------------------------------------------------
 Iter    Rel. Residual           Reduction Factor
------------------------------------------------------
 0       9.893824e-02            -----
 1       1.185218e-02            0.1198
 2       1.607650e-03            0.1356
 3       2.324662e-04            0.1446
 4       3.816206e-05            0.1642
 5       7.323578e-06            0.1919
 6       1.715550e-06            0.2343
 7       4.816223e-07            0.2807
 8       1.479265e-07            0.3071
 9       4.648040e-08            0.3142
 10      1.450541e-08            0.3121
 11      4.460723e-09            0.3075
 12      1.350798e-09            0.3028
 13      4.034863e-10            0.2987
 14      1.191962e-10            0.2954
 15      3.491636e-11            0.2929
------------------------------------------------------
 Iterations:      16
 Final Rel. Res.: 3.491636e-11
 Asymptotic Rate: 0.295674 (Geom. Mean, last 4 iters)
======================================================

