Device configuration: omp,cpu
Memory configuration: host-std
Loaded config: /cluster/home/rdabetic/decmg/configs/mag_3d_ball_rowsum_w.json
=================================================
  Multigrid Convergence Test Configuration
=================================================
 Problem Type:    mag
 Mesh File:       meshes/3d/ball.msh
 Output File:     out/rowsum/w/mag/3d/ball.csv
 MG Cycle Type:   W-Cycle
 Mass Lumping:    rowsum
 B-Conditions:    essential
 Max Refinement:  5
 Eigenvalues:     1 (Tol: 0.01)
 GMRES Benchmark: 8 runs (Tol: 1e-06, K-Dim: 20)
=================================================

======================================================
  Refinement Level: 1
======================================================
 Mesh width (h):  3.0757e-01
 Total DOFs:      939
 Spectral Radii:  0.425684
 GMRES Avg Iters: 16.38
------------------------------------------------------
  MG RESIDUAL DECAY
------------------------------------------------------
 Iter    Rel. Residual           Reduction Factor
------------------------------------------------------
 0       7.331755e-02            -----
 1       1.309783e-02            0.1786
 2       3.709641e-03            0.2832
 3       1.394305e-03            0.3759
 4       4.905044e-04            0.3518
 5       1.885475e-04            0.3844
 6       6.851227e-05            0.3634
 7       2.650992e-05            0.3869
 8       9.754703e-06            0.3680
 9       3.779058e-06            0.3874
 10      1.407948e-06            0.3726
 11      5.447406e-07            0.3869
 12      2.055653e-07            0.3774
 13      7.944269e-08            0.3865
 14      3.035850e-08            0.3821
 15      1.173233e-08            0.3865
------------------------------------------------------
 Iterations:      16
 Final Rel. Res.: 1.173233e-08
 Asymptotic Rate: 0.385015 (Geom. Mean, last 4 iters)
======================================================

======================================================
  Refinement Level: 2
======================================================
 Mesh width (h):  1.5378e-01
 Total DOFs:      6341
 Spectral Radii:  0.466043
 GMRES Avg Iters: 19.62
------------------------------------------------------
  MG RESIDUAL DECAY
------------------------------------------------------
 Iter    Rel. Residual           Reduction Factor
------------------------------------------------------
 0       6.545385e-02            -----
 1       1.040651e-02            0.1590
 2       2.592672e-03            0.2491
 3       7.709393e-04            0.2974
 4       2.529630e-04            0.3281
 5       9.113898e-05            0.3603
 6       3.538941e-05            0.3883
 7       1.453207e-05            0.4106
 8       6.198387e-06            0.4265
 9       2.709899e-06            0.4372
 10      1.203999e-06            0.4443
 11      5.406346e-07            0.4490
 12      2.445183e-07            0.4523
 13      1.111484e-07            0.4546
 14      5.070676e-08            0.4562
 15      2.319457e-08            0.4574
------------------------------------------------------
 Iterations:      16
 Final Rel. Res.: 2.319457e-08
 Asymptotic Rate: 0.456063 (Geom. Mean, last 4 iters)
======================================================

======================================================
  Refinement Level: 3
======================================================
 Mesh width (h):  7.6892e-02
 Total DOFs:      46409
 Spectral Radii:  0.465944
 GMRES Avg Iters: 21.75
------------------------------------------------------
  MG RESIDUAL DECAY
------------------------------------------------------
 Iter    Rel. Residual           Reduction Factor
------------------------------------------------------
 0       6.392782e-02            -----
 1       9.475861e-03            0.1482
 2       2.340339e-03            0.2470
 3       6.705040e-04            0.2865
 4       2.057676e-04            0.3069
 5       6.696940e-05            0.3255
 6       2.307240e-05            0.3445
 7       8.442073e-06            0.3659
 8       3.282621e-06            0.3888
 9       1.348743e-06            0.4109
 10      5.786531e-07            0.4290
 11      2.558640e-07            0.4422
 12      1.153509e-07            0.4508
 13      5.262976e-08            0.4563
 14      2.418859e-08            0.4596
 15      1.116706e-08            0.4617
------------------------------------------------------
 Iterations:      16
 Final Rel. Res.: 1.116706e-08
 Asymptotic Rate: 0.459169 (Geom. Mean, last 4 iters)
======================================================

======================================================
  Refinement Level: 4
======================================================
 Mesh width (h):  3.8446e-02
 Total DOFs:      354705
 Spectral Radii:  0.466221
 GMRES Avg Iters: 23.00
------------------------------------------------------
  MG RESIDUAL DECAY
------------------------------------------------------
 Iter    Rel. Residual           Reduction Factor
------------------------------------------------------
 0       6.483849e-02            -----
 1       8.988126e-03            0.1386
 2       2.104336e-03            0.2341
 3       5.656224e-04            0.2688
 4       1.620776e-04            0.2865
 5       4.904209e-05            0.3026
 6       1.564360e-05            0.3190
 7       5.278887e-06            0.3374
 8       1.891894e-06            0.3584
 9       7.202641e-07            0.3807
 10      2.895163e-07            0.4020
 11      1.215561e-07            0.4199
 12      5.269314e-08            0.4335
 13      2.335470e-08            0.4432
 14      1.050908e-08            0.4500
 15      4.778095e-09            0.4547
------------------------------------------------------
 Iterations:      16
 Final Rel. Res.: 4.778095e-09
 Asymptotic Rate: 0.449263 (Geom. Mean, last 4 iters)
======================================================

======================================================
  Refinement Level: 5
======================================================
 Mesh width (h):  1.9223e-02
 Total DOFs:      2772769
 Spectral Radii:  0.46628
 GMRES Avg Iters: 23.00
------------------------------------------------------
  MG RESIDUAL DECAY
------------------------------------------------------
 Iter    Rel. Residual           Reduction Factor
------------------------------------------------------
 0       6.439182e-02            -----
 1       8.716971e-03            0.1354
 2       2.017164e-03            0.2314
 3       5.358164e-04            0.2656
 4       1.512564e-04            0.2823
 5       4.485485e-05            0.2965
 6       1.389984e-05            0.3099
 7       4.493738e-06            0.3233
 8       1.515314e-06            0.3372
 9       5.329578e-07            0.3517
 10      1.953534e-07            0.3665
 11      7.445432e-08            0.3811
 12      2.939585e-08            0.3948
 13      1.196746e-08            0.4071
 14      4.999615e-09            0.4178
 15      2.133640e-09            0.4268
------------------------------------------------------
 Iterations:      16
 Final Rel. Res.: 2.133640e-09
 Asymptotic Rate: 0.417137 (Geom. Mean, last 4 iters)
======================================================

