Device configuration: omp,cpu
Memory configuration: host-std
Loaded config: /cluster/home/rdabetic/decmg/configs/mag_3d_corner_rowsum_w_k1.json
=================================================
  Multigrid Convergence Test Configuration
=================================================
 Problem Type:    mag
 Mesh File:       meshes/3d/corner.msh
 Output File:     out/rowsum/w/mag/3d/corner_k1.csv
 MG Cycle Type:   W-Cycle
 Mass Lumping:    rowsum
 B-Conditions:    essential
 Max Refinement:  5
 Eigenvalues:     1 (Tol: 0.01)
 GMRES Benchmark: 8 runs (Tol: 1e-06, K-Dim: 20)
=================================================

======================================================
  Refinement Level: 1
======================================================
 Mesh width (h):  5.0000e-01
 Total DOFs:      545
 Spectral Radii:  0.605236
 GMRES Avg Iters: 18.38
------------------------------------------------------
  MG RESIDUAL DECAY
------------------------------------------------------
 Iter    Rel. Residual           Reduction Factor
------------------------------------------------------
 0       2.443265e-01            -----
 1       6.353748e-02            0.2601
 2       2.227528e-02            0.3506
 3       9.625358e-03            0.4321
 4       4.803074e-03            0.4990
 5       2.577363e-03            0.5366
 6       1.436187e-03            0.5572
 7       8.198542e-04            0.5709
 8       4.757733e-04            0.5803
 9       2.794564e-04            0.5874
 10      1.655167e-04            0.5923
 11      9.860042e-05            0.5957
 12      5.896892e-05            0.5981
 13      3.536118e-05            0.5997
 14      2.124278e-05            0.6007
 15      1.277671e-05            0.6015
------------------------------------------------------
 Iterations:      16
 Final Rel. Res.: 1.277671e-05
 Asymptotic Rate: 0.600618 (Geom. Mean, last 4 iters)
======================================================

======================================================
  Refinement Level: 2
======================================================
 Mesh width (h):  2.5000e-01
 Total DOFs:      3681
 Spectral Radii:  0.609083
 GMRES Avg Iters: 21.88
------------------------------------------------------
  MG RESIDUAL DECAY
------------------------------------------------------
 Iter    Rel. Residual           Reduction Factor
------------------------------------------------------
 0       2.264502e-01            -----
 1       6.310203e-02            0.2787
 2       2.272012e-02            0.3601
 3       1.009744e-02            0.4444
 4       5.097196e-03            0.5048
 5       2.675229e-03            0.5248
 6       1.435674e-03            0.5367
 7       7.827461e-04            0.5452
 8       4.317261e-04            0.5516
 9       2.403207e-04            0.5567
 10      1.347841e-04            0.5609
 11      7.606914e-05            0.5644
 12      4.315878e-05            0.5674
 13      2.459706e-05            0.5699
 14      1.407285e-05            0.5721
 15      8.078902e-06            0.5741
------------------------------------------------------
 Iterations:      16
 Final Rel. Res.: 8.078902e-06
 Asymptotic Rate: 0.572042 (Geom. Mean, last 4 iters)
======================================================

======================================================
  Refinement Level: 3
======================================================
 Mesh width (h):  1.2500e-01
 Total DOFs:      26945
 Spectral Radii:  0.607963
 GMRES Avg Iters: 24.00
------------------------------------------------------
  MG RESIDUAL DECAY
------------------------------------------------------
 Iter    Rel. Residual           Reduction Factor
------------------------------------------------------
 0       2.299579e-01            -----
 1       6.442228e-02            0.2801
 2       2.169367e-02            0.3367
 3       9.142325e-03            0.4214
 4       4.411802e-03            0.4826
 5       2.263723e-03            0.5131
 6       1.191709e-03            0.5264
 7       6.378687e-04            0.5353
 8       3.458112e-04            0.5421
 9       1.894920e-04            0.5480
 10      1.047811e-04            0.5530
 11      5.838931e-05            0.5573
 12      3.275452e-05            0.5610
 13      1.848049e-05            0.5642
 14      1.047971e-05            0.5671
 15      5.969322e-06            0.5696
------------------------------------------------------
 Iterations:      16
 Final Rel. Res.: 5.969322e-06
 Asymptotic Rate: 0.566958 (Geom. Mean, last 4 iters)
======================================================

======================================================
  Refinement Level: 4
======================================================
 Mesh width (h):  6.2500e-02
 Total DOFs:      205953
 Spectral Radii:  0.607874
 GMRES Avg Iters: 25.00
------------------------------------------------------
  MG RESIDUAL DECAY
------------------------------------------------------
 Iter    Rel. Residual           Reduction Factor
------------------------------------------------------
 0       2.399786e-01            -----
 1       6.587553e-02            0.2745
 2       2.168731e-02            0.3292
 3       8.995815e-03            0.4148
 4       4.230390e-03            0.4703
 5       2.100113e-03            0.4964
 6       1.072664e-03            0.5108
 7       5.585891e-04            0.5207
 8       2.953951e-04            0.5288
 9       1.582382e-04            0.5357
 10      8.570450e-05            0.5416
 11      4.686014e-05            0.5468
 12      2.583209e-05            0.5513
 13      1.434197e-05            0.5552
 14      8.012449e-06            0.5587
 15      4.500949e-06            0.5617
------------------------------------------------------
 Iterations:      16
 Final Rel. Res.: 4.500949e-06
 Asymptotic Rate: 0.558532 (Geom. Mean, last 4 iters)
======================================================

======================================================
  Refinement Level: 5
======================================================
 Mesh width (h):  3.1250e-02
 Total DOFs:      1609985
 Spectral Radii:  0.606125
 GMRES Avg Iters: 25.00
------------------------------------------------------
  MG RESIDUAL DECAY
------------------------------------------------------
 Iter    Rel. Residual           Reduction Factor
------------------------------------------------------
 0       2.414111e-01            -----
 1       6.628998e-02            0.2746
 2       2.156926e-02            0.3254
 3       8.806202e-03            0.4083
 4       4.108253e-03            0.4665
 5       2.027782e-03            0.4936
 6       1.029468e-03            0.5077
 7       5.326243e-04            0.5174
 8       2.796540e-04            0.5250
 9       1.486426e-04            0.5315
 10      7.983880e-05            0.5371
 11      4.327165e-05            0.5420
 12      2.363707e-05            0.5462
 13      1.300042e-05            0.5500
 14      7.193560e-06            0.5533
 15      4.001898e-06            0.5563
------------------------------------------------------
 Iterations:      16
 Final Rel. Res.: 4.001898e-06
 Asymptotic Rate: 0.553211 (Geom. Mean, last 4 iters)
======================================================

