Device configuration: omp,cpu
Memory configuration: host-std
Loaded config: /cluster/home/rdabetic/decmg/configs/mag_2d_L_scaledid_v.json
=================================================
  Multigrid Convergence Test Configuration
=================================================
 Problem Type:    mag
 Mesh File:       meshes/2d/L.msh
 Output File:     out/scaledid/v/mag/2d/L.csv
 MG Cycle Type:   V-Cycle
 Mass Lumping:    scaledid
 B-Conditions:    essential
 Max Refinement:  6
 Eigenvalues:     1 (Tol: 0.01)
 GMRES Benchmark: 8 runs (Tol: 1e-06, K-Dim: 20)
=================================================


Gmsh reader: all element attributes were zero.
MFEM only supports positive element attributes.
Setting element attributes to 1.

======================================================
  Refinement Level: 1
======================================================
 Mesh width (h):  1.8352e-01
 Total DOFs:      205
 Spectral Radii:  0.159201
 GMRES Avg Iters: 12.00
------------------------------------------------------
  MG RESIDUAL DECAY
------------------------------------------------------
 Iter    Rel. Residual           Reduction Factor
------------------------------------------------------
 0       7.417986e-02            -----
 1       7.467545e-03            0.1007
 2       8.612688e-04            0.1153
 3       9.021763e-05            0.1047
 4       9.401050e-06            0.1042
 5       1.172808e-06            0.1248
 6       1.878552e-07            0.1602
 7       3.089970e-08            0.1645
 8       4.833961e-09            0.1564
 9       8.725469e-10            0.1805
 10      1.604075e-10            0.1838
 11      2.513345e-11            0.1567
 12      3.321191e-12            0.1321
 13      4.200657e-13            0.1265
 14      6.441291e-14            0.1533
 15      1.149056e-14            0.1784
------------------------------------------------------
 Iterations:      16
 Final Rel. Res.: 1.149056e-14
 Asymptotic Rate: 0.151245 (Geom. Mean, last 4 iters)
======================================================

======================================================
  Refinement Level: 2
======================================================
 Mesh width (h):  9.1759e-02
 Total DOFs:      761
 Spectral Radii:  0.200647
 GMRES Avg Iters: 13.00
------------------------------------------------------
  MG RESIDUAL DECAY
------------------------------------------------------
 Iter    Rel. Residual           Reduction Factor
------------------------------------------------------
 0       8.722056e-02            -----
 1       1.081718e-02            0.1240
 2       1.487442e-03            0.1375
 3       1.877425e-04            0.1262
 4       3.029688e-05            0.1614
 5       5.094101e-06            0.1681
 6       9.091070e-07            0.1785
 7       1.485141e-07            0.1634
 8       2.388027e-08            0.1608
 9       3.791188e-09            0.1588
 10      6.373776e-10            0.1681
 11      1.201235e-10            0.1885
 12      2.319706e-11            0.1931
 13      4.276068e-12            0.1843
 14      7.253054e-13            0.1696
 15      1.148022e-13            0.1583
------------------------------------------------------
 Iterations:      16
 Final Rel. Res.: 1.148022e-13
 Asymptotic Rate: 0.170414 (Geom. Mean, last 4 iters)
======================================================

======================================================
  Refinement Level: 3
======================================================
 Mesh width (h):  4.5880e-02
 Total DOFs:      2929
 Spectral Radii:  0.230848
 GMRES Avg Iters: 14.00
------------------------------------------------------
  MG RESIDUAL DECAY
------------------------------------------------------
 Iter    Rel. Residual           Reduction Factor
------------------------------------------------------
 0       9.738263e-02            -----
 1       1.196946e-02            0.1229
 2       1.513030e-03            0.1264
 3       2.310848e-04            0.1527
 4       3.891809e-05            0.1684
 5       7.224578e-06            0.1856
 6       1.376794e-06            0.1906
 7       2.576045e-07            0.1871
 8       4.979402e-08            0.1933
 9       9.690892e-09            0.1946
 10      1.925587e-09            0.1987
 11      3.960768e-10            0.2057
 12      8.404211e-11            0.2122
 13      1.833924e-11            0.2182
 14      4.130305e-12            0.2252
 15      9.623440e-13            0.2330
------------------------------------------------------
 Iterations:      16
 Final Rel. Res.: 9.623440e-13
 Asymptotic Rate: 0.225395 (Geom. Mean, last 4 iters)
======================================================

======================================================
  Refinement Level: 4
======================================================
 Mesh width (h):  2.2940e-02
 Total DOFs:      11489
 Spectral Radii:  0.249373
 GMRES Avg Iters: 15.00
------------------------------------------------------
  MG RESIDUAL DECAY
------------------------------------------------------
 Iter    Rel. Residual           Reduction Factor
------------------------------------------------------
 0       9.790195e-02            -----
 1       1.210609e-02            0.1237
 2       1.660983e-03            0.1372
 3       2.519783e-04            0.1517
 4       4.203450e-05            0.1668
 5       8.206104e-06            0.1952
 6       1.597888e-06            0.1947
 7       3.354166e-07            0.2099
 8       7.874771e-08            0.2348
 9       1.941705e-08            0.2466
 10      5.086066e-09            0.2619
 11      1.392475e-09            0.2738
 12      3.895935e-10            0.2798
 13      1.103608e-10            0.2833
 14      3.123497e-11            0.2830
 15      8.770884e-12            0.2808
------------------------------------------------------
 Iterations:      16
 Final Rel. Res.: 8.770884e-12
 Asymptotic Rate: 0.282365 (Geom. Mean, last 4 iters)
======================================================

======================================================
  Refinement Level: 5
======================================================
 Mesh width (h):  1.1470e-02
 Total DOFs:      45505
 Spectral Radii:  0.281348
 GMRES Avg Iters: 15.00
------------------------------------------------------
  MG RESIDUAL DECAY
------------------------------------------------------
 Iter    Rel. Residual           Reduction Factor
------------------------------------------------------
 0       9.665209e-02            -----
 1       1.171616e-02            0.1212
 2       1.602275e-03            0.1368
 3       2.354231e-04            0.1469
 4       4.548650e-05            0.1932
 5       1.512156e-05            0.3324
 6       5.386727e-06            0.3562
 7       1.744261e-06            0.3238
 8       5.306609e-07            0.3042
 9       1.559095e-07            0.2938
 10      4.487101e-08            0.2878
 11      1.277583e-08            0.2847
 12      3.618717e-09            0.2832
 13      1.022246e-09            0.2825
 14      2.883466e-10            0.2821
 15      8.125394e-11            0.2818
------------------------------------------------------
 Iterations:      16
 Final Rel. Res.: 8.125394e-11
 Asymptotic Rate: 0.282117 (Geom. Mean, last 4 iters)
======================================================

======================================================
  Refinement Level: 6
======================================================
 Mesh width (h):  5.7350e-03
 Total DOFs:      181121
 Spectral Radii:  0.298138
 GMRES Avg Iters: 15.00
------------------------------------------------------
  MG RESIDUAL DECAY
------------------------------------------------------
 Iter    Rel. Residual           Reduction Factor
------------------------------------------------------
 0       9.879532e-02            -----
 1       1.192501e-02            0.1207
 2       1.616409e-03            0.1355
 3       2.339013e-04            0.1447
 4       4.123752e-05            0.1763
 5       9.579590e-06            0.2323
 6       2.785760e-06            0.2908
 7       8.857765e-07            0.3180
 8       2.869736e-07            0.3240
 9       9.103267e-08            0.3172
 10      2.814316e-08            0.3092
 11      8.538069e-09            0.3034
 12      2.561229e-09            0.3000
 13      7.639451e-10            0.2983
 14      2.273529e-10            0.2976
 15      6.762509e-11            0.2974
------------------------------------------------------
 Iterations:      16
 Final Rel. Res.: 6.762509e-11
 Asymptotic Rate: 0.297774 (Geom. Mean, last 4 iters)
======================================================

