Device configuration: omp,cpu
Memory configuration: host-std
Loaded config: /cluster/home/rdabetic/decmg/configs/mag_3d_tetra_barycentric_v.json
=================================================
  Multigrid Convergence Test Configuration
=================================================
 Problem Type:    mag
 Mesh File:       meshes/3d/tetra.msh
 Output File:     out/barycentric/v/mag/3d/tetra.csv
 MG Cycle Type:   V-Cycle
 Mass Lumping:    barycentric
 B-Conditions:    essential
 Max Refinement:  5
 Eigenvalues:     1 (Tol: 0.01)
 GMRES Benchmark: 8 runs (Tol: 1e-06, K-Dim: 20)
=================================================

======================================================
  Refinement Level: 1
======================================================
 Mesh width (h):  3.5355e-01
 Total DOFs:      165
 Spectral Radii:  0.255478
 GMRES Avg Iters: 8.75
------------------------------------------------------
  MG RESIDUAL DECAY
------------------------------------------------------
 Iter    Rel. Residual           Reduction Factor
------------------------------------------------------
 0       6.676695e-02            -----
 1       1.435986e-02            0.2151
 2       3.316488e-03            0.2310
 3       8.227886e-04            0.2481
 4       2.021339e-04            0.2457
 5       4.967614e-05            0.2458
 6       1.217985e-05            0.2452
 7       2.990911e-06            0.2456
 8       7.360676e-07            0.2461
 9       1.817683e-07            0.2469
 10      4.506864e-08            0.2479
 11      1.122547e-08            0.2491
 12      2.809386e-09            0.2503
 13      7.064872e-10            0.2515
 14      1.784826e-10            0.2526
 15      4.528132e-11            0.2537
------------------------------------------------------
 Iterations:      16
 Final Rel. Res.: 4.528132e-11
 Asymptotic Rate: 0.252601 (Geom. Mean, last 4 iters)
======================================================

======================================================
  Refinement Level: 2
======================================================
 Mesh width (h):  1.7678e-01
 Total DOFs:      969
 Spectral Radii:  0.374828
 GMRES Avg Iters: 10.00
------------------------------------------------------
  MG RESIDUAL DECAY
------------------------------------------------------
 Iter    Rel. Residual           Reduction Factor
------------------------------------------------------
 0       5.822462e-02            -----
 1       9.522583e-03            0.1635
 2       2.484148e-03            0.2609
 3       7.186219e-04            0.2893
 4       2.265004e-04            0.3152
 5       7.609520e-05            0.3360
 6       2.689332e-05            0.3534
 7       9.845006e-06            0.3661
 8       3.682818e-06            0.3741
 9       1.393691e-06            0.3784
 10      5.300685e-07            0.3803
 11      2.018515e-07            0.3808
 12      7.681326e-08            0.3805
 13      2.918785e-08            0.3800
 14      1.107254e-08            0.3794
 15      4.193841e-09            0.3788
------------------------------------------------------
 Iterations:      16
 Final Rel. Res.: 4.193841e-09
 Asymptotic Rate: 0.379366 (Geom. Mean, last 4 iters)
======================================================

======================================================
  Refinement Level: 3
======================================================
 Mesh width (h):  8.8388e-02
 Total DOFs:      6545
 Spectral Radii:  0.417864
 GMRES Avg Iters: 10.00
------------------------------------------------------
  MG RESIDUAL DECAY
------------------------------------------------------
 Iter    Rel. Residual           Reduction Factor
------------------------------------------------------
 0       6.881814e-02            -----
 1       1.069349e-02            0.1554
 2       2.717390e-03            0.2541
 3       8.230252e-04            0.3029
 4       2.759407e-04            0.3353
 5       9.988934e-05            0.3620
 6       3.795261e-05            0.3799
 7       1.481784e-05            0.3904
 8       5.876685e-06            0.3966
 9       2.354663e-06            0.4007
 10      9.506699e-07            0.4037
 11      3.861799e-07            0.4062
 12      1.576784e-07            0.4083
 13      6.466073e-08            0.4101
 14      2.661432e-08            0.4116
 15      1.098896e-08            0.4129
------------------------------------------------------
 Iterations:      16
 Final Rel. Res.: 1.098896e-08
 Asymptotic Rate: 0.411524 (Geom. Mean, last 4 iters)
======================================================

======================================================
  Refinement Level: 4
======================================================
 Mesh width (h):  4.4194e-02
 Total DOFs:      47905
 Spectral Radii:  0.442838
 GMRES Avg Iters: 11.00
------------------------------------------------------
  MG RESIDUAL DECAY
------------------------------------------------------
 Iter    Rel. Residual           Reduction Factor
------------------------------------------------------
 0       7.035992e-02            -----
 1       1.071728e-02            0.1523
 2       2.709196e-03            0.2528
 3       8.324454e-04            0.3073
 4       2.877733e-04            0.3457
 5       1.072840e-04            0.3728
 6       4.178191e-05            0.3895
 7       1.667788e-05            0.3992
 8       6.758775e-06            0.4053
 9       2.768323e-06            0.4096
 10      1.143433e-06            0.4130
 11      4.756438e-07            0.4160
 12      1.990825e-07            0.4186
 13      8.378114e-08            0.4208
 14      3.542811e-08            0.4229
 15      1.504520e-08            0.4247
------------------------------------------------------
 Iterations:      16
 Final Rel. Res.: 1.504520e-08
 Asymptotic Rate: 0.422787 (Geom. Mean, last 4 iters)
======================================================

======================================================
  Refinement Level: 5
======================================================
 Mesh width (h):  2.2097e-02
 Total DOFs:      366145
 Spectral Radii:  0.460578
 GMRES Avg Iters: 11.00
------------------------------------------------------
  MG RESIDUAL DECAY
------------------------------------------------------
 Iter    Rel. Residual           Reduction Factor
------------------------------------------------------
 0       7.110287e-02            -----
 1       1.062632e-02            0.1494
 2       2.729844e-03            0.2569
 3       8.464201e-04            0.3101
 4       2.936154e-04            0.3469
 5       1.093967e-04            0.3726
 6       4.256223e-05            0.3891
 7       1.699204e-05            0.3992
 8       6.894863e-06            0.4058
 9       2.829673e-06            0.4104
 10      1.171525e-06            0.4140
 11      4.885565e-07            0.4170
 12      2.050171e-07            0.4196
 13      8.650781e-08            0.4220
 14      3.668221e-08            0.4240
 15      1.562358e-08            0.4259
------------------------------------------------------
 Iterations:      16
 Final Rel. Res.: 1.562358e-08
 Asymptotic Rate: 0.423965 (Geom. Mean, last 4 iters)
======================================================

