Device configuration: omp,cpu
Memory configuration: host-std
Loaded config: /cluster/home/rdabetic/decmg/configs/mag_2d_circle_scaledid_w.json
=================================================
  Multigrid Convergence Test Configuration
=================================================
 Problem Type:    mag
 Mesh File:       meshes/2d/circle.msh
 Output File:     out/scaledid/w/mag/2d/circle.csv
 MG Cycle Type:   W-Cycle
 Mass Lumping:    scaledid
 B-Conditions:    essential
 Max Refinement:  6
 Eigenvalues:     1 (Tol: 0.01)
 GMRES Benchmark: 8 runs (Tol: 1e-06, K-Dim: 20)
=================================================


Gmsh reader: all element attributes were zero.
MFEM only supports positive element attributes.
Setting element attributes to 1.

======================================================
  Refinement Level: 1
======================================================
 Mesh width (h):  1.8955e-01
 Total DOFs:      807
 Spectral Radii:  0.156729
 GMRES Avg Iters: 13.25
------------------------------------------------------
  MG RESIDUAL DECAY
------------------------------------------------------
 Iter    Rel. Residual           Reduction Factor
------------------------------------------------------
 0       8.638812e-02            -----
 1       9.364793e-03            0.1084
 2       9.439967e-04            0.1008
 3       1.137175e-04            0.1205
 4       1.554204e-05            0.1367
 5       2.222953e-06            0.1430
 6       3.583580e-07            0.1612
 7       5.436788e-08            0.1517
 8       7.828270e-09            0.1440
 9       1.165008e-09            0.1488
 10      1.795115e-10            0.1541
 11      2.661534e-11            0.1483
 12      3.842623e-12            0.1444
 13      6.079535e-13            0.1582
 14      1.052537e-13            0.1731
 15      1.742795e-14            0.1656
------------------------------------------------------
 Iterations:      16
 Final Rel. Res.: 1.742795e-14
 Asymptotic Rate: 0.165529 (Geom. Mean, last 4 iters)
======================================================

======================================================
  Refinement Level: 2
======================================================
 Mesh width (h):  9.4776e-02
 Total DOFs:      3133
 Spectral Radii:  0.16054
 GMRES Avg Iters: 14.00
------------------------------------------------------
  MG RESIDUAL DECAY
------------------------------------------------------
 Iter    Rel. Residual           Reduction Factor
------------------------------------------------------
 0       9.422174e-02            -----
 1       1.065303e-02            0.1131
 2       1.321945e-03            0.1241
 3       1.731159e-04            0.1310
 4       2.453768e-05            0.1417
 5       3.674465e-06            0.1497
 6       5.352422e-07            0.1457
 7       7.891654e-08            0.1474
 8       1.192984e-08            0.1512
 9       1.756618e-09            0.1472
 10      2.594653e-10            0.1477
 11      3.966003e-11            0.1529
 12      6.098005e-12            0.1538
 13      9.211031e-13            0.1510
 14      1.380980e-13            0.1499
 15      2.107126e-14            0.1526
------------------------------------------------------
 Iterations:      16
 Final Rel. Res.: 2.107126e-14
 Asymptotic Rate: 0.151182 (Geom. Mean, last 4 iters)
======================================================

======================================================
  Refinement Level: 3
======================================================
 Mesh width (h):  4.7388e-02
 Total DOFs:      12345
 Spectral Radii:  0.163291
 GMRES Avg Iters: 15.00
------------------------------------------------------
  MG RESIDUAL DECAY
------------------------------------------------------
 Iter    Rel. Residual           Reduction Factor
------------------------------------------------------
 0       9.754650e-02            -----
 1       1.146479e-02            0.1175
 2       1.495857e-03            0.1305
 3       1.976265e-04            0.1321
 4       2.855548e-05            0.1445
 5       4.232760e-06            0.1482
 6       6.305311e-07            0.1490
 7       9.594506e-08            0.1522
 8       1.460339e-08            0.1522
 9       2.253181e-09            0.1543
 10      3.519017e-10            0.1562
 11      5.618147e-11            0.1597
 12      9.129300e-12            0.1625
 13      1.485839e-12            0.1628
 14      2.402129e-13            0.1617
 15      3.817853e-14            0.1589
------------------------------------------------------
 Iterations:      16
 Final Rel. Res.: 3.817853e-14
 Asymptotic Rate: 0.161112 (Geom. Mean, last 4 iters)
======================================================

======================================================
  Refinement Level: 4
======================================================
 Mesh width (h):  2.3694e-02
 Total DOFs:      49009
 Spectral Radii:  0.16622
 GMRES Avg Iters: 15.00
------------------------------------------------------
  MG RESIDUAL DECAY
------------------------------------------------------
 Iter    Rel. Residual           Reduction Factor
------------------------------------------------------
 0       9.791425e-02            -----
 1       1.147141e-02            0.1172
 2       1.490621e-03            0.1299
 3       1.964846e-04            0.1318
 4       2.804352e-05            0.1427
 5       4.126476e-06            0.1471
 6       6.130919e-07            0.1486
 7       9.439241e-08            0.1540
 8       1.475163e-08            0.1563
 9       2.331346e-09            0.1580
 10      3.749936e-10            0.1608
 11      6.108592e-11            0.1629
 12      9.978036e-12            0.1633
 13      1.625207e-12            0.1629
 14      2.664834e-13            0.1640
 15      4.429496e-14            0.1662
------------------------------------------------------
 Iterations:      16
 Final Rel. Res.: 4.429496e-14
 Asymptotic Rate: 0.164350 (Geom. Mean, last 4 iters)
======================================================

======================================================
  Refinement Level: 5
======================================================
 Mesh width (h):  1.1847e-02
 Total DOFs:      195297
 Spectral Radii:  0.172927
 GMRES Avg Iters: 15.00
------------------------------------------------------
  MG RESIDUAL DECAY
------------------------------------------------------
 Iter    Rel. Residual           Reduction Factor
------------------------------------------------------
 0       9.888770e-02            -----
 1       1.151134e-02            0.1164
 2       1.474589e-03            0.1281
 3       1.960859e-04            0.1330
 4       2.816655e-05            0.1436
 5       4.121511e-06            0.1463
 6       6.095495e-07            0.1479
 7       9.307037e-08            0.1527
 8       1.441446e-08            0.1549
 9       2.265987e-09            0.1572
 10      3.623588e-10            0.1599
 11      5.842108e-11            0.1612
 12      9.487355e-12            0.1624
 13      1.544117e-12            0.1628
 14      2.517968e-13            0.1631
 15      4.142144e-14            0.1645
------------------------------------------------------
 Iterations:      16
 Final Rel. Res.: 4.142144e-14
 Asymptotic Rate: 0.163441 (Geom. Mean, last 4 iters)
======================================================

======================================================
  Refinement Level: 6
======================================================
 Mesh width (h):  5.9235e-03
 Total DOFs:      779713
 Spectral Radii:  0.175367
 GMRES Avg Iters: 15.00
------------------------------------------------------
  MG RESIDUAL DECAY
------------------------------------------------------
 Iter    Rel. Residual           Reduction Factor
------------------------------------------------------
 0       9.843575e-02            -----
 1       1.154077e-02            0.1172
 2       1.484431e-03            0.1286
 3       1.968811e-04            0.1326
 4       2.817741e-05            0.1431
 5       4.121488e-06            0.1463
 6       6.081567e-07            0.1476
 7       9.290213e-08            0.1528
 8       1.438748e-08            0.1549
 9       2.262019e-09            0.1572
 10      3.599650e-10            0.1591
 11      5.778532e-11            0.1605
 12      9.365788e-12            0.1621
 13      1.527603e-12            0.1631
 14      2.508440e-13            0.1642
 15      4.150913e-14            0.1655
------------------------------------------------------
 Iterations:      16
 Final Rel. Res.: 4.150913e-14
 Asymptotic Rate: 0.164260 (Geom. Mean, last 4 iters)
======================================================

