Device configuration: omp,cpu
Memory configuration: host-std
Loaded config: /cluster/home/rdabetic/decmg/configs/mag_2d_tria_rowsum_w.json
=================================================
  Multigrid Convergence Test Configuration
=================================================
 Problem Type:    mag
 Mesh File:       meshes/2d/tria.msh
 Output File:     out/rowsum/w/mag/2d/tria.csv
 MG Cycle Type:   W-Cycle
 Mass Lumping:    rowsum
 B-Conditions:    essential
 Max Refinement:  6
 Eigenvalues:     1 (Tol: 0.01)
 GMRES Benchmark: 8 runs (Tol: 1e-06, K-Dim: 20)
=================================================


Gmsh reader: all element attributes were zero.
MFEM only supports positive element attributes.
Setting element attributes to 1.

======================================================
  Refinement Level: 1
======================================================
 Mesh width (h):  1.2500e-01
 Total DOFs:      153
 Spectral Radii:  0.168759
 GMRES Avg Iters: 7.88
------------------------------------------------------
  MG RESIDUAL DECAY
------------------------------------------------------
 Iter    Rel. Residual           Reduction Factor
------------------------------------------------------
 0       8.714933e-02            -----
 1       1.062174e-02            0.1219
 2       1.811395e-03            0.1705
 3       2.568366e-04            0.1418
 4       4.090239e-05            0.1593
 5       6.998582e-06            0.1711
 6       1.089142e-06            0.1556
 7       1.858518e-07            0.1706
 8       3.961960e-08            0.2132
 9       7.802191e-09            0.1969
 10      1.195336e-09            0.1532
 11      1.594573e-10            0.1334
 12      3.110624e-11            0.1951
 13      6.702004e-12            0.2155
 14      1.144042e-12            0.1707
 15      1.606793e-13            0.1404
------------------------------------------------------
 Iterations:      16
 Final Rel. Res.: 1.606793e-13
 Asymptotic Rate: 0.172864 (Geom. Mean, last 4 iters)
======================================================

======================================================
  Refinement Level: 2
======================================================
 Mesh width (h):  6.2500e-02
 Total DOFs:      561
 Spectral Radii:  0.159844
 GMRES Avg Iters: 8.00
------------------------------------------------------
  MG RESIDUAL DECAY
------------------------------------------------------
 Iter    Rel. Residual           Reduction Factor
------------------------------------------------------
 0       1.005253e-01            -----
 1       1.223640e-02            0.1217
 2       1.586012e-03            0.1296
 3       2.280212e-04            0.1438
 4       3.608128e-05            0.1582
 5       5.622652e-06            0.1558
 6       8.200120e-07            0.1458
 7       1.164052e-07            0.1420
 8       2.103464e-08            0.1807
 9       3.817954e-09            0.1815
 10      6.023903e-10            0.1578
 11      9.398405e-11            0.1560
 12      1.551551e-11            0.1651
 13      2.435039e-12            0.1569
 14      3.763447e-13            0.1546
 15      6.219520e-14            0.1653
------------------------------------------------------
 Iterations:      16
 Final Rel. Res.: 6.219520e-14
 Asymptotic Rate: 0.158854 (Geom. Mean, last 4 iters)
======================================================

======================================================
  Refinement Level: 3
======================================================
 Mesh width (h):  3.1250e-02
 Total DOFs:      2145
 Spectral Radii:  0.172891
 GMRES Avg Iters: 8.00
------------------------------------------------------
  MG RESIDUAL DECAY
------------------------------------------------------
 Iter    Rel. Residual           Reduction Factor
------------------------------------------------------
 0       1.028105e-01            -----
 1       1.144478e-02            0.1113
 2       1.584699e-03            0.1385
 3       2.278712e-04            0.1438
 4       3.458292e-05            0.1518
 5       5.465249e-06            0.1580
 6       8.410688e-07            0.1539
 7       1.312971e-07            0.1561
 8       2.142383e-08            0.1632
 9       3.577018e-09            0.1670
 10      6.060909e-10            0.1694
 11      1.075222e-10            0.1774
 12      1.865910e-11            0.1735
 13      3.128781e-12            0.1677
 14      5.244615e-13            0.1676
 15      8.800641e-14            0.1678
------------------------------------------------------
 Iterations:      16
 Final Rel. Res.: 8.800641e-14
 Asymptotic Rate: 0.167703 (Geom. Mean, last 4 iters)
======================================================

======================================================
  Refinement Level: 4
======================================================
 Mesh width (h):  1.5625e-02
 Total DOFs:      8385
 Spectral Radii:  0.179731
 GMRES Avg Iters: 8.00
------------------------------------------------------
  MG RESIDUAL DECAY
------------------------------------------------------
 Iter    Rel. Residual           Reduction Factor
------------------------------------------------------
 0       1.001363e-01            -----
 1       1.279287e-02            0.1278
 2       1.730381e-03            0.1353
 3       2.472752e-04            0.1429
 4       3.798232e-05            0.1536
 5       5.791518e-06            0.1525
 6       9.115370e-07            0.1574
 7       1.481009e-07            0.1625
 8       2.424984e-08            0.1637
 9       4.002905e-09            0.1651
 10      6.735716e-10            0.1683
 11      1.158377e-10            0.1720
 12      2.006249e-11            0.1732
 13      3.514243e-12            0.1752
 14      6.263649e-13            0.1782
 15      1.115787e-13            0.1781
------------------------------------------------------
 Iterations:      16
 Final Rel. Res.: 1.115787e-13
 Asymptotic Rate: 0.177174 (Geom. Mean, last 4 iters)
======================================================

======================================================
  Refinement Level: 5
======================================================
 Mesh width (h):  7.8125e-03
 Total DOFs:      33153
 Spectral Radii:  0.185376
 GMRES Avg Iters: 8.00
------------------------------------------------------
  MG RESIDUAL DECAY
------------------------------------------------------
 Iter    Rel. Residual           Reduction Factor
------------------------------------------------------
 0       1.000488e-01            -----
 1       1.231366e-02            0.1231
 2       1.671254e-03            0.1357
 3       2.363373e-04            0.1414
 4       3.680623e-05            0.1557
 5       5.782786e-06            0.1571
 6       9.070355e-07            0.1569
 7       1.458135e-07            0.1608
 8       2.401098e-08            0.1647
 9       4.017998e-09            0.1673
 10      6.841500e-10            0.1703
 11      1.184782e-10            0.1732
 12      2.076107e-11            0.1752
 13      3.655813e-12            0.1761
 14      6.480519e-13            0.1773
 15      1.155136e-13            0.1782
------------------------------------------------------
 Iterations:      16
 Final Rel. Res.: 1.155136e-13
 Asymptotic Rate: 0.177199 (Geom. Mean, last 4 iters)
======================================================

======================================================
  Refinement Level: 6
======================================================
 Mesh width (h):  3.9063e-03
 Total DOFs:      131841
 Spectral Radii:  0.18772
 GMRES Avg Iters: 8.00
------------------------------------------------------
  MG RESIDUAL DECAY
------------------------------------------------------
 Iter    Rel. Residual           Reduction Factor
------------------------------------------------------
 0       1.013540e-01            -----
 1       1.238677e-02            0.1222
 2       1.667993e-03            0.1347
 3       2.368525e-04            0.1420
 4       3.661736e-05            0.1546
 5       5.726737e-06            0.1564
 6       9.029971e-07            0.1577
 7       1.464323e-07            0.1622
 8       2.410535e-08            0.1646
 9       4.028745e-09            0.1671
 10      6.800301e-10            0.1688
 11      1.161259e-10            0.1708
 12      2.003527e-11            0.1725
 13      3.474770e-12            0.1734
 14      6.069993e-13            0.1747
 15      1.067313e-13            0.1758
------------------------------------------------------
 Iterations:      16
 Final Rel. Res.: 1.067313e-13
 Asymptotic Rate: 0.174649 (Geom. Mean, last 4 iters)
======================================================

