Device configuration: omp,cpu
Memory configuration: host-std
Loaded config: /cluster/home/rdabetic/decmg/configs/mag_3d_corner_scaledid_v_k1.json
=================================================
  Multigrid Convergence Test Configuration
=================================================
 Problem Type:    mag
 Mesh File:       meshes/3d/corner.msh
 Output File:     out/scaledid/v/mag/3d/corner_k1.csv
 MG Cycle Type:   V-Cycle
 Mass Lumping:    scaledid
 B-Conditions:    essential
 Max Refinement:  5
 Eigenvalues:     1 (Tol: 0.01)
 GMRES Benchmark: 8 runs (Tol: 1e-06, K-Dim: 20)
=================================================

======================================================
  Refinement Level: 1
======================================================
 Mesh width (h):  5.0000e-01
 Total DOFs:      545
 Spectral Radii:  0.577005
 GMRES Avg Iters: 26.12
------------------------------------------------------
  MG RESIDUAL DECAY
------------------------------------------------------
 Iter    Rel. Residual           Reduction Factor
------------------------------------------------------
 0       2.268588e-01            -----
 1       5.919480e-02            0.2609
 2       1.920379e-02            0.3244
 3       7.850628e-03            0.4088
 4       3.530434e-03            0.4497
 5       1.716890e-03            0.4863
 6       8.595771e-04            0.5007
 7       4.353036e-04            0.5064
 8       2.228526e-04            0.5119
 9       1.152835e-04            0.5173
 10      6.023539e-05            0.5225
 11      3.178368e-05            0.5277
 12      1.693588e-05            0.5328
 13      9.111960e-06            0.5380
 14      4.948615e-06            0.5431
 15      2.711444e-06            0.5479
------------------------------------------------------
 Iterations:      16
 Final Rel. Res.: 2.711444e-06
 Asymptotic Rate: 0.542997 (Geom. Mean, last 4 iters)
======================================================

======================================================
  Refinement Level: 2
======================================================
 Mesh width (h):  2.5000e-01
 Total DOFs:      3681
 Spectral Radii:  0.598608
 GMRES Avg Iters: 32.88
------------------------------------------------------
  MG RESIDUAL DECAY
------------------------------------------------------
 Iter    Rel. Residual           Reduction Factor
------------------------------------------------------
 0       2.248645e-01            -----
 1       5.870342e-02            0.2611
 2       2.008295e-02            0.3421
 3       8.280601e-03            0.4123
 4       3.881061e-03            0.4687
 5       1.909883e-03            0.4921
 6       9.660292e-04            0.5058
 7       4.983364e-04            0.5159
 8       2.612277e-04            0.5242
 9       1.387574e-04            0.5312
 10      7.453379e-05            0.5372
 11      4.043444e-05            0.5425
 12      2.213411e-05            0.5474
 13      1.221661e-05            0.5519
 14      6.793427e-06            0.5561
 15      3.803264e-06            0.5598
------------------------------------------------------
 Iterations:      16
 Final Rel. Res.: 3.803264e-06
 Asymptotic Rate: 0.555945 (Geom. Mean, last 4 iters)
======================================================

======================================================
  Refinement Level: 3
======================================================
 Mesh width (h):  1.2500e-01
 Total DOFs:      26945
 Spectral Radii:  0.63943
 GMRES Avg Iters: 38.00
------------------------------------------------------
  MG RESIDUAL DECAY
------------------------------------------------------
 Iter    Rel. Residual           Reduction Factor
------------------------------------------------------
 0       2.253023e-01            -----
 1       6.001366e-02            0.2664
 2       1.919526e-02            0.3198
 3       7.678388e-03            0.4000
 4       3.531485e-03            0.4599
 5       1.728626e-03            0.4895
 6       8.703100e-04            0.5035
 7       4.462784e-04            0.5128
 8       2.320574e-04            0.5200
 9       1.220153e-04            0.5258
 10      6.473645e-05            0.5306
 11      3.461410e-05            0.5347
 12      1.863749e-05            0.5384
 13      1.010135e-05            0.5420
 14      5.510408e-06            0.5455
 15      3.025984e-06            0.5491
------------------------------------------------------
 Iterations:      16
 Final Rel. Res.: 3.025984e-06
 Asymptotic Rate: 0.545540 (Geom. Mean, last 4 iters)
======================================================

======================================================
  Refinement Level: 4
======================================================
 Mesh width (h):  6.2500e-02
 Total DOFs:      205953
 Spectral Radii:  0.667483
 GMRES Avg Iters: 40.00
------------------------------------------------------
  MG RESIDUAL DECAY
------------------------------------------------------
 Iter    Rel. Residual           Reduction Factor
------------------------------------------------------
 0       2.257468e-01            -----
 1       5.961554e-02            0.2641
 2       1.855614e-02            0.3113
 3       7.234685e-03            0.3899
 4       3.255620e-03            0.4500
 5       1.559722e-03            0.4791
 6       7.704386e-04            0.4940
 7       3.882214e-04            0.5039
 8       1.986217e-04            0.5116
 9       1.029560e-04            0.5184
 10      5.399146e-05            0.5244
 11      2.863004e-05            0.5303
 12      1.535106e-05            0.5362
 13      8.328195e-06            0.5425
 14      4.576317e-06            0.5495
 15      2.550760e-06            0.5574
------------------------------------------------------
 Iterations:      16
 Final Rel. Res.: 2.550760e-06
 Asymptotic Rate: 0.549765 (Geom. Mean, last 4 iters)
======================================================

======================================================
  Refinement Level: 5
======================================================
 Mesh width (h):  3.1250e-02
 Total DOFs:      1609985
 Spectral Radii:  0.686981
 GMRES Avg Iters: 41.00
------------------------------------------------------
  MG RESIDUAL DECAY
------------------------------------------------------
 Iter    Rel. Residual           Reduction Factor
------------------------------------------------------
 0       2.258956e-01            -----
 1       5.966343e-02            0.2641
 2       1.845169e-02            0.3093
 3       7.100148e-03            0.3848
 4       3.165210e-03            0.4458
 5       1.506390e-03            0.4759
 6       7.386619e-04            0.4904
 7       3.695027e-04            0.5002
 8       1.874581e-04            0.5073
 9       9.625530e-05            0.5135
 10      4.992904e-05            0.5187
 11      2.612837e-05            0.5233
 12      1.379147e-05            0.5278
 13      7.339807e-06            0.5322
 14      3.941311e-06            0.5370
 15      2.136694e-06            0.5421
------------------------------------------------------
 Iterations:      16
 Final Rel. Res.: 2.136694e-06
 Asymptotic Rate: 0.537086 (Geom. Mean, last 4 iters)
======================================================

