Device configuration: omp,cpu
Memory configuration: host-std
Loaded config: /cluster/home/rdabetic/decmg/configs/mag_3d_hole_void_scaledid_w.json
=================================================
  Multigrid Convergence Test Configuration
=================================================
 Problem Type:    mag
 Mesh File:       meshes/3d/hole_void.msh
 Output File:     out/scaledid/w/mag/3d/hole_void.csv
 MG Cycle Type:   W-Cycle
 Mass Lumping:    scaledid
 B-Conditions:    essential
 Max Refinement:  5
 Eigenvalues:     2 (Tol: 0.01)
 GMRES Benchmark: 8 runs (Tol: 1e-06, K-Dim: 20)
=================================================

======================================================
  Refinement Level: 1
======================================================
 Mesh width (h):  1.5811e+00
 Total DOFs:      1505
 Spectral Radii:  1 0.345833
 GMRES Avg Iters: 47.62
------------------------------------------------------
  MG RESIDUAL DECAY
------------------------------------------------------
 Iter    Rel. Residual           Reduction Factor
------------------------------------------------------
 0       6.549102e-02            -----
 1       1.125021e-02            0.1718
 2       2.678016e-03            0.2380
 3       7.279494e-04            0.2718
 4       2.082857e-04            0.2861
 5       6.137452e-05            0.2947
 6       1.841434e-05            0.3000
 7       5.596040e-06            0.3039
 8       1.720410e-06            0.3074
 9       5.352928e-07            0.3111
 10      1.686758e-07            0.3151
 11      5.385021e-08            0.3193
 12      1.741530e-08            0.3234
 13      5.701156e-09            0.3274
 14      1.886912e-09            0.3310
 15      6.304290e-10            0.3341
------------------------------------------------------
 Iterations:      16
 Final Rel. Res.: 6.304290e-10
 Asymptotic Rate: 0.330802 (Geom. Mean, last 4 iters)
======================================================

======================================================
  Refinement Level: 2
======================================================
 Mesh width (h):  7.9057e-01
 Total DOFs:      10689
 Spectral Radii:  1 0.358831
 GMRES Avg Iters: 54.88
------------------------------------------------------
  MG RESIDUAL DECAY
------------------------------------------------------
 Iter    Rel. Residual           Reduction Factor
------------------------------------------------------
 0       5.847363e-02            -----
 1       8.640235e-03            0.1478
 2       2.038525e-03            0.2359
 3       5.682370e-04            0.2787
 4       1.684967e-04            0.2965
 5       5.167862e-05            0.3067
 6       1.620213e-05            0.3135
 7       5.160243e-06            0.3185
 8       1.662590e-06            0.3222
 9       5.403396e-07            0.3250
 10      1.768039e-07            0.3272
 11      5.816924e-08            0.3290
 12      1.922566e-08            0.3305
 13      6.379294e-09            0.3318
 14      2.124001e-09            0.3330
 15      7.093501e-10            0.3340
------------------------------------------------------
 Iterations:      16
 Final Rel. Res.: 7.093501e-10
 Asymptotic Rate: 0.332910 (Geom. Mean, last 4 iters)
======================================================

======================================================
  Refinement Level: 3
======================================================
 Mesh width (h):  3.9528e-01
 Total DOFs:      80257
 Spectral Radii:  1 0.379473
 GMRES Avg Iters: 61.75
------------------------------------------------------
  MG RESIDUAL DECAY
------------------------------------------------------
 Iter    Rel. Residual           Reduction Factor
------------------------------------------------------
 0       6.012855e-02            -----
 1       8.587534e-03            0.1428
 2       1.889809e-03            0.2201
 3       5.021656e-04            0.2657
 4       1.429354e-04            0.2846
 5       4.277841e-05            0.2993
 6       1.326993e-05            0.3102
 7       4.240087e-06            0.3195
 8       1.389327e-06            0.3277
 9       4.652786e-07            0.3349
 10      1.587942e-07            0.3413
 11      5.508061e-08            0.3469
 12      1.936985e-08            0.3517
 13      6.890446e-09            0.3557
 14      2.474695e-09            0.3591
 15      8.958658e-10            0.3620
------------------------------------------------------
 Iterations:      16
 Final Rel. Res.: 8.958658e-10
 Asymptotic Rate: 0.358954 (Geom. Mean, last 4 iters)
======================================================

======================================================
  Refinement Level: 4
======================================================
 Mesh width (h):  1.9764e-01
 Total DOFs:      621313
 Spectral Radii:  1 0.38411
 GMRES Avg Iters: 63.88
------------------------------------------------------
  MG RESIDUAL DECAY
------------------------------------------------------
 Iter    Rel. Residual           Reduction Factor
------------------------------------------------------
 0       6.033169e-02            -----
 1       8.194426e-03            0.1358
 2       1.760036e-03            0.2148
 3       4.569793e-04            0.2596
 4       1.265253e-04            0.2769
 5       3.655042e-05            0.2889
 6       1.085980e-05            0.2971
 7       3.299570e-06            0.3038
 8       1.021186e-06            0.3095
 9       3.211350e-07            0.3145
 10      1.024412e-07            0.3190
 11      3.311017e-08            0.3232
 12      1.083409e-08            0.3272
 13      3.586763e-09            0.3311
 14      1.200818e-09            0.3348
 15      4.063672e-10            0.3384
------------------------------------------------------
 Iterations:      16
 Final Rel. Res.: 4.063672e-10
 Asymptotic Rate: 0.334741 (Geom. Mean, last 4 iters)
======================================================

======================================================
  Refinement Level: 5
======================================================
 Mesh width (h):  9.8821e-02
 Total DOFs:      4888065
 Spectral Radii:  1 0.38532
 GMRES Avg Iters: 65.38
------------------------------------------------------
  MG RESIDUAL DECAY
------------------------------------------------------
 Iter    Rel. Residual           Reduction Factor
------------------------------------------------------
 0       6.081092e-02            -----
 1       8.105971e-03            0.1333
 2       1.718656e-03            0.2120
 3       4.383794e-04            0.2551
 4       1.195588e-04            0.2727
 5       3.398608e-05            0.2843
 6       9.945830e-06            0.2926
 7       2.977777e-06            0.2994
 8       9.083081e-07            0.3050
 9       2.814877e-07            0.3099
 10      8.844792e-08            0.3142
 11      2.813861e-08            0.3181
 12      9.054698e-09            0.3218
 13      2.945218e-09            0.3253
 14      9.679590e-10            0.3287
 15      3.213629e-10            0.3320
------------------------------------------------------
 Iterations:      16
 Final Rel. Res.: 3.213629e-10
 Asymptotic Rate: 0.328630 (Geom. Mean, last 4 iters)
======================================================

