Device configuration: omp,cpu
Memory configuration: host-std
Loaded config: /cluster/home/rdabetic/decmg/configs/mag_2d_square_hole_barycentric_v.json
=================================================
  Multigrid Convergence Test Configuration
=================================================
 Problem Type:    mag
 Mesh File:       meshes/2d/square_hole.msh
 Output File:     out/barycentric/v/mag/2d/square_hole.csv
 MG Cycle Type:   V-Cycle
 Mass Lumping:    barycentric
 B-Conditions:    essential
 Max Refinement:  6
 Eigenvalues:     2 (Tol: 0.01)
 GMRES Benchmark: 8 runs (Tol: 1e-06, K-Dim: 20)
=================================================


Gmsh reader: all element attributes were zero.
MFEM only supports positive element attributes.
Setting element attributes to 1.

======================================================
  Refinement Level: 1
======================================================
 Mesh width (h):  8.8388e-02
 Total DOFs:      720
 Spectral Radii:  1 0.26251
 GMRES Avg Iters: 9.00
------------------------------------------------------
  MG RESIDUAL DECAY
------------------------------------------------------
 Iter    Rel. Residual           Reduction Factor
------------------------------------------------------
 0       9.483159e-02            -----
 1       1.313891e-02            0.1385
 2       2.838025e-03            0.2160
 3       6.249454e-04            0.2202
 4       1.421797e-04            0.2275
 5       3.475666e-05            0.2445
 6       9.130031e-06            0.2627
 7       2.469556e-06            0.2705
 8       6.544260e-07            0.2650
 9       1.681563e-07            0.2570
 10      4.249148e-08            0.2527
 11      1.070396e-08            0.2519
 12      2.710751e-09            0.2532
 13      6.923466e-10            0.2554
 14      1.779588e-10            0.2570
 15      4.582044e-11            0.2575
------------------------------------------------------
 Iterations:      16
 Final Rel. Res.: 4.582044e-11
 Asymptotic Rate: 0.256639 (Geom. Mean, last 4 iters)
======================================================

======================================================
  Refinement Level: 2
======================================================
 Mesh width (h):  4.4194e-02
 Total DOFs:      2720
 Spectral Radii:  1 0.360975
 GMRES Avg Iters: 9.00
------------------------------------------------------
  MG RESIDUAL DECAY
------------------------------------------------------
 Iter    Rel. Residual           Reduction Factor
------------------------------------------------------
 0       1.071773e-01            -----
 1       1.555701e-02            0.1452
 2       3.070530e-03            0.1974
 3       7.519057e-04            0.2449
 4       2.106139e-04            0.2801
 5       6.369105e-05            0.3024
 6       1.984981e-05            0.3117
 7       6.250092e-06            0.3149
 8       2.005082e-06            0.3208
 9       6.595505e-07            0.3289
 10      2.223202e-07            0.3371
 11      7.639036e-08            0.3436
 12      2.658948e-08            0.3481
 13      9.329683e-09            0.3509
 14      3.289922e-09            0.3526
 15      1.164012e-09            0.3538
------------------------------------------------------
 Iterations:      16
 Final Rel. Res.: 1.164012e-09
 Asymptotic Rate: 0.352438 (Geom. Mean, last 4 iters)
======================================================

======================================================
  Refinement Level: 3
======================================================
 Mesh width (h):  2.2097e-02
 Total DOFs:      10560
 Spectral Radii:  1 0.404744
 GMRES Avg Iters: 10.00
------------------------------------------------------
  MG RESIDUAL DECAY
------------------------------------------------------
 Iter    Rel. Residual           Reduction Factor
------------------------------------------------------
 0       1.063312e-01            -----
 1       1.583309e-02            0.1489
 2       3.020957e-03            0.1908
 3       7.090370e-04            0.2347
 4       2.125592e-04            0.2998
 5       7.192236e-05            0.3384
 6       2.578031e-05            0.3584
 7       9.474938e-06            0.3675
 8       3.510657e-06            0.3705
 9       1.316399e-06            0.3750
 10      5.013372e-07            0.3808
 11      1.937639e-07            0.3865
 12      7.582729e-08            0.3913
 13      2.994953e-08            0.3950
 14      1.190321e-08            0.3974
 15      4.750643e-09            0.3991
------------------------------------------------------
 Iterations:      16
 Final Rel. Res.: 4.750643e-09
 Asymptotic Rate: 0.397169 (Geom. Mean, last 4 iters)
======================================================

======================================================
  Refinement Level: 4
======================================================
 Mesh width (h):  1.1049e-02
 Total DOFs:      41600
 Spectral Radii:  1 0.433792
 GMRES Avg Iters: 10.00
------------------------------------------------------
  MG RESIDUAL DECAY
------------------------------------------------------
 Iter    Rel. Residual           Reduction Factor
------------------------------------------------------
 0       1.091547e-01            -----
 1       1.562782e-02            0.1432
 2       2.983663e-03            0.1909
 3       8.092138e-04            0.2712
 4       2.607924e-04            0.3223
 5       8.542952e-05            0.3276
 6       2.875941e-05            0.3366
 7       9.949901e-06            0.3460
 8       3.624398e-06            0.3643
 9       1.384899e-06            0.3821
 10      5.476364e-07            0.3954
 11      2.221334e-07            0.4056
 12      9.179210e-08            0.4132
 13      3.839648e-08            0.4183
 14      1.618408e-08            0.4215
 15      6.855283e-09            0.4236
------------------------------------------------------
 Iterations:      16
 Final Rel. Res.: 6.855283e-09
 Asymptotic Rate: 0.421121 (Geom. Mean, last 4 iters)
======================================================

======================================================
  Refinement Level: 5
======================================================
 Mesh width (h):  5.5243e-03
 Total DOFs:      165120
 Spectral Radii:  1 0.455468
 GMRES Avg Iters: 10.00
------------------------------------------------------
  MG RESIDUAL DECAY
------------------------------------------------------
 Iter    Rel. Residual           Reduction Factor
------------------------------------------------------
 0       1.109520e-01            -----
 1       1.619406e-02            0.1460
 2       3.103126e-03            0.1916
 3       7.535529e-04            0.2428
 4       2.273698e-04            0.3017
 5       8.345156e-05            0.3670
 6       3.618807e-05            0.4336
 7       1.747424e-05            0.4829
 8       8.671955e-06            0.4963
 9       4.255723e-06            0.4907
 10      2.049586e-06            0.4816
 11      9.710475e-07            0.4738
 12      4.545509e-07            0.4681
 13      2.109915e-07            0.4642
 14      9.737084e-08            0.4615
 15      4.475844e-08            0.4597
------------------------------------------------------
 Iterations:      16
 Final Rel. Res.: 4.475844e-08
 Asymptotic Rate: 0.461775 (Geom. Mean, last 4 iters)
======================================================

======================================================
  Refinement Level: 6
======================================================
 Mesh width (h):  2.7621e-03
 Total DOFs:      657920
 Spectral Radii:  1 0.472146
 GMRES Avg Iters: 10.00
------------------------------------------------------
  MG RESIDUAL DECAY
------------------------------------------------------
 Iter    Rel. Residual           Reduction Factor
------------------------------------------------------
 0       1.109201e-01            -----
 1       1.611245e-02            0.1453
 2       3.066430e-03            0.1903
 3       7.532843e-04            0.2457
 4       2.133019e-04            0.2832
 5       6.740770e-05            0.3160
 6       2.564561e-05            0.3805
 7       1.203271e-05            0.4692
 8       6.088556e-06            0.5060
 9       3.070143e-06            0.5042
 10      1.522393e-06            0.4959
 11      7.446174e-07            0.4891
 12      3.607321e-07            0.4845
 13      1.735877e-07            0.4812
 14      8.312383e-08            0.4789
 15      3.965907e-08            0.4771
------------------------------------------------------
 Iterations:      16
 Final Rel. Res.: 3.965907e-08
 Asymptotic Rate: 0.479056 (Geom. Mean, last 4 iters)
======================================================

