Device configuration: omp,cpu
Memory configuration: host-std
Loaded config: /cluster/home/rdabetic/decmg/configs/mag_2d_two_holes_scaledid_v.json
=================================================
  Multigrid Convergence Test Configuration
=================================================
 Problem Type:    mag
 Mesh File:       meshes/2d/two_holes.msh
 Output File:     out/scaledid/v/mag/2d/two_holes.csv
 MG Cycle Type:   V-Cycle
 Mass Lumping:    scaledid
 B-Conditions:    essential
 Max Refinement:  6
 Eigenvalues:     3 (Tol: 0.01)
 GMRES Benchmark: 8 runs (Tol: 1e-06, K-Dim: 20)
=================================================


Gmsh reader: all element attributes were zero.
MFEM only supports positive element attributes.
Setting element attributes to 1.

======================================================
  Refinement Level: 1
======================================================
 Mesh width (h):  9.9615e-02
 Total DOFs:      2403
 Spectral Radii:  1 1 0.159514
 GMRES Avg Iters: 12.00
------------------------------------------------------
  MG RESIDUAL DECAY
------------------------------------------------------
 Iter    Rel. Residual           Reduction Factor
------------------------------------------------------
 0       8.837847e-02            -----
 1       1.560802e-02            0.1766
 2       1.460578e-03            0.0936
 3       2.249660e-04            0.1540
 4       3.368291e-05            0.1497
 5       4.773782e-06            0.1417
 6       7.808423e-07            0.1636
 7       1.215091e-07            0.1556
 8       1.451512e-08            0.1195
 9       1.551889e-09            0.1069
 10      2.244248e-10            0.1446
 11      3.916492e-11            0.1745
 12      5.567559e-12            0.1422
 13      7.622747e-13            0.1369
 14      1.477533e-13            0.1938
 15      2.769871e-14            0.1875
------------------------------------------------------
 Iterations:      16
 Final Rel. Res.: 2.769871e-14
 Asymptotic Rate: 0.170712 (Geom. Mean, last 4 iters)
======================================================

======================================================
  Refinement Level: 2
======================================================
 Mesh width (h):  4.9808e-02
 Total DOFs:      9383
 Spectral Radii:  1 1 0.198704
 GMRES Avg Iters: 13.00
------------------------------------------------------
  MG RESIDUAL DECAY
------------------------------------------------------
 Iter    Rel. Residual           Reduction Factor
------------------------------------------------------
 0       9.850439e-02            -----
 1       1.225068e-02            0.1244
 2       1.827440e-03            0.1492
 3       5.100719e-04            0.2791
 4       1.017466e-04            0.1995
 5       1.762133e-05            0.1732
 6       2.979710e-06            0.1691
 7       4.769338e-07            0.1601
 8       7.250598e-08            0.1520
 9       1.112014e-08            0.1534
 10      1.784053e-09            0.1604
 11      2.926748e-10            0.1641
 12      4.800548e-11            0.1640
 13      8.020547e-12            0.1671
 14      1.417664e-12            0.1768
 15      2.739348e-13            0.1932
------------------------------------------------------
 Iterations:      16
 Final Rel. Res.: 2.739348e-13
 Asymptotic Rate: 0.178698 (Geom. Mean, last 4 iters)
======================================================

======================================================
  Refinement Level: 3
======================================================
 Mesh width (h):  2.4904e-02
 Total DOFs:      37071
 Spectral Radii:  1 1 0.237884
 GMRES Avg Iters: 14.00
------------------------------------------------------
  MG RESIDUAL DECAY
------------------------------------------------------
 Iter    Rel. Residual           Reduction Factor
------------------------------------------------------
 0       9.988246e-02            -----
 1       1.196696e-02            0.1198
 2       2.135663e-03            0.1785
 3       3.563550e-04            0.1669
 4       5.956631e-05            0.1672
 5       1.122917e-05            0.1885
 6       2.792416e-06            0.2487
 7       6.753294e-07            0.2418
 8       1.580882e-07            0.2341
 9       3.548259e-08            0.2244
 10      7.522348e-09            0.2120
 11      1.564376e-09            0.2080
 12      3.244491e-10            0.2074
 13      6.681311e-11            0.2059
 14      1.359555e-11            0.2035
 15      2.723017e-12            0.2003
------------------------------------------------------
 Iterations:      16
 Final Rel. Res.: 2.723017e-12
 Asymptotic Rate: 0.203221 (Geom. Mean, last 4 iters)
======================================================

======================================================
  Refinement Level: 4
======================================================
 Mesh width (h):  1.2452e-02
 Total DOFs:      147359
 Spectral Radii:  1 1 0.259587
 GMRES Avg Iters: 14.00
------------------------------------------------------
  MG RESIDUAL DECAY
------------------------------------------------------
 Iter    Rel. Residual           Reduction Factor
------------------------------------------------------
 0       9.869997e-02            -----
 1       1.207931e-02            0.1224
 2       1.808980e-03            0.1498
 3       2.607914e-04            0.1442
 4       5.593631e-05            0.2145
 5       2.056824e-05            0.3677
 6       6.767590e-06            0.3290
 7       1.981005e-06            0.2927
 8       5.527980e-07            0.2790
 9       1.477304e-07            0.2672
 10      3.863465e-08            0.2615
 11      1.004217e-08            0.2599
 12      2.608348e-09            0.2597
 13      6.787908e-10            0.2602
 14      1.769860e-10            0.2607
 15      4.616375e-11            0.2608
------------------------------------------------------
 Iterations:      16
 Final Rel. Res.: 4.616375e-11
 Asymptotic Rate: 0.260602 (Geom. Mean, last 4 iters)
======================================================

======================================================
  Refinement Level: 5
======================================================
 Mesh width (h):  6.2260e-03
 Total DOFs:      587583
 Spectral Radii:  1 1 0.277769
 GMRES Avg Iters: 14.00
------------------------------------------------------
  MG RESIDUAL DECAY
------------------------------------------------------
 Iter    Rel. Residual           Reduction Factor
------------------------------------------------------
 0       9.884191e-02            -----
 1       1.188222e-02            0.1202
 2       1.660144e-03            0.1397
 3       2.659700e-04            0.1602
 4       5.027298e-05            0.1890
 5       1.031187e-05            0.2051
 6       2.363665e-06            0.2292
 7       6.595636e-07            0.2790
 8       2.064388e-07            0.3130
 9       6.462808e-08            0.3131
 10      1.929668e-08            0.2986
 11      5.483538e-09            0.2842
 12      1.494379e-09            0.2725
 13      3.948400e-10            0.2642
 14      1.022384e-10            0.2589
 15      2.620258e-11            0.2563
------------------------------------------------------
 Iterations:      16
 Final Rel. Res.: 2.620258e-11
 Asymptotic Rate: 0.259793 (Geom. Mean, last 4 iters)
======================================================

======================================================
  Refinement Level: 6
======================================================
 Mesh width (h):  3.1130e-03
 Total DOFs:      2346623
 Spectral Radii:  1 1 0.292037
 GMRES Avg Iters: 14.00
------------------------------------------------------
  MG RESIDUAL DECAY
------------------------------------------------------
 Iter    Rel. Residual           Reduction Factor
------------------------------------------------------
 0       9.895659e-02            -----
 1       1.185989e-02            0.1198
 2       1.751235e-03            0.1477
 3       4.135794e-04            0.2362
 4       1.233717e-04            0.2983
 5       3.503749e-05            0.2840
 6       9.121728e-06            0.2603
 7       2.177403e-06            0.2387
 8       4.981894e-07            0.2288
 9       1.167667e-07            0.2344
 10      3.015094e-08            0.2582
 11      8.708558e-09            0.2888
 12      2.685793e-09            0.3084
 13      8.467941e-10            0.3153
 14      2.673791e-10            0.3158
 15      8.390955e-11            0.3138
------------------------------------------------------
 Iterations:      16
 Final Rel. Res.: 8.390955e-11
 Asymptotic Rate: 0.314953 (Geom. Mean, last 4 iters)
======================================================

