Device configuration: omp,cpu
Memory configuration: host-std
Loaded config: /cluster/home/rdabetic/decmg/configs/mag_2d_square_hole_scaledid_w.json
=================================================
  Multigrid Convergence Test Configuration
=================================================
 Problem Type:    mag
 Mesh File:       meshes/2d/square_hole.msh
 Output File:     out/scaledid/w/mag/2d/square_hole.csv
 MG Cycle Type:   W-Cycle
 Mass Lumping:    scaledid
 B-Conditions:    essential
 Max Refinement:  6
 Eigenvalues:     2 (Tol: 0.01)
 GMRES Benchmark: 8 runs (Tol: 1e-06, K-Dim: 20)
=================================================


Gmsh reader: all element attributes were zero.
MFEM only supports positive element attributes.
Setting element attributes to 1.

======================================================
  Refinement Level: 1
======================================================
 Mesh width (h):  8.8388e-02
 Total DOFs:      720
 Spectral Radii:  1 0.151832
 GMRES Avg Iters: 10.00
------------------------------------------------------
  MG RESIDUAL DECAY
------------------------------------------------------
 Iter    Rel. Residual           Reduction Factor
------------------------------------------------------
 0       8.810147e-02            -----
 1       9.943587e-03            0.1129
 2       1.423364e-03            0.1431
 3       1.989530e-04            0.1398
 4       2.997980e-05            0.1507
 5       4.325302e-06            0.1443
 6       6.223436e-07            0.1439
 7       1.001190e-07            0.1609
 8       1.833480e-08            0.1831
 9       2.947340e-09            0.1608
 10      4.222128e-10            0.1433
 11      6.101169e-11            0.1445
 12      9.196933e-12            0.1507
 13      1.461498e-12            0.1589
 14      2.384006e-13            0.1631
 15      3.585824e-14            0.1504
------------------------------------------------------
 Iterations:      16
 Final Rel. Res.: 3.585824e-14
 Asymptotic Rate: 0.157392 (Geom. Mean, last 4 iters)
======================================================

======================================================
  Refinement Level: 2
======================================================
 Mesh width (h):  4.4194e-02
 Total DOFs:      2720
 Spectral Radii:  1 0.157589
 GMRES Avg Iters: 11.00
------------------------------------------------------
  MG RESIDUAL DECAY
------------------------------------------------------
 Iter    Rel. Residual           Reduction Factor
------------------------------------------------------
 0       9.702869e-02            -----
 1       1.201292e-02            0.1238
 2       1.601414e-03            0.1333
 3       1.937881e-04            0.1210
 4       2.761585e-05            0.1425
 5       4.391131e-06            0.1590
 6       6.039044e-07            0.1375
 7       8.630238e-08            0.1429
 8       1.277200e-08            0.1480
 9       2.117874e-09            0.1658
 10      3.459243e-10            0.1633
 11      6.081489e-11            0.1758
 12      9.861159e-12            0.1622
 13      1.419632e-12            0.1440
 14      2.039958e-13            0.1437
 15      2.893367e-14            0.1418
------------------------------------------------------
 Iterations:      16
 Final Rel. Res.: 2.893367e-14
 Asymptotic Rate: 0.143161 (Geom. Mean, last 4 iters)
======================================================

======================================================
  Refinement Level: 3
======================================================
 Mesh width (h):  2.2097e-02
 Total DOFs:      10560
 Spectral Radii:  1 0.16341
 GMRES Avg Iters: 11.00
------------------------------------------------------
  MG RESIDUAL DECAY
------------------------------------------------------
 Iter    Rel. Residual           Reduction Factor
------------------------------------------------------
 0       9.538656e-02            -----
 1       1.139992e-02            0.1195
 2       1.493056e-03            0.1310
 3       1.982321e-04            0.1328
 4       2.873679e-05            0.1450
 5       4.425521e-06            0.1540
 6       6.802152e-07            0.1537
 7       1.035070e-07            0.1522
 8       1.622947e-08            0.1568
 9       2.543982e-09            0.1568
 10      3.957060e-10            0.1555
 11      5.960040e-11            0.1506
 12      9.020692e-12            0.1514
 13      1.428044e-12            0.1583
 14      2.332386e-13            0.1633
 15      3.869319e-14            0.1659
------------------------------------------------------
 Iterations:      16
 Final Rel. Res.: 3.869319e-14
 Asymptotic Rate: 0.162479 (Geom. Mean, last 4 iters)
======================================================

======================================================
  Refinement Level: 4
======================================================
 Mesh width (h):  1.1049e-02
 Total DOFs:      41600
 Spectral Radii:  1 0.167967
 GMRES Avg Iters: 11.00
------------------------------------------------------
  MG RESIDUAL DECAY
------------------------------------------------------
 Iter    Rel. Residual           Reduction Factor
------------------------------------------------------
 0       9.709311e-02            -----
 1       1.160601e-02            0.1195
 2       1.478562e-03            0.1274
 3       1.980873e-04            0.1340
 4       2.922334e-05            0.1475
 5       4.411233e-06            0.1509
 6       7.007711e-07            0.1589
 7       1.216459e-07            0.1736
 8       1.935375e-08            0.1591
 9       3.084115e-09            0.1594
 10      4.793191e-10            0.1554
 11      7.123583e-11            0.1486
 12      1.109044e-11            0.1557
 13      1.768068e-12            0.1594
 14      2.854089e-13            0.1614
 15      4.709130e-14            0.1650
------------------------------------------------------
 Iterations:      16
 Final Rel. Res.: 4.709130e-14
 Asymptotic Rate: 0.161931 (Geom. Mean, last 4 iters)
======================================================

======================================================
  Refinement Level: 5
======================================================
 Mesh width (h):  5.5243e-03
 Total DOFs:      165120
 Spectral Radii:  1 0.17549
 GMRES Avg Iters: 11.00
------------------------------------------------------
  MG RESIDUAL DECAY
------------------------------------------------------
 Iter    Rel. Residual           Reduction Factor
------------------------------------------------------
 0       9.825430e-02            -----
 1       1.167398e-02            0.1188
 2       1.504482e-03            0.1289
 3       2.041473e-04            0.1357
 4       2.988361e-05            0.1464
 5       4.418963e-06            0.1479
 6       6.601841e-07            0.1494
 7       1.032858e-07            0.1565
 8       1.639506e-08            0.1587
 9       2.666050e-09            0.1626
 10      4.389195e-10            0.1646
 11      7.114264e-11            0.1621
 12      1.157093e-11            0.1626
 13      1.906766e-12            0.1648
 14      3.188439e-13            0.1672
 15      5.401217e-14            0.1694
------------------------------------------------------
 Iterations:      16
 Final Rel. Res.: 5.401217e-14
 Asymptotic Rate: 0.167125 (Geom. Mean, last 4 iters)
======================================================

======================================================
  Refinement Level: 6
======================================================
 Mesh width (h):  2.7621e-03
 Total DOFs:      657920
 Spectral Radii:  1 0.175604
 GMRES Avg Iters: 11.00
------------------------------------------------------
  MG RESIDUAL DECAY
------------------------------------------------------
 Iter    Rel. Residual           Reduction Factor
------------------------------------------------------
 0       9.836504e-02            -----
 1       1.155794e-02            0.1175
 2       1.486554e-03            0.1286
 3       1.976592e-04            0.1330
 4       2.848574e-05            0.1441
 5       4.216645e-06            0.1480
 6       6.329704e-07            0.1501
 7       9.994882e-08            0.1579
 8       1.594935e-08            0.1596
 9       2.530109e-09            0.1586
 10      4.027756e-10            0.1592
 11      6.472774e-11            0.1607
 12      1.050056e-11            0.1622
 13      1.727574e-12            0.1645
 14      2.845450e-13            0.1647
 15      4.707310e-14            0.1654
------------------------------------------------------
 Iterations:      16
 Final Rel. Res.: 4.707310e-14
 Asymptotic Rate: 0.164887 (Geom. Mean, last 4 iters)
======================================================

