Device configuration: omp,cpu
Memory configuration: host-std
Loaded config: /cluster/home/rdabetic/decmg/configs/mag_3d_corner_barycentric_w.json
=================================================
  Multigrid Convergence Test Configuration
=================================================
 Problem Type:    mag
 Mesh File:       meshes/3d/corner.msh
 Output File:     out/barycentric/w/mag/3d/corner.csv
 MG Cycle Type:   W-Cycle
 Mass Lumping:    barycentric
 B-Conditions:    essential
 Max Refinement:  5
 Eigenvalues:     1 (Tol: 0.01)
 GMRES Benchmark: 8 runs (Tol: 1e-06, K-Dim: 20)
=================================================

======================================================
  Refinement Level: 1
======================================================
 Mesh width (h):  5.0000e-01
 Total DOFs:      545
 Spectral Radii:  0.370789
 GMRES Avg Iters: 13.50
------------------------------------------------------
  MG RESIDUAL DECAY
------------------------------------------------------
 Iter    Rel. Residual           Reduction Factor
------------------------------------------------------
 0       7.333107e-02            -----
 1       1.226442e-02            0.1672
 2       2.894501e-03            0.2360
 3       8.704895e-04            0.3007
 4       2.794982e-04            0.3211
 5       9.399983e-05            0.3363
 6       3.256861e-05            0.3465
 7       1.150507e-05            0.3533
 8       4.113431e-06            0.3575
 9       1.481342e-06            0.3601
 10      5.357069e-07            0.3616
 11      1.941883e-07            0.3625
 12      7.048110e-08            0.3630
 13      2.559797e-08            0.3632
 14      9.299731e-09            0.3633
 15      3.379007e-09            0.3633
------------------------------------------------------
 Iterations:      16
 Final Rel. Res.: 3.379007e-09
 Asymptotic Rate: 0.363278 (Geom. Mean, last 4 iters)
======================================================

======================================================
  Refinement Level: 2
======================================================
 Mesh width (h):  2.5000e-01
 Total DOFs:      3681
 Spectral Radii:  0.510484
 GMRES Avg Iters: 15.75
------------------------------------------------------
  MG RESIDUAL DECAY
------------------------------------------------------
 Iter    Rel. Residual           Reduction Factor
------------------------------------------------------
 0       6.974141e-02            -----
 1       1.172310e-02            0.1681
 2       3.410014e-03            0.2909
 3       1.163796e-03            0.3413
 4       4.333980e-04            0.3724
 5       1.710376e-04            0.3946
 6       7.076079e-05            0.4137
 7       3.048324e-05            0.4308
 8       1.360372e-05            0.4463
 9       6.256883e-06            0.4599
 10      2.949147e-06            0.4713
 11      1.416509e-06            0.4803
 12      6.899494e-07            0.4871
 13      3.395249e-07            0.4921
 14      1.683538e-07            0.4959
 15      8.395849e-08            0.4987
------------------------------------------------------
 Iterations:      16
 Final Rel. Res.: 8.395849e-08
 Asymptotic Rate: 0.495544 (Geom. Mean, last 4 iters)
======================================================

======================================================
  Refinement Level: 3
======================================================
 Mesh width (h):  1.2500e-01
 Total DOFs:      26945
 Spectral Radii:  0.561541
 GMRES Avg Iters: 17.00
------------------------------------------------------
  MG RESIDUAL DECAY
------------------------------------------------------
 Iter    Rel. Residual           Reduction Factor
------------------------------------------------------
 0       7.274659e-02            -----
 1       1.164936e-02            0.1601
 2       3.282010e-03            0.2817
 3       1.116016e-03            0.3400
 4       4.272909e-04            0.3829
 5       1.792878e-04            0.4196
 6       8.028235e-05            0.4478
 7       3.759444e-05            0.4683
 8       1.816656e-05            0.4832
 9       8.981820e-06            0.4944
 10      4.518205e-06            0.5030
 11      2.303648e-06            0.5099
 12      1.187239e-06            0.5154
 13      6.172649e-07            0.5199
 14      3.232738e-07            0.5237
 15      1.703487e-07            0.5269
------------------------------------------------------
 Iterations:      16
 Final Rel. Res.: 1.703487e-07
 Asymptotic Rate: 0.523520 (Geom. Mean, last 4 iters)
======================================================

======================================================
  Refinement Level: 4
======================================================
 Mesh width (h):  6.2500e-02
 Total DOFs:      205953
 Spectral Radii:  0.582176
 GMRES Avg Iters: 18.00
------------------------------------------------------
  MG RESIDUAL DECAY
------------------------------------------------------
 Iter    Rel. Residual           Reduction Factor
------------------------------------------------------
 0       7.463139e-02            -----
 1       1.199305e-02            0.1607
 2       3.384673e-03            0.2822
 3       1.180962e-03            0.3489
 4       4.686399e-04            0.3968
 5       2.046556e-04            0.4367
 6       9.581430e-05            0.4682
 7       4.714980e-05            0.4921
 8       2.404560e-05            0.5100
 9       1.258448e-05            0.5234
 10      6.712969e-06            0.5334
 11      3.632323e-06            0.5411
 12      1.986780e-06            0.5470
 13      1.095785e-06            0.5515
 14      6.082931e-07            0.5551
 15      3.394070e-07            0.5580
------------------------------------------------------
 Iterations:      16
 Final Rel. Res.: 3.394070e-07
 Asymptotic Rate: 0.554869 (Geom. Mean, last 4 iters)
======================================================

======================================================
  Refinement Level: 5
======================================================
 Mesh width (h):  3.1250e-02
 Total DOFs:      1609985
 Spectral Radii:  0.593314
 GMRES Avg Iters: 18.00
------------------------------------------------------
  MG RESIDUAL DECAY
------------------------------------------------------
 Iter    Rel. Residual           Reduction Factor
------------------------------------------------------
 0       7.556353e-02            -----
 1       1.185869e-02            0.1569
 2       3.287892e-03            0.2773
 3       1.132305e-03            0.3444
 4       4.450141e-04            0.3930
 5       1.925646e-04            0.4327
 6       8.930743e-05            0.4638
 7       4.352813e-05            0.4874
 8       2.199652e-05            0.5053
 9       1.141956e-05            0.5192
 10      6.051856e-06            0.5300
 11      3.259098e-06            0.5385
 12      1.777579e-06            0.5454
 13      9.794900e-07            0.5510
 14      5.442356e-07            0.5556
 15      3.044769e-07            0.5595
------------------------------------------------------
 Iterations:      16
 Final Rel. Res.: 3.044769e-07
 Asymptotic Rate: 0.555361 (Geom. Mean, last 4 iters)
======================================================

