Device configuration: omp,cpu
Memory configuration: host-std
Loaded config: /cluster/home/rdabetic/decmg/configs/mag_3d_corner_rowsum_v_k2.json
=================================================
  Multigrid Convergence Test Configuration
=================================================
 Problem Type:    mag
 Mesh File:       meshes/3d/corner.msh
 Output File:     out/rowsum/v/mag/3d/corner_k2.csv
 MG Cycle Type:   V-Cycle
 Mass Lumping:    rowsum
 B-Conditions:    essential
 Max Refinement:  5
 Eigenvalues:     1 (Tol: 0.01)
 GMRES Benchmark: 8 runs (Tol: 1e-06, K-Dim: 20)
=================================================

======================================================
  Refinement Level: 1
======================================================
 Mesh width (h):  5.0000e-01
 Total DOFs:      545
 Spectral Radii:  0.368254
 GMRES Avg Iters: 13.62
------------------------------------------------------
  MG RESIDUAL DECAY
------------------------------------------------------
 Iter    Rel. Residual           Reduction Factor
------------------------------------------------------
 0       7.195731e-02            -----
 1       1.132206e-02            0.1573
 2       3.057760e-03            0.2701
 3       9.446309e-04            0.3089
 4       3.109967e-04            0.3292
 5       1.061492e-04            0.3413
 6       3.705587e-05            0.3491
 7       1.311710e-05            0.3540
 8       4.681392e-06            0.3569
 9       1.679141e-06            0.3587
 10      6.040783e-07            0.3598
 11      2.177189e-07            0.3604
 12      7.855945e-08            0.3608
 13      2.836807e-08            0.3611
 14      1.024920e-08            0.3613
 15      3.704429e-09            0.3614
------------------------------------------------------
 Iterations:      16
 Final Rel. Res.: 3.704429e-09
 Asymptotic Rate: 0.361278 (Geom. Mean, last 4 iters)
======================================================

======================================================
  Refinement Level: 2
======================================================
 Mesh width (h):  2.5000e-01
 Total DOFs:      3681
 Spectral Radii:  0.421507
 GMRES Avg Iters: 15.88
------------------------------------------------------
  MG RESIDUAL DECAY
------------------------------------------------------
 Iter    Rel. Residual           Reduction Factor
------------------------------------------------------
 0       6.514349e-02            -----
 1       1.143654e-02            0.1756
 2       3.184834e-03            0.2785
 3       9.740426e-04            0.3058
 4       3.124890e-04            0.3208
 5       1.040692e-04            0.3330
 6       3.565486e-05            0.3426
 7       1.249699e-05            0.3505
 8       4.463152e-06            0.3571
 9       1.619164e-06            0.3628
 10      5.953501e-07            0.3677
 11      2.215007e-07            0.3721
 12      8.328628e-08            0.3760
 13      3.161964e-08            0.3797
 14      1.211103e-08            0.3830
 15      4.676671e-09            0.3861
------------------------------------------------------
 Iterations:      16
 Final Rel. Res.: 4.676671e-09
 Asymptotic Rate: 0.382932 (Geom. Mean, last 4 iters)
======================================================

======================================================
  Refinement Level: 3
======================================================
 Mesh width (h):  1.2500e-01
 Total DOFs:      26945
 Spectral Radii:  0.47279
 GMRES Avg Iters: 17.00
------------------------------------------------------
  MG RESIDUAL DECAY
------------------------------------------------------
 Iter    Rel. Residual           Reduction Factor
------------------------------------------------------
 0       6.843167e-02            -----
 1       1.053293e-02            0.1539
 2       2.718157e-03            0.2581
 3       8.170158e-04            0.3006
 4       2.625679e-04            0.3214
 5       8.889393e-05            0.3386
 6       3.144289e-05            0.3537
 7       1.159236e-05            0.3687
 8       4.451503e-06            0.3840
 9       1.777845e-06            0.3994
 10      7.359143e-07            0.4139
 11      3.140898e-07            0.4268
 12      1.374120e-07            0.4375
 13      6.128181e-08            0.4460
 14      2.772998e-08            0.4525
 15      1.268508e-08            0.4574
------------------------------------------------------
 Iterations:      16
 Final Rel. Res.: 1.268508e-08
 Asymptotic Rate: 0.451949 (Geom. Mean, last 4 iters)
======================================================

======================================================
  Refinement Level: 4
======================================================
 Mesh width (h):  6.2500e-02
 Total DOFs:      205953
 Spectral Radii:  0.510659
 GMRES Avg Iters: 17.00
------------------------------------------------------
  MG RESIDUAL DECAY
------------------------------------------------------
 Iter    Rel. Residual           Reduction Factor
------------------------------------------------------
 0       6.978595e-02            -----
 1       1.028619e-02            0.1474
 2       2.524105e-03            0.2454
 3       7.180109e-04            0.2845
 4       2.185760e-04            0.3044
 5       6.993740e-05            0.3200
 6       2.331967e-05            0.3334
 7       8.067808e-06            0.3460
 8       2.887235e-06            0.3579
 9       1.066779e-06            0.3695
 10      4.061077e-07            0.3807
 11      1.588625e-07            0.3912
 12      6.365029e-08            0.4007
 13      2.602954e-08            0.4089
 14      1.082969e-08            0.4161
 15      4.572119e-09            0.4222
------------------------------------------------------
 Iterations:      16
 Final Rel. Res.: 4.572119e-09
 Asymptotic Rate: 0.415693 (Geom. Mean, last 4 iters)
======================================================

======================================================
  Refinement Level: 5
======================================================
 Mesh width (h):  3.1250e-02
 Total DOFs:      1609985
 Spectral Radii:  0.536895
 GMRES Avg Iters: 17.00
------------------------------------------------------
  MG RESIDUAL DECAY
------------------------------------------------------
 Iter    Rel. Residual           Reduction Factor
------------------------------------------------------
 0       7.048028e-02            -----
 1       1.012640e-02            0.1437
 2       2.436951e-03            0.2407
 3       6.837341e-04            0.2806
 4       2.046547e-04            0.2993
 5       6.409502e-05            0.3132
 6       2.087277e-05            0.3257
 7       7.075736e-06            0.3390
 8       2.508080e-06            0.3545
 9       9.380560e-07            0.3740
 10      3.735927e-07            0.3983
 11      1.591814e-07            0.4261
 12      7.216815e-08            0.4534
 13      3.435178e-08            0.4760
 14      1.690823e-08            0.4922
 15      8.502397e-09            0.5029
------------------------------------------------------
 Iterations:      16
 Final Rel. Res.: 8.502397e-09
 Asymptotic Rate: 0.490229 (Geom. Mean, last 4 iters)
======================================================

