Device configuration: omp,cpu
Memory configuration: host-std
Loaded config: /cluster/home/rdabetic/decmg/configs/mag_3d_corner_structured_barycentric_w.json
=================================================
  Multigrid Convergence Test Configuration
=================================================
 Problem Type:    mag
 Mesh File:       meshes/3d/corner_structured.msh
 Output File:     out/barycentric/w/mag/3d/corner_structured.csv
 MG Cycle Type:   W-Cycle
 Mass Lumping:    barycentric
 B-Conditions:    essential
 Max Refinement:  5
 Eigenvalues:     1 (Tol: 0.01)
 GMRES Benchmark: 8 runs (Tol: 1e-06, K-Dim: 20)
=================================================

======================================================
  Refinement Level: 1
======================================================
 Mesh width (h):  4.3301e-01
 Total DOFs:      4401
 Spectral Radii:  0.460335
 GMRES Avg Iters: 14.50
------------------------------------------------------
  MG RESIDUAL DECAY
------------------------------------------------------
 Iter    Rel. Residual           Reduction Factor
------------------------------------------------------
 0       7.463139e-02            -----
 1       1.262861e-02            0.1692
 2       3.330225e-03            0.2637
 3       1.061505e-03            0.3187
 4       3.823308e-04            0.3602
 5       1.510004e-04            0.3949
 6       6.327068e-05            0.4190
 7       2.752462e-05            0.4350
 8       1.227135e-05            0.4458
 9       5.560616e-06            0.4531
 10      2.547706e-06            0.4582
 11      1.176382e-06            0.4617
 12      5.462678e-07            0.4644
 13      2.547479e-07            0.4663
 14      1.191876e-07            0.4679
 15      5.590385e-08            0.4690
------------------------------------------------------
 Iterations:      16
 Final Rel. Res.: 5.590385e-08
 Asymptotic Rate: 0.467748 (Geom. Mean, last 4 iters)
======================================================

======================================================
  Refinement Level: 2
======================================================
 Mesh width (h):  2.1651e-01
 Total DOFs:      31841
 Spectral Radii:  0.495173
 GMRES Avg Iters: 15.00
------------------------------------------------------
  MG RESIDUAL DECAY
------------------------------------------------------
 Iter    Rel. Residual           Reduction Factor
------------------------------------------------------
 0       7.474442e-02            -----
 1       1.189781e-02            0.1592
 2       3.189722e-03            0.2681
 3       1.048860e-03            0.3288
 4       3.880570e-04            0.3700
 5       1.547941e-04            0.3989
 6       6.480256e-05            0.4186
 7       2.796348e-05            0.4315
 8       1.230402e-05            0.4400
 9       5.485906e-06            0.4459
 10      2.469772e-06            0.4502
 11      1.120419e-06            0.4537
 12      5.115351e-07            0.4566
 13      2.348481e-07            0.4591
 14      1.083581e-07            0.4614
 15      5.022268e-08            0.4635
------------------------------------------------------
 Iterations:      16
 Final Rel. Res.: 5.022268e-08
 Asymptotic Rate: 0.461326 (Geom. Mean, last 4 iters)
======================================================

======================================================
  Refinement Level: 3
======================================================
 Mesh width (h):  1.0825e-01
 Total DOFs:      241857
 Spectral Radii:  0.502445
 GMRES Avg Iters: 15.00
------------------------------------------------------
  MG RESIDUAL DECAY
------------------------------------------------------
 Iter    Rel. Residual           Reduction Factor
------------------------------------------------------
 0       7.495454e-02            -----
 1       1.172979e-02            0.1565
 2       3.170073e-03            0.2703
 3       1.043242e-03            0.3291
 4       3.831579e-04            0.3673
 5       1.520456e-04            0.3968
 6       6.355099e-05            0.4180
 7       2.747678e-05            0.4324
 8       1.215057e-05            0.4422
 9       5.459238e-06            0.4493
 10      2.482358e-06            0.4547
 11      1.139540e-06            0.4591
 12      5.272492e-07            0.4627
 13      2.455902e-07            0.4658
 14      1.150596e-07            0.4685
 15      5.417980e-08            0.4709
------------------------------------------------------
 Iterations:      16
 Final Rel. Res.: 5.417980e-08
 Asymptotic Rate: 0.468389 (Geom. Mean, last 4 iters)
======================================================

======================================================
  Refinement Level: 4
======================================================
 Mesh width (h):  5.4127e-02
 Total DOFs:      1884545
 Spectral Radii:  0.50761
 GMRES Avg Iters: 15.00
------------------------------------------------------
  MG RESIDUAL DECAY
------------------------------------------------------
 Iter    Rel. Residual           Reduction Factor
------------------------------------------------------
 0       7.469175e-02            -----
 1       1.156917e-02            0.1549
 2       3.130412e-03            0.2706
 3       1.035621e-03            0.3308
 4       3.846141e-04            0.3714
 5       1.549730e-04            0.4029
 6       6.589001e-05            0.4252
 7       2.897989e-05            0.4398
 8       1.302636e-05            0.4495
 9       5.943027e-06            0.4562
 10      2.741242e-06            0.4613
 11      1.275333e-06            0.4652
 12      5.975583e-07            0.4686
 13      2.816828e-07            0.4714
 14      1.334820e-07            0.4739
 15      6.354742e-08            0.4761
------------------------------------------------------
 Iterations:      16
 Final Rel. Res.: 6.354742e-08
 Asymptotic Rate: 0.473775 (Geom. Mean, last 4 iters)
======================================================

======================================================
  Refinement Level: 5
======================================================
 Mesh width (h):  2.7063e-02
 Total DOFs:      14877441
 Spectral Radii:  0.511392
 GMRES Avg Iters: 15.00
------------------------------------------------------
  MG RESIDUAL DECAY
------------------------------------------------------
 Iter    Rel. Residual           Reduction Factor
------------------------------------------------------
 0       7.504076e-02            -----
 1       1.148960e-02            0.1531
 2       3.097771e-03            0.2696
 3       1.024774e-03            0.3308
 4       3.815708e-04            0.3723
 5       1.543563e-04            0.4045
 6       6.592934e-05            0.4271
 7       2.913485e-05            0.4419
 8       1.315686e-05            0.4516
 9       6.029179e-06            0.4583
 10      2.792638e-06            0.4632
 11      1.304394e-06            0.4671
 12      6.134769e-07            0.4703
 13      2.902286e-07            0.4731
 14      1.380089e-07            0.4755
 15      6.592361e-08            0.4777
------------------------------------------------------
 Iterations:      16
 Final Rel. Res.: 6.592361e-08
 Asymptotic Rate: 0.475424 (Geom. Mean, last 4 iters)
======================================================

