Device configuration: omp,cpu
Memory configuration: host-std
Loaded config: /cluster/home/rdabetic/decmg/configs/mag_2d_tria_barycentric_v.json
=================================================
  Multigrid Convergence Test Configuration
=================================================
 Problem Type:    mag
 Mesh File:       meshes/2d/tria.msh
 Output File:     out/barycentric/v/mag/2d/tria.csv
 MG Cycle Type:   V-Cycle
 Mass Lumping:    barycentric
 B-Conditions:    essential
 Max Refinement:  6
 Eigenvalues:     1 (Tol: 0.01)
 GMRES Benchmark: 8 runs (Tol: 1e-06, K-Dim: 20)
=================================================


Gmsh reader: all element attributes were zero.
MFEM only supports positive element attributes.
Setting element attributes to 1.

======================================================
  Refinement Level: 1
======================================================
 Mesh width (h):  1.2500e-01
 Total DOFs:      153
 Spectral Radii:  0.223458
 GMRES Avg Iters: 8.00
------------------------------------------------------
  MG RESIDUAL DECAY
------------------------------------------------------
 Iter    Rel. Residual           Reduction Factor
------------------------------------------------------
 0       9.239272e-02            -----
 1       1.369652e-02            0.1482
 2       2.673571e-03            0.1952
 3       4.935631e-04            0.1846
 4       1.120252e-04            0.2270
 5       2.770358e-05            0.2473
 6       6.338823e-06            0.2288
 7       1.409348e-06            0.2223
 8       3.286562e-07            0.2332
 9       7.657511e-08            0.2330
 10      1.685424e-08            0.2201
 11      3.504242e-09            0.2079
 12      7.111459e-10            0.2029
 13      1.463402e-10            0.2058
 14      3.131819e-11            0.2140
 15      7.011171e-12            0.2239
------------------------------------------------------
 Iterations:      16
 Final Rel. Res.: 7.011171e-12
 Asymptotic Rate: 0.214426 (Geom. Mean, last 4 iters)
======================================================

======================================================
  Refinement Level: 2
======================================================
 Mesh width (h):  6.2500e-02
 Total DOFs:      561
 Spectral Radii:  0.261883
 GMRES Avg Iters: 8.00
------------------------------------------------------
  MG RESIDUAL DECAY
------------------------------------------------------
 Iter    Rel. Residual           Reduction Factor
------------------------------------------------------
 0       1.104666e-01            -----
 1       1.449668e-02            0.1312
 2       2.521137e-03            0.1739
 3       5.408689e-04            0.2145
 4       1.243332e-04            0.2299
 5       2.832643e-05            0.2278
 6       6.798874e-06            0.2400
 7       1.684953e-06            0.2478
 8       4.183141e-07            0.2483
 9       1.029156e-07            0.2460
 10      2.507372e-08            0.2436
 11      6.005520e-09            0.2395
 12      1.408509e-09            0.2345
 13      3.233846e-10            0.2296
 14      7.316693e-11            0.2263
 15      1.659944e-11            0.2269
------------------------------------------------------
 Iterations:      16
 Final Rel. Res.: 1.659944e-11
 Asymptotic Rate: 0.227568 (Geom. Mean, last 4 iters)
======================================================

======================================================
  Refinement Level: 3
======================================================
 Mesh width (h):  3.1250e-02
 Total DOFs:      2145
 Spectral Radii:  0.290897
 GMRES Avg Iters: 8.88
------------------------------------------------------
  MG RESIDUAL DECAY
------------------------------------------------------
 Iter    Rel. Residual           Reduction Factor
------------------------------------------------------
 0       1.136466e-01            -----
 1       1.483236e-02            0.1305
 2       2.663240e-03            0.1796
 3       5.791747e-04            0.2175
 4       1.377577e-04            0.2379
 5       3.381418e-05            0.2455
 6       8.252332e-06            0.2440
 7       2.104260e-06            0.2550
 8       5.577653e-07            0.2651
 9       1.513352e-07            0.2713
 10      4.166654e-08            0.2753
 11      1.155064e-08            0.2772
 12      3.211504e-09            0.2780
 13      8.939747e-10            0.2784
 14      2.488652e-10            0.2784
 15      6.921315e-11            0.2781
------------------------------------------------------
 Iterations:      16
 Final Rel. Res.: 6.921315e-11
 Asymptotic Rate: 0.278287 (Geom. Mean, last 4 iters)
======================================================

======================================================
  Refinement Level: 4
======================================================
 Mesh width (h):  1.5625e-02
 Total DOFs:      8385
 Spectral Radii:  0.302451
 GMRES Avg Iters: 9.00
------------------------------------------------------
  MG RESIDUAL DECAY
------------------------------------------------------
 Iter    Rel. Residual           Reduction Factor
------------------------------------------------------
 0       1.105823e-01            -----
 1       1.616389e-02            0.1462
 2       2.875897e-03            0.1779
 3       6.125907e-04            0.2130
 4       1.439757e-04            0.2350
 5       3.519631e-05            0.2445
 6       8.811863e-06            0.2504
 7       2.246396e-06            0.2549
 8       5.865535e-07            0.2611
 9       1.569798e-07            0.2676
 10      4.295662e-08            0.2736
 11      1.193470e-08            0.2778
 12      3.349304e-09            0.2806
 13      9.480427e-10            0.2831
 14      2.704852e-10            0.2853
 15      7.771812e-11            0.2873
------------------------------------------------------
 Iterations:      16
 Final Rel. Res.: 7.771812e-11
 Asymptotic Rate: 0.285226 (Geom. Mean, last 4 iters)
======================================================

======================================================
  Refinement Level: 5
======================================================
 Mesh width (h):  7.8125e-03
 Total DOFs:      33153
 Spectral Radii:  0.312268
 GMRES Avg Iters: 9.00
------------------------------------------------------
  MG RESIDUAL DECAY
------------------------------------------------------
 Iter    Rel. Residual           Reduction Factor
------------------------------------------------------
 0       1.106190e-01            -----
 1       1.576502e-02            0.1425
 2       2.823145e-03            0.1791
 3       5.991040e-04            0.2122
 4       1.402307e-04            0.2341
 5       3.446362e-05            0.2458
 6       8.708632e-06            0.2527
 7       2.262578e-06            0.2598
 8       6.073196e-07            0.2684
 9       1.675610e-07            0.2759
 10      4.709214e-08            0.2810
 11      1.338181e-08            0.2842
 12      3.829693e-09            0.2862
 13      1.102441e-09            0.2879
 14      3.191500e-10            0.2895
 15      9.289691e-11            0.2911
------------------------------------------------------
 Iterations:      16
 Final Rel. Res.: 9.289691e-11
 Asymptotic Rate: 0.289476 (Geom. Mean, last 4 iters)
======================================================

======================================================
  Refinement Level: 6
======================================================
 Mesh width (h):  3.9063e-03
 Total DOFs:      131841
 Spectral Radii:  0.317217
 GMRES Avg Iters: 9.00
------------------------------------------------------
  MG RESIDUAL DECAY
------------------------------------------------------
 Iter    Rel. Residual           Reduction Factor
------------------------------------------------------
 0       1.121768e-01            -----
 1       1.587861e-02            0.1415
 2       2.854271e-03            0.1798
 3       6.069660e-04            0.2127
 4       1.430555e-04            0.2357
 5       3.550800e-05            0.2482
 6       9.085499e-06            0.2559
 7       2.392121e-06            0.2633
 8       6.490799e-07            0.2713
 9       1.805557e-07            0.2782
 10      5.112723e-08            0.2832
 11      1.465596e-08            0.2867
 12      4.241001e-09            0.2894
 13      1.237317e-09            0.2918
 14      3.636732e-10            0.2939
 15      1.076117e-10            0.2959
------------------------------------------------------
 Iterations:      16
 Final Rel. Res.: 1.076117e-10
 Asymptotic Rate: 0.293853 (Geom. Mean, last 4 iters)
======================================================

