Device configuration: omp,cpu
Memory configuration: host-std
Loaded config: /cluster/home/rdabetic/decmg/configs/mag_3d_corner_scaledid_w_k3.json
=================================================
  Multigrid Convergence Test Configuration
=================================================
 Problem Type:    mag
 Mesh File:       meshes/3d/corner.msh
 Output File:     out/scaledid/w/mag/3d/corner_k3.csv
 MG Cycle Type:   W-Cycle
 Mass Lumping:    scaledid
 B-Conditions:    essential
 Max Refinement:  5
 Eigenvalues:     1 (Tol: 0.01)
 GMRES Benchmark: 8 runs (Tol: 1e-06, K-Dim: 20)
=================================================

======================================================
  Refinement Level: 1
======================================================
 Mesh width (h):  5.0000e-01
 Total DOFs:      545
 Spectral Radii:  0.232631
 GMRES Avg Iters: 19.00
------------------------------------------------------
  MG RESIDUAL DECAY
------------------------------------------------------
 Iter    Rel. Residual           Reduction Factor
------------------------------------------------------
 0       2.792862e-02            -----
 1       2.947764e-03            0.1055
 2       4.590265e-04            0.1557
 3       8.583629e-05            0.1870
 4       1.789730e-05            0.2085
 5       3.966591e-06            0.2216
 6       9.039273e-07            0.2279
 7       2.085363e-07            0.2307
 8       4.836527e-08            0.2319
 9       1.124377e-08            0.2325
 10      2.616775e-09            0.2327
 11      6.093241e-10            0.2329
 12      1.419184e-10            0.2329
 13      3.305791e-11            0.2329
 14      7.700589e-12            0.2329
 15      1.793755e-12            0.2329
------------------------------------------------------
 Iterations:      16
 Final Rel. Res.: 1.793755e-12
 Asymptotic Rate: 0.232939 (Geom. Mean, last 4 iters)
======================================================

======================================================
  Refinement Level: 2
======================================================
 Mesh width (h):  2.5000e-01
 Total DOFs:      3681
 Spectral Radii:  0.21547
 GMRES Avg Iters: 24.00
------------------------------------------------------
  MG RESIDUAL DECAY
------------------------------------------------------
 Iter    Rel. Residual           Reduction Factor
------------------------------------------------------
 0       2.426081e-02            -----
 1       2.667349e-03            0.1099
 2       3.793273e-04            0.1422
 3       6.235254e-05            0.1644
 4       1.093791e-05            0.1754
 5       1.985529e-06            0.1815
 6       3.685416e-07            0.1856
 7       6.963542e-08            0.1889
 8       1.337344e-08            0.1920
 9       2.607535e-09            0.1950
 10      5.154149e-10            0.1977
 11      1.031042e-10            0.2000
 12      2.083638e-11            0.2021
 13      4.247026e-12            0.2038
 14      8.718741e-13            0.2053
 15      1.800654e-13            0.2065
------------------------------------------------------
 Iterations:      16
 Final Rel. Res.: 1.800654e-13
 Asymptotic Rate: 0.205212 (Geom. Mean, last 4 iters)
======================================================

======================================================
  Refinement Level: 3
======================================================
 Mesh width (h):  1.2500e-01
 Total DOFs:      26945
 Spectral Radii:  0.214773
 GMRES Avg Iters: 26.00
------------------------------------------------------
  MG RESIDUAL DECAY
------------------------------------------------------
 Iter    Rel. Residual           Reduction Factor
------------------------------------------------------
 0       2.380857e-02            -----
 1       2.413054e-03            0.1014
 2       3.453715e-04            0.1431
 3       5.516413e-05            0.1597
 4       9.355114e-06            0.1696
 5       1.653281e-06            0.1767
 6       3.025794e-07            0.1830
 7       5.699203e-08            0.1884
 8       1.098497e-08            0.1927
 9       2.156358e-09            0.1963
 10      4.294597e-10            0.1992
 11      8.651427e-11            0.2014
 12      1.758609e-11            0.2033
 13      3.600262e-12            0.2047
 14      7.411782e-13            0.2059
 15      1.532572e-13            0.2068
------------------------------------------------------
 Iterations:      16
 Final Rel. Res.: 1.532572e-13
 Asymptotic Rate: 0.205787 (Geom. Mean, last 4 iters)
======================================================

======================================================
  Refinement Level: 4
======================================================
 Mesh width (h):  6.2500e-02
 Total DOFs:      205953
 Spectral Radii:  0.215357
 GMRES Avg Iters: 26.12
------------------------------------------------------
  MG RESIDUAL DECAY
------------------------------------------------------
 Iter    Rel. Residual           Reduction Factor
------------------------------------------------------
 0       2.326727e-02            -----
 1       2.254940e-03            0.0969
 2       3.076737e-04            0.1364
 3       4.650478e-05            0.1511
 4       7.428435e-06            0.1597
 5       1.235885e-06            0.1664
 6       2.125162e-07            0.1720
 7       3.760437e-08            0.1769
 8       6.826855e-09            0.1815
 9       1.268963e-09            0.1859
 10      2.411005e-10            0.1900
 11      4.675115e-11            0.1939
 12      9.236204e-12            0.1976
 13      1.855558e-12            0.2009
 14      3.783013e-13            0.2039
 15      7.810257e-14            0.2065
------------------------------------------------------
 Iterations:      16
 Final Rel. Res.: 7.810257e-14
 Asymptotic Rate: 0.203731 (Geom. Mean, last 4 iters)
======================================================

======================================================
  Refinement Level: 5
======================================================
 Mesh width (h):  3.1250e-02
 Total DOFs:      1609985
 Spectral Radii:  0.216241
 GMRES Avg Iters: 27.00
------------------------------------------------------
  MG RESIDUAL DECAY
------------------------------------------------------
 Iter    Rel. Residual           Reduction Factor
------------------------------------------------------
 0       2.296561e-02            -----
 1       2.191740e-03            0.0954
 2       2.952566e-04            0.1347
 3       4.418816e-05            0.1497
 4       6.991216e-06            0.1582
 5       1.153660e-06            0.1650
 6       1.973399e-07            0.1711
 7       3.482087e-08            0.1765
 8       6.309558e-09            0.1812
 9       1.169062e-09            0.1853
 10      2.206582e-10            0.1887
 11      4.229417e-11            0.1917
 12      8.211646e-12            0.1942
 13      1.611850e-12            0.1963
 14      3.193842e-13            0.1981
 15      6.381080e-14            0.1998
------------------------------------------------------
 Iterations:      16
 Final Rel. Res.: 6.381080e-14
 Asymptotic Rate: 0.198071 (Geom. Mean, last 4 iters)
======================================================

