Device configuration: omp,cpu
Memory configuration: host-std
Loaded config: /cluster/home/rdabetic/decmg/configs/mag_3d_ball_scaledid_w.json
=================================================
  Multigrid Convergence Test Configuration
=================================================
 Problem Type:    mag
 Mesh File:       meshes/3d/ball.msh
 Output File:     out/scaledid/w/mag/3d/ball.csv
 MG Cycle Type:   W-Cycle
 Mass Lumping:    scaledid
 B-Conditions:    essential
 Max Refinement:  5
 Eigenvalues:     1 (Tol: 0.01)
 GMRES Benchmark: 8 runs (Tol: 1e-06, K-Dim: 20)
=================================================

======================================================
  Refinement Level: 1
======================================================
 Mesh width (h):  3.0757e-01
 Total DOFs:      939
 Spectral Radii:  0.315403
 GMRES Avg Iters: 24.12
------------------------------------------------------
  MG RESIDUAL DECAY
------------------------------------------------------
 Iter    Rel. Residual           Reduction Factor
------------------------------------------------------
 0       6.100696e-02            -----
 1       7.910271e-03            0.1297
 2       1.452430e-03            0.1836
 3       3.269379e-04            0.2251
 4       8.297913e-05            0.2538
 5       2.273398e-05            0.2740
 6       6.529961e-06            0.2872
 7       1.932932e-06            0.2960
 8       5.834047e-07            0.3018
 9       1.783452e-07            0.3057
 10      5.498477e-08            0.3083
 11      1.705115e-08            0.3101
 12      5.309650e-09            0.3114
 13      1.658457e-09            0.3123
 14      5.192080e-10            0.3131
 15      1.628312e-10            0.3136
------------------------------------------------------
 Iterations:      16
 Final Rel. Res.: 1.628312e-10
 Asymptotic Rate: 0.313009 (Geom. Mean, last 4 iters)
======================================================

======================================================
  Refinement Level: 2
======================================================
 Mesh width (h):  1.5378e-01
 Total DOFs:      6341
 Spectral Radii:  0.366602
 GMRES Avg Iters: 33.38
------------------------------------------------------
  MG RESIDUAL DECAY
------------------------------------------------------
 Iter    Rel. Residual           Reduction Factor
------------------------------------------------------
 0       6.102416e-02            -----
 1       8.386424e-03            0.1374
 2       1.770659e-03            0.2111
 3       4.367814e-04            0.2467
 4       1.177785e-04            0.2697
 5       3.419524e-05            0.2903
 6       1.061069e-05            0.3103
 7       3.473648e-06            0.3274
 8       1.183110e-06            0.3406
 9       4.142089e-07            0.3501
 10      1.476942e-07            0.3566
 11      5.328922e-08            0.3608
 12      1.937184e-08            0.3635
 13      7.075334e-09            0.3652
 14      2.591762e-09            0.3663
 15      9.510971e-10            0.3670
------------------------------------------------------
 Iterations:      16
 Final Rel. Res.: 9.510971e-10
 Asymptotic Rate: 0.366172 (Geom. Mean, last 4 iters)
======================================================

======================================================
  Refinement Level: 3
======================================================
 Mesh width (h):  7.6892e-02
 Total DOFs:      46409
 Spectral Radii:  0.37082
 GMRES Avg Iters: 38.00
------------------------------------------------------
  MG RESIDUAL DECAY
------------------------------------------------------
 Iter    Rel. Residual           Reduction Factor
------------------------------------------------------
 0       6.136678e-02            -----
 1       8.074544e-03            0.1316
 2       1.674140e-03            0.2073
 3       4.110807e-04            0.2455
 4       1.073484e-04            0.2611
 5       2.936580e-05            0.2736
 6       8.364914e-06            0.2849
 7       2.480225e-06            0.2965
 8       7.662140e-07            0.3089
 9       2.465934e-07            0.3218
 10      8.241488e-08            0.3342
 11      2.843118e-08            0.3450
 12      1.005004e-08            0.3535
 13      3.615180e-09            0.3597
 14      1.316064e-09            0.3640
 15      4.829078e-10            0.3669
------------------------------------------------------
 Iterations:      16
 Final Rel. Res.: 4.829078e-10
 Asymptotic Rate: 0.363551 (Geom. Mean, last 4 iters)
======================================================

======================================================
  Refinement Level: 4
======================================================
 Mesh width (h):  3.8446e-02
 Total DOFs:      354705
 Spectral Radii:  0.372069
 GMRES Avg Iters: 41.00
------------------------------------------------------
  MG RESIDUAL DECAY
------------------------------------------------------
 Iter    Rel. Residual           Reduction Factor
------------------------------------------------------
 0       6.162307e-02            -----
 1       7.935798e-03            0.1288
 2       1.609270e-03            0.2028
 3       3.869380e-04            0.2404
 4       9.850065e-05            0.2546
 5       2.606716e-05            0.2646
 6       7.110586e-06            0.2728
 7       2.001158e-06            0.2814
 8       5.834246e-07            0.2915
 9       1.771100e-07            0.3036
 10      5.615038e-08            0.3170
 11      1.856466e-08            0.3306
 12      6.363229e-09            0.3428
 13      2.242635e-09            0.3524
 14      8.062082e-10            0.3595
 15      2.937295e-10            0.3643
------------------------------------------------------
 Iterations:      16
 Final Rel. Res.: 2.937295e-10
 Asymptotic Rate: 0.358721 (Geom. Mean, last 4 iters)
======================================================

======================================================
  Refinement Level: 5
======================================================
 Mesh width (h):  1.9223e-02
 Total DOFs:      2772769
 Spectral Radii:  0.372408
 GMRES Avg Iters: 41.25
------------------------------------------------------
  MG RESIDUAL DECAY
------------------------------------------------------
 Iter    Rel. Residual           Reduction Factor
------------------------------------------------------
 0       6.145809e-02            -----
 1       7.760122e-03            0.1263
 2       1.559674e-03            0.2010
 3       3.714654e-04            0.2382
 4       9.335224e-05            0.2513
 5       2.424536e-05            0.2597
 6       6.429428e-06            0.2652
 7       1.733536e-06            0.2696
 8       4.742424e-07            0.2736
 9       1.315862e-07            0.2775
 10      3.706124e-08            0.2816
 11      1.061661e-08            0.2865
 12      3.102370e-09            0.2922
 13      9.281156e-10            0.2992
 14      2.852568e-10            0.3074
 15      9.029339e-11            0.3165
------------------------------------------------------
 Iterations:      16
 Final Rel. Res.: 9.029339e-11
 Asymptotic Rate: 0.307601 (Geom. Mean, last 4 iters)
======================================================

