Device configuration: omp,cpu
Memory configuration: host-std
Loaded config: /cluster/home/rdabetic/decmg/configs/mag_2d_square_centered_rowsum_v.json
=================================================
  Multigrid Convergence Test Configuration
=================================================
 Problem Type:    mag
 Mesh File:       meshes/2d/square_centered.msh
 Output File:     out/rowsum/v/mag/2d/square_centered.csv
 MG Cycle Type:   V-Cycle
 Mass Lumping:    rowsum
 B-Conditions:    essential
 Max Refinement:  6
 Eigenvalues:     1 (Tol: 0.01)
 GMRES Benchmark: 8 runs (Tol: 1e-06, K-Dim: 20)
=================================================


Gmsh reader: all element attributes were zero.
MFEM only supports positive element attributes.
Setting element attributes to 1.

======================================================
  Refinement Level: 1
======================================================
 Mesh width (h):  1.9875e-01
 Total DOFs:      249
 Spectral Radii:  0.161029
 GMRES Avg Iters: 8.00
------------------------------------------------------
  MG RESIDUAL DECAY
------------------------------------------------------
 Iter    Rel. Residual           Reduction Factor
------------------------------------------------------
 0       7.477879e-02            -----
 1       9.500030e-03            0.1270
 2       1.146772e-03            0.1207
 3       1.578435e-04            0.1376
 4       2.496987e-05            0.1582
 5       3.573987e-06            0.1431
 6       4.662168e-07            0.1304
 7       6.711918e-08            0.1440
 8       9.985468e-09            0.1488
 9       1.471458e-09            0.1474
 10      2.352346e-10            0.1599
 11      3.911164e-11            0.1663
 12      6.287173e-12            0.1607
 13      1.023883e-12            0.1629
 14      1.750922e-13            0.1710
 15      2.912965e-14            0.1664
------------------------------------------------------
 Iterations:      16
 Final Rel. Res.: 2.912965e-14
 Asymptotic Rate: 0.166709 (Geom. Mean, last 4 iters)
======================================================

======================================================
  Refinement Level: 2
======================================================
 Mesh width (h):  9.9376e-02
 Total DOFs:      945
 Spectral Radii:  0.209925
 GMRES Avg Iters: 8.62
------------------------------------------------------
  MG RESIDUAL DECAY
------------------------------------------------------
 Iter    Rel. Residual           Reduction Factor
------------------------------------------------------
 0       9.038920e-02            -----
 1       1.071712e-02            0.1186
 2       1.415045e-03            0.1320
 3       2.308091e-04            0.1631
 4       4.350629e-05            0.1885
 5       7.956070e-06            0.1829
 6       1.465870e-06            0.1842
 7       2.898898e-07            0.1978
 8       5.860466e-08            0.2022
 9       1.175857e-08            0.2006
 10      2.355191e-09            0.2003
 11      4.689397e-10            0.1991
 12      9.275497e-11            0.1978
 13      1.831441e-11            0.1974
 14      3.620136e-12            0.1977
 15      7.185126e-13            0.1985
------------------------------------------------------
 Iterations:      16
 Final Rel. Res.: 7.185126e-13
 Asymptotic Rate: 0.197864 (Geom. Mean, last 4 iters)
======================================================

======================================================
  Refinement Level: 3
======================================================
 Mesh width (h):  4.9688e-02
 Total DOFs:      3681
 Spectral Radii:  0.23829
 GMRES Avg Iters: 9.00
------------------------------------------------------
  MG RESIDUAL DECAY
------------------------------------------------------
 Iter    Rel. Residual           Reduction Factor
------------------------------------------------------
 0       9.481592e-02            -----
 1       1.256711e-02            0.1325
 2       2.003363e-03            0.1594
 3       3.771327e-04            0.1882
 4       8.064888e-05            0.2138
 5       1.758716e-05            0.2181
 6       3.889984e-06            0.2212
 7       8.775025e-07            0.2256
 8       1.999953e-07            0.2279
 9       4.620160e-08            0.2310
 10      1.077624e-08            0.2332
 11      2.518600e-09            0.2337
 12      5.883649e-10            0.2336
 13      1.372539e-10            0.2333
 14      3.195552e-11            0.2328
 15      7.427149e-12            0.2324
------------------------------------------------------
 Iterations:      16
 Final Rel. Res.: 7.427149e-12
 Asymptotic Rate: 0.232840 (Geom. Mean, last 4 iters)
======================================================

======================================================
  Refinement Level: 4
======================================================
 Mesh width (h):  2.4844e-02
 Total DOFs:      14529
 Spectral Radii:  0.264805
 GMRES Avg Iters: 9.00
------------------------------------------------------
  MG RESIDUAL DECAY
------------------------------------------------------
 Iter    Rel. Residual           Reduction Factor
------------------------------------------------------
 0       9.220474e-02            -----
 1       1.207351e-02            0.1309
 2       1.871918e-03            0.1550
 3       3.347496e-04            0.1788
 4       6.883213e-05            0.2056
 5       1.555034e-05            0.2259
 6       3.642915e-06            0.2343
 7       8.710417e-07            0.2391
 8       2.118761e-07            0.2432
 9       5.201637e-08            0.2455
 10      1.286451e-08            0.2473
 11      3.204992e-09            0.2491
 12      8.035178e-10            0.2507
 13      2.025910e-10            0.2521
 14      5.133478e-11            0.2534
 15      1.306094e-11            0.2544
------------------------------------------------------
 Iterations:      16
 Final Rel. Res.: 1.306094e-11
 Asymptotic Rate: 0.253314 (Geom. Mean, last 4 iters)
======================================================

======================================================
  Refinement Level: 5
======================================================
 Mesh width (h):  1.2422e-02
 Total DOFs:      57729
 Spectral Radii:  0.285775
 GMRES Avg Iters: 9.00
------------------------------------------------------
  MG RESIDUAL DECAY
------------------------------------------------------
 Iter    Rel. Residual           Reduction Factor
------------------------------------------------------
 0       9.510953e-02            -----
 1       1.230748e-02            0.1294
 2       1.911793e-03            0.1553
 3       3.496616e-04            0.1829
 4       7.337648e-05            0.2098
 5       1.681146e-05            0.2291
 6       4.046697e-06            0.2407
 7       1.010467e-06            0.2497
 8       2.581770e-07            0.2555
 9       6.707821e-08            0.2598
 10      1.768419e-08            0.2636
 11      4.719301e-09            0.2669
 12      1.271647e-09            0.2695
 13      3.452902e-10            0.2715
 14      9.431537e-11            0.2731
 15      2.588059e-11            0.2744
------------------------------------------------------
 Iterations:      16
 Final Rel. Res.: 2.588059e-11
 Asymptotic Rate: 0.273025 (Geom. Mean, last 4 iters)
======================================================

======================================================
  Refinement Level: 6
======================================================
 Mesh width (h):  6.2110e-03
 Total DOFs:      230145
 Spectral Radii:  0.299458
 GMRES Avg Iters: 9.00
------------------------------------------------------
  MG RESIDUAL DECAY
------------------------------------------------------
 Iter    Rel. Residual           Reduction Factor
------------------------------------------------------
 0       9.641571e-02            -----
 1       1.247530e-02            0.1294
 2       1.990807e-03            0.1596
 3       3.720169e-04            0.1869
 4       8.100143e-05            0.2177
 5       1.922988e-05            0.2374
 6       4.811321e-06            0.2502
 7       1.244885e-06            0.2587
 8       3.291530e-07            0.2644
 9       8.844290e-08            0.2687
 10      2.407698e-08            0.2722
 11      6.622989e-09            0.2751
 12      1.836788e-09            0.2773
 13      5.127800e-10            0.2792
 14      1.439215e-10            0.2807
 15      4.057038e-11            0.2819
------------------------------------------------------
 Iterations:      16
 Final Rel. Res.: 4.057038e-11
 Asymptotic Rate: 0.280576 (Geom. Mean, last 4 iters)
======================================================

