Device configuration: omp,cpu
Memory configuration: host-std
Loaded config: /cluster/home/rdabetic/decmg/configs/mag_3d_corner_structured_scaledid_w.json
=================================================
  Multigrid Convergence Test Configuration
=================================================
 Problem Type:    mag
 Mesh File:       meshes/3d/corner_structured.msh
 Output File:     out/scaledid/w/mag/3d/corner_structured.csv
 MG Cycle Type:   W-Cycle
 Mass Lumping:    scaledid
 B-Conditions:    essential
 Max Refinement:  5
 Eigenvalues:     1 (Tol: 0.01)
 GMRES Benchmark: 8 runs (Tol: 1e-06, K-Dim: 20)
=================================================

======================================================
  Refinement Level: 1
======================================================
 Mesh width (h):  4.3301e-01
 Total DOFs:      4401
 Spectral Radii:  0.380568
 GMRES Avg Iters: 17.88
------------------------------------------------------
  MG RESIDUAL DECAY
------------------------------------------------------
 Iter    Rel. Residual           Reduction Factor
------------------------------------------------------
 0       5.912939e-02            -----
 1       9.148897e-03            0.1547
 2       2.107594e-03            0.2304
 3       5.648050e-04            0.2680
 4       1.624491e-04            0.2876
 5       4.902635e-05            0.3018
 6       1.530772e-05            0.3122
 7       4.916266e-06            0.3212
 8       1.618770e-06            0.3293
 9       5.453568e-07            0.3369
 10      1.876827e-07            0.3441
 11      6.587481e-08            0.3510
 12      2.353699e-08            0.3573
 13      8.542093e-09            0.3629
 14      3.141315e-09            0.3677
 15      1.167707e-09            0.3717
------------------------------------------------------
 Iterations:      16
 Final Rel. Res.: 1.167707e-09
 Asymptotic Rate: 0.367447 (Geom. Mean, last 4 iters)
======================================================

======================================================
  Refinement Level: 2
======================================================
 Mesh width (h):  2.1651e-01
 Total DOFs:      31841
 Spectral Radii:  0.393436
 GMRES Avg Iters: 19.00
------------------------------------------------------
  MG RESIDUAL DECAY
------------------------------------------------------
 Iter    Rel. Residual           Reduction Factor
------------------------------------------------------
 0       6.062471e-02            -----
 1       8.844951e-03            0.1459
 2       1.968840e-03            0.2226
 3       5.338060e-04            0.2711
 4       1.562322e-04            0.2927
 5       4.785251e-05            0.3063
 6       1.513612e-05            0.3163
 7       4.911207e-06            0.3245
 8       1.630030e-06            0.3319
 9       5.524903e-07            0.3389
 10      1.910416e-07            0.3458
 11      6.731765e-08            0.3524
 12      2.413890e-08            0.3586
 13      8.792550e-09            0.3642
 14      3.246517e-09            0.3692
 15      1.212482e-09            0.3735
------------------------------------------------------
 Iterations:      16
 Final Rel. Res.: 1.212482e-09
 Asymptotic Rate: 0.368966 (Geom. Mean, last 4 iters)
======================================================

======================================================
  Refinement Level: 3
======================================================
 Mesh width (h):  1.0825e-01
 Total DOFs:      241857
 Spectral Radii:  0.398402
 GMRES Avg Iters: 20.00
------------------------------------------------------
  MG RESIDUAL DECAY
------------------------------------------------------
 Iter    Rel. Residual           Reduction Factor
------------------------------------------------------
 0       6.115223e-02            -----
 1       8.483678e-03            0.1387
 2       1.847246e-03            0.2177
 3       4.891024e-04            0.2648
 4       1.385403e-04            0.2833
 5       4.107825e-05            0.2965
 6       1.257350e-05            0.3061
 7       3.953817e-06            0.3145
 8       1.273517e-06            0.3221
 9       4.196770e-07            0.3295
 10      1.414019e-07            0.3369
 11      4.868085e-08            0.3443
 12      1.710806e-08            0.3514
 13      6.128315e-09            0.3582
 14      2.233206e-09            0.3644
 15      8.260016e-10            0.3699
------------------------------------------------------
 Iterations:      16
 Final Rel. Res.: 8.260016e-10
 Asymptotic Rate: 0.364133 (Geom. Mean, last 4 iters)
======================================================

======================================================
  Refinement Level: 4
======================================================
 Mesh width (h):  5.4127e-02
 Total DOFs:      1884545
 Spectral Radii:  0.40055
 GMRES Avg Iters: 20.00
------------------------------------------------------
  MG RESIDUAL DECAY
------------------------------------------------------
 Iter    Rel. Residual           Reduction Factor
------------------------------------------------------
 0       6.101703e-02            -----
 1       8.204295e-03            0.1345
 2       1.737605e-03            0.2118
 3       4.451334e-04            0.2562
 4       1.219256e-04            0.2739
 5       3.491538e-05            0.2864
 6       1.030466e-05            0.2951
 7       3.116846e-06            0.3025
 8       9.622813e-07            0.3087
 9       3.025914e-07            0.3145
 10      9.679923e-08            0.3199
 11      3.149436e-08            0.3254
 12      1.042534e-08            0.3310
 13      3.513657e-09            0.3370
 14      1.206651e-09            0.3434
 15      4.224525e-10            0.3501
------------------------------------------------------
 Iterations:      16
 Final Rel. Res.: 4.224525e-10
 Asymptotic Rate: 0.343476 (Geom. Mean, last 4 iters)
======================================================

======================================================
  Refinement Level: 5
======================================================
 Mesh width (h):  2.7063e-02
 Total DOFs:      14877441
 Spectral Radii:  0.401531
 GMRES Avg Iters: 20.00
------------------------------------------------------
  MG RESIDUAL DECAY
------------------------------------------------------
 Iter    Rel. Residual           Reduction Factor
------------------------------------------------------
 0       6.111810e-02            -----
 1       8.063920e-03            0.1319
 2       1.674588e-03            0.2077
 3       4.208606e-04            0.2513
 4       1.129644e-04            0.2684
 5       3.169591e-05            0.2806
 6       9.169342e-06            0.2893
 7       2.720299e-06            0.2967
 8       8.239777e-07            0.3029
 9       2.540731e-07            0.3083
 10      7.956964e-08            0.3132
 11      2.526927e-08            0.3176
 12      8.129144e-09            0.3217
 13      2.647759e-09            0.3257
 14      8.730989e-10            0.3298
 15      2.915653e-10            0.3339
------------------------------------------------------
 Iterations:      16
 Final Rel. Res.: 2.915653e-10
 Asymptotic Rate: 0.329785 (Geom. Mean, last 4 iters)
======================================================

