Device configuration: omp,cpu
Memory configuration: host-std
Loaded config: /cluster/home/rdabetic/decmg/configs/mag_3d_corner_scaledid_v_k3.json
=================================================
  Multigrid Convergence Test Configuration
=================================================
 Problem Type:    mag
 Mesh File:       meshes/3d/corner.msh
 Output File:     out/scaledid/v/mag/3d/corner_k3.csv
 MG Cycle Type:   V-Cycle
 Mass Lumping:    scaledid
 B-Conditions:    essential
 Max Refinement:  5
 Eigenvalues:     1 (Tol: 0.01)
 GMRES Benchmark: 8 runs (Tol: 1e-06, K-Dim: 20)
=================================================

======================================================
  Refinement Level: 1
======================================================
 Mesh width (h):  5.0000e-01
 Total DOFs:      545
 Spectral Radii:  0.232631
 GMRES Avg Iters: 19.00
------------------------------------------------------
  MG RESIDUAL DECAY
------------------------------------------------------
 Iter    Rel. Residual           Reduction Factor
------------------------------------------------------
 0       2.792862e-02            -----
 1       2.947764e-03            0.1055
 2       4.590265e-04            0.1557
 3       8.583629e-05            0.1870
 4       1.789730e-05            0.2085
 5       3.966591e-06            0.2216
 6       9.039273e-07            0.2279
 7       2.085363e-07            0.2307
 8       4.836527e-08            0.2319
 9       1.124377e-08            0.2325
 10      2.616775e-09            0.2327
 11      6.093241e-10            0.2329
 12      1.419184e-10            0.2329
 13      3.305791e-11            0.2329
 14      7.700589e-12            0.2329
 15      1.793755e-12            0.2329
------------------------------------------------------
 Iterations:      16
 Final Rel. Res.: 1.793755e-12
 Asymptotic Rate: 0.232939 (Geom. Mean, last 4 iters)
======================================================

======================================================
  Refinement Level: 2
======================================================
 Mesh width (h):  2.5000e-01
 Total DOFs:      3681
 Spectral Radii:  0.276704
 GMRES Avg Iters: 24.00
------------------------------------------------------
  MG RESIDUAL DECAY
------------------------------------------------------
 Iter    Rel. Residual           Reduction Factor
------------------------------------------------------
 0       2.407813e-02            -----
 1       2.743047e-03            0.1139
 2       4.054732e-04            0.1478
 3       6.990999e-05            0.1724
 4       1.364488e-05            0.1952
 5       2.973076e-06            0.2179
 6       7.072984e-07            0.2379
 7       1.787482e-07            0.2527
 8       4.685306e-08            0.2621
 9       1.253504e-08            0.2675
 10      3.391801e-09            0.2706
 11      9.238040e-10            0.2724
 12      2.526522e-10            0.2735
 13      6.929584e-11            0.2743
 14      1.904638e-11            0.2749
 15      5.243603e-12            0.2753
------------------------------------------------------
 Iterations:      16
 Final Rel. Res.: 5.243603e-12
 Asymptotic Rate: 0.274812 (Geom. Mean, last 4 iters)
======================================================

======================================================
  Refinement Level: 3
======================================================
 Mesh width (h):  1.2500e-01
 Total DOFs:      26945
 Spectral Radii:  0.325621
 GMRES Avg Iters: 26.00
------------------------------------------------------
  MG RESIDUAL DECAY
------------------------------------------------------
 Iter    Rel. Residual           Reduction Factor
------------------------------------------------------
 0       2.383347e-02            -----
 1       2.500245e-03            0.1049
 2       3.776583e-04            0.1510
 3       6.456365e-05            0.1710
 4       1.259217e-05            0.1950
 5       2.871583e-06            0.2280
 6       7.597455e-07            0.2646
 7       2.231523e-07            0.2937
 8       6.922614e-08            0.3102
 9       2.202346e-08            0.3181
 10      7.087732e-09            0.3218
 11      2.293915e-09            0.3236
 12      7.446487e-10            0.3246
 13      2.421415e-10            0.3252
 14      7.881816e-11            0.3255
 15      2.567101e-11            0.3257
------------------------------------------------------
 Iterations:      16
 Final Rel. Res.: 2.567101e-11
 Asymptotic Rate: 0.325460 (Geom. Mean, last 4 iters)
======================================================

======================================================
  Refinement Level: 4
======================================================
 Mesh width (h):  6.2500e-02
 Total DOFs:      205953
 Spectral Radii:  0.365611
 GMRES Avg Iters: 26.38
------------------------------------------------------
  MG RESIDUAL DECAY
------------------------------------------------------
 Iter    Rel. Residual           Reduction Factor
------------------------------------------------------
 0       2.325989e-02            -----
 1       2.326743e-03            0.1000
 2       3.389907e-04            0.1457
 3       5.718743e-05            0.1687
 4       1.060441e-05            0.1854
 5       2.275163e-06            0.2145
 6       5.677009e-07            0.2495
 7       1.749441e-07            0.3082
 8       6.183677e-08            0.3535
 9       2.297199e-08            0.3715
 10      8.607601e-09            0.3747
 11      3.219850e-09            0.3741
 12      1.200412e-09            0.3728
 13      4.462757e-10            0.3718
 14      1.655612e-10            0.3710
 15      6.132434e-11            0.3704
------------------------------------------------------
 Iterations:      16
 Final Rel. Res.: 6.132434e-11
 Asymptotic Rate: 0.371052 (Geom. Mean, last 4 iters)
======================================================

======================================================
  Refinement Level: 5
======================================================
 Mesh width (h):  3.1250e-02
 Total DOFs:      1609985
 Spectral Radii:  0.396395
 GMRES Avg Iters: 27.00
------------------------------------------------------
  MG RESIDUAL DECAY
------------------------------------------------------
 Iter    Rel. Residual           Reduction Factor
------------------------------------------------------
 0       2.297034e-02            -----
 1       2.264851e-03            0.0986
 2       3.310395e-04            0.1462
 3       6.453384e-05            0.1949
 4       1.467309e-05            0.2274
 5       3.962435e-06            0.2700
 6       1.250507e-06            0.3156
 7       4.359462e-07            0.3486
 8       1.609207e-07            0.3691
 9       6.112068e-08            0.3798
 10      2.347950e-08            0.3841
 11      9.086048e-09            0.3870
 12      3.530056e-09            0.3885
 13      1.376061e-09            0.3898
 14      5.376965e-10            0.3908
 15      2.105254e-10            0.3915
------------------------------------------------------
 Iterations:      16
 Final Rel. Res.: 2.105254e-10
 Asymptotic Rate: 0.390698 (Geom. Mean, last 4 iters)
======================================================

