Device configuration: omp,cpu
Memory configuration: host-std
Loaded config: /cluster/home/rdabetic/decmg/configs/mag_3d_corner_scaledid_v_k2.json
=================================================
  Multigrid Convergence Test Configuration
=================================================
 Problem Type:    mag
 Mesh File:       meshes/3d/corner.msh
 Output File:     out/scaledid/v/mag/3d/corner_k2.csv
 MG Cycle Type:   V-Cycle
 Mass Lumping:    scaledid
 B-Conditions:    essential
 Max Refinement:  5
 Eigenvalues:     1 (Tol: 0.01)
 GMRES Benchmark: 8 runs (Tol: 1e-06, K-Dim: 20)
=================================================

======================================================
  Refinement Level: 1
======================================================
 Mesh width (h):  5.0000e-01
 Total DOFs:      545
 Spectral Radii:  0.338848
 GMRES Avg Iters: 20.00
------------------------------------------------------
  MG RESIDUAL DECAY
------------------------------------------------------
 Iter    Rel. Residual           Reduction Factor
------------------------------------------------------
 0       6.555590e-02            -----
 1       8.996496e-03            0.1372
 2       2.121852e-03            0.2359
 3       5.482696e-04            0.2584
 4       1.494654e-04            0.2726
 5       4.206785e-05            0.2815
 6       1.220043e-05            0.2900
 7       3.636734e-06            0.2981
 8       1.111426e-06            0.3056
 9       3.470379e-07            0.3122
 10      1.102783e-07            0.3178
 11      3.552665e-08            0.3222
 12      1.156464e-08            0.3255
 13      3.793799e-09            0.3281
 14      1.251714e-09            0.3299
 15      4.147370e-10            0.3313
------------------------------------------------------
 Iterations:      16
 Final Rel. Res.: 4.147370e-10
 Asymptotic Rate: 0.329772 (Geom. Mean, last 4 iters)
======================================================

======================================================
  Refinement Level: 2
======================================================
 Mesh width (h):  2.5000e-01
 Total DOFs:      3681
 Spectral Radii:  0.386609
 GMRES Avg Iters: 26.00
------------------------------------------------------
  MG RESIDUAL DECAY
------------------------------------------------------
 Iter    Rel. Residual           Reduction Factor
------------------------------------------------------
 0       6.114085e-02            -----
 1       9.339136e-03            0.1527
 2       2.203003e-03            0.2359
 3       5.816360e-04            0.2640
 4       1.639528e-04            0.2819
 5       4.851010e-05            0.2959
 6       1.485467e-05            0.3062
 7       4.673016e-06            0.3146
 8       1.501707e-06            0.3214
 9       4.913700e-07            0.3272
 10      1.633892e-07            0.3325
 11      5.514868e-08            0.3375
 12      1.887725e-08            0.3423
 13      6.546371e-09            0.3468
 14      2.297325e-09            0.3509
 15      8.148175e-10            0.3547
------------------------------------------------------
 Iterations:      16
 Final Rel. Res.: 8.148175e-10
 Asymptotic Rate: 0.350785 (Geom. Mean, last 4 iters)
======================================================

======================================================
  Refinement Level: 3
======================================================
 Mesh width (h):  1.2500e-01
 Total DOFs:      26945
 Spectral Radii:  0.430939
 GMRES Avg Iters: 28.00
------------------------------------------------------
  MG RESIDUAL DECAY
------------------------------------------------------
 Iter    Rel. Residual           Reduction Factor
------------------------------------------------------
 0       6.296820e-02            -----
 1       8.665318e-03            0.1376
 2       1.980626e-03            0.2286
 3       5.251138e-04            0.2651
 4       1.485074e-04            0.2828
 5       4.441670e-05            0.2991
 6       1.393127e-05            0.3136
 7       4.613863e-06            0.3312
 8       1.616207e-06            0.3503
 9       5.975819e-07            0.3697
 10      2.311060e-07            0.3867
 11      9.240218e-08            0.3998
 12      3.778789e-08            0.4090
 13      1.568035e-08            0.4150
 14      6.567384e-09            0.4188
 15      2.767170e-09            0.4214
------------------------------------------------------
 Iterations:      16
 Final Rel. Res.: 2.767170e-09
 Asymptotic Rate: 0.418371 (Geom. Mean, last 4 iters)
======================================================

======================================================
  Refinement Level: 4
======================================================
 Mesh width (h):  6.2500e-02
 Total DOFs:      205953
 Spectral Radii:  0.468311
 GMRES Avg Iters: 29.00
------------------------------------------------------
  MG RESIDUAL DECAY
------------------------------------------------------
 Iter    Rel. Residual           Reduction Factor
------------------------------------------------------
 0       6.256191e-02            -----
 1       8.291926e-03            0.1325
 2       1.829763e-03            0.2207
 3       4.709969e-04            0.2574
 4       1.290771e-04            0.2741
 5       3.688176e-05            0.2857
 6       1.106567e-05            0.3000
 7       3.523247e-06            0.3184
 8       1.218404e-06            0.3458
 9       4.648483e-07            0.3815
 10      1.933337e-07            0.4159
 11      8.522044e-08            0.4408
 12      3.875307e-08            0.4547
 13      1.789014e-08            0.4616
 14      8.315604e-09            0.4648
 15      3.877396e-09            0.4663
------------------------------------------------------
 Iterations:      16
 Final Rel. Res.: 3.877396e-09
 Asymptotic Rate: 0.464242 (Geom. Mean, last 4 iters)
======================================================

======================================================
  Refinement Level: 5
======================================================
 Mesh width (h):  3.1250e-02
 Total DOFs:      1609985
 Spectral Radii:  0.496146
 GMRES Avg Iters: 29.00
------------------------------------------------------
  MG RESIDUAL DECAY
------------------------------------------------------
 Iter    Rel. Residual           Reduction Factor
------------------------------------------------------
 0       6.259933e-02            -----
 1       8.175723e-03            0.1306
 2       1.764088e-03            0.2158
 3       4.597558e-04            0.2606
 4       1.251724e-04            0.2723
 5       3.553427e-05            0.2839
 6       1.048146e-05            0.2950
 7       3.296652e-06            0.3145
 8       1.111999e-06            0.3373
 9       4.206038e-07            0.3782
 10      1.732648e-07            0.4119
 11      7.701773e-08            0.4445
 12      3.536763e-08            0.4592
 13      1.660787e-08            0.4696
 14      7.860994e-09            0.4733
 15      3.744290e-09            0.4763
------------------------------------------------------
 Iterations:      16
 Final Rel. Res.: 3.744290e-09
 Asymptotic Rate: 0.473065 (Geom. Mean, last 4 iters)
======================================================

