Device configuration: omp,cpu
Memory configuration: host-std
Loaded config: /cluster/home/rdabetic/decmg/configs/mag_2d_reentrant_scaledid_w.json
=================================================
  Multigrid Convergence Test Configuration
=================================================
 Problem Type:    mag
 Mesh File:       meshes/2d/reentrant.msh
 Output File:     out/scaledid/w/mag/2d/reentrant.csv
 MG Cycle Type:   W-Cycle
 Mass Lumping:    scaledid
 B-Conditions:    essential
 Max Refinement:  6
 Eigenvalues:     1 (Tol: 0.01)
 GMRES Benchmark: 8 runs (Tol: 1e-06, K-Dim: 20)
=================================================


Gmsh reader: all element attributes were zero.
MFEM only supports positive element attributes.
Setting element attributes to 1.

======================================================
  Refinement Level: 1
======================================================
 Mesh width (h):  1.4951e-01
 Total DOFs:      297
 Spectral Radii:  0.167723
 GMRES Avg Iters: 12.88
------------------------------------------------------
  MG RESIDUAL DECAY
------------------------------------------------------
 Iter    Rel. Residual           Reduction Factor
------------------------------------------------------
 0       7.803214e-02            -----
 1       1.000824e-02            0.1283
 2       1.143371e-03            0.1142
 3       1.479088e-04            0.1294
 4       1.891670e-05            0.1279
 5       2.933568e-06            0.1551
 6       4.799761e-07            0.1636
 7       7.076655e-08            0.1474
 8       1.272102e-08            0.1798
 9       2.237552e-09            0.1759
 10      3.228733e-10            0.1443
 11      5.441874e-11            0.1685
 12      9.998946e-12            0.1837
 13      1.507567e-12            0.1508
 14      2.426588e-13            0.1610
 15      4.458761e-14            0.1837
------------------------------------------------------
 Iterations:      16
 Final Rel. Res.: 4.458761e-14
 Asymptotic Rate: 0.164596 (Geom. Mean, last 4 iters)
======================================================

======================================================
  Refinement Level: 2
======================================================
 Mesh width (h):  7.4754e-02
 Total DOFs:      1105
 Spectral Radii:  0.15142
 GMRES Avg Iters: 14.00
------------------------------------------------------
  MG RESIDUAL DECAY
------------------------------------------------------
 Iter    Rel. Residual           Reduction Factor
------------------------------------------------------
 0       8.204971e-02            -----
 1       1.018589e-02            0.1241
 2       1.246071e-03            0.1223
 3       1.677532e-04            0.1346
 4       2.258994e-05            0.1347
 5       3.131951e-06            0.1386
 6       4.411020e-07            0.1408
 7       6.535417e-08            0.1482
 8       9.607704e-09            0.1470
 9       1.362453e-09            0.1418
 10      1.925450e-10            0.1413
 11      2.703689e-11            0.1404
 12      3.815914e-12            0.1411
 13      5.846412e-13            0.1532
 14      9.404694e-14            0.1609
 15      1.474123e-14            0.1567
------------------------------------------------------
 Iterations:      16
 Final Rel. Res.: 1.474123e-14
 Asymptotic Rate: 0.156908 (Geom. Mean, last 4 iters)
======================================================

======================================================
  Refinement Level: 3
======================================================
 Mesh width (h):  3.7377e-02
 Total DOFs:      4257
 Spectral Radii:  0.157352
 GMRES Avg Iters: 14.88
------------------------------------------------------
  MG RESIDUAL DECAY
------------------------------------------------------
 Iter    Rel. Residual           Reduction Factor
------------------------------------------------------
 0       1.005400e-01            -----
 1       1.219156e-02            0.1213
 2       1.563343e-03            0.1282
 3       2.108709e-04            0.1349
 4       3.093325e-05            0.1467
 5       4.666662e-06            0.1509
 6       6.983280e-07            0.1496
 7       1.093660e-07            0.1566
 8       1.692131e-08            0.1547
 9       2.564091e-09            0.1515
 10      3.914460e-10            0.1527
 11      6.170877e-11            0.1576
 12      1.005001e-11            0.1629
 13      1.647587e-12            0.1639
 14      2.656307e-13            0.1612
 15      4.225977e-14            0.1591
------------------------------------------------------
 Iterations:      16
 Final Rel. Res.: 4.225977e-14
 Asymptotic Rate: 0.161406 (Geom. Mean, last 4 iters)
======================================================

======================================================
  Refinement Level: 4
======================================================
 Mesh width (h):  1.8689e-02
 Total DOFs:      16705
 Spectral Radii:  0.167849
 GMRES Avg Iters: 15.00
------------------------------------------------------
  MG RESIDUAL DECAY
------------------------------------------------------
 Iter    Rel. Residual           Reduction Factor
------------------------------------------------------
 0       9.798376e-02            -----
 1       1.157406e-02            0.1181
 2       1.513725e-03            0.1308
 3       2.013794e-04            0.1330
 4       2.944399e-05            0.1462
 5       4.382275e-06            0.1488
 6       6.569202e-07            0.1499
 7       1.043092e-07            0.1588
 8       1.642184e-08            0.1574
 9       2.586556e-09            0.1575
 10      4.138717e-10            0.1600
 11      6.712539e-11            0.1622
 12      1.096521e-11            0.1634
 13      1.797378e-12            0.1639
 14      2.944996e-13            0.1638
 15      4.840214e-14            0.1644
------------------------------------------------------
 Iterations:      16
 Final Rel. Res.: 4.840214e-14
 Asymptotic Rate: 0.164040 (Geom. Mean, last 4 iters)
======================================================

======================================================
  Refinement Level: 5
======================================================
 Mesh width (h):  9.3443e-03
 Total DOFs:      66177
 Spectral Radii:  0.172697
 GMRES Avg Iters: 15.00
------------------------------------------------------
  MG RESIDUAL DECAY
------------------------------------------------------
 Iter    Rel. Residual           Reduction Factor
------------------------------------------------------
 0       9.734947e-02            -----
 1       1.162050e-02            0.1194
 2       1.518163e-03            0.1306
 3       2.023545e-04            0.1333
 4       2.921245e-05            0.1444
 5       4.348749e-06            0.1489
 6       6.595467e-07            0.1517
 7       1.015262e-07            0.1539
 8       1.585102e-08            0.1561
 9       2.532501e-09            0.1598
 10      4.092947e-10            0.1616
 11      6.730127e-11            0.1644
 12      1.114871e-11            0.1657
 13      1.845342e-12            0.1655
 14      3.071516e-13            0.1664
 15      5.143681e-14            0.1675
------------------------------------------------------
 Iterations:      16
 Final Rel. Res.: 5.143681e-14
 Asymptotic Rate: 0.166475 (Geom. Mean, last 4 iters)
======================================================

======================================================
  Refinement Level: 6
======================================================
 Mesh width (h):  4.6722e-03
 Total DOFs:      263425
 Spectral Radii:  0.175271
 GMRES Avg Iters: 15.00
------------------------------------------------------
  MG RESIDUAL DECAY
------------------------------------------------------
 Iter    Rel. Residual           Reduction Factor
------------------------------------------------------
 0       9.820255e-02            -----
 1       1.145876e-02            0.1167
 2       1.488326e-03            0.1299
 3       1.970372e-04            0.1324
 4       2.844217e-05            0.1443
 5       4.172730e-06            0.1467
 6       6.192224e-07            0.1484
 7       9.503041e-08            0.1535
 8       1.482348e-08            0.1560
 9       2.346445e-09            0.1583
 10      3.765023e-10            0.1605
 11      6.130449e-11            0.1628
 12      1.009930e-11            0.1647
 13      1.676986e-12            0.1660
 14      2.808103e-13            0.1674
 15      4.729348e-14            0.1684
------------------------------------------------------
 Iterations:      16
 Final Rel. Res.: 4.729348e-14
 Asymptotic Rate: 0.167303 (Geom. Mean, last 4 iters)
======================================================

