Device configuration: omp,cpu
Memory configuration: host-std
Loaded config: /cluster/home/rdabetic/decmg/configs/mag_2d_tria_barycentric_w.json
=================================================
  Multigrid Convergence Test Configuration
=================================================
 Problem Type:    mag
 Mesh File:       meshes/2d/tria.msh
 Output File:     out/barycentric/w/mag/2d/tria.csv
 MG Cycle Type:   W-Cycle
 Mass Lumping:    barycentric
 B-Conditions:    essential
 Max Refinement:  6
 Eigenvalues:     1 (Tol: 0.01)
 GMRES Benchmark: 8 runs (Tol: 1e-06, K-Dim: 20)
=================================================


Gmsh reader: all element attributes were zero.
MFEM only supports positive element attributes.
Setting element attributes to 1.

======================================================
  Refinement Level: 1
======================================================
 Mesh width (h):  1.2500e-01
 Total DOFs:      153
 Spectral Radii:  0.223458
 GMRES Avg Iters: 8.00
------------------------------------------------------
  MG RESIDUAL DECAY
------------------------------------------------------
 Iter    Rel. Residual           Reduction Factor
------------------------------------------------------
 0       9.239272e-02            -----
 1       1.369652e-02            0.1482
 2       2.673571e-03            0.1952
 3       4.935631e-04            0.1846
 4       1.120252e-04            0.2270
 5       2.770358e-05            0.2473
 6       6.338823e-06            0.2288
 7       1.409348e-06            0.2223
 8       3.286562e-07            0.2332
 9       7.657511e-08            0.2330
 10      1.685424e-08            0.2201
 11      3.504242e-09            0.2079
 12      7.111459e-10            0.2029
 13      1.463402e-10            0.2058
 14      3.131819e-11            0.2140
 15      7.011171e-12            0.2239
------------------------------------------------------
 Iterations:      16
 Final Rel. Res.: 7.011171e-12
 Asymptotic Rate: 0.214426 (Geom. Mean, last 4 iters)
======================================================

======================================================
  Refinement Level: 2
======================================================
 Mesh width (h):  6.2500e-02
 Total DOFs:      561
 Spectral Radii:  0.238442
 GMRES Avg Iters: 8.00
------------------------------------------------------
  MG RESIDUAL DECAY
------------------------------------------------------
 Iter    Rel. Residual           Reduction Factor
------------------------------------------------------
 0       1.092367e-01            -----
 1       1.418158e-02            0.1298
 2       2.370727e-03            0.1672
 3       4.888056e-04            0.2062
 4       1.070615e-04            0.2190
 5       2.337519e-05            0.2183
 6       5.361433e-06            0.2294
 7       1.248085e-06            0.2328
 8       2.858313e-07            0.2290
 9       6.462012e-08            0.2261
 10      1.464618e-08            0.2267
 11      3.305404e-09            0.2257
 12      7.380364e-10            0.2233
 13      1.636558e-10            0.2217
 14      3.615010e-11            0.2209
 15      7.960199e-12            0.2202
------------------------------------------------------
 Iterations:      16
 Final Rel. Res.: 7.960199e-12
 Asymptotic Rate: 0.220944 (Geom. Mean, last 4 iters)
======================================================

======================================================
  Refinement Level: 3
======================================================
 Mesh width (h):  3.1250e-02
 Total DOFs:      2145
 Spectral Radii:  0.261386
 GMRES Avg Iters: 8.00
------------------------------------------------------
  MG RESIDUAL DECAY
------------------------------------------------------
 Iter    Rel. Residual           Reduction Factor
------------------------------------------------------
 0       1.125940e-01            -----
 1       1.427478e-02            0.1268
 2       2.536261e-03            0.1777
 3       5.209970e-04            0.2054
 4       1.151727e-04            0.2211
 5       2.676682e-05            0.2324
 6       6.076390e-06            0.2270
 7       1.415132e-06            0.2329
 8       3.404303e-07            0.2406
 9       8.362381e-08            0.2456
 10      2.094080e-08            0.2504
 11      5.323119e-09            0.2542
 12      1.365291e-09            0.2565
 13      3.528781e-10            0.2585
 14      9.201433e-11            0.2608
 15      2.418469e-11            0.2628
------------------------------------------------------
 Iterations:      16
 Final Rel. Res.: 2.418469e-11
 Asymptotic Rate: 0.260678 (Geom. Mean, last 4 iters)
======================================================

======================================================
  Refinement Level: 4
======================================================
 Mesh width (h):  1.5625e-02
 Total DOFs:      8385
 Spectral Radii:  0.269282
 GMRES Avg Iters: 8.00
------------------------------------------------------
  MG RESIDUAL DECAY
------------------------------------------------------
 Iter    Rel. Residual           Reduction Factor
------------------------------------------------------
 0       1.098132e-01            -----
 1       1.581327e-02            0.1440
 2       2.746042e-03            0.1737
 3       5.615565e-04            0.2045
 4       1.252787e-04            0.2231
 5       2.856024e-05            0.2280
 6       6.660168e-06            0.2332
 7       1.572628e-06            0.2361
 8       3.772959e-07            0.2399
 9       9.261219e-08            0.2455
 10      2.329551e-08            0.2515
 11      5.952473e-09            0.2555
 12      1.528897e-09            0.2569
 13      3.932350e-10            0.2572
 14      1.014197e-10            0.2579
 15      2.628527e-11            0.2592
------------------------------------------------------
 Iterations:      16
 Final Rel. Res.: 2.628527e-11
 Asymptotic Rate: 0.258094 (Geom. Mean, last 4 iters)
======================================================

======================================================
  Refinement Level: 5
======================================================
 Mesh width (h):  7.8125e-03
 Total DOFs:      33153
 Spectral Radii:  0.271967
 GMRES Avg Iters: 8.00
------------------------------------------------------
  MG RESIDUAL DECAY
------------------------------------------------------
 Iter    Rel. Residual           Reduction Factor
------------------------------------------------------
 0       1.099010e-01            -----
 1       1.539768e-02            0.1401
 2       2.657946e-03            0.1726
 3       5.365914e-04            0.2019
 4       1.177086e-04            0.2194
 5       2.681553e-05            0.2278
 6       6.196515e-06            0.2311
 7       1.451408e-06            0.2342
 8       3.465879e-07            0.2388
 9       8.447743e-08            0.2437
 10      2.101980e-08            0.2488
 11      5.321888e-09            0.2532
 12      1.362220e-09            0.2560
 13      3.510375e-10            0.2577
 14      9.095841e-11            0.2591
 15      2.369535e-11            0.2605
------------------------------------------------------
 Iterations:      16
 Final Rel. Res.: 2.369535e-11
 Asymptotic Rate: 0.259103 (Geom. Mean, last 4 iters)
======================================================

======================================================
  Refinement Level: 6
======================================================
 Mesh width (h):  3.9063e-03
 Total DOFs:      131841
 Spectral Radii:  0.27336
 GMRES Avg Iters: 8.00
------------------------------------------------------
  MG RESIDUAL DECAY
------------------------------------------------------
 Iter    Rel. Residual           Reduction Factor
------------------------------------------------------
 0       1.114636e-01            -----
 1       1.554447e-02            0.1395
 2       2.697863e-03            0.1736
 3       5.477472e-04            0.2030
 4       1.213069e-04            0.2215
 5       2.769897e-05            0.2283
 6       6.422484e-06            0.2319
 7       1.518988e-06            0.2365
 8       3.676090e-07            0.2420
 9       9.096675e-08            0.2475
 10      2.293652e-08            0.2521
 11      5.858130e-09            0.2554
 12      1.508456e-09            0.2575
 13      3.908300e-10            0.2591
 14      1.018485e-10            0.2606
 15      2.669540e-11            0.2621
------------------------------------------------------
 Iterations:      16
 Final Rel. Res.: 2.669540e-11
 Asymptotic Rate: 0.260596 (Geom. Mean, last 4 iters)
======================================================

