Device configuration: omp,cpu
Memory configuration: host-std
Loaded config: /cluster/home/rdabetic/decmg/configs/mag_3d_corner_structured_scaledid_v.json
=================================================
  Multigrid Convergence Test Configuration
=================================================
 Problem Type:    mag
 Mesh File:       meshes/3d/corner_structured.msh
 Output File:     out/scaledid/v/mag/3d/corner_structured.csv
 MG Cycle Type:   V-Cycle
 Mass Lumping:    scaledid
 B-Conditions:    essential
 Max Refinement:  5
 Eigenvalues:     1 (Tol: 0.01)
 GMRES Benchmark: 8 runs (Tol: 1e-06, K-Dim: 20)
=================================================

======================================================
  Refinement Level: 1
======================================================
 Mesh width (h):  4.3301e-01
 Total DOFs:      4401
 Spectral Radii:  0.380568
 GMRES Avg Iters: 17.88
------------------------------------------------------
  MG RESIDUAL DECAY
------------------------------------------------------
 Iter    Rel. Residual           Reduction Factor
------------------------------------------------------
 0       5.912939e-02            -----
 1       9.148897e-03            0.1547
 2       2.107594e-03            0.2304
 3       5.648050e-04            0.2680
 4       1.624491e-04            0.2876
 5       4.902635e-05            0.3018
 6       1.530772e-05            0.3122
 7       4.916266e-06            0.3212
 8       1.618770e-06            0.3293
 9       5.453568e-07            0.3369
 10      1.876827e-07            0.3441
 11      6.587481e-08            0.3510
 12      2.353699e-08            0.3573
 13      8.542093e-09            0.3629
 14      3.141315e-09            0.3677
 15      1.167707e-09            0.3717
------------------------------------------------------
 Iterations:      16
 Final Rel. Res.: 1.167707e-09
 Asymptotic Rate: 0.367447 (Geom. Mean, last 4 iters)
======================================================

======================================================
  Refinement Level: 2
======================================================
 Mesh width (h):  2.1651e-01
 Total DOFs:      31841
 Spectral Radii:  0.429202
 GMRES Avg Iters: 19.00
------------------------------------------------------
  MG RESIDUAL DECAY
------------------------------------------------------
 Iter    Rel. Residual           Reduction Factor
------------------------------------------------------
 0       6.039027e-02            -----
 1       8.701628e-03            0.1441
 2       2.025857e-03            0.2328
 3       5.680570e-04            0.2804
 4       1.706761e-04            0.3005
 5       5.366789e-05            0.3144
 6       1.746809e-05            0.3255
 7       5.856533e-06            0.3353
 8       2.019976e-06            0.3449
 9       7.166061e-07            0.3548
 10      2.614289e-07            0.3648
 11      9.797867e-08            0.3748
 12      3.764926e-08            0.3843
 13      1.479068e-08            0.3929
 14      5.920578e-09            0.4003
 15      2.406486e-09            0.4065
------------------------------------------------------
 Iterations:      16
 Final Rel. Res.: 2.406486e-09
 Asymptotic Rate: 0.399830 (Geom. Mean, last 4 iters)
======================================================

======================================================
  Refinement Level: 3
======================================================
 Mesh width (h):  1.0825e-01
 Total DOFs:      241857
 Spectral Radii:  0.462564
 GMRES Avg Iters: 20.00
------------------------------------------------------
  MG RESIDUAL DECAY
------------------------------------------------------
 Iter    Rel. Residual           Reduction Factor
------------------------------------------------------
 0       6.098588e-02            -----
 1       8.346679e-03            0.1369
 2       1.936453e-03            0.2320
 3       5.335930e-04            0.2756
 4       1.585830e-04            0.2972
 5       4.964893e-05            0.3131
 6       1.627457e-05            0.3278
 7       5.580388e-06            0.3429
 8       2.000115e-06            0.3584
 9       7.479397e-07            0.3739
 10      2.906107e-07            0.3885
 11      1.166124e-07            0.4013
 12      4.799461e-08            0.4116
 13      2.012932e-08            0.4194
 14      8.556659e-09            0.4251
 15      3.671288e-09            0.4291
------------------------------------------------------
 Iterations:      16
 Final Rel. Res.: 3.671288e-09
 Asymptotic Rate: 0.424498 (Geom. Mean, last 4 iters)
======================================================

======================================================
  Refinement Level: 4
======================================================
 Mesh width (h):  5.4127e-02
 Total DOFs:      1884545
 Spectral Radii:  0.489071
 GMRES Avg Iters: 20.00
------------------------------------------------------
  MG RESIDUAL DECAY
------------------------------------------------------
 Iter    Rel. Residual           Reduction Factor
------------------------------------------------------
 0       6.085924e-02            -----
 1       8.110908e-03            0.1333
 2       1.807372e-03            0.2228
 3       4.853681e-04            0.2685
 4       1.415376e-04            0.2916
 5       4.369417e-05            0.3087
 6       1.443004e-05            0.3303
 7       5.082607e-06            0.3522
 8       1.924359e-06            0.3786
 9       7.708670e-07            0.4006
 10      3.230343e-07            0.4191
 11      1.390756e-07            0.4305
 12      6.095221e-08            0.4383
 13      2.698389e-08            0.4427
 14      1.202861e-08            0.4458
 15      5.387031e-09            0.4479
------------------------------------------------------
 Iterations:      16
 Final Rel. Res.: 5.387031e-09
 Asymptotic Rate: 0.445437 (Geom. Mean, last 4 iters)
======================================================

======================================================
  Refinement Level: 5
======================================================
 Mesh width (h):  2.7063e-02
 Total DOFs:      14877441
 Spectral Radii:  0.501253
 GMRES Avg Iters: 20.00
------------------------------------------------------
  MG RESIDUAL DECAY
------------------------------------------------------
 Iter    Rel. Residual           Reduction Factor
------------------------------------------------------
 0       6.097438e-02            -----
 1       8.019526e-03            0.1315
 2       1.748013e-03            0.2180
 3       4.552304e-04            0.2604
 4       1.279181e-04            0.2810
 5       3.838728e-05            0.3001
 6       1.243564e-05            0.3240
 7       4.552366e-06            0.3661
 8       1.866523e-06            0.4100
 9       8.474082e-07            0.4540
 10      4.019974e-07            0.4744
 11      1.960808e-07            0.4878
 12      9.631340e-08            0.4912
 13      4.761646e-08            0.4944
 14      2.357735e-08            0.4952
 15      1.170624e-08            0.4965
------------------------------------------------------
 Iterations:      16
 Final Rel. Res.: 1.170624e-08
 Asymptotic Rate: 0.495348 (Geom. Mean, last 4 iters)
======================================================

