Device configuration: omp,cpu
Memory configuration: host-std
Loaded config: /cluster/home/rdabetic/decmg/configs/mag_3d_corner_structured_rowsum_v.json
=================================================
  Multigrid Convergence Test Configuration
=================================================
 Problem Type:    mag
 Mesh File:       meshes/3d/corner_structured.msh
 Output File:     out/rowsum/v/mag/3d/corner_structured.csv
 MG Cycle Type:   V-Cycle
 Mass Lumping:    rowsum
 B-Conditions:    essential
 Max Refinement:  5
 Eigenvalues:     1 (Tol: 0.01)
 GMRES Benchmark: 8 runs (Tol: 1e-06, K-Dim: 20)
=================================================

======================================================
  Refinement Level: 1
======================================================
 Mesh width (h):  4.3301e-01
 Total DOFs:      4401
 Spectral Radii:  0.375261
 GMRES Avg Iters: 15.00
------------------------------------------------------
  MG RESIDUAL DECAY
------------------------------------------------------
 Iter    Rel. Residual           Reduction Factor
------------------------------------------------------
 0       6.472231e-02            -----
 1       1.049708e-02            0.1622
 2       2.602838e-03            0.2480
 3       7.285159e-04            0.2799
 4       2.123517e-04            0.2915
 5       6.455352e-05            0.3040
 6       2.029394e-05            0.3144
 7       6.558515e-06            0.3232
 8       2.165986e-06            0.3303
 9       7.272602e-07            0.3358
 10      2.472641e-07            0.3400
 11      8.488691e-08            0.3433
 12      2.937124e-08            0.3460
 13      1.023053e-08            0.3483
 14      3.584692e-09            0.3504
 15      1.262940e-09            0.3523
------------------------------------------------------
 Iterations:      16
 Final Rel. Res.: 1.262940e-09
 Asymptotic Rate: 0.350338 (Geom. Mean, last 4 iters)
======================================================

======================================================
  Refinement Level: 2
======================================================
 Mesh width (h):  2.1651e-01
 Total DOFs:      31841
 Spectral Radii:  0.42416
 GMRES Avg Iters: 15.00
------------------------------------------------------
  MG RESIDUAL DECAY
------------------------------------------------------
 Iter    Rel. Residual           Reduction Factor
------------------------------------------------------
 0       6.597847e-02            -----
 1       1.004927e-02            0.1523
 2       2.518392e-03            0.2506
 3       7.359743e-04            0.2922
 4       2.299903e-04            0.3125
 5       7.497950e-05            0.3260
 6       2.524334e-05            0.3367
 7       8.726564e-06            0.3457
 8       3.088447e-06            0.3539
 9       1.117348e-06            0.3618
 10      4.128920e-07            0.3695
 11      1.557319e-07            0.3772
 12      5.989306e-08            0.3846
 13      2.345160e-08            0.3916
 14      9.330057e-09            0.3978
 15      3.762598e-09            0.4033
------------------------------------------------------
 Iterations:      16
 Final Rel. Res.: 3.762598e-09
 Asymptotic Rate: 0.397531 (Geom. Mean, last 4 iters)
======================================================

======================================================
  Refinement Level: 3
======================================================
 Mesh width (h):  1.0825e-01
 Total DOFs:      241857
 Spectral Radii:  0.447381
 GMRES Avg Iters: 15.00
------------------------------------------------------
  MG RESIDUAL DECAY
------------------------------------------------------
 Iter    Rel. Residual           Reduction Factor
------------------------------------------------------
 0       6.662829e-02            -----
 1       9.646882e-03            0.1448
 2       2.407275e-03            0.2495
 3       7.021923e-04            0.2917
 4       2.174762e-04            0.3097
 5       6.999987e-05            0.3219
 6       2.319841e-05            0.3314
 7       7.876267e-06            0.3395
 8       2.733296e-06            0.3470
 9       9.688543e-07            0.3545
 10      3.509281e-07            0.3622
 11      1.300154e-07            0.3705
 12      4.932001e-08            0.3793
 13      1.916528e-08            0.3886
 14      7.625975e-09            0.3979
 15      3.102793e-09            0.4069
------------------------------------------------------
 Iterations:      16
 Final Rel. Res.: 3.102793e-09
 Asymptotic Rate: 0.397719 (Geom. Mean, last 4 iters)
======================================================

======================================================
  Refinement Level: 4
======================================================
 Mesh width (h):  5.4127e-02
 Total DOFs:      1884545
 Spectral Radii:  0.472782
 GMRES Avg Iters: 15.00
------------------------------------------------------
  MG RESIDUAL DECAY
------------------------------------------------------
 Iter    Rel. Residual           Reduction Factor
------------------------------------------------------
 0       6.703457e-02            -----
 1       9.419619e-03            0.1405
 2       2.319637e-03            0.2463
 3       6.718175e-04            0.2896
 4       2.095530e-04            0.3119
 5       6.901929e-05            0.3294
 6       2.413979e-05            0.3498
 7       8.948317e-06            0.3707
 8       3.517644e-06            0.3931
 9       1.447133e-06            0.4114
 10      6.150891e-07            0.4250
 11      2.663715e-07            0.4331
 12      1.165171e-07            0.4374
 13      5.117548e-08            0.4392
 14      2.250066e-08            0.4397
 15      9.886927e-09            0.4394
------------------------------------------------------
 Iterations:      16
 Final Rel. Res.: 9.886927e-09
 Asymptotic Rate: 0.439431 (Geom. Mean, last 4 iters)
======================================================

======================================================
  Refinement Level: 5
======================================================
 Mesh width (h):  2.7063e-02
 Total DOFs:      14877441
 Spectral Radii:  0.506353
 GMRES Avg Iters: 15.00
------------------------------------------------------
  MG RESIDUAL DECAY
------------------------------------------------------
 Iter    Rel. Residual           Reduction Factor
------------------------------------------------------
 0       6.778359e-02            -----
 1       9.343382e-03            0.1378
 2       2.266022e-03            0.2425
 3       6.435136e-04            0.2840
 4       1.943555e-04            0.3020
 5       6.095389e-05            0.3136
 6       1.967724e-05            0.3228
 7       6.543530e-06            0.3325
 8       2.268507e-06            0.3467
 9       8.543837e-07            0.3766
 10      3.603060e-07            0.4217
 11      1.699992e-07            0.4718
 12      8.520097e-08            0.5012
 13      4.371872e-08            0.5131
 14      2.245570e-08            0.5136
 15      1.147360e-08            0.5109
------------------------------------------------------
 Iterations:      16
 Final Rel. Res.: 1.147360e-08
 Asymptotic Rate: 0.512568 (Geom. Mean, last 4 iters)
======================================================

