Device configuration: omp,cpu
Memory configuration: host-std
Loaded config: /cluster/home/rdabetic/decmg/configs/mag_3d_corner_barycentric_w_k2.json
=================================================
  Multigrid Convergence Test Configuration
=================================================
 Problem Type:    mag
 Mesh File:       meshes/3d/corner.msh
 Output File:     out/barycentric/w/mag/3d/corner_k2.csv
 MG Cycle Type:   W-Cycle
 Mass Lumping:    barycentric
 B-Conditions:    essential
 Max Refinement:  5
 Eigenvalues:     1 (Tol: 0.01)
 GMRES Benchmark: 8 runs (Tol: 1e-06, K-Dim: 20)
=================================================

======================================================
  Refinement Level: 1
======================================================
 Mesh width (h):  5.0000e-01
 Total DOFs:      545
 Spectral Radii:  0.370789
 GMRES Avg Iters: 14.00
------------------------------------------------------
  MG RESIDUAL DECAY
------------------------------------------------------
 Iter    Rel. Residual           Reduction Factor
------------------------------------------------------
 0       7.546122e-02            -----
 1       1.197945e-02            0.1587
 2       3.295356e-03            0.2751
 3       1.026664e-03            0.3115
 4       3.500666e-04            0.3410
 5       1.266889e-04            0.3619
 6       4.769971e-05            0.3765
 7       1.838753e-05            0.3855
 8       7.165398e-06            0.3897
 9       2.798920e-06            0.3906
 10      1.090587e-06            0.3896
 11      4.228319e-07            0.3877
 12      1.629363e-07            0.3853
 13      6.237669e-08            0.3828
 14      2.372181e-08            0.3803
 15      8.962680e-09            0.3778
------------------------------------------------------
 Iterations:      16
 Final Rel. Res.: 8.962680e-09
 Asymptotic Rate: 0.380312 (Geom. Mean, last 4 iters)
======================================================

======================================================
  Refinement Level: 2
======================================================
 Mesh width (h):  2.5000e-01
 Total DOFs:      3681
 Spectral Radii:  0.51041
 GMRES Avg Iters: 16.00
------------------------------------------------------
  MG RESIDUAL DECAY
------------------------------------------------------
 Iter    Rel. Residual           Reduction Factor
------------------------------------------------------
 0       7.126802e-02            -----
 1       1.329086e-02            0.1865
 2       3.906520e-03            0.2939
 3       1.304615e-03            0.3340
 4       4.744515e-04            0.3637
 5       1.824107e-04            0.3845
 6       7.294957e-05            0.3999
 7       3.006211e-05            0.4121
 8       1.270365e-05            0.4226
 9       5.492112e-06            0.4323
 10      2.424900e-06            0.4415
 11      1.091098e-06            0.4500
 12      4.990175e-07            0.4574
 13      2.313429e-07            0.4636
 14      1.084396e-07            0.4687
 15      5.128620e-08            0.4729
------------------------------------------------------
 Iterations:      16
 Final Rel. Res.: 5.128620e-08
 Asymptotic Rate: 0.468412 (Geom. Mean, last 4 iters)
======================================================

======================================================
  Refinement Level: 3
======================================================
 Mesh width (h):  1.2500e-01
 Total DOFs:      26945
 Spectral Radii:  0.561538
 GMRES Avg Iters: 17.00
------------------------------------------------------
  MG RESIDUAL DECAY
------------------------------------------------------
 Iter    Rel. Residual           Reduction Factor
------------------------------------------------------
 0       7.609783e-02            -----
 1       1.260943e-02            0.1657
 2       3.462233e-03            0.2746
 3       1.168386e-03            0.3375
 4       4.445909e-04            0.3805
 5       1.850155e-04            0.4161
 6       8.205697e-05            0.4435
 7       3.806251e-05            0.4639
 8       1.823594e-05            0.4791
 9       8.949589e-06            0.4908
 10      4.473246e-06            0.4998
 11      2.267740e-06            0.5070
 12      1.162511e-06            0.5126
 13      6.012507e-07            0.5172
 14      3.132113e-07            0.5209
 15      1.641323e-07            0.5240
------------------------------------------------------
 Iterations:      16
 Final Rel. Res.: 1.641323e-07
 Asymptotic Rate: 0.520714 (Geom. Mean, last 4 iters)
======================================================

======================================================
  Refinement Level: 4
======================================================
 Mesh width (h):  6.2500e-02
 Total DOFs:      205953
 Spectral Radii:  0.582186
 GMRES Avg Iters: 18.00
------------------------------------------------------
  MG RESIDUAL DECAY
------------------------------------------------------
 Iter    Rel. Residual           Reduction Factor
------------------------------------------------------
 0       7.775663e-02            -----
 1       1.262519e-02            0.1624
 2       3.491491e-03            0.2765
 3       1.203326e-03            0.3446
 4       4.747878e-04            0.3946
 5       2.069952e-04            0.4360
 6       9.690907e-05            0.4682
 7       4.770274e-05            0.4922
 8       2.432897e-05            0.5100
 9       1.272899e-05            0.5232
 10      6.785985e-06            0.5331
 11      3.668891e-06            0.5407
 12      2.004958e-06            0.5465
 13      1.104766e-06            0.5510
 14      6.127083e-07            0.5546
 15      3.415679e-07            0.5575
------------------------------------------------------
 Iterations:      16
 Final Rel. Res.: 3.415679e-07
 Asymptotic Rate: 0.554358 (Geom. Mean, last 4 iters)
======================================================

======================================================
  Refinement Level: 5
======================================================
 Mesh width (h):  3.1250e-02
 Total DOFs:      1609985
 Spectral Radii:  0.593333
 GMRES Avg Iters: 18.00
------------------------------------------------------
  MG RESIDUAL DECAY
------------------------------------------------------
 Iter    Rel. Residual           Reduction Factor
------------------------------------------------------
 0       7.877094e-02            -----
 1       1.253113e-02            0.1591
 2       3.399415e-03            0.2713
 3       1.156855e-03            0.3403
 4       4.515211e-04            0.3903
 5       1.947557e-04            0.4313
 6       9.025895e-05            0.4634
 7       4.402250e-05            0.4877
 8       2.227621e-05            0.5060
 9       1.158256e-05            0.5200
 10      6.147517e-06            0.5308
 11      3.315196e-06            0.5393
 12      1.810390e-06            0.5461
 13      9.986306e-07            0.5516
 14      5.553762e-07            0.5561
 15      3.109490e-07            0.5599
------------------------------------------------------
 Iterations:      16
 Final Rel. Res.: 3.109490e-07
 Asymptotic Rate: 0.555869 (Geom. Mean, last 4 iters)
======================================================

