Device configuration: omp,cpu
Memory configuration: host-std
Loaded config: /cluster/home/rdabetic/decmg/configs/mag_3d_tetra_rowsum_w.json
=================================================
  Multigrid Convergence Test Configuration
=================================================
 Problem Type:    mag
 Mesh File:       meshes/3d/tetra.msh
 Output File:     out/rowsum/w/mag/3d/tetra.csv
 MG Cycle Type:   W-Cycle
 Mass Lumping:    rowsum
 B-Conditions:    essential
 Max Refinement:  5
 Eigenvalues:     1 (Tol: 0.01)
 GMRES Benchmark: 8 runs (Tol: 1e-06, K-Dim: 20)
=================================================

======================================================
  Refinement Level: 1
======================================================
 Mesh width (h):  3.5355e-01
 Total DOFs:      165
 Spectral Radii:  0.259832
 GMRES Avg Iters: 8.62
------------------------------------------------------
  MG RESIDUAL DECAY
------------------------------------------------------
 Iter    Rel. Residual           Reduction Factor
------------------------------------------------------
 0       6.302160e-02            -----
 1       1.423533e-02            0.2259
 2       3.259549e-03            0.2290
 3       8.212989e-04            0.2520
 4       2.042028e-04            0.2486
 5       5.078106e-05            0.2487
 6       1.258514e-05            0.2478
 7       3.120481e-06            0.2479
 8       7.737994e-07            0.2480
 9       1.920550e-07            0.2482
 10      4.772759e-08            0.2485
 11      1.188215e-08            0.2490
 12      2.964899e-09            0.2495
 13      7.418511e-10            0.2502
 14      1.862032e-10            0.2510
 15      4.689798e-11            0.2519
------------------------------------------------------
 Iterations:      16
 Final Rel. Res.: 4.689798e-11
 Asymptotic Rate: 0.251024 (Geom. Mean, last 4 iters)
======================================================

======================================================
  Refinement Level: 2
======================================================
 Mesh width (h):  1.7678e-01
 Total DOFs:      969
 Spectral Radii:  0.286898
 GMRES Avg Iters: 9.12
------------------------------------------------------
  MG RESIDUAL DECAY
------------------------------------------------------
 Iter    Rel. Residual           Reduction Factor
------------------------------------------------------
 0       5.585834e-02            -----
 1       9.819116e-03            0.1758
 2       2.473492e-03            0.2519
 3       6.147440e-04            0.2485
 4       1.574619e-04            0.2561
 5       4.077706e-05            0.2590
 6       1.056488e-05            0.2591
 7       2.727312e-06            0.2581
 8       7.016952e-07            0.2573
 9       1.802371e-07            0.2569
 10      4.627949e-08            0.2568
 11      1.188650e-08            0.2568
 12      3.054297e-09            0.2570
 13      7.851441e-10            0.2571
 14      2.019063e-10            0.2572
 15      5.194205e-11            0.2573
------------------------------------------------------
 Iterations:      16
 Final Rel. Res.: 5.194205e-11
 Asymptotic Rate: 0.257160 (Geom. Mean, last 4 iters)
======================================================

======================================================
  Refinement Level: 3
======================================================
 Mesh width (h):  8.8388e-02
 Total DOFs:      6545
 Spectral Radii:  0.302932
 GMRES Avg Iters: 10.00
------------------------------------------------------
  MG RESIDUAL DECAY
------------------------------------------------------
 Iter    Rel. Residual           Reduction Factor
------------------------------------------------------
 0       6.725007e-02            -----
 1       1.049663e-02            0.1561
 2       2.389412e-03            0.2276
 3       5.884669e-04            0.2463
 4       1.495483e-04            0.2541
 5       3.909365e-05            0.2614
 6       1.046223e-05            0.2676
 7       2.854612e-06            0.2728
 8       7.906250e-07            0.2770
 9       2.215536e-07            0.2802
 10      6.267279e-08            0.2829
 11      1.786943e-08            0.2851
 12      5.130115e-09            0.2871
 13      1.481878e-09            0.2889
 14      4.304531e-10            0.2905
 15      1.256788e-10            0.2920
------------------------------------------------------
 Iterations:      16
 Final Rel. Res.: 1.256788e-10
 Asymptotic Rate: 0.290432 (Geom. Mean, last 4 iters)
======================================================

======================================================
  Refinement Level: 4
======================================================
 Mesh width (h):  4.4194e-02
 Total DOFs:      47905
 Spectral Radii:  0.307702
 GMRES Avg Iters: 10.00
------------------------------------------------------
  MG RESIDUAL DECAY
------------------------------------------------------
 Iter    Rel. Residual           Reduction Factor
------------------------------------------------------
 0       6.886969e-02            -----
 1       9.985332e-03            0.1450
 2       2.258424e-03            0.2262
 3       5.670498e-04            0.2511
 4       1.478451e-04            0.2607
 5       3.961905e-05            0.2680
 6       1.082518e-05            0.2732
 7       3.002172e-06            0.2773
 8       8.422820e-07            0.2806
 9       2.384491e-07            0.2831
 10      6.798268e-08            0.2851
 11      1.948990e-08            0.2867
 12      5.612115e-09            0.2879
 13      1.621682e-09            0.2890
 14      4.699400e-10            0.2898
 15      1.365058e-10            0.2905
------------------------------------------------------
 Iterations:      16
 Final Rel. Res.: 1.365058e-10
 Asymptotic Rate: 0.289740 (Geom. Mean, last 4 iters)
======================================================

======================================================
  Refinement Level: 5
======================================================
 Mesh width (h):  2.2097e-02
 Total DOFs:      366145
 Spectral Radii:  0.312213
 GMRES Avg Iters: 10.00
------------------------------------------------------
  MG RESIDUAL DECAY
------------------------------------------------------
 Iter    Rel. Residual           Reduction Factor
------------------------------------------------------
 0       6.960982e-02            -----
 1       9.721367e-03            0.1397
 2       2.215443e-03            0.2279
 3       5.577603e-04            0.2518
 4       1.451890e-04            0.2603
 5       3.868954e-05            0.2665
 6       1.048480e-05            0.2710
 7       2.878703e-06            0.2746
 8       7.987274e-07            0.2775
 9       2.235478e-07            0.2799
 10      6.302271e-08            0.2819
 11      1.787772e-08            0.2837
 12      5.098833e-09            0.2852
 13      1.461233e-09            0.2866
 14      4.205982e-10            0.2878
 15      1.215524e-10            0.2890
------------------------------------------------------
 Iterations:      16
 Final Rel. Res.: 1.215524e-10
 Asymptotic Rate: 0.287805 (Geom. Mean, last 4 iters)
======================================================

