Device configuration: omp,cpu
Memory configuration: host-std
Loaded config: /cluster/home/rdabetic/decmg/configs/mag_2d_square_centered_scaledid_v.json
=================================================
  Multigrid Convergence Test Configuration
=================================================
 Problem Type:    mag
 Mesh File:       meshes/2d/square_centered.msh
 Output File:     out/scaledid/v/mag/2d/square_centered.csv
 MG Cycle Type:   V-Cycle
 Mass Lumping:    scaledid
 B-Conditions:    essential
 Max Refinement:  6
 Eigenvalues:     1 (Tol: 0.01)
 GMRES Benchmark: 8 runs (Tol: 1e-06, K-Dim: 20)
=================================================


Gmsh reader: all element attributes were zero.
MFEM only supports positive element attributes.
Setting element attributes to 1.

======================================================
  Refinement Level: 1
======================================================
 Mesh width (h):  1.9875e-01
 Total DOFs:      249
 Spectral Radii:  0.160052
 GMRES Avg Iters: 11.88
------------------------------------------------------
  MG RESIDUAL DECAY
------------------------------------------------------
 Iter    Rel. Residual           Reduction Factor
------------------------------------------------------
 0       8.302605e-02            -----
 1       9.366708e-03            0.1128
 2       1.138484e-03            0.1215
 3       1.596323e-04            0.1402
 4       2.026210e-05            0.1269
 5       2.373426e-06            0.1171
 6       3.136164e-07            0.1321
 7       4.610649e-08            0.1470
 8       7.293321e-09            0.1582
 9       1.057381e-09            0.1450
 10      1.642349e-10            0.1553
 11      2.808690e-11            0.1710
 12      4.705579e-12            0.1675
 13      7.467453e-13            0.1587
 14      1.166029e-13            0.1561
 15      1.822181e-14            0.1563
------------------------------------------------------
 Iterations:      16
 Final Rel. Res.: 1.822181e-14
 Asymptotic Rate: 0.157034 (Geom. Mean, last 4 iters)
======================================================

======================================================
  Refinement Level: 2
======================================================
 Mesh width (h):  9.9376e-02
 Total DOFs:      945
 Spectral Radii:  0.184462
 GMRES Avg Iters: 12.75
------------------------------------------------------
  MG RESIDUAL DECAY
------------------------------------------------------
 Iter    Rel. Residual           Reduction Factor
------------------------------------------------------
 0       9.282164e-02            -----
 1       9.491499e-03            0.1023
 2       1.152016e-03            0.1214
 3       1.511398e-04            0.1312
 4       2.188501e-05            0.1448
 5       3.350407e-06            0.1531
 6       5.627444e-07            0.1680
 7       9.762339e-08            0.1735
 8       1.669473e-08            0.1710
 9       2.798277e-09            0.1676
 10      4.669197e-10            0.1669
 11      7.830852e-11            0.1677
 12      1.327928e-11            0.1696
 13      2.301732e-12            0.1733
 14      4.070677e-13            0.1769
 15      7.279294e-14            0.1788
------------------------------------------------------
 Iterations:      16
 Final Rel. Res.: 7.279294e-14
 Asymptotic Rate: 0.176321 (Geom. Mean, last 4 iters)
======================================================

======================================================
  Refinement Level: 3
======================================================
 Mesh width (h):  4.9688e-02
 Total DOFs:      3681
 Spectral Radii:  0.213584
 GMRES Avg Iters: 13.00
------------------------------------------------------
  MG RESIDUAL DECAY
------------------------------------------------------
 Iter    Rel. Residual           Reduction Factor
------------------------------------------------------
 0       9.793261e-02            -----
 1       1.171823e-02            0.1197
 2       1.654392e-03            0.1412
 3       2.516336e-04            0.1521
 4       4.479692e-05            0.1780
 5       8.592559e-06            0.1918
 6       1.622101e-06            0.1888
 7       3.226422e-07            0.1989
 8       6.677679e-08            0.2070
 9       1.403403e-08            0.2102
 10      3.036852e-09            0.2164
 11      6.691834e-10            0.2204
 12      1.478647e-10            0.2210
 13      3.248788e-11            0.2197
 14      7.039918e-12            0.2167
 15      1.501786e-12            0.2133
------------------------------------------------------
 Iterations:      16
 Final Rel. Res.: 1.501786e-12
 Asymptotic Rate: 0.216561 (Geom. Mean, last 4 iters)
======================================================

======================================================
  Refinement Level: 4
======================================================
 Mesh width (h):  2.4844e-02
 Total DOFs:      14529
 Spectral Radii:  0.236709
 GMRES Avg Iters: 13.00
------------------------------------------------------
  MG RESIDUAL DECAY
------------------------------------------------------
 Iter    Rel. Residual           Reduction Factor
------------------------------------------------------
 0       9.585429e-02            -----
 1       1.153858e-02            0.1204
 2       1.580930e-03            0.1370
 3       2.349856e-04            0.1486
 4       3.928903e-05            0.1672
 5       8.215214e-06            0.2091
 6       2.045454e-06            0.2490
 7       5.257500e-07            0.2570
 8       1.325586e-07            0.2521
 9       3.248282e-08            0.2450
 10      7.848542e-09            0.2416
 11      1.906960e-09            0.2430
 12      4.714293e-10            0.2472
 13      1.185683e-10            0.2515
 14      3.004445e-11            0.2534
 15      7.584600e-12            0.2524
------------------------------------------------------
 Iterations:      16
 Final Rel. Res.: 7.584600e-12
 Asymptotic Rate: 0.252448 (Geom. Mean, last 4 iters)
======================================================

======================================================
  Refinement Level: 5
======================================================
 Mesh width (h):  1.2422e-02
 Total DOFs:      57729
 Spectral Radii:  0.255017
 GMRES Avg Iters: 14.00
------------------------------------------------------
  MG RESIDUAL DECAY
------------------------------------------------------
 Iter    Rel. Residual           Reduction Factor
------------------------------------------------------
 0       9.765203e-02            -----
 1       1.175146e-02            0.1203
 2       1.586683e-03            0.1350
 3       2.296642e-04            0.1447
 4       3.726867e-05            0.1623
 5       6.648828e-06            0.1784
 6       1.336818e-06            0.2011
 7       3.226273e-07            0.2413
 8       8.601655e-08            0.2666
 9       2.290328e-08            0.2663
 10      5.913392e-09            0.2582
 11      1.501217e-09            0.2539
 12      3.853044e-10            0.2567
 13      1.014362e-10            0.2633
 14      2.720445e-11            0.2682
 15      7.310784e-12            0.2687
------------------------------------------------------
 Iterations:      16
 Final Rel. Res.: 7.310784e-12
 Asymptotic Rate: 0.266719 (Geom. Mean, last 4 iters)
======================================================

======================================================
  Refinement Level: 6
======================================================
 Mesh width (h):  6.2110e-03
 Total DOFs:      230145
 Spectral Radii:  0.267751
 GMRES Avg Iters: 14.00
------------------------------------------------------
  MG RESIDUAL DECAY
------------------------------------------------------
 Iter    Rel. Residual           Reduction Factor
------------------------------------------------------
 0       9.870342e-02            -----
 1       1.179269e-02            0.1195
 2       1.602369e-03            0.1359
 3       2.379404e-04            0.1485
 4       4.255009e-05            0.1788
 5       8.679221e-06            0.2040
 6       1.868483e-06            0.2153
 7       4.179209e-07            0.2237
 8       9.787457e-08            0.2342
 9       2.444893e-08            0.2498
 10      6.564044e-09            0.2685
 11      1.837768e-09            0.2800
 12      5.157928e-10            0.2807
 13      1.417392e-10            0.2748
 14      3.783994e-11            0.2670
 15      9.827785e-12            0.2597
------------------------------------------------------
 Iterations:      16
 Final Rel. Res.: 9.827785e-12
 Asymptotic Rate: 0.267092 (Geom. Mean, last 4 iters)
======================================================

