Device configuration: omp,cpu
Memory configuration: host-std
Loaded config: /cluster/home/rdabetic/decmg/configs/mag_2d_two_holes_barycentric_w.json
=================================================
  Multigrid Convergence Test Configuration
=================================================
 Problem Type:    mag
 Mesh File:       meshes/2d/two_holes.msh
 Output File:     out/barycentric/w/mag/2d/two_holes.csv
 MG Cycle Type:   W-Cycle
 Mass Lumping:    barycentric
 B-Conditions:    essential
 Max Refinement:  6
 Eigenvalues:     3 (Tol: 0.01)
 GMRES Benchmark: 8 runs (Tol: 1e-06, K-Dim: 20)
=================================================


Gmsh reader: all element attributes were zero.
MFEM only supports positive element attributes.
Setting element attributes to 1.

======================================================
  Refinement Level: 1
======================================================
 Mesh width (h):  9.9615e-02
 Total DOFs:      2403
 Spectral Radii:  1 1 0.273438
 GMRES Avg Iters: 8.75
------------------------------------------------------
  MG RESIDUAL DECAY
------------------------------------------------------
 Iter    Rel. Residual           Reduction Factor
------------------------------------------------------
 0       9.769578e-02            -----
 1       1.243323e-02            0.1273
 2       2.335605e-03            0.1879
 3       5.272440e-04            0.2257
 4       1.283786e-04            0.2435
 5       3.233919e-05            0.2519
 6       8.341538e-06            0.2579
 7       2.132014e-06            0.2556
 8       5.384989e-07            0.2526
 9       1.359279e-07            0.2524
 10      3.461648e-08            0.2547
 11      8.941086e-09            0.2583
 12      2.338279e-09            0.2615
 13      6.147659e-10            0.2629
 14      1.612033e-10            0.2622
 15      4.199667e-11            0.2605
------------------------------------------------------
 Iterations:      16
 Final Rel. Res.: 4.199667e-11
 Asymptotic Rate: 0.261882 (Geom. Mean, last 4 iters)
======================================================

======================================================
  Refinement Level: 2
======================================================
 Mesh width (h):  4.9808e-02
 Total DOFs:      9383
 Spectral Radii:  1 1 0.303648
 GMRES Avg Iters: 9.00
------------------------------------------------------
  MG RESIDUAL DECAY
------------------------------------------------------
 Iter    Rel. Residual           Reduction Factor
------------------------------------------------------
 0       1.081922e-01            -----
 1       1.477119e-02            0.1365
 2       2.725509e-03            0.1845
 3       6.358913e-04            0.2333
 4       1.514780e-04            0.2382
 5       3.746245e-05            0.2473
 6       9.739166e-06            0.2600
 7       2.589761e-06            0.2659
 8       7.085113e-07            0.2736
 9       1.978094e-07            0.2792
 10      5.577914e-08            0.2820
 11      1.584816e-08            0.2841
 12      4.531747e-09            0.2859
 13      1.303075e-09            0.2875
 14      3.765093e-10            0.2889
 15      1.092348e-10            0.2901
------------------------------------------------------
 Iterations:      16
 Final Rel. Res.: 1.092348e-10
 Asymptotic Rate: 0.288867 (Geom. Mean, last 4 iters)
======================================================

======================================================
  Refinement Level: 3
======================================================
 Mesh width (h):  2.4904e-02
 Total DOFs:      37071
 Spectral Radii:  1 1 0.326547
 GMRES Avg Iters: 9.00
------------------------------------------------------
  MG RESIDUAL DECAY
------------------------------------------------------
 Iter    Rel. Residual           Reduction Factor
------------------------------------------------------
 0       1.107266e-01            -----
 1       1.532316e-02            0.1384
 2       2.755884e-03            0.1799
 3       6.035070e-04            0.2190
 4       1.493971e-04            0.2475
 5       3.900537e-05            0.2611
 6       1.048950e-05            0.2689
 7       2.902453e-06            0.2767
 8       8.196264e-07            0.2824
 9       2.349895e-07            0.2867
 10      6.823104e-08            0.2904
 11      2.005125e-08            0.2939
 12      5.967078e-09            0.2976
 13      1.797766e-09            0.3013
 14      5.476350e-10            0.3046
 15      1.683729e-10            0.3075
------------------------------------------------------
 Iterations:      16
 Final Rel. Res.: 1.683729e-10
 Asymptotic Rate: 0.304441 (Geom. Mean, last 4 iters)
======================================================

======================================================
  Refinement Level: 4
======================================================
 Mesh width (h):  1.2452e-02
 Total DOFs:      147359
 Spectral Radii:  1 1 0.36538
 GMRES Avg Iters: 9.00
------------------------------------------------------
  MG RESIDUAL DECAY
------------------------------------------------------
 Iter    Rel. Residual           Reduction Factor
------------------------------------------------------
 0       1.102993e-01            -----
 1       1.554543e-02            0.1409
 2       2.832381e-03            0.1822
 3       6.320410e-04            0.2231
 4       1.602575e-04            0.2536
 5       4.314831e-05            0.2692
 6       1.201011e-05            0.2783
 7       3.462798e-06            0.2883
 8       1.030300e-06            0.2975
 9       3.147951e-07            0.3055
 10      9.853786e-08            0.3130
 11      3.154264e-08            0.3201
 12      1.030495e-08            0.3267
 13      3.427858e-09            0.3326
 14      1.157912e-09            0.3378
 15      3.961333e-10            0.3421
------------------------------------------------------
 Iterations:      16
 Final Rel. Res.: 3.961333e-10
 Asymptotic Rate: 0.337493 (Geom. Mean, last 4 iters)
======================================================

======================================================
  Refinement Level: 5
======================================================
 Mesh width (h):  6.2260e-03
 Total DOFs:      587583
 Spectral Radii:  1 1 0.383947
 GMRES Avg Iters: 9.88
------------------------------------------------------
  MG RESIDUAL DECAY
------------------------------------------------------
 Iter    Rel. Residual           Reduction Factor
------------------------------------------------------
 0       1.108933e-01            -----
 1       1.563919e-02            0.1410
 2       2.842902e-03            0.1818
 3       6.305171e-04            0.2218
 4       1.583288e-04            0.2511
 5       4.222968e-05            0.2667
 6       1.174637e-05            0.2782
 7       3.409931e-06            0.2903
 8       1.027463e-06            0.3013
 9       3.188456e-07            0.3103
 10      1.012573e-07            0.3176
 11      3.276152e-08            0.3235
 12      1.076751e-08            0.3287
 13      3.587511e-09            0.3332
 14      1.209860e-09            0.3372
 15      4.124962e-10            0.3409
------------------------------------------------------
 Iterations:      16
 Final Rel. Res.: 4.124962e-10
 Asymptotic Rate: 0.337107 (Geom. Mean, last 4 iters)
======================================================

======================================================
  Refinement Level: 6
======================================================
 Mesh width (h):  3.1130e-03
 Total DOFs:      2346623
 Spectral Radii:  1 1 0.38984
 GMRES Avg Iters: 10.00
------------------------------------------------------
  MG RESIDUAL DECAY
------------------------------------------------------
 Iter    Rel. Residual           Reduction Factor
------------------------------------------------------
 0       1.110692e-01            -----
 1       1.568523e-02            0.1412
 2       2.847037e-03            0.1815
 3       6.322199e-04            0.2221
 4       1.587608e-04            0.2511
 5       4.257642e-05            0.2682
 6       1.196064e-05            0.2809
 7       3.515941e-06            0.2940
 8       1.075009e-06            0.3058
 9       3.393313e-07            0.3157
 10      1.098541e-07            0.3237
 11      3.629649e-08            0.3304
 12      1.219731e-08            0.3360
 13      4.158218e-09            0.3409
 14      1.435274e-09            0.3452
 15      5.007781e-10            0.3489
------------------------------------------------------
 Iterations:      16
 Final Rel. Res.: 5.007781e-10
 Asymptotic Rate: 0.344980 (Geom. Mean, last 4 iters)
======================================================

