Device configuration: omp,cpu
Memory configuration: host-std
Loaded config: /cluster/home/rdabetic/decmg/configs/mag_3d_corner_structured_rowsum_w.json
=================================================
  Multigrid Convergence Test Configuration
=================================================
 Problem Type:    mag
 Mesh File:       meshes/3d/corner_structured.msh
 Output File:     out/rowsum/w/mag/3d/corner_structured.csv
 MG Cycle Type:   W-Cycle
 Mass Lumping:    rowsum
 B-Conditions:    essential
 Max Refinement:  5
 Eigenvalues:     1 (Tol: 0.01)
 GMRES Benchmark: 8 runs (Tol: 1e-06, K-Dim: 20)
=================================================

======================================================
  Refinement Level: 1
======================================================
 Mesh width (h):  4.3301e-01
 Total DOFs:      4401
 Spectral Radii:  0.375261
 GMRES Avg Iters: 15.00
------------------------------------------------------
  MG RESIDUAL DECAY
------------------------------------------------------
 Iter    Rel. Residual           Reduction Factor
------------------------------------------------------
 0       6.472231e-02            -----
 1       1.049708e-02            0.1622
 2       2.602838e-03            0.2480
 3       7.285159e-04            0.2799
 4       2.123517e-04            0.2915
 5       6.455352e-05            0.3040
 6       2.029394e-05            0.3144
 7       6.558515e-06            0.3232
 8       2.165986e-06            0.3303
 9       7.272602e-07            0.3358
 10      2.472641e-07            0.3400
 11      8.488691e-08            0.3433
 12      2.937124e-08            0.3460
 13      1.023053e-08            0.3483
 14      3.584692e-09            0.3504
 15      1.262940e-09            0.3523
------------------------------------------------------
 Iterations:      16
 Final Rel. Res.: 1.262940e-09
 Asymptotic Rate: 0.350338 (Geom. Mean, last 4 iters)
======================================================

======================================================
  Refinement Level: 2
======================================================
 Mesh width (h):  2.1651e-01
 Total DOFs:      31841
 Spectral Radii:  0.388439
 GMRES Avg Iters: 15.00
------------------------------------------------------
  MG RESIDUAL DECAY
------------------------------------------------------
 Iter    Rel. Residual           Reduction Factor
------------------------------------------------------
 0       6.593815e-02            -----
 1       1.009358e-02            0.1531
 2       2.466070e-03            0.2443
 3       7.046062e-04            0.2857
 4       2.144134e-04            0.3043
 5       6.788958e-05            0.3166
 6       2.212945e-05            0.3260
 7       7.374707e-06            0.3333
 8       2.500671e-06            0.3391
 9       8.600121e-07            0.3439
 10      2.993169e-07            0.3480
 11      1.052643e-07            0.3517
 12      3.736819e-08            0.3550
 13      1.338049e-08            0.3581
 14      4.830005e-09            0.3610
 15      1.756814e-09            0.3637
------------------------------------------------------
 Iterations:      16
 Final Rel. Res.: 1.756814e-09
 Asymptotic Rate: 0.360917 (Geom. Mean, last 4 iters)
======================================================

======================================================
  Refinement Level: 3
======================================================
 Mesh width (h):  1.0825e-01
 Total DOFs:      241857
 Spectral Radii:  0.390377
 GMRES Avg Iters: 15.00
------------------------------------------------------
  MG RESIDUAL DECAY
------------------------------------------------------
 Iter    Rel. Residual           Reduction Factor
------------------------------------------------------
 0       6.665343e-02            -----
 1       9.670831e-03            0.1451
 2       2.354496e-03            0.2435
 3       6.694945e-04            0.2843
 4       2.018489e-04            0.3015
 5       6.318183e-05            0.3130
 6       2.029802e-05            0.3213
 7       6.650891e-06            0.3277
 8       2.213931e-06            0.3329
 9       7.467697e-07            0.3373
 10      2.547740e-07            0.3412
 11      8.779665e-08            0.3446
 12      3.052777e-08            0.3477
 13      1.070133e-08            0.3505
 14      3.779227e-09            0.3532
 15      1.343797e-09            0.3556
------------------------------------------------------
 Iterations:      16
 Final Rel. Res.: 1.343797e-09
 Asymptotic Rate: 0.353085 (Geom. Mean, last 4 iters)
======================================================

======================================================
  Refinement Level: 4
======================================================
 Mesh width (h):  5.4127e-02
 Total DOFs:      1884545
 Spectral Radii:  0.392483
 GMRES Avg Iters: 15.00
------------------------------------------------------
  MG RESIDUAL DECAY
------------------------------------------------------
 Iter    Rel. Residual           Reduction Factor
------------------------------------------------------
 0       6.705329e-02            -----
 1       9.440062e-03            0.1408
 2       2.264004e-03            0.2398
 3       6.342928e-04            0.2802
 4       1.883732e-04            0.2970
 5       5.813298e-05            0.3086
 6       1.843878e-05            0.3172
 7       5.972294e-06            0.3239
 8       1.966700e-06            0.3293
 9       6.564766e-07            0.3338
 10      2.216381e-07            0.3376
 11      7.556476e-08            0.3409
 12      2.598461e-08            0.3439
 13      9.003799e-09            0.3465
 14      3.141406e-09            0.3489
 15      1.102936e-09            0.3511
------------------------------------------------------
 Iterations:      16
 Final Rel. Res.: 1.102936e-09
 Asymptotic Rate: 0.348828 (Geom. Mean, last 4 iters)
======================================================

======================================================
  Refinement Level: 5
======================================================
 Mesh width (h):  2.7063e-02
 Total DOFs:      14877441
 Spectral Radii:  0.392275
 GMRES Avg Iters: 15.00
------------------------------------------------------
  MG RESIDUAL DECAY
------------------------------------------------------
 Iter    Rel. Residual           Reduction Factor
------------------------------------------------------
 0       6.779568e-02            -----
 1       9.342906e-03            0.1378
 2       2.213234e-03            0.2369
 3       6.127347e-04            0.2769
 4       1.799139e-04            0.2936
 5       5.491217e-05            0.3052
 6       1.723263e-05            0.3138
 7       5.525995e-06            0.3207
 8       1.803240e-06            0.3263
 9       5.971104e-07            0.3311
 10      2.002236e-07            0.3353
 11      6.788063e-08            0.3390
 12      2.323765e-08            0.3423
 13      8.024000e-09            0.3453
 14      2.792173e-09            0.3480
 15      9.783511e-10            0.3504
------------------------------------------------------
 Iterations:      16
 Final Rel. Res.: 9.783511e-10
 Asymptotic Rate: 0.347884 (Geom. Mean, last 4 iters)
======================================================

