Device configuration: omp,cpu
Memory configuration: host-std
Loaded config: /cluster/home/rdabetic/decmg/configs/mag_2d_reentrant_rowsum_v.json
=================================================
  Multigrid Convergence Test Configuration
=================================================
 Problem Type:    mag
 Mesh File:       meshes/2d/reentrant.msh
 Output File:     out/rowsum/v/mag/2d/reentrant.csv
 MG Cycle Type:   V-Cycle
 Mass Lumping:    rowsum
 B-Conditions:    essential
 Max Refinement:  6
 Eigenvalues:     1 (Tol: 0.01)
 GMRES Benchmark: 8 runs (Tol: 1e-06, K-Dim: 20)
=================================================


Gmsh reader: all element attributes were zero.
MFEM only supports positive element attributes.
Setting element attributes to 1.

======================================================
  Refinement Level: 1
======================================================
 Mesh width (h):  1.4951e-01
 Total DOFs:      297
 Spectral Radii:  0.180197
 GMRES Avg Iters: 8.25
------------------------------------------------------
  MG RESIDUAL DECAY
------------------------------------------------------
 Iter    Rel. Residual           Reduction Factor
------------------------------------------------------
 0       8.832154e-02            -----
 1       3.041045e-02            0.3443
 2       2.783194e-03            0.0915
 3       3.906354e-04            0.1404
 4       6.809794e-05            0.1743
 5       5.724549e-06            0.0841
 6       9.767520e-07            0.1706
 7       2.343054e-07            0.2399
 8       3.759010e-08            0.1604
 9       5.386545e-09            0.1433
 10      8.428982e-10            0.1565
 11      1.541366e-10            0.1829
 12      3.208221e-11            0.2081
 13      5.539706e-12            0.1727
 14      9.118473e-13            0.1646
 15      1.716923e-13            0.1883
------------------------------------------------------
 Iterations:      16
 Final Rel. Res.: 1.716923e-13
 Asymptotic Rate: 0.174916 (Geom. Mean, last 4 iters)
======================================================

======================================================
  Refinement Level: 2
======================================================
 Mesh width (h):  7.4754e-02
 Total DOFs:      1105
 Spectral Radii:  0.218887
 GMRES Avg Iters: 9.00
------------------------------------------------------
  MG RESIDUAL DECAY
------------------------------------------------------
 Iter    Rel. Residual           Reduction Factor
------------------------------------------------------
 0       8.358845e-02            -----
 1       1.532729e-02            0.1834
 2       3.130254e-03            0.2042
 3       5.092412e-04            0.1627
 4       7.808038e-05            0.1533
 5       1.249423e-05            0.1600
 6       2.668193e-06            0.2136
 7       4.701122e-07            0.1762
 8       7.974051e-08            0.1696
 9       1.369158e-08            0.1717
 10      2.356656e-09            0.1721
 11      4.746265e-10            0.2014
 12      1.026468e-10            0.2163
 13      2.288616e-11            0.2230
 14      5.181811e-12            0.2264
 15      1.163381e-12            0.2245
------------------------------------------------------
 Iterations:      16
 Final Rel. Res.: 1.163381e-12
 Asymptotic Rate: 0.224625 (Geom. Mean, last 4 iters)
======================================================

======================================================
  Refinement Level: 3
======================================================
 Mesh width (h):  3.7377e-02
 Total DOFs:      4257
 Spectral Radii:  0.27368
 GMRES Avg Iters: 9.12
------------------------------------------------------
  MG RESIDUAL DECAY
------------------------------------------------------
 Iter    Rel. Residual           Reduction Factor
------------------------------------------------------
 0       9.976588e-02            -----
 1       1.787856e-02            0.1792
 2       4.463781e-03            0.2497
 3       8.718820e-04            0.1953
 4       2.378991e-04            0.2729
 5       6.989451e-05            0.2938
 6       1.765645e-05            0.2526
 7       4.098370e-06            0.2321
 8       9.140685e-07            0.2230
 9       1.952791e-07            0.2136
 10      4.030022e-08            0.2064
 11      8.117589e-09            0.2014
 12      1.594092e-09            0.1964
 13      3.073647e-10            0.1928
 14      6.289484e-11            0.2046
 15      1.633468e-11            0.2597
------------------------------------------------------
 Iterations:      16
 Final Rel. Res.: 1.633468e-11
 Asymptotic Rate: 0.217203 (Geom. Mean, last 4 iters)
======================================================

======================================================
  Refinement Level: 4
======================================================
 Mesh width (h):  1.8689e-02
 Total DOFs:      16705
 Spectral Radii:  0.294236
 GMRES Avg Iters: 9.50
------------------------------------------------------
  MG RESIDUAL DECAY
------------------------------------------------------
 Iter    Rel. Residual           Reduction Factor
------------------------------------------------------
 0       9.646925e-02            -----
 1       1.395769e-02            0.1447
 2       4.744752e-03            0.3399
 3       1.473056e-03            0.3105
 4       4.225541e-04            0.2869
 5       1.195419e-04            0.2829
 6       2.913775e-05            0.2437
 7       6.070706e-06            0.2083
 8       1.040879e-06            0.1715
 9       1.295047e-07            0.1244
 10      3.606261e-08            0.2785
 11      2.060331e-08            0.5713
 12      8.786334e-09            0.4265
 13      3.241204e-09            0.3689
 14      1.104191e-09            0.3407
 15      3.574424e-10            0.3237
------------------------------------------------------
 Iterations:      16
 Final Rel. Res.: 3.574424e-10
 Asymptotic Rate: 0.343927 (Geom. Mean, last 4 iters)
======================================================

======================================================
  Refinement Level: 5
======================================================
 Mesh width (h):  9.3443e-03
 Total DOFs:      66177
 Spectral Radii:  0.307154
 GMRES Avg Iters: 10.00
------------------------------------------------------
  MG RESIDUAL DECAY
------------------------------------------------------
 Iter    Rel. Residual           Reduction Factor
------------------------------------------------------
 0       9.519526e-02            -----
 1       1.255238e-02            0.1319
 2       2.601891e-03            0.2073
 3       7.486735e-04            0.2877
 4       2.349724e-04            0.3139
 5       6.688404e-05            0.2846
 6       1.752887e-05            0.2621
 7       4.606145e-06            0.2628
 8       1.247243e-06            0.2708
 9       3.452389e-07            0.2768
 10      9.668805e-08            0.2801
 11      2.710282e-08            0.2803
 12      7.538690e-09            0.2782
 13      2.073141e-09            0.2750
 14      5.629139e-10            0.2715
 15      1.507069e-10            0.2677
------------------------------------------------------
 Iterations:      16
 Final Rel. Res.: 1.507069e-10
 Asymptotic Rate: 0.271402 (Geom. Mean, last 4 iters)
======================================================

======================================================
  Refinement Level: 6
======================================================
 Mesh width (h):  4.6722e-03
 Total DOFs:      263425
 Spectral Radii:  0.321688
 GMRES Avg Iters: 10.00
------------------------------------------------------
  MG RESIDUAL DECAY
------------------------------------------------------
 Iter    Rel. Residual           Reduction Factor
------------------------------------------------------
 0       9.630889e-02            -----
 1       1.277747e-02            0.1327
 2       2.162068e-03            0.1692
 3       5.514197e-04            0.2550
 4       2.612503e-04            0.4738
 5       1.020104e-04            0.3905
 6       3.372973e-05            0.3307
 7       1.010680e-05            0.2996
 8       2.891042e-06            0.2860
 9       8.059600e-07            0.2788
 10      2.181515e-07            0.2707
 11      5.644002e-08            0.2587
 12      1.360574e-08            0.2411
 13      2.913583e-09            0.2141
 14      4.934293e-10            0.1694
 15      7.027082e-11            0.1424
------------------------------------------------------
 Iterations:      16
 Final Rel. Res.: 7.027082e-11
 Asymptotic Rate: 0.172856 (Geom. Mean, last 4 iters)
======================================================

