Device configuration: omp,cpu
Memory configuration: host-std
Loaded config: /cluster/home/rdabetic/decmg/configs/mag_3d_ball_rowsum_v.json
=================================================
  Multigrid Convergence Test Configuration
=================================================
 Problem Type:    mag
 Mesh File:       meshes/3d/ball.msh
 Output File:     out/rowsum/v/mag/3d/ball.csv
 MG Cycle Type:   V-Cycle
 Mass Lumping:    rowsum
 B-Conditions:    essential
 Max Refinement:  5
 Eigenvalues:     1 (Tol: 0.01)
 GMRES Benchmark: 8 runs (Tol: 1e-06, K-Dim: 20)
=================================================

======================================================
  Refinement Level: 1
======================================================
 Mesh width (h):  3.0757e-01
 Total DOFs:      939
 Spectral Radii:  0.425684
 GMRES Avg Iters: 16.38
------------------------------------------------------
  MG RESIDUAL DECAY
------------------------------------------------------
 Iter    Rel. Residual           Reduction Factor
------------------------------------------------------
 0       7.331755e-02            -----
 1       1.309783e-02            0.1786
 2       3.709641e-03            0.2832
 3       1.394305e-03            0.3759
 4       4.905044e-04            0.3518
 5       1.885475e-04            0.3844
 6       6.851227e-05            0.3634
 7       2.650992e-05            0.3869
 8       9.754703e-06            0.3680
 9       3.779058e-06            0.3874
 10      1.407948e-06            0.3726
 11      5.447406e-07            0.3869
 12      2.055653e-07            0.3774
 13      7.944269e-08            0.3865
 14      3.035850e-08            0.3821
 15      1.173233e-08            0.3865
------------------------------------------------------
 Iterations:      16
 Final Rel. Res.: 1.173233e-08
 Asymptotic Rate: 0.385015 (Geom. Mean, last 4 iters)
======================================================

======================================================
  Refinement Level: 2
======================================================
 Mesh width (h):  1.5378e-01
 Total DOFs:      6341
 Spectral Radii:  0.497187
 GMRES Avg Iters: 19.62
------------------------------------------------------
  MG RESIDUAL DECAY
------------------------------------------------------
 Iter    Rel. Residual           Reduction Factor
------------------------------------------------------
 0       6.550695e-02            -----
 1       1.122253e-02            0.1713
 2       3.233617e-03            0.2881
 3       1.261370e-03            0.3901
 4       5.466312e-04            0.4334
 5       2.591231e-04            0.4740
 6       1.252440e-04            0.4833
 7       6.183356e-05            0.4937
 8       3.038531e-05            0.4914
 9       1.515555e-05            0.4988
 10      7.463046e-06            0.4924
 11      3.732891e-06            0.5002
 12      1.839382e-06            0.4928
 13      9.204911e-07            0.5004
 14      4.538829e-07            0.4931
 15      2.270778e-07            0.5003
------------------------------------------------------
 Iterations:      16
 Final Rel. Res.: 2.270778e-07
 Asymptotic Rate: 0.497929 (Geom. Mean, last 4 iters)
======================================================

======================================================
  Refinement Level: 3
======================================================
 Mesh width (h):  7.6892e-02
 Total DOFs:      46409
 Spectral Radii:  0.537591
 GMRES Avg Iters: 21.88
------------------------------------------------------
  MG RESIDUAL DECAY
------------------------------------------------------
 Iter    Rel. Residual           Reduction Factor
------------------------------------------------------
 0       6.389533e-02            -----
 1       9.421856e-03            0.1475
 2       2.439320e-03            0.2589
 3       7.174586e-04            0.2941
 4       2.427775e-04            0.3384
 5       8.637523e-05            0.3558
 6       3.636008e-05            0.4210
 7       1.684224e-05            0.4632
 8       8.039962e-06            0.4774
 9       4.347149e-06            0.5407
 10      2.119893e-06            0.4877
 11      1.203711e-06            0.5678
 12      5.877782e-07            0.4883
 13      3.380390e-07            0.5751
 14      1.655895e-07            0.4899
 15      9.537303e-08            0.5760
------------------------------------------------------
 Iterations:      16
 Final Rel. Res.: 9.537303e-08
 Asymptotic Rate: 0.545428 (Geom. Mean, last 4 iters)
======================================================

======================================================
  Refinement Level: 4
======================================================
 Mesh width (h):  3.8446e-02
 Total DOFs:      354705
 Spectral Radii:  0.550788
 GMRES Avg Iters: 23.00
------------------------------------------------------
  MG RESIDUAL DECAY
------------------------------------------------------
 Iter    Rel. Residual           Reduction Factor
------------------------------------------------------
 0       6.482301e-02            -----
 1       9.007695e-03            0.1390
 2       2.190839e-03            0.2432
 3       6.288240e-04            0.2870
 4       2.130103e-04            0.3387
 5       8.299350e-05            0.3896
 6       4.010184e-05            0.4832
 7       2.050679e-05            0.5114
 8       1.094609e-05            0.5338
 9       6.070637e-06            0.5546
 10      3.242940e-06            0.5342
 11      1.835060e-06            0.5659
 12      9.767387e-07            0.5323
 13      5.554470e-07            0.5687
 14      2.955184e-07            0.5320
 15      1.680930e-07            0.5688
------------------------------------------------------
 Iterations:      16
 Final Rel. Res.: 1.680930e-07
 Asymptotic Rate: 0.556233 (Geom. Mean, last 4 iters)
======================================================

======================================================
  Refinement Level: 5
======================================================
 Mesh width (h):  1.9223e-02
 Total DOFs:      2772769
 Spectral Radii:  0.555972
 GMRES Avg Iters: 23.00
------------------------------------------------------
  MG RESIDUAL DECAY
------------------------------------------------------
 Iter    Rel. Residual           Reduction Factor
------------------------------------------------------
 0       6.437711e-02            -----
 1       8.717647e-03            0.1354
 2       2.067939e-03            0.2372
 3       5.636846e-04            0.2726
 4       1.636851e-04            0.2904
 5       4.975183e-05            0.3039
 6       1.603315e-05            0.3223
 7       5.316134e-06            0.3316
 8       1.941739e-06            0.3653
 9       7.350290e-07            0.3785
 10      3.163179e-07            0.4303
 11      1.473465e-07            0.4658
 12      7.134803e-08            0.4842
 13      3.890986e-08            0.5454
 14      1.955992e-08            0.5027
 15      1.138954e-08            0.5823
------------------------------------------------------
 Iterations:      16
 Final Rel. Res.: 1.138954e-08
 Asymptotic Rate: 0.542469 (Geom. Mean, last 4 iters)
======================================================

