Device configuration: omp,cpu
Memory configuration: host-std
Loaded config: /cluster/home/rdabetic/decmg/configs/mag_3d_tetra_rowsum_v.json
=================================================
  Multigrid Convergence Test Configuration
=================================================
 Problem Type:    mag
 Mesh File:       meshes/3d/tetra.msh
 Output File:     out/rowsum/v/mag/3d/tetra.csv
 MG Cycle Type:   V-Cycle
 Mass Lumping:    rowsum
 B-Conditions:    essential
 Max Refinement:  5
 Eigenvalues:     1 (Tol: 0.01)
 GMRES Benchmark: 8 runs (Tol: 1e-06, K-Dim: 20)
=================================================

======================================================
  Refinement Level: 1
======================================================
 Mesh width (h):  3.5355e-01
 Total DOFs:      165
 Spectral Radii:  0.259832
 GMRES Avg Iters: 8.62
------------------------------------------------------
  MG RESIDUAL DECAY
------------------------------------------------------
 Iter    Rel. Residual           Reduction Factor
------------------------------------------------------
 0       6.302160e-02            -----
 1       1.423533e-02            0.2259
 2       3.259549e-03            0.2290
 3       8.212989e-04            0.2520
 4       2.042028e-04            0.2486
 5       5.078106e-05            0.2487
 6       1.258514e-05            0.2478
 7       3.120481e-06            0.2479
 8       7.737994e-07            0.2480
 9       1.920550e-07            0.2482
 10      4.772759e-08            0.2485
 11      1.188215e-08            0.2490
 12      2.964899e-09            0.2495
 13      7.418511e-10            0.2502
 14      1.862032e-10            0.2510
 15      4.689798e-11            0.2519
------------------------------------------------------
 Iterations:      16
 Final Rel. Res.: 4.689798e-11
 Asymptotic Rate: 0.251024 (Geom. Mean, last 4 iters)
======================================================

======================================================
  Refinement Level: 2
======================================================
 Mesh width (h):  1.7678e-01
 Total DOFs:      969
 Spectral Radii:  0.304578
 GMRES Avg Iters: 9.75
------------------------------------------------------
  MG RESIDUAL DECAY
------------------------------------------------------
 Iter    Rel. Residual           Reduction Factor
------------------------------------------------------
 0       5.566908e-02            -----
 1       9.596601e-03            0.1724
 2       2.550351e-03            0.2658
 3       6.819124e-04            0.2674
 4       1.876170e-04            0.2751
 5       5.251678e-05            0.2799
 6       1.484760e-05            0.2827
 7       4.220382e-06            0.2842
 8       1.203841e-06            0.2852
 9       3.446083e-07            0.2863
 10      9.905475e-08            0.2874
 11      2.860714e-08            0.2888
 12      8.304407e-09            0.2903
 13      2.423770e-09            0.2919
 14      7.113363e-10            0.2935
 15      2.099208e-10            0.2951
------------------------------------------------------
 Iterations:      16
 Final Rel. Res.: 2.099208e-10
 Asymptotic Rate: 0.293483 (Geom. Mean, last 4 iters)
======================================================

======================================================
  Refinement Level: 3
======================================================
 Mesh width (h):  8.8388e-02
 Total DOFs:      6545
 Spectral Radii:  0.316047
 GMRES Avg Iters: 10.00
------------------------------------------------------
  MG RESIDUAL DECAY
------------------------------------------------------
 Iter    Rel. Residual           Reduction Factor
------------------------------------------------------
 0       6.718283e-02            -----
 1       1.039048e-02            0.1547
 2       2.465284e-03            0.2373
 3       6.321489e-04            0.2564
 4       1.670668e-04            0.2643
 5       4.549574e-05            0.2723
 6       1.271118e-05            0.2794
 7       3.624858e-06            0.2852
 8       1.049447e-06            0.2895
 9       3.071883e-07            0.2927
 10      9.066218e-08            0.2951
 11      2.693631e-08            0.2971
 12      8.050152e-09            0.2989
 13      2.419291e-09            0.3005
 14      7.310366e-10            0.3022
 15      2.220821e-10            0.3038
------------------------------------------------------
 Iterations:      16
 Final Rel. Res.: 2.220821e-10
 Asymptotic Rate: 0.302160 (Geom. Mean, last 4 iters)
======================================================

======================================================
  Refinement Level: 4
======================================================
 Mesh width (h):  4.4194e-02
 Total DOFs:      47905
 Spectral Radii:  0.337408
 GMRES Avg Iters: 10.00
------------------------------------------------------
  MG RESIDUAL DECAY
------------------------------------------------------
 Iter    Rel. Residual           Reduction Factor
------------------------------------------------------
 0       6.886186e-02            -----
 1       9.942071e-03            0.1444
 2       2.315357e-03            0.2329
 3       6.012830e-04            0.2597
 4       1.622555e-04            0.2698
 5       4.499573e-05            0.2773
 6       1.272894e-05            0.2829
 7       3.653925e-06            0.2871
 8       1.060474e-06            0.2902
 9       3.104342e-07            0.2927
 10      9.152320e-08            0.2948
 11      2.715396e-08            0.2967
 12      8.104253e-09            0.2985
 13      2.432892e-09            0.3002
 14      7.346404e-10            0.3020
 15      2.231518e-10            0.3038
------------------------------------------------------
 Iterations:      16
 Final Rel. Res.: 2.231518e-10
 Asymptotic Rate: 0.301969 (Geom. Mean, last 4 iters)
======================================================

======================================================
  Refinement Level: 5
======================================================
 Mesh width (h):  2.2097e-02
 Total DOFs:      366145
 Spectral Radii:  0.363058
 GMRES Avg Iters: 10.00
------------------------------------------------------
  MG RESIDUAL DECAY
------------------------------------------------------
 Iter    Rel. Residual           Reduction Factor
------------------------------------------------------
 0       6.959225e-02            -----
 1       9.715026e-03            0.1396
 2       2.274031e-03            0.2341
 3       5.906142e-04            0.2597
 4       1.590637e-04            0.2693
 5       4.399494e-05            0.2766
 6       1.243442e-05            0.2826
 7       3.579606e-06            0.2879
 8       1.047410e-06            0.2926
 9       3.111535e-07            0.2971
 10      9.380916e-08            0.3015
 11      2.871001e-08            0.3060
 12      8.925465e-09            0.3109
 13      2.821050e-09            0.3161
 14      9.071798e-10            0.3216
 15      2.968992e-10            0.3273
------------------------------------------------------
 Iterations:      16
 Final Rel. Res.: 2.968992e-10
 Asymptotic Rate: 0.321607 (Geom. Mean, last 4 iters)
======================================================

