Device configuration: omp,cpu
Memory configuration: host-std
Loaded config: /cluster/home/rdabetic/decmg/configs/mag_3d_cube_barycentric_v.json
=================================================
  Multigrid Convergence Test Configuration
=================================================
 Problem Type:    mag
 Mesh File:       meshes/3d/cube.msh
 Output File:     out/barycentric/v/mag/3d/cube.csv
 MG Cycle Type:   V-Cycle
 Mass Lumping:    barycentric
 B-Conditions:    essential
 Max Refinement:  5
 Eigenvalues:     1 (Tol: 0.01)
 GMRES Benchmark: 8 runs (Tol: 1e-06, K-Dim: 20)
=================================================

======================================================
  Refinement Level: 1
======================================================
 Mesh width (h):  5.0000e-01
 Total DOFs:      365
 Spectral Radii:  0.446513
 GMRES Avg Iters: 10.00
------------------------------------------------------
  MG RESIDUAL DECAY
------------------------------------------------------
 Iter    Rel. Residual           Reduction Factor
------------------------------------------------------
 0       6.692314e-02            -----
 1       6.903592e-03            0.1032
 2       1.331044e-03            0.1928
 3       4.142232e-04            0.3112
 4       1.638970e-04            0.3957
 5       7.051754e-05            0.4303
 6       3.110278e-05            0.4411
 7       1.388377e-05            0.4464
 8       6.213791e-06            0.4476
 9       2.781360e-06            0.4476
 10      1.244185e-06            0.4473
 11      5.562256e-07            0.4471
 12      2.485545e-07            0.4469
 13      1.110356e-07            0.4467
 14      4.959302e-08            0.4466
 15      2.214769e-08            0.4466
------------------------------------------------------
 Iterations:      16
 Final Rel. Res.: 2.214769e-08
 Asymptotic Rate: 0.446652 (Geom. Mean, last 4 iters)
======================================================

======================================================
  Refinement Level: 2
======================================================
 Mesh width (h):  2.5000e-01
 Total DOFs:      2457
 Spectral Radii:  0.450643
 GMRES Avg Iters: 10.00
------------------------------------------------------
  MG RESIDUAL DECAY
------------------------------------------------------
 Iter    Rel. Residual           Reduction Factor
------------------------------------------------------
 0       6.810602e-02            -----
 1       1.103306e-02            0.1620
 2       2.718774e-03            0.2464
 3       7.940404e-04            0.2921
 4       2.661524e-04            0.3352
 5       9.816207e-05            0.3688
 6       3.818937e-05            0.3890
 7       1.529861e-05            0.4006
 8       6.238385e-06            0.4078
 9       2.574844e-06            0.4127
 10      1.072567e-06            0.4166
 11      4.501451e-07            0.4197
 12      1.901261e-07            0.4224
 13      8.074861e-08            0.4247
 14      3.446374e-08            0.4268
 15      1.477462e-08            0.4287
------------------------------------------------------
 Iterations:      16
 Final Rel. Res.: 1.477462e-08
 Asymptotic Rate: 0.426735 (Geom. Mean, last 4 iters)
======================================================

======================================================
  Refinement Level: 3
======================================================
 Mesh width (h):  1.2500e-01
 Total DOFs:      17969
 Spectral Radii:  0.454263
 GMRES Avg Iters: 11.00
------------------------------------------------------
  MG RESIDUAL DECAY
------------------------------------------------------
 Iter    Rel. Residual           Reduction Factor
------------------------------------------------------
 0       7.052673e-02            -----
 1       1.054934e-02            0.1496
 2       2.595721e-03            0.2461
 3       7.742388e-04            0.2983
 4       2.672023e-04            0.3451
 5       1.006634e-04            0.3767
 6       3.973883e-05            0.3948
 7       1.607938e-05            0.4046
 8       6.597956e-06            0.4103
 9       2.732526e-06            0.4141
 10      1.139752e-06            0.4171
 11      4.782845e-07            0.4196
 12      2.017944e-07            0.4219
 13      8.555919e-08            0.4240
 14      3.644069e-08            0.4259
 15      1.558567e-08            0.4277
------------------------------------------------------
 Iterations:      16
 Final Rel. Res.: 1.558567e-08
 Asymptotic Rate: 0.425865 (Geom. Mean, last 4 iters)
======================================================

======================================================
  Refinement Level: 4
======================================================
 Mesh width (h):  6.2500e-02
 Total DOFs:      137313
 Spectral Radii:  0.461248
 GMRES Avg Iters: 11.00
------------------------------------------------------
  MG RESIDUAL DECAY
------------------------------------------------------
 Iter    Rel. Residual           Reduction Factor
------------------------------------------------------
 0       7.049619e-02            -----
 1       1.040813e-02            0.1476
 2       2.652297e-03            0.2548
 3       8.190457e-04            0.3088
 4       2.852724e-04            0.3483
 5       1.074381e-04            0.3766
 6       4.234297e-05            0.3941
 7       1.712556e-05            0.4044
 8       7.037309e-06            0.4109
 9       2.923827e-06            0.4155
 10      1.225120e-06            0.4190
 11      5.169353e-07            0.4219
 12      2.194226e-07            0.4245
 13      9.362280e-08            0.4267
 14      4.013022e-08            0.4286
 15      1.727161e-08            0.4304
------------------------------------------------------
 Iterations:      16
 Final Rel. Res.: 1.727161e-08
 Asymptotic Rate: 0.428565 (Geom. Mean, last 4 iters)
======================================================

======================================================
  Refinement Level: 5
======================================================
 Mesh width (h):  3.1250e-02
 Total DOFs:      1073345
 Spectral Radii:  0.465884
 GMRES Avg Iters: 11.00
------------------------------------------------------
  MG RESIDUAL DECAY
------------------------------------------------------
 Iter    Rel. Residual           Reduction Factor
------------------------------------------------------
 0       7.097012e-02            -----
 1       1.048652e-02            0.1478
 2       2.680077e-03            0.2556
 3       8.311516e-04            0.3101
 4       2.904624e-04            0.3495
 5       1.094477e-04            0.3768
 6       4.305424e-05            0.3934
 7       1.735253e-05            0.4030
 8       7.098315e-06            0.4091
 9       2.933616e-06            0.4133
 10      1.221976e-06            0.4165
 11      5.122806e-07            0.4192
 12      2.159297e-07            0.4215
 13      9.144480e-08            0.4235
 14      3.888660e-08            0.4252
 15      1.659729e-08            0.4268
------------------------------------------------------
 Iterations:      16
 Final Rel. Res.: 1.659729e-08
 Asymptotic Rate: 0.425182 (Geom. Mean, last 4 iters)
======================================================

