Device configuration: omp,cpu
Memory configuration: host-std
Loaded config: /cluster/home/rdabetic/decmg/configs/mag_3d_corner_barycentric_w_k4.json
=================================================
  Multigrid Convergence Test Configuration
=================================================
 Problem Type:    mag
 Mesh File:       meshes/3d/corner.msh
 Output File:     out/barycentric/w/mag/3d/corner_k4.csv
 MG Cycle Type:   W-Cycle
 Mass Lumping:    barycentric
 B-Conditions:    essential
 Max Refinement:  5
 Eigenvalues:     1 (Tol: 0.01)
 GMRES Benchmark: 8 runs (Tol: 1e-06, K-Dim: 20)
=================================================

======================================================
  Refinement Level: 1
======================================================
 Mesh width (h):  5.0000e-01
 Total DOFs:      545
 Spectral Radii:  0.165379
 GMRES Avg Iters: 12.00
------------------------------------------------------
  MG RESIDUAL DECAY
------------------------------------------------------
 Iter    Rel. Residual           Reduction Factor
------------------------------------------------------
 0       1.867164e-02            -----
 1       1.970870e-03            0.1056
 2       2.783503e-04            0.1412
 3       4.488155e-05            0.1612
 4       7.323796e-06            0.1632
 5       1.177176e-06            0.1607
 6       1.847153e-07            0.1569
 7       2.846934e-08            0.1541
 8       4.386257e-09            0.1541
 9       6.953496e-10            0.1585
 10      1.164066e-10            0.1674
 11      2.057090e-11            0.1767
 12      3.738497e-12            0.1817
 13      6.791598e-13            0.1817
 14      1.211465e-13            0.1784
 15      2.106273e-14            0.1739
------------------------------------------------------
 Iterations:      16
 Final Rel. Res.: 2.106273e-14
 Asymptotic Rate: 0.177940 (Geom. Mean, last 4 iters)
======================================================

======================================================
  Refinement Level: 2
======================================================
 Mesh width (h):  2.5000e-01
 Total DOFs:      3681
 Spectral Radii:  0.278013
 GMRES Avg Iters: 13.62
------------------------------------------------------
  MG RESIDUAL DECAY
------------------------------------------------------
 Iter    Rel. Residual           Reduction Factor
------------------------------------------------------
 0       1.770747e-02            -----
 1       1.780531e-03            0.1006
 2       2.484005e-04            0.1395
 3       4.020829e-05            0.1619
 4       7.213204e-06            0.1794
 5       1.439022e-06            0.1995
 6       3.195352e-07            0.2221
 7       7.705092e-08            0.2411
 8       1.952907e-08            0.2535
 9       5.087627e-09            0.2605
 10      1.346883e-09            0.2647
 11      3.604422e-10            0.2676
 12      9.725118e-11            0.2698
 13      2.641265e-11            0.2716
 14      7.212060e-12            0.2731
 15      1.977840e-12            0.2742
------------------------------------------------------
 Iterations:      16
 Final Rel. Res.: 1.977840e-12
 Asymptotic Rate: 0.272960 (Geom. Mean, last 4 iters)
======================================================

======================================================
  Refinement Level: 3
======================================================
 Mesh width (h):  1.2500e-01
 Total DOFs:      26945
 Spectral Radii:  0.326918
 GMRES Avg Iters: 14.00
------------------------------------------------------
  MG RESIDUAL DECAY
------------------------------------------------------
 Iter    Rel. Residual           Reduction Factor
------------------------------------------------------
 0       1.686250e-02            -----
 1       1.668247e-03            0.0989
 2       2.601370e-04            0.1559
 3       5.199093e-05            0.1999
 4       1.207202e-05            0.2322
 5       3.074137e-06            0.2546
 6       8.285740e-07            0.2695
 7       2.314305e-07            0.2793
 8       6.616339e-08            0.2859
 9       1.922302e-08            0.2905
 10      5.652500e-09            0.2940
 11      1.678091e-09            0.2969
 12      5.022159e-10            0.2993
 13      1.513658e-10            0.3014
 14      4.590984e-11            0.3033
 15      1.400439e-11            0.3050
------------------------------------------------------
 Iterations:      16
 Final Rel. Res.: 1.400439e-11
 Asymptotic Rate: 0.303243 (Geom. Mean, last 4 iters)
======================================================

======================================================
  Refinement Level: 4
======================================================
 Mesh width (h):  6.2500e-02
 Total DOFs:      205953
 Spectral Radii:  0.343571
 GMRES Avg Iters: 14.00
------------------------------------------------------
  MG RESIDUAL DECAY
------------------------------------------------------
 Iter    Rel. Residual           Reduction Factor
------------------------------------------------------
 0       1.671508e-02            -----
 1       1.641549e-03            0.0982
 2       2.664331e-04            0.1623
 3       5.792210e-05            0.2174
 4       1.490677e-05            0.2574
 5       4.215065e-06            0.2828
 6       1.256782e-06            0.2982
 7       3.867670e-07            0.3077
 8       1.214490e-07            0.3140
 9       3.866010e-08            0.3183
 10      1.242664e-08            0.3214
 11      4.023405e-09            0.3238
 12      1.310028e-09            0.3256
 13      4.284836e-10            0.3271
 14      1.406735e-10            0.3283
 15      4.632971e-11            0.3293
------------------------------------------------------
 Iterations:      16
 Final Rel. Res.: 4.632971e-11
 Asymptotic Rate: 0.328241 (Geom. Mean, last 4 iters)
======================================================

======================================================
  Refinement Level: 5
======================================================
 Mesh width (h):  3.1250e-02
 Total DOFs:      1609985
 Spectral Radii:  0.351933
 GMRES Avg Iters: 14.00
------------------------------------------------------
  MG RESIDUAL DECAY
------------------------------------------------------
 Iter    Rel. Residual           Reduction Factor
------------------------------------------------------
 0       1.644113e-02            -----
 1       1.583919e-03            0.0963
 2       2.530602e-04            0.1598
 3       5.394878e-05            0.2132
 4       1.365856e-05            0.2532
 5       3.824464e-06            0.2800
 6       1.137378e-06            0.2974
 7       3.513374e-07            0.3089
 8       1.113068e-07            0.3168
 9       3.589216e-08            0.3225
 10      1.172396e-08            0.3266
 11      3.866920e-09            0.3298
 12      1.285056e-09            0.3323
 13      4.296053e-10            0.3343
 14      1.443163e-10            0.3359
 15      4.867356e-11            0.3373
------------------------------------------------------
 Iterations:      16
 Final Rel. Res.: 4.867356e-11
 Asymptotic Rate: 0.335833 (Geom. Mean, last 4 iters)
======================================================

