Device configuration: omp,cpu
Memory configuration: host-std
Loaded config: /cluster/home/rdabetic/decmg/configs/mag_3d_corner_rowsum_w_k4.json
=================================================
  Multigrid Convergence Test Configuration
=================================================
 Problem Type:    mag
 Mesh File:       meshes/3d/corner.msh
 Output File:     out/rowsum/w/mag/3d/corner_k4.csv
 MG Cycle Type:   W-Cycle
 Mass Lumping:    rowsum
 B-Conditions:    essential
 Max Refinement:  5
 Eigenvalues:     1 (Tol: 0.01)
 GMRES Benchmark: 8 runs (Tol: 1e-06, K-Dim: 20)
=================================================

======================================================
  Refinement Level: 1
======================================================
 Mesh width (h):  5.0000e-01
 Total DOFs:      545
 Spectral Radii:  0.182896
 GMRES Avg Iters: 12.88
------------------------------------------------------
  MG RESIDUAL DECAY
------------------------------------------------------
 Iter    Rel. Residual           Reduction Factor
------------------------------------------------------
 0       2.009345e-02            -----
 1       1.858728e-03            0.0925
 2       2.535242e-04            0.1364
 3       4.273806e-05            0.1686
 4       7.583088e-06            0.1774
 5       1.392579e-06            0.1836
 6       2.557126e-07            0.1836
 7       4.701079e-08            0.1838
 8       8.627029e-09            0.1835
 9       1.581698e-09            0.1833
 10      2.897395e-10            0.1832
 11      5.304749e-11            0.1831
 12      9.708751e-12            0.1830
 13      1.776481e-12            0.1830
 14      3.250310e-13            0.1830
 15      5.945364e-14            0.1829
------------------------------------------------------
 Iterations:      16
 Final Rel. Res.: 5.945364e-14
 Asymptotic Rate: 0.182953 (Geom. Mean, last 4 iters)
======================================================

======================================================
  Refinement Level: 2
======================================================
 Mesh width (h):  2.5000e-01
 Total DOFs:      3681
 Spectral Radii:  0.189867
 GMRES Avg Iters: 14.38
------------------------------------------------------
  MG RESIDUAL DECAY
------------------------------------------------------
 Iter    Rel. Residual           Reduction Factor
------------------------------------------------------
 0       1.573575e-02            -----
 1       1.402793e-03            0.0891
 2       1.676292e-04            0.1195
 3       2.303927e-05            0.1374
 4       3.493995e-06            0.1517
 5       5.700490e-07            0.1632
 6       9.836261e-08            0.1726
 7       1.764341e-08            0.1794
 8       3.243266e-09            0.1838
 9       6.049923e-10            0.1865
 10      1.138251e-10            0.1881
 11      2.152265e-11            0.1891
 12      4.081577e-12            0.1896
 13      7.753832e-13            0.1900
 14      1.474533e-13            0.1902
 15      2.805947e-14            0.1903
------------------------------------------------------
 Iterations:      16
 Final Rel. Res.: 2.805947e-14
 Asymptotic Rate: 0.190145 (Geom. Mean, last 4 iters)
======================================================

======================================================
  Refinement Level: 3
======================================================
 Mesh width (h):  1.2500e-01
 Total DOFs:      26945
 Spectral Radii:  0.189099
 GMRES Avg Iters: 15.00
------------------------------------------------------
  MG RESIDUAL DECAY
------------------------------------------------------
 Iter    Rel. Residual           Reduction Factor
------------------------------------------------------
 0       1.484163e-02            -----
 1       1.262082e-03            0.0850
 2       1.477543e-04            0.1171
 3       1.983524e-05            0.1342
 4       2.884210e-06            0.1454
 5       4.420277e-07            0.1533
 6       7.045999e-08            0.1594
 7       1.158960e-08            0.1645
 8       1.955728e-09            0.1687
 9       3.369967e-10            0.1723
 10      5.906252e-11            0.1753
 11      1.049355e-11            0.1777
 12      1.884726e-12            0.1796
 13      3.414279e-13            0.1812
 14      6.226895e-14            0.1824
 15      1.142022e-14            0.1834
------------------------------------------------------
 Iterations:      16
 Final Rel. Res.: 1.142022e-14
 Asymptotic Rate: 0.182309 (Geom. Mean, last 4 iters)
======================================================

======================================================
  Refinement Level: 4
======================================================
 Mesh width (h):  6.2500e-02
 Total DOFs:      205953
 Spectral Radii:  0.189998
 GMRES Avg Iters: 15.00
------------------------------------------------------
  MG RESIDUAL DECAY
------------------------------------------------------
 Iter    Rel. Residual           Reduction Factor
------------------------------------------------------
 0       1.449800e-02            -----
 1       1.158776e-03            0.0799
 2       1.250368e-04            0.1079
 3       1.553789e-05            0.1243
 4       2.127494e-06            0.1369
 5       3.120275e-07            0.1467
 6       4.817081e-08            0.1544
 7       7.725328e-09            0.1604
 8       1.275501e-09            0.1651
 9       2.153884e-10            0.1689
 10      3.701955e-11            0.1719
 11      6.451799e-12            0.1743
 12      1.136826e-12            0.1762
 13      2.020497e-13            0.1777
 14      3.615557e-14            0.1789
 15      6.506706e-15            0.1800
------------------------------------------------------
 Iterations:      16
 Final Rel. Res.: 6.506706e-15
 Asymptotic Rate: 0.178878 (Geom. Mean, last 4 iters)
======================================================

======================================================
  Refinement Level: 5
======================================================
 Mesh width (h):  3.1250e-02
 Total DOFs:      1609985
 Spectral Radii:  0.190006
 GMRES Avg Iters: 15.00
------------------------------------------------------
  MG RESIDUAL DECAY
------------------------------------------------------
 Iter    Rel. Residual           Reduction Factor
------------------------------------------------------
 0       1.421353e-02            -----
 1       1.116574e-03            0.0786
 2       1.168188e-04            0.1046
 3       1.395547e-05            0.1195
 4       1.836940e-06            0.1316
 5       2.611696e-07            0.1422
 6       3.939752e-08            0.1509
 7       6.207856e-09            0.1576
 8       1.009448e-09            0.1626
 9       1.679281e-10            0.1664
 10      2.841063e-11            0.1692
 11      4.868762e-12            0.1714
 12      8.428643e-13            0.1731
 13      1.471218e-13            0.1745
 14      2.585845e-14            0.1758
 15      4.574403e-15            0.1769
------------------------------------------------------
 Iterations:      16
 Final Rel. Res.: 4.574403e-15
 Asymptotic Rate: 0.175735 (Geom. Mean, last 4 iters)
======================================================

