Device configuration: omp,cpu
Memory configuration: host-std
Loaded config: /cluster/home/rdabetic/decmg/configs/mag_2d_circle_barycentric_v.json
=================================================
  Multigrid Convergence Test Configuration
=================================================
 Problem Type:    mag
 Mesh File:       meshes/2d/circle.msh
 Output File:     out/barycentric/v/mag/2d/circle.csv
 MG Cycle Type:   V-Cycle
 Mass Lumping:    barycentric
 B-Conditions:    essential
 Max Refinement:  6
 Eigenvalues:     1 (Tol: 0.01)
 GMRES Benchmark: 8 runs (Tol: 1e-06, K-Dim: 20)
=================================================


Gmsh reader: all element attributes were zero.
MFEM only supports positive element attributes.
Setting element attributes to 1.

======================================================
  Refinement Level: 1
======================================================
 Mesh width (h):  1.8955e-01
 Total DOFs:      807
 Spectral Radii:  0.271721
 GMRES Avg Iters: 9.00
------------------------------------------------------
  MG RESIDUAL DECAY
------------------------------------------------------
 Iter    Rel. Residual           Reduction Factor
------------------------------------------------------
 0       9.204603e-02            -----
 1       1.208719e-02            0.1313
 2       2.069029e-03            0.1712
 3       4.936425e-04            0.2386
 4       1.299581e-04            0.2633
 5       3.409446e-05            0.2623
 6       8.848123e-06            0.2595
 7       2.280389e-06            0.2577
 8       5.912319e-07            0.2593
 9       1.552993e-07            0.2627
 10      4.098310e-08            0.2639
 11      1.074083e-08            0.2621
 12      2.781145e-09            0.2589
 13      7.115148e-10            0.2558
 14      1.804737e-10            0.2536
 15      4.582134e-11            0.2539
------------------------------------------------------
 Iterations:      16
 Final Rel. Res.: 4.582134e-11
 Asymptotic Rate: 0.254457 (Geom. Mean, last 4 iters)
======================================================

======================================================
  Refinement Level: 2
======================================================
 Mesh width (h):  9.4776e-02
 Total DOFs:      3133
 Spectral Radii:  0.351413
 GMRES Avg Iters: 9.88
------------------------------------------------------
  MG RESIDUAL DECAY
------------------------------------------------------
 Iter    Rel. Residual           Reduction Factor
------------------------------------------------------
 0       1.050376e-01            -----
 1       1.450676e-02            0.1381
 2       2.763773e-03            0.1905
 3       6.818813e-04            0.2467
 4       1.832979e-04            0.2688
 5       5.219132e-05            0.2847
 6       1.542335e-05            0.2955
 7       4.642463e-06            0.3010
 8       1.419625e-06            0.3058
 9       4.397919e-07            0.3098
 10      1.378765e-07            0.3135
 11      4.365285e-08            0.3166
 12      1.392731e-08            0.3190
 13      4.471611e-09            0.3211
 14      1.443319e-09            0.3228
 15      4.679964e-10            0.3243
------------------------------------------------------
 Iterations:      16
 Final Rel. Res.: 4.679964e-10
 Asymptotic Rate: 0.322695 (Geom. Mean, last 4 iters)
======================================================

======================================================
  Refinement Level: 3
======================================================
 Mesh width (h):  4.7388e-02
 Total DOFs:      12345
 Spectral Radii:  0.38403
 GMRES Avg Iters: 10.00
------------------------------------------------------
  MG RESIDUAL DECAY
------------------------------------------------------
 Iter    Rel. Residual           Reduction Factor
------------------------------------------------------
 0       1.089169e-01            -----
 1       1.597056e-02            0.1466
 2       3.141088e-03            0.1967
 3       7.552255e-04            0.2404
 4       2.080910e-04            0.2755
 5       6.189134e-05            0.2974
 6       1.927490e-05            0.3114
 7       6.175240e-06            0.3204
 8       2.017654e-06            0.3267
 9       6.697834e-07            0.3320
 10      2.251264e-07            0.3361
 11      7.639558e-08            0.3393
 12      2.612828e-08            0.3420
 13      8.998058e-09            0.3444
 14      3.118395e-09            0.3466
 15      1.087162e-09            0.3486
------------------------------------------------------
 Iterations:      16
 Final Rel. Res.: 1.087162e-09
 Asymptotic Rate: 0.346520 (Geom. Mean, last 4 iters)
======================================================

======================================================
  Refinement Level: 4
======================================================
 Mesh width (h):  2.3694e-02
 Total DOFs:      49009
 Spectral Radii:  0.40896
 GMRES Avg Iters: 10.00
------------------------------------------------------
  MG RESIDUAL DECAY
------------------------------------------------------
 Iter    Rel. Residual           Reduction Factor
------------------------------------------------------
 0       1.098223e-01            -----
 1       1.589024e-02            0.1447
 2       3.068544e-03            0.1931
 3       7.510755e-04            0.2448
 4       2.174642e-04            0.2895
 5       6.869914e-05            0.3159
 6       2.282956e-05            0.3323
 7       7.871012e-06            0.3448
 8       2.793609e-06            0.3549
 9       1.013586e-06            0.3628
 10      3.738492e-07            0.3688
 11      1.396452e-07            0.3735
 12      5.269725e-08            0.3774
 13      2.005712e-08            0.3806
 14      7.690507e-09            0.3834
 15      2.967982e-09            0.3859
------------------------------------------------------
 Iterations:      16
 Final Rel. Res.: 2.967982e-09
 Asymptotic Rate: 0.383317 (Geom. Mean, last 4 iters)
======================================================

======================================================
  Refinement Level: 5
======================================================
 Mesh width (h):  1.1847e-02
 Total DOFs:      195297
 Spectral Radii:  0.433001
 GMRES Avg Iters: 10.00
------------------------------------------------------
  MG RESIDUAL DECAY
------------------------------------------------------
 Iter    Rel. Residual           Reduction Factor
------------------------------------------------------
 0       1.108764e-01            -----
 1       1.608447e-02            0.1451
 2       3.123058e-03            0.1942
 3       7.787275e-04            0.2493
 4       2.268367e-04            0.2913
 5       7.155749e-05            0.3155
 6       2.372244e-05            0.3315
 7       8.157795e-06            0.3439
 8       2.881845e-06            0.3533
 9       1.039461e-06            0.3607
 10      3.812364e-07            0.3668
 11      1.417748e-07            0.3719
 12      5.335238e-08            0.3763
 13      2.028714e-08            0.3802
 14      7.786083e-09            0.3838
 15      3.013521e-09            0.3870
------------------------------------------------------
 Iterations:      16
 Final Rel. Res.: 3.013521e-09
 Asymptotic Rate: 0.383684 (Geom. Mean, last 4 iters)
======================================================

======================================================
  Refinement Level: 6
======================================================
 Mesh width (h):  5.9235e-03
 Total DOFs:      779713
 Spectral Radii:  0.444888
 GMRES Avg Iters: 10.00
------------------------------------------------------
  MG RESIDUAL DECAY
------------------------------------------------------
 Iter    Rel. Residual           Reduction Factor
------------------------------------------------------
 0       1.105267e-01            -----
 1       1.620425e-02            0.1466
 2       3.151538e-03            0.1945
 3       7.897523e-04            0.2506
 4       2.316139e-04            0.2933
 5       7.337349e-05            0.3168
 6       2.439904e-05            0.3325
 7       8.418642e-06            0.3450
 8       2.987690e-06            0.3549
 9       1.084144e-06            0.3629
 10      4.005822e-07            0.3695
 11      1.502805e-07            0.3752
 12      5.712395e-08            0.3801
 13      2.196707e-08            0.3846
 14      8.536239e-09            0.3886
 15      3.349034e-09            0.3923
------------------------------------------------------
 Iterations:      16
 Final Rel. Res.: 3.349034e-09
 Asymptotic Rate: 0.388479 (Geom. Mean, last 4 iters)
======================================================

