Device configuration: omp,cpu
Memory configuration: host-std
Loaded config: /cluster/home/rdabetic/decmg/configs/mag_2d_two_holes_scaledid_w.json
=================================================
  Multigrid Convergence Test Configuration
=================================================
 Problem Type:    mag
 Mesh File:       meshes/2d/two_holes.msh
 Output File:     out/scaledid/w/mag/2d/two_holes.csv
 MG Cycle Type:   W-Cycle
 Mass Lumping:    scaledid
 B-Conditions:    essential
 Max Refinement:  6
 Eigenvalues:     3 (Tol: 0.01)
 GMRES Benchmark: 8 runs (Tol: 1e-06, K-Dim: 20)
=================================================


Gmsh reader: all element attributes were zero.
MFEM only supports positive element attributes.
Setting element attributes to 1.

======================================================
  Refinement Level: 1
======================================================
 Mesh width (h):  9.9615e-02
 Total DOFs:      2403
 Spectral Radii:  1 1 0.159514
 GMRES Avg Iters: 12.00
------------------------------------------------------
  MG RESIDUAL DECAY
------------------------------------------------------
 Iter    Rel. Residual           Reduction Factor
------------------------------------------------------
 0       8.837847e-02            -----
 1       1.560802e-02            0.1766
 2       1.460578e-03            0.0936
 3       2.249660e-04            0.1540
 4       3.368291e-05            0.1497
 5       4.773782e-06            0.1417
 6       7.808423e-07            0.1636
 7       1.215091e-07            0.1556
 8       1.451512e-08            0.1195
 9       1.551889e-09            0.1069
 10      2.244248e-10            0.1446
 11      3.916492e-11            0.1745
 12      5.567559e-12            0.1422
 13      7.622747e-13            0.1369
 14      1.477533e-13            0.1938
 15      2.769871e-14            0.1875
------------------------------------------------------
 Iterations:      16
 Final Rel. Res.: 2.769871e-14
 Asymptotic Rate: 0.170712 (Geom. Mean, last 4 iters)
======================================================

======================================================
  Refinement Level: 2
======================================================
 Mesh width (h):  4.9808e-02
 Total DOFs:      9383
 Spectral Radii:  1 1 0.164483
 GMRES Avg Iters: 13.00
------------------------------------------------------
  MG RESIDUAL DECAY
------------------------------------------------------
 Iter    Rel. Residual           Reduction Factor
------------------------------------------------------
 0       9.806420e-02            -----
 1       1.185926e-02            0.1209
 2       1.741688e-03            0.1469
 3       2.817573e-04            0.1618
 4       3.650239e-05            0.1296
 5       4.974185e-06            0.1363
 6       8.098071e-07            0.1628
 7       1.090816e-07            0.1347
 8       1.514786e-08            0.1389
 9       2.205212e-09            0.1456
 10      3.295568e-10            0.1494
 11      4.867719e-11            0.1477
 12      8.291399e-12            0.1703
 13      1.521831e-12            0.1835
 14      2.474919e-13            0.1626
 15      3.570206e-14            0.1443
------------------------------------------------------
 Iterations:      16
 Final Rel. Res.: 3.570206e-14
 Asymptotic Rate: 0.162688 (Geom. Mean, last 4 iters)
======================================================

======================================================
  Refinement Level: 3
======================================================
 Mesh width (h):  2.4904e-02
 Total DOFs:      37071
 Spectral Radii:  1 1 0.169933
 GMRES Avg Iters: 13.00
------------------------------------------------------
  MG RESIDUAL DECAY
------------------------------------------------------
 Iter    Rel. Residual           Reduction Factor
------------------------------------------------------
 0       9.926488e-02            -----
 1       1.190618e-02            0.1199
 2       1.519238e-03            0.1276
 3       2.175215e-04            0.1432
 4       3.187255e-05            0.1465
 5       4.750060e-06            0.1490
 6       7.378403e-07            0.1553
 7       1.180154e-07            0.1599
 8       1.887696e-08            0.1600
 9       2.810191e-09            0.1489
 10      4.373565e-10            0.1556
 11      6.988009e-11            0.1598
 12      1.136586e-11            0.1626
 13      1.856412e-12            0.1633
 14      3.082742e-13            0.1661
 15      5.211412e-14            0.1691
------------------------------------------------------
 Iterations:      16
 Final Rel. Res.: 5.211412e-14
 Asymptotic Rate: 0.166131 (Geom. Mean, last 4 iters)
======================================================

======================================================
  Refinement Level: 4
======================================================
 Mesh width (h):  1.2452e-02
 Total DOFs:      147359
 Spectral Radii:  1 1 0.175947
 GMRES Avg Iters: 14.00
------------------------------------------------------
  MG RESIDUAL DECAY
------------------------------------------------------
 Iter    Rel. Residual           Reduction Factor
------------------------------------------------------
 0       9.817761e-02            -----
 1       1.165184e-02            0.1187
 2       1.582926e-03            0.1359
 3       2.193644e-04            0.1386
 4       3.012675e-05            0.1373
 5       4.630158e-06            0.1537
 6       6.926395e-07            0.1496
 7       1.086492e-07            0.1569
 8       1.770013e-08            0.1629
 9       2.847122e-09            0.1609
 10      4.575922e-10            0.1607
 11      7.618138e-11            0.1665
 12      1.294759e-11            0.1700
 13      2.188307e-12            0.1690
 14      3.701439e-13            0.1691
 15      6.301515e-14            0.1702
------------------------------------------------------
 Iterations:      16
 Final Rel. Res.: 6.301515e-14
 Asymptotic Rate: 0.169467 (Geom. Mean, last 4 iters)
======================================================

======================================================
  Refinement Level: 5
======================================================
 Mesh width (h):  6.2260e-03
 Total DOFs:      587583
 Spectral Radii:  1 1 0.177504
 GMRES Avg Iters: 14.00
------------------------------------------------------
  MG RESIDUAL DECAY
------------------------------------------------------
 Iter    Rel. Residual           Reduction Factor
------------------------------------------------------
 0       9.834263e-02            -----
 1       1.163193e-02            0.1183
 2       1.508277e-03            0.1297
 3       2.000817e-04            0.1327
 4       2.964614e-05            0.1482
 5       4.431619e-06            0.1495
 6       6.689263e-07            0.1509
 7       1.018564e-07            0.1523
 8       1.629302e-08            0.1600
 9       2.692619e-09            0.1653
 10      4.508755e-10            0.1674
 11      7.597555e-11            0.1685
 12      1.270452e-11            0.1672
 13      2.116614e-12            0.1666
 14      3.512080e-13            0.1659
 15      5.895582e-14            0.1679
------------------------------------------------------
 Iterations:      16
 Final Rel. Res.: 5.895582e-14
 Asymptotic Rate: 0.166797 (Geom. Mean, last 4 iters)
======================================================

======================================================
  Refinement Level: 6
======================================================
 Mesh width (h):  3.1130e-03
 Total DOFs:      2346623
 Spectral Radii:  1 1 0.177633
 GMRES Avg Iters: 14.00
------------------------------------------------------
  MG RESIDUAL DECAY
------------------------------------------------------
 Iter    Rel. Residual           Reduction Factor
------------------------------------------------------
 0       9.845114e-02            -----
 1       1.158222e-02            0.1176
 2       1.521552e-03            0.1314
 3       1.996983e-04            0.1312
 4       2.861530e-05            0.1433
 5       4.215689e-06            0.1473
 6       6.281841e-07            0.1490
 7       9.696814e-08            0.1544
 8       1.521628e-08            0.1569
 9       2.458257e-09            0.1616
 10      4.087402e-10            0.1663
 11      6.755883e-11            0.1653
 12      1.090052e-11            0.1613
 13      1.767876e-12            0.1622
 14      2.947894e-13            0.1667
 15      5.014438e-14            0.1701
------------------------------------------------------
 Iterations:      16
 Final Rel. Res.: 5.014438e-14
 Asymptotic Rate: 0.166313 (Geom. Mean, last 4 iters)
======================================================

