Device configuration: omp,cpu
Memory configuration: host-std
Loaded config: /cluster/home/rdabetic/decmg/configs/mag_2d_square_hole_barycentric_w.json
=================================================
  Multigrid Convergence Test Configuration
=================================================
 Problem Type:    mag
 Mesh File:       meshes/2d/square_hole.msh
 Output File:     out/barycentric/w/mag/2d/square_hole.csv
 MG Cycle Type:   W-Cycle
 Mass Lumping:    barycentric
 B-Conditions:    essential
 Max Refinement:  6
 Eigenvalues:     2 (Tol: 0.01)
 GMRES Benchmark: 8 runs (Tol: 1e-06, K-Dim: 20)
=================================================


Gmsh reader: all element attributes were zero.
MFEM only supports positive element attributes.
Setting element attributes to 1.

======================================================
  Refinement Level: 1
======================================================
 Mesh width (h):  8.8388e-02
 Total DOFs:      720
 Spectral Radii:  1 0.26251
 GMRES Avg Iters: 9.00
------------------------------------------------------
  MG RESIDUAL DECAY
------------------------------------------------------
 Iter    Rel. Residual           Reduction Factor
------------------------------------------------------
 0       9.483159e-02            -----
 1       1.313891e-02            0.1385
 2       2.838025e-03            0.2160
 3       6.249454e-04            0.2202
 4       1.421797e-04            0.2275
 5       3.475666e-05            0.2445
 6       9.130031e-06            0.2627
 7       2.469556e-06            0.2705
 8       6.544260e-07            0.2650
 9       1.681563e-07            0.2570
 10      4.249148e-08            0.2527
 11      1.070396e-08            0.2519
 12      2.710751e-09            0.2532
 13      6.923466e-10            0.2554
 14      1.779588e-10            0.2570
 15      4.582044e-11            0.2575
------------------------------------------------------
 Iterations:      16
 Final Rel. Res.: 4.582044e-11
 Asymptotic Rate: 0.256639 (Geom. Mean, last 4 iters)
======================================================

======================================================
  Refinement Level: 2
======================================================
 Mesh width (h):  4.4194e-02
 Total DOFs:      2720
 Spectral Radii:  1 0.332701
 GMRES Avg Iters: 9.00
------------------------------------------------------
  MG RESIDUAL DECAY
------------------------------------------------------
 Iter    Rel. Residual           Reduction Factor
------------------------------------------------------
 0       1.066574e-01            -----
 1       1.533481e-02            0.1438
 2       2.873542e-03            0.1874
 3       6.601390e-04            0.2297
 4       1.710589e-04            0.2591
 5       4.684811e-05            0.2739
 6       1.306260e-05            0.2788
 7       3.714084e-06            0.2843
 8       1.085667e-06            0.2923
 9       3.251146e-07            0.2995
 10      9.947445e-08            0.3060
 11      3.096725e-08            0.3113
 12      9.761297e-09            0.3152
 13      3.106244e-09            0.3182
 14      9.955909e-10            0.3205
 15      3.207716e-10            0.3222
------------------------------------------------------
 Iterations:      16
 Final Rel. Res.: 3.207716e-10
 Asymptotic Rate: 0.320304 (Geom. Mean, last 4 iters)
======================================================

======================================================
  Refinement Level: 3
======================================================
 Mesh width (h):  2.2097e-02
 Total DOFs:      10560
 Spectral Radii:  1 0.368848
 GMRES Avg Iters: 9.00
------------------------------------------------------
  MG RESIDUAL DECAY
------------------------------------------------------
 Iter    Rel. Residual           Reduction Factor
------------------------------------------------------
 0       1.055412e-01            -----
 1       1.544494e-02            0.1463
 2       2.784694e-03            0.1803
 3       6.246959e-04            0.2243
 4       1.572590e-04            0.2517
 5       4.307213e-05            0.2739
 6       1.264114e-05            0.2935
 7       3.867245e-06            0.3059
 8       1.230680e-06            0.3182
 9       4.037582e-07            0.3281
 10      1.354982e-07            0.3356
 11      4.626877e-08            0.3415
 12      1.602344e-08            0.3463
 13      5.613746e-09            0.3503
 14      1.985102e-09            0.3536
 15      7.071238e-10            0.3562
------------------------------------------------------
 Iterations:      16
 Final Rel. Res.: 7.071238e-10
 Asymptotic Rate: 0.353384 (Geom. Mean, last 4 iters)
======================================================

======================================================
  Refinement Level: 4
======================================================
 Mesh width (h):  1.1049e-02
 Total DOFs:      41600
 Spectral Radii:  1 0.385707
 GMRES Avg Iters: 9.12
------------------------------------------------------
  MG RESIDUAL DECAY
------------------------------------------------------
 Iter    Rel. Residual           Reduction Factor
------------------------------------------------------
 0       1.084444e-01            -----
 1       1.546821e-02            0.1426
 2       2.779279e-03            0.1797
 3       6.302028e-04            0.2268
 4       1.640120e-04            0.2603
 5       4.584665e-05            0.2795
 6       1.359974e-05            0.2966
 7       4.277260e-06            0.3145
 8       1.402775e-06            0.3280
 9       4.737696e-07            0.3377
 10      1.635504e-07            0.3452
 11      5.742357e-08            0.3511
 12      2.044548e-08            0.3560
 13      7.363522e-09            0.3602
 14      2.676727e-09            0.3635
 15      9.803338e-10            0.3662
------------------------------------------------------
 Iterations:      16
 Final Rel. Res.: 9.803338e-10
 Asymptotic Rate: 0.363295 (Geom. Mean, last 4 iters)
======================================================

======================================================
  Refinement Level: 5
======================================================
 Mesh width (h):  5.5243e-03
 Total DOFs:      165120
 Spectral Radii:  1 0.391809
 GMRES Avg Iters: 10.00
------------------------------------------------------
  MG RESIDUAL DECAY
------------------------------------------------------
 Iter    Rel. Residual           Reduction Factor
------------------------------------------------------
 0       1.102199e-01            -----
 1       1.588653e-02            0.1441
 2       2.909131e-03            0.1831
 3       6.690497e-04            0.2300
 4       1.771626e-04            0.2648
 5       5.038238e-05            0.2844
 6       1.532663e-05            0.3042
 7       4.932380e-06            0.3218
 8       1.656516e-06            0.3358
 9       5.753234e-07            0.3473
 10      2.047409e-07            0.3559
 11      7.412660e-08            0.3621
 12      2.717673e-08            0.3666
 13      1.005868e-08            0.3701
 14      3.750310e-09            0.3728
 15      1.406325e-09            0.3750
------------------------------------------------------
 Iterations:      16
 Final Rel. Res.: 1.406325e-09
 Asymptotic Rate: 0.372646 (Geom. Mean, last 4 iters)
======================================================

======================================================
  Refinement Level: 6
======================================================
 Mesh width (h):  2.7621e-03
 Total DOFs:      657920
 Spectral Radii:  1 0.393698
 GMRES Avg Iters: 10.00
------------------------------------------------------
  MG RESIDUAL DECAY
------------------------------------------------------
 Iter    Rel. Residual           Reduction Factor
------------------------------------------------------
 0       1.101529e-01            -----
 1       1.573167e-02            0.1428
 2       2.876065e-03            0.1828
 3       6.549932e-04            0.2277
 4       1.725838e-04            0.2635
 5       4.949730e-05            0.2868
 6       1.518835e-05            0.3069
 7       4.945548e-06            0.3256
 8       1.681383e-06            0.3400
 9       5.892844e-07            0.3505
 10      2.110610e-07            0.3582
 11      7.677355e-08            0.3638
 12      2.824504e-08            0.3679
 13      1.048107e-08            0.3711
 14      3.915287e-09            0.3736
 15      1.470283e-09            0.3755
------------------------------------------------------
 Iterations:      16
 Final Rel. Res.: 1.470283e-09
 Asymptotic Rate: 0.373382 (Geom. Mean, last 4 iters)
======================================================

