Device configuration: omp,cpu
Memory configuration: host-std
Loaded config: /cluster/home/rdabetic/decmg/configs/mag_3d_corner_rowsum_w.json
=================================================
  Multigrid Convergence Test Configuration
=================================================
 Problem Type:    mag
 Mesh File:       meshes/3d/corner.msh
 Output File:     out/rowsum/w/mag/3d/corner.csv
 MG Cycle Type:   W-Cycle
 Mass Lumping:    rowsum
 B-Conditions:    essential
 Max Refinement:  5
 Eigenvalues:     1 (Tol: 0.01)
 GMRES Benchmark: 8 runs (Tol: 1e-06, K-Dim: 20)
=================================================

======================================================
  Refinement Level: 1
======================================================
 Mesh width (h):  5.0000e-01
 Total DOFs:      545
 Spectral Radii:  0.368254
 GMRES Avg Iters: 13.25
------------------------------------------------------
  MG RESIDUAL DECAY
------------------------------------------------------
 Iter    Rel. Residual           Reduction Factor
------------------------------------------------------
 0       6.410021e-02            -----
 1       9.923025e-03            0.1548
 2       2.499371e-03            0.2519
 3       8.122480e-04            0.3250
 4       2.774837e-04            0.3416
 5       9.824156e-05            0.3540
 6       3.539343e-05            0.3603
 7       1.287391e-05            0.3637
 8       4.703552e-06            0.3654
 9       1.721880e-06            0.3661
 10      6.307884e-07            0.3663
 11      2.311145e-07            0.3664
 12      8.467166e-08            0.3664
 13      3.101653e-08            0.3663
 14      1.136052e-08            0.3663
 15      4.160722e-09            0.3662
------------------------------------------------------
 Iterations:      16
 Final Rel. Res.: 4.160722e-09
 Asymptotic Rate: 0.366277 (Geom. Mean, last 4 iters)
======================================================

======================================================
  Refinement Level: 2
======================================================
 Mesh width (h):  2.5000e-01
 Total DOFs:      3681
 Spectral Radii:  0.387957
 GMRES Avg Iters: 15.75
------------------------------------------------------
  MG RESIDUAL DECAY
------------------------------------------------------
 Iter    Rel. Residual           Reduction Factor
------------------------------------------------------
 0       6.448966e-02            -----
 1       9.987013e-03            0.1549
 2       2.644180e-03            0.2648
 3       7.977743e-04            0.3017
 4       2.569057e-04            0.3220
 5       8.560556e-05            0.3332
 6       2.921426e-05            0.3413
 7       1.013766e-05            0.3470
 8       3.562833e-06            0.3514
 9       1.264749e-06            0.3550
 10      4.526995e-07            0.3579
 11      1.631892e-07            0.3605
 12      5.919411e-08            0.3627
 13      2.159220e-08            0.3648
 14      7.916524e-09            0.3666
 15      2.916216e-09            0.3684
------------------------------------------------------
 Iterations:      16
 Final Rel. Res.: 2.916216e-09
 Asymptotic Rate: 0.366590 (Geom. Mean, last 4 iters)
======================================================

======================================================
  Refinement Level: 3
======================================================
 Mesh width (h):  1.2500e-01
 Total DOFs:      26945
 Spectral Radii:  0.387598
 GMRES Avg Iters: 16.88
------------------------------------------------------
  MG RESIDUAL DECAY
------------------------------------------------------
 Iter    Rel. Residual           Reduction Factor
------------------------------------------------------
 0       6.542669e-02            -----
 1       9.655734e-03            0.1476
 2       2.459029e-03            0.2547
 3       7.193307e-04            0.2925
 4       2.222476e-04            0.3090
 5       7.123365e-05            0.3205
 6       2.345358e-05            0.3292
 7       7.874788e-06            0.3358
 8       2.683897e-06            0.3408
 9       9.257640e-07            0.3449
 10      3.225661e-07            0.3484
 11      1.133879e-07            0.3515
 12      4.017460e-08            0.3543
 13      1.433762e-08            0.3569
 14      5.151132e-09            0.3593
 15      1.862180e-09            0.3615
------------------------------------------------------
 Iterations:      16
 Final Rel. Res.: 1.862180e-09
 Asymptotic Rate: 0.359217 (Geom. Mean, last 4 iters)
======================================================

======================================================
  Refinement Level: 4
======================================================
 Mesh width (h):  6.2500e-02
 Total DOFs:      205953
 Spectral Radii:  0.387659
 GMRES Avg Iters: 17.00
------------------------------------------------------
  MG RESIDUAL DECAY
------------------------------------------------------
 Iter    Rel. Residual           Reduction Factor
------------------------------------------------------
 0       6.708202e-02            -----
 1       9.543227e-03            0.1423
 2       2.294723e-03            0.2405
 3       6.356883e-04            0.2770
 4       1.870538e-04            0.2943
 5       5.748093e-05            0.3073
 6       1.825569e-05            0.3176
 7       5.951350e-06            0.3260
 8       1.981327e-06            0.3329
 9       6.710824e-07            0.3387
 10      2.305723e-07            0.3436
 11      8.017873e-08            0.3477
 12      2.816708e-08            0.3513
 13      9.981935e-09            0.3544
 14      3.564105e-09            0.3571
 15      1.280884e-09            0.3594
------------------------------------------------------
 Iterations:      16
 Final Rel. Res.: 1.280884e-09
 Asymptotic Rate: 0.356935 (Geom. Mean, last 4 iters)
======================================================

======================================================
  Refinement Level: 5
======================================================
 Mesh width (h):  3.1250e-02
 Total DOFs:      1609985
 Spectral Radii:  0.389231
 GMRES Avg Iters: 17.00
------------------------------------------------------
  MG RESIDUAL DECAY
------------------------------------------------------
 Iter    Rel. Residual           Reduction Factor
------------------------------------------------------
 0       6.765594e-02            -----
 1       9.403137e-03            0.1390
 2       2.226602e-03            0.2368
 3       6.077447e-04            0.2729
 4       1.757233e-04            0.2891
 5       5.296820e-05            0.3014
 6       1.648883e-05            0.3113
 7       5.270077e-06            0.3196
 8       1.722501e-06            0.3268
 9       5.740544e-07            0.3333
 10      1.946228e-07            0.3390
 11      6.699309e-08            0.3442
 12      2.337270e-08            0.3489
 13      8.251816e-09            0.3531
 14      2.943984e-09            0.3568
 15      1.060014e-09            0.3601
------------------------------------------------------
 Iterations:      16
 Final Rel. Res.: 1.060014e-09
 Asymptotic Rate: 0.356616 (Geom. Mean, last 4 iters)
======================================================

