Device configuration: omp,cpu
Memory configuration: host-std
Loaded config: /cluster/home/rdabetic/decmg/configs/mag_3d_corner_scaledid_w_k1.json
=================================================
  Multigrid Convergence Test Configuration
=================================================
 Problem Type:    mag
 Mesh File:       meshes/3d/corner.msh
 Output File:     out/scaledid/w/mag/3d/corner_k1.csv
 MG Cycle Type:   W-Cycle
 Mass Lumping:    scaledid
 B-Conditions:    essential
 Max Refinement:  5
 Eigenvalues:     1 (Tol: 0.01)
 GMRES Benchmark: 8 runs (Tol: 1e-06, K-Dim: 20)
=================================================

======================================================
  Refinement Level: 1
======================================================
 Mesh width (h):  5.0000e-01
 Total DOFs:      545
 Spectral Radii:  0.577005
 GMRES Avg Iters: 26.12
------------------------------------------------------
  MG RESIDUAL DECAY
------------------------------------------------------
 Iter    Rel. Residual           Reduction Factor
------------------------------------------------------
 0       2.268588e-01            -----
 1       5.919480e-02            0.2609
 2       1.920379e-02            0.3244
 3       7.850628e-03            0.4088
 4       3.530434e-03            0.4497
 5       1.716890e-03            0.4863
 6       8.595771e-04            0.5007
 7       4.353036e-04            0.5064
 8       2.228526e-04            0.5119
 9       1.152835e-04            0.5173
 10      6.023539e-05            0.5225
 11      3.178368e-05            0.5277
 12      1.693588e-05            0.5328
 13      9.111960e-06            0.5380
 14      4.948615e-06            0.5431
 15      2.711444e-06            0.5479
------------------------------------------------------
 Iterations:      16
 Final Rel. Res.: 2.711444e-06
 Asymptotic Rate: 0.542997 (Geom. Mean, last 4 iters)
======================================================

======================================================
  Refinement Level: 2
======================================================
 Mesh width (h):  2.5000e-01
 Total DOFs:      3681
 Spectral Radii:  0.562215
 GMRES Avg Iters: 32.00
------------------------------------------------------
  MG RESIDUAL DECAY
------------------------------------------------------
 Iter    Rel. Residual           Reduction Factor
------------------------------------------------------
 0       2.238987e-01            -----
 1       5.828863e-02            0.2603
 2       1.976234e-02            0.3390
 3       8.061157e-03            0.4079
 4       3.743477e-03            0.4644
 5       1.817253e-03            0.4854
 6       9.038827e-04            0.4974
 7       4.574947e-04            0.5061
 8       2.345953e-04            0.5128
 9       1.215016e-04            0.5179
 10      6.342239e-05            0.5220
 11      3.331861e-05            0.5253
 12      1.759835e-05            0.5282
 13      9.337493e-06            0.5306
 14      4.973248e-06            0.5326
 15      2.657205e-06            0.5343
------------------------------------------------------
 Iterations:      16
 Final Rel. Res.: 2.657205e-06
 Asymptotic Rate: 0.532498 (Geom. Mean, last 4 iters)
======================================================

======================================================
  Refinement Level: 3
======================================================
 Mesh width (h):  1.2500e-01
 Total DOFs:      26945
 Spectral Radii:  0.56965
 GMRES Avg Iters: 37.50
------------------------------------------------------
  MG RESIDUAL DECAY
------------------------------------------------------
 Iter    Rel. Residual           Reduction Factor
------------------------------------------------------
 0       2.241535e-01            -----
 1       5.981951e-02            0.2669
 2       1.883561e-02            0.3149
 3       7.437865e-03            0.3949
 4       3.360751e-03            0.4518
 5       1.608464e-03            0.4786
 6       7.920265e-04            0.4924
 7       3.970195e-04            0.5013
 8       2.015537e-04            0.5077
 9       1.033141e-04            0.5126
 10      5.336086e-05            0.5165
 11      2.773117e-05            0.5197
 12      1.448716e-05            0.5224
 13      7.602821e-06            0.5248
 14      4.006134e-06            0.5269
 15      2.118687e-06            0.5289
------------------------------------------------------
 Iterations:      16
 Final Rel. Res.: 2.118687e-06
 Asymptotic Rate: 0.526859 (Geom. Mean, last 4 iters)
======================================================

======================================================
  Refinement Level: 4
======================================================
 Mesh width (h):  6.2500e-02
 Total DOFs:      205953
 Spectral Radii:  0.571463
 GMRES Avg Iters: 39.62
------------------------------------------------------
  MG RESIDUAL DECAY
------------------------------------------------------
 Iter    Rel. Residual           Reduction Factor
------------------------------------------------------
 0       2.245530e-01            -----
 1       5.954752e-02            0.2652
 2       1.829954e-02            0.3073
 3       7.030072e-03            0.3842
 4       3.118469e-03            0.4436
 5       1.466677e-03            0.4703
 6       7.097836e-04            0.4839
 7       3.499508e-04            0.4930
 8       1.749710e-04            0.5000
 9       8.846248e-05            0.5056
 10      4.513319e-05            0.5102
 11      2.320205e-05            0.5141
 12      1.200520e-05            0.5174
 13      6.246800e-06            0.5203
 14      3.266649e-06            0.5229
 15      1.715837e-06            0.5253
------------------------------------------------------
 Iterations:      16
 Final Rel. Res.: 1.715837e-06
 Asymptotic Rate: 0.522840 (Geom. Mean, last 4 iters)
======================================================

======================================================
  Refinement Level: 5
======================================================
 Mesh width (h):  3.1250e-02
 Total DOFs:      1609985
 Spectral Radii:  0.57208
 GMRES Avg Iters: 40.00
------------------------------------------------------
  MG RESIDUAL DECAY
------------------------------------------------------
 Iter    Rel. Residual           Reduction Factor
------------------------------------------------------
 0       2.246367e-01            -----
 1       5.956525e-02            0.2652
 2       1.819842e-02            0.3055
 3       6.899097e-03            0.3791
 4       3.024066e-03            0.4383
 5       1.411941e-03            0.4669
 6       6.799124e-04            0.4815
 7       3.337718e-04            0.4909
 8       1.661817e-04            0.4979
 9       8.366260e-05            0.5034
 10      4.250206e-05            0.5080
 11      2.175638e-05            0.5119
 12      1.120975e-05            0.5152
 13      5.808753e-06            0.5182
 14      3.025297e-06            0.5208
 15      1.582798e-06            0.5232
------------------------------------------------------
 Iterations:      16
 Final Rel. Res.: 1.582798e-06
 Asymptotic Rate: 0.520727 (Geom. Mean, last 4 iters)
======================================================

