Device configuration: omp,cpu
Memory configuration: host-std
Loaded config: /cluster/home/rdabetic/decmg/configs/mag_2d_reentrant_rowsum_w.json
=================================================
  Multigrid Convergence Test Configuration
=================================================
 Problem Type:    mag
 Mesh File:       meshes/2d/reentrant.msh
 Output File:     out/rowsum/w/mag/2d/reentrant.csv
 MG Cycle Type:   W-Cycle
 Mass Lumping:    rowsum
 B-Conditions:    essential
 Max Refinement:  6
 Eigenvalues:     1 (Tol: 0.01)
 GMRES Benchmark: 8 runs (Tol: 1e-06, K-Dim: 20)
=================================================


Gmsh reader: all element attributes were zero.
MFEM only supports positive element attributes.
Setting element attributes to 1.

======================================================
  Refinement Level: 1
======================================================
 Mesh width (h):  1.4951e-01
 Total DOFs:      297
 Spectral Radii:  0.180197
 GMRES Avg Iters: 8.25
------------------------------------------------------
  MG RESIDUAL DECAY
------------------------------------------------------
 Iter    Rel. Residual           Reduction Factor
------------------------------------------------------
 0       8.832154e-02            -----
 1       3.041045e-02            0.3443
 2       2.783194e-03            0.0915
 3       3.906354e-04            0.1404
 4       6.809794e-05            0.1743
 5       5.724549e-06            0.0841
 6       9.767520e-07            0.1706
 7       2.343054e-07            0.2399
 8       3.759010e-08            0.1604
 9       5.386545e-09            0.1433
 10      8.428982e-10            0.1565
 11      1.541366e-10            0.1829
 12      3.208221e-11            0.2081
 13      5.539706e-12            0.1727
 14      9.118473e-13            0.1646
 15      1.716923e-13            0.1883
------------------------------------------------------
 Iterations:      16
 Final Rel. Res.: 1.716923e-13
 Asymptotic Rate: 0.174916 (Geom. Mean, last 4 iters)
======================================================

======================================================
  Refinement Level: 2
======================================================
 Mesh width (h):  7.4754e-02
 Total DOFs:      1105
 Spectral Radii:  0.196976
 GMRES Avg Iters: 9.00
------------------------------------------------------
  MG RESIDUAL DECAY
------------------------------------------------------
 Iter    Rel. Residual           Reduction Factor
------------------------------------------------------
 0       8.313132e-02            -----
 1       1.432825e-02            0.1724
 2       1.846377e-03            0.1289
 3       2.592492e-04            0.1404
 4       3.904430e-05            0.1506
 5       6.323585e-06            0.1620
 6       1.270578e-06            0.2009
 7       2.625094e-07            0.2066
 8       4.925023e-08            0.1876
 9       1.004642e-08            0.2040
 10      2.030723e-09            0.2021
 11      3.504834e-10            0.1726
 12      5.775546e-11            0.1648
 13      1.034903e-11            0.1792
 14      2.096573e-12            0.2026
 15      4.647534e-13            0.2217
------------------------------------------------------
 Iterations:      16
 Final Rel. Res.: 4.647534e-13
 Asymptotic Rate: 0.200390 (Geom. Mean, last 4 iters)
======================================================

======================================================
  Refinement Level: 3
======================================================
 Mesh width (h):  3.7377e-02
 Total DOFs:      4257
 Spectral Radii:  0.223776
 GMRES Avg Iters: 9.00
------------------------------------------------------
  MG RESIDUAL DECAY
------------------------------------------------------
 Iter    Rel. Residual           Reduction Factor
------------------------------------------------------
 0       9.879931e-02            -----
 1       1.865318e-02            0.1888
 2       2.260354e-03            0.1212
 3       3.243943e-04            0.1435
 4       6.066887e-05            0.1870
 5       1.221570e-05            0.2014
 6       2.456317e-06            0.2011
 7       5.146513e-07            0.2095
 8       1.087925e-07            0.2114
 9       2.326148e-08            0.2138
 10      5.039094e-09            0.2166
 11      1.100156e-09            0.2183
 12      2.409592e-10            0.2190
 13      5.263033e-11            0.2184
 14      1.137587e-11            0.2161
 15      2.421727e-12            0.2129
------------------------------------------------------
 Iterations:      16
 Final Rel. Res.: 2.421727e-12
 Asymptotic Rate: 0.215805 (Geom. Mean, last 4 iters)
======================================================

======================================================
  Refinement Level: 4
======================================================
 Mesh width (h):  1.8689e-02
 Total DOFs:      16705
 Spectral Radii:  0.243947
 GMRES Avg Iters: 9.00
------------------------------------------------------
  MG RESIDUAL DECAY
------------------------------------------------------
 Iter    Rel. Residual           Reduction Factor
------------------------------------------------------
 0       9.562665e-02            -----
 1       1.439754e-02            0.1506
 2       2.625709e-03            0.1824
 3       3.171991e-04            0.1208
 4       5.636747e-05            0.1777
 5       1.129061e-05            0.2003
 6       2.299810e-06            0.2037
 7       4.874895e-07            0.2120
 8       1.044602e-07            0.2143
 9       2.267877e-08            0.2171
 10      5.001934e-09            0.2206
 11      1.127200e-09            0.2254
 12      2.591646e-10            0.2299
 13      6.036640e-11            0.2329
 14      1.417815e-11            0.2349
 15      3.348271e-12            0.2362
------------------------------------------------------
 Iterations:      16
 Final Rel. Res.: 3.348271e-12
 Asymptotic Rate: 0.234647 (Geom. Mean, last 4 iters)
======================================================

======================================================
  Refinement Level: 5
======================================================
 Mesh width (h):  9.3443e-03
 Total DOFs:      66177
 Spectral Radii:  0.252946
 GMRES Avg Iters: 9.00
------------------------------------------------------
  MG RESIDUAL DECAY
------------------------------------------------------
 Iter    Rel. Residual           Reduction Factor
------------------------------------------------------
 0       9.467761e-02            -----
 1       1.269290e-02            0.1341
 2       1.944035e-03            0.1532
 3       3.182149e-04            0.1637
 4       5.963209e-05            0.1874
 5       1.195757e-05            0.2005
 6       2.399124e-06            0.2006
 7       5.233348e-07            0.2181
 8       1.187750e-07            0.2270
 9       2.681638e-08            0.2258
 10      6.105733e-09            0.2277
 11      1.409278e-09            0.2308
 12      3.282096e-10            0.2329
 13      7.723045e-11            0.2353
 14      1.837763e-11            0.2380
 15      4.418051e-12            0.2404
------------------------------------------------------
 Iterations:      16
 Final Rel. Res.: 4.418051e-12
 Asymptotic Rate: 0.237881 (Geom. Mean, last 4 iters)
======================================================

======================================================
  Refinement Level: 6
======================================================
 Mesh width (h):  4.6722e-03
 Total DOFs:      263425
 Spectral Radii:  0.255129
 GMRES Avg Iters: 9.00
------------------------------------------------------
  MG RESIDUAL DECAY
------------------------------------------------------
 Iter    Rel. Residual           Reduction Factor
------------------------------------------------------
 0       9.582000e-02            -----
 1       1.317643e-02            0.1375
 2       2.097053e-03            0.1592
 3       3.184713e-04            0.1519
 4       5.654618e-05            0.1776
 5       1.166179e-05            0.2062
 6       2.416473e-06            0.2072
 7       5.307931e-07            0.2197
 8       1.194182e-07            0.2250
 9       2.724904e-08            0.2282
 10      6.282424e-09            0.2306
 11      1.461567e-09            0.2326
 12      3.429961e-10            0.2347
 13      8.117517e-11            0.2367
 14      1.936213e-11            0.2385
 15      4.649298e-12            0.2401
------------------------------------------------------
 Iterations:      16
 Final Rel. Res.: 4.649298e-12
 Asymptotic Rate: 0.238433 (Geom. Mean, last 4 iters)
======================================================

