Device configuration: omp,cpu
Memory configuration: host-std
Loaded config: /cluster/home/rdabetic/decmg/configs/mag_2d_circle_rowsum_v.json
=================================================
  Multigrid Convergence Test Configuration
=================================================
 Problem Type:    mag
 Mesh File:       meshes/2d/circle.msh
 Output File:     out/rowsum/v/mag/2d/circle.csv
 MG Cycle Type:   V-Cycle
 Mass Lumping:    rowsum
 B-Conditions:    essential
 Max Refinement:  6
 Eigenvalues:     1 (Tol: 0.01)
 GMRES Benchmark: 8 runs (Tol: 1e-06, K-Dim: 20)
=================================================


Gmsh reader: all element attributes were zero.
MFEM only supports positive element attributes.
Setting element attributes to 1.

======================================================
  Refinement Level: 1
======================================================
 Mesh width (h):  1.8955e-01
 Total DOFs:      807
 Spectral Radii:  0.183073
 GMRES Avg Iters: 8.12
------------------------------------------------------
  MG RESIDUAL DECAY
------------------------------------------------------
 Iter    Rel. Residual           Reduction Factor
------------------------------------------------------
 0       8.015595e-02            -----
 1       9.514760e-03            0.1187
 2       1.250228e-03            0.1314
 3       1.808337e-04            0.1446
 4       2.935805e-05            0.1623
 5       5.133435e-06            0.1749
 6       9.375389e-07            0.1826
 7       1.586042e-07            0.1692
 8       2.385876e-08            0.1504
 9       3.695729e-09            0.1549
 10      6.787757e-10            0.1837
 11      1.243258e-10            0.1832
 12      2.040417e-11            0.1641
 13      3.190470e-12            0.1564
 14      5.381789e-13            0.1687
 15      9.908568e-14            0.1841
------------------------------------------------------
 Iterations:      16
 Final Rel. Res.: 9.908568e-14
 Asymptotic Rate: 0.169342 (Geom. Mean, last 4 iters)
======================================================

======================================================
  Refinement Level: 2
======================================================
 Mesh width (h):  9.4776e-02
 Total DOFs:      3133
 Spectral Radii:  0.228013
 GMRES Avg Iters: 9.00
------------------------------------------------------
  MG RESIDUAL DECAY
------------------------------------------------------
 Iter    Rel. Residual           Reduction Factor
------------------------------------------------------
 0       9.362528e-02            -----
 1       1.142993e-02            0.1221
 2       1.691446e-03            0.1480
 3       2.849655e-04            0.1685
 4       5.106003e-05            0.1792
 5       1.009337e-05            0.1977
 6       2.050839e-06            0.2032
 7       4.277686e-07            0.2086
 8       9.055040e-08            0.2117
 9       1.911759e-08            0.2111
 10      4.035574e-09            0.2111
 11      8.565720e-10            0.2123
 12      1.833707e-10            0.2141
 13      3.963396e-11            0.2161
 14      8.649062e-12            0.2182
 15      1.902373e-12            0.2200
------------------------------------------------------
 Iterations:      16
 Final Rel. Res.: 1.902373e-12
 Asymptotic Rate: 0.218100 (Geom. Mean, last 4 iters)
======================================================

======================================================
  Refinement Level: 3
======================================================
 Mesh width (h):  4.7388e-02
 Total DOFs:      12345
 Spectral Radii:  0.275476
 GMRES Avg Iters: 9.00
------------------------------------------------------
  MG RESIDUAL DECAY
------------------------------------------------------
 Iter    Rel. Residual           Reduction Factor
------------------------------------------------------
 0       9.619405e-02            -----
 1       1.241041e-02            0.1290
 2       1.899247e-03            0.1530
 3       3.222079e-04            0.1697
 4       6.381468e-05            0.1981
 5       1.381762e-05            0.2165
 6       3.139875e-06            0.2272
 7       7.333483e-07            0.2336
 8       1.742396e-07            0.2376
 9       4.188395e-08            0.2404
 10      1.014670e-08            0.2423
 11      2.473067e-09            0.2437
 12      6.058275e-10            0.2450
 13      1.490158e-10            0.2460
 14      3.677468e-11            0.2468
 15      9.101971e-12            0.2475
------------------------------------------------------
 Iterations:      16
 Final Rel. Res.: 9.101971e-12
 Asymptotic Rate: 0.246753 (Geom. Mean, last 4 iters)
======================================================

======================================================
  Refinement Level: 4
======================================================
 Mesh width (h):  2.3694e-02
 Total DOFs:      49009
 Spectral Radii:  0.298226
 GMRES Avg Iters: 9.00
------------------------------------------------------
  MG RESIDUAL DECAY
------------------------------------------------------
 Iter    Rel. Residual           Reduction Factor
------------------------------------------------------
 0       9.717356e-02            -----
 1       1.240228e-02            0.1276
 2       1.925995e-03            0.1553
 3       3.374402e-04            0.1752
 4       6.952235e-05            0.2060
 5       1.577351e-05            0.2269
 6       3.793715e-06            0.2405
 7       9.489180e-07            0.2501
 8       2.440385e-07            0.2572
 9       6.399883e-08            0.2622
 10      1.704348e-08            0.2663
 11      4.593318e-09            0.2695
 12      1.249884e-09            0.2721
 13      3.429293e-10            0.2744
 14      9.478174e-11            0.2764
 15      2.637118e-11            0.2782
------------------------------------------------------
 Iterations:      16
 Final Rel. Res.: 2.637118e-11
 Asymptotic Rate: 0.276325 (Geom. Mean, last 4 iters)
======================================================

======================================================
  Refinement Level: 5
======================================================
 Mesh width (h):  1.1847e-02
 Total DOFs:      195297
 Spectral Radii:  0.314474
 GMRES Avg Iters: 9.00
------------------------------------------------------
  MG RESIDUAL DECAY
------------------------------------------------------
 Iter    Rel. Residual           Reduction Factor
------------------------------------------------------
 0       9.795758e-02            -----
 1       1.249342e-02            0.1275
 2       1.922053e-03            0.1538
 3       3.436448e-04            0.1788
 4       7.129155e-05            0.2075
 5       1.613935e-05            0.2264
 6       3.861314e-06            0.2392
 7       9.582644e-07            0.2482
 8       2.440635e-07            0.2547
 9       6.336201e-08            0.2596
 10      1.669525e-08            0.2635
 11      4.454480e-09            0.2668
 12      1.201780e-09            0.2698
 13      3.275827e-10            0.2726
 14      9.017043e-11            0.2753
 15      2.505330e-11            0.2778
------------------------------------------------------
 Iterations:      16
 Final Rel. Res.: 2.505330e-11
 Asymptotic Rate: 0.275220 (Geom. Mean, last 4 iters)
======================================================

======================================================
  Refinement Level: 6
======================================================
 Mesh width (h):  5.9235e-03
 Total DOFs:      779713
 Spectral Radii:  0.326404
 GMRES Avg Iters: 9.00
------------------------------------------------------
  MG RESIDUAL DECAY
------------------------------------------------------
 Iter    Rel. Residual           Reduction Factor
------------------------------------------------------
 0       9.754794e-02            -----
 1       1.252864e-02            0.1284
 2       1.928399e-03            0.1539
 3       3.448633e-04            0.1788
 4       7.163775e-05            0.2077
 5       1.625091e-05            0.2268
 6       3.904987e-06            0.2403
 7       9.764725e-07            0.2501
 8       2.515946e-07            0.2577
 9       6.641279e-08            0.2640
 10      1.789906e-08            0.2695
 11      4.915619e-09            0.2746
 12      1.373401e-09            0.2794
 13      3.898414e-10            0.2839
 14      1.122802e-10            0.2880
 15      3.277357e-11            0.2919
------------------------------------------------------
 Iterations:      16
 Final Rel. Res.: 3.277357e-11
 Asymptotic Rate: 0.287900 (Geom. Mean, last 4 iters)
======================================================

