Device configuration: omp,cpu
Memory configuration: host-std
Loaded config: /cluster/home/rdabetic/decmg/configs/mag_2d_square_centered_rowsum_w.json
=================================================
  Multigrid Convergence Test Configuration
=================================================
 Problem Type:    mag
 Mesh File:       meshes/2d/square_centered.msh
 Output File:     out/rowsum/w/mag/2d/square_centered.csv
 MG Cycle Type:   W-Cycle
 Mass Lumping:    rowsum
 B-Conditions:    essential
 Max Refinement:  6
 Eigenvalues:     1 (Tol: 0.01)
 GMRES Benchmark: 8 runs (Tol: 1e-06, K-Dim: 20)
=================================================


Gmsh reader: all element attributes were zero.
MFEM only supports positive element attributes.
Setting element attributes to 1.

======================================================
  Refinement Level: 1
======================================================
 Mesh width (h):  1.9875e-01
 Total DOFs:      249
 Spectral Radii:  0.161029
 GMRES Avg Iters: 8.00
------------------------------------------------------
  MG RESIDUAL DECAY
------------------------------------------------------
 Iter    Rel. Residual           Reduction Factor
------------------------------------------------------
 0       7.477879e-02            -----
 1       9.500030e-03            0.1270
 2       1.146772e-03            0.1207
 3       1.578435e-04            0.1376
 4       2.496987e-05            0.1582
 5       3.573987e-06            0.1431
 6       4.662168e-07            0.1304
 7       6.711918e-08            0.1440
 8       9.985468e-09            0.1488
 9       1.471458e-09            0.1474
 10      2.352346e-10            0.1599
 11      3.911164e-11            0.1663
 12      6.287173e-12            0.1607
 13      1.023883e-12            0.1629
 14      1.750922e-13            0.1710
 15      2.912965e-14            0.1664
------------------------------------------------------
 Iterations:      16
 Final Rel. Res.: 2.912965e-14
 Asymptotic Rate: 0.166709 (Geom. Mean, last 4 iters)
======================================================

======================================================
  Refinement Level: 2
======================================================
 Mesh width (h):  9.9376e-02
 Total DOFs:      945
 Spectral Radii:  0.194971
 GMRES Avg Iters: 8.75
------------------------------------------------------
  MG RESIDUAL DECAY
------------------------------------------------------
 Iter    Rel. Residual           Reduction Factor
------------------------------------------------------
 0       9.021304e-02            -----
 1       1.042411e-02            0.1155
 2       1.368941e-03            0.1313
 3       2.011708e-04            0.1470
 4       3.409152e-05            0.1695
 5       5.873835e-06            0.1723
 6       1.020059e-06            0.1737
 7       1.889386e-07            0.1852
 8       3.649151e-08            0.1931
 9       7.041041e-09            0.1930
 10      1.331774e-09            0.1891
 11      2.489310e-10            0.1869
 12      4.658420e-11            0.1871
 13      8.832046e-12            0.1896
 14      1.711217e-12            0.1938
 15      3.374729e-13            0.1972
------------------------------------------------------
 Iterations:      16
 Final Rel. Res.: 3.374729e-13
 Asymptotic Rate: 0.193494 (Geom. Mean, last 4 iters)
======================================================

======================================================
  Refinement Level: 3
======================================================
 Mesh width (h):  4.9688e-02
 Total DOFs:      3681
 Spectral Radii:  0.213628
 GMRES Avg Iters: 9.00
------------------------------------------------------
  MG RESIDUAL DECAY
------------------------------------------------------
 Iter    Rel. Residual           Reduction Factor
------------------------------------------------------
 0       9.437336e-02            -----
 1       1.232972e-02            0.1306
 2       1.847431e-03            0.1498
 3       3.312620e-04            0.1793
 4       6.620040e-05            0.1998
 5       1.342056e-05            0.2027
 6       2.775017e-06            0.2068
 7       5.853281e-07            0.2109
 8       1.245758e-07            0.2128
 9       2.656341e-08            0.2132
 10      5.666461e-09            0.2133
 11      1.205444e-09            0.2127
 12      2.556908e-10            0.2121
 13      5.419514e-11            0.2120
 14      1.149356e-11            0.2121
 15      2.439166e-12            0.2122
------------------------------------------------------
 Iterations:      16
 Final Rel. Res.: 2.439166e-12
 Asymptotic Rate: 0.212084 (Geom. Mean, last 4 iters)
======================================================

======================================================
  Refinement Level: 4
======================================================
 Mesh width (h):  2.4844e-02
 Total DOFs:      14529
 Spectral Radii:  0.230741
 GMRES Avg Iters: 9.00
------------------------------------------------------
  MG RESIDUAL DECAY
------------------------------------------------------
 Iter    Rel. Residual           Reduction Factor
------------------------------------------------------
 0       9.152006e-02            -----
 1       1.179393e-02            0.1289
 2       1.743076e-03            0.1478
 3       2.895555e-04            0.1661
 4       5.515825e-05            0.1905
 5       1.121472e-05            0.2033
 6       2.350651e-06            0.2096
 7       5.070936e-07            0.2157
 8       1.115339e-07            0.2199
 9       2.473754e-08            0.2218
 10      5.507970e-09            0.2227
 11      1.229854e-09            0.2233
 12      2.747098e-10            0.2234
 13      6.138190e-11            0.2234
 14      1.374094e-11            0.2239
 15      3.085397e-12            0.2245
------------------------------------------------------
 Iterations:      16
 Final Rel. Res.: 3.085397e-12
 Asymptotic Rate: 0.223947 (Geom. Mean, last 4 iters)
======================================================

======================================================
  Refinement Level: 5
======================================================
 Mesh width (h):  1.2422e-02
 Total DOFs:      57729
 Spectral Radii:  0.248796
 GMRES Avg Iters: 9.00
------------------------------------------------------
  MG RESIDUAL DECAY
------------------------------------------------------
 Iter    Rel. Residual           Reduction Factor
------------------------------------------------------
 0       9.449228e-02            -----
 1       1.194524e-02            0.1264
 2       1.763110e-03            0.1476
 3       2.963546e-04            0.1681
 4       5.590300e-05            0.1886
 5       1.129128e-05            0.2020
 6       2.391290e-06            0.2118
 7       5.202484e-07            0.2176
 8       1.153374e-07            0.2217
 9       2.585923e-08            0.2242
 10      5.843346e-09            0.2260
 11      1.329805e-09            0.2276
 12      3.045867e-10            0.2290
 13      7.020334e-11            0.2305
 14      1.627800e-11            0.2319
 15      3.794843e-12            0.2331
------------------------------------------------------
 Iterations:      16
 Final Rel. Res.: 3.794843e-12
 Asymptotic Rate: 0.231825 (Geom. Mean, last 4 iters)
======================================================

======================================================
  Refinement Level: 6
======================================================
 Mesh width (h):  6.2110e-03
 Total DOFs:      230145
 Spectral Radii:  0.253515
 GMRES Avg Iters: 9.00
------------------------------------------------------
  MG RESIDUAL DECAY
------------------------------------------------------
 Iter    Rel. Residual           Reduction Factor
------------------------------------------------------
 0       9.578923e-02            -----
 1       1.216821e-02            0.1270
 2       1.827749e-03            0.1502
 3       3.093537e-04            0.1693
 4       5.952758e-05            0.1924
 5       1.230139e-05            0.2067
 6       2.655511e-06            0.2159
 7       5.894956e-07            0.2220
 8       1.334539e-07            0.2264
 9       3.064698e-08            0.2296
 10      7.116899e-09            0.2322
 11      1.669339e-09            0.2346
 12      3.950207e-10            0.2366
 13      9.417937e-11            0.2384
 14      2.259507e-11            0.2399
 15      5.447704e-12            0.2411
------------------------------------------------------
 Iterations:      16
 Final Rel. Res.: 5.447704e-12
 Asymptotic Rate: 0.239808 (Geom. Mean, last 4 iters)
======================================================

