Device configuration: omp,cpu
Memory configuration: host-std
Loaded config: /cluster/home/rdabetic/decmg/configs/mag_2d_L_barycentric_w.json
=================================================
  Multigrid Convergence Test Configuration
=================================================
 Problem Type:    mag
 Mesh File:       meshes/2d/L.msh
 Output File:     out/barycentric/w/mag/2d/L.csv
 MG Cycle Type:   W-Cycle
 Mass Lumping:    barycentric
 B-Conditions:    essential
 Max Refinement:  6
 Eigenvalues:     1 (Tol: 0.01)
 GMRES Benchmark: 8 runs (Tol: 1e-06, K-Dim: 20)
=================================================


Gmsh reader: all element attributes were zero.
MFEM only supports positive element attributes.
Setting element attributes to 1.

======================================================
  Refinement Level: 1
======================================================
 Mesh width (h):  1.8352e-01
 Total DOFs:      205
 Spectral Radii:  0.270755
 GMRES Avg Iters: 8.88
------------------------------------------------------
  MG RESIDUAL DECAY
------------------------------------------------------
 Iter    Rel. Residual           Reduction Factor
------------------------------------------------------
 0       8.387100e-02            -----
 1       1.049242e-02            0.1251
 2       2.376949e-03            0.2265
 3       4.956839e-04            0.2085
 4       8.936472e-05            0.1803
 5       1.865878e-05            0.2088
 6       4.368810e-06            0.2341
 7       1.076688e-06            0.2464
 8       2.695395e-07            0.2503
 9       6.544996e-08            0.2428
 10      1.520920e-08            0.2324
 11      3.459505e-09            0.2275
 12      8.160966e-10            0.2359
 13      2.153659e-10            0.2639
 14      6.413031e-11            0.2978
 15      2.001715e-11            0.3121
------------------------------------------------------
 Iterations:      16
 Final Rel. Res.: 2.001715e-11
 Asymptotic Rate: 0.290550 (Geom. Mean, last 4 iters)
======================================================

======================================================
  Refinement Level: 2
======================================================
 Mesh width (h):  9.1759e-02
 Total DOFs:      761
 Spectral Radii:  0.342123
 GMRES Avg Iters: 9.75
------------------------------------------------------
  MG RESIDUAL DECAY
------------------------------------------------------
 Iter    Rel. Residual           Reduction Factor
------------------------------------------------------
 0       9.482209e-02            -----
 1       1.414696e-02            0.1492
 2       2.748753e-03            0.1943
 3       6.062559e-04            0.2206
 4       1.549511e-04            0.2556
 5       4.089441e-05            0.2639
 6       1.157061e-05            0.2829
 7       3.526709e-06            0.3048
 8       1.122396e-06            0.3183
 9       3.638301e-07            0.3242
 10      1.187792e-07            0.3265
 11      3.889254e-08            0.3274
 12      1.274982e-08            0.3278
 13      4.181100e-09            0.3279
 14      1.371111e-09            0.3279
 15      4.495756e-10            0.3279
------------------------------------------------------
 Iterations:      16
 Final Rel. Res.: 4.495756e-10
 Asymptotic Rate: 0.327919 (Geom. Mean, last 4 iters)
======================================================

======================================================
  Refinement Level: 3
======================================================
 Mesh width (h):  4.5880e-02
 Total DOFs:      2929
 Spectral Radii:  0.406994
 GMRES Avg Iters: 10.88
------------------------------------------------------
  MG RESIDUAL DECAY
------------------------------------------------------
 Iter    Rel. Residual           Reduction Factor
------------------------------------------------------
 0       1.033438e-01            -----
 1       1.564235e-02            0.1514
 2       3.075060e-03            0.1966
 3       7.664392e-04            0.2492
 4       2.242127e-04            0.2925
 5       7.129114e-05            0.3180
 6       2.414451e-05            0.3387
 7       8.590721e-06            0.3558
 8       3.148192e-06            0.3665
 9       1.174941e-06            0.3732
 10      4.441487e-07            0.3780
 11      1.695322e-07            0.3817
 12      6.520130e-08            0.3846
 13      2.522852e-08            0.3869
 14      9.811770e-09            0.3889
 15      3.833200e-09            0.3907
------------------------------------------------------
 Iterations:      16
 Final Rel. Res.: 3.833200e-09
 Asymptotic Rate: 0.388838 (Geom. Mean, last 4 iters)
======================================================

======================================================
  Refinement Level: 4
======================================================
 Mesh width (h):  2.2940e-02
 Total DOFs:      11489
 Spectral Radii:  0.441371
 GMRES Avg Iters: 11.00
------------------------------------------------------
  MG RESIDUAL DECAY
------------------------------------------------------
 Iter    Rel. Residual           Reduction Factor
------------------------------------------------------
 0       1.052980e-01            -----
 1       1.618689e-02            0.1537
 2       3.259817e-03            0.2014
 3       8.562327e-04            0.2627
 4       2.618633e-04            0.3058
 5       8.692284e-05            0.3319
 6       3.047039e-05            0.3505
 7       1.112012e-05            0.3649
 8       4.190794e-06            0.3769
 9       1.621504e-06            0.3869
 10      6.410247e-07            0.3953
 11      2.578792e-07            0.4023
 12      1.051998e-07            0.4079
 13      4.339047e-08            0.4125
 14      1.805388e-08            0.4161
 15      7.565105e-09            0.4190
------------------------------------------------------
 Iterations:      16
 Final Rel. Res.: 7.565105e-09
 Asymptotic Rate: 0.415847 (Geom. Mean, last 4 iters)
======================================================

======================================================
  Refinement Level: 5
======================================================
 Mesh width (h):  1.1470e-02
 Total DOFs:      45505
 Spectral Radii:  0.455712
 GMRES Avg Iters: 11.12
------------------------------------------------------
  MG RESIDUAL DECAY
------------------------------------------------------
 Iter    Rel. Residual           Reduction Factor
------------------------------------------------------
 0       1.062250e-01            -----
 1       1.597756e-02            0.1504
 2       3.181416e-03            0.1991
 3       8.339215e-04            0.2621
 4       2.583086e-04            0.3098
 5       8.735581e-05            0.3382
 6       3.139940e-05            0.3594
 7       1.177710e-05            0.3751
 8       4.556548e-06            0.3869
 9       1.805756e-06            0.3963
 10      7.292251e-07            0.4038
 11      2.989693e-07            0.4100
 12      1.241094e-07            0.4151
 13      5.206378e-08            0.4195
 14      2.203640e-08            0.4233
 15      9.398646e-09            0.4265
------------------------------------------------------
 Iterations:      16
 Final Rel. Res.: 9.398646e-09
 Asymptotic Rate: 0.423078 (Geom. Mean, last 4 iters)
======================================================

======================================================
  Refinement Level: 6
======================================================
 Mesh width (h):  5.7350e-03
 Total DOFs:      181121
 Spectral Radii:  0.460908
 GMRES Avg Iters: 11.25
------------------------------------------------------
  MG RESIDUAL DECAY
------------------------------------------------------
 Iter    Rel. Residual           Reduction Factor
------------------------------------------------------
 0       1.086121e-01            -----
 1       1.624093e-02            0.1495
 2       3.259055e-03            0.2007
 3       8.588092e-04            0.2635
 4       2.650741e-04            0.3087
 5       8.944583e-05            0.3374
 6       3.212341e-05            0.3591
 7       1.209622e-05            0.3766
 8       4.718347e-06            0.3901
 9       1.889882e-06            0.4005
 10      7.726449e-07            0.4088
 11      3.210237e-07            0.4155
 12      1.351111e-07            0.4209
 13      5.745953e-08            0.4253
 14      2.464430e-08            0.4289
 15      1.064400e-08            0.4319
------------------------------------------------------
 Iterations:      16
 Final Rel. Res.: 1.064400e-08
 Asymptotic Rate: 0.428685 (Geom. Mean, last 4 iters)
======================================================

