Device configuration: omp,cpu
Memory configuration: host-std
Loaded config: /cluster/home/rdabetic/decmg/configs/mag_3d_ball_barycentric_v.json
=================================================
  Multigrid Convergence Test Configuration
=================================================
 Problem Type:    mag
 Mesh File:       meshes/3d/ball.msh
 Output File:     out/barycentric/v/mag/3d/ball.csv
 MG Cycle Type:   V-Cycle
 Mass Lumping:    barycentric
 B-Conditions:    essential
 Max Refinement:  5
 Eigenvalues:     1 (Tol: 0.01)
 GMRES Benchmark: 8 runs (Tol: 1e-06, K-Dim: 20)
=================================================

======================================================
  Refinement Level: 1
======================================================
 Mesh width (h):  3.0757e-01
 Total DOFs:      939
 Spectral Radii:  0.444325
 GMRES Avg Iters: 17.00
------------------------------------------------------
  MG RESIDUAL DECAY
------------------------------------------------------
 Iter    Rel. Residual           Reduction Factor
------------------------------------------------------
 0       7.850653e-02            -----
 1       1.061394e-02            0.1352
 2       2.728852e-03            0.2571
 3       8.346629e-04            0.3059
 4       2.953940e-04            0.3539
 5       1.142844e-04            0.3869
 6       4.636151e-05            0.4057
 7       1.926560e-05            0.4156
 8       8.117881e-06            0.4214
 9       3.454184e-06            0.4255
 10      1.481988e-06            0.4290
 11      6.406726e-07            0.4323
 12      2.789076e-07            0.4353
 13      1.221800e-07            0.4381
 14      5.381118e-08            0.4404
 15      2.380434e-08            0.4424
------------------------------------------------------
 Iterations:      16
 Final Rel. Res.: 2.380434e-08
 Asymptotic Rate: 0.440283 (Geom. Mean, last 4 iters)
======================================================

======================================================
  Refinement Level: 2
======================================================
 Mesh width (h):  1.5378e-01
 Total DOFs:      6341
 Spectral Radii:  0.563389
 GMRES Avg Iters: 23.00
------------------------------------------------------
  MG RESIDUAL DECAY
------------------------------------------------------
 Iter    Rel. Residual           Reduction Factor
------------------------------------------------------
 0       7.505666e-02            -----
 1       1.348509e-02            0.1797
 2       3.947433e-03            0.2927
 3       1.403119e-03            0.3555
 4       5.625941e-04            0.4010
 5       2.463344e-04            0.4379
 6       1.147491e-04            0.4658
 7       5.585482e-05            0.4868
 8       2.806921e-05            0.5025
 9       1.443634e-05            0.5143
 10      7.549687e-06            0.5230
 11      3.995849e-06            0.5293
 12      2.133387e-06            0.5339
 13      1.146387e-06            0.5374
 14      6.190545e-07            0.5400
 15      3.355891e-07            0.5421
------------------------------------------------------
 Iterations:      16
 Final Rel. Res.: 3.355891e-07
 Asymptotic Rate: 0.539816 (Geom. Mean, last 4 iters)
======================================================

======================================================
  Refinement Level: 3
======================================================
 Mesh width (h):  7.6892e-02
 Total DOFs:      46409
 Spectral Radii:  0.652581
 GMRES Avg Iters: 26.12
------------------------------------------------------
  MG RESIDUAL DECAY
------------------------------------------------------
 Iter    Rel. Residual           Reduction Factor
------------------------------------------------------
 0       7.530212e-02            -----
 1       1.280804e-02            0.1701
 2       3.856985e-03            0.3011
 3       1.436639e-03            0.3725
 4       6.081098e-04            0.4233
 5       2.807017e-04            0.4616
 6       1.380762e-04            0.4919
 7       7.126918e-05            0.5162
 8       3.816504e-05            0.5355
 9       2.102235e-05            0.5508
 10      1.183330e-05            0.5629
 11      6.772827e-06            0.5724
 12      3.926636e-06            0.5798
 13      2.299333e-06            0.5856
 14      1.356941e-06            0.5901
 15      8.057045e-07            0.5938
------------------------------------------------------
 Iterations:      16
 Final Rel. Res.: 8.057045e-07
 Asymptotic Rate: 0.589818 (Geom. Mean, last 4 iters)
======================================================

======================================================
  Refinement Level: 4
======================================================
 Mesh width (h):  3.8446e-02
 Total DOFs:      354705
 Spectral Radii:  0.695444
 GMRES Avg Iters: 28.00
------------------------------------------------------
  MG RESIDUAL DECAY
------------------------------------------------------
 Iter    Rel. Residual           Reduction Factor
------------------------------------------------------
 0       7.679233e-02            -----
 1       1.268498e-02            0.1652
 2       3.755144e-03            0.2960
 3       1.412045e-03            0.3760
 4       6.109456e-04            0.4327
 5       2.926383e-04            0.4790
 6       1.512386e-04            0.5168
 7       8.266569e-05            0.5466
 8       4.706068e-05            0.5693
 9       2.759031e-05            0.5863
 10      1.652520e-05            0.5989
 11      1.005602e-05            0.6085
 12      6.193572e-06            0.6159
 13      3.850762e-06            0.6217
 14      2.412317e-06            0.6265
 15      1.520625e-06            0.6304
------------------------------------------------------
 Iterations:      16
 Final Rel. Res.: 1.520625e-06
 Asymptotic Rate: 0.626172 (Geom. Mean, last 4 iters)
======================================================

======================================================
  Refinement Level: 5
======================================================
 Mesh width (h):  1.9223e-02
 Total DOFs:      2772769
 Spectral Radii:  0.711632
 GMRES Avg Iters: 28.25
------------------------------------------------------
  MG RESIDUAL DECAY
------------------------------------------------------
 Iter    Rel. Residual           Reduction Factor
------------------------------------------------------
 0       7.674413e-02            -----
 1       1.248676e-02            0.1627
 2       3.637664e-03            0.2913
 3       1.350804e-03            0.3713
 4       5.796733e-04            0.4291
 5       2.758928e-04            0.4759
 6       1.416169e-04            0.5133
 7       7.681498e-05            0.5424
 8       4.340393e-05            0.5650
 9       2.530227e-05            0.5829
 10      1.511792e-05            0.5975
 11      9.216180e-06            0.6096
 12      5.713529e-06            0.6199
 13      3.593046e-06            0.6289
 14      2.287494e-06            0.6366
 15      1.471917e-06            0.6435
------------------------------------------------------
 Iterations:      16
 Final Rel. Res.: 1.471917e-06
 Asymptotic Rate: 0.636297 (Geom. Mean, last 4 iters)
======================================================

