Device configuration: omp,cpu
Memory configuration: host-std
Loaded config: /cluster/home/rdabetic/decmg/configs/mag_2d_L_rowsum_v.json
=================================================
  Multigrid Convergence Test Configuration
=================================================
 Problem Type:    mag
 Mesh File:       meshes/2d/L.msh
 Output File:     out/rowsum/v/mag/2d/L.csv
 MG Cycle Type:   V-Cycle
 Mass Lumping:    rowsum
 B-Conditions:    essential
 Max Refinement:  6
 Eigenvalues:     1 (Tol: 0.01)
 GMRES Benchmark: 8 runs (Tol: 1e-06, K-Dim: 20)
=================================================


Gmsh reader: all element attributes were zero.
MFEM only supports positive element attributes.
Setting element attributes to 1.

======================================================
  Refinement Level: 1
======================================================
 Mesh width (h):  1.8352e-01
 Total DOFs:      205
 Spectral Radii:  0.166454
 GMRES Avg Iters: 8.00
------------------------------------------------------
  MG RESIDUAL DECAY
------------------------------------------------------
 Iter    Rel. Residual           Reduction Factor
------------------------------------------------------
 0       8.000128e-02            -----
 1       9.742092e-03            0.1218
 2       1.337078e-03            0.1372
 3       1.499268e-04            0.1121
 4       2.631430e-05            0.1755
 5       4.855475e-06            0.1845
 6       9.478814e-07            0.1952
 7       1.702366e-07            0.1796
 8       2.771974e-08            0.1628
 9       4.182240e-09            0.1509
 10      6.201162e-10            0.1483
 11      9.739661e-11            0.1571
 12      1.616930e-11            0.1660
 13      2.693667e-12            0.1666
 14      4.367858e-13            0.1622
 15      6.780525e-14            0.1552
------------------------------------------------------
 Iterations:      16
 Final Rel. Res.: 6.780525e-14
 Asymptotic Rate: 0.161259 (Geom. Mean, last 4 iters)
======================================================

======================================================
  Refinement Level: 2
======================================================
 Mesh width (h):  9.1759e-02
 Total DOFs:      761
 Spectral Radii:  0.217889
 GMRES Avg Iters: 9.00
------------------------------------------------------
  MG RESIDUAL DECAY
------------------------------------------------------
 Iter    Rel. Residual           Reduction Factor
------------------------------------------------------
 0       8.343661e-02            -----
 1       1.200429e-02            0.1439
 2       1.960428e-03            0.1633
 3       2.822935e-04            0.1440
 4       5.234020e-05            0.1854
 5       1.003427e-05            0.1917
 6       1.905566e-06            0.1899
 7       4.049718e-07            0.2125
 8       8.682219e-08            0.2144
 9       1.876665e-08            0.2162
 10      4.112780e-09            0.2192
 11      9.005970e-10            0.2190
 12      1.975741e-10            0.2194
 13      4.348365e-11            0.2201
 14      9.573393e-12            0.2202
 15      2.111731e-12            0.2206
------------------------------------------------------
 Iterations:      16
 Final Rel. Res.: 2.111731e-12
 Asymptotic Rate: 0.220277 (Geom. Mean, last 4 iters)
======================================================

======================================================
  Refinement Level: 3
======================================================
 Mesh width (h):  4.5880e-02
 Total DOFs:      2929
 Spectral Radii:  0.278277
 GMRES Avg Iters: 10.00
------------------------------------------------------
  MG RESIDUAL DECAY
------------------------------------------------------
 Iter    Rel. Residual           Reduction Factor
------------------------------------------------------
 0       9.025839e-02            -----
 1       1.260122e-02            0.1396
 2       1.872511e-03            0.1486
 3       3.240209e-04            0.1730
 4       6.901171e-05            0.2130
 5       1.691568e-05            0.2451
 6       4.214148e-06            0.2491
 7       1.080759e-06            0.2565
 8       2.833363e-07            0.2622
 9       7.572341e-08            0.2673
 10      2.055328e-08            0.2714
 11      5.646852e-09            0.2747
 12      1.563330e-09            0.2768
 13      4.340187e-10            0.2776
 14      1.204802e-10            0.2776
 15      3.341445e-11            0.2773
------------------------------------------------------
 Iterations:      16
 Final Rel. Res.: 3.341445e-11
 Asymptotic Rate: 0.277520 (Geom. Mean, last 4 iters)
======================================================

======================================================
  Refinement Level: 4
======================================================
 Mesh width (h):  2.2940e-02
 Total DOFs:      11489
 Spectral Radii:  0.314203
 GMRES Avg Iters: 10.00
------------------------------------------------------
  MG RESIDUAL DECAY
------------------------------------------------------
 Iter    Rel. Residual           Reduction Factor
------------------------------------------------------
 0       9.105374e-02            -----
 1       1.241413e-02            0.1363
 2       2.011479e-03            0.1620
 3       3.936337e-04            0.1957
 4       8.675309e-05            0.2204
 5       2.062987e-05            0.2378
 6       5.161684e-06            0.2502
 7       1.336553e-06            0.2589
 8       3.557457e-07            0.2662
 9       9.719704e-08            0.2732
 10      2.723876e-08            0.2802
 11      7.792874e-09            0.2861
 12      2.264063e-09            0.2905
 13      6.650374e-10            0.2937
 14      1.968227e-10            0.2960
 15      5.854457e-11            0.2974
------------------------------------------------------
 Iterations:      16
 Final Rel. Res.: 5.854457e-11
 Asymptotic Rate: 0.295710 (Geom. Mean, last 4 iters)
======================================================

======================================================
  Refinement Level: 5
======================================================
 Mesh width (h):  1.1470e-02
 Total DOFs:      45505
 Spectral Radii:  0.34779
 GMRES Avg Iters: 10.00
------------------------------------------------------
  MG RESIDUAL DECAY
------------------------------------------------------
 Iter    Rel. Residual           Reduction Factor
------------------------------------------------------
 0       9.085266e-02            -----
 1       1.208356e-02            0.1330
 2       1.914325e-03            0.1584
 3       3.778629e-04            0.1974
 4       1.005623e-04            0.2661
 5       3.660069e-05            0.3640
 6       1.397721e-05            0.3819
 7       5.031516e-06            0.3600
 8       1.735935e-06            0.3450
 9       5.830999e-07            0.3359
 10      1.924660e-07            0.3301
 11      6.286555e-08            0.3266
 12      2.041820e-08            0.3248
 13      6.613527e-09            0.3239
 14      2.139900e-09            0.3236
 15      6.922518e-10            0.3235
------------------------------------------------------
 Iterations:      16
 Final Rel. Res.: 6.922518e-10
 Asymptotic Rate: 0.323655 (Geom. Mean, last 4 iters)
======================================================

======================================================
  Refinement Level: 6
======================================================
 Mesh width (h):  5.7350e-03
 Total DOFs:      181121
 Spectral Radii:  0.369308
 GMRES Avg Iters: 10.00
------------------------------------------------------
  MG RESIDUAL DECAY
------------------------------------------------------
 Iter    Rel. Residual           Reduction Factor
------------------------------------------------------
 0       9.273047e-02            -----
 1       1.216166e-02            0.1312
 2       1.966087e-03            0.1617
 3       3.764855e-04            0.1915
 4       8.451182e-05            0.2245
 5       2.133651e-05            0.2525
 6       5.868453e-06            0.2750
 7       1.696214e-06            0.2890
 8       5.046904e-07            0.2975
 9       1.533993e-07            0.3039
 10      4.769793e-08            0.3109
 11      1.525976e-08            0.3199
 12      5.043797e-09            0.3305
 13      1.719117e-09            0.3408
 14      6.002628e-10            0.3492
 15      2.130956e-10            0.3550
------------------------------------------------------
 Iterations:      16
 Final Rel. Res.: 2.130956e-10
 Asymptotic Rate: 0.348288 (Geom. Mean, last 4 iters)
======================================================

