Device configuration: omp,cpu
Memory configuration: host-std
Loaded config: /cluster/home/rdabetic/decmg/configs/mag_3d_corner_barycentric_v_k3.json
=================================================
  Multigrid Convergence Test Configuration
=================================================
 Problem Type:    mag
 Mesh File:       meshes/3d/corner.msh
 Output File:     out/barycentric/v/mag/3d/corner_k3.csv
 MG Cycle Type:   V-Cycle
 Mass Lumping:    barycentric
 B-Conditions:    essential
 Max Refinement:  5
 Eigenvalues:     1 (Tol: 0.01)
 GMRES Benchmark: 8 runs (Tol: 1e-06, K-Dim: 20)
=================================================

======================================================
  Refinement Level: 1
======================================================
 Mesh width (h):  5.0000e-01
 Total DOFs:      545
 Spectral Radii:  0.24257
 GMRES Avg Iters: 12.88
------------------------------------------------------
  MG RESIDUAL DECAY
------------------------------------------------------
 Iter    Rel. Residual           Reduction Factor
------------------------------------------------------
 0       3.115111e-02            -----
 1       4.170556e-03            0.1339
 2       7.853444e-04            0.1883
 3       1.700505e-04            0.2165
 4       4.029156e-05            0.2369
 5       9.904943e-06            0.2458
 6       2.448462e-06            0.2472
 7       6.004652e-07            0.2452
 8       1.454967e-07            0.2423
 9       3.484546e-08            0.2395
 10      8.272227e-09            0.2374
 11      1.956115e-09            0.2365
 12      4.637379e-10            0.2371
 13      1.110015e-10            0.2394
 14      2.697930e-11            0.2431
 15      6.672257e-12            0.2473
------------------------------------------------------
 Iterations:      16
 Final Rel. Res.: 6.672257e-12
 Asymptotic Rate: 0.243220 (Geom. Mean, last 4 iters)
======================================================

======================================================
  Refinement Level: 2
======================================================
 Mesh width (h):  2.5000e-01
 Total DOFs:      3681
 Spectral Radii:  0.400902
 GMRES Avg Iters: 14.00
------------------------------------------------------
  MG RESIDUAL DECAY
------------------------------------------------------
 Iter    Rel. Residual           Reduction Factor
------------------------------------------------------
 0       3.132604e-02            -----
 1       4.557241e-03            0.1455
 2       9.318736e-04            0.2045
 3       2.208993e-04            0.2370
 4       5.732153e-05            0.2595
 5       1.598448e-05            0.2789
 6       4.757629e-06            0.2976
 7       1.498633e-06            0.3150
 8       4.930075e-07            0.3290
 9       1.670329e-07            0.3388
 10      5.765651e-08            0.3452
 11      2.013745e-08            0.3493
 12      7.088924e-09            0.3520
 13      2.510079e-09            0.3541
 14      8.930610e-10            0.3558
 15      3.191139e-10            0.3573
------------------------------------------------------
 Iterations:      16
 Final Rel. Res.: 3.191139e-10
 Asymptotic Rate: 0.355731 (Geom. Mean, last 4 iters)
======================================================

======================================================
  Refinement Level: 3
======================================================
 Mesh width (h):  1.2500e-01
 Total DOFs:      26945
 Spectral Radii:  0.474601
 GMRES Avg Iters: 15.00
------------------------------------------------------
  MG RESIDUAL DECAY
------------------------------------------------------
 Iter    Rel. Residual           Reduction Factor
------------------------------------------------------
 0       3.136078e-02            -----
 1       4.148465e-03            0.1323
 2       8.772355e-04            0.2115
 3       2.343624e-04            0.2672
 4       7.257460e-05            0.3097
 5       2.476918e-05            0.3413
 6       8.995537e-06            0.3632
 7       3.402775e-06            0.3783
 8       1.324706e-06            0.3893
 9       5.271991e-07            0.3980
 10      2.136690e-07            0.4053
 11      8.799866e-08            0.4118
 12      3.678217e-08            0.4180
 13      1.559137e-08            0.4239
 14      6.697923e-09            0.4296
 15      2.914130e-09            0.4351
------------------------------------------------------
 Iterations:      16
 Final Rel. Res.: 2.914130e-09
 Asymptotic Rate: 0.429494 (Geom. Mean, last 4 iters)
======================================================

======================================================
  Refinement Level: 4
======================================================
 Mesh width (h):  6.2500e-02
 Total DOFs:      205953
 Spectral Radii:  0.519859
 GMRES Avg Iters: 16.00
------------------------------------------------------
  MG RESIDUAL DECAY
------------------------------------------------------
 Iter    Rel. Residual           Reduction Factor
------------------------------------------------------
 0       3.139221e-02            -----
 1       4.080074e-03            0.1300
 2       8.825716e-04            0.2163
 3       2.471343e-04            0.2800
 4       8.153332e-05            0.3299
 5       2.967930e-05            0.3640
 6       1.146682e-05            0.3864
 7       4.599473e-06            0.4011
 8       1.891133e-06            0.4112
 9       7.912321e-07            0.4184
 10      3.354337e-07            0.4239
 11      1.437280e-07            0.4285
 12      6.215493e-08            0.4324
 13      2.710678e-08            0.4361
 14      1.191895e-08            0.4397
 15      5.284658e-09            0.4434
------------------------------------------------------
 Iterations:      16
 Final Rel. Res.: 5.284658e-09
 Asymptotic Rate: 0.439724 (Geom. Mean, last 4 iters)
======================================================

======================================================
  Refinement Level: 5
======================================================
 Mesh width (h):  3.1250e-02
 Total DOFs:      1609985
 Spectral Radii:  0.552131
 GMRES Avg Iters: 16.00
------------------------------------------------------
  MG RESIDUAL DECAY
------------------------------------------------------
 Iter    Rel. Residual           Reduction Factor
------------------------------------------------------
 0       3.133878e-02            -----
 1       3.985406e-03            0.1272
 2       8.502686e-04            0.2133
 3       2.354153e-04            0.2769
 4       7.673277e-05            0.3259
 5       2.765799e-05            0.3604
 6       1.063561e-05            0.3845
 7       4.272171e-06            0.4017
 8       1.769357e-06            0.4142
 9       7.492375e-07            0.4235
 10      3.226332e-07            0.4306
 11      1.407885e-07            0.4364
 12      6.211760e-08            0.4412
 13      2.767091e-08            0.4455
 14      1.243368e-08            0.4493
 15      5.632619e-09            0.4530
------------------------------------------------------
 Iterations:      16
 Final Rel. Res.: 5.632619e-09
 Asymptotic Rate: 0.449261 (Geom. Mean, last 4 iters)
======================================================

