Device configuration: omp,cpu
Memory configuration: host-std
Loaded config: /cluster/home/rdabetic/decmg/configs/mag_3d_corner_scaledid_v_k4.json
=================================================
  Multigrid Convergence Test Configuration
=================================================
 Problem Type:    mag
 Mesh File:       meshes/3d/corner.msh
 Output File:     out/scaledid/v/mag/3d/corner_k4.csv
 MG Cycle Type:   V-Cycle
 Mass Lumping:    scaledid
 B-Conditions:    essential
 Max Refinement:  5
 Eigenvalues:     1 (Tol: 0.01)
 GMRES Benchmark: 8 runs (Tol: 1e-06, K-Dim: 20)
=================================================

======================================================
  Refinement Level: 1
======================================================
 Mesh width (h):  5.0000e-01
 Total DOFs:      545
 Spectral Radii:  0.177162
 GMRES Avg Iters: 19.00
------------------------------------------------------
  MG RESIDUAL DECAY
------------------------------------------------------
 Iter    Rel. Residual           Reduction Factor
------------------------------------------------------
 0       1.622158e-02            -----
 1       1.347008e-03            0.0830
 2       1.812466e-04            0.1346
 3       2.975022e-05            0.1641
 4       5.142479e-06            0.1729
 5       9.022100e-07            0.1754
 6       1.590430e-07            0.1763
 7       2.809388e-08            0.1766
 8       4.967981e-09            0.1768
 9       8.790807e-10            0.1769
 10      1.556158e-10            0.1770
 11      2.755451e-11            0.1771
 12      4.879856e-12            0.1771
 13      8.642934e-13            0.1771
 14      1.530999e-13            0.1771
 15      2.711671e-14            0.1771
------------------------------------------------------
 Iterations:      16
 Final Rel. Res.: 2.711671e-14
 Asymptotic Rate: 0.177124 (Geom. Mean, last 4 iters)
======================================================

======================================================
  Refinement Level: 2
======================================================
 Mesh width (h):  2.5000e-01
 Total DOFs:      3681
 Spectral Radii:  0.219866
 GMRES Avg Iters: 23.00
------------------------------------------------------
  MG RESIDUAL DECAY
------------------------------------------------------
 Iter    Rel. Residual           Reduction Factor
------------------------------------------------------
 0       1.322370e-02            -----
 1       1.026373e-03            0.0776
 2       1.071217e-04            0.1044
 3       1.524812e-05            0.1423
 4       2.831811e-06            0.1857
 5       5.951128e-07            0.2102
 6       1.298247e-07            0.2182
 7       2.856251e-08            0.2200
 8       6.289680e-09            0.2202
 9       1.384235e-09            0.2201
 10      3.044695e-10            0.2200
 11      6.694773e-11            0.2199
 12      1.471865e-11            0.2199
 13      3.235833e-12            0.2198
 14      7.113938e-13            0.2198
 15      1.564062e-13            0.2199
------------------------------------------------------
 Iterations:      16
 Final Rel. Res.: 1.564062e-13
 Asymptotic Rate: 0.219851 (Geom. Mean, last 4 iters)
======================================================

======================================================
  Refinement Level: 3
======================================================
 Mesh width (h):  1.2500e-01
 Total DOFs:      26945
 Spectral Radii:  0.268663
 GMRES Avg Iters: 25.00
------------------------------------------------------
  MG RESIDUAL DECAY
------------------------------------------------------
 Iter    Rel. Residual           Reduction Factor
------------------------------------------------------
 0       1.281073e-02            -----
 1       9.698705e-04            0.0757
 2       1.019430e-04            0.1051
 3       1.347879e-05            0.1322
 4       2.480270e-06            0.1840
 5       5.554775e-07            0.2240
 6       1.372430e-07            0.2471
 7       3.551681e-08            0.2588
 8       9.380670e-09            0.2641
 9       2.500275e-09            0.2665
 10      6.692266e-10            0.2677
 11      1.794902e-10            0.2682
 12      4.818849e-11            0.2685
 13      1.294375e-11            0.2686
 14      3.477593e-12            0.2687
 15      9.344215e-13            0.2687
------------------------------------------------------
 Iterations:      16
 Final Rel. Res.: 9.344215e-13
 Asymptotic Rate: 0.268658 (Geom. Mean, last 4 iters)
======================================================

======================================================
  Refinement Level: 4
======================================================
 Mesh width (h):  6.2500e-02
 Total DOFs:      205953
 Spectral Radii:  0.307573
 GMRES Avg Iters: 25.00
------------------------------------------------------
  MG RESIDUAL DECAY
------------------------------------------------------
 Iter    Rel. Residual           Reduction Factor
------------------------------------------------------
 0       1.224705e-02            -----
 1       8.954939e-04            0.0731
 2       9.276120e-05            0.1036
 3       1.383458e-05            0.1491
 4       2.446284e-06            0.1768
 5       4.749718e-07            0.1942
 6       9.802049e-08            0.2064
 7       2.314338e-08            0.2361
 8       6.177914e-09            0.2669
 9       1.779608e-09            0.2881
 10      5.319555e-10            0.2989
 11      1.618218e-10            0.3042
 12      4.966346e-11            0.3069
 13      1.531693e-11            0.3084
 14      4.737705e-12            0.3093
 15      1.467972e-12            0.3098
------------------------------------------------------
 Iterations:      16
 Final Rel. Res.: 1.467972e-12
 Asymptotic Rate: 0.309191 (Geom. Mean, last 4 iters)
======================================================

======================================================
  Refinement Level: 5
======================================================
 Mesh width (h):  3.1250e-02
 Total DOFs:      1609985
 Spectral Radii:  0.338375
 GMRES Avg Iters: 25.00
------------------------------------------------------
  MG RESIDUAL DECAY
------------------------------------------------------
 Iter    Rel. Residual           Reduction Factor
------------------------------------------------------
 0       1.196896e-02            -----
 1       8.663569e-04            0.0724
 2       1.036140e-04            0.1196
 3       2.194458e-05            0.2118
 4       5.475737e-06            0.2495
 5       1.447614e-06            0.2644
 6       4.238821e-07            0.2928
 7       1.309465e-07            0.3089
 8       4.193058e-08            0.3202
 9       1.366774e-08            0.3260
 10      4.504083e-09            0.3295
 11      1.494495e-09            0.3318
 12      4.982064e-10            0.3334
 13      1.666281e-10            0.3345
 14      5.586049e-11            0.3352
 15      1.875870e-11            0.3358
------------------------------------------------------
 Iterations:      16
 Final Rel. Res.: 1.875870e-11
 Asymptotic Rate: 0.335170 (Geom. Mean, last 4 iters)
======================================================

