Device configuration: omp,cpu
Memory configuration: host-std
Loaded config: /cluster/home/rdabetic/decmg/configs/mag_3d_corner_rowsum_v_k3.json
=================================================
  Multigrid Convergence Test Configuration
=================================================
 Problem Type:    mag
 Mesh File:       meshes/3d/corner.msh
 Output File:     out/rowsum/v/mag/3d/corner_k3.csv
 MG Cycle Type:   V-Cycle
 Mass Lumping:    rowsum
 B-Conditions:    essential
 Max Refinement:  5
 Eigenvalues:     1 (Tol: 0.01)
 GMRES Benchmark: 8 runs (Tol: 1e-06, K-Dim: 20)
=================================================

======================================================
  Refinement Level: 1
======================================================
 Mesh width (h):  5.0000e-01
 Total DOFs:      545
 Spectral Radii:  0.239881
 GMRES Avg Iters: 13.00
------------------------------------------------------
  MG RESIDUAL DECAY
------------------------------------------------------
 Iter    Rel. Residual           Reduction Factor
------------------------------------------------------
 0       3.318355e-02            -----
 1       4.033471e-03            0.1216
 2       7.358949e-04            0.1824
 3       1.486504e-04            0.2020
 4       3.189701e-05            0.2146
 5       7.204494e-06            0.2259
 6       1.667682e-06            0.2315
 7       3.929122e-07            0.2356
 8       9.340066e-08            0.2377
 9       2.233136e-08            0.2391
 10      5.356654e-09            0.2399
 11      1.287617e-09            0.2404
 12      3.099264e-10            0.2407
 13      7.466696e-11            0.2409
 14      1.800025e-11            0.2411
 15      4.341444e-12            0.2412
------------------------------------------------------
 Iterations:      16
 Final Rel. Res.: 4.341444e-12
 Asymptotic Rate: 0.241060 (Geom. Mean, last 4 iters)
======================================================

======================================================
  Refinement Level: 2
======================================================
 Mesh width (h):  2.5000e-01
 Total DOFs:      3681
 Spectral Radii:  0.309705
 GMRES Avg Iters: 14.88
------------------------------------------------------
  MG RESIDUAL DECAY
------------------------------------------------------
 Iter    Rel. Residual           Reduction Factor
------------------------------------------------------
 0       2.761075e-02            -----
 1       3.725235e-03            0.1349
 2       6.792690e-04            0.1823
 3       1.343917e-04            0.1978
 4       2.851603e-05            0.2122
 5       6.373004e-06            0.2235
 6       1.489482e-06            0.2337
 7       3.625777e-07            0.2434
 8       9.176353e-08            0.2531
 9       2.412063e-08            0.2629
 10      6.571573e-09            0.2724
 11      1.848604e-09            0.2813
 12      5.340855e-10            0.2889
 13      1.575654e-10            0.2950
 14      4.721445e-11            0.2996
 15      1.430673e-11            0.3030
------------------------------------------------------
 Iterations:      16
 Final Rel. Res.: 1.430673e-11
 Asymptotic Rate: 0.299210 (Geom. Mean, last 4 iters)
======================================================

======================================================
  Refinement Level: 3
======================================================
 Mesh width (h):  1.2500e-01
 Total DOFs:      26945
 Spectral Radii:  0.365759
 GMRES Avg Iters: 15.75
------------------------------------------------------
  MG RESIDUAL DECAY
------------------------------------------------------
 Iter    Rel. Residual           Reduction Factor
------------------------------------------------------
 0       2.750762e-02            -----
 1       3.316670e-03            0.1206
 2       5.896031e-04            0.1778
 3       1.220715e-04            0.2070
 4       2.872829e-05            0.2353
 5       7.520181e-06            0.2618
 6       2.154910e-06            0.2866
 7       6.660065e-07            0.3091
 8       2.180212e-07            0.3274
 9       7.427098e-08            0.3407
 10      2.596488e-08            0.3496
 11      9.226472e-09            0.3553
 12      3.312144e-09            0.3590
 13      1.196639e-09            0.3613
 14      4.340979e-10            0.3628
 15      1.578918e-10            0.3637
------------------------------------------------------
 Iterations:      16
 Final Rel. Res.: 1.578918e-10
 Asymptotic Rate: 0.362591 (Geom. Mean, last 4 iters)
======================================================

======================================================
  Refinement Level: 4
======================================================
 Mesh width (h):  6.2500e-02
 Total DOFs:      205953
 Spectral Radii:  0.406837
 GMRES Avg Iters: 16.00
------------------------------------------------------
  MG RESIDUAL DECAY
------------------------------------------------------
 Iter    Rel. Residual           Reduction Factor
------------------------------------------------------
 0       2.703744e-02            -----
 1       3.086137e-03            0.1141
 2       5.111424e-04            0.1656
 3       9.719771e-05            0.1902
 4       2.084630e-05            0.2145
 5       4.919675e-06            0.2360
 6       1.272888e-06            0.2587
 7       3.595397e-07            0.2825
 8       1.098709e-07            0.3056
 9       3.580804e-08            0.3259
 10      1.225989e-08            0.3424
 11      4.357750e-09            0.3554
 12      1.594645e-09            0.3659
 13      5.971402e-10            0.3745
 14      2.277650e-10            0.3814
 15      8.815754e-11            0.3871
------------------------------------------------------
 Iterations:      16
 Final Rel. Res.: 8.815754e-11
 Asymptotic Rate: 0.380947 (Geom. Mean, last 4 iters)
======================================================

======================================================
  Refinement Level: 5
======================================================
 Mesh width (h):  3.1250e-02
 Total DOFs:      1609985
 Spectral Radii:  0.435796
 GMRES Avg Iters: 16.00
------------------------------------------------------
  MG RESIDUAL DECAY
------------------------------------------------------
 Iter    Rel. Residual           Reduction Factor
------------------------------------------------------
 0       2.688920e-02            -----
 1       3.000189e-03            0.1116
 2       4.860546e-04            0.1620
 3       9.062502e-05            0.1865
 4       1.874405e-05            0.2068
 5       4.318275e-06            0.2304
 6       1.125073e-06            0.2605
 7       3.358817e-07            0.2985
 8       1.129079e-07            0.3362
 9       4.103374e-08            0.3634
 10      1.553216e-08            0.3785
 11      5.991030e-09            0.3857
 12      2.331360e-09            0.3891
 13      9.120861e-10            0.3912
 14      3.584668e-10            0.3930
 15      1.415634e-10            0.3949
------------------------------------------------------
 Iterations:      16
 Final Rel. Res.: 1.415634e-10
 Asymptotic Rate: 0.393049 (Geom. Mean, last 4 iters)
======================================================

