Device configuration: omp,cpu
Memory configuration: host-std
Loaded config: /cluster/home/rdabetic/decmg/configs/mag_2d_square_centered_barycentric_w.json
=================================================
  Multigrid Convergence Test Configuration
=================================================
 Problem Type:    mag
 Mesh File:       meshes/2d/square_centered.msh
 Output File:     out/barycentric/w/mag/2d/square_centered.csv
 MG Cycle Type:   W-Cycle
 Mass Lumping:    barycentric
 B-Conditions:    essential
 Max Refinement:  6
 Eigenvalues:     1 (Tol: 0.01)
 GMRES Benchmark: 8 runs (Tol: 1e-06, K-Dim: 20)
=================================================


Gmsh reader: all element attributes were zero.
MFEM only supports positive element attributes.
Setting element attributes to 1.

======================================================
  Refinement Level: 1
======================================================
 Mesh width (h):  1.9875e-01
 Total DOFs:      249
 Spectral Radii:  0.278154
 GMRES Avg Iters: 8.75
------------------------------------------------------
  MG RESIDUAL DECAY
------------------------------------------------------
 Iter    Rel. Residual           Reduction Factor
------------------------------------------------------
 0       8.701590e-02            -----
 1       1.291165e-02            0.1484
 2       2.704073e-03            0.2094
 3       6.687594e-04            0.2473
 4       1.727353e-04            0.2583
 5       4.401850e-05            0.2548
 6       1.164587e-05            0.2646
 7       3.245891e-06            0.2787
 8       9.153818e-07            0.2820
 9       2.545455e-07            0.2781
 10      7.025797e-08            0.2760
 11      1.950902e-08            0.2777
 12      5.462353e-09            0.2800
 13      1.532027e-09            0.2805
 14      4.278093e-10            0.2792
 15      1.187472e-10            0.2776
------------------------------------------------------
 Iterations:      16
 Final Rel. Res.: 1.187472e-10
 Asymptotic Rate: 0.279092 (Geom. Mean, last 4 iters)
======================================================

======================================================
  Refinement Level: 2
======================================================
 Mesh width (h):  9.9376e-02
 Total DOFs:      945
 Spectral Radii:  0.271585
 GMRES Avg Iters: 9.00
------------------------------------------------------
  MG RESIDUAL DECAY
------------------------------------------------------
 Iter    Rel. Residual           Reduction Factor
------------------------------------------------------
 0       1.010746e-01            -----
 1       1.303734e-02            0.1290
 2       2.209570e-03            0.1695
 3       4.793803e-04            0.2170
 4       1.137341e-04            0.2373
 5       2.776281e-05            0.2441
 6       6.987075e-06            0.2517
 7       1.792288e-06            0.2565
 8       4.615498e-07            0.2575
 9       1.188538e-07            0.2575
 10      3.050770e-08            0.2567
 11      7.810058e-09            0.2560
 12      2.007331e-09            0.2570
 13      5.221015e-10            0.2601
 14      1.380119e-10            0.2643
 15      3.708236e-11            0.2687
------------------------------------------------------
 Iterations:      16
 Final Rel. Res.: 3.708236e-11
 Asymptotic Rate: 0.264352 (Geom. Mean, last 4 iters)
======================================================

======================================================
  Refinement Level: 3
======================================================
 Mesh width (h):  4.9688e-02
 Total DOFs:      3681
 Spectral Radii:  0.340163
 GMRES Avg Iters: 10.00
------------------------------------------------------
  MG RESIDUAL DECAY
------------------------------------------------------
 Iter    Rel. Residual           Reduction Factor
------------------------------------------------------
 0       1.067094e-01            -----
 1       1.523043e-02            0.1427
 2       2.797823e-03            0.1837
 3       6.958814e-04            0.2487
 4       1.964640e-04            0.2823
 5       5.697799e-05            0.2900
 6       1.672399e-05            0.2935
 7       4.976329e-06            0.2976
 8       1.499469e-06            0.3013
 9       4.573845e-07            0.3050
 10      1.412521e-07            0.3088
 11      4.416855e-08            0.3127
 12      1.397726e-08            0.3165
 13      4.471545e-09            0.3199
 14      1.444088e-09            0.3230
 15      4.700655e-10            0.3255
------------------------------------------------------
 Iterations:      16
 Final Rel. Res.: 4.700655e-10
 Asymptotic Rate: 0.322784 (Geom. Mean, last 4 iters)
======================================================

======================================================
  Refinement Level: 4
======================================================
 Mesh width (h):  2.4844e-02
 Total DOFs:      14529
 Spectral Radii:  0.370652
 GMRES Avg Iters: 10.00
------------------------------------------------------
  MG RESIDUAL DECAY
------------------------------------------------------
 Iter    Rel. Residual           Reduction Factor
------------------------------------------------------
 0       1.040536e-01            -----
 1       1.491100e-02            0.1433
 2       2.841658e-03            0.1906
 3       6.820604e-04            0.2400
 4       1.867990e-04            0.2739
 5       5.417946e-05            0.2900
 6       1.630845e-05            0.3010
 7       5.105236e-06            0.3130
 8       1.653160e-06            0.3238
 9       5.500134e-07            0.3327
 10      1.871947e-07            0.3403
 11      6.489462e-08            0.3467
 12      2.281965e-08            0.3516
 13      8.111146e-09            0.3554
 14      2.906366e-09            0.3583
 15      1.047681e-09            0.3605
------------------------------------------------------
 Iterations:      16
 Final Rel. Res.: 1.047681e-09
 Asymptotic Rate: 0.358075 (Geom. Mean, last 4 iters)
======================================================

======================================================
  Refinement Level: 5
======================================================
 Mesh width (h):  1.2422e-02
 Total DOFs:      57729
 Spectral Radii:  0.385916
 GMRES Avg Iters: 10.00
------------------------------------------------------
  MG RESIDUAL DECAY
------------------------------------------------------
 Iter    Rel. Residual           Reduction Factor
------------------------------------------------------
 0       1.072468e-01            -----
 1       1.547181e-02            0.1443
 2       2.941128e-03            0.1901
 3       7.040002e-04            0.2394
 4       1.914566e-04            0.2720
 5       5.548351e-05            0.2898
 6       1.681232e-05            0.3030
 7       5.302377e-06            0.3154
 8       1.730808e-06            0.3264
 9       5.809386e-07            0.3356
 10      1.995466e-07            0.3435
 11      6.985485e-08            0.3501
 12      2.482898e-08            0.3554
 13      8.932765e-09            0.3598
 14      3.244967e-09            0.3633
 15      1.187969e-09            0.3661
------------------------------------------------------
 Iterations:      16
 Final Rel. Res.: 1.187969e-09
 Asymptotic Rate: 0.363035 (Geom. Mean, last 4 iters)
======================================================

======================================================
  Refinement Level: 6
======================================================
 Mesh width (h):  6.2110e-03
 Total DOFs:      230145
 Spectral Radii:  0.391874
 GMRES Avg Iters: 10.00
------------------------------------------------------
  MG RESIDUAL DECAY
------------------------------------------------------
 Iter    Rel. Residual           Reduction Factor
------------------------------------------------------
 0       1.089589e-01            -----
 1       1.581412e-02            0.1451
 2       3.050204e-03            0.1929
 3       7.407129e-04            0.2428
 4       2.063102e-04            0.2785
 5       6.148628e-05            0.2980
 6       1.917642e-05            0.3119
 7       6.221174e-06            0.3244
 8       2.084538e-06            0.3351
 9       7.166112e-07            0.3438
 10      2.513549e-07            0.3508
 11      8.955496e-08            0.3563
 12      3.229863e-08            0.3607
 13      1.176068e-08            0.3641
 14      4.315114e-09            0.3669
 15      1.593110e-09            0.3692
------------------------------------------------------
 Iterations:      16
 Final Rel. Res.: 1.593110e-09
 Asymptotic Rate: 0.366736 (Geom. Mean, last 4 iters)
======================================================

