Device configuration: omp,cpu
Memory configuration: host-std
Loaded config: /cluster/home/rdabetic/decmg/configs/mag_3d_corner_barycentric_w_k1.json
=================================================
  Multigrid Convergence Test Configuration
=================================================
 Problem Type:    mag
 Mesh File:       meshes/3d/corner.msh
 Output File:     out/barycentric/w/mag/3d/corner_k1.csv
 MG Cycle Type:   W-Cycle
 Mass Lumping:    barycentric
 B-Conditions:    essential
 Max Refinement:  5
 Eigenvalues:     1 (Tol: 0.01)
 GMRES Benchmark: 8 runs (Tol: 1e-06, K-Dim: 20)
=================================================

======================================================
  Refinement Level: 1
======================================================
 Mesh width (h):  5.0000e-01
 Total DOFs:      545
 Spectral Radii:  0.616213
 GMRES Avg Iters: 19.00
------------------------------------------------------
  MG RESIDUAL DECAY
------------------------------------------------------
 Iter    Rel. Residual           Reduction Factor
------------------------------------------------------
 0       2.702659e-01            -----
 1       6.950434e-02            0.2572
 2       2.390982e-02            0.3440
 3       1.080368e-02            0.4519
 4       5.328675e-03            0.4932
 5       2.797118e-03            0.5249
 6       1.533636e-03            0.5483
 7       8.661295e-04            0.5648
 8       4.988821e-04            0.5760
 9       2.919031e-04            0.5851
 10      1.730120e-04            0.5927
 11      1.036703e-04            0.5992
 12      6.270059e-05            0.6048
 13      3.821958e-05            0.6096
 14      2.344641e-05            0.6135
 15      1.445588e-05            0.6165
------------------------------------------------------
 Iterations:      16
 Final Rel. Res.: 1.445588e-05
 Asymptotic Rate: 0.613184 (Geom. Mean, last 4 iters)
======================================================

======================================================
  Refinement Level: 2
======================================================
 Mesh width (h):  2.5000e-01
 Total DOFs:      3681
 Spectral Radii:  0.711317
 GMRES Avg Iters: 23.25
------------------------------------------------------
  MG RESIDUAL DECAY
------------------------------------------------------
 Iter    Rel. Residual           Reduction Factor
------------------------------------------------------
 0       2.368296e-01            -----
 1       6.865082e-02            0.2899
 2       2.591717e-02            0.3775
 3       1.199543e-02            0.4628
 4       6.326210e-03            0.5274
 5       3.501304e-03            0.5535
 6       2.003082e-03            0.5721
 7       1.180335e-03            0.5893
 8       7.111046e-04            0.6025
 9       4.361189e-04            0.6133
 10      2.714482e-04            0.6224
 11      1.710583e-04            0.6302
 12      1.089277e-04            0.6368
 13      6.998585e-05            0.6425
 14      4.531714e-05            0.6475
 15      2.954829e-05            0.6520
------------------------------------------------------
 Iterations:      16
 Final Rel. Res.: 2.954829e-05
 Asymptotic Rate: 0.647338 (Geom. Mean, last 4 iters)
======================================================

======================================================
  Refinement Level: 3
======================================================
 Mesh width (h):  1.2500e-01
 Total DOFs:      26945
 Spectral Radii:  0.747912
 GMRES Avg Iters: 26.00
------------------------------------------------------
  MG RESIDUAL DECAY
------------------------------------------------------
 Iter    Rel. Residual           Reduction Factor
------------------------------------------------------
 0       2.437250e-01            -----
 1       7.196442e-02            0.2953
 2       2.551088e-02            0.3545
 3       1.133328e-02            0.4443
 4       5.759815e-03            0.5082
 5       3.135299e-03            0.5443
 6       1.784830e-03            0.5693
 7       1.054620e-03            0.5909
 8       6.436708e-04            0.6103
 9       4.039263e-04            0.6275
 10      2.594480e-04            0.6423
 11      1.698508e-04            0.6547
 12      1.129302e-04            0.6649
 13      7.604078e-05            0.6733
 14      5.173870e-05            0.6804
 15      3.551174e-05            0.6864
------------------------------------------------------
 Iterations:      16
 Final Rel. Res.: 3.551174e-05
 Asymptotic Rate: 0.680018 (Geom. Mean, last 4 iters)
======================================================

======================================================
  Refinement Level: 4
======================================================
 Mesh width (h):  6.2500e-02
 Total DOFs:      205953
 Spectral Radii:  0.762889
 GMRES Avg Iters: 27.25
------------------------------------------------------
  MG RESIDUAL DECAY
------------------------------------------------------
 Iter    Rel. Residual           Reduction Factor
------------------------------------------------------
 0       2.526058e-01            -----
 1       7.336361e-02            0.2904
 2       2.592296e-02            0.3533
 3       1.153523e-02            0.4450
 4       5.866259e-03            0.5086
 5       3.215748e-03            0.5482
 6       1.857043e-03            0.5775
 7       1.117824e-03            0.6019
 8       6.968721e-04            0.6234
 9       4.474381e-04            0.6421
 10      2.944097e-04            0.6580
 11      1.976787e-04            0.6714
 12      1.349663e-04            0.6828
 13      9.343393e-05            0.6923
 14      6.543338e-05            0.7003
 15      4.627110e-05            0.7071
------------------------------------------------------
 Iterations:      16
 Final Rel. Res.: 4.627110e-05
 Asymptotic Rate: 0.699887 (Geom. Mean, last 4 iters)
======================================================

======================================================
  Refinement Level: 5
======================================================
 Mesh width (h):  3.1250e-02
 Total DOFs:      1609985
 Spectral Radii:  0.770742
 GMRES Avg Iters: 28.00
------------------------------------------------------
  MG RESIDUAL DECAY
------------------------------------------------------
 Iter    Rel. Residual           Reduction Factor
------------------------------------------------------
 0       2.540610e-01            -----
 1       7.413853e-02            0.2918
 2       2.593669e-02            0.3498
 3       1.138167e-02            0.4388
 4       5.743965e-03            0.5047
 5       3.126501e-03            0.5443
 6       1.793121e-03            0.5735
 7       1.072735e-03            0.5982
 8       6.648912e-04            0.6198
 9       4.245410e-04            0.6385
 10      2.778820e-04            0.6545
 11      1.856628e-04            0.6681
 12      1.261751e-04            0.6796
 13      8.696765e-05            0.6893
 14      6.065673e-05            0.6975
 15      4.273086e-05            0.7045
------------------------------------------------------
 Iterations:      16
 Final Rel. Res.: 4.273086e-05
 Asymptotic Rate: 0.697037 (Geom. Mean, last 4 iters)
======================================================

