Device configuration: omp,cpu
Memory configuration: host-std
Loaded config: /cluster/home/rdabetic/decmg/configs/mag_2d_tria_rowsum_v.json
=================================================
  Multigrid Convergence Test Configuration
=================================================
 Problem Type:    mag
 Mesh File:       meshes/2d/tria.msh
 Output File:     out/rowsum/v/mag/2d/tria.csv
 MG Cycle Type:   V-Cycle
 Mass Lumping:    rowsum
 B-Conditions:    essential
 Max Refinement:  6
 Eigenvalues:     1 (Tol: 0.01)
 GMRES Benchmark: 8 runs (Tol: 1e-06, K-Dim: 20)
=================================================


Gmsh reader: all element attributes were zero.
MFEM only supports positive element attributes.
Setting element attributes to 1.

======================================================
  Refinement Level: 1
======================================================
 Mesh width (h):  1.2500e-01
 Total DOFs:      153
 Spectral Radii:  0.168759
 GMRES Avg Iters: 7.88
------------------------------------------------------
  MG RESIDUAL DECAY
------------------------------------------------------
 Iter    Rel. Residual           Reduction Factor
------------------------------------------------------
 0       8.714933e-02            -----
 1       1.062174e-02            0.1219
 2       1.811395e-03            0.1705
 3       2.568366e-04            0.1418
 4       4.090239e-05            0.1593
 5       6.998582e-06            0.1711
 6       1.089142e-06            0.1556
 7       1.858518e-07            0.1706
 8       3.961960e-08            0.2132
 9       7.802191e-09            0.1969
 10      1.195336e-09            0.1532
 11      1.594573e-10            0.1334
 12      3.110624e-11            0.1951
 13      6.702004e-12            0.2155
 14      1.144042e-12            0.1707
 15      1.606793e-13            0.1404
------------------------------------------------------
 Iterations:      16
 Final Rel. Res.: 1.606793e-13
 Asymptotic Rate: 0.172864 (Geom. Mean, last 4 iters)
======================================================

======================================================
  Refinement Level: 2
======================================================
 Mesh width (h):  6.2500e-02
 Total DOFs:      561
 Spectral Radii:  0.194648
 GMRES Avg Iters: 8.00
------------------------------------------------------
  MG RESIDUAL DECAY
------------------------------------------------------
 Iter    Rel. Residual           Reduction Factor
------------------------------------------------------
 0       1.015858e-01            -----
 1       1.255526e-02            0.1236
 2       1.699874e-03            0.1354
 3       2.651638e-04            0.1560
 4       4.527670e-05            0.1707
 5       8.094189e-06            0.1788
 6       1.348283e-06            0.1666
 7       2.390519e-07            0.1773
 8       4.660595e-08            0.1950
 9       9.097630e-09            0.1952
 10      1.743054e-09            0.1916
 11      3.362388e-10            0.1929
 12      6.561074e-11            0.1951
 13      1.264983e-11            0.1928
 14      2.439393e-12            0.1928
 15      4.737831e-13            0.1942
------------------------------------------------------
 Iterations:      16
 Final Rel. Res.: 4.737831e-13
 Asymptotic Rate: 0.193287 (Geom. Mean, last 4 iters)
======================================================

======================================================
  Refinement Level: 3
======================================================
 Mesh width (h):  3.1250e-02
 Total DOFs:      2145
 Spectral Radii:  0.232011
 GMRES Avg Iters: 8.00
------------------------------------------------------
  MG RESIDUAL DECAY
------------------------------------------------------
 Iter    Rel. Residual           Reduction Factor
------------------------------------------------------
 0       1.037650e-01            -----
 1       1.198922e-02            0.1155
 2       1.672332e-03            0.1395
 3       2.618892e-04            0.1566
 4       4.349563e-05            0.1661
 5       7.388931e-06            0.1699
 6       1.314987e-06            0.1780
 7       2.515268e-07            0.1913
 8       4.958087e-08            0.1971
 9       1.002850e-08            0.2023
 10      2.051586e-09            0.2046
 11      4.246447e-10            0.2070
 12      8.860068e-11            0.2086
 13      1.842832e-11            0.2080
 14      3.824250e-12            0.2075
 15      7.990871e-13            0.2090
------------------------------------------------------
 Iterations:      16
 Final Rel. Res.: 7.990871e-13
 Asymptotic Rate: 0.208154 (Geom. Mean, last 4 iters)
======================================================

======================================================
  Refinement Level: 4
======================================================
 Mesh width (h):  1.5625e-02
 Total DOFs:      8385
 Spectral Radii:  0.254749
 GMRES Avg Iters: 8.00
------------------------------------------------------
  MG RESIDUAL DECAY
------------------------------------------------------
 Iter    Rel. Residual           Reduction Factor
------------------------------------------------------
 0       1.007432e-01            -----
 1       1.313135e-02            0.1303
 2       1.839743e-03            0.1401
 3       2.807343e-04            0.1526
 4       4.686576e-05            0.1669
 5       8.359438e-06            0.1784
 6       1.575367e-06            0.1885
 7       3.137440e-07            0.1992
 8       6.542604e-08            0.2085
 9       1.426115e-08            0.2180
 10      3.201744e-09            0.2245
 11      7.301454e-10            0.2280
 12      1.697111e-10            0.2324
 13      4.029188e-11            0.2374
 14      9.727359e-12            0.2414
 15      2.378874e-12            0.2446
------------------------------------------------------
 Iterations:      16
 Final Rel. Res.: 2.378874e-12
 Asymptotic Rate: 0.241113 (Geom. Mean, last 4 iters)
======================================================

======================================================
  Refinement Level: 5
======================================================
 Mesh width (h):  7.8125e-03
 Total DOFs:      33153
 Spectral Radii:  0.267358
 GMRES Avg Iters: 8.00
------------------------------------------------------
  MG RESIDUAL DECAY
------------------------------------------------------
 Iter    Rel. Residual           Reduction Factor
------------------------------------------------------
 0       1.006066e-01            -----
 1       1.265806e-02            0.1258
 2       1.806444e-03            0.1427
 3       2.736916e-04            0.1515
 4       4.679176e-05            0.1710
 5       8.338023e-06            0.1782
 6       1.558299e-06            0.1869
 7       3.104612e-07            0.1992
 8       6.418022e-08            0.2067
 9       1.375062e-08            0.2143
 10      3.052894e-09            0.2220
 11      6.960353e-10            0.2280
 12      1.623645e-10            0.2333
 13      3.863723e-11            0.2380
 14      9.348038e-12            0.2419
 15      2.290540e-12            0.2450
------------------------------------------------------
 Iterations:      16
 Final Rel. Res.: 2.290540e-12
 Asymptotic Rate: 0.241629 (Geom. Mean, last 4 iters)
======================================================

======================================================
  Refinement Level: 6
======================================================
 Mesh width (h):  3.9063e-03
 Total DOFs:      131841
 Spectral Radii:  0.276286
 GMRES Avg Iters: 8.00
------------------------------------------------------
  MG RESIDUAL DECAY
------------------------------------------------------
 Iter    Rel. Residual           Reduction Factor
------------------------------------------------------
 0       1.019159e-01            -----
 1       1.268892e-02            0.1245
 2       1.794565e-03            0.1414
 3       2.728909e-04            0.1521
 4       4.643115e-05            0.1701
 5       8.396401e-06            0.1808
 6       1.593278e-06            0.1898
 7       3.169718e-07            0.1989
 8       6.568131e-08            0.2072
 9       1.403070e-08            0.2136
 10      3.075644e-09            0.2192
 11      6.885769e-10            0.2239
 12      1.566452e-10            0.2275
 13      3.615508e-11            0.2308
 14      8.467782e-12            0.2342
 15      2.012739e-12            0.2377
------------------------------------------------------
 Iterations:      16
 Final Rel. Res.: 2.012739e-12
 Asymptotic Rate: 0.234220 (Geom. Mean, last 4 iters)
======================================================

