Device configuration: omp,cpu
Memory configuration: host-std
Loaded config: /cluster/home/rdabetic/decmg/configs/mag_3d_corner_barycentric_v.json
=================================================
  Multigrid Convergence Test Configuration
=================================================
 Problem Type:    mag
 Mesh File:       meshes/3d/corner.msh
 Output File:     out/barycentric/v/mag/3d/corner.csv
 MG Cycle Type:   V-Cycle
 Mass Lumping:    barycentric
 B-Conditions:    essential
 Max Refinement:  5
 Eigenvalues:     1 (Tol: 0.01)
 GMRES Benchmark: 8 runs (Tol: 1e-06, K-Dim: 20)
=================================================

======================================================
  Refinement Level: 1
======================================================
 Mesh width (h):  5.0000e-01
 Total DOFs:      545
 Spectral Radii:  0.370789
 GMRES Avg Iters: 13.50
------------------------------------------------------
  MG RESIDUAL DECAY
------------------------------------------------------
 Iter    Rel. Residual           Reduction Factor
------------------------------------------------------
 0       7.333107e-02            -----
 1       1.226442e-02            0.1672
 2       2.894501e-03            0.2360
 3       8.704895e-04            0.3007
 4       2.794982e-04            0.3211
 5       9.399983e-05            0.3363
 6       3.256861e-05            0.3465
 7       1.150507e-05            0.3533
 8       4.113431e-06            0.3575
 9       1.481342e-06            0.3601
 10      5.357069e-07            0.3616
 11      1.941883e-07            0.3625
 12      7.048110e-08            0.3630
 13      2.559797e-08            0.3632
 14      9.299731e-09            0.3633
 15      3.379007e-09            0.3633
------------------------------------------------------
 Iterations:      16
 Final Rel. Res.: 3.379007e-09
 Asymptotic Rate: 0.363278 (Geom. Mean, last 4 iters)
======================================================

======================================================
  Refinement Level: 2
======================================================
 Mesh width (h):  2.5000e-01
 Total DOFs:      3681
 Spectral Radii:  0.533903
 GMRES Avg Iters: 15.75
------------------------------------------------------
  MG RESIDUAL DECAY
------------------------------------------------------
 Iter    Rel. Residual           Reduction Factor
------------------------------------------------------
 0       6.970244e-02            -----
 1       1.169344e-02            0.1678
 2       3.410081e-03            0.2916
 3       1.181029e-03            0.3463
 4       4.459118e-04            0.3776
 5       1.783045e-04            0.3999
 6       7.514189e-05            0.4214
 7       3.331600e-05            0.4434
 8       1.548618e-05            0.4648
 9       7.494720e-06            0.4840
 10      3.742385e-06            0.4993
 11      1.911026e-06            0.5106
 12      9.908682e-07            0.5185
 13      5.190483e-07            0.5238
 14      2.737769e-07            0.5275
 15      1.450941e-07            0.5300
------------------------------------------------------
 Iterations:      16
 Final Rel. Res.: 1.450941e-07
 Asymptotic Rate: 0.527082 (Geom. Mean, last 4 iters)
======================================================

======================================================
  Refinement Level: 3
======================================================
 Mesh width (h):  1.2500e-01
 Total DOFs:      26945
 Spectral Radii:  0.600793
 GMRES Avg Iters: 17.00
------------------------------------------------------
  MG RESIDUAL DECAY
------------------------------------------------------
 Iter    Rel. Residual           Reduction Factor
------------------------------------------------------
 0       7.279190e-02            -----
 1       1.168717e-02            0.1606
 2       3.350891e-03            0.2867
 3       1.170576e-03            0.3493
 4       4.624142e-04            0.3950
 5       2.011027e-04            0.4349
 6       9.386486e-05            0.4668
 7       4.603478e-05            0.4904
 8       2.336749e-05            0.5076
 9       1.215484e-05            0.5202
 10      6.436988e-06            0.5296
 11      3.455815e-06            0.5369
 12      1.875342e-06            0.5427
 13      1.026536e-06            0.5474
 14      5.659511e-07            0.5513
 15      3.139125e-07            0.5547
------------------------------------------------------
 Iterations:      16
 Final Rel. Res.: 3.139125e-07
 Asymptotic Rate: 0.551116 (Geom. Mean, last 4 iters)
======================================================

======================================================
  Refinement Level: 4
======================================================
 Mesh width (h):  6.2500e-02
 Total DOFs:      205953
 Spectral Radii:  0.637707
 GMRES Avg Iters: 18.00
------------------------------------------------------
  MG RESIDUAL DECAY
------------------------------------------------------
 Iter    Rel. Residual           Reduction Factor
------------------------------------------------------
 0       7.468564e-02            -----
 1       1.199628e-02            0.1606
 2       3.430898e-03            0.2860
 3       1.222606e-03            0.3564
 4       4.970402e-04            0.4065
 5       2.222550e-04            0.4472
 6       1.063293e-04            0.4784
 7       5.334186e-05            0.5017
 8       2.767350e-05            0.5188
 9       1.470826e-05            0.5315
 10      7.958032e-06            0.5411
 11      4.364424e-06            0.5484
 12      2.419040e-06            0.5543
 13      1.352277e-06            0.5590
 14      7.613337e-07            0.5630
 15      4.312588e-07            0.5665
------------------------------------------------------
 Iterations:      16
 Final Rel. Res.: 4.312588e-07
 Asymptotic Rate: 0.562814 (Geom. Mean, last 4 iters)
======================================================

======================================================
  Refinement Level: 5
======================================================
 Mesh width (h):  3.1250e-02
 Total DOFs:      1609985
 Spectral Radii:  0.662822
 GMRES Avg Iters: 18.00
------------------------------------------------------
  MG RESIDUAL DECAY
------------------------------------------------------
 Iter    Rel. Residual           Reduction Factor
------------------------------------------------------
 0       7.560468e-02            -----
 1       1.186097e-02            0.1569
 2       3.332539e-03            0.2810
 3       1.172356e-03            0.3518
 4       4.713788e-04            0.4021
 5       2.084329e-04            0.4422
 6       9.865033e-05            0.4733
 7       4.901444e-05            0.4969
 8       2.522828e-05            0.5147
 9       1.333297e-05            0.5285
 10      7.191355e-06            0.5394
 11      3.941861e-06            0.5481
 12      2.189212e-06            0.5554
 13      1.229207e-06            0.5615
 14      6.966801e-07            0.5668
 15      3.981375e-07            0.5715
------------------------------------------------------
 Iterations:      16
 Final Rel. Res.: 3.981375e-07
 Asymptotic Rate: 0.566563 (Geom. Mean, last 4 iters)
======================================================

