Device configuration: omp,cpu
Memory configuration: host-std
Loaded config: /cluster/home/rdabetic/decmg/configs/mag_2d_reentrant_barycentric_w.json
=================================================
  Multigrid Convergence Test Configuration
=================================================
 Problem Type:    mag
 Mesh File:       meshes/2d/reentrant.msh
 Output File:     out/barycentric/w/mag/2d/reentrant.csv
 MG Cycle Type:   W-Cycle
 Mass Lumping:    barycentric
 B-Conditions:    essential
 Max Refinement:  6
 Eigenvalues:     1 (Tol: 0.01)
 GMRES Benchmark: 8 runs (Tol: 1e-06, K-Dim: 20)
=================================================


Gmsh reader: all element attributes were zero.
MFEM only supports positive element attributes.
Setting element attributes to 1.

======================================================
  Refinement Level: 1
======================================================
 Mesh width (h):  1.4951e-01
 Total DOFs:      297
 Spectral Radii:  0.239176
 GMRES Avg Iters: 9.00
------------------------------------------------------
  MG RESIDUAL DECAY
------------------------------------------------------
 Iter    Rel. Residual           Reduction Factor
------------------------------------------------------
 0       1.017613e-01            -----
 1       2.179283e-02            0.2142
 2       3.765851e-03            0.1728
 3       5.055050e-04            0.1342
 4       1.300279e-04            0.2572
 5       2.982067e-05            0.2293
 6       6.758042e-06            0.2266
 7       1.624766e-06            0.2404
 8       3.915809e-07            0.2410
 9       9.487529e-08            0.2423
 10      2.359997e-08            0.2487
 11      5.949338e-09            0.2521
 12      1.490552e-09            0.2505
 13      3.713069e-10            0.2491
 14      9.277556e-11            0.2499
 15      2.325176e-11            0.2506
------------------------------------------------------
 Iterations:      16
 Final Rel. Res.: 2.325176e-11
 Asymptotic Rate: 0.249864 (Geom. Mean, last 4 iters)
======================================================

======================================================
  Refinement Level: 2
======================================================
 Mesh width (h):  7.4754e-02
 Total DOFs:      1105
 Spectral Radii:  0.293545
 GMRES Avg Iters: 9.75
------------------------------------------------------
  MG RESIDUAL DECAY
------------------------------------------------------
 Iter    Rel. Residual           Reduction Factor
------------------------------------------------------
 0       9.309938e-02            -----
 1       1.296245e-02            0.1392
 2       2.404967e-03            0.1855
 3       5.851574e-04            0.2433
 4       1.506533e-04            0.2575
 5       3.939305e-05            0.2615
 6       1.051062e-05            0.2668
 7       2.866092e-06            0.2727
 8       7.931237e-07            0.2767
 9       2.208354e-07            0.2784
 10      6.155757e-08            0.2787
 11      1.727439e-08            0.2806
 12      4.894373e-09            0.2833
 13      1.401994e-09            0.2865
 14      4.056733e-10            0.2894
 15      1.182193e-10            0.2914
------------------------------------------------------
 Iterations:      16
 Final Rel. Res.: 1.182193e-10
 Asymptotic Rate: 0.289066 (Geom. Mean, last 4 iters)
======================================================

======================================================
  Refinement Level: 3
======================================================
 Mesh width (h):  3.7377e-02
 Total DOFs:      4257
 Spectral Radii:  0.362628
 GMRES Avg Iters: 10.00
------------------------------------------------------
  MG RESIDUAL DECAY
------------------------------------------------------
 Iter    Rel. Residual           Reduction Factor
------------------------------------------------------
 0       1.101236e-01            -----
 1       1.664813e-02            0.1512
 2       3.045245e-03            0.1829
 3       7.463299e-04            0.2451
 4       2.036808e-04            0.2729
 5       5.896095e-05            0.2895
 6       1.770800e-05            0.3003
 7       5.367778e-06            0.3031
 8       1.636234e-06            0.3048
 9       5.098431e-07            0.3116
 10      1.643533e-07            0.3224
 11      5.443326e-08            0.3312
 12      1.832547e-08            0.3367
 13      6.227734e-09            0.3398
 14      2.129503e-09            0.3419
 15      7.317426e-10            0.3436
------------------------------------------------------
 Iterations:      16
 Final Rel. Res.: 7.317426e-10
 Asymptotic Rate: 0.341797 (Geom. Mean, last 4 iters)
======================================================

======================================================
  Refinement Level: 4
======================================================
 Mesh width (h):  1.8689e-02
 Total DOFs:      16705
 Spectral Radii:  0.392925
 GMRES Avg Iters: 10.00
------------------------------------------------------
  MG RESIDUAL DECAY
------------------------------------------------------
 Iter    Rel. Residual           Reduction Factor
------------------------------------------------------
 0       1.082738e-01            -----
 1       1.624872e-02            0.1501
 2       3.171143e-03            0.1952
 3       7.330224e-04            0.2312
 4       2.058117e-04            0.2808
 5       6.130982e-05            0.2979
 6       1.905306e-05            0.3108
 7       6.177029e-06            0.3242
 8       2.065312e-06            0.3344
 9       7.074020e-07            0.3425
 10      2.471266e-07            0.3493
 11      8.779760e-08            0.3553
 12      3.163378e-08            0.3603
 13      1.152635e-08            0.3644
 14      4.237250e-09            0.3676
 15      1.568957e-09            0.3703
------------------------------------------------------
 Iterations:      16
 Final Rel. Res.: 1.568957e-09
 Asymptotic Rate: 0.367412 (Geom. Mean, last 4 iters)
======================================================

======================================================
  Refinement Level: 5
======================================================
 Mesh width (h):  9.3443e-03
 Total DOFs:      66177
 Spectral Radii:  0.406558
 GMRES Avg Iters: 10.00
------------------------------------------------------
  MG RESIDUAL DECAY
------------------------------------------------------
 Iter    Rel. Residual           Reduction Factor
------------------------------------------------------
 0       1.081458e-01            -----
 1       1.596631e-02            0.1476
 2       3.153948e-03            0.1975
 3       7.817826e-04            0.2479
 4       2.155187e-04            0.2757
 5       6.603736e-05            0.3064
 6       2.095470e-05            0.3173
 7       6.984647e-06            0.3333
 8       2.414921e-06            0.3457
 9       8.570198e-07            0.3549
 10      3.104547e-07            0.3622
 11      1.142942e-07            0.3682
 12      4.260852e-08            0.3728
 13      1.604204e-08            0.3765
 14      6.088117e-09            0.3795
 15      2.325689e-09            0.3820
------------------------------------------------------
 Iterations:      16
 Final Rel. Res.: 2.325689e-09
 Asymptotic Rate: 0.379331 (Geom. Mean, last 4 iters)
======================================================

======================================================
  Refinement Level: 6
======================================================
 Mesh width (h):  4.6722e-03
 Total DOFs:      263425
 Spectral Radii:  0.41166
 GMRES Avg Iters: 10.00
------------------------------------------------------
  MG RESIDUAL DECAY
------------------------------------------------------
 Iter    Rel. Residual           Reduction Factor
------------------------------------------------------
 0       1.094431e-01            -----
 1       1.614531e-02            0.1475
 2       3.111005e-03            0.1927
 3       7.503833e-04            0.2412
 4       2.102061e-04            0.2801
 5       6.396255e-05            0.3043
 6       2.054959e-05            0.3213
 7       6.897367e-06            0.3356
 8       2.393997e-06            0.3471
 9       8.531532e-07            0.3564
 10      3.103907e-07            0.3638
 11      1.147696e-07            0.3698
 12      4.298283e-08            0.3745
 13      1.626351e-08            0.3784
 14      6.205797e-09            0.3816
 15      2.384898e-09            0.3843
------------------------------------------------------
 Iterations:      16
 Final Rel. Res.: 2.384898e-09
 Asymptotic Rate: 0.381410 (Geom. Mean, last 4 iters)
======================================================

