Device configuration: omp,cpu
Memory configuration: host-std
Loaded config: /cluster/home/rdabetic/decmg/configs/mag_3d_ball_barycentric_w.json
=================================================
  Multigrid Convergence Test Configuration
=================================================
 Problem Type:    mag
 Mesh File:       meshes/3d/ball.msh
 Output File:     out/barycentric/w/mag/3d/ball.csv
 MG Cycle Type:   W-Cycle
 Mass Lumping:    barycentric
 B-Conditions:    essential
 Max Refinement:  5
 Eigenvalues:     1 (Tol: 0.01)
 GMRES Benchmark: 8 runs (Tol: 1e-06, K-Dim: 20)
=================================================

======================================================
  Refinement Level: 1
======================================================
 Mesh width (h):  3.0757e-01
 Total DOFs:      939
 Spectral Radii:  0.444325
 GMRES Avg Iters: 17.00
------------------------------------------------------
  MG RESIDUAL DECAY
------------------------------------------------------
 Iter    Rel. Residual           Reduction Factor
------------------------------------------------------
 0       7.850653e-02            -----
 1       1.061394e-02            0.1352
 2       2.728852e-03            0.2571
 3       8.346629e-04            0.3059
 4       2.953940e-04            0.3539
 5       1.142844e-04            0.3869
 6       4.636151e-05            0.4057
 7       1.926560e-05            0.4156
 8       8.117881e-06            0.4214
 9       3.454184e-06            0.4255
 10      1.481988e-06            0.4290
 11      6.406726e-07            0.4323
 12      2.789076e-07            0.4353
 13      1.221800e-07            0.4381
 14      5.381118e-08            0.4404
 15      2.380434e-08            0.4424
------------------------------------------------------
 Iterations:      16
 Final Rel. Res.: 2.380434e-08
 Asymptotic Rate: 0.440283 (Geom. Mean, last 4 iters)
======================================================

======================================================
  Refinement Level: 2
======================================================
 Mesh width (h):  1.5378e-01
 Total DOFs:      6341
 Spectral Radii:  0.562609
 GMRES Avg Iters: 22.25
------------------------------------------------------
  MG RESIDUAL DECAY
------------------------------------------------------
 Iter    Rel. Residual           Reduction Factor
------------------------------------------------------
 0       7.514331e-02            -----
 1       1.350824e-02            0.1798
 2       3.944200e-03            0.2920
 3       1.394089e-03            0.3535
 4       5.545829e-04            0.3978
 5       2.414256e-04            0.4353
 6       1.120654e-04            0.4642
 7       5.444510e-05            0.4858
 8       2.732806e-05            0.5019
 9       1.403837e-05            0.5137
 10      7.330059e-06            0.5221
 11      3.871753e-06            0.5282
 12      2.062166e-06            0.5326
 13      1.105187e-06            0.5359
 14      5.951688e-07            0.5385
 15      3.217613e-07            0.5406
------------------------------------------------------
 Iterations:      16
 Final Rel. Res.: 3.217613e-07
 Asymptotic Rate: 0.538357 (Geom. Mean, last 4 iters)
======================================================

======================================================
  Refinement Level: 3
======================================================
 Mesh width (h):  7.6892e-02
 Total DOFs:      46409
 Spectral Radii:  0.649578
 GMRES Avg Iters: 26.00
------------------------------------------------------
  MG RESIDUAL DECAY
------------------------------------------------------
 Iter    Rel. Residual           Reduction Factor
------------------------------------------------------
 0       7.523417e-02            -----
 1       1.281558e-02            0.1703
 2       3.816921e-03            0.2978
 3       1.399976e-03            0.3668
 4       5.830127e-04            0.4164
 5       2.654768e-04            0.4554
 6       1.293314e-04            0.4872
 7       6.635040e-05            0.5130
 8       3.539812e-05            0.5335
 9       1.944578e-05            0.5493
 10      1.091719e-05            0.5614
 11      6.228895e-06            0.5706
 12      3.597117e-06            0.5775
 13      2.096317e-06            0.5828
 14      1.230229e-06            0.5869
 15      7.258714e-07            0.5900
------------------------------------------------------
 Iterations:      16
 Final Rel. Res.: 7.258714e-07
 Asymptotic Rate: 0.586546 (Geom. Mean, last 4 iters)
======================================================

======================================================
  Refinement Level: 4
======================================================
 Mesh width (h):  3.8446e-02
 Total DOFs:      354705
 Spectral Radii:  0.69359
 GMRES Avg Iters: 28.00
------------------------------------------------------
  MG RESIDUAL DECAY
------------------------------------------------------
 Iter    Rel. Residual           Reduction Factor
------------------------------------------------------
 0       7.675300e-02            -----
 1       1.267624e-02            0.1652
 2       3.707702e-03            0.2925
 3       1.372781e-03            0.3703
 4       5.862367e-04            0.4270
 5       2.782077e-04            0.4746
 6       1.429250e-04            0.5137
 7       7.785882e-05            0.5448
 8       4.425650e-05            0.5684
 9       2.593853e-05            0.5861
 10      1.554338e-05            0.5992
 11      9.467560e-06            0.6091
 12      5.838121e-06            0.6166
 13      3.634423e-06            0.6225
 14      2.279647e-06            0.6272
 15      1.438644e-06            0.6311
------------------------------------------------------
 Iterations:      16
 Final Rel. Res.: 1.438644e-06
 Asymptotic Rate: 0.626941 (Geom. Mean, last 4 iters)
======================================================

======================================================
  Refinement Level: 5
======================================================
 Mesh width (h):  1.9223e-02
 Total DOFs:      2772769
 Spectral Radii:  0.710745
 GMRES Avg Iters: 28.00
------------------------------------------------------
  MG RESIDUAL DECAY
------------------------------------------------------
 Iter    Rel. Residual           Reduction Factor
------------------------------------------------------
 0       7.669629e-02            -----
 1       1.248144e-02            0.1627
 2       3.594258e-03            0.2880
 3       1.313543e-03            0.3655
 4       5.552711e-04            0.4227
 5       2.609066e-04            0.4699
 6       1.324567e-04            0.5077
 7       7.116623e-05            0.5373
 8       3.988258e-05            0.5604
 9       2.308444e-05            0.5788
 10      1.370770e-05            0.5938
 11      8.311366e-06            0.6063
 12      5.127962e-06            0.6170
 13      3.210959e-06            0.6262
 14      2.036243e-06            0.6342
 15      1.305518e-06            0.6411
------------------------------------------------------
 Iterations:      16
 Final Rel. Res.: 1.305518e-06
 Asymptotic Rate: 0.633791 (Geom. Mean, last 4 iters)
======================================================

