Device configuration: omp,cpu
Memory configuration: host-std
Loaded config: /cluster/home/rdabetic/decmg/configs/mag_3d_hole_void_rowsum_w.json
=================================================
  Multigrid Convergence Test Configuration
=================================================
 Problem Type:    mag
 Mesh File:       meshes/3d/hole_void.msh
 Output File:     out/rowsum/w/mag/3d/hole_void.csv
 MG Cycle Type:   W-Cycle
 Mass Lumping:    rowsum
 B-Conditions:    essential
 Max Refinement:  5
 Eigenvalues:     2 (Tol: 0.01)
 GMRES Benchmark: 8 runs (Tol: 1e-06, K-Dim: 20)
=================================================

======================================================
  Refinement Level: 1
======================================================
 Mesh width (h):  1.5811e+00
 Total DOFs:      1505
 Spectral Radii:  1 0.433545
 GMRES Avg Iters: 22.00
------------------------------------------------------
  MG RESIDUAL DECAY
------------------------------------------------------
 Iter    Rel. Residual           Reduction Factor
------------------------------------------------------
 0       7.747257e-02            -----
 1       1.690818e-02            0.2182
 2       5.352194e-03            0.3165
 3       1.830891e-03            0.3421
 4       6.546090e-04            0.3575
 5       2.401224e-04            0.3668
 6       9.008164e-05            0.3751
 7       3.440460e-05            0.3819
 8       1.333929e-05            0.3877
 9       5.235054e-06            0.3925
 10      2.074294e-06            0.3962
 11      8.279530e-07            0.3991
 12      3.323035e-07            0.4014
 13      1.339208e-07            0.4030
 14      5.413776e-08            0.4043
 15      2.193729e-08            0.4052
------------------------------------------------------
 Iterations:      16
 Final Rel. Res.: 2.193729e-08
 Asymptotic Rate: 0.404156 (Geom. Mean, last 4 iters)
======================================================

======================================================
  Refinement Level: 2
======================================================
 Mesh width (h):  7.9057e-01
 Total DOFs:      10689
 Spectral Radii:  1 0.447584
 GMRES Avg Iters: 26.50
------------------------------------------------------
  MG RESIDUAL DECAY
------------------------------------------------------
 Iter    Rel. Residual           Reduction Factor
------------------------------------------------------
 0       6.399570e-02            -----
 1       1.062800e-02            0.1661
 2       2.999837e-03            0.2823
 3       1.013611e-03            0.3379
 4       3.609923e-04            0.3561
 5       1.331712e-04            0.3689
 6       5.021749e-05            0.3771
 7       1.924147e-05            0.3832
 8       7.455505e-06            0.3875
 9       2.913253e-06            0.3908
 10      1.146384e-06            0.3935
 11      4.541024e-07            0.3961
 12      1.811095e-07            0.3988
 13      7.276844e-08            0.4018
 14      2.947658e-08            0.4051
 15      1.204636e-08            0.4087
------------------------------------------------------
 Iterations:      16
 Final Rel. Res.: 1.204636e-08
 Asymptotic Rate: 0.405171 (Geom. Mean, last 4 iters)
======================================================

======================================================
  Refinement Level: 3
======================================================
 Mesh width (h):  3.9528e-01
 Total DOFs:      80257
 Spectral Radii:  1 0.448668
 GMRES Avg Iters: 29.12
------------------------------------------------------
  MG RESIDUAL DECAY
------------------------------------------------------
 Iter    Rel. Residual           Reduction Factor
------------------------------------------------------
 0       6.450825e-02            -----
 1       1.148256e-02            0.1780
 2       2.887170e-03            0.2514
 3       8.975752e-04            0.3109
 4       3.016889e-04            0.3361
 5       1.072040e-04            0.3553
 6       3.950921e-05            0.3685
 7       1.495216e-05            0.3784
 8       5.767411e-06            0.3857
 9       2.256722e-06            0.3913
 10      8.930055e-07            0.3957
 11      3.566765e-07            0.3994
 12      1.436191e-07            0.4027
 13      5.825550e-08            0.4056
 14      2.379235e-08            0.4084
 15      9.780772e-09            0.4111
------------------------------------------------------
 Iterations:      16
 Final Rel. Res.: 9.780772e-09
 Asymptotic Rate: 0.408370 (Geom. Mean, last 4 iters)
======================================================

======================================================
  Refinement Level: 4
======================================================
 Mesh width (h):  1.9764e-01
 Total DOFs:      621313
 Spectral Radii:  1 0.45204
 GMRES Avg Iters: 30.62
------------------------------------------------------
  MG RESIDUAL DECAY
------------------------------------------------------
 Iter    Rel. Residual           Reduction Factor
------------------------------------------------------
 0       6.457261e-02            -----
 1       9.980632e-03            0.1546
 2       2.497225e-03            0.2502
 3       7.433172e-04            0.2977
 4       2.385713e-04            0.3210
 5       8.066258e-05            0.3381
 6       2.839130e-05            0.3520
 7       1.032517e-05            0.3637
 8       3.859746e-06            0.3738
 9       1.476832e-06            0.3826
 10      5.763961e-07            0.3903
 11      2.287995e-07            0.3969
 12      9.214610e-08            0.4027
 13      3.757626e-08            0.4078
 14      1.549003e-08            0.4122
 15      6.446286e-09            0.4162
------------------------------------------------------
 Iterations:      16
 Final Rel. Res.: 6.446286e-09
 Asymptotic Rate: 0.412045 (Geom. Mean, last 4 iters)
======================================================

======================================================
  Refinement Level: 5
======================================================
 Mesh width (h):  9.8821e-02
 Total DOFs:      4888065
 Spectral Radii:  1 0.464277
 GMRES Avg Iters: 31.00
------------------------------------------------------
  MG RESIDUAL DECAY
------------------------------------------------------
 Iter    Rel. Residual           Reduction Factor
------------------------------------------------------
 0       6.533308e-02            -----
 1       9.689239e-03            0.1483
 2       2.391982e-03            0.2469
 3       6.988238e-04            0.2922
 4       2.196989e-04            0.3144
 5       7.284445e-05            0.3316
 6       2.517940e-05            0.3457
 7       9.014220e-06            0.3580
 8       3.326030e-06            0.3690
 9       1.259621e-06            0.3787
 10      4.878905e-07            0.3873
 11      1.926673e-07            0.3949
 12      7.736341e-08            0.4015
 13      3.151475e-08            0.4074
 14      1.299882e-08            0.4125
 15      5.419895e-09            0.4170
------------------------------------------------------
 Iterations:      16
 Final Rel. Res.: 5.419895e-09
 Asymptotic Rate: 0.412242 (Geom. Mean, last 4 iters)
======================================================

