Device configuration: omp,cpu
Memory configuration: host-std
Loaded config: /cluster/home/rdabetic/decmg/configs/mag_2d_L_scaledid_w.json
=================================================
  Multigrid Convergence Test Configuration
=================================================
 Problem Type:    mag
 Mesh File:       meshes/2d/L.msh
 Output File:     out/scaledid/w/mag/2d/L.csv
 MG Cycle Type:   W-Cycle
 Mass Lumping:    scaledid
 B-Conditions:    essential
 Max Refinement:  6
 Eigenvalues:     1 (Tol: 0.01)
 GMRES Benchmark: 8 runs (Tol: 1e-06, K-Dim: 20)
=================================================


Gmsh reader: all element attributes were zero.
MFEM only supports positive element attributes.
Setting element attributes to 1.

======================================================
  Refinement Level: 1
======================================================
 Mesh width (h):  1.8352e-01
 Total DOFs:      205
 Spectral Radii:  0.159201
 GMRES Avg Iters: 12.00
------------------------------------------------------
  MG RESIDUAL DECAY
------------------------------------------------------
 Iter    Rel. Residual           Reduction Factor
------------------------------------------------------
 0       7.417986e-02            -----
 1       7.467545e-03            0.1007
 2       8.612688e-04            0.1153
 3       9.021763e-05            0.1047
 4       9.401050e-06            0.1042
 5       1.172808e-06            0.1248
 6       1.878552e-07            0.1602
 7       3.089970e-08            0.1645
 8       4.833961e-09            0.1564
 9       8.725469e-10            0.1805
 10      1.604075e-10            0.1838
 11      2.513345e-11            0.1567
 12      3.321191e-12            0.1321
 13      4.200657e-13            0.1265
 14      6.441291e-14            0.1533
 15      1.149056e-14            0.1784
------------------------------------------------------
 Iterations:      16
 Final Rel. Res.: 1.149056e-14
 Asymptotic Rate: 0.151245 (Geom. Mean, last 4 iters)
======================================================

======================================================
  Refinement Level: 2
======================================================
 Mesh width (h):  9.1759e-02
 Total DOFs:      761
 Spectral Radii:  0.159147
 GMRES Avg Iters: 13.00
------------------------------------------------------
  MG RESIDUAL DECAY
------------------------------------------------------
 Iter    Rel. Residual           Reduction Factor
------------------------------------------------------
 0       8.687192e-02            -----
 1       1.023441e-02            0.1178
 2       1.248652e-03            0.1220
 3       1.558131e-04            0.1248
 4       2.116365e-05            0.1358
 5       3.000282e-06            0.1418
 6       4.429900e-07            0.1476
 7       6.407711e-08            0.1446
 8       9.964069e-09            0.1555
 9       1.594858e-09            0.1601
 10      2.567123e-10            0.1610
 11      4.081708e-11            0.1590
 12      6.364271e-12            0.1559
 13      9.760902e-13            0.1534
 14      1.433626e-13            0.1469
 15      2.035746e-14            0.1420
------------------------------------------------------
 Iterations:      16
 Final Rel. Res.: 2.035746e-14
 Asymptotic Rate: 0.147341 (Geom. Mean, last 4 iters)
======================================================

======================================================
  Refinement Level: 3
======================================================
 Mesh width (h):  4.5880e-02
 Total DOFs:      2929
 Spectral Radii:  0.16832
 GMRES Avg Iters: 14.00
------------------------------------------------------
  MG RESIDUAL DECAY
------------------------------------------------------
 Iter    Rel. Residual           Reduction Factor
------------------------------------------------------
 0       9.699946e-02            -----
 1       1.159119e-02            0.1195
 2       1.449158e-03            0.1250
 3       1.966231e-04            0.1357
 4       2.824966e-05            0.1437
 5       4.216711e-06            0.1493
 6       6.660751e-07            0.1580
 7       1.121177e-07            0.1683
 8       1.915003e-08            0.1708
 9       3.126754e-09            0.1633
 10      4.904750e-10            0.1569
 11      7.580544e-11            0.1546
 12      1.141825e-11            0.1506
 13      1.673719e-12            0.1466
 14      2.482255e-13            0.1483
 15      3.838212e-14            0.1546
------------------------------------------------------
 Iterations:      16
 Final Rel. Res.: 3.838212e-14
 Asymptotic Rate: 0.149799 (Geom. Mean, last 4 iters)
======================================================

======================================================
  Refinement Level: 4
======================================================
 Mesh width (h):  2.2940e-02
 Total DOFs:      11489
 Spectral Radii:  0.16789
 GMRES Avg Iters: 14.50
------------------------------------------------------
  MG RESIDUAL DECAY
------------------------------------------------------
 Iter    Rel. Residual           Reduction Factor
------------------------------------------------------
 0       9.727482e-02            -----
 1       1.172100e-02            0.1205
 2       1.513997e-03            0.1292
 3       2.022435e-04            0.1336
 4       2.923344e-05            0.1445
 5       4.350359e-06            0.1488
 6       6.598028e-07            0.1517
 7       1.019295e-07            0.1545
 8       1.634063e-08            0.1603
 9       2.648016e-09            0.1621
 10      4.208330e-10            0.1589
 11      6.672198e-11            0.1585
 12      1.053257e-11            0.1579
 13      1.651235e-12            0.1568
 14      2.631880e-13            0.1594
 15      4.311106e-14            0.1638
------------------------------------------------------
 Iterations:      16
 Final Rel. Res.: 4.311106e-14
 Asymptotic Rate: 0.159962 (Geom. Mean, last 4 iters)
======================================================

======================================================
  Refinement Level: 5
======================================================
 Mesh width (h):  1.1470e-02
 Total DOFs:      45505
 Spectral Radii:  0.168116
 GMRES Avg Iters: 15.00
------------------------------------------------------
  MG RESIDUAL DECAY
------------------------------------------------------
 Iter    Rel. Residual           Reduction Factor
------------------------------------------------------
 0       9.617961e-02            -----
 1       1.139517e-02            0.1185
 2       1.463537e-03            0.1284
 3       1.975176e-04            0.1350
 4       2.898786e-05            0.1468
 5       4.367971e-06            0.1507
 6       6.564152e-07            0.1503
 7       1.004069e-07            0.1530
 8       1.583104e-08            0.1577
 9       2.536070e-09            0.1602
 10      4.119735e-10            0.1624
 11      6.794913e-11            0.1649
 12      1.108872e-11            0.1632
 13      1.825288e-12            0.1646
 14      3.044358e-13            0.1668
 15      5.087508e-14            0.1671
------------------------------------------------------
 Iterations:      16
 Final Rel. Res.: 5.087508e-14
 Asymptotic Rate: 0.166166 (Geom. Mean, last 4 iters)
======================================================

======================================================
  Refinement Level: 6
======================================================
 Mesh width (h):  5.7350e-03
 Total DOFs:      181121
 Spectral Radii:  0.172542
 GMRES Avg Iters: 15.00
------------------------------------------------------
  MG RESIDUAL DECAY
------------------------------------------------------
 Iter    Rel. Residual           Reduction Factor
------------------------------------------------------
 0       9.828179e-02            -----
 1       1.159808e-02            0.1180
 2       1.496074e-03            0.1290
 3       2.003144e-04            0.1339
 4       2.885271e-05            0.1440
 5       4.246310e-06            0.1472
 6       6.314524e-07            0.1487
 7       9.684550e-08            0.1534
 8       1.509878e-08            0.1559
 9       2.384406e-09            0.1579
 10      3.819081e-10            0.1602
 11      6.239642e-11            0.1634
 12      1.044398e-11            0.1674
 13      1.761853e-12            0.1687
 14      2.969762e-13            0.1686
 15      4.936803e-14            0.1662
------------------------------------------------------
 Iterations:      16
 Final Rel. Res.: 4.936803e-14
 Asymptotic Rate: 0.167826 (Geom. Mean, last 4 iters)
======================================================

