Device configuration: omp,cpu
Memory configuration: host-std
Loaded config: /cluster/home/rdabetic/decmg/configs/mag_2d_circle_rowsum_w.json
=================================================
  Multigrid Convergence Test Configuration
=================================================
 Problem Type:    mag
 Mesh File:       meshes/2d/circle.msh
 Output File:     out/rowsum/w/mag/2d/circle.csv
 MG Cycle Type:   W-Cycle
 Mass Lumping:    rowsum
 B-Conditions:    essential
 Max Refinement:  6
 Eigenvalues:     1 (Tol: 0.01)
 GMRES Benchmark: 8 runs (Tol: 1e-06, K-Dim: 20)
=================================================


Gmsh reader: all element attributes were zero.
MFEM only supports positive element attributes.
Setting element attributes to 1.

======================================================
  Refinement Level: 1
======================================================
 Mesh width (h):  1.8955e-01
 Total DOFs:      807
 Spectral Radii:  0.183073
 GMRES Avg Iters: 8.12
------------------------------------------------------
  MG RESIDUAL DECAY
------------------------------------------------------
 Iter    Rel. Residual           Reduction Factor
------------------------------------------------------
 0       8.015595e-02            -----
 1       9.514760e-03            0.1187
 2       1.250228e-03            0.1314
 3       1.808337e-04            0.1446
 4       2.935805e-05            0.1623
 5       5.133435e-06            0.1749
 6       9.375389e-07            0.1826
 7       1.586042e-07            0.1692
 8       2.385876e-08            0.1504
 9       3.695729e-09            0.1549
 10      6.787757e-10            0.1837
 11      1.243258e-10            0.1832
 12      2.040417e-11            0.1641
 13      3.190470e-12            0.1564
 14      5.381789e-13            0.1687
 15      9.908568e-14            0.1841
------------------------------------------------------
 Iterations:      16
 Final Rel. Res.: 9.908568e-14
 Asymptotic Rate: 0.169342 (Geom. Mean, last 4 iters)
======================================================

======================================================
  Refinement Level: 2
======================================================
 Mesh width (h):  9.4776e-02
 Total DOFs:      3133
 Spectral Radii:  0.197576
 GMRES Avg Iters: 9.00
------------------------------------------------------
  MG RESIDUAL DECAY
------------------------------------------------------
 Iter    Rel. Residual           Reduction Factor
------------------------------------------------------
 0       9.283422e-02            -----
 1       1.085942e-02            0.1170
 2       1.532762e-03            0.1411
 3       2.388429e-04            0.1558
 4       3.975756e-05            0.1665
 5       7.141507e-06            0.1796
 6       1.264248e-06            0.1770
 7       2.233507e-07            0.1767
 8       3.920303e-08            0.1755
 9       6.886020e-09            0.1757
 10      1.228635e-09            0.1784
 11      2.233520e-10            0.1818
 12      4.104987e-11            0.1838
 13      7.575165e-12            0.1845
 14      1.401380e-12            0.1850
 15      2.591382e-13            0.1849
------------------------------------------------------
 Iterations:      16
 Final Rel. Res.: 2.591382e-13
 Asymptotic Rate: 0.184816 (Geom. Mean, last 4 iters)
======================================================

======================================================
  Refinement Level: 3
======================================================
 Mesh width (h):  4.7388e-02
 Total DOFs:      12345
 Spectral Radii:  0.236029
 GMRES Avg Iters: 9.00
------------------------------------------------------
  MG RESIDUAL DECAY
------------------------------------------------------
 Iter    Rel. Residual           Reduction Factor
------------------------------------------------------
 0       9.567677e-02            -----
 1       1.199155e-02            0.1253
 2       1.752475e-03            0.1461
 3       2.742505e-04            0.1565
 4       4.968178e-05            0.1812
 5       9.580457e-06            0.1928
 6       1.914147e-06            0.1998
 7       3.960647e-07            0.2069
 8       8.262269e-08            0.2086
 9       1.736342e-08            0.2102
 10      3.669096e-09            0.2113
 11      7.791578e-10            0.2124
 12      1.665418e-10            0.2137
 13      3.585151e-11            0.2153
 14      7.772357e-12            0.2168
 15      1.695978e-12            0.2182
------------------------------------------------------
 Iterations:      16
 Final Rel. Res.: 1.695978e-12
 Asymptotic Rate: 0.216753 (Geom. Mean, last 4 iters)
======================================================

======================================================
  Refinement Level: 4
======================================================
 Mesh width (h):  2.3694e-02
 Total DOFs:      49009
 Spectral Radii:  0.251666
 GMRES Avg Iters: 9.00
------------------------------------------------------
  MG RESIDUAL DECAY
------------------------------------------------------
 Iter    Rel. Residual           Reduction Factor
------------------------------------------------------
 0       9.665308e-02            -----
 1       1.210588e-02            0.1253
 2       1.786002e-03            0.1475
 3       2.876776e-04            0.1611
 4       5.244719e-05            0.1823
 5       1.019633e-05            0.1944
 6       2.061509e-06            0.2022
 7       4.311955e-07            0.2092
 8       9.300707e-08            0.2157
 9       2.050114e-08            0.2204
 10      4.597632e-09            0.2243
 11      1.046224e-09            0.2276
 12      2.406183e-10            0.2300
 13      5.576939e-11            0.2318
 14      1.301292e-11            0.2333
 15      3.056103e-12            0.2349
------------------------------------------------------
 Iterations:      16
 Final Rel. Res.: 3.056103e-12
 Asymptotic Rate: 0.233317 (Geom. Mean, last 4 iters)
======================================================

======================================================
  Refinement Level: 5
======================================================
 Mesh width (h):  1.1847e-02
 Total DOFs:      195297
 Spectral Radii:  0.258774
 GMRES Avg Iters: 9.00
------------------------------------------------------
  MG RESIDUAL DECAY
------------------------------------------------------
 Iter    Rel. Residual           Reduction Factor
------------------------------------------------------
 0       9.741922e-02            -----
 1       1.218358e-02            0.1251
 2       1.769439e-03            0.1452
 3       2.862177e-04            0.1618
 4       5.219070e-05            0.1823
 5       1.015079e-05            0.1945
 6       2.075514e-06            0.2045
 7       4.399150e-07            0.2120
 8       9.579986e-08            0.2178
 9       2.130844e-08            0.2224
 10      4.820411e-09            0.2262
 11      1.107089e-09            0.2297
 12      2.576657e-10            0.2327
 13      6.066061e-11            0.2354
 14      1.442529e-11            0.2378
 15      3.460084e-12            0.2399
------------------------------------------------------
 Iterations:      16
 Final Rel. Res.: 3.460084e-12
 Asymptotic Rate: 0.237690 (Geom. Mean, last 4 iters)
======================================================

======================================================
  Refinement Level: 6
======================================================
 Mesh width (h):  5.9235e-03
 Total DOFs:      779713
 Spectral Radii:  0.261872
 GMRES Avg Iters: 9.00
------------------------------------------------------
  MG RESIDUAL DECAY
------------------------------------------------------
 Iter    Rel. Residual           Reduction Factor
------------------------------------------------------
 0       9.696781e-02            -----
 1       1.219710e-02            0.1258
 2       1.772917e-03            0.1454
 3       2.881432e-04            0.1625
 4       5.314625e-05            0.1844
 5       1.046562e-05            0.1969
 6       2.162191e-06            0.2066
 7       4.643668e-07            0.2148
 8       1.023898e-07            0.2205
 9       2.303056e-08            0.2249
 10      5.268379e-09            0.2288
 11      1.223849e-09            0.2323
 12      2.881295e-10            0.2354
 13      6.861263e-11            0.2381
 14      1.650102e-11            0.2405
 15      4.001993e-12            0.2425
------------------------------------------------------
 Iterations:      16
 Final Rel. Res.: 4.001993e-12
 Asymptotic Rate: 0.240379 (Geom. Mean, last 4 iters)
======================================================

