Device configuration: omp,cpu
Memory configuration: host-std
Loaded config: /cluster/home/rdabetic/decmg/configs/mag_3d_hole_void_barycentric_w.json
=================================================
  Multigrid Convergence Test Configuration
=================================================
 Problem Type:    mag
 Mesh File:       meshes/3d/hole_void.msh
 Output File:     out/barycentric/w/mag/3d/hole_void.csv
 MG Cycle Type:   W-Cycle
 Mass Lumping:    barycentric
 B-Conditions:    essential
 Max Refinement:  5
 Eigenvalues:     2 (Tol: 0.01)
 GMRES Benchmark: 8 runs (Tol: 1e-06, K-Dim: 20)
=================================================

======================================================
  Refinement Level: 1
======================================================
 Mesh width (h):  1.5811e+00
 Total DOFs:      1505
 Spectral Radii:  1 0.55785
 GMRES Avg Iters: 22.62
------------------------------------------------------
  MG RESIDUAL DECAY
------------------------------------------------------
 Iter    Rel. Residual           Reduction Factor
------------------------------------------------------
 0       8.753784e-02            -----
 1       1.805694e-02            0.2063
 2       6.808373e-03            0.3771
 3       2.935010e-03            0.4311
 4       1.344661e-03            0.4581
 5       6.399784e-04            0.4759
 6       3.126104e-04            0.4885
 7       1.558164e-04            0.4984
 8       7.901035e-05            0.5071
 9       4.067591e-05            0.5148
 10      2.122431e-05            0.5218
 11      1.120647e-05            0.5280
 12      5.977978e-06            0.5334
 13      3.216824e-06            0.5381
 14      1.743693e-06            0.5421
 15      9.508780e-07            0.5453
------------------------------------------------------
 Iterations:      16
 Final Rel. Res.: 9.508780e-07
 Asymptotic Rate: 0.541822 (Geom. Mean, last 4 iters)
======================================================

======================================================
  Refinement Level: 2
======================================================
 Mesh width (h):  7.9057e-01
 Total DOFs:      10689
 Spectral Radii:  1 0.644437
 GMRES Avg Iters: 27.00
------------------------------------------------------
  MG RESIDUAL DECAY
------------------------------------------------------
 Iter    Rel. Residual           Reduction Factor
------------------------------------------------------
 0       7.090923e-02            -----
 1       1.250622e-02            0.1764
 2       4.004329e-03            0.3202
 3       1.559048e-03            0.3893
 4       6.746355e-04            0.4327
 5       3.148812e-04            0.4667
 6       1.556763e-04            0.4944
 7       8.074010e-05            0.5186
 8       4.369429e-05            0.5412
 9       2.456702e-05            0.5622
 10      1.427808e-05            0.5812
 11      8.527250e-06            0.5972
 12      5.201710e-06            0.6100
 13      3.223458e-06            0.6197
 14      2.020307e-06            0.6268
 15      1.276372e-06            0.6318
------------------------------------------------------
 Iterations:      16
 Final Rel. Res.: 1.276372e-06
 Asymptotic Rate: 0.626052 (Geom. Mean, last 4 iters)
======================================================

======================================================
  Refinement Level: 3
======================================================
 Mesh width (h):  3.9528e-01
 Total DOFs:      80257
 Spectral Radii:  1 0.653313
 GMRES Avg Iters: 28.25
------------------------------------------------------
  MG RESIDUAL DECAY
------------------------------------------------------
 Iter    Rel. Residual           Reduction Factor
------------------------------------------------------
 0       7.328612e-02            -----
 1       1.284740e-02            0.1753
 2       3.867020e-03            0.3010
 3       1.461348e-03            0.3779
 4       6.403656e-04            0.4382
 5       3.132655e-04            0.4892
 6       1.655365e-04            0.5284
 7       9.213161e-05            0.5566
 8       5.309249e-05            0.5763
 9       3.133336e-05            0.5902
 10      1.880571e-05            0.6002
 11      1.142614e-05            0.6076
 12      7.006603e-06            0.6132
 13      4.327097e-06            0.6176
 14      2.687308e-06            0.6210
 15      1.676484e-06            0.6239
------------------------------------------------------
 Iterations:      16
 Final Rel. Res.: 1.676484e-06
 Asymptotic Rate: 0.620818 (Geom. Mean, last 4 iters)
======================================================

======================================================
  Refinement Level: 4
======================================================
 Mesh width (h):  1.9764e-01
 Total DOFs:      621313
 Spectral Radii:  1 0.667682
 GMRES Avg Iters: 29.25
------------------------------------------------------
  MG RESIDUAL DECAY
------------------------------------------------------
 Iter    Rel. Residual           Reduction Factor
------------------------------------------------------
 0       7.441315e-02            -----
 1       1.234660e-02            0.1659
 2       3.620250e-03            0.2932
 3       1.347712e-03            0.3723
 4       5.779098e-04            0.4288
 5       2.738934e-04            0.4739
 6       1.392787e-04            0.5085
 7       7.443302e-05            0.5344
 8       4.123177e-05            0.5539
 9       2.345893e-05            0.5690
 10      1.362319e-05            0.5807
 11      8.039375e-06            0.5901
 12      4.805526e-06            0.5977
 13      2.902683e-06            0.6040
 14      1.768577e-06            0.6093
 15      1.085502e-06            0.6138
------------------------------------------------------
 Iterations:      16
 Final Rel. Res.: 1.085502e-06
 Asymptotic Rate: 0.609018 (Geom. Mean, last 4 iters)
======================================================

======================================================
  Refinement Level: 5
======================================================
 Mesh width (h):  9.8821e-02
 Total DOFs:      4888065
 Spectral Radii:  1 0.689819
 GMRES Avg Iters: 30.00
------------------------------------------------------
  MG RESIDUAL DECAY
------------------------------------------------------
 Iter    Rel. Residual           Reduction Factor
------------------------------------------------------
 0       7.534662e-02            -----
 1       1.227068e-02            0.1629
 2       3.545389e-03            0.2889
 3       1.300435e-03            0.3668
 4       5.494819e-04            0.4225
 5       2.575673e-04            0.4687
 6       1.301961e-04            0.5055
 7       6.948064e-05            0.5337
 8       3.856979e-05            0.5551
 9       2.205275e-05            0.5718
 10      1.290227e-05            0.5851
 11      7.689962e-06            0.5960
 12      4.654468e-06            0.6053
 13      2.854253e-06            0.6132
 14      1.770156e-06            0.6202
 15      1.108672e-06            0.6263
------------------------------------------------------
 Iterations:      16
 Final Rel. Res.: 1.108672e-06
 Asymptotic Rate: 0.619885 (Geom. Mean, last 4 iters)
======================================================

