Device configuration: omp,cpu
Memory configuration: host-std
Loaded config: /cluster/home/rdabetic/decmg/configs/mag_3d_corner_rowsum_w_k3.json
=================================================
  Multigrid Convergence Test Configuration
=================================================
 Problem Type:    mag
 Mesh File:       meshes/3d/corner.msh
 Output File:     out/rowsum/w/mag/3d/corner_k3.csv
 MG Cycle Type:   W-Cycle
 Mass Lumping:    rowsum
 B-Conditions:    essential
 Max Refinement:  5
 Eigenvalues:     1 (Tol: 0.01)
 GMRES Benchmark: 8 runs (Tol: 1e-06, K-Dim: 20)
=================================================

======================================================
  Refinement Level: 1
======================================================
 Mesh width (h):  5.0000e-01
 Total DOFs:      545
 Spectral Radii:  0.239881
 GMRES Avg Iters: 13.00
------------------------------------------------------
  MG RESIDUAL DECAY
------------------------------------------------------
 Iter    Rel. Residual           Reduction Factor
------------------------------------------------------
 0       3.318355e-02            -----
 1       4.033471e-03            0.1216
 2       7.358949e-04            0.1824
 3       1.486504e-04            0.2020
 4       3.189701e-05            0.2146
 5       7.204494e-06            0.2259
 6       1.667682e-06            0.2315
 7       3.929122e-07            0.2356
 8       9.340066e-08            0.2377
 9       2.233136e-08            0.2391
 10      5.356654e-09            0.2399
 11      1.287617e-09            0.2404
 12      3.099264e-10            0.2407
 13      7.466696e-11            0.2409
 14      1.800025e-11            0.2411
 15      4.341444e-12            0.2412
------------------------------------------------------
 Iterations:      16
 Final Rel. Res.: 4.341444e-12
 Asymptotic Rate: 0.241060 (Geom. Mean, last 4 iters)
======================================================

======================================================
  Refinement Level: 2
======================================================
 Mesh width (h):  2.5000e-01
 Total DOFs:      3681
 Spectral Radii:  0.260535
 GMRES Avg Iters: 14.88
------------------------------------------------------
  MG RESIDUAL DECAY
------------------------------------------------------
 Iter    Rel. Residual           Reduction Factor
------------------------------------------------------
 0       2.766472e-02            -----
 1       3.637556e-03            0.1315
 2       6.456626e-04            0.1775
 3       1.261413e-04            0.1954
 4       2.638774e-05            0.2092
 5       5.786256e-06            0.2193
 6       1.316704e-06            0.2276
 7       3.085868e-07            0.2344
 8       7.405803e-08            0.2400
 9       1.811215e-08            0.2446
 10      4.495851e-09            0.2482
 11      1.128901e-09            0.2511
 12      2.859897e-10            0.2533
 13      7.294475e-11            0.2551
 14      1.870222e-11            0.2564
 15      4.814147e-12            0.2574
------------------------------------------------------
 Iterations:      16
 Final Rel. Res.: 4.814147e-12
 Asymptotic Rate: 0.256285 (Geom. Mean, last 4 iters)
======================================================

======================================================
  Refinement Level: 3
======================================================
 Mesh width (h):  1.2500e-01
 Total DOFs:      26945
 Spectral Radii:  0.258122
 GMRES Avg Iters: 15.38
------------------------------------------------------
  MG RESIDUAL DECAY
------------------------------------------------------
 Iter    Rel. Residual           Reduction Factor
------------------------------------------------------
 0       2.750730e-02            -----
 1       3.242520e-03            0.1179
 2       5.501912e-04            0.1697
 3       1.052563e-04            0.1913
 4       2.152453e-05            0.2045
 5       4.602472e-06            0.2138
 6       1.017389e-06            0.2211
 7       2.308313e-07            0.2269
 8       5.349912e-08            0.2318
 9       1.262321e-08            0.2360
 10      3.024285e-09            0.2396
 11      7.340811e-10            0.2427
 12      1.801702e-10            0.2454
 13      4.463484e-11            0.2477
 14      1.114380e-11            0.2497
 15      2.800013e-12            0.2513
------------------------------------------------------
 Iterations:      16
 Final Rel. Res.: 2.800013e-12
 Asymptotic Rate: 0.249551 (Geom. Mean, last 4 iters)
======================================================

======================================================
  Refinement Level: 4
======================================================
 Mesh width (h):  6.2500e-02
 Total DOFs:      205953
 Spectral Radii:  0.259137
 GMRES Avg Iters: 16.00
------------------------------------------------------
  MG RESIDUAL DECAY
------------------------------------------------------
 Iter    Rel. Residual           Reduction Factor
------------------------------------------------------
 0       2.704050e-02            -----
 1       3.003105e-03            0.1111
 2       4.737384e-04            0.1577
 3       8.429184e-05            0.1779
 4       1.616007e-05            0.1917
 5       3.270420e-06            0.2024
 6       6.899516e-07            0.2110
 7       1.503706e-07            0.2179
 8       3.363112e-08            0.2237
 9       7.680279e-09            0.2284
 10      1.784109e-09            0.2323
 11      4.203514e-10            0.2356
 12      1.002233e-10            0.2384
 13      2.413872e-11            0.2408
 14      5.864397e-12            0.2429
 15      1.435430e-12            0.2448
------------------------------------------------------
 Iterations:      16
 Final Rel. Res.: 1.435430e-12
 Asymptotic Rate: 0.242850 (Geom. Mean, last 4 iters)
======================================================

======================================================
  Refinement Level: 5
======================================================
 Mesh width (h):  3.1250e-02
 Total DOFs:      1609985
 Spectral Radii:  0.263426
 GMRES Avg Iters: 16.00
------------------------------------------------------
  MG RESIDUAL DECAY
------------------------------------------------------
 Iter    Rel. Residual           Reduction Factor
------------------------------------------------------
 0       2.688163e-02            -----
 1       2.923391e-03            0.1088
 2       4.529989e-04            0.1550
 3       7.892382e-05            0.1742
 4       1.480274e-05            0.1876
 5       2.942596e-06            0.1988
 6       6.141132e-07            0.2087
 7       1.334999e-07            0.2174
 8       3.001387e-08            0.2248
 9       6.933646e-09            0.2310
 10      1.636760e-09            0.2361
 11      3.930247e-10            0.2401
 12      9.565732e-11            0.2434
 13      2.353396e-11            0.2460
 14      5.840537e-12            0.2482
 15      1.459863e-12            0.2500
------------------------------------------------------
 Iterations:      16
 Final Rel. Res.: 1.459863e-12
 Asymptotic Rate: 0.248045 (Geom. Mean, last 4 iters)
======================================================

