Device configuration: omp,cpu
Memory configuration: host-std
Loaded config: /cluster/home/rdabetic/decmg/configs/mag_3d_corner_barycentric_v_k1.json
=================================================
  Multigrid Convergence Test Configuration
=================================================
 Problem Type:    mag
 Mesh File:       meshes/3d/corner.msh
 Output File:     out/barycentric/v/mag/3d/corner_k1.csv
 MG Cycle Type:   V-Cycle
 Mass Lumping:    barycentric
 B-Conditions:    essential
 Max Refinement:  5
 Eigenvalues:     1 (Tol: 0.01)
 GMRES Benchmark: 8 runs (Tol: 1e-06, K-Dim: 20)
=================================================

======================================================
  Refinement Level: 1
======================================================
 Mesh width (h):  5.0000e-01
 Total DOFs:      545
 Spectral Radii:  0.616213
 GMRES Avg Iters: 19.00
------------------------------------------------------
  MG RESIDUAL DECAY
------------------------------------------------------
 Iter    Rel. Residual           Reduction Factor
------------------------------------------------------
 0       2.702659e-01            -----
 1       6.950434e-02            0.2572
 2       2.390982e-02            0.3440
 3       1.080368e-02            0.4519
 4       5.328675e-03            0.4932
 5       2.797118e-03            0.5249
 6       1.533636e-03            0.5483
 7       8.661295e-04            0.5648
 8       4.988821e-04            0.5760
 9       2.919031e-04            0.5851
 10      1.730120e-04            0.5927
 11      1.036703e-04            0.5992
 12      6.270059e-05            0.6048
 13      3.821958e-05            0.6096
 14      2.344641e-05            0.6135
 15      1.445588e-05            0.6165
------------------------------------------------------
 Iterations:      16
 Final Rel. Res.: 1.445588e-05
 Asymptotic Rate: 0.613184 (Geom. Mean, last 4 iters)
======================================================

======================================================
  Refinement Level: 2
======================================================
 Mesh width (h):  2.5000e-01
 Total DOFs:      3681
 Spectral Radii:  0.724674
 GMRES Avg Iters: 23.88
------------------------------------------------------
  MG RESIDUAL DECAY
------------------------------------------------------
 Iter    Rel. Residual           Reduction Factor
------------------------------------------------------
 0       2.373336e-01            -----
 1       6.899438e-02            0.2907
 2       2.628292e-02            0.3809
 3       1.208598e-02            0.4598
 4       6.347458e-03            0.5252
 5       3.525094e-03            0.5554
 6       2.028252e-03            0.5754
 7       1.203018e-03            0.5931
 8       7.300389e-04            0.6068
 9       4.512023e-04            0.6181
 10      2.832097e-04            0.6277
 11      1.801700e-04            0.6362
 12      1.159875e-04            0.6438
 13      7.546403e-05            0.6506
 14      4.957047e-05            0.6569
 15      3.284762e-05            0.6626
------------------------------------------------------
 Iterations:      16
 Final Rel. Res.: 3.284762e-05
 Asymptotic Rate: 0.656696 (Geom. Mean, last 4 iters)
======================================================

======================================================
  Refinement Level: 3
======================================================
 Mesh width (h):  1.2500e-01
 Total DOFs:      26945
 Spectral Radii:  0.771213
 GMRES Avg Iters: 27.00
------------------------------------------------------
  MG RESIDUAL DECAY
------------------------------------------------------
 Iter    Rel. Residual           Reduction Factor
------------------------------------------------------
 0       2.449106e-01            -----
 1       7.299811e-02            0.2981
 2       2.599476e-02            0.3561
 3       1.162520e-02            0.4472
 4       5.967398e-03            0.5133
 5       3.295383e-03            0.5522
 6       1.903976e-03            0.5778
 7       1.141149e-03            0.5994
 8       7.060908e-04            0.6188
 9       4.490275e-04            0.6359
 10      2.923446e-04            0.6511
 11      1.941274e-04            0.6640
 12      1.310370e-04            0.6750
 13      8.965970e-05            0.6842
 14      6.204350e-05            0.6920
 15      4.333905e-05            0.6985
------------------------------------------------------
 Iterations:      16
 Final Rel. Res.: 4.333905e-05
 Asymptotic Rate: 0.691558 (Geom. Mean, last 4 iters)
======================================================

======================================================
  Refinement Level: 4
======================================================
 Mesh width (h):  6.2500e-02
 Total DOFs:      205953
 Spectral Radii:  0.794759
 GMRES Avg Iters: 28.00
------------------------------------------------------
  MG RESIDUAL DECAY
------------------------------------------------------
 Iter    Rel. Residual           Reduction Factor
------------------------------------------------------
 0       2.542592e-01            -----
 1       7.434485e-02            0.2924
 2       2.630423e-02            0.3538
 3       1.170788e-02            0.4451
 4       5.998216e-03            0.5123
 5       3.320825e-03            0.5536
 6       1.940203e-03            0.5843
 7       1.182553e-03            0.6095
 8       7.466582e-04            0.6314
 9       4.855022e-04            0.6502
 10      3.234310e-04            0.6662
 11      2.197775e-04            0.6795
 12      1.517827e-04            0.6906
 13      1.062257e-04            0.6999
 14      7.516130e-05            0.7076
 15      5.366801e-05            0.7140
------------------------------------------------------
 Iterations:      16
 Final Rel. Res.: 5.366801e-05
 Asymptotic Rate: 0.707127 (Geom. Mean, last 4 iters)
======================================================

======================================================
  Refinement Level: 5
======================================================
 Mesh width (h):  3.1250e-02
 Total DOFs:      1609985
 Spectral Radii:  0.810785
 GMRES Avg Iters: 29.00
------------------------------------------------------
  MG RESIDUAL DECAY
------------------------------------------------------
 Iter    Rel. Residual           Reduction Factor
------------------------------------------------------
 0       2.558107e-01            -----
 1       7.516218e-02            0.2938
 2       2.631174e-02            0.3501
 3       1.154749e-02            0.4389
 4       5.865510e-03            0.5079
 5       3.225794e-03            0.5500
 6       1.873364e-03            0.5807
 7       1.135236e-03            0.6060
 8       7.124306e-04            0.6276
 9       4.602905e-04            0.6461
 10      3.046600e-04            0.6619
 11      2.057272e-04            0.6753
 12      1.412400e-04            0.6865
 13      9.830895e-05            0.6960
 14      6.921775e-05            0.7041
 15      4.920956e-05            0.7109
------------------------------------------------------
 Iterations:      16
 Final Rel. Res.: 4.920956e-05
 Asymptotic Rate: 0.703662 (Geom. Mean, last 4 iters)
======================================================

