Device configuration: omp,cpu
Memory configuration: host-std
Loaded config: /cluster/home/rdabetic/decmg/configs/mag_3d_cube_rowsum_v.json
=================================================
  Multigrid Convergence Test Configuration
=================================================
 Problem Type:    mag
 Mesh File:       meshes/3d/cube.msh
 Output File:     out/rowsum/v/mag/3d/cube.csv
 MG Cycle Type:   V-Cycle
 Mass Lumping:    rowsum
 B-Conditions:    essential
 Max Refinement:  5
 Eigenvalues:     1 (Tol: 0.01)
 GMRES Benchmark: 8 runs (Tol: 1e-06, K-Dim: 20)
=================================================

======================================================
  Refinement Level: 1
======================================================
 Mesh width (h):  5.0000e-01
 Total DOFs:      365
 Spectral Radii:  0.286499
 GMRES Avg Iters: 9.00
------------------------------------------------------
  MG RESIDUAL DECAY
------------------------------------------------------
 Iter    Rel. Residual           Reduction Factor
------------------------------------------------------
 0       6.771566e-02            -----
 1       7.755182e-03            0.1145
 2       1.560763e-03            0.2013
 3       3.483204e-04            0.2232
 4       8.266436e-05            0.2373
 5       2.054604e-05            0.2485
 6       5.181299e-06            0.2522
 7       1.339142e-06            0.2585
 8       3.522094e-07            0.2630
 9       9.455733e-08            0.2685
 10      2.582165e-08            0.2731
 11      7.157591e-09            0.2772
 12      2.006735e-09            0.2804
 13      5.673935e-10            0.2827
 14      1.613661e-10            0.2844
 15      4.607126e-11            0.2855
------------------------------------------------------
 Iterations:      16
 Final Rel. Res.: 4.607126e-11
 Asymptotic Rate: 0.284215 (Geom. Mean, last 4 iters)
======================================================

======================================================
  Refinement Level: 2
======================================================
 Mesh width (h):  2.5000e-01
 Total DOFs:      2457
 Spectral Radii:  0.293249
 GMRES Avg Iters: 10.00
------------------------------------------------------
  MG RESIDUAL DECAY
------------------------------------------------------
 Iter    Rel. Residual           Reduction Factor
------------------------------------------------------
 0       6.654806e-02            -----
 1       1.031718e-02            0.1550
 2       2.314795e-03            0.2244
 3       5.661806e-04            0.2446
 4       1.439425e-04            0.2542
 5       3.744577e-05            0.2601
 6       9.950115e-06            0.2657
 7       2.688305e-06            0.2702
 8       7.359246e-07            0.2738
 9       2.033767e-07            0.2764
 10      5.659779e-08            0.2783
 11      1.583239e-08            0.2797
 12      4.446493e-09            0.2808
 13      1.252658e-09            0.2817
 14      3.537534e-10            0.2824
 15      1.000879e-10            0.2829
------------------------------------------------------
 Iterations:      16
 Final Rel. Res.: 1.000879e-10
 Asymptotic Rate: 0.282350 (Geom. Mean, last 4 iters)
======================================================

======================================================
  Refinement Level: 3
======================================================
 Mesh width (h):  1.2500e-01
 Total DOFs:      17969
 Spectral Radii:  0.316516
 GMRES Avg Iters: 10.00
------------------------------------------------------
  MG RESIDUAL DECAY
------------------------------------------------------
 Iter    Rel. Residual           Reduction Factor
------------------------------------------------------
 0       6.970899e-02            -----
 1       9.975550e-03            0.1431
 2       2.289507e-03            0.2295
 3       5.721906e-04            0.2499
 4       1.483515e-04            0.2593
 5       3.942198e-05            0.2657
 6       1.069371e-05            0.2713
 7       2.949301e-06            0.2758
 8       8.240014e-07            0.2794
 9       2.324660e-07            0.2821
 10      6.605571e-08            0.2842
 11      1.887050e-08            0.2857
 12      5.413331e-09            0.2869
 13      1.558339e-09            0.2879
 14      4.500291e-10            0.2888
 15      1.303654e-10            0.2897
------------------------------------------------------
 Iterations:      16
 Final Rel. Res.: 1.303654e-10
 Asymptotic Rate: 0.288779 (Geom. Mean, last 4 iters)
======================================================

======================================================
  Refinement Level: 4
======================================================
 Mesh width (h):  6.2500e-02
 Total DOFs:      137313
 Spectral Radii:  0.324698
 GMRES Avg Iters: 10.00
------------------------------------------------------
  MG RESIDUAL DECAY
------------------------------------------------------
 Iter    Rel. Residual           Reduction Factor
------------------------------------------------------
 0       6.916893e-02            -----
 1       9.533867e-03            0.1378
 2       2.220277e-03            0.2329
 3       5.707588e-04            0.2571
 4       1.512923e-04            0.2651
 5       4.114280e-05            0.2719
 6       1.140754e-05            0.2773
 7       3.211111e-06            0.2815
 8       9.148710e-07            0.2849
 9       2.632998e-07            0.2878
 10      7.644254e-08            0.2903
 11      2.236519e-08            0.2926
 12      6.588745e-09            0.2946
 13      1.953033e-09            0.2964
 14      5.821117e-10            0.2981
 15      1.743537e-10            0.2995
------------------------------------------------------
 Iterations:      16
 Final Rel. Res.: 1.743537e-10
 Asymptotic Rate: 0.297995 (Geom. Mean, last 4 iters)
======================================================

======================================================
  Refinement Level: 5
======================================================
 Mesh width (h):  3.1250e-02
 Total DOFs:      1073345
 Spectral Radii:  0.326381
 GMRES Avg Iters: 10.00
------------------------------------------------------
  MG RESIDUAL DECAY
------------------------------------------------------
 Iter    Rel. Residual           Reduction Factor
------------------------------------------------------
 0       6.971796e-02            -----
 1       9.516679e-03            0.1365
 2       2.206535e-03            0.2319
 3       5.654154e-04            0.2562
 4       1.493044e-04            0.2641
 5       4.034956e-05            0.2703
 6       1.110579e-05            0.2752
 7       3.102253e-06            0.2793
 8       8.770296e-07            0.2827
 9       2.504291e-07            0.2855
 10      7.212098e-08            0.2880
 11      2.092649e-08            0.2902
 12      6.113110e-09            0.2921
 13      1.796851e-09            0.2939
 14      5.311940e-10            0.2956
 15      1.578811e-10            0.2972
------------------------------------------------------
 Iterations:      16
 Final Rel. Res.: 1.578811e-10
 Asymptotic Rate: 0.295590 (Geom. Mean, last 4 iters)
======================================================

