Device configuration: omp,cpu
Memory configuration: host-std
Loaded config: /cluster/home/rdabetic/decmg/configs/mag_3d_corner_barycentric_w_k3.json
=================================================
  Multigrid Convergence Test Configuration
=================================================
 Problem Type:    mag
 Mesh File:       meshes/3d/corner.msh
 Output File:     out/barycentric/w/mag/3d/corner_k3.csv
 MG Cycle Type:   W-Cycle
 Mass Lumping:    barycentric
 B-Conditions:    essential
 Max Refinement:  5
 Eigenvalues:     1 (Tol: 0.01)
 GMRES Benchmark: 8 runs (Tol: 1e-06, K-Dim: 20)
=================================================

======================================================
  Refinement Level: 1
======================================================
 Mesh width (h):  5.0000e-01
 Total DOFs:      545
 Spectral Radii:  0.24257
 GMRES Avg Iters: 12.88
------------------------------------------------------
  MG RESIDUAL DECAY
------------------------------------------------------
 Iter    Rel. Residual           Reduction Factor
------------------------------------------------------
 0       3.115111e-02            -----
 1       4.170556e-03            0.1339
 2       7.853444e-04            0.1883
 3       1.700505e-04            0.2165
 4       4.029156e-05            0.2369
 5       9.904943e-06            0.2458
 6       2.448462e-06            0.2472
 7       6.004652e-07            0.2452
 8       1.454967e-07            0.2423
 9       3.484546e-08            0.2395
 10      8.272227e-09            0.2374
 11      1.956115e-09            0.2365
 12      4.637379e-10            0.2371
 13      1.110015e-10            0.2394
 14      2.697930e-11            0.2431
 15      6.672257e-12            0.2473
------------------------------------------------------
 Iterations:      16
 Final Rel. Res.: 6.672257e-12
 Asymptotic Rate: 0.243220 (Geom. Mean, last 4 iters)
======================================================

======================================================
  Refinement Level: 2
======================================================
 Mesh width (h):  2.5000e-01
 Total DOFs:      3681
 Spectral Radii:  0.371743
 GMRES Avg Iters: 14.00
------------------------------------------------------
  MG RESIDUAL DECAY
------------------------------------------------------
 Iter    Rel. Residual           Reduction Factor
------------------------------------------------------
 0       3.138305e-02            -----
 1       4.471995e-03            0.1425
 2       8.971732e-04            0.2006
 3       2.076686e-04            0.2315
 4       5.225361e-05            0.2516
 5       1.398461e-05            0.2676
 6       3.952289e-06            0.2826
 7       1.176519e-06            0.2977
 8       3.665304e-07            0.3115
 9       1.182884e-07            0.3227
 10      3.914501e-08            0.3309
 11      1.318268e-08            0.3368
 12      4.496292e-09            0.3411
 13      1.549120e-09            0.3445
 14      5.384163e-10            0.3476
 15      1.886565e-10            0.3504
------------------------------------------------------
 Iterations:      16
 Final Rel. Res.: 1.886565e-10
 Asymptotic Rate: 0.347487 (Geom. Mean, last 4 iters)
======================================================

======================================================
  Refinement Level: 3
======================================================
 Mesh width (h):  1.2500e-01
 Total DOFs:      26945
 Spectral Radii:  0.425332
 GMRES Avg Iters: 15.00
------------------------------------------------------
  MG RESIDUAL DECAY
------------------------------------------------------
 Iter    Rel. Residual           Reduction Factor
------------------------------------------------------
 0       3.129192e-02            -----
 1       4.072738e-03            0.1302
 2       8.346687e-04            0.2049
 3       2.148607e-04            0.2574
 4       6.383711e-05            0.2971
 5       2.081428e-05            0.3261
 6       7.211261e-06            0.3465
 7       2.601876e-06            0.3608
 8       9.652672e-07            0.3710
 9       3.652046e-07            0.3783
 10      1.401677e-07            0.3838
 11      5.438542e-08            0.3880
 12      2.128416e-08            0.3914
 13      8.389156e-09            0.3942
 14      3.326801e-09            0.3966
 15      1.326402e-09            0.3987
------------------------------------------------------
 Iterations:      16
 Final Rel. Res.: 1.326402e-09
 Asymptotic Rate: 0.396466 (Geom. Mean, last 4 iters)
======================================================

======================================================
  Refinement Level: 4
======================================================
 Mesh width (h):  6.2500e-02
 Total DOFs:      205953
 Spectral Radii:  0.445523
 GMRES Avg Iters: 15.00
------------------------------------------------------
  MG RESIDUAL DECAY
------------------------------------------------------
 Iter    Rel. Residual           Reduction Factor
------------------------------------------------------
 0       3.136285e-02            -----
 1       4.022038e-03            0.1282
 2       8.433813e-04            0.2097
 3       2.289453e-04            0.2715
 4       7.328256e-05            0.3201
 5       2.601508e-05            0.3550
 6       9.843465e-06            0.3784
 7       3.876682e-06            0.3938
 8       1.567116e-06            0.4042
 9       6.448091e-07            0.4115
 10      2.686456e-07            0.4166
 11      1.129472e-07            0.4204
 12      4.781180e-08            0.4233
 13      2.034634e-08            0.4256
 14      8.694765e-09            0.4273
 15      3.728321e-09            0.4288
------------------------------------------------------
 Iterations:      16
 Final Rel. Res.: 3.728321e-09
 Asymptotic Rate: 0.427228 (Geom. Mean, last 4 iters)
======================================================

======================================================
  Refinement Level: 5
======================================================
 Mesh width (h):  3.1250e-02
 Total DOFs:      1609985
 Spectral Radii:  0.456765
 GMRES Avg Iters: 15.62
------------------------------------------------------
  MG RESIDUAL DECAY
------------------------------------------------------
 Iter    Rel. Residual           Reduction Factor
------------------------------------------------------
 0       3.129203e-02            -----
 1       3.923919e-03            0.1254
 2       8.095480e-04            0.2063
 3       2.163968e-04            0.2673
 4       6.816510e-05            0.3150
 5       2.386070e-05            0.3500
 6       8.934834e-06            0.3745
 7       3.497648e-06            0.3915
 8       1.411469e-06            0.4035
 9       5.820413e-07            0.4124
 10      2.438562e-07            0.4190
 11      1.034018e-07            0.4240
 12      4.425494e-08            0.4280
 13      1.908061e-08            0.4312
 14      8.275603e-09            0.4337
 15      3.606775e-09            0.4358
------------------------------------------------------
 Iterations:      16
 Final Rel. Res.: 3.606775e-09
 Asymptotic Rate: 0.433563 (Geom. Mean, last 4 iters)
======================================================

