Device configuration: omp,cpu
Memory configuration: host-std
Loaded config: /cluster/home/rdabetic/decmg/configs/mag_2d_two_holes_barycentric_v.json
=================================================
  Multigrid Convergence Test Configuration
=================================================
 Problem Type:    mag
 Mesh File:       meshes/2d/two_holes.msh
 Output File:     out/barycentric/v/mag/2d/two_holes.csv
 MG Cycle Type:   V-Cycle
 Mass Lumping:    barycentric
 B-Conditions:    essential
 Max Refinement:  6
 Eigenvalues:     3 (Tol: 0.01)
 GMRES Benchmark: 8 runs (Tol: 1e-06, K-Dim: 20)
=================================================


Gmsh reader: all element attributes were zero.
MFEM only supports positive element attributes.
Setting element attributes to 1.

======================================================
  Refinement Level: 1
======================================================
 Mesh width (h):  9.9615e-02
 Total DOFs:      2403
 Spectral Radii:  1 1 0.273438
 GMRES Avg Iters: 8.75
------------------------------------------------------
  MG RESIDUAL DECAY
------------------------------------------------------
 Iter    Rel. Residual           Reduction Factor
------------------------------------------------------
 0       9.769578e-02            -----
 1       1.243323e-02            0.1273
 2       2.335605e-03            0.1879
 3       5.272440e-04            0.2257
 4       1.283786e-04            0.2435
 5       3.233919e-05            0.2519
 6       8.341538e-06            0.2579
 7       2.132014e-06            0.2556
 8       5.384989e-07            0.2526
 9       1.359279e-07            0.2524
 10      3.461648e-08            0.2547
 11      8.941086e-09            0.2583
 12      2.338279e-09            0.2615
 13      6.147659e-10            0.2629
 14      1.612033e-10            0.2622
 15      4.199667e-11            0.2605
------------------------------------------------------
 Iterations:      16
 Final Rel. Res.: 4.199667e-11
 Asymptotic Rate: 0.261882 (Geom. Mean, last 4 iters)
======================================================

======================================================
  Refinement Level: 2
======================================================
 Mesh width (h):  4.9808e-02
 Total DOFs:      9383
 Spectral Radii:  1 1 0.342216
 GMRES Avg Iters: 9.00
------------------------------------------------------
  MG RESIDUAL DECAY
------------------------------------------------------
 Iter    Rel. Residual           Reduction Factor
------------------------------------------------------
 0       1.089573e-01            -----
 1       1.516122e-02            0.1391
 2       2.845135e-03            0.1877
 3       7.220333e-04            0.2538
 4       1.905551e-04            0.2639
 5       5.013531e-05            0.2631
 6       1.378653e-05            0.2750
 7       3.952637e-06            0.2867
 8       1.157683e-06            0.2929
 9       3.469989e-07            0.2997
 10      1.062031e-07            0.3061
 11      3.296448e-08            0.3104
 12      1.033010e-08            0.3134
 13      3.262691e-09            0.3158
 14      1.037414e-09            0.3180
 15      3.316044e-10            0.3196
------------------------------------------------------
 Iterations:      16
 Final Rel. Res.: 3.316044e-10
 Asymptotic Rate: 0.317813 (Geom. Mean, last 4 iters)
======================================================

======================================================
  Refinement Level: 3
======================================================
 Mesh width (h):  2.4904e-02
 Total DOFs:      37071
 Spectral Radii:  1 1 0.377485
 GMRES Avg Iters: 9.00
------------------------------------------------------
  MG RESIDUAL DECAY
------------------------------------------------------
 Iter    Rel. Residual           Reduction Factor
------------------------------------------------------
 0       1.115478e-01            -----
 1       1.566877e-02            0.1405
 2       3.007877e-03            0.1920
 3       7.114484e-04            0.2365
 4       1.805363e-04            0.2538
 5       4.945101e-05            0.2739
 6       1.427641e-05            0.2887
 7       4.268636e-06            0.2990
 8       1.308567e-06            0.3066
 9       4.111036e-07            0.3142
 10      1.323638e-07            0.3220
 11      4.362251e-08            0.3296
 12      1.467403e-08            0.3364
 13      5.017455e-09            0.3419
 14      1.737472e-09            0.3463
 15      6.077054e-10            0.3498
------------------------------------------------------
 Iterations:      16
 Final Rel. Res.: 6.077054e-10
 Asymptotic Rate: 0.345978 (Geom. Mean, last 4 iters)
======================================================

======================================================
  Refinement Level: 4
======================================================
 Mesh width (h):  1.2452e-02
 Total DOFs:      147359
 Spectral Radii:  1 1 0.39915
 GMRES Avg Iters: 10.00
------------------------------------------------------
  MG RESIDUAL DECAY
------------------------------------------------------
 Iter    Rel. Residual           Reduction Factor
------------------------------------------------------
 0       1.110600e-01            -----
 1       1.594737e-02            0.1436
 2       3.050067e-03            0.1913
 3       7.098035e-04            0.2327
 4       1.893275e-04            0.2667
 5       5.649590e-05            0.2984
 6       1.832707e-05            0.3244
 7       6.332141e-06            0.3455
 8       2.319276e-06            0.3663
 9       8.806335e-07            0.3797
 10      3.392178e-07            0.3852
 11      1.315637e-07            0.3878
 12      5.136317e-08            0.3904
 13      2.020058e-08            0.3933
 14      8.000041e-09            0.3960
 15      3.184860e-09            0.3981
------------------------------------------------------
 Iterations:      16
 Final Rel. Res.: 3.184860e-09
 Asymptotic Rate: 0.395803 (Geom. Mean, last 4 iters)
======================================================

======================================================
  Refinement Level: 5
======================================================
 Mesh width (h):  6.2260e-03
 Total DOFs:      587583
 Spectral Radii:  1 1 0.414227
 GMRES Avg Iters: 10.00
------------------------------------------------------
  MG RESIDUAL DECAY
------------------------------------------------------
 Iter    Rel. Residual           Reduction Factor
------------------------------------------------------
 0       1.116577e-01            -----
 1       1.600752e-02            0.1434
 2       3.003792e-03            0.1876
 3       7.060733e-04            0.2351
 4       1.923295e-04            0.2724
 5       5.673348e-05            0.2950
 6       1.777336e-05            0.3133
 7       5.778582e-06            0.3251
 8       1.904679e-06            0.3296
 9       6.318959e-07            0.3318
 10      2.116819e-07            0.3350
 11      7.217998e-08            0.3410
 12      2.524687e-08            0.3498
 13      9.084878e-09            0.3598
 14      3.357978e-09            0.3696
 15      1.270907e-09            0.3785
------------------------------------------------------
 Iterations:      16
 Final Rel. Res.: 1.270907e-09
 Asymptotic Rate: 0.369234 (Geom. Mean, last 4 iters)
======================================================

======================================================
  Refinement Level: 6
======================================================
 Mesh width (h):  3.1130e-03
 Total DOFs:      2346623
 Spectral Radii:  1 1 0.425509
 GMRES Avg Iters: 10.00
------------------------------------------------------
  MG RESIDUAL DECAY
------------------------------------------------------
 Iter    Rel. Residual           Reduction Factor
------------------------------------------------------
 0       1.118288e-01            -----
 1       1.606777e-02            0.1437
 2       3.010025e-03            0.1873
 3       7.166651e-04            0.2381
 4       1.990530e-04            0.2777
 5       6.177851e-05            0.3104
 6       2.050566e-05            0.3319
 7       7.026515e-06            0.3427
 8       2.450826e-06            0.3488
 9       8.654028e-07            0.3531
 10      3.080927e-07            0.3560
 11      1.106409e-07            0.3591
 12      4.018628e-08            0.3632
 13      1.479861e-08            0.3683
 14      5.533783e-09            0.3739
 15      2.102249e-09            0.3799
------------------------------------------------------
 Iterations:      16
 Final Rel. Res.: 2.102249e-09
 Asymptotic Rate: 0.373998 (Geom. Mean, last 4 iters)
======================================================

