Device configuration: omp,cpu
Memory configuration: host-std
Loaded config: /cluster/home/rdabetic/decmg/configs/mag_2d_square_hole_rowsum_w.json
=================================================
  Multigrid Convergence Test Configuration
=================================================
 Problem Type:    mag
 Mesh File:       meshes/2d/square_hole.msh
 Output File:     out/rowsum/w/mag/2d/square_hole.csv
 MG Cycle Type:   W-Cycle
 Mass Lumping:    rowsum
 B-Conditions:    essential
 Max Refinement:  6
 Eigenvalues:     2 (Tol: 0.01)
 GMRES Benchmark: 8 runs (Tol: 1e-06, K-Dim: 20)
=================================================


Gmsh reader: all element attributes were zero.
MFEM only supports positive element attributes.
Setting element attributes to 1.

======================================================
  Refinement Level: 1
======================================================
 Mesh width (h):  8.8388e-02
 Total DOFs:      720
 Spectral Radii:  1 0.186702
 GMRES Avg Iters: 8.00
------------------------------------------------------
  MG RESIDUAL DECAY
------------------------------------------------------
 Iter    Rel. Residual           Reduction Factor
------------------------------------------------------
 0       8.396917e-02            -----
 1       1.166424e-02            0.1389
 2       1.791104e-03            0.1536
 3       2.573974e-04            0.1437
 4       3.899628e-05            0.1515
 5       6.590022e-06            0.1690
 6       1.157650e-06            0.1757
 7       2.444567e-07            0.2112
 8       5.509564e-08            0.2254
 9       1.126629e-08            0.2045
 10      2.155768e-09            0.1913
 11      4.058007e-10            0.1882
 12      7.588193e-11            0.1870
 13      1.387048e-11            0.1828
 14      2.442556e-12            0.1761
 15      4.139505e-13            0.1695
------------------------------------------------------
 Iterations:      16
 Final Rel. Res.: 4.139505e-13
 Asymptotic Rate: 0.176037 (Geom. Mean, last 4 iters)
======================================================

======================================================
  Refinement Level: 2
======================================================
 Mesh width (h):  4.4194e-02
 Total DOFs:      2720
 Spectral Radii:  1 0.200586
 GMRES Avg Iters: 9.00
------------------------------------------------------
  MG RESIDUAL DECAY
------------------------------------------------------
 Iter    Rel. Residual           Reduction Factor
------------------------------------------------------
 0       9.640922e-02            -----
 1       1.296567e-02            0.1345
 2       2.002496e-03            0.1544
 3       2.740289e-04            0.1368
 4       4.771187e-05            0.1741
 5       9.148919e-06            0.1918
 6       1.675849e-06            0.1832
 7       3.029532e-07            0.1808
 8       5.653145e-08            0.1866
 9       1.151297e-08            0.2037
 10      2.415476e-09            0.2098
 11      4.992374e-10            0.2067
 12      9.821588e-11            0.1967
 13      1.828796e-11            0.1862
 14      3.237322e-12            0.1770
 15      5.664355e-13            0.1750
------------------------------------------------------
 Iterations:      16
 Final Rel. Res.: 5.664355e-13
 Asymptotic Rate: 0.179331 (Geom. Mean, last 4 iters)
======================================================

======================================================
  Refinement Level: 3
======================================================
 Mesh width (h):  2.2097e-02
 Total DOFs:      10560
 Spectral Radii:  1 0.216251
 GMRES Avg Iters: 9.00
------------------------------------------------------
  MG RESIDUAL DECAY
------------------------------------------------------
 Iter    Rel. Residual           Reduction Factor
------------------------------------------------------
 0       9.446104e-02            -----
 1       1.254763e-02            0.1328
 2       1.837692e-03            0.1465
 3       2.895455e-04            0.1576
 4       4.750814e-05            0.1641
 5       8.811049e-06            0.1855
 6       1.624657e-06            0.1844
 7       3.182644e-07            0.1959
 8       6.786767e-08            0.2132
 9       1.496255e-08            0.2205
 10      3.274583e-09            0.2189
 11      6.874926e-10            0.2099
 12      1.393796e-10            0.2027
 13      2.771427e-11            0.1988
 14      5.483336e-12            0.1979
 15      1.094898e-12            0.1997
------------------------------------------------------
 Iterations:      16
 Final Rel. Res.: 1.094898e-12
 Asymptotic Rate: 0.198789 (Geom. Mean, last 4 iters)
======================================================

======================================================
  Refinement Level: 4
======================================================
 Mesh width (h):  1.1049e-02
 Total DOFs:      41600
 Spectral Radii:  1 0.230211
 GMRES Avg Iters: 9.00
------------------------------------------------------
  MG RESIDUAL DECAY
------------------------------------------------------
 Iter    Rel. Residual           Reduction Factor
------------------------------------------------------
 0       9.677178e-02            -----
 1       1.299072e-02            0.1342
 2       1.702355e-03            0.1310
 3       2.578629e-04            0.1515
 4       4.588711e-05            0.1780
 5       8.842921e-06            0.1927
 6       1.906260e-06            0.2156
 7       4.415304e-07            0.2316
 8       1.009956e-07            0.2287
 9       2.220376e-08            0.2198
 10      4.591816e-09            0.2068
 11      9.165362e-10            0.1996
 12      1.808067e-10            0.1973
 13      3.511525e-11            0.1942
 14      6.735563e-12            0.1918
 15      1.297269e-12            0.1926
------------------------------------------------------
 Iterations:      16
 Final Rel. Res.: 1.297269e-12
 Asymptotic Rate: 0.192873 (Geom. Mean, last 4 iters)
======================================================

======================================================
  Refinement Level: 5
======================================================
 Mesh width (h):  5.5243e-03
 Total DOFs:      165120
 Spectral Radii:  1 0.235636
 GMRES Avg Iters: 9.00
------------------------------------------------------
  MG RESIDUAL DECAY
------------------------------------------------------
 Iter    Rel. Residual           Reduction Factor
------------------------------------------------------
 0       9.823460e-02            -----
 1       1.263480e-02            0.1286
 2       1.764537e-03            0.1397
 3       2.983361e-04            0.1691
 4       5.580613e-05            0.1871
 5       1.051578e-05            0.1884
 6       2.038808e-06            0.1939
 7       4.017695e-07            0.1971
 8       8.086527e-08            0.2013
 9       1.701703e-08            0.2104
 10      3.597947e-09            0.2114
 11      7.543562e-10            0.2097
 12      1.585942e-10            0.2102
 13      3.352193e-11            0.2114
 14      7.128533e-12            0.2127
 15      1.529368e-12            0.2145
------------------------------------------------------
 Iterations:      16
 Final Rel. Res.: 1.529368e-12
 Asymptotic Rate: 0.212851 (Geom. Mean, last 4 iters)
======================================================

======================================================
  Refinement Level: 6
======================================================
 Mesh width (h):  2.7621e-03
 Total DOFs:      657920
 Spectral Radii:  1 0.237502
 GMRES Avg Iters: 9.00
------------------------------------------------------
  MG RESIDUAL DECAY
------------------------------------------------------
 Iter    Rel. Residual           Reduction Factor
------------------------------------------------------
 0       9.790869e-02            -----
 1       1.223664e-02            0.1250
 2       1.698798e-03            0.1388
 3       2.623611e-04            0.1544
 4       4.648544e-05            0.1772
 5       8.822478e-06            0.1898
 6       1.741130e-06            0.1974
 7       3.653109e-07            0.2098
 8       7.776204e-08            0.2129
 9       1.659685e-08            0.2134
 10      3.508990e-09            0.2114
 11      7.308581e-10            0.2083
 12      1.510871e-10            0.2067
 13      3.132835e-11            0.2074
 14      6.574087e-12            0.2098
 15      1.403646e-12            0.2135
------------------------------------------------------
 Iterations:      16
 Final Rel. Res.: 1.403646e-12
 Asymptotic Rate: 0.210221 (Geom. Mean, last 4 iters)
======================================================

