Device configuration: omp,cpu
Memory configuration: host-std
Loaded config: /cluster/home/rdabetic/decmg/configs/mag_2d_tria_scaledid_w.json
=================================================
  Multigrid Convergence Test Configuration
=================================================
 Problem Type:    mag
 Mesh File:       meshes/2d/tria.msh
 Output File:     out/scaledid/w/mag/2d/tria.csv
 MG Cycle Type:   W-Cycle
 Mass Lumping:    scaledid
 B-Conditions:    essential
 Max Refinement:  6
 Eigenvalues:     1 (Tol: 0.01)
 GMRES Benchmark: 8 runs (Tol: 1e-06, K-Dim: 20)
=================================================


Gmsh reader: all element attributes were zero.
MFEM only supports positive element attributes.
Setting element attributes to 1.

======================================================
  Refinement Level: 1
======================================================
 Mesh width (h):  1.2500e-01
 Total DOFs:      153
 Spectral Radii:  0.153453
 GMRES Avg Iters: 7.00
------------------------------------------------------
  MG RESIDUAL DECAY
------------------------------------------------------
 Iter    Rel. Residual           Reduction Factor
------------------------------------------------------
 0       8.505557e-02            -----
 1       9.829043e-03            0.1156
 2       1.650033e-03            0.1679
 3       2.221706e-04            0.1346
 4       3.060133e-05            0.1377
 5       4.707027e-06            0.1538
 6       6.670497e-07            0.1417
 7       1.007964e-07            0.1511
 8       2.012050e-08            0.1996
 9       3.795991e-09            0.1887
 10      5.341441e-10            0.1407
 11      6.440113e-11            0.1206
 12      1.246128e-11            0.1935
 13      2.464770e-12            0.1978
 14      3.619985e-13            0.1469
 15      4.435570e-14            0.1225
------------------------------------------------------
 Iterations:      16
 Final Rel. Res.: 4.435570e-14
 Asymptotic Rate: 0.152685 (Geom. Mean, last 4 iters)
======================================================

======================================================
  Refinement Level: 2
======================================================
 Mesh width (h):  6.2500e-02
 Total DOFs:      561
 Spectral Radii:  0.150644
 GMRES Avg Iters: 7.00
------------------------------------------------------
  MG RESIDUAL DECAY
------------------------------------------------------
 Iter    Rel. Residual           Reduction Factor
------------------------------------------------------
 0       9.725085e-02            -----
 1       1.166363e-02            0.1199
 2       1.428702e-03            0.1225
 3       1.879835e-04            0.1316
 4       2.756738e-05            0.1466
 5       3.979664e-06            0.1444
 6       5.441982e-07            0.1367
 7       6.839107e-08            0.1257
 8       1.145900e-08            0.1676
 9       2.025818e-09            0.1768
 10      2.959789e-10            0.1461
 11      4.244250e-11            0.1434
 12      6.943771e-12            0.1636
 13      1.062256e-12            0.1530
 14      1.467119e-13            0.1381
 15      2.106383e-14            0.1436
------------------------------------------------------
 Iterations:      16
 Final Rel. Res.: 2.106383e-14
 Asymptotic Rate: 0.144760 (Geom. Mean, last 4 iters)
======================================================

======================================================
  Refinement Level: 3
======================================================
 Mesh width (h):  3.1250e-02
 Total DOFs:      2145
 Spectral Radii:  0.158624
 GMRES Avg Iters: 7.00
------------------------------------------------------
  MG RESIDUAL DECAY
------------------------------------------------------
 Iter    Rel. Residual           Reduction Factor
------------------------------------------------------
 0       9.915190e-02            -----
 1       1.072072e-02            0.1081
 2       1.410470e-03            0.1316
 3       1.892872e-04            0.1342
 4       2.665937e-05            0.1408
 5       3.856374e-06            0.1447
 6       5.481307e-07            0.1421
 7       8.015106e-08            0.1462
 8       1.237005e-08            0.1543
 9       1.955457e-09            0.1581
 10      3.058245e-10            0.1564
 11      4.956068e-11            0.1621
 12      8.171668e-12            0.1649
 13      1.338091e-12            0.1637
 14      2.168597e-13            0.1621
 15      3.450539e-14            0.1591
------------------------------------------------------
 Iterations:      16
 Final Rel. Res.: 3.450539e-14
 Asymptotic Rate: 0.161631 (Geom. Mean, last 4 iters)
======================================================

======================================================
  Refinement Level: 4
======================================================
 Mesh width (h):  1.5625e-02
 Total DOFs:      8385
 Spectral Radii:  0.166535
 GMRES Avg Iters: 7.00
------------------------------------------------------
  MG RESIDUAL DECAY
------------------------------------------------------
 Iter    Rel. Residual           Reduction Factor
------------------------------------------------------
 0       9.654649e-02            -----
 1       1.195720e-02            0.1238
 2       1.541686e-03            0.1289
 3       2.058095e-04            0.1335
 4       2.946920e-05            0.1432
 5       4.211423e-06            0.1429
 6       6.188897e-07            0.1470
 7       9.466542e-08            0.1530
 8       1.465822e-08            0.1548
 9       2.267885e-09            0.1547
 10      3.534102e-10            0.1558
 11      5.650537e-11            0.1599
 12      9.091591e-12            0.1609
 13      1.487478e-12            0.1636
 14      2.484543e-13            0.1670
 15      4.129961e-14            0.1662
------------------------------------------------------
 Iterations:      16
 Final Rel. Res.: 4.129961e-14
 Asymptotic Rate: 0.165616 (Geom. Mean, last 4 iters)
======================================================

======================================================
  Refinement Level: 5
======================================================
 Mesh width (h):  7.8125e-03
 Total DOFs:      33153
 Spectral Radii:  0.172839
 GMRES Avg Iters: 7.00
------------------------------------------------------
  MG RESIDUAL DECAY
------------------------------------------------------
 Iter    Rel. Residual           Reduction Factor
------------------------------------------------------
 0       9.637413e-02            -----
 1       1.150214e-02            0.1193
 2       1.492421e-03            0.1298
 3       1.989134e-04            0.1333
 4       2.893761e-05            0.1455
 5       4.282656e-06            0.1480
 6       6.403908e-07            0.1495
 7       9.855609e-08            0.1539
 8       1.540412e-08            0.1563
 9       2.434228e-09            0.1580
 10      3.901309e-10            0.1603
 11      6.338053e-11            0.1625
 12      1.045446e-11            0.1649
 13      1.737717e-12            0.1662
 14      2.909325e-13            0.1674
 15      4.903811e-14            0.1686
------------------------------------------------------
 Iterations:      16
 Final Rel. Res.: 4.903811e-14
 Asymptotic Rate: 0.167396 (Geom. Mean, last 4 iters)
======================================================

======================================================
  Refinement Level: 6
======================================================
 Mesh width (h):  3.9063e-03
 Total DOFs:      131841
 Spectral Radii:  0.175213
 GMRES Avg Iters: 7.00
------------------------------------------------------
  MG RESIDUAL DECAY
------------------------------------------------------
 Iter    Rel. Residual           Reduction Factor
------------------------------------------------------
 0       9.758911e-02            -----
 1       1.155186e-02            0.1184
 2       1.481457e-03            0.1282
 3       1.972041e-04            0.1331
 4       2.831168e-05            0.1436
 5       4.152177e-06            0.1467
 6       6.179702e-07            0.1488
 7       9.462666e-08            0.1531
 8       1.467802e-08            0.1551
 9       2.310124e-09            0.1574
 10      3.675917e-10            0.1591
 11      5.929361e-11            0.1613
 12      9.661935e-12            0.1630
 13      1.584699e-12            0.1640
 14      2.623537e-13            0.1656
 15      4.370780e-14            0.1666
------------------------------------------------------
 Iterations:      16
 Final Rel. Res.: 4.370780e-14
 Asymptotic Rate: 0.165386 (Geom. Mean, last 4 iters)
======================================================

