Device configuration: omp,cpu
Memory configuration: host-std
Loaded config: /cluster/home/rdabetic/decmg/configs/mag_2d_two_holes_rowsum_v.json
=================================================
  Multigrid Convergence Test Configuration
=================================================
 Problem Type:    mag
 Mesh File:       meshes/2d/two_holes.msh
 Output File:     out/rowsum/v/mag/2d/two_holes.csv
 MG Cycle Type:   V-Cycle
 Mass Lumping:    rowsum
 B-Conditions:    essential
 Max Refinement:  6
 Eigenvalues:     3 (Tol: 0.01)
 GMRES Benchmark: 8 runs (Tol: 1e-06, K-Dim: 20)
=================================================


Gmsh reader: all element attributes were zero.
MFEM only supports positive element attributes.
Setting element attributes to 1.

======================================================
  Refinement Level: 1
======================================================
 Mesh width (h):  9.9615e-02
 Total DOFs:      2403
 Spectral Radii:  1 1 0.186151
 GMRES Avg Iters: 8.00
------------------------------------------------------
  MG RESIDUAL DECAY
------------------------------------------------------
 Iter    Rel. Residual           Reduction Factor
------------------------------------------------------
 0       8.747878e-02            -----
 1       1.108148e-02            0.1267
 2       1.484563e-03            0.1340
 3       2.165292e-04            0.1459
 4       3.586185e-05            0.1656
 5       6.156357e-06            0.1717
 6       1.126069e-06            0.1829
 7       2.070174e-07            0.1838
 8       3.370941e-08            0.1628
 9       5.265861e-09            0.1562
 10      9.205296e-10            0.1748
 11      1.717434e-10            0.1866
 12      3.018443e-11            0.1758
 13      4.990996e-12            0.1653
 14      8.409924e-13            0.1685
 15      1.527212e-13            0.1816
------------------------------------------------------
 Iterations:      16
 Final Rel. Res.: 1.527212e-13
 Asymptotic Rate: 0.171674 (Geom. Mean, last 4 iters)
======================================================

======================================================
  Refinement Level: 2
======================================================
 Mesh width (h):  4.9808e-02
 Total DOFs:      9383
 Spectral Radii:  1 1 0.236757
 GMRES Avg Iters: 8.00
------------------------------------------------------
  MG RESIDUAL DECAY
------------------------------------------------------
 Iter    Rel. Residual           Reduction Factor
------------------------------------------------------
 0       9.836331e-02            -----
 1       1.245269e-02            0.1266
 2       1.885464e-03            0.1514
 3       4.275096e-04            0.2267
 4       7.872769e-05            0.1842
 5       1.440087e-05            0.1829
 6       2.954113e-06            0.2051
 7       5.889696e-07            0.1994
 8       1.149078e-07            0.1951
 9       2.390206e-08            0.2080
 10      5.239510e-09            0.2192
 11      1.173288e-09            0.2239
 12      2.677716e-10            0.2282
 13      6.137304e-11            0.2292
 14      1.397637e-11            0.2277
 15      3.163177e-12            0.2263
------------------------------------------------------
 Iterations:      16
 Final Rel. Res.: 3.163177e-12
 Asymptotic Rate: 0.227747 (Geom. Mean, last 4 iters)
======================================================

======================================================
  Refinement Level: 3
======================================================
 Mesh width (h):  2.4904e-02
 Total DOFs:      37071
 Spectral Radii:  1 1 0.269169
 GMRES Avg Iters: 9.00
------------------------------------------------------
  MG RESIDUAL DECAY
------------------------------------------------------
 Iter    Rel. Residual           Reduction Factor
------------------------------------------------------
 0       1.003669e-01            -----
 1       1.269342e-02            0.1265
 2       2.006670e-03            0.1581
 3       3.387768e-04            0.1688
 4       6.110769e-05            0.1804
 5       1.243588e-05            0.2035
 6       2.758024e-06            0.2218
 7       6.441269e-07            0.2335
 8       1.526361e-07            0.2370
 9       3.614125e-08            0.2368
 10      8.495086e-09            0.2351
 11      2.033952e-09            0.2394
 12      5.116335e-10            0.2515
 13      1.347573e-10            0.2634
 14      3.623357e-11            0.2689
 15      9.742624e-12            0.2689
------------------------------------------------------
 Iterations:      16
 Final Rel. Res.: 9.742624e-12
 Asymptotic Rate: 0.267038 (Geom. Mean, last 4 iters)
======================================================

======================================================
  Refinement Level: 4
======================================================
 Mesh width (h):  1.2452e-02
 Total DOFs:      147359
 Spectral Radii:  1 1 0.286461
 GMRES Avg Iters: 9.00
------------------------------------------------------
  MG RESIDUAL DECAY
------------------------------------------------------
 Iter    Rel. Residual           Reduction Factor
------------------------------------------------------
 0       9.995211e-02            -----
 1       1.282095e-02            0.1283
 2       2.016238e-03            0.1573
 3       3.362755e-04            0.1668
 4       7.648969e-05            0.2275
 5       2.456812e-05            0.3212
 6       7.778724e-06            0.3166
 7       2.291126e-06            0.2945
 8       6.580384e-07            0.2872
 9       1.869371e-07            0.2841
 10      5.289725e-08            0.2830
 11      1.505288e-08            0.2846
 12      4.326640e-09            0.2874
 13      1.255126e-09            0.2901
 14      3.661898e-10            0.2918
 15      1.069989e-10            0.2922
------------------------------------------------------
 Iterations:      16
 Final Rel. Res.: 1.069989e-10
 Asymptotic Rate: 0.291346 (Geom. Mean, last 4 iters)
======================================================

======================================================
  Refinement Level: 5
======================================================
 Mesh width (h):  6.2260e-03
 Total DOFs:      587583
 Spectral Radii:  1 1 0.296713
 GMRES Avg Iters: 9.00
------------------------------------------------------
  MG RESIDUAL DECAY
------------------------------------------------------
 Iter    Rel. Residual           Reduction Factor
------------------------------------------------------
 0       1.003320e-01            -----
 1       1.274054e-02            0.1270
 2       1.905453e-03            0.1496
 3       3.248549e-04            0.1705
 4       6.629454e-05            0.2041
 5       1.490267e-05            0.2248
 6       3.610330e-06            0.2423
 7       9.139552e-07            0.2532
 8       2.408541e-07            0.2635
 9       6.853530e-08            0.2846
 10      2.088806e-08            0.3048
 11      6.557403e-09            0.3139
 12      2.054859e-09            0.3134
 13      6.359609e-10            0.3095
 14      1.944344e-10            0.3057
 15      5.887781e-11            0.3028
------------------------------------------------------
 Iterations:      16
 Final Rel. Res.: 5.887781e-11
 Asymptotic Rate: 0.306001 (Geom. Mean, last 4 iters)
======================================================

======================================================
  Refinement Level: 6
======================================================
 Mesh width (h):  3.1130e-03
 Total DOFs:      2346623
 Spectral Radii:  1 1 0.305386
 GMRES Avg Iters: 9.00
------------------------------------------------------
  MG RESIDUAL DECAY
------------------------------------------------------
 Iter    Rel. Residual           Reduction Factor
------------------------------------------------------
 0       1.005031e-01            -----
 1       1.273363e-02            0.1267
 2       1.920369e-03            0.1508
 3       3.557369e-04            0.1852
 4       8.402570e-05            0.2362
 5       2.319631e-05            0.2761
 6       6.553475e-06            0.2825
 7       1.819152e-06            0.2776
 8       5.125076e-07            0.2817
 9       1.477637e-07            0.2883
 10      4.358770e-08            0.2950
 11      1.316466e-08            0.3020
 12      4.057901e-09            0.3082
 13      1.268666e-09            0.3126
 14      3.994492e-10            0.3149
 15      1.258859e-10            0.3151
------------------------------------------------------
 Iterations:      16
 Final Rel. Res.: 1.258859e-10
 Asymptotic Rate: 0.314214 (Geom. Mean, last 4 iters)
======================================================

