Device configuration: omp,cpu
Memory configuration: host-std
Loaded config: /cluster/home/rdabetic/decmg/configs/mag_2d_L_barycentric_v.json
=================================================
  Multigrid Convergence Test Configuration
=================================================
 Problem Type:    mag
 Mesh File:       meshes/2d/L.msh
 Output File:     out/barycentric/v/mag/2d/L.csv
 MG Cycle Type:   V-Cycle
 Mass Lumping:    barycentric
 B-Conditions:    essential
 Max Refinement:  6
 Eigenvalues:     1 (Tol: 0.01)
 GMRES Benchmark: 8 runs (Tol: 1e-06, K-Dim: 20)
=================================================


Gmsh reader: all element attributes were zero.
MFEM only supports positive element attributes.
Setting element attributes to 1.

======================================================
  Refinement Level: 1
======================================================
 Mesh width (h):  1.8352e-01
 Total DOFs:      205
 Spectral Radii:  0.270755
 GMRES Avg Iters: 8.88
------------------------------------------------------
  MG RESIDUAL DECAY
------------------------------------------------------
 Iter    Rel. Residual           Reduction Factor
------------------------------------------------------
 0       8.387100e-02            -----
 1       1.049242e-02            0.1251
 2       2.376949e-03            0.2265
 3       4.956839e-04            0.2085
 4       8.936472e-05            0.1803
 5       1.865878e-05            0.2088
 6       4.368810e-06            0.2341
 7       1.076688e-06            0.2464
 8       2.695395e-07            0.2503
 9       6.544996e-08            0.2428
 10      1.520920e-08            0.2324
 11      3.459505e-09            0.2275
 12      8.160966e-10            0.2359
 13      2.153659e-10            0.2639
 14      6.413031e-11            0.2978
 15      2.001715e-11            0.3121
------------------------------------------------------
 Iterations:      16
 Final Rel. Res.: 2.001715e-11
 Asymptotic Rate: 0.290550 (Geom. Mean, last 4 iters)
======================================================

======================================================
  Refinement Level: 2
======================================================
 Mesh width (h):  9.1759e-02
 Total DOFs:      761
 Spectral Radii:  0.350254
 GMRES Avg Iters: 10.00
------------------------------------------------------
  MG RESIDUAL DECAY
------------------------------------------------------
 Iter    Rel. Residual           Reduction Factor
------------------------------------------------------
 0       9.480772e-02            -----
 1       1.483875e-02            0.1565
 2       2.879278e-03            0.1940
 3       6.572009e-04            0.2283
 4       1.868411e-04            0.2843
 5       5.659524e-05            0.3029
 6       1.796763e-05            0.3175
 7       6.067913e-06            0.3377
 8       2.104275e-06            0.3468
 9       7.337494e-07            0.3487
 10      2.557992e-07            0.3486
 11      8.909807e-08            0.3483
 12      3.100607e-08            0.3480
 13      1.077983e-08            0.3477
 14      3.744267e-09            0.3473
 15      1.299356e-09            0.3470
------------------------------------------------------
 Iterations:      16
 Final Rel. Res.: 1.299356e-09
 Asymptotic Rate: 0.347345 (Geom. Mean, last 4 iters)
======================================================

======================================================
  Refinement Level: 3
======================================================
 Mesh width (h):  4.5880e-02
 Total DOFs:      2929
 Spectral Radii:  0.414926
 GMRES Avg Iters: 11.00
------------------------------------------------------
  MG RESIDUAL DECAY
------------------------------------------------------
 Iter    Rel. Residual           Reduction Factor
------------------------------------------------------
 0       1.039021e-01            -----
 1       1.596901e-02            0.1537
 2       3.264557e-03            0.2044
 3       8.566390e-04            0.2624
 4       2.639076e-04            0.3081
 5       8.869181e-05            0.3361
 6       3.141039e-05            0.3542
 7       1.148347e-05            0.3656
 8       4.277818e-06            0.3725
 9       1.615176e-06            0.3776
 10      6.161344e-07            0.3815
 11      2.369981e-07            0.3847
 12      9.181047e-08            0.3874
 13      3.579074e-08            0.3898
 14      1.403377e-08            0.3921
 15      5.533251e-09            0.3943
------------------------------------------------------
 Iterations:      16
 Final Rel. Res.: 5.533251e-09
 Asymptotic Rate: 0.392069 (Geom. Mean, last 4 iters)
======================================================

======================================================
  Refinement Level: 4
======================================================
 Mesh width (h):  2.2940e-02
 Total DOFs:      11489
 Spectral Radii:  0.446031
 GMRES Avg Iters: 11.25
------------------------------------------------------
  MG RESIDUAL DECAY
------------------------------------------------------
 Iter    Rel. Residual           Reduction Factor
------------------------------------------------------
 0       1.061034e-01            -----
 1       1.651195e-02            0.1556
 2       3.447894e-03            0.2088
 3       9.527607e-04            0.2763
 4       3.053695e-04            0.3205
 5       1.051785e-04            0.3444
 6       3.809097e-05            0.3622
 7       1.424423e-05            0.3740
 8       5.454286e-06            0.3829
 9       2.125645e-06            0.3897
 10      8.404403e-07            0.3954
 11      3.365006e-07            0.4004
 12      1.362197e-07            0.4048
 13      5.567506e-08            0.4087
 14      2.294665e-08            0.4122
 15      9.527176e-09            0.4152
------------------------------------------------------
 Iterations:      16
 Final Rel. Res.: 9.527176e-09
 Asymptotic Rate: 0.412010 (Geom. Mean, last 4 iters)
======================================================

======================================================
  Refinement Level: 5
======================================================
 Mesh width (h):  1.1470e-02
 Total DOFs:      45505
 Spectral Radii:  0.464009
 GMRES Avg Iters: 12.00
------------------------------------------------------
  MG RESIDUAL DECAY
------------------------------------------------------
 Iter    Rel. Residual           Reduction Factor
------------------------------------------------------
 0       1.069025e-01            -----
 1       1.631459e-02            0.1526
 2       3.368604e-03            0.2065
 3       9.365263e-04            0.2780
 4       3.109247e-04            0.3320
 5       1.155378e-04            0.3716
 6       4.619694e-05            0.3998
 7       1.926141e-05            0.4169
 8       8.200970e-06            0.4258
 9       3.531051e-06            0.4306
 10      1.530566e-06            0.4335
 11      6.666324e-07            0.4355
 12      2.915489e-07            0.4373
 13      1.279839e-07            0.4390
 14      5.637064e-08            0.4405
 15      2.490301e-08            0.4418
------------------------------------------------------
 Iterations:      16
 Final Rel. Res.: 2.490301e-08
 Asymptotic Rate: 0.440400 (Geom. Mean, last 4 iters)
======================================================

======================================================
  Refinement Level: 6
======================================================
 Mesh width (h):  5.7350e-03
 Total DOFs:      181121
 Spectral Radii:  0.47105
 GMRES Avg Iters: 12.00
------------------------------------------------------
  MG RESIDUAL DECAY
------------------------------------------------------
 Iter    Rel. Residual           Reduction Factor
------------------------------------------------------
 0       1.093790e-01            -----
 1       1.660944e-02            0.1519
 2       3.448658e-03            0.2076
 3       9.595931e-04            0.2783
 4       3.170870e-04            0.3304
 5       1.144837e-04            0.3610
 6       4.366565e-05            0.3814
 7       1.735020e-05            0.3973
 8       7.120330e-06            0.4104
 9       2.995144e-06            0.4206
 10      1.283180e-06            0.4284
 11      5.570975e-07            0.4342
 12      2.442607e-07            0.4385
 13      1.079224e-07            0.4418
 14      4.798285e-08            0.4446
 15      2.144528e-08            0.4469
------------------------------------------------------
 Iterations:      16
 Final Rel. Res.: 2.144528e-08
 Asymptotic Rate: 0.444453 (Geom. Mean, last 4 iters)
======================================================

