Device configuration: omp,cpu
Memory configuration: host-std
Loaded config: /cluster/home/rdabetic/decmg/configs/mag_3d_cube_rowsum_w.json
=================================================
  Multigrid Convergence Test Configuration
=================================================
 Problem Type:    mag
 Mesh File:       meshes/3d/cube.msh
 Output File:     out/rowsum/w/mag/3d/cube.csv
 MG Cycle Type:   W-Cycle
 Mass Lumping:    rowsum
 B-Conditions:    essential
 Max Refinement:  5
 Eigenvalues:     1 (Tol: 0.01)
 GMRES Benchmark: 8 runs (Tol: 1e-06, K-Dim: 20)
=================================================

======================================================
  Refinement Level: 1
======================================================
 Mesh width (h):  5.0000e-01
 Total DOFs:      365
 Spectral Radii:  0.286499
 GMRES Avg Iters: 9.00
------------------------------------------------------
  MG RESIDUAL DECAY
------------------------------------------------------
 Iter    Rel. Residual           Reduction Factor
------------------------------------------------------
 0       6.771566e-02            -----
 1       7.755182e-03            0.1145
 2       1.560763e-03            0.2013
 3       3.483204e-04            0.2232
 4       8.266436e-05            0.2373
 5       2.054604e-05            0.2485
 6       5.181299e-06            0.2522
 7       1.339142e-06            0.2585
 8       3.522094e-07            0.2630
 9       9.455733e-08            0.2685
 10      2.582165e-08            0.2731
 11      7.157591e-09            0.2772
 12      2.006735e-09            0.2804
 13      5.673935e-10            0.2827
 14      1.613661e-10            0.2844
 15      4.607126e-11            0.2855
------------------------------------------------------
 Iterations:      16
 Final Rel. Res.: 4.607126e-11
 Asymptotic Rate: 0.284215 (Geom. Mean, last 4 iters)
======================================================

======================================================
  Refinement Level: 2
======================================================
 Mesh width (h):  2.5000e-01
 Total DOFs:      2457
 Spectral Radii:  0.282212
 GMRES Avg Iters: 9.12
------------------------------------------------------
  MG RESIDUAL DECAY
------------------------------------------------------
 Iter    Rel. Residual           Reduction Factor
------------------------------------------------------
 0       6.646387e-02            -----
 1       1.021584e-02            0.1537
 2       2.245611e-03            0.2198
 3       5.326592e-04            0.2372
 4       1.308329e-04            0.2456
 5       3.306089e-05            0.2527
 6       8.545211e-06            0.2585
 7       2.249574e-06            0.2633
 8       6.006575e-07            0.2670
 9       1.621629e-07            0.2700
 10      4.416294e-08            0.2723
 11      1.211023e-08            0.2742
 12      3.338871e-09            0.2757
 13      9.244727e-10            0.2769
 14      2.568266e-10            0.2778
 15      7.153760e-11            0.2785
------------------------------------------------------
 Iterations:      16
 Final Rel. Res.: 7.153760e-11
 Asymptotic Rate: 0.277744 (Geom. Mean, last 4 iters)
======================================================

======================================================
  Refinement Level: 3
======================================================
 Mesh width (h):  1.2500e-01
 Total DOFs:      17969
 Spectral Radii:  0.302605
 GMRES Avg Iters: 10.00
------------------------------------------------------
  MG RESIDUAL DECAY
------------------------------------------------------
 Iter    Rel. Residual           Reduction Factor
------------------------------------------------------
 0       6.980145e-02            -----
 1       9.935565e-03            0.1423
 2       2.218908e-03            0.2233
 3       5.387795e-04            0.2428
 4       1.349663e-04            0.2505
 5       3.459767e-05            0.2563
 6       9.027987e-06            0.2609
 7       2.389683e-06            0.2647
 8       6.399541e-07            0.2678
 9       1.730830e-07            0.2705
 10      4.722309e-08            0.2728
 11      1.298703e-08            0.2750
 12      3.598078e-09            0.2771
 13      1.003774e-09            0.2790
 14      2.818654e-10            0.2808
 15      7.964340e-11            0.2826
------------------------------------------------------
 Iterations:      16
 Final Rel. Res.: 7.964340e-11
 Asymptotic Rate: 0.280776 (Geom. Mean, last 4 iters)
======================================================

======================================================
  Refinement Level: 4
======================================================
 Mesh width (h):  6.2500e-02
 Total DOFs:      137313
 Spectral Radii:  0.310034
 GMRES Avg Iters: 10.00
------------------------------------------------------
  MG RESIDUAL DECAY
------------------------------------------------------
 Iter    Rel. Residual           Reduction Factor
------------------------------------------------------
 0       6.916517e-02            -----
 1       9.546408e-03            0.1380
 2       2.162039e-03            0.2265
 3       5.388114e-04            0.2492
 4       1.380838e-04            0.2563
 5       3.620872e-05            0.2622
 6       9.653306e-06            0.2666
 7       2.607122e-06            0.2701
 8       7.114465e-07            0.2729
 9       1.958271e-07            0.2753
 10      5.430706e-08            0.2773
 11      1.516271e-08            0.2792
 12      4.260273e-09            0.2810
 13      1.204242e-09            0.2827
 14      3.423899e-10            0.2843
 15      9.790181e-11            0.2859
------------------------------------------------------
 Iterations:      16
 Final Rel. Res.: 9.790181e-11
 Asymptotic Rate: 0.284305 (Geom. Mean, last 4 iters)
======================================================

======================================================
  Refinement Level: 5
======================================================
 Mesh width (h):  3.1250e-02
 Total DOFs:      1073345
 Spectral Radii:  0.31278
 GMRES Avg Iters: 10.00
------------------------------------------------------
  MG RESIDUAL DECAY
------------------------------------------------------
 Iter    Rel. Residual           Reduction Factor
------------------------------------------------------
 0       6.971493e-02            -----
 1       9.513908e-03            0.1365
 2       2.149585e-03            0.2259
 3       5.338903e-04            0.2484
 4       1.361753e-04            0.2551
 5       3.547361e-05            0.2605
 6       9.385523e-06            0.2646
 7       2.513467e-06            0.2678
 8       6.795237e-07            0.2704
 9       1.851152e-07            0.2724
 10      5.074573e-08            0.2741
 11      1.398489e-08            0.2756
 12      3.871920e-09            0.2769
 13      1.076463e-09            0.2780
 14      3.004317e-10            0.2791
 15      8.415701e-11            0.2801
------------------------------------------------------
 Iterations:      16
 Final Rel. Res.: 8.415701e-11
 Asymptotic Rate: 0.279075 (Geom. Mean, last 4 iters)
======================================================

