Device configuration: omp,cpu
Memory configuration: host-std
Loaded config: /cluster/home/rdabetic/decmg/configs/mag_3d_tetra_scaledid_v.json
=================================================
  Multigrid Convergence Test Configuration
=================================================
 Problem Type:    mag
 Mesh File:       meshes/3d/tetra.msh
 Output File:     out/scaledid/v/mag/3d/tetra.csv
 MG Cycle Type:   V-Cycle
 Mass Lumping:    scaledid
 B-Conditions:    essential
 Max Refinement:  5
 Eigenvalues:     1 (Tol: 0.01)
 GMRES Benchmark: 8 runs (Tol: 1e-06, K-Dim: 20)
=================================================

======================================================
  Refinement Level: 1
======================================================
 Mesh width (h):  3.5355e-01
 Total DOFs:      165
 Spectral Radii:  0.258297
 GMRES Avg Iters: 9.00
------------------------------------------------------
  MG RESIDUAL DECAY
------------------------------------------------------
 Iter    Rel. Residual           Reduction Factor
------------------------------------------------------
 0       8.019034e-02            -----
 1       1.523023e-02            0.1899
 2       3.796174e-03            0.2493
 3       9.643023e-04            0.2540
 4       2.395412e-04            0.2484
 5       5.942252e-05            0.2481
 6       1.476658e-05            0.2485
 7       3.682894e-06            0.2494
 8       9.216892e-07            0.2503
 9       2.314051e-07            0.2511
 10      5.826351e-08            0.2518
 11      1.470601e-08            0.2524
 12      3.719685e-09            0.2529
 13      9.425043e-10            0.2534
 14      2.391643e-10            0.2538
 15      6.076243e-11            0.2541
------------------------------------------------------
 Iterations:      16
 Final Rel. Res.: 6.076243e-11
 Asymptotic Rate: 0.253733 (Geom. Mean, last 4 iters)
======================================================

======================================================
  Refinement Level: 2
======================================================
 Mesh width (h):  1.7678e-01
 Total DOFs:      969
 Spectral Radii:  0.315719
 GMRES Avg Iters: 11.00
------------------------------------------------------
  MG RESIDUAL DECAY
------------------------------------------------------
 Iter    Rel. Residual           Reduction Factor
------------------------------------------------------
 0       5.557251e-02            -----
 1       7.874829e-03            0.1417
 2       1.947605e-03            0.2473
 3       5.391888e-04            0.2768
 4       1.583845e-04            0.2937
 5       4.766975e-05            0.3010
 6       1.446991e-05            0.3035
 7       4.408319e-06            0.3047
 8       1.347479e-06            0.3057
 9       4.134520e-07            0.3068
 10      1.273905e-07            0.3081
 11      3.941624e-08            0.3094
 12      1.224464e-08            0.3106
 13      3.817562e-09            0.3118
 14      1.193986e-09            0.3128
 15      3.744392e-10            0.3136
------------------------------------------------------
 Iterations:      16
 Final Rel. Res.: 3.744392e-10
 Asymptotic Rate: 0.312712 (Geom. Mean, last 4 iters)
======================================================

======================================================
  Refinement Level: 3
======================================================
 Mesh width (h):  8.8388e-02
 Total DOFs:      6545
 Spectral Radii:  0.32649
 GMRES Avg Iters: 12.00
------------------------------------------------------
  MG RESIDUAL DECAY
------------------------------------------------------
 Iter    Rel. Residual           Reduction Factor
------------------------------------------------------
 0       6.022584e-02            -----
 1       8.054055e-03            0.1337
 2       1.795432e-03            0.2229
 3       4.615628e-04            0.2571
 4       1.252084e-04            0.2713
 5       3.512737e-05            0.2806
 6       1.008033e-05            0.2870
 7       2.943858e-06            0.2920
 8       8.722117e-07            0.2963
 9       2.616178e-07            0.2999
 10      7.931443e-08            0.3032
 11      2.427127e-08            0.3060
 12      7.488133e-09            0.3085
 13      2.326636e-09            0.3107
 14      7.273254e-10            0.3126
 15      2.285513e-10            0.3142
------------------------------------------------------
 Iterations:      16
 Final Rel. Res.: 2.285513e-10
 Asymptotic Rate: 0.312514 (Geom. Mean, last 4 iters)
======================================================

======================================================
  Refinement Level: 4
======================================================
 Mesh width (h):  4.4194e-02
 Total DOFs:      47905
 Spectral Radii:  0.337907
 GMRES Avg Iters: 12.00
------------------------------------------------------
  MG RESIDUAL DECAY
------------------------------------------------------
 Iter    Rel. Residual           Reduction Factor
------------------------------------------------------
 0       6.048709e-02            -----
 1       8.187870e-03            0.1354
 2       1.806056e-03            0.2206
 3       4.686961e-04            0.2595
 4       1.289069e-04            0.2750
 5       3.677388e-05            0.2853
 6       1.074607e-05            0.2922
 7       3.197191e-06            0.2975
 8       9.648688e-07            0.3018
 9       2.946469e-07            0.3054
 10      9.088900e-08            0.3085
 11      2.828279e-08            0.3112
 12      8.869202e-09            0.3136
 13      2.800496e-09            0.3158
 14      8.897551e-10            0.3177
 15      2.842695e-10            0.3195
------------------------------------------------------
 Iterations:      16
 Final Rel. Res.: 2.842695e-10
 Asymptotic Rate: 0.317650 (Geom. Mean, last 4 iters)
======================================================

======================================================
  Refinement Level: 5
======================================================
 Mesh width (h):  2.2097e-02
 Total DOFs:      366145
 Spectral Radii:  0.373562
 GMRES Avg Iters: 12.00
------------------------------------------------------
  MG RESIDUAL DECAY
------------------------------------------------------
 Iter    Rel. Residual           Reduction Factor
------------------------------------------------------
 0       6.100379e-02            -----
 1       7.960795e-03            0.1305
 2       1.719142e-03            0.2160
 3       4.412222e-04            0.2567
 4       1.204571e-04            0.2730
 5       3.428255e-05            0.2846
 6       1.006325e-05            0.2935
 7       3.028895e-06            0.3010
 8       9.310114e-07            0.3074
 9       2.914207e-07            0.3130
 10      9.270659e-08            0.3181
 11      2.993033e-08            0.3229
 12      9.797023e-09            0.3273
 13      3.248988e-09            0.3316
 14      1.091024e-09            0.3358
 15      3.708020e-10            0.3399
------------------------------------------------------
 Iterations:      16
 Final Rel. Res.: 3.708020e-10
 Asymptotic Rate: 0.335750 (Geom. Mean, last 4 iters)
======================================================

