Device configuration: omp,cpu
Memory configuration: host-std
Loaded config: /cluster/home/rdabetic/decmg/configs/mag_3d_cube_barycentric_w.json
=================================================
  Multigrid Convergence Test Configuration
=================================================
 Problem Type:    mag
 Mesh File:       meshes/3d/cube.msh
 Output File:     out/barycentric/w/mag/3d/cube.csv
 MG Cycle Type:   W-Cycle
 Mass Lumping:    barycentric
 B-Conditions:    essential
 Max Refinement:  5
 Eigenvalues:     1 (Tol: 0.01)
 GMRES Benchmark: 8 runs (Tol: 1e-06, K-Dim: 20)
=================================================

======================================================
  Refinement Level: 1
======================================================
 Mesh width (h):  5.0000e-01
 Total DOFs:      365
 Spectral Radii:  0.446513
 GMRES Avg Iters: 10.00
------------------------------------------------------
  MG RESIDUAL DECAY
------------------------------------------------------
 Iter    Rel. Residual           Reduction Factor
------------------------------------------------------
 0       6.692314e-02            -----
 1       6.903592e-03            0.1032
 2       1.331044e-03            0.1928
 3       4.142232e-04            0.3112
 4       1.638970e-04            0.3957
 5       7.051754e-05            0.4303
 6       3.110278e-05            0.4411
 7       1.388377e-05            0.4464
 8       6.213791e-06            0.4476
 9       2.781360e-06            0.4476
 10      1.244185e-06            0.4473
 11      5.562256e-07            0.4471
 12      2.485545e-07            0.4469
 13      1.110356e-07            0.4467
 14      4.959302e-08            0.4466
 15      2.214769e-08            0.4466
------------------------------------------------------
 Iterations:      16
 Final Rel. Res.: 2.214769e-08
 Asymptotic Rate: 0.446652 (Geom. Mean, last 4 iters)
======================================================

======================================================
  Refinement Level: 2
======================================================
 Mesh width (h):  2.5000e-01
 Total DOFs:      2457
 Spectral Radii:  0.446081
 GMRES Avg Iters: 10.00
------------------------------------------------------
  MG RESIDUAL DECAY
------------------------------------------------------
 Iter    Rel. Residual           Reduction Factor
------------------------------------------------------
 0       6.805808e-02            -----
 1       1.093097e-02            0.1606
 2       2.681536e-03            0.2453
 3       7.638300e-04            0.2848
 4       2.507449e-04            0.3283
 5       9.126971e-05            0.3640
 6       3.508943e-05            0.3845
 7       1.387186e-05            0.3953
 8       5.574264e-06            0.4018
 9       2.266188e-06            0.4065
 10      9.301845e-07            0.4105
 11      3.850589e-07            0.4140
 12      1.606350e-07            0.4172
 13      6.749034e-08            0.4201
 14      2.854303e-08            0.4229
 15      1.214525e-08            0.4255
------------------------------------------------------
 Iterations:      16
 Final Rel. Res.: 1.214525e-08
 Asymptotic Rate: 0.422852 (Geom. Mean, last 4 iters)
======================================================

======================================================
  Refinement Level: 3
======================================================
 Mesh width (h):  1.2500e-01
 Total DOFs:      17969
 Spectral Radii:  0.444076
 GMRES Avg Iters: 10.00
------------------------------------------------------
  MG RESIDUAL DECAY
------------------------------------------------------
 Iter    Rel. Residual           Reduction Factor
------------------------------------------------------
 0       7.056082e-02            -----
 1       1.051965e-02            0.1491
 2       2.539249e-03            0.2414
 3       7.343912e-04            0.2892
 4       2.451672e-04            0.3338
 5       8.987609e-05            0.3666
 6       3.469797e-05            0.3861
 7       1.376184e-05            0.3966
 8       5.541990e-06            0.4027
 9       2.254439e-06            0.4068
 10      9.242830e-07            0.4100
 11      3.814532e-07            0.4127
 12      1.583411e-07            0.4151
 13      6.606567e-08            0.4172
 14      2.769100e-08            0.4191
 15      1.165370e-08            0.4208
------------------------------------------------------
 Iterations:      16
 Final Rel. Res.: 1.165370e-08
 Asymptotic Rate: 0.419073 (Geom. Mean, last 4 iters)
======================================================

======================================================
  Refinement Level: 4
======================================================
 Mesh width (h):  6.2500e-02
 Total DOFs:      137313
 Spectral Radii:  0.445916
 GMRES Avg Iters: 10.00
------------------------------------------------------
  MG RESIDUAL DECAY
------------------------------------------------------
 Iter    Rel. Residual           Reduction Factor
------------------------------------------------------
 0       7.045648e-02            -----
 1       1.040706e-02            0.1477
 2       2.602988e-03            0.2501
 3       7.804893e-04            0.2998
 4       2.630596e-04            0.3370
 5       9.589911e-05            0.3646
 6       3.662155e-05            0.3819
 7       1.436702e-05            0.3923
 8       5.733769e-06            0.3991
 9       2.316739e-06            0.4041
 10      9.452886e-07            0.4080
 11      3.888651e-07            0.4114
 12      1.610891e-07            0.4143
 13      6.713582e-08            0.4168
 14      2.812696e-08            0.4190
 15      1.183819e-08            0.4209
------------------------------------------------------
 Iterations:      16
 Final Rel. Res.: 1.183819e-08
 Asymptotic Rate: 0.418864 (Geom. Mean, last 4 iters)
======================================================

======================================================
  Refinement Level: 5
======================================================
 Mesh width (h):  3.1250e-02
 Total DOFs:      1073345
 Spectral Radii:  0.446545
 GMRES Avg Iters: 10.00
------------------------------------------------------
  MG RESIDUAL DECAY
------------------------------------------------------
 Iter    Rel. Residual           Reduction Factor
------------------------------------------------------
 0       7.093542e-02            -----
 1       1.047406e-02            0.1477
 2       2.628989e-03            0.2510
 3       7.901910e-04            0.3006
 4       2.669363e-04            0.3378
 5       9.740258e-05            0.3649
 6       3.718107e-05            0.3817
 7       1.456571e-05            0.3918
 8       5.800446e-06            0.3982
 9       2.337275e-06            0.4029
 10      9.506480e-07            0.4067
 11      3.897007e-07            0.4099
 12      1.608290e-07            0.4127
 13      6.676290e-08            0.4151
 14      2.785637e-08            0.4172
 15      1.167515e-08            0.4191
------------------------------------------------------
 Iterations:      16
 Final Rel. Res.: 1.167515e-08
 Asymptotic Rate: 0.417157 (Geom. Mean, last 4 iters)
======================================================

