Device configuration: omp,cpu
Memory configuration: host-std
Loaded config: /cluster/home/rdabetic/decmg/configs/mag_3d_tetra_barycentric_w.json
=================================================
  Multigrid Convergence Test Configuration
=================================================
 Problem Type:    mag
 Mesh File:       meshes/3d/tetra.msh
 Output File:     out/barycentric/w/mag/3d/tetra.csv
 MG Cycle Type:   W-Cycle
 Mass Lumping:    barycentric
 B-Conditions:    essential
 Max Refinement:  5
 Eigenvalues:     1 (Tol: 0.01)
 GMRES Benchmark: 8 runs (Tol: 1e-06, K-Dim: 20)
=================================================

======================================================
  Refinement Level: 1
======================================================
 Mesh width (h):  3.5355e-01
 Total DOFs:      165
 Spectral Radii:  0.255478
 GMRES Avg Iters: 8.75
------------------------------------------------------
  MG RESIDUAL DECAY
------------------------------------------------------
 Iter    Rel. Residual           Reduction Factor
------------------------------------------------------
 0       6.676695e-02            -----
 1       1.435986e-02            0.2151
 2       3.316488e-03            0.2310
 3       8.227886e-04            0.2481
 4       2.021339e-04            0.2457
 5       4.967614e-05            0.2458
 6       1.217985e-05            0.2452
 7       2.990911e-06            0.2456
 8       7.360676e-07            0.2461
 9       1.817683e-07            0.2469
 10      4.506864e-08            0.2479
 11      1.122547e-08            0.2491
 12      2.809386e-09            0.2503
 13      7.064872e-10            0.2515
 14      1.784826e-10            0.2526
 15      4.528132e-11            0.2537
------------------------------------------------------
 Iterations:      16
 Final Rel. Res.: 4.528132e-11
 Asymptotic Rate: 0.252601 (Geom. Mean, last 4 iters)
======================================================

======================================================
  Refinement Level: 2
======================================================
 Mesh width (h):  1.7678e-01
 Total DOFs:      969
 Spectral Radii:  0.375847
 GMRES Avg Iters: 10.00
------------------------------------------------------
  MG RESIDUAL DECAY
------------------------------------------------------
 Iter    Rel. Residual           Reduction Factor
------------------------------------------------------
 0       5.840850e-02            -----
 1       9.747354e-03            0.1669
 2       2.460303e-03            0.2524
 3       6.653862e-04            0.2704
 4       2.017526e-04            0.3032
 5       6.859017e-05            0.3400
 6       2.516264e-05            0.3669
 7       9.543057e-06            0.3793
 8       3.651992e-06            0.3827
 9       1.396141e-06            0.3823
 10      5.316276e-07            0.3808
 11      2.016205e-07            0.3793
 12      7.622024e-08            0.3780
 13      2.874839e-08            0.3772
 14      1.082653e-08            0.3766
 15      4.073177e-09            0.3762
------------------------------------------------------
 Iterations:      16
 Final Rel. Res.: 4.073177e-09
 Asymptotic Rate: 0.376664 (Geom. Mean, last 4 iters)
======================================================

======================================================
  Refinement Level: 3
======================================================
 Mesh width (h):  8.8388e-02
 Total DOFs:      6545
 Spectral Radii:  0.414951
 GMRES Avg Iters: 10.00
------------------------------------------------------
  MG RESIDUAL DECAY
------------------------------------------------------
 Iter    Rel. Residual           Reduction Factor
------------------------------------------------------
 0       6.885175e-02            -----
 1       1.074166e-02            0.1560
 2       2.656621e-03            0.2473
 3       7.754551e-04            0.2919
 4       2.510033e-04            0.3237
 5       8.760896e-05            0.3490
 6       3.201671e-05            0.3655
 7       1.199106e-05            0.3745
 8       4.552017e-06            0.3796
 9       1.743750e-06            0.3831
 10      6.729725e-07            0.3859
 11      2.614933e-07            0.3886
 12      1.022571e-07            0.3911
 13      4.022758e-08            0.3934
 14      1.591373e-08            0.3956
 15      6.327827e-09            0.3976
------------------------------------------------------
 Iterations:      16
 Final Rel. Res.: 6.327827e-09
 Asymptotic Rate: 0.395537 (Geom. Mean, last 4 iters)
======================================================

======================================================
  Refinement Level: 4
======================================================
 Mesh width (h):  4.4194e-02
 Total DOFs:      47905
 Spectral Radii:  0.433952
 GMRES Avg Iters: 10.12
------------------------------------------------------
  MG RESIDUAL DECAY
------------------------------------------------------
 Iter    Rel. Residual           Reduction Factor
------------------------------------------------------
 0       7.033380e-02            -----
 1       1.072965e-02            0.1526
 2       2.657284e-03            0.2477
 3       7.876921e-04            0.2964
 4       2.625364e-04            0.3333
 5       9.453566e-05            0.3601
 6       3.560623e-05            0.3766
 7       1.375350e-05            0.3863
 8       5.394501e-06            0.3922
 9       2.138338e-06            0.3964
 10      8.546137e-07            0.3997
 11      3.439239e-07            0.4024
 12      1.392434e-07            0.4049
 13      5.667745e-08            0.4070
 14      2.318025e-08            0.4090
 15      9.520880e-09            0.4107
------------------------------------------------------
 Iterations:      16
 Final Rel. Res.: 9.520880e-09
 Asymptotic Rate: 0.408916 (Geom. Mean, last 4 iters)
======================================================

======================================================
  Refinement Level: 5
======================================================
 Mesh width (h):  2.2097e-02
 Total DOFs:      366145
 Spectral Radii:  0.439843
 GMRES Avg Iters: 11.00
------------------------------------------------------
  MG RESIDUAL DECAY
------------------------------------------------------
 Iter    Rel. Residual           Reduction Factor
------------------------------------------------------
 0       7.107759e-02            -----
 1       1.062399e-02            0.1495
 2       2.676453e-03            0.2519
 3       8.023757e-04            0.2998
 4       2.682158e-04            0.3343
 5       9.645551e-05            0.3596
 6       3.628887e-05            0.3762
 7       1.402789e-05            0.3866
 8       5.517799e-06            0.3933
 9       2.197645e-06            0.3983
 10      8.839848e-07            0.4022
 11      3.585586e-07            0.4056
 12      1.465009e-07            0.4086
 13      6.024491e-08            0.4112
 14      2.491677e-08            0.4136
 15      1.035820e-08            0.4157
------------------------------------------------------
 Iterations:      16
 Final Rel. Res.: 1.035820e-08
 Asymptotic Rate: 0.413506 (Geom. Mean, last 4 iters)
======================================================

