Device configuration: omp,cpu
Memory configuration: host-std
Loaded config: /cluster/home/rdabetic/decmg/configs/mag_3d_hole_void_rowsum_v.json
=================================================
  Multigrid Convergence Test Configuration
=================================================
 Problem Type:    mag
 Mesh File:       meshes/3d/hole_void.msh
 Output File:     out/rowsum/v/mag/3d/hole_void.csv
 MG Cycle Type:   V-Cycle
 Mass Lumping:    rowsum
 B-Conditions:    essential
 Max Refinement:  5
 Eigenvalues:     2 (Tol: 0.01)
 GMRES Benchmark: 8 runs (Tol: 1e-06, K-Dim: 20)
=================================================

======================================================
  Refinement Level: 1
======================================================
 Mesh width (h):  1.5811e+00
 Total DOFs:      1505
 Spectral Radii:  1 0.433545
 GMRES Avg Iters: 22.00
------------------------------------------------------
  MG RESIDUAL DECAY
------------------------------------------------------
 Iter    Rel. Residual           Reduction Factor
------------------------------------------------------
 0       7.747257e-02            -----
 1       1.690818e-02            0.2182
 2       5.352194e-03            0.3165
 3       1.830891e-03            0.3421
 4       6.546090e-04            0.3575
 5       2.401224e-04            0.3668
 6       9.008164e-05            0.3751
 7       3.440460e-05            0.3819
 8       1.333929e-05            0.3877
 9       5.235054e-06            0.3925
 10      2.074294e-06            0.3962
 11      8.279530e-07            0.3991
 12      3.323035e-07            0.4014
 13      1.339208e-07            0.4030
 14      5.413776e-08            0.4043
 15      2.193729e-08            0.4052
------------------------------------------------------
 Iterations:      16
 Final Rel. Res.: 2.193729e-08
 Asymptotic Rate: 0.404156 (Geom. Mean, last 4 iters)
======================================================

======================================================
  Refinement Level: 2
======================================================
 Mesh width (h):  7.9057e-01
 Total DOFs:      10689
 Spectral Radii:  1 0.473042
 GMRES Avg Iters: 26.62
------------------------------------------------------
  MG RESIDUAL DECAY
------------------------------------------------------
 Iter    Rel. Residual           Reduction Factor
------------------------------------------------------
 0       6.381843e-02            -----
 1       1.056297e-02            0.1655
 2       3.026752e-03            0.2865
 3       1.066512e-03            0.3524
 4       4.030234e-04            0.3779
 5       1.592268e-04            0.3951
 6       6.484280e-05            0.4072
 7       2.697841e-05            0.4161
 8       1.140890e-05            0.4229
 9       4.883664e-06            0.4281
 10      2.110557e-06            0.4322
 11      9.189903e-07            0.4354
 12      4.025859e-07            0.4381
 13      1.772369e-07            0.4402
 14      7.835067e-08            0.4421
 15      3.475883e-08            0.4436
------------------------------------------------------
 Iterations:      16
 Final Rel. Res.: 3.475883e-08
 Asymptotic Rate: 0.441980 (Geom. Mean, last 4 iters)
======================================================

======================================================
  Refinement Level: 3
======================================================
 Mesh width (h):  3.9528e-01
 Total DOFs:      80257
 Spectral Radii:  1 0.494955
 GMRES Avg Iters: 29.12
------------------------------------------------------
  MG RESIDUAL DECAY
------------------------------------------------------
 Iter    Rel. Residual           Reduction Factor
------------------------------------------------------
 0       6.445051e-02            -----
 1       1.144640e-02            0.1776
 2       3.058361e-03            0.2672
 3       1.005449e-03            0.3288
 4       3.547005e-04            0.3528
 5       1.354566e-04            0.3819
 6       5.416375e-05            0.3999
 7       2.250869e-05            0.4156
 8       9.572833e-06            0.4253
 9       4.143575e-06            0.4328
 10      1.816736e-06            0.4384
 11      8.053873e-07            0.4433
 12      3.605629e-07            0.4477
 13      1.628976e-07            0.4518
 14      7.422276e-08            0.4556
 15      3.408739e-08            0.4593
------------------------------------------------------
 Iterations:      16
 Final Rel. Res.: 3.408739e-08
 Asymptotic Rate: 0.455552 (Geom. Mean, last 4 iters)
======================================================

======================================================
  Refinement Level: 4
======================================================
 Mesh width (h):  1.9764e-01
 Total DOFs:      621313
 Spectral Radii:  1 0.531263
 GMRES Avg Iters: 31.00
------------------------------------------------------
  MG RESIDUAL DECAY
------------------------------------------------------
 Iter    Rel. Residual           Reduction Factor
------------------------------------------------------
 0       6.451246e-02            -----
 1       9.922657e-03            0.1538
 2       2.559907e-03            0.2580
 3       8.087965e-04            0.3159
 4       2.747627e-04            0.3397
 5       1.029759e-04            0.3748
 6       4.105534e-05            0.3987
 7       1.785253e-05            0.4348
 8       8.204106e-06            0.4595
 9       3.979277e-06            0.4850
 10      1.989085e-06            0.4999
 11      1.018192e-06            0.5119
 12      5.281701e-07            0.5187
 13      2.767068e-07            0.5239
 14      1.458353e-07            0.5270
 15      7.719376e-08            0.5293
------------------------------------------------------
 Iterations:      16
 Final Rel. Res.: 7.719376e-08
 Asymptotic Rate: 0.526748 (Geom. Mean, last 4 iters)
======================================================

======================================================
  Refinement Level: 5
======================================================
 Mesh width (h):  9.8821e-02
 Total DOFs:      4888065
 Spectral Radii:  1 0.579042
 GMRES Avg Iters: 31.00
------------------------------------------------------
  MG RESIDUAL DECAY
------------------------------------------------------
 Iter    Rel. Residual           Reduction Factor
------------------------------------------------------
 0       6.527255e-02            -----
 1       9.644346e-03            0.1478
 2       2.452337e-03            0.2543
 3       7.526754e-04            0.3069
 4       2.533356e-04            0.3366
 5       9.685145e-05            0.3823
 6       4.060024e-05            0.4192
 7       1.913425e-05            0.4713
 8       9.443626e-06            0.4935
 9       4.876092e-06            0.5163
 10      2.548849e-06            0.5227
 11      1.351054e-06            0.5301
 12      7.199364e-07            0.5329
 13      3.861461e-07            0.5364
 14      2.080454e-07            0.5388
 15      1.126401e-07            0.5414
------------------------------------------------------
 Iterations:      16
 Final Rel. Res.: 1.126401e-07
 Asymptotic Rate: 0.538848 (Geom. Mean, last 4 iters)
======================================================

