Device configuration: omp,cpu
Memory configuration: host-std
Loaded config: /cluster/home/rdabetic/decmg/configs/mag_2d_tria_scaledid_v.json
=================================================
  Multigrid Convergence Test Configuration
=================================================
 Problem Type:    mag
 Mesh File:       meshes/2d/tria.msh
 Output File:     out/scaledid/v/mag/2d/tria.csv
 MG Cycle Type:   V-Cycle
 Mass Lumping:    scaledid
 B-Conditions:    essential
 Max Refinement:  6
 Eigenvalues:     1 (Tol: 0.01)
 GMRES Benchmark: 8 runs (Tol: 1e-06, K-Dim: 20)
=================================================


Gmsh reader: all element attributes were zero.
MFEM only supports positive element attributes.
Setting element attributes to 1.

======================================================
  Refinement Level: 1
======================================================
 Mesh width (h):  1.2500e-01
 Total DOFs:      153
 Spectral Radii:  0.153453
 GMRES Avg Iters: 7.00
------------------------------------------------------
  MG RESIDUAL DECAY
------------------------------------------------------
 Iter    Rel. Residual           Reduction Factor
------------------------------------------------------
 0       8.505557e-02            -----
 1       9.829043e-03            0.1156
 2       1.650033e-03            0.1679
 3       2.221706e-04            0.1346
 4       3.060133e-05            0.1377
 5       4.707027e-06            0.1538
 6       6.670497e-07            0.1417
 7       1.007964e-07            0.1511
 8       2.012050e-08            0.1996
 9       3.795991e-09            0.1887
 10      5.341441e-10            0.1407
 11      6.440113e-11            0.1206
 12      1.246128e-11            0.1935
 13      2.464770e-12            0.1978
 14      3.619985e-13            0.1469
 15      4.435570e-14            0.1225
------------------------------------------------------
 Iterations:      16
 Final Rel. Res.: 4.435570e-14
 Asymptotic Rate: 0.152685 (Geom. Mean, last 4 iters)
======================================================

======================================================
  Refinement Level: 2
======================================================
 Mesh width (h):  6.2500e-02
 Total DOFs:      561
 Spectral Radii:  0.192446
 GMRES Avg Iters: 7.00
------------------------------------------------------
  MG RESIDUAL DECAY
------------------------------------------------------
 Iter    Rel. Residual           Reduction Factor
------------------------------------------------------
 0       9.824380e-02            -----
 1       1.195425e-02            0.1217
 2       1.534185e-03            0.1283
 3       2.229986e-04            0.1454
 4       3.663969e-05            0.1643
 5       6.567053e-06            0.1792
 6       1.108148e-06            0.1687
 7       2.068720e-07            0.1867
 8       4.230102e-08            0.2045
 9       8.858606e-09            0.2094
 10      1.858658e-09            0.2098
 11      3.866497e-10            0.2080
 12      7.998624e-11            0.2069
 13      1.639761e-11            0.2050
 14      3.347116e-12            0.2041
 15      6.827527e-13            0.2040
------------------------------------------------------
 Iterations:      16
 Final Rel. Res.: 6.827527e-13
 Asymptotic Rate: 0.204369 (Geom. Mean, last 4 iters)
======================================================

======================================================
  Refinement Level: 3
======================================================
 Mesh width (h):  3.1250e-02
 Total DOFs:      2145
 Spectral Radii:  0.241101
 GMRES Avg Iters: 7.00
------------------------------------------------------
  MG RESIDUAL DECAY
------------------------------------------------------
 Iter    Rel. Residual           Reduction Factor
------------------------------------------------------
 0       1.000754e-01            -----
 1       1.124796e-02            0.1124
 2       1.488495e-03            0.1323
 3       2.182297e-04            0.1466
 4       3.344128e-05            0.1532
 5       5.369639e-06            0.1606
 6       9.165517e-07            0.1707
 7       1.698361e-07            0.1853
 8       3.263176e-08            0.1921
 9       6.486983e-09            0.1988
 10      1.314712e-09            0.2027
 11      2.703072e-10            0.2056
 12      5.627981e-11            0.2082
 13      1.176789e-11            0.2091
 14      2.471168e-12            0.2100
 15      5.239104e-13            0.2120
------------------------------------------------------
 Iterations:      16
 Final Rel. Res.: 5.239104e-13
 Asymptotic Rate: 0.210362 (Geom. Mean, last 4 iters)
======================================================

======================================================
  Refinement Level: 4
======================================================
 Mesh width (h):  1.5625e-02
 Total DOFs:      8385
 Spectral Radii:  0.263953
 GMRES Avg Iters: 7.00
------------------------------------------------------
  MG RESIDUAL DECAY
------------------------------------------------------
 Iter    Rel. Residual           Reduction Factor
------------------------------------------------------
 0       9.710884e-02            -----
 1       1.228205e-02            0.1265
 2       1.647241e-03            0.1341
 3       2.373274e-04            0.1441
 4       3.743551e-05            0.1577
 5       6.481342e-06            0.1731
 6       1.221397e-06            0.1884
 7       2.504285e-07            0.2050
 8       5.531465e-08            0.2209
 9       1.285550e-08            0.2324
 10      3.080191e-09            0.2396
 11      7.544138e-10            0.2449
 12      1.884086e-10            0.2497
 13      4.782654e-11            0.2538
 14      1.227915e-11            0.2567
 15      3.176455e-12            0.2587
------------------------------------------------------
 Iterations:      16
 Final Rel. Res.: 3.176455e-12
 Asymptotic Rate: 0.256417 (Geom. Mean, last 4 iters)
======================================================

======================================================
  Refinement Level: 5
======================================================
 Mesh width (h):  7.8125e-03
 Total DOFs:      33153
 Spectral Radii:  0.277706
 GMRES Avg Iters: 7.00
------------------------------------------------------
  MG RESIDUAL DECAY
------------------------------------------------------
 Iter    Rel. Residual           Reduction Factor
------------------------------------------------------
 0       9.688909e-02            -----
 1       1.182599e-02            0.1221
 2       1.619975e-03            0.1370
 3       2.331181e-04            0.1439
 4       3.779199e-05            0.1621
 5       6.520247e-06            0.1725
 6       1.213706e-06            0.1861
 7       2.459269e-07            0.2026
 8       5.257143e-08            0.2138
 9       1.189346e-08            0.2262
 10      2.819429e-09            0.2371
 11      6.912649e-10            0.2452
 12      1.736759e-10            0.2512
 13      4.433749e-11            0.2553
 14      1.143926e-11            0.2580
 15      2.973166e-12            0.2599
------------------------------------------------------
 Iterations:      16
 Final Rel. Res.: 2.973166e-12
 Asymptotic Rate: 0.257727 (Geom. Mean, last 4 iters)
======================================================

======================================================
  Refinement Level: 6
======================================================
 Mesh width (h):  3.9063e-03
 Total DOFs:      131841
 Spectral Radii:  0.286633
 GMRES Avg Iters: 7.00
------------------------------------------------------
  MG RESIDUAL DECAY
------------------------------------------------------
 Iter    Rel. Residual           Reduction Factor
------------------------------------------------------
 0       9.810828e-02            -----
 1       1.183178e-02            0.1206
 2       1.601280e-03            0.1353
 3       2.302319e-04            0.1438
 4       3.699042e-05            0.1607
 5       6.445480e-06            0.1742
 6       1.198817e-06            0.1860
 7       2.372895e-07            0.1979
 8       4.961591e-08            0.2091
 9       1.084054e-08            0.2185
 10      2.459729e-09            0.2269
 11      5.769550e-10            0.2346
 12      1.392799e-10            0.2414
 13      3.452035e-11            0.2478
 14      8.761671e-12            0.2538
 15      2.270275e-12            0.2591
------------------------------------------------------
 Iterations:      16
 Final Rel. Res.: 2.270275e-12
 Asymptotic Rate: 0.253550 (Geom. Mean, last 4 iters)
======================================================

