Device configuration: omp,cpu
Memory configuration: host-std
Loaded config: /cluster/home/rdabetic/decmg/configs/mag_2d_square_centered_barycentric_v.json
=================================================
  Multigrid Convergence Test Configuration
=================================================
 Problem Type:    mag
 Mesh File:       meshes/2d/square_centered.msh
 Output File:     out/barycentric/v/mag/2d/square_centered.csv
 MG Cycle Type:   V-Cycle
 Mass Lumping:    barycentric
 B-Conditions:    essential
 Max Refinement:  6
 Eigenvalues:     1 (Tol: 0.01)
 GMRES Benchmark: 8 runs (Tol: 1e-06, K-Dim: 20)
=================================================


Gmsh reader: all element attributes were zero.
MFEM only supports positive element attributes.
Setting element attributes to 1.

======================================================
  Refinement Level: 1
======================================================
 Mesh width (h):  1.9875e-01
 Total DOFs:      249
 Spectral Radii:  0.278154
 GMRES Avg Iters: 8.75
------------------------------------------------------
  MG RESIDUAL DECAY
------------------------------------------------------
 Iter    Rel. Residual           Reduction Factor
------------------------------------------------------
 0       8.701590e-02            -----
 1       1.291165e-02            0.1484
 2       2.704073e-03            0.2094
 3       6.687594e-04            0.2473
 4       1.727353e-04            0.2583
 5       4.401850e-05            0.2548
 6       1.164587e-05            0.2646
 7       3.245891e-06            0.2787
 8       9.153818e-07            0.2820
 9       2.545455e-07            0.2781
 10      7.025797e-08            0.2760
 11      1.950902e-08            0.2777
 12      5.462353e-09            0.2800
 13      1.532027e-09            0.2805
 14      4.278093e-10            0.2792
 15      1.187472e-10            0.2776
------------------------------------------------------
 Iterations:      16
 Final Rel. Res.: 1.187472e-10
 Asymptotic Rate: 0.279092 (Geom. Mean, last 4 iters)
======================================================

======================================================
  Refinement Level: 2
======================================================
 Mesh width (h):  9.9376e-02
 Total DOFs:      945
 Spectral Radii:  0.3056
 GMRES Avg Iters: 9.00
------------------------------------------------------
  MG RESIDUAL DECAY
------------------------------------------------------
 Iter    Rel. Residual           Reduction Factor
------------------------------------------------------
 0       1.012719e-01            -----
 1       1.344390e-02            0.1328
 2       2.310246e-03            0.1718
 3       5.181079e-04            0.2243
 4       1.335829e-04            0.2578
 5       3.617987e-05            0.2708
 6       1.010417e-05            0.2793
 7       2.938553e-06            0.2908
 8       8.805791e-07            0.2997
 9       2.681622e-07            0.3045
 10      8.250734e-08            0.3077
 11      2.558690e-08            0.3101
 12      7.988076e-09            0.3122
 13      2.504254e-09            0.3135
 14      7.860164e-10            0.3139
 15      2.464807e-10            0.3136
------------------------------------------------------
 Iterations:      16
 Final Rel. Res.: 2.464807e-10
 Asymptotic Rate: 0.313651 (Geom. Mean, last 4 iters)
======================================================

======================================================
  Refinement Level: 3
======================================================
 Mesh width (h):  4.9688e-02
 Total DOFs:      3681
 Spectral Radii:  0.351241
 GMRES Avg Iters: 10.00
------------------------------------------------------
  MG RESIDUAL DECAY
------------------------------------------------------
 Iter    Rel. Residual           Reduction Factor
------------------------------------------------------
 0       1.071693e-01            -----
 1       1.547649e-02            0.1444
 2       3.041016e-03            0.1965
 3       7.765250e-04            0.2554
 4       2.276431e-04            0.2932
 5       6.963030e-05            0.3059
 6       2.161685e-05            0.3105
 7       6.774132e-06            0.3134
 8       2.145377e-06            0.3167
 9       6.875319e-07            0.3205
 10      2.228517e-07            0.3241
 11      7.295474e-08            0.3274
 12      2.407661e-08            0.3300
 13      7.996409e-09            0.3321
 14      2.668960e-09            0.3338
 15      8.942873e-10            0.3351
------------------------------------------------------
 Iterations:      16
 Final Rel. Res.: 8.942873e-10
 Asymptotic Rate: 0.333652 (Geom. Mean, last 4 iters)
======================================================

======================================================
  Refinement Level: 4
======================================================
 Mesh width (h):  2.4844e-02
 Total DOFs:      14529
 Spectral Radii:  0.385257
 GMRES Avg Iters: 10.00
------------------------------------------------------
  MG RESIDUAL DECAY
------------------------------------------------------
 Iter    Rel. Residual           Reduction Factor
------------------------------------------------------
 0       1.048942e-01            -----
 1       1.526686e-02            0.1455
 2       2.993022e-03            0.1960
 3       7.492720e-04            0.2503
 4       2.145437e-04            0.2863
 5       6.567351e-05            0.3061
 6       2.100770e-05            0.3199
 7       6.939084e-06            0.3303
 8       2.352652e-06            0.3390
 9       8.150666e-07            0.3464
 10      2.873104e-07            0.3525
 11      1.026344e-07            0.3572
 12      3.702801e-08            0.3608
 13      1.345606e-08            0.3634
 14      4.916306e-09            0.3654
 15      1.803607e-09            0.3669
------------------------------------------------------
 Iterations:      16
 Final Rel. Res.: 1.803607e-09
 Asymptotic Rate: 0.365205 (Geom. Mean, last 4 iters)
======================================================

======================================================
  Refinement Level: 5
======================================================
 Mesh width (h):  1.2422e-02
 Total DOFs:      57729
 Spectral Radii:  0.403279
 GMRES Avg Iters: 10.00
------------------------------------------------------
  MG RESIDUAL DECAY
------------------------------------------------------
 Iter    Rel. Residual           Reduction Factor
------------------------------------------------------
 0       1.080671e-01            -----
 1       1.585789e-02            0.1467
 2       3.093556e-03            0.1951
 3       7.762286e-04            0.2509
 4       2.255663e-04            0.2906
 5       7.019630e-05            0.3112
 6       2.274605e-05            0.3240
 7       7.612127e-06            0.3347
 8       2.611726e-06            0.3431
 9       9.136237e-07            0.3498
 10      3.247584e-07            0.3555
 11      1.169890e-07            0.3602
 12      4.260706e-08            0.3642
 13      1.565817e-08            0.3675
 14      5.798444e-09            0.3703
 15      2.161438e-09            0.3728
------------------------------------------------------
 Iterations:      16
 Final Rel. Res.: 2.161438e-09
 Asymptotic Rate: 0.370186 (Geom. Mean, last 4 iters)
======================================================

======================================================
  Refinement Level: 6
======================================================
 Mesh width (h):  6.2110e-03
 Total DOFs:      230145
 Spectral Radii:  0.414816
 GMRES Avg Iters: 10.00
------------------------------------------------------
  MG RESIDUAL DECAY
------------------------------------------------------
 Iter    Rel. Residual           Reduction Factor
------------------------------------------------------
 0       1.097758e-01            -----
 1       1.615981e-02            0.1472
 2       3.217390e-03            0.1991
 3       8.234805e-04            0.2559
 4       2.462560e-04            0.2990
 5       7.907958e-05            0.3211
 6       2.644169e-05            0.3344
 7       9.116420e-06            0.3448
 8       3.218407e-06            0.3530
 9       1.157401e-06            0.3596
 10      4.224729e-07            0.3650
 11      1.560944e-07            0.3695
 12      5.825050e-08            0.3732
 13      2.191855e-08            0.3763
 14      8.305777e-09            0.3789
 15      3.166597e-09            0.3813
------------------------------------------------------
 Iterations:      16
 Final Rel. Res.: 3.166597e-09
 Asymptotic Rate: 0.378818 (Geom. Mean, last 4 iters)
======================================================

