Device configuration: omp,cpu
Memory configuration: host-std
Loaded config: /cluster/home/rdabetic/decmg/configs/mag_3d_corner_rowsum_v.json
=================================================
  Multigrid Convergence Test Configuration
=================================================
 Problem Type:    mag
 Mesh File:       meshes/3d/corner.msh
 Output File:     out/rowsum/v/mag/3d/corner.csv
 MG Cycle Type:   V-Cycle
 Mass Lumping:    rowsum
 B-Conditions:    essential
 Max Refinement:  5
 Eigenvalues:     1 (Tol: 0.01)
 GMRES Benchmark: 8 runs (Tol: 1e-06, K-Dim: 20)
=================================================

======================================================
  Refinement Level: 1
======================================================
 Mesh width (h):  5.0000e-01
 Total DOFs:      545
 Spectral Radii:  0.368254
 GMRES Avg Iters: 13.25
------------------------------------------------------
  MG RESIDUAL DECAY
------------------------------------------------------
 Iter    Rel. Residual           Reduction Factor
------------------------------------------------------
 0       6.410021e-02            -----
 1       9.923025e-03            0.1548
 2       2.499371e-03            0.2519
 3       8.122480e-04            0.3250
 4       2.774837e-04            0.3416
 5       9.824156e-05            0.3540
 6       3.539343e-05            0.3603
 7       1.287391e-05            0.3637
 8       4.703552e-06            0.3654
 9       1.721880e-06            0.3661
 10      6.307884e-07            0.3663
 11      2.311145e-07            0.3664
 12      8.467166e-08            0.3664
 13      3.101653e-08            0.3663
 14      1.136052e-08            0.3663
 15      4.160722e-09            0.3662
------------------------------------------------------
 Iterations:      16
 Final Rel. Res.: 4.160722e-09
 Asymptotic Rate: 0.366277 (Geom. Mean, last 4 iters)
======================================================

======================================================
  Refinement Level: 2
======================================================
 Mesh width (h):  2.5000e-01
 Total DOFs:      3681
 Spectral Radii:  0.427319
 GMRES Avg Iters: 15.75
------------------------------------------------------
  MG RESIDUAL DECAY
------------------------------------------------------
 Iter    Rel. Residual           Reduction Factor
------------------------------------------------------
 0       6.436330e-02            -----
 1       9.900615e-03            0.1538
 2       2.689300e-03            0.2716
 3       8.333379e-04            0.3099
 4       2.789039e-04            0.3347
 5       9.785788e-05            0.3509
 6       3.568482e-05            0.3647
 7       1.341727e-05            0.3760
 8       5.175704e-06            0.3857
 9       2.038178e-06            0.3938
 10      8.160234e-07            0.4004
 11      3.310086e-07            0.4056
 12      1.356546e-07            0.4098
 13      5.604194e-08            0.4131
 14      2.329729e-08            0.4157
 15      9.732157e-09            0.4177
------------------------------------------------------
 Iterations:      16
 Final Rel. Res.: 9.732157e-09
 Asymptotic Rate: 0.415520 (Geom. Mean, last 4 iters)
======================================================

======================================================
  Refinement Level: 3
======================================================
 Mesh width (h):  1.2500e-01
 Total DOFs:      26945
 Spectral Radii:  0.477043
 GMRES Avg Iters: 17.00
------------------------------------------------------
  MG RESIDUAL DECAY
------------------------------------------------------
 Iter    Rel. Residual           Reduction Factor
------------------------------------------------------
 0       6.540593e-02            -----
 1       9.660681e-03            0.1477
 2       2.521859e-03            0.2610
 3       7.603746e-04            0.3015
 4       2.429799e-04            0.3196
 5       8.074618e-05            0.3323
 6       2.764666e-05            0.3424
 7       9.704296e-06            0.3510
 8       3.486367e-06            0.3593
 9       1.282324e-06            0.3678
 10      4.833696e-07            0.3769
 11      1.868717e-07            0.3866
 12      7.408033e-08            0.3964
 13      3.007163e-08            0.4059
 14      1.247068e-08            0.4147
 15      5.268482e-09            0.4225
------------------------------------------------------
 Iterations:      16
 Final Rel. Res.: 5.268482e-09
 Asymptotic Rate: 0.414312 (Geom. Mean, last 4 iters)
======================================================

======================================================
  Refinement Level: 4
======================================================
 Mesh width (h):  6.2500e-02
 Total DOFs:      205953
 Spectral Radii:  0.511113
 GMRES Avg Iters: 17.00
------------------------------------------------------
  MG RESIDUAL DECAY
------------------------------------------------------
 Iter    Rel. Residual           Reduction Factor
------------------------------------------------------
 0       6.706891e-02            -----
 1       9.531382e-03            0.1421
 2       2.355637e-03            0.2471
 3       6.735623e-04            0.2859
 4       2.065263e-04            0.3066
 5       6.667036e-05            0.3228
 6       2.247609e-05            0.3371
 7       7.865382e-06            0.3499
 8       2.848063e-06            0.3621
 9       1.065193e-06            0.3740
 10      4.114144e-07            0.3862
 11      1.642496e-07            0.3992
 12      6.789073e-08            0.4133
 13      2.909246e-08            0.4285
 14      1.292375e-08            0.4442
 15      5.938233e-09            0.4595
------------------------------------------------------
 Iterations:      16
 Final Rel. Res.: 5.938233e-09
 Asymptotic Rate: 0.443897 (Geom. Mean, last 4 iters)
======================================================

======================================================
  Refinement Level: 5
======================================================
 Mesh width (h):  3.1250e-02
 Total DOFs:      1609985
 Spectral Radii:  0.534524
 GMRES Avg Iters: 17.00
------------------------------------------------------
  MG RESIDUAL DECAY
------------------------------------------------------
 Iter    Rel. Residual           Reduction Factor
------------------------------------------------------
 0       6.762873e-02            -----
 1       9.392575e-03            0.1389
 2       2.281354e-03            0.2429
 3       6.412651e-04            0.2811
 4       1.917438e-04            0.2990
 5       6.010092e-05            0.3134
 6       1.963225e-05            0.3267
 7       6.673099e-06            0.3399
 8       2.362113e-06            0.3540
 9       8.730154e-07            0.3696
 10      3.380431e-07            0.3872
 11      1.375802e-07            0.4070
 12      5.893068e-08            0.4283
 13      2.651285e-08            0.4499
 14      1.245878e-08            0.4699
 15      6.067337e-09            0.4870
------------------------------------------------------
 Iterations:      16
 Final Rel. Res.: 6.067337e-09
 Asymptotic Rate: 0.468690 (Geom. Mean, last 4 iters)
======================================================

