Device configuration: omp,cpu
Memory configuration: host-std
Loaded config: /cluster/home/rdabetic/decmg/configs/mag_3d_corner_barycentric_v_k2.json
=================================================
  Multigrid Convergence Test Configuration
=================================================
 Problem Type:    mag
 Mesh File:       meshes/3d/corner.msh
 Output File:     out/barycentric/v/mag/3d/corner_k2.csv
 MG Cycle Type:   V-Cycle
 Mass Lumping:    barycentric
 B-Conditions:    essential
 Max Refinement:  5
 Eigenvalues:     1 (Tol: 0.01)
 GMRES Benchmark: 8 runs (Tol: 1e-06, K-Dim: 20)
=================================================

======================================================
  Refinement Level: 1
======================================================
 Mesh width (h):  5.0000e-01
 Total DOFs:      545
 Spectral Radii:  0.370789
 GMRES Avg Iters: 14.00
------------------------------------------------------
  MG RESIDUAL DECAY
------------------------------------------------------
 Iter    Rel. Residual           Reduction Factor
------------------------------------------------------
 0       7.546122e-02            -----
 1       1.197945e-02            0.1587
 2       3.295356e-03            0.2751
 3       1.026664e-03            0.3115
 4       3.500666e-04            0.3410
 5       1.266889e-04            0.3619
 6       4.769971e-05            0.3765
 7       1.838753e-05            0.3855
 8       7.165398e-06            0.3897
 9       2.798920e-06            0.3906
 10      1.090587e-06            0.3896
 11      4.228319e-07            0.3877
 12      1.629363e-07            0.3853
 13      6.237669e-08            0.3828
 14      2.372181e-08            0.3803
 15      8.962680e-09            0.3778
------------------------------------------------------
 Iterations:      16
 Final Rel. Res.: 8.962680e-09
 Asymptotic Rate: 0.380312 (Geom. Mean, last 4 iters)
======================================================

======================================================
  Refinement Level: 2
======================================================
 Mesh width (h):  2.5000e-01
 Total DOFs:      3681
 Spectral Radii:  0.534022
 GMRES Avg Iters: 16.00
------------------------------------------------------
  MG RESIDUAL DECAY
------------------------------------------------------
 Iter    Rel. Residual           Reduction Factor
------------------------------------------------------
 0       7.135986e-02            -----
 1       1.338979e-02            0.1876
 2       3.966350e-03            0.2962
 3       1.342254e-03            0.3384
 4       4.957766e-04            0.3694
 5       1.943839e-04            0.3921
 6       7.975177e-05            0.4103
 7       3.397090e-05            0.4260
 8       1.494854e-05            0.4400
 9       6.767426e-06            0.4527
 10      3.138303e-06            0.4637
 11      1.483904e-06            0.4728
 12      7.122580e-07            0.4800
 13      3.457469e-07            0.4854
 14      1.692432e-07            0.4895
 15      8.336696e-08            0.4926
------------------------------------------------------
 Iterations:      16
 Final Rel. Res.: 8.336696e-08
 Asymptotic Rate: 0.489161 (Geom. Mean, last 4 iters)
======================================================

======================================================
  Refinement Level: 3
======================================================
 Mesh width (h):  1.2500e-01
 Total DOFs:      26945
 Spectral Radii:  0.60002
 GMRES Avg Iters: 17.75
------------------------------------------------------
  MG RESIDUAL DECAY
------------------------------------------------------
 Iter    Rel. Residual           Reduction Factor
------------------------------------------------------
 0       7.630205e-02            -----
 1       1.273128e-02            0.1669
 2       3.563262e-03            0.2799
 3       1.233242e-03            0.3461
 4       4.824691e-04            0.3912
 5       2.066836e-04            0.4284
 6       9.459868e-05            0.4577
 7       4.539433e-05            0.4799
 8       2.253471e-05            0.4964
 9       1.146740e-05            0.5089
 10      5.944969e-06            0.5184
 11      3.126604e-06            0.5259
 12      1.663302e-06            0.5320
 13      8.932268e-07            0.5370
 14      4.835300e-07            0.5413
 15      2.635821e-07            0.5451
------------------------------------------------------
 Iterations:      16
 Final Rel. Res.: 2.635821e-07
 Asymptotic Rate: 0.541147 (Geom. Mean, last 4 iters)
======================================================

======================================================
  Refinement Level: 4
======================================================
 Mesh width (h):  6.2500e-02
 Total DOFs:      205953
 Spectral Radii:  0.637469
 GMRES Avg Iters: 18.00
------------------------------------------------------
  MG RESIDUAL DECAY
------------------------------------------------------
 Iter    Rel. Residual           Reduction Factor
------------------------------------------------------
 0       7.792498e-02            -----
 1       1.269168e-02            0.1629
 2       3.569872e-03            0.2813
 3       1.256563e-03            0.3520
 4       5.074334e-04            0.4038
 5       2.263240e-04            0.4460
 6       1.081819e-04            0.4780
 7       5.423499e-05            0.5013
 8       2.810813e-05            0.5183
 9       1.491627e-05            0.5307
 10      8.053923e-06            0.5399
 11      4.405878e-06            0.5470
 12      2.434955e-06            0.5527
 13      1.356839e-06            0.5572
 14      7.612848e-07            0.5611
 15      4.296611e-07            0.5644
------------------------------------------------------
 Iterations:      16
 Final Rel. Res.: 4.296611e-07
 Asymptotic Rate: 0.560891 (Geom. Mean, last 4 iters)
======================================================

======================================================
  Refinement Level: 5
======================================================
 Mesh width (h):  3.1250e-02
 Total DOFs:      1609985
 Spectral Radii:  0.663526
 GMRES Avg Iters: 18.12
------------------------------------------------------
  MG RESIDUAL DECAY
------------------------------------------------------
 Iter    Rel. Residual           Reduction Factor
------------------------------------------------------
 0       7.894935e-02            -----
 1       1.259471e-02            0.1595
 2       3.474210e-03            0.2758
 3       1.209444e-03            0.3481
 4       4.837566e-04            0.4000
 5       2.135972e-04            0.4415
 6       1.011148e-04            0.4734
 7       5.028088e-05            0.4973
 8       2.590380e-05            0.5152
 9       1.369898e-05            0.5288
 10      7.389872e-06            0.5394
 11      4.048426e-06            0.5478
 12      2.245178e-06            0.5546
 13      1.257509e-06            0.5601
 14      7.100754e-07            0.5647
 15      4.036945e-07            0.5685
------------------------------------------------------
 Iterations:      16
 Final Rel. Res.: 4.036945e-07
 Asymptotic Rate: 0.564418 (Geom. Mean, last 4 iters)
======================================================

