Device configuration: omp,cpu
Memory configuration: host-std
Loaded config: /cluster/home/rdabetic/decmg/configs/mag_2d_two_holes_rowsum_w.json
=================================================
  Multigrid Convergence Test Configuration
=================================================
 Problem Type:    mag
 Mesh File:       meshes/2d/two_holes.msh
 Output File:     out/rowsum/w/mag/2d/two_holes.csv
 MG Cycle Type:   W-Cycle
 Mass Lumping:    rowsum
 B-Conditions:    essential
 Max Refinement:  6
 Eigenvalues:     3 (Tol: 0.01)
 GMRES Benchmark: 8 runs (Tol: 1e-06, K-Dim: 20)
=================================================


Gmsh reader: all element attributes were zero.
MFEM only supports positive element attributes.
Setting element attributes to 1.

======================================================
  Refinement Level: 1
======================================================
 Mesh width (h):  9.9615e-02
 Total DOFs:      2403
 Spectral Radii:  1 1 0.186151
 GMRES Avg Iters: 8.00
------------------------------------------------------
  MG RESIDUAL DECAY
------------------------------------------------------
 Iter    Rel. Residual           Reduction Factor
------------------------------------------------------
 0       8.747878e-02            -----
 1       1.108148e-02            0.1267
 2       1.484563e-03            0.1340
 3       2.165292e-04            0.1459
 4       3.586185e-05            0.1656
 5       6.156357e-06            0.1717
 6       1.126069e-06            0.1829
 7       2.070174e-07            0.1838
 8       3.370941e-08            0.1628
 9       5.265861e-09            0.1562
 10      9.205296e-10            0.1748
 11      1.717434e-10            0.1866
 12      3.018443e-11            0.1758
 13      4.990996e-12            0.1653
 14      8.409924e-13            0.1685
 15      1.527212e-13            0.1816
------------------------------------------------------
 Iterations:      16
 Final Rel. Res.: 1.527212e-13
 Asymptotic Rate: 0.171674 (Geom. Mean, last 4 iters)
======================================================

======================================================
  Refinement Level: 2
======================================================
 Mesh width (h):  4.9808e-02
 Total DOFs:      9383
 Spectral Radii:  1 1 0.197496
 GMRES Avg Iters: 8.00
------------------------------------------------------
  MG RESIDUAL DECAY
------------------------------------------------------
 Iter    Rel. Residual           Reduction Factor
------------------------------------------------------
 0       9.778984e-02            -----
 1       1.206390e-02            0.1234
 2       1.813747e-03            0.1503
 3       3.140804e-04            0.1732
 4       4.914993e-05            0.1565
 5       9.054298e-06            0.1842
 6       1.685307e-06            0.1861
 7       2.940811e-07            0.1745
 8       5.375377e-08            0.1828
 9       1.011601e-08            0.1882
 10      1.898571e-09            0.1877
 11      3.509489e-10            0.1848
 12      6.358949e-11            0.1812
 13      1.124673e-11            0.1769
 14      1.955513e-12            0.1739
 15      3.417996e-13            0.1748
------------------------------------------------------
 Iterations:      16
 Final Rel. Res.: 3.417996e-13
 Asymptotic Rate: 0.175171 (Geom. Mean, last 4 iters)
======================================================

======================================================
  Refinement Level: 3
======================================================
 Mesh width (h):  2.4904e-02
 Total DOFs:      37071
 Spectral Radii:  1 1 0.217443
 GMRES Avg Iters: 8.88
------------------------------------------------------
  MG RESIDUAL DECAY
------------------------------------------------------
 Iter    Rel. Residual           Reduction Factor
------------------------------------------------------
 0       9.972025e-02            -----
 1       1.234494e-02            0.1238
 2       1.757488e-03            0.1424
 3       2.739970e-04            0.1559
 4       4.938969e-05            0.1803
 5       9.030825e-06            0.1828
 6       1.750052e-06            0.1938
 7       3.483425e-07            0.1990
 8       7.004300e-08            0.2011
 9       1.416640e-08            0.2023
 10      2.876447e-09            0.2030
 11      5.877113e-10            0.2043
 12      1.206427e-10            0.2053
 13      2.477840e-11            0.2054
 14      5.083563e-12            0.2052
 15      1.040898e-12            0.2048
------------------------------------------------------
 Iterations:      16
 Final Rel. Res.: 1.040898e-12
 Asymptotic Rate: 0.205102 (Geom. Mean, last 4 iters)
======================================================

======================================================
  Refinement Level: 4
======================================================
 Mesh width (h):  1.2452e-02
 Total DOFs:      147359
 Spectral Radii:  1 1 0.242363
 GMRES Avg Iters: 9.00
------------------------------------------------------
  MG RESIDUAL DECAY
------------------------------------------------------
 Iter    Rel. Residual           Reduction Factor
------------------------------------------------------
 0       9.935109e-02            -----
 1       1.236776e-02            0.1245
 2       1.803163e-03            0.1458
 3       2.857830e-04            0.1585
 4       5.187253e-05            0.1815
 5       1.008438e-05            0.1944
 6       2.008252e-06            0.1991
 7       4.142605e-07            0.2063
 8       8.759138e-08            0.2114
 9       1.877113e-08            0.2143
 10      4.046821e-09            0.2156
 11      8.768265e-10            0.2167
 12      1.908113e-10            0.2176
 13      4.171390e-11            0.2186
 14      9.164811e-12            0.2197
 15      2.024080e-12            0.2209
------------------------------------------------------
 Iterations:      16
 Final Rel. Res.: 2.024080e-12
 Asymptotic Rate: 0.219723 (Geom. Mean, last 4 iters)
======================================================

======================================================
  Refinement Level: 5
======================================================
 Mesh width (h):  6.2260e-03
 Total DOFs:      587583
 Spectral Radii:  1 1 0.254489
 GMRES Avg Iters: 9.00
------------------------------------------------------
  MG RESIDUAL DECAY
------------------------------------------------------
 Iter    Rel. Residual           Reduction Factor
------------------------------------------------------
 0       9.972249e-02            -----
 1       1.237976e-02            0.1241
 2       1.771453e-03            0.1431
 3       2.759973e-04            0.1558
 4       4.928121e-05            0.1786
 5       9.319933e-06            0.1891
 6       1.841048e-06            0.1975
 7       3.809862e-07            0.2069
 8       8.139861e-08            0.2137
 9       1.775363e-08            0.2181
 10      3.926635e-09            0.2212
 11      8.783239e-10            0.2237
 12      1.983206e-10            0.2258
 13      4.508644e-11            0.2273
 14      1.030495e-11            0.2286
 15      2.366179e-12            0.2296
------------------------------------------------------
 Iterations:      16
 Final Rel. Res.: 2.366179e-12
 Asymptotic Rate: 0.228504 (Geom. Mean, last 4 iters)
======================================================

======================================================
  Refinement Level: 6
======================================================
 Mesh width (h):  3.1130e-03
 Total DOFs:      2346623
 Spectral Radii:  1 1 0.259467
 GMRES Avg Iters: 9.00
------------------------------------------------------
  MG RESIDUAL DECAY
------------------------------------------------------
 Iter    Rel. Residual           Reduction Factor
------------------------------------------------------
 0       9.990567e-02            -----
 1       1.238105e-02            0.1239
 2       1.769381e-03            0.1429
 3       2.750312e-04            0.1554
 4       4.883644e-05            0.1776
 5       9.255699e-06            0.1895
 6       1.845527e-06            0.1994
 7       3.849691e-07            0.2086
 8       8.262047e-08            0.2146
 9       1.810652e-08            0.2192
 10      4.032912e-09            0.2227
 11      9.111420e-10            0.2259
 12      2.083817e-10            0.2287
 13      4.816319e-11            0.2311
 14      1.123788e-11            0.2333
 15      2.643849e-12            0.2353
------------------------------------------------------
 Iterations:      16
 Final Rel. Res.: 2.643849e-12
 Asymptotic Rate: 0.233234 (Geom. Mean, last 4 iters)
======================================================

