Device configuration: omp,cpu
Memory configuration: host-std
Loaded config: /cluster/home/rdabetic/decmg/configs/mag_2d_square_hole_scaledid_v.json
=================================================
  Multigrid Convergence Test Configuration
=================================================
 Problem Type:    mag
 Mesh File:       meshes/2d/square_hole.msh
 Output File:     out/scaledid/v/mag/2d/square_hole.csv
 MG Cycle Type:   V-Cycle
 Mass Lumping:    scaledid
 B-Conditions:    essential
 Max Refinement:  6
 Eigenvalues:     2 (Tol: 0.01)
 GMRES Benchmark: 8 runs (Tol: 1e-06, K-Dim: 20)
=================================================


Gmsh reader: all element attributes were zero.
MFEM only supports positive element attributes.
Setting element attributes to 1.

======================================================
  Refinement Level: 1
======================================================
 Mesh width (h):  8.8388e-02
 Total DOFs:      720
 Spectral Radii:  1 0.151832
 GMRES Avg Iters: 10.00
------------------------------------------------------
  MG RESIDUAL DECAY
------------------------------------------------------
 Iter    Rel. Residual           Reduction Factor
------------------------------------------------------
 0       8.810147e-02            -----
 1       9.943587e-03            0.1129
 2       1.423364e-03            0.1431
 3       1.989530e-04            0.1398
 4       2.997980e-05            0.1507
 5       4.325302e-06            0.1443
 6       6.223436e-07            0.1439
 7       1.001190e-07            0.1609
 8       1.833480e-08            0.1831
 9       2.947340e-09            0.1608
 10      4.222128e-10            0.1433
 11      6.101169e-11            0.1445
 12      9.196933e-12            0.1507
 13      1.461498e-12            0.1589
 14      2.384006e-13            0.1631
 15      3.585824e-14            0.1504
------------------------------------------------------
 Iterations:      16
 Final Rel. Res.: 3.585824e-14
 Asymptotic Rate: 0.157392 (Geom. Mean, last 4 iters)
======================================================

======================================================
  Refinement Level: 2
======================================================
 Mesh width (h):  4.4194e-02
 Total DOFs:      2720
 Spectral Radii:  1 0.192467
 GMRES Avg Iters: 11.00
------------------------------------------------------
  MG RESIDUAL DECAY
------------------------------------------------------
 Iter    Rel. Residual           Reduction Factor
------------------------------------------------------
 0       9.747047e-02            -----
 1       1.217693e-02            0.1249
 2       1.656435e-03            0.1360
 3       2.422969e-04            0.1463
 4       4.608395e-05            0.1902
 5       7.772990e-06            0.1687
 6       1.556659e-06            0.2003
 7       3.094809e-07            0.1988
 8       5.483978e-08            0.1772
 9       9.158288e-09            0.1670
 10      1.510372e-09            0.1649
 11      2.743011e-10            0.1816
 12      5.663012e-11            0.2065
 13      1.235366e-11            0.2181
 14      2.713586e-12            0.2197
 15      5.805559e-13            0.2139
------------------------------------------------------
 Iterations:      16
 Final Rel. Res.: 5.805559e-13
 Asymptotic Rate: 0.217236 (Geom. Mean, last 4 iters)
======================================================

======================================================
  Refinement Level: 3
======================================================
 Mesh width (h):  2.2097e-02
 Total DOFs:      10560
 Spectral Radii:  1 0.221441
 GMRES Avg Iters: 11.00
------------------------------------------------------
  MG RESIDUAL DECAY
------------------------------------------------------
 Iter    Rel. Residual           Reduction Factor
------------------------------------------------------
 0       9.591222e-02            -----
 1       1.178379e-02            0.1229
 2       1.620371e-03            0.1375
 3       2.737569e-04            0.1689
 4       6.150535e-05            0.2247
 5       1.352541e-05            0.2199
 6       2.958027e-06            0.2187
 7       6.482813e-07            0.2192
 8       1.393627e-07            0.2150
 9       2.972094e-08            0.2133
 10      6.312702e-09            0.2124
 11      1.323926e-09            0.2097
 12      2.705445e-10            0.2044
 13      5.344272e-11            0.1975
 14      1.016900e-11            0.1903
 15      1.881097e-12            0.1850
------------------------------------------------------
 Iterations:      16
 Final Rel. Res.: 1.881097e-12
 Asymptotic Rate: 0.190864 (Geom. Mean, last 4 iters)
======================================================

======================================================
  Refinement Level: 4
======================================================
 Mesh width (h):  1.1049e-02
 Total DOFs:      41600
 Spectral Radii:  1 0.249145
 GMRES Avg Iters: 11.00
------------------------------------------------------
  MG RESIDUAL DECAY
------------------------------------------------------
 Iter    Rel. Residual           Reduction Factor
------------------------------------------------------
 0       9.757289e-02            -----
 1       1.185480e-02            0.1215
 2       1.618122e-03            0.1365
 3       2.711944e-04            0.1676
 4       5.699453e-05            0.2102
 5       1.326026e-05            0.2327
 6       2.902526e-06            0.2189
 7       5.937192e-07            0.2046
 8       1.203659e-07            0.2027
 9       2.458425e-08            0.2042
 10      5.222893e-09            0.2124
 11      1.199274e-09            0.2296
 12      2.989511e-10            0.2493
 13      7.887533e-11            0.2638
 14      2.135033e-11            0.2707
 15      5.813126e-12            0.2723
------------------------------------------------------
 Iterations:      16
 Final Rel. Res.: 5.813126e-12
 Asymptotic Rate: 0.268908 (Geom. Mean, last 4 iters)
======================================================

======================================================
  Refinement Level: 5
======================================================
 Mesh width (h):  5.5243e-03
 Total DOFs:      165120
 Spectral Radii:  1 0.267421
 GMRES Avg Iters: 11.00
------------------------------------------------------
  MG RESIDUAL DECAY
------------------------------------------------------
 Iter    Rel. Residual           Reduction Factor
------------------------------------------------------
 0       9.873475e-02            -----
 1       1.195909e-02            0.1211
 2       1.654516e-03            0.1383
 3       2.470492e-04            0.1493
 4       5.263802e-05            0.2131
 5       1.518052e-05            0.2884
 6       4.646150e-06            0.3061
 7       1.405591e-06            0.3025
 8       4.102845e-07            0.2919
 9       1.164960e-07            0.2839
 10      3.229045e-08            0.2772
 11      8.762867e-09            0.2714
 12      2.340562e-09            0.2671
 13      6.178157e-10            0.2640
 14      1.616490e-10            0.2616
 15      4.201766e-11            0.2599
------------------------------------------------------
 Iterations:      16
 Final Rel. Res.: 4.201766e-11
 Asymptotic Rate: 0.261841 (Geom. Mean, last 4 iters)
======================================================

======================================================
  Refinement Level: 6
======================================================
 Mesh width (h):  2.7621e-03
 Total DOFs:      657920
 Spectral Radii:  1 0.2798
 GMRES Avg Iters: 11.00
------------------------------------------------------
  MG RESIDUAL DECAY
------------------------------------------------------
 Iter    Rel. Residual           Reduction Factor
------------------------------------------------------
 0       9.888026e-02            -----
 1       1.188763e-02            0.1202
 2       1.615907e-03            0.1359
 3       2.383725e-04            0.1475
 4       4.043245e-05            0.1696
 5       9.423560e-06            0.2331
 6       3.340917e-06            0.3545
 7       1.243973e-06            0.3723
 8       4.248747e-07            0.3415
 9       1.354834e-07            0.3189
 10      4.128238e-08            0.3047
 11      1.221709e-08            0.2959
 12      3.547235e-09            0.2904
 13      1.016130e-09            0.2865
 14      2.879935e-10            0.2834
 15      8.087202e-11            0.2808
------------------------------------------------------
 Iterations:      16
 Final Rel. Res.: 8.087202e-11
 Asymptotic Rate: 0.283554 (Geom. Mean, last 4 iters)
======================================================

