Device configuration: omp,cpu
Memory configuration: host-std
Loaded config: /cluster/home/rdabetic/decmg/configs/mag_3d_corner_scaledid_w_k2.json
=================================================
  Multigrid Convergence Test Configuration
=================================================
 Problem Type:    mag
 Mesh File:       meshes/3d/corner.msh
 Output File:     out/scaledid/w/mag/3d/corner_k2.csv
 MG Cycle Type:   W-Cycle
 Mass Lumping:    scaledid
 B-Conditions:    essential
 Max Refinement:  5
 Eigenvalues:     1 (Tol: 0.01)
 GMRES Benchmark: 8 runs (Tol: 1e-06, K-Dim: 20)
=================================================

======================================================
  Refinement Level: 1
======================================================
 Mesh width (h):  5.0000e-01
 Total DOFs:      545
 Spectral Radii:  0.338848
 GMRES Avg Iters: 20.00
------------------------------------------------------
  MG RESIDUAL DECAY
------------------------------------------------------
 Iter    Rel. Residual           Reduction Factor
------------------------------------------------------
 0       6.555590e-02            -----
 1       8.996496e-03            0.1372
 2       2.121852e-03            0.2359
 3       5.482696e-04            0.2584
 4       1.494654e-04            0.2726
 5       4.206785e-05            0.2815
 6       1.220043e-05            0.2900
 7       3.636734e-06            0.2981
 8       1.111426e-06            0.3056
 9       3.470379e-07            0.3122
 10      1.102783e-07            0.3178
 11      3.552665e-08            0.3222
 12      1.156464e-08            0.3255
 13      3.793799e-09            0.3281
 14      1.251714e-09            0.3299
 15      4.147370e-10            0.3313
------------------------------------------------------
 Iterations:      16
 Final Rel. Res.: 4.147370e-10
 Asymptotic Rate: 0.329772 (Geom. Mean, last 4 iters)
======================================================

======================================================
  Refinement Level: 2
======================================================
 Mesh width (h):  2.5000e-01
 Total DOFs:      3681
 Spectral Radii:  0.33652
 GMRES Avg Iters: 25.50
------------------------------------------------------
  MG RESIDUAL DECAY
------------------------------------------------------
 Iter    Rel. Residual           Reduction Factor
------------------------------------------------------
 0       6.112705e-02            -----
 1       9.279870e-03            0.1518
 2       2.123081e-03            0.2288
 3       5.512984e-04            0.2597
 4       1.530662e-04            0.2776
 5       4.418195e-05            0.2886
 6       1.307905e-05            0.2960
 7       3.938346e-06            0.3011
 8       1.200526e-06            0.3048
 9       3.694232e-07            0.3077
 10      1.145645e-07            0.3101
 11      3.576683e-08            0.3122
 12      1.123197e-08            0.3140
 13      3.545392e-09            0.3157
 14      1.124141e-09            0.3171
 15      3.578193e-10            0.3183
------------------------------------------------------
 Iterations:      16
 Final Rel. Res.: 3.578193e-10
 Asymptotic Rate: 0.317007 (Geom. Mean, last 4 iters)
======================================================

======================================================
  Refinement Level: 3
======================================================
 Mesh width (h):  1.2500e-01
 Total DOFs:      26945
 Spectral Radii:  0.340789
 GMRES Avg Iters: 28.00
------------------------------------------------------
  MG RESIDUAL DECAY
------------------------------------------------------
 Iter    Rel. Residual           Reduction Factor
------------------------------------------------------
 0       6.285837e-02            -----
 1       8.567733e-03            0.1363
 2       1.895641e-03            0.2213
 3       4.864005e-04            0.2566
 4       1.326672e-04            0.2728
 5       3.736968e-05            0.2817
 6       1.075389e-05            0.2878
 7       3.146484e-06            0.2926
 8       9.334207e-07            0.2967
 9       2.801420e-07            0.3001
 10      8.491218e-08            0.3031
 11      2.595730e-08            0.3057
 12      7.994584e-09            0.3080
 13      2.478808e-09            0.3101
 14      7.733034e-10            0.3120
 15      2.426195e-10            0.3137
------------------------------------------------------
 Iterations:      16
 Final Rel. Res.: 2.426195e-10
 Asymptotic Rate: 0.311920 (Geom. Mean, last 4 iters)
======================================================

======================================================
  Refinement Level: 4
======================================================
 Mesh width (h):  6.2500e-02
 Total DOFs:      205953
 Spectral Radii:  0.341648
 GMRES Avg Iters: 29.00
------------------------------------------------------
  MG RESIDUAL DECAY
------------------------------------------------------
 Iter    Rel. Residual           Reduction Factor
------------------------------------------------------
 0       6.245682e-02            -----
 1       8.239118e-03            0.1319
 2       1.754926e-03            0.2130
 3       4.347122e-04            0.2477
 4       1.141972e-04            0.2627
 5       3.100804e-05            0.2715
 6       8.627891e-06            0.2782
 7       2.447594e-06            0.2837
 8       7.056768e-07            0.2883
 9       2.063232e-07            0.2924
 10      6.107830e-08            0.2960
 11      1.828623e-08            0.2994
 12      5.531986e-09            0.3025
 13      1.689895e-09            0.3055
 14      5.209726e-10            0.3083
 15      1.620072e-10            0.3110
------------------------------------------------------
 Iterations:      16
 Final Rel. Res.: 1.620072e-10
 Asymptotic Rate: 0.308237 (Geom. Mean, last 4 iters)
======================================================

======================================================
  Refinement Level: 5
======================================================
 Mesh width (h):  3.1250e-02
 Total DOFs:      1609985
 Spectral Radii:  0.344738
 GMRES Avg Iters: 29.00
------------------------------------------------------
  MG RESIDUAL DECAY
------------------------------------------------------
 Iter    Rel. Residual           Reduction Factor
------------------------------------------------------
 0       6.247654e-02            -----
 1       8.111190e-03            0.1298
 2       1.696272e-03            0.2091
 3       4.165852e-04            0.2456
 4       1.088312e-04            0.2612
 5       2.940477e-05            0.2702
 6       8.144477e-06            0.2770
 7       2.302263e-06            0.2827
 8       6.623594e-07            0.2877
 9       1.935505e-07            0.2922
 10      5.734799e-08            0.2963
 11      1.720398e-08            0.3000
 12      5.218625e-09            0.3033
 13      1.598783e-09            0.3064
 14      4.941668e-10            0.3091
 15      1.539597e-10            0.3116
------------------------------------------------------
 Iterations:      16
 Final Rel. Res.: 1.539597e-10
 Asymptotic Rate: 0.308994 (Geom. Mean, last 4 iters)
======================================================

