Device configuration: omp,cpu
Memory configuration: host-std
Loaded config: /cluster/home/rdabetic/decmg/configs/mag_3d_ball_scaledid_v.json
=================================================
  Multigrid Convergence Test Configuration
=================================================
 Problem Type:    mag
 Mesh File:       meshes/3d/ball.msh
 Output File:     out/scaledid/v/mag/3d/ball.csv
 MG Cycle Type:   V-Cycle
 Mass Lumping:    scaledid
 B-Conditions:    essential
 Max Refinement:  5
 Eigenvalues:     1 (Tol: 0.01)
 GMRES Benchmark: 8 runs (Tol: 1e-06, K-Dim: 20)
=================================================

======================================================
  Refinement Level: 1
======================================================
 Mesh width (h):  3.0757e-01
 Total DOFs:      939
 Spectral Radii:  0.315403
 GMRES Avg Iters: 24.12
------------------------------------------------------
  MG RESIDUAL DECAY
------------------------------------------------------
 Iter    Rel. Residual           Reduction Factor
------------------------------------------------------
 0       6.100696e-02            -----
 1       7.910271e-03            0.1297
 2       1.452430e-03            0.1836
 3       3.269379e-04            0.2251
 4       8.297913e-05            0.2538
 5       2.273398e-05            0.2740
 6       6.529961e-06            0.2872
 7       1.932932e-06            0.2960
 8       5.834047e-07            0.3018
 9       1.783452e-07            0.3057
 10      5.498477e-08            0.3083
 11      1.705115e-08            0.3101
 12      5.309650e-09            0.3114
 13      1.658457e-09            0.3123
 14      5.192080e-10            0.3131
 15      1.628312e-10            0.3136
------------------------------------------------------
 Iterations:      16
 Final Rel. Res.: 1.628312e-10
 Asymptotic Rate: 0.313009 (Geom. Mean, last 4 iters)
======================================================

======================================================
  Refinement Level: 2
======================================================
 Mesh width (h):  1.5378e-01
 Total DOFs:      6341
 Spectral Radii:  0.400404
 GMRES Avg Iters: 33.38
------------------------------------------------------
  MG RESIDUAL DECAY
------------------------------------------------------
 Iter    Rel. Residual           Reduction Factor
------------------------------------------------------
 0       6.067266e-02            -----
 1       8.150904e-03            0.1343
 2       1.942225e-03            0.2383
 3       5.143794e-04            0.2648
 4       1.454730e-04            0.2828
 5       4.437943e-05            0.3051
 6       1.463467e-05            0.3298
 7       5.167179e-06            0.3531
 8       1.919009e-06            0.3714
 9       7.363347e-07            0.3837
 10      2.879685e-07            0.3911
 11      1.137871e-07            0.3951
 12      4.519564e-08            0.3972
 13      1.799351e-08            0.3981
 14      7.169384e-09            0.3984
 15      2.856558e-09            0.3984
------------------------------------------------------
 Iterations:      16
 Final Rel. Res.: 2.856558e-09
 Asymptotic Rate: 0.398335 (Geom. Mean, last 4 iters)
======================================================

======================================================
  Refinement Level: 3
======================================================
 Mesh width (h):  7.6892e-02
 Total DOFs:      46409
 Spectral Radii:  0.449042
 GMRES Avg Iters: 38.00
------------------------------------------------------
  MG RESIDUAL DECAY
------------------------------------------------------
 Iter    Rel. Residual           Reduction Factor
------------------------------------------------------
 0       6.124925e-02            -----
 1       8.004183e-03            0.1307
 2       1.749060e-03            0.2185
 3       4.519371e-04            0.2584
 4       1.237202e-04            0.2738
 5       3.601321e-05            0.2911
 6       1.142147e-05            0.3171
 7       4.019604e-06            0.3519
 8       1.559136e-06            0.3879
 9       6.481496e-07            0.4157
 10      2.804540e-07            0.4327
 11      1.238473e-07            0.4416
 12      5.521820e-08            0.4459
 13      2.472583e-08            0.4478
 14      1.109257e-08            0.4486
 15      4.980492e-09            0.4490
------------------------------------------------------
 Iterations:      16
 Final Rel. Res.: 4.980492e-09
 Asymptotic Rate: 0.448466 (Geom. Mean, last 4 iters)
======================================================

======================================================
  Refinement Level: 4
======================================================
 Mesh width (h):  3.8446e-02
 Total DOFs:      354705
 Spectral Radii:  0.480967
 GMRES Avg Iters: 41.25
------------------------------------------------------
  MG RESIDUAL DECAY
------------------------------------------------------
 Iter    Rel. Residual           Reduction Factor
------------------------------------------------------
 0       6.151914e-02            -----
 1       7.901410e-03            0.1284
 2       1.670718e-03            0.2114
 3       4.168034e-04            0.2495
 4       1.107130e-04            0.2656
 5       3.093745e-05            0.2794
 6       9.131723e-06            0.2952
 7       2.907858e-06            0.3184
 8       1.029874e-06            0.3542
 9       4.106021e-07            0.3987
 10      1.794802e-07            0.4371
 11      8.248370e-08            0.4596
 12      3.865810e-08            0.4687
 13      1.819204e-08            0.4706
 14      8.540519e-09            0.4695
 15      3.991449e-09            0.4674
------------------------------------------------------
 Iterations:      16
 Final Rel. Res.: 3.991449e-09
 Asymptotic Rate: 0.469134 (Geom. Mean, last 4 iters)
======================================================

======================================================
  Refinement Level: 5
======================================================
 Mesh width (h):  1.9223e-02
 Total DOFs:      2772769
 Spectral Radii:  0.502613
 GMRES Avg Iters: 41.88
------------------------------------------------------
  MG RESIDUAL DECAY
------------------------------------------------------
 Iter    Rel. Residual           Reduction Factor
------------------------------------------------------
 0       6.135457e-02            -----
 1       7.751506e-03            0.1263
 2       1.617795e-03            0.2087
 3       3.977367e-04            0.2459
 4       1.032362e-04            0.2596
 5       2.771463e-05            0.2685
 6       7.622315e-06            0.2750
 7       2.143003e-06            0.2811
 8       6.183928e-07            0.2886
 9       1.858813e-07            0.3006
 10      6.008053e-08            0.3232
 11      2.175697e-08            0.3621
 12      8.951335e-09            0.4114
 13      4.052232e-09            0.4527
 14      1.931981e-09            0.4768
 15      9.430709e-10            0.4881
------------------------------------------------------
 Iterations:      16
 Final Rel. Res.: 9.430709e-10
 Asymptotic Rate: 0.472301 (Geom. Mean, last 4 iters)
======================================================

