Device configuration: omp,cpu
Memory configuration: host-std
Loaded config: /cluster/home/rdabetic/decmg/configs/mag_2d_square_hole_rowsum_v.json
=================================================
  Multigrid Convergence Test Configuration
=================================================
 Problem Type:    mag
 Mesh File:       meshes/2d/square_hole.msh
 Output File:     out/rowsum/v/mag/2d/square_hole.csv
 MG Cycle Type:   V-Cycle
 Mass Lumping:    rowsum
 B-Conditions:    essential
 Max Refinement:  6
 Eigenvalues:     2 (Tol: 0.01)
 GMRES Benchmark: 8 runs (Tol: 1e-06, K-Dim: 20)
=================================================


Gmsh reader: all element attributes were zero.
MFEM only supports positive element attributes.
Setting element attributes to 1.

======================================================
  Refinement Level: 1
======================================================
 Mesh width (h):  8.8388e-02
 Total DOFs:      720
 Spectral Radii:  1 0.186702
 GMRES Avg Iters: 8.00
------------------------------------------------------
  MG RESIDUAL DECAY
------------------------------------------------------
 Iter    Rel. Residual           Reduction Factor
------------------------------------------------------
 0       8.396917e-02            -----
 1       1.166424e-02            0.1389
 2       1.791104e-03            0.1536
 3       2.573974e-04            0.1437
 4       3.899628e-05            0.1515
 5       6.590022e-06            0.1690
 6       1.157650e-06            0.1757
 7       2.444567e-07            0.2112
 8       5.509564e-08            0.2254
 9       1.126629e-08            0.2045
 10      2.155768e-09            0.1913
 11      4.058007e-10            0.1882
 12      7.588193e-11            0.1870
 13      1.387048e-11            0.1828
 14      2.442556e-12            0.1761
 15      4.139505e-13            0.1695
------------------------------------------------------
 Iterations:      16
 Final Rel. Res.: 4.139505e-13
 Asymptotic Rate: 0.176037 (Geom. Mean, last 4 iters)
======================================================

======================================================
  Refinement Level: 2
======================================================
 Mesh width (h):  4.4194e-02
 Total DOFs:      2720
 Spectral Radii:  1 0.24412
 GMRES Avg Iters: 9.00
------------------------------------------------------
  MG RESIDUAL DECAY
------------------------------------------------------
 Iter    Rel. Residual           Reduction Factor
------------------------------------------------------
 0       9.681574e-02            -----
 1       1.309539e-02            0.1353
 2       2.037088e-03            0.1556
 3       3.671409e-04            0.1802
 4       8.534661e-05            0.2325
 5       2.197301e-05            0.2575
 6       6.194196e-06            0.2819
 7       1.577589e-06            0.2547
 8       3.721515e-07            0.2359
 9       8.434678e-08            0.2266
 10      1.874506e-08            0.2222
 11      4.137620e-09            0.2207
 12      9.183223e-10            0.2219
 13      2.064066e-10            0.2248
 14      4.722779e-11            0.2288
 15      1.100967e-11            0.2331
------------------------------------------------------
 Iterations:      16
 Final Rel. Res.: 1.100967e-11
 Asymptotic Rate: 0.228872 (Geom. Mean, last 4 iters)
======================================================

======================================================
  Refinement Level: 3
======================================================
 Mesh width (h):  2.2097e-02
 Total DOFs:      10560
 Spectral Radii:  1 0.280742
 GMRES Avg Iters: 9.00
------------------------------------------------------
  MG RESIDUAL DECAY
------------------------------------------------------
 Iter    Rel. Residual           Reduction Factor
------------------------------------------------------
 0       9.515567e-02            -----
 1       1.329257e-02            0.1397
 2       1.967708e-03            0.1480
 3       4.571721e-04            0.2323
 4       1.542477e-04            0.3374
 5       4.696847e-05            0.3045
 6       1.381747e-05            0.2942
 7       3.963254e-06            0.2868
 8       1.128783e-06            0.2848
 9       3.240589e-07            0.2871
 10      9.344991e-08            0.2884
 11      2.691544e-08            0.2880
 12      7.712356e-09            0.2865
 13      2.195818e-09            0.2847
 14      6.215837e-10            0.2831
 15      1.751738e-10            0.2818
------------------------------------------------------
 Iterations:      16
 Final Rel. Res.: 1.751738e-10
 Asymptotic Rate: 0.283201 (Geom. Mean, last 4 iters)
======================================================

======================================================
  Refinement Level: 4
======================================================
 Mesh width (h):  1.1049e-02
 Total DOFs:      41600
 Spectral Radii:  1 0.313218
 GMRES Avg Iters: 9.00
------------------------------------------------------
  MG RESIDUAL DECAY
------------------------------------------------------
 Iter    Rel. Residual           Reduction Factor
------------------------------------------------------
 0       9.735956e-02            -----
 1       1.262955e-02            0.1297
 2       2.118502e-03            0.1677
 3       5.838008e-04            0.2756
 4       1.790923e-04            0.3068
 5       5.273774e-05            0.2945
 6       1.504367e-05            0.2853
 7       4.297523e-06            0.2857
 8       1.263858e-06            0.2941
 9       3.796268e-07            0.3004
 10      1.162550e-07            0.3062
 11      3.618669e-08            0.3113
 12      1.137358e-08            0.3143
 13      3.592750e-09            0.3159
 14      1.137353e-09            0.3166
 15      3.601256e-10            0.3166
------------------------------------------------------
 Iterations:      16
 Final Rel. Res.: 3.601256e-10
 Asymptotic Rate: 0.316363 (Geom. Mean, last 4 iters)
======================================================

======================================================
  Refinement Level: 5
======================================================
 Mesh width (h):  5.5243e-03
 Total DOFs:      165120
 Spectral Radii:  1 0.338584
 GMRES Avg Iters: 9.00
------------------------------------------------------
  MG RESIDUAL DECAY
------------------------------------------------------
 Iter    Rel. Residual           Reduction Factor
------------------------------------------------------
 0       9.879428e-02            -----
 1       1.262635e-02            0.1278
 2       2.048672e-03            0.1623
 3       4.334794e-04            0.2116
 4       1.572300e-04            0.3627
 5       6.656648e-05            0.4234
 6       2.776567e-05            0.4171
 7       1.097595e-05            0.3953
 8       4.122267e-06            0.3756
 9       1.491423e-06            0.3618
 10      5.259511e-07            0.3527
 11      1.823614e-07            0.3467
 12      6.256576e-08            0.3431
 13      2.133183e-08            0.3410
 14      7.247543e-09            0.3398
 15      2.457750e-09            0.3391
------------------------------------------------------
 Iterations:      16
 Final Rel. Res.: 2.457750e-09
 Asymptotic Rate: 0.339938 (Geom. Mean, last 4 iters)
======================================================

======================================================
  Refinement Level: 6
======================================================
 Mesh width (h):  2.7621e-03
 Total DOFs:      657920
 Spectral Radii:  1 0.358469
 GMRES Avg Iters: 9.00
------------------------------------------------------
  MG RESIDUAL DECAY
------------------------------------------------------
 Iter    Rel. Residual           Reduction Factor
------------------------------------------------------
 0       9.850626e-02            -----
 1       1.249480e-02            0.1268
 2       1.952396e-03            0.1563
 3       4.082717e-04            0.2091
 4       9.741782e-05            0.2386
 5       2.506017e-05            0.2572
 6       9.632553e-06            0.3844
 7       4.681573e-06            0.4860
 8       2.121052e-06            0.4531
 9       8.835920e-07            0.4166
 10      3.480375e-07            0.3939
 11      1.323729e-07            0.3803
 12      4.926511e-08            0.3722
 13      1.808587e-08            0.3671
 14      6.581226e-09            0.3639
 15      2.380938e-09            0.3618
------------------------------------------------------
 Iterations:      16
 Final Rel. Res.: 2.380938e-09
 Asymptotic Rate: 0.364253 (Geom. Mean, last 4 iters)
======================================================

