Device configuration: omp,cpu
Memory configuration: host-std
Loaded config: /cluster/home/rdabetic/decmg/configs/mag_2d_square_centered_scaledid_w.json
=================================================
  Multigrid Convergence Test Configuration
=================================================
 Problem Type:    mag
 Mesh File:       meshes/2d/square_centered.msh
 Output File:     out/scaledid/w/mag/2d/square_centered.csv
 MG Cycle Type:   W-Cycle
 Mass Lumping:    scaledid
 B-Conditions:    essential
 Max Refinement:  6
 Eigenvalues:     1 (Tol: 0.01)
 GMRES Benchmark: 8 runs (Tol: 1e-06, K-Dim: 20)
=================================================


Gmsh reader: all element attributes were zero.
MFEM only supports positive element attributes.
Setting element attributes to 1.

======================================================
  Refinement Level: 1
======================================================
 Mesh width (h):  1.9875e-01
 Total DOFs:      249
 Spectral Radii:  0.160052
 GMRES Avg Iters: 11.88
------------------------------------------------------
  MG RESIDUAL DECAY
------------------------------------------------------
 Iter    Rel. Residual           Reduction Factor
------------------------------------------------------
 0       8.302605e-02            -----
 1       9.366708e-03            0.1128
 2       1.138484e-03            0.1215
 3       1.596323e-04            0.1402
 4       2.026210e-05            0.1269
 5       2.373426e-06            0.1171
 6       3.136164e-07            0.1321
 7       4.610649e-08            0.1470
 8       7.293321e-09            0.1582
 9       1.057381e-09            0.1450
 10      1.642349e-10            0.1553
 11      2.808690e-11            0.1710
 12      4.705579e-12            0.1675
 13      7.467453e-13            0.1587
 14      1.166029e-13            0.1561
 15      1.822181e-14            0.1563
------------------------------------------------------
 Iterations:      16
 Final Rel. Res.: 1.822181e-14
 Asymptotic Rate: 0.157034 (Geom. Mean, last 4 iters)
======================================================

======================================================
  Refinement Level: 2
======================================================
 Mesh width (h):  9.9376e-02
 Total DOFs:      945
 Spectral Radii:  0.153884
 GMRES Avg Iters: 12.62
------------------------------------------------------
  MG RESIDUAL DECAY
------------------------------------------------------
 Iter    Rel. Residual           Reduction Factor
------------------------------------------------------
 0       9.247926e-02            -----
 1       9.173627e-03            0.0992
 2       1.100627e-03            0.1200
 3       1.480583e-04            0.1345
 4       1.871373e-05            0.1264
 5       2.419971e-06            0.1293
 6       3.415537e-07            0.1411
 7       5.333029e-08            0.1561
 8       8.201708e-09            0.1538
 9       1.241505e-09            0.1514
 10      1.838514e-10            0.1481
 11      2.766930e-11            0.1505
 12      4.253402e-12            0.1537
 13      6.630319e-13            0.1559
 14      1.040174e-13            0.1569
 15      1.583959e-14            0.1523
------------------------------------------------------
 Iterations:      16
 Final Rel. Res.: 1.583959e-14
 Asymptotic Rate: 0.155001 (Geom. Mean, last 4 iters)
======================================================

======================================================
  Refinement Level: 3
======================================================
 Mesh width (h):  4.9688e-02
 Total DOFs:      3681
 Spectral Radii:  0.1675
 GMRES Avg Iters: 13.00
------------------------------------------------------
  MG RESIDUAL DECAY
------------------------------------------------------
 Iter    Rel. Residual           Reduction Factor
------------------------------------------------------
 0       9.759258e-02            -----
 1       1.142489e-02            0.1171
 2       1.479057e-03            0.1295
 3       1.910468e-04            0.1292
 4       2.884420e-05            0.1510
 5       4.406375e-06            0.1528
 6       6.682818e-07            0.1517
 7       1.052228e-07            0.1575
 8       1.704669e-08            0.1620
 9       2.682773e-09            0.1574
 10      4.243781e-10            0.1582
 11      6.618659e-11            0.1560
 12      1.032967e-11            0.1561
 13      1.679470e-12            0.1626
 14      2.793754e-13            0.1663
 15      4.600775e-14            0.1647
------------------------------------------------------
 Iterations:      16
 Final Rel. Res.: 4.600775e-14
 Asymptotic Rate: 0.164531 (Geom. Mean, last 4 iters)
======================================================

======================================================
  Refinement Level: 4
======================================================
 Mesh width (h):  2.4844e-02
 Total DOFs:      14529
 Spectral Radii:  0.173693
 GMRES Avg Iters: 13.00
------------------------------------------------------
  MG RESIDUAL DECAY
------------------------------------------------------
 Iter    Rel. Residual           Reduction Factor
------------------------------------------------------
 0       9.528418e-02            -----
 1       1.123233e-02            0.1179
 2       1.457613e-03            0.1298
 3       1.991866e-04            0.1367
 4       2.907737e-05            0.1460
 5       4.421647e-06            0.1521
 6       6.772311e-07            0.1532
 7       1.070870e-07            0.1581
 8       1.712271e-08            0.1599
 9       2.760266e-09            0.1612
 10      4.498906e-10            0.1630
 11      7.495828e-11            0.1666
 12      1.268783e-11            0.1693
 13      2.176591e-12            0.1715
 14      3.738186e-13            0.1717
 15      6.294107e-14            0.1684
------------------------------------------------------
 Iterations:      16
 Final Rel. Res.: 6.294107e-14
 Asymptotic Rate: 0.170549 (Geom. Mean, last 4 iters)
======================================================

======================================================
  Refinement Level: 5
======================================================
 Mesh width (h):  1.2422e-02
 Total DOFs:      57729
 Spectral Radii:  0.175892
 GMRES Avg Iters: 13.50
------------------------------------------------------
  MG RESIDUAL DECAY
------------------------------------------------------
 Iter    Rel. Residual           Reduction Factor
------------------------------------------------------
 0       9.710104e-02            -----
 1       1.141293e-02            0.1175
 2       1.464987e-03            0.1284
 3       1.959830e-04            0.1338
 4       2.841689e-05            0.1450
 5       4.214973e-06            0.1483
 6       6.361462e-07            0.1509
 7       9.849611e-08            0.1548
 8       1.549481e-08            0.1573
 9       2.484546e-09            0.1603
 10      4.051613e-10            0.1631
 11      6.684326e-11            0.1650
 12      1.107446e-11            0.1657
 13      1.847310e-12            0.1668
 14      3.107587e-13            0.1682
 15      5.262462e-14            0.1693
------------------------------------------------------
 Iterations:      16
 Final Rel. Res.: 5.262462e-14
 Asymptotic Rate: 0.168121 (Geom. Mean, last 4 iters)
======================================================

======================================================
  Refinement Level: 6
======================================================
 Mesh width (h):  6.2110e-03
 Total DOFs:      230145
 Spectral Radii:  0.176861
 GMRES Avg Iters: 14.00
------------------------------------------------------
  MG RESIDUAL DECAY
------------------------------------------------------
 Iter    Rel. Residual           Reduction Factor
------------------------------------------------------
 0       9.817276e-02            -----
 1       1.149050e-02            0.1170
 2       1.482283e-03            0.1290
 3       1.976150e-04            0.1333
 4       2.861226e-05            0.1448
 5       4.233830e-06            0.1480
 6       6.317534e-07            0.1492
 7       9.787464e-08            0.1549
 8       1.538868e-08            0.1572
 9       2.445555e-09            0.1589
 10      3.948470e-10            0.1615
 11      6.443993e-11            0.1632
 12      1.062162e-11            0.1648
 13      1.762687e-12            0.1660
 14      2.943741e-13            0.1670
 15      4.951376e-14            0.1682
------------------------------------------------------
 Iterations:      16
 Final Rel. Res.: 4.951376e-14
 Asymptotic Rate: 0.167049 (Geom. Mean, last 4 iters)
======================================================

