Device configuration: omp,cpu
Memory configuration: host-std
Loaded config: /cluster/home/rdabetic/decmg/configs/mag_3d_corner_scaledid_w.json
=================================================
  Multigrid Convergence Test Configuration
=================================================
 Problem Type:    mag
 Mesh File:       meshes/3d/corner.msh
 Output File:     out/scaledid/w/mag/3d/corner.csv
 MG Cycle Type:   W-Cycle
 Mass Lumping:    scaledid
 B-Conditions:    essential
 Max Refinement:  5
 Eigenvalues:     1 (Tol: 0.01)
 GMRES Benchmark: 8 runs (Tol: 1e-06, K-Dim: 20)
=================================================

======================================================
  Refinement Level: 1
======================================================
 Mesh width (h):  5.0000e-01
 Total DOFs:      545
 Spectral Radii:  0.338848
 GMRES Avg Iters: 19.75
------------------------------------------------------
  MG RESIDUAL DECAY
------------------------------------------------------
 Iter    Rel. Residual           Reduction Factor
------------------------------------------------------
 0       5.944259e-02            -----
 1       8.674075e-03            0.1459
 2       1.732378e-03            0.1997
 3       4.371277e-04            0.2523
 4       1.158322e-04            0.2650
 5       3.207368e-05            0.2769
 6       9.196613e-06            0.2867
 7       2.734127e-06            0.2973
 8       8.390511e-07            0.3069
 9       2.646376e-07            0.3154
 10      8.528561e-08            0.3223
 11      2.793959e-08            0.3276
 12      9.263809e-09            0.3316
 13      3.098361e-09            0.3345
 14      1.042704e-09            0.3365
 15      3.524368e-10            0.3380
------------------------------------------------------
 Iterations:      16
 Final Rel. Res.: 3.524368e-10
 Asymptotic Rate: 0.336329 (Geom. Mean, last 4 iters)
======================================================

======================================================
  Refinement Level: 2
======================================================
 Mesh width (h):  2.5000e-01
 Total DOFs:      3681
 Spectral Radii:  0.33742
 GMRES Avg Iters: 24.75
------------------------------------------------------
  MG RESIDUAL DECAY
------------------------------------------------------
 Iter    Rel. Residual           Reduction Factor
------------------------------------------------------
 0       5.982600e-02            -----
 1       9.587631e-03            0.1603
 2       1.992262e-03            0.2078
 3       5.169097e-04            0.2595
 4       1.430236e-04            0.2767
 5       4.148909e-05            0.2901
 6       1.236561e-05            0.2980
 7       3.763615e-06            0.3044
 8       1.162967e-06            0.3090
 9       3.636011e-07            0.3126
 10      1.147599e-07            0.3156
 11      3.651122e-08            0.3182
 12      1.169705e-08            0.3204
 13      3.770235e-09            0.3223
 14      1.221719e-09            0.3240
 15      3.977205e-10            0.3255
------------------------------------------------------
 Iterations:      16
 Final Rel. Res.: 3.977205e-10
 Asymptotic Rate: 0.323967 (Geom. Mean, last 4 iters)
======================================================

======================================================
  Refinement Level: 3
======================================================
 Mesh width (h):  1.2500e-01
 Total DOFs:      26945
 Spectral Radii:  0.339279
 GMRES Avg Iters: 28.00
------------------------------------------------------
  MG RESIDUAL DECAY
------------------------------------------------------
 Iter    Rel. Residual           Reduction Factor
------------------------------------------------------
 0       6.113045e-02            -----
 1       8.485128e-03            0.1388
 2       1.820624e-03            0.2146
 3       4.645092e-04            0.2551
 4       1.251527e-04            0.2694
 5       3.494147e-05            0.2792
 6       9.986977e-06            0.2858
 7       2.908930e-06            0.2913
 8       8.609308e-07            0.2960
 9       2.584111e-07            0.3002
 10      7.855245e-08            0.3040
 11      2.415986e-08            0.3076
 12      7.513011e-09            0.3110
 13      2.360934e-09            0.3142
 14      7.493546e-10            0.3174
 15      2.401020e-10            0.3204
------------------------------------------------------
 Iterations:      16
 Final Rel. Res.: 2.401020e-10
 Asymptotic Rate: 0.317342 (Geom. Mean, last 4 iters)
======================================================

======================================================
  Refinement Level: 4
======================================================
 Mesh width (h):  6.2500e-02
 Total DOFs:      205953
 Spectral Radii:  0.341199
 GMRES Avg Iters: 29.00
------------------------------------------------------
  MG RESIDUAL DECAY
------------------------------------------------------
 Iter    Rel. Residual           Reduction Factor
------------------------------------------------------
 0       6.111110e-02            -----
 1       8.024370e-03            0.1313
 2       1.672751e-03            0.2085
 3       4.143046e-04            0.2477
 4       1.087467e-04            0.2625
 5       2.965901e-05            0.2727
 6       8.301821e-06            0.2799
 7       2.373264e-06            0.2859
 8       6.905101e-07            0.2910
 9       2.040221e-07            0.2955
 10      6.111780e-08            0.2996
 11      1.854007e-08            0.3033
 12      5.689557e-09            0.3069
 13      1.764816e-09            0.3102
 14      5.528934e-10            0.3133
 15      1.748212e-10            0.3162
------------------------------------------------------
 Iterations:      16
 Final Rel. Res.: 1.748212e-10
 Asymptotic Rate: 0.313212 (Geom. Mean, last 4 iters)
======================================================

======================================================
  Refinement Level: 5
======================================================
 Mesh width (h):  3.1250e-02
 Total DOFs:      1609985
 Spectral Radii:  0.344717
 GMRES Avg Iters: 29.00
------------------------------------------------------
  MG RESIDUAL DECAY
------------------------------------------------------
 Iter    Rel. Residual           Reduction Factor
------------------------------------------------------
 0       6.123084e-02            -----
 1       7.930316e-03            0.1295
 2       1.627428e-03            0.2052
 3       3.979598e-04            0.2445
 4       1.031276e-04            0.2591
 5       2.774586e-05            0.2690
 6       7.655931e-06            0.2759
 7       2.157039e-06            0.2817
 8       6.185960e-07            0.2868
 9       1.801886e-07            0.2913
 10      5.322030e-08            0.2954
 11      1.591627e-08            0.2991
 12      4.813772e-09            0.3024
 13      1.470742e-09            0.3055
 14      4.534940e-10            0.3083
 15      1.409979e-10            0.3109
------------------------------------------------------
 Iterations:      16
 Final Rel. Res.: 1.409979e-10
 Asymptotic Rate: 0.308254 (Geom. Mean, last 4 iters)
======================================================

