Device configuration: omp,cpu
Memory configuration: host-std
Loaded config: /cluster/home/rdabetic/decmg/configs/mag_3d_corner_barycentric_v_k4.json
=================================================
  Multigrid Convergence Test Configuration
=================================================
 Problem Type:    mag
 Mesh File:       meshes/3d/corner.msh
 Output File:     out/barycentric/v/mag/3d/corner_k4.csv
 MG Cycle Type:   V-Cycle
 Mass Lumping:    barycentric
 B-Conditions:    essential
 Max Refinement:  5
 Eigenvalues:     1 (Tol: 0.01)
 GMRES Benchmark: 8 runs (Tol: 1e-06, K-Dim: 20)
=================================================

======================================================
  Refinement Level: 1
======================================================
 Mesh width (h):  5.0000e-01
 Total DOFs:      545
 Spectral Radii:  0.165379
 GMRES Avg Iters: 12.00
------------------------------------------------------
  MG RESIDUAL DECAY
------------------------------------------------------
 Iter    Rel. Residual           Reduction Factor
------------------------------------------------------
 0       1.867164e-02            -----
 1       1.970870e-03            0.1056
 2       2.783503e-04            0.1412
 3       4.488155e-05            0.1612
 4       7.323796e-06            0.1632
 5       1.177176e-06            0.1607
 6       1.847153e-07            0.1569
 7       2.846934e-08            0.1541
 8       4.386257e-09            0.1541
 9       6.953496e-10            0.1585
 10      1.164066e-10            0.1674
 11      2.057090e-11            0.1767
 12      3.738497e-12            0.1817
 13      6.791598e-13            0.1817
 14      1.211465e-13            0.1784
 15      2.106273e-14            0.1739
------------------------------------------------------
 Iterations:      16
 Final Rel. Res.: 2.106273e-14
 Asymptotic Rate: 0.177940 (Geom. Mean, last 4 iters)
======================================================

======================================================
  Refinement Level: 2
======================================================
 Mesh width (h):  2.5000e-01
 Total DOFs:      3681
 Spectral Radii:  0.31018
 GMRES Avg Iters: 13.75
------------------------------------------------------
  MG RESIDUAL DECAY
------------------------------------------------------
 Iter    Rel. Residual           Reduction Factor
------------------------------------------------------
 0       1.761021e-02            -----
 1       1.836552e-03            0.1043
 2       2.649880e-04            0.1443
 3       4.436483e-05            0.1674
 4       8.214154e-06            0.1852
 5       1.681639e-06            0.2047
 6       3.793984e-07            0.2256
 7       9.209631e-08            0.2427
 8       2.338481e-08            0.2539
 9       6.096471e-09            0.2607
 10      1.617343e-09            0.2653
 11      4.351725e-10            0.2691
 12      1.186579e-10            0.2727
 13      3.278842e-11            0.2763
 14      9.183045e-12            0.2801
 15      2.606405e-12            0.2838
------------------------------------------------------
 Iterations:      16
 Final Rel. Res.: 2.606405e-12
 Asymptotic Rate: 0.280058 (Geom. Mean, last 4 iters)
======================================================

======================================================
  Refinement Level: 3
======================================================
 Mesh width (h):  1.2500e-01
 Total DOFs:      26945
 Spectral Radii:  0.384687
 GMRES Avg Iters: 14.00
------------------------------------------------------
  MG RESIDUAL DECAY
------------------------------------------------------
 Iter    Rel. Residual           Reduction Factor
------------------------------------------------------
 0       1.692329e-02            -----
 1       1.725431e-03            0.1020
 2       2.813706e-04            0.1631
 3       5.927036e-05            0.2106
 4       1.466568e-05            0.2474
 5       4.002851e-06            0.2729
 6       1.159759e-06            0.2897
 7       3.505569e-07            0.3023
 8       1.097260e-07            0.3130
 9       3.543602e-08            0.3230
 10      1.177930e-08            0.3324
 11      4.020481e-09            0.3413
 12      1.404902e-09            0.3494
 13      5.009021e-10            0.3565
 14      1.815825e-10            0.3625
 15      6.670817e-11            0.3674
------------------------------------------------------
 Iterations:      16
 Final Rel. Res.: 6.670817e-11
 Asymptotic Rate: 0.362113 (Geom. Mean, last 4 iters)
======================================================

======================================================
  Refinement Level: 4
======================================================
 Mesh width (h):  6.2500e-02
 Total DOFs:      205953
 Spectral Radii:  0.433797
 GMRES Avg Iters: 15.00
------------------------------------------------------
  MG RESIDUAL DECAY
------------------------------------------------------
 Iter    Rel. Residual           Reduction Factor
------------------------------------------------------
 0       1.671666e-02            -----
 1       1.689920e-03            0.1011
 2       2.861798e-04            0.1693
 3       6.494591e-05            0.2269
 4       1.739241e-05            0.2678
 5       5.087340e-06            0.2925
 6       1.565745e-06            0.3078
 7       4.976317e-07            0.3178
 8       1.617365e-07            0.3250
 9       5.346796e-08            0.3306
 10      1.792252e-08            0.3352
 11      6.079636e-09            0.3392
 12      2.084457e-09            0.3429
 13      7.217855e-10            0.3463
 14      2.522983e-10            0.3495
 15      8.899800e-11            0.3527
------------------------------------------------------
 Iterations:      16
 Final Rel. Res.: 8.899800e-11
 Asymptotic Rate: 0.349512 (Geom. Mean, last 4 iters)
======================================================

======================================================
  Refinement Level: 5
======================================================
 Mesh width (h):  3.1250e-02
 Total DOFs:      1609985
 Spectral Radii:  0.469623
 GMRES Avg Iters: 15.00
------------------------------------------------------
  MG RESIDUAL DECAY
------------------------------------------------------
 Iter    Rel. Residual           Reduction Factor
------------------------------------------------------
 0       1.645312e-02            -----
 1       1.637005e-03            0.0995
 2       2.745245e-04            0.1677
 3       6.146867e-05            0.2239
 4       1.629735e-05            0.2651
 5       4.743660e-06            0.2911
 6       1.468313e-06            0.3095
 7       4.747260e-07            0.3233
 8       1.585386e-07            0.3340
 9       5.434193e-08            0.3428
 10      1.906527e-08            0.3508
 11      6.843608e-09            0.3590
 12      2.516042e-09            0.3676
 13      9.491249e-10            0.3772
 14      3.680508e-10            0.3878
 15      1.468863e-10            0.3991
------------------------------------------------------
 Iterations:      16
 Final Rel. Res.: 1.468863e-10
 Asymptotic Rate: 0.387931 (Geom. Mean, last 4 iters)
======================================================

