Device configuration: omp,cpu
Memory configuration: host-std
Loaded config: /cluster/home/rdabetic/decmg/configs/mag_3d_corner_rowsum_v_k1.json
=================================================
  Multigrid Convergence Test Configuration
=================================================
 Problem Type:    mag
 Mesh File:       meshes/3d/corner.msh
 Output File:     out/rowsum/v/mag/3d/corner_k1.csv
 MG Cycle Type:   V-Cycle
 Mass Lumping:    rowsum
 B-Conditions:    essential
 Max Refinement:  5
 Eigenvalues:     1 (Tol: 0.01)
 GMRES Benchmark: 8 runs (Tol: 1e-06, K-Dim: 20)
=================================================

======================================================
  Refinement Level: 1
======================================================
 Mesh width (h):  5.0000e-01
 Total DOFs:      545
 Spectral Radii:  0.605236
 GMRES Avg Iters: 18.38
------------------------------------------------------
  MG RESIDUAL DECAY
------------------------------------------------------
 Iter    Rel. Residual           Reduction Factor
------------------------------------------------------
 0       2.443265e-01            -----
 1       6.353748e-02            0.2601
 2       2.227528e-02            0.3506
 3       9.625358e-03            0.4321
 4       4.803074e-03            0.4990
 5       2.577363e-03            0.5366
 6       1.436187e-03            0.5572
 7       8.198542e-04            0.5709
 8       4.757733e-04            0.5803
 9       2.794564e-04            0.5874
 10      1.655167e-04            0.5923
 11      9.860042e-05            0.5957
 12      5.896892e-05            0.5981
 13      3.536118e-05            0.5997
 14      2.124278e-05            0.6007
 15      1.277671e-05            0.6015
------------------------------------------------------
 Iterations:      16
 Final Rel. Res.: 1.277671e-05
 Asymptotic Rate: 0.600618 (Geom. Mean, last 4 iters)
======================================================

======================================================
  Refinement Level: 2
======================================================
 Mesh width (h):  2.5000e-01
 Total DOFs:      3681
 Spectral Radii:  0.637134
 GMRES Avg Iters: 22.25
------------------------------------------------------
  MG RESIDUAL DECAY
------------------------------------------------------
 Iter    Rel. Residual           Reduction Factor
------------------------------------------------------
 0       2.268451e-01            -----
 1       6.337177e-02            0.2794
 2       2.299753e-02            0.3629
 3       1.027123e-02            0.4466
 4       5.203902e-03            0.5066
 5       2.761060e-03            0.5306
 6       1.495364e-03            0.5416
 7       8.218805e-04            0.5496
 8       4.572595e-04            0.5564
 9       2.568710e-04            0.5618
 10      1.454375e-04            0.5662
 11      8.289501e-05            0.5700
 12      4.752255e-05            0.5733
 13      2.738484e-05            0.5762
 14      1.585388e-05            0.5789
 15      9.216924e-06            0.5814
------------------------------------------------------
 Iterations:      16
 Final Rel. Res.: 9.216924e-06
 Asymptotic Rate: 0.578845 (Geom. Mean, last 4 iters)
======================================================

======================================================
  Refinement Level: 3
======================================================
 Mesh width (h):  1.2500e-01
 Total DOFs:      26945
 Spectral Radii:  0.66307
 GMRES Avg Iters: 24.12
------------------------------------------------------
  MG RESIDUAL DECAY
------------------------------------------------------
 Iter    Rel. Residual           Reduction Factor
------------------------------------------------------
 0       2.309810e-01            -----
 1       6.504749e-02            0.2816
 2       2.202153e-02            0.3385
 3       9.391137e-03            0.4265
 4       4.589927e-03            0.4888
 5       2.395852e-03            0.5220
 6       1.285708e-03            0.5366
 7       7.024315e-04            0.5463
 8       3.889693e-04            0.5537
 9       2.178611e-04            0.5601
 10      1.232221e-04            0.5656
 11      7.030345e-05            0.5705
 12      4.043176e-05            0.5751
 13      2.342939e-05            0.5795
 14      1.367812e-05            0.5838
 15      8.045091e-06            0.5882
------------------------------------------------------
 Iterations:      16
 Final Rel. Res.: 8.045091e-06
 Asymptotic Rate: 0.583807 (Geom. Mean, last 4 iters)
======================================================

======================================================
  Refinement Level: 4
======================================================
 Mesh width (h):  6.2500e-02
 Total DOFs:      205953
 Spectral Radii:  0.691696
 GMRES Avg Iters: 25.00
------------------------------------------------------
  MG RESIDUAL DECAY
------------------------------------------------------
 Iter    Rel. Residual           Reduction Factor
------------------------------------------------------
 0       2.413363e-01            -----
 1       6.645399e-02            0.2754
 2       2.199832e-02            0.3310
 3       9.175457e-03            0.4171
 4       4.372210e-03            0.4765
 5       2.206710e-03            0.5047
 6       1.149027e-03            0.5207
 7       6.107170e-04            0.5315
 8       3.300631e-04            0.5405
 9       1.809772e-04            0.5483
 10      1.005156e-04            0.5554
 11      5.647710e-05            0.5619
 12      3.206955e-05            0.5678
 13      1.838750e-05            0.5734
 14      1.063796e-05            0.5785
 15      6.206604e-06            0.5834
------------------------------------------------------
 Iterations:      16
 Final Rel. Res.: 6.206604e-06
 Asymptotic Rate: 0.578434 (Geom. Mean, last 4 iters)
======================================================

======================================================
  Refinement Level: 5
======================================================
 Mesh width (h):  3.1250e-02
 Total DOFs:      1609985
 Spectral Radii:  0.710602
 GMRES Avg Iters: 25.00
------------------------------------------------------
  MG RESIDUAL DECAY
------------------------------------------------------
 Iter    Rel. Residual           Reduction Factor
------------------------------------------------------
 0       2.428910e-01            -----
 1       6.686129e-02            0.2753
 2       2.188263e-02            0.3273
 3       8.984895e-03            0.4106
 4       4.240043e-03            0.4719
 5       2.127121e-03            0.5017
 6       1.099483e-03            0.5169
 7       5.798109e-04            0.5273
 8       3.102732e-04            0.5351
 9       1.681630e-04            0.5420
 10      9.213691e-05            0.5479
 11      5.099436e-05            0.5535
 12      2.848335e-05            0.5586
 13      1.605187e-05            0.5636
 14      9.123746e-06            0.5684
 15      5.231070e-06            0.5733
------------------------------------------------------
 Iterations:      16
 Final Rel. Res.: 5.231070e-06
 Asymptotic Rate: 0.568416 (Geom. Mean, last 4 iters)
======================================================

