Device configuration: omp,cpu
Memory configuration: host-std
Loaded config: /cluster/home/rdabetic/decmg/configs/mag_3d_corner_scaledid_v.json
=================================================
  Multigrid Convergence Test Configuration
=================================================
 Problem Type:    mag
 Mesh File:       meshes/3d/corner.msh
 Output File:     out/scaledid/v/mag/3d/corner.csv
 MG Cycle Type:   V-Cycle
 Mass Lumping:    scaledid
 B-Conditions:    essential
 Max Refinement:  5
 Eigenvalues:     1 (Tol: 0.01)
 GMRES Benchmark: 8 runs (Tol: 1e-06, K-Dim: 20)
=================================================

======================================================
  Refinement Level: 1
======================================================
 Mesh width (h):  5.0000e-01
 Total DOFs:      545
 Spectral Radii:  0.338848
 GMRES Avg Iters: 19.75
------------------------------------------------------
  MG RESIDUAL DECAY
------------------------------------------------------
 Iter    Rel. Residual           Reduction Factor
------------------------------------------------------
 0       5.944259e-02            -----
 1       8.674075e-03            0.1459
 2       1.732378e-03            0.1997
 3       4.371277e-04            0.2523
 4       1.158322e-04            0.2650
 5       3.207368e-05            0.2769
 6       9.196613e-06            0.2867
 7       2.734127e-06            0.2973
 8       8.390511e-07            0.3069
 9       2.646376e-07            0.3154
 10      8.528561e-08            0.3223
 11      2.793959e-08            0.3276
 12      9.263809e-09            0.3316
 13      3.098361e-09            0.3345
 14      1.042704e-09            0.3365
 15      3.524368e-10            0.3380
------------------------------------------------------
 Iterations:      16
 Final Rel. Res.: 3.524368e-10
 Asymptotic Rate: 0.336329 (Geom. Mean, last 4 iters)
======================================================

======================================================
  Refinement Level: 2
======================================================
 Mesh width (h):  2.5000e-01
 Total DOFs:      3681
 Spectral Radii:  0.39104
 GMRES Avg Iters: 24.75
------------------------------------------------------
  MG RESIDUAL DECAY
------------------------------------------------------
 Iter    Rel. Residual           Reduction Factor
------------------------------------------------------
 0       5.960537e-02            -----
 1       9.374652e-03            0.1573
 2       2.110310e-03            0.2251
 3       6.082369e-04            0.2882
 4       1.949717e-04            0.3206
 5       6.765714e-05            0.3470
 6       2.470674e-05            0.3652
 7       9.315151e-06            0.3770
 8       3.574961e-06            0.3838
 9       1.385071e-06            0.3874
 10      5.392462e-07            0.3893
 11      2.104554e-07            0.3903
 12      8.223207e-08            0.3907
 13      3.214763e-08            0.3909
 14      1.257019e-08            0.3910
 15      4.915318e-09            0.3910
------------------------------------------------------
 Iterations:      16
 Final Rel. Res.: 4.915318e-09
 Asymptotic Rate: 0.390994 (Geom. Mean, last 4 iters)
======================================================

======================================================
  Refinement Level: 3
======================================================
 Mesh width (h):  1.2500e-01
 Total DOFs:      26945
 Spectral Radii:  0.431468
 GMRES Avg Iters: 28.00
------------------------------------------------------
  MG RESIDUAL DECAY
------------------------------------------------------
 Iter    Rel. Residual           Reduction Factor
------------------------------------------------------
 0       6.097571e-02            -----
 1       8.391013e-03            0.1376
 2       1.903092e-03            0.2268
 3       5.073807e-04            0.2666
 4       1.434503e-04            0.2827
 5       4.206539e-05            0.2932
 6       1.265320e-05            0.3008
 7       3.878754e-06            0.3065
 8       1.207797e-06            0.3114
 9       3.812774e-07            0.3157
 10      1.219720e-07            0.3199
 11      3.957968e-08            0.3245
 12      1.306116e-08            0.3300
 13      4.400602e-09            0.3369
 14      1.521390e-09            0.3457
 15      5.424089e-10            0.3565
------------------------------------------------------
 Iterations:      16
 Final Rel. Res.: 5.424089e-10
 Asymptotic Rate: 0.346297 (Geom. Mean, last 4 iters)
======================================================

======================================================
  Refinement Level: 4
======================================================
 Mesh width (h):  6.2500e-02
 Total DOFs:      205953
 Spectral Radii:  0.462379
 GMRES Avg Iters: 29.00
------------------------------------------------------
  MG RESIDUAL DECAY
------------------------------------------------------
 Iter    Rel. Residual           Reduction Factor
------------------------------------------------------
 0       6.094166e-02            -----
 1       7.960697e-03            0.1306
 2       1.736956e-03            0.2182
 3       4.457935e-04            0.2567
 4       1.225526e-04            0.2749
 5       3.556440e-05            0.2902
 6       1.098715e-05            0.3089
 7       3.676930e-06            0.3347
 8       1.352231e-06            0.3678
 9       5.423626e-07            0.4011
 10      2.314144e-07            0.4267
 11      1.023329e-07            0.4422
 12      4.609651e-08            0.4505
 13      2.095350e-08            0.4546
 14      9.567493e-09            0.4566
 15      4.378840e-09            0.4577
------------------------------------------------------
 Iterations:      16
 Final Rel. Res.: 4.378840e-09
 Asymptotic Rate: 0.456279 (Geom. Mean, last 4 iters)
======================================================

======================================================
  Refinement Level: 5
======================================================
 Mesh width (h):  3.1250e-02
 Total DOFs:      1609985
 Spectral Radii:  0.48395
 GMRES Avg Iters: 29.00
------------------------------------------------------
  MG RESIDUAL DECAY
------------------------------------------------------
 Iter    Rel. Residual           Reduction Factor
------------------------------------------------------
 0       6.110283e-02            -----
 1       7.887848e-03            0.1291
 2       1.692773e-03            0.2146
 3       4.290045e-04            0.2534
 4       1.156578e-04            0.2696
 5       3.275922e-05            0.2832
 6       9.786425e-06            0.2987
 7       3.152561e-06            0.3221
 8       1.116415e-06            0.3541
 9       4.391321e-07            0.3933
 10      1.872860e-07            0.4265
 11      8.424668e-08            0.4498
 12      3.895883e-08            0.4624
 13      1.828764e-08            0.4694
 14      8.647154e-09            0.4728
 15      4.105674e-09            0.4748
------------------------------------------------------
 Iterations:      16
 Final Rel. Res.: 4.105674e-09
 Asymptotic Rate: 0.472345 (Geom. Mean, last 4 iters)
======================================================

