Device configuration: omp,cpu
Memory configuration: host-std
Loaded config: /cluster/home/rdabetic/decmg/configs/mag_3d_corner_scaledid_w_k4.json
=================================================
  Multigrid Convergence Test Configuration
=================================================
 Problem Type:    mag
 Mesh File:       meshes/3d/corner.msh
 Output File:     out/scaledid/w/mag/3d/corner_k4.csv
 MG Cycle Type:   W-Cycle
 Mass Lumping:    scaledid
 B-Conditions:    essential
 Max Refinement:  5
 Eigenvalues:     1 (Tol: 0.01)
 GMRES Benchmark: 8 runs (Tol: 1e-06, K-Dim: 20)
=================================================

======================================================
  Refinement Level: 1
======================================================
 Mesh width (h):  5.0000e-01
 Total DOFs:      545
 Spectral Radii:  0.177162
 GMRES Avg Iters: 19.00
------------------------------------------------------
  MG RESIDUAL DECAY
------------------------------------------------------
 Iter    Rel. Residual           Reduction Factor
------------------------------------------------------
 0       1.622158e-02            -----
 1       1.347008e-03            0.0830
 2       1.812466e-04            0.1346
 3       2.975022e-05            0.1641
 4       5.142479e-06            0.1729
 5       9.022100e-07            0.1754
 6       1.590430e-07            0.1763
 7       2.809388e-08            0.1766
 8       4.967981e-09            0.1768
 9       8.790807e-10            0.1769
 10      1.556158e-10            0.1770
 11      2.755451e-11            0.1771
 12      4.879856e-12            0.1771
 13      8.642934e-13            0.1771
 14      1.530999e-13            0.1771
 15      2.711671e-14            0.1771
------------------------------------------------------
 Iterations:      16
 Final Rel. Res.: 2.711671e-14
 Asymptotic Rate: 0.177124 (Geom. Mean, last 4 iters)
======================================================

======================================================
  Refinement Level: 2
======================================================
 Mesh width (h):  2.5000e-01
 Total DOFs:      3681
 Spectral Radii:  0.150411
 GMRES Avg Iters: 23.00
------------------------------------------------------
  MG RESIDUAL DECAY
------------------------------------------------------
 Iter    Rel. Residual           Reduction Factor
------------------------------------------------------
 0       1.339031e-02            -----
 1       9.561702e-04            0.0714
 2       9.179648e-05            0.0960
 3       1.024133e-05            0.1116
 4       1.229909e-06            0.1201
 5       1.537838e-07            0.1250
 6       1.983779e-08            0.1290
 7       2.631412e-09            0.1326
 8       3.578325e-10            0.1360
 9       4.968797e-11            0.1389
 10      7.014723e-12            0.1412
 11      1.002742e-12            0.1429
 12      1.446471e-13            0.1443
 13      2.100506e-14            0.1452
 14      3.067155e-15            0.1460
 15      4.703969e-16            0.1534
------------------------------------------------------
 Iterations:      16
 Final Rel. Res.: 4.703969e-16
 Asymptotic Rate: 0.145617 (Geom. Mean, last 4 iters)
======================================================

======================================================
  Refinement Level: 3
======================================================
 Mesh width (h):  1.2500e-01
 Total DOFs:      26945
 Spectral Radii:  0.151431
 GMRES Avg Iters: 25.00
------------------------------------------------------
  MG RESIDUAL DECAY
------------------------------------------------------
 Iter    Rel. Residual           Reduction Factor
------------------------------------------------------
 0       1.276895e-02            -----
 1       9.087041e-04            0.0712
 2       8.704329e-05            0.0958
 3       9.301456e-06            0.1069
 4       1.069804e-06            0.1150
 5       1.296195e-07            0.1212
 6       1.639613e-08            0.1265
 7       2.145857e-09            0.1309
 8       2.881516e-10            0.1343
 9       3.944176e-11            0.1369
 10      5.476548e-12            0.1389
 11      7.687028e-13            0.1404
 12      1.088038e-13            0.1415
 13      1.550409e-14            0.1425
 14      2.227803e-15            0.1437
 15      3.454242e-16            0.1551
------------------------------------------------------
 Iterations:      16
 Final Rel. Res.: 3.454242e-16
 Asymptotic Rate: 0.143092 (Geom. Mean, last 4 iters)
======================================================

======================================================
  Refinement Level: 4
======================================================
 Mesh width (h):  6.2500e-02
 Total DOFs:      205953
 Spectral Radii:  0.152968
 GMRES Avg Iters: 25.00
------------------------------------------------------
  MG RESIDUAL DECAY
------------------------------------------------------
 Iter    Rel. Residual           Reduction Factor
------------------------------------------------------
 0       1.226592e-02            -----
 1       8.424369e-04            0.0687
 2       7.635051e-05            0.0906
 3       7.669961e-06            0.1005
 4       8.206829e-07            0.1070
 5       9.296942e-08            0.1133
 6       1.100820e-08            0.1184
 7       1.357606e-09            0.1233
 8       1.736195e-10            0.1279
 9       2.295552e-11            0.1322
 10      3.127124e-12            0.1362
 11      4.373020e-13            0.1398
 12      6.252389e-14            0.1430
 13      9.104937e-15            0.1456
 14      1.353007e-15            0.1486
 15      2.304719e-16            0.1703
------------------------------------------------------
 Iterations:      16
 Final Rel. Res.: 2.304719e-16
 Asymptotic Rate: 0.147105 (Geom. Mean, last 4 iters)
======================================================

======================================================
  Refinement Level: 5
======================================================
 Mesh width (h):  3.1250e-02
 Total DOFs:      1609985
 Spectral Radii:  0.155187
 GMRES Avg Iters: 25.00
------------------------------------------------------
  MG RESIDUAL DECAY
------------------------------------------------------
 Iter    Rel. Residual           Reduction Factor
------------------------------------------------------
 0       1.197859e-02            -----
 1       8.130265e-04            0.0679
 2       7.245889e-05            0.0891
 3       7.136603e-06            0.0985
 4       7.517924e-07            0.1053
 5       8.367276e-08            0.1113
 6       9.751008e-09            0.1165
 7       1.178446e-09            0.1209
 8       1.467441e-10            0.1245
 9       1.872574e-11            0.1276
 10      2.439719e-12            0.1303
 11      3.236969e-13            0.1327
 12      4.365829e-14            0.1349
 13      5.980872e-15            0.1370
 14      8.420387e-16            0.1408
 15      1.567652e-16            0.1862
------------------------------------------------------
 Iterations:      16
 Final Rel. Res.: 1.567652e-16
 Asymptotic Rate: 0.136993 (Geom. Mean, last 4 iters)
======================================================

