Device configuration: omp,cpu
Memory configuration: host-std
Loaded config: /cluster/home/rdabetic/decmg/configs/mag_3d_hole_void_barycentric_v.json
=================================================
  Multigrid Convergence Test Configuration
=================================================
 Problem Type:    mag
 Mesh File:       meshes/3d/hole_void.msh
 Output File:     out/barycentric/v/mag/3d/hole_void.csv
 MG Cycle Type:   V-Cycle
 Mass Lumping:    barycentric
 B-Conditions:    essential
 Max Refinement:  5
 Eigenvalues:     2 (Tol: 0.01)
 GMRES Benchmark: 8 runs (Tol: 1e-06, K-Dim: 20)
=================================================

======================================================
  Refinement Level: 1
======================================================
 Mesh width (h):  1.5811e+00
 Total DOFs:      1505
 Spectral Radii:  1 0.55785
 GMRES Avg Iters: 22.62
------------------------------------------------------
  MG RESIDUAL DECAY
------------------------------------------------------
 Iter    Rel. Residual           Reduction Factor
------------------------------------------------------
 0       8.753784e-02            -----
 1       1.805694e-02            0.2063
 2       6.808373e-03            0.3771
 3       2.935010e-03            0.4311
 4       1.344661e-03            0.4581
 5       6.399784e-04            0.4759
 6       3.126104e-04            0.4885
 7       1.558164e-04            0.4984
 8       7.901035e-05            0.5071
 9       4.067591e-05            0.5148
 10      2.122431e-05            0.5218
 11      1.120647e-05            0.5280
 12      5.977978e-06            0.5334
 13      3.216824e-06            0.5381
 14      1.743693e-06            0.5421
 15      9.508780e-07            0.5453
------------------------------------------------------
 Iterations:      16
 Final Rel. Res.: 9.508780e-07
 Asymptotic Rate: 0.541822 (Geom. Mean, last 4 iters)
======================================================

======================================================
  Refinement Level: 2
======================================================
 Mesh width (h):  7.9057e-01
 Total DOFs:      10689
 Spectral Radii:  1 0.667028
 GMRES Avg Iters: 27.50
------------------------------------------------------
  MG RESIDUAL DECAY
------------------------------------------------------
 Iter    Rel. Residual           Reduction Factor
------------------------------------------------------
 0       7.085279e-02            -----
 1       1.244402e-02            0.1756
 2       4.016780e-03            0.3228
 3       1.599849e-03            0.3983
 4       7.197462e-04            0.4499
 5       3.510366e-04            0.4877
 6       1.806761e-04            0.5147
 7       9.660465e-05            0.5347
 8       5.324097e-05            0.5511
 9       3.013969e-05            0.5661
 10      1.749597e-05            0.5805
 11      1.040020e-05            0.5944
 12      6.319339e-06            0.6076
 13      3.915472e-06            0.6196
 14      2.466791e-06            0.6300
 15      1.575444e-06            0.6387
------------------------------------------------------
 Iterations:      16
 Final Rel. Res.: 1.575444e-06
 Asymptotic Rate: 0.629376 (Geom. Mean, last 4 iters)
======================================================

======================================================
  Refinement Level: 3
======================================================
 Mesh width (h):  3.9528e-01
 Total DOFs:      80257
 Spectral Radii:  1 0.695997
 GMRES Avg Iters: 28.88
------------------------------------------------------
  MG RESIDUAL DECAY
------------------------------------------------------
 Iter    Rel. Residual           Reduction Factor
------------------------------------------------------
 0       7.330322e-02            -----
 1       1.283633e-02            0.1751
 2       3.915894e-03            0.3051
 3       1.513376e-03            0.3865
 4       6.806239e-04            0.4497
 5       3.417740e-04            0.5021
 6       1.854632e-04            0.5426
 7       1.062187e-04            0.5727
 8       6.320364e-05            0.5950
 9       3.867126e-05            0.6119
 10      2.415982e-05            0.6247
 11      1.533677e-05            0.6348
 12      9.858317e-06            0.6428
 13      6.400603e-06            0.6493
 14      4.189944e-06            0.6546
 15      2.761809e-06            0.6592
------------------------------------------------------
 Iterations:      16
 Final Rel. Res.: 2.761809e-06
 Asymptotic Rate: 0.654330 (Geom. Mean, last 4 iters)
======================================================

======================================================
  Refinement Level: 4
======================================================
 Mesh width (h):  1.9764e-01
 Total DOFs:      621313
 Spectral Radii:  1 0.712523
 GMRES Avg Iters: 29.88
------------------------------------------------------
  MG RESIDUAL DECAY
------------------------------------------------------
 Iter    Rel. Residual           Reduction Factor
------------------------------------------------------
 0       7.446912e-02            -----
 1       1.232950e-02            0.1656
 2       3.671391e-03            0.2978
 3       1.405059e-03            0.3827
 4       6.213327e-04            0.4422
 5       3.031198e-04            0.4879
 6       1.584611e-04            0.5228
 7       8.710426e-05            0.5497
 8       4.971413e-05            0.5707
 9       2.920810e-05            0.5875
 10      1.755929e-05            0.6012
 11      1.075617e-05            0.6126
 12      6.693360e-06            0.6223
 13      4.221894e-06            0.6308
 14      2.694752e-06            0.6383
 15      1.738206e-06            0.6450
------------------------------------------------------
 Iterations:      16
 Final Rel. Res.: 1.738206e-06
 Asymptotic Rate: 0.637998 (Geom. Mean, last 4 iters)
======================================================

======================================================
  Refinement Level: 5
======================================================
 Mesh width (h):  9.8821e-02
 Total DOFs:      4888065
 Spectral Radii:  1 0.727333
 GMRES Avg Iters: 30.38
------------------------------------------------------
  MG RESIDUAL DECAY
------------------------------------------------------
 Iter    Rel. Residual           Reduction Factor
------------------------------------------------------
 0       7.539353e-02            -----
 1       1.227188e-02            0.1628
 2       3.599870e-03            0.2933
 3       1.349123e-03            0.3748
 4       5.832888e-04            0.4323
 5       2.794804e-04            0.4791
 6       1.443533e-04            0.5165
 7       7.875945e-05            0.5456
 8       4.476428e-05            0.5684
 9       2.625398e-05            0.5865
 10      1.578689e-05            0.6013
 11      9.689147e-06            0.6137
 12      6.050304e-06            0.6244
 13      3.834931e-06            0.6338
 14      2.462992e-06            0.6423
 15      1.600663e-06            0.6499
------------------------------------------------------
 Iterations:      16
 Final Rel. Res.: 1.600663e-06
 Asymptotic Rate: 0.641959 (Geom. Mean, last 4 iters)
======================================================

