Device configuration: omp,cpu
Memory configuration: host-std
Loaded config: /cluster/home/rdabetic/decmg/configs/mag_3d_corner_structured_barycentric_v.json
=================================================
  Multigrid Convergence Test Configuration
=================================================
 Problem Type:    mag
 Mesh File:       meshes/3d/corner_structured.msh
 Output File:     out/barycentric/v/mag/3d/corner_structured.csv
 MG Cycle Type:   V-Cycle
 Mass Lumping:    barycentric
 B-Conditions:    essential
 Max Refinement:  5
 Eigenvalues:     1 (Tol: 0.01)
 GMRES Benchmark: 8 runs (Tol: 1e-06, K-Dim: 20)
=================================================

======================================================
  Refinement Level: 1
======================================================
 Mesh width (h):  4.3301e-01
 Total DOFs:      4401
 Spectral Radii:  0.460335
 GMRES Avg Iters: 14.50
------------------------------------------------------
  MG RESIDUAL DECAY
------------------------------------------------------
 Iter    Rel. Residual           Reduction Factor
------------------------------------------------------
 0       7.463139e-02            -----
 1       1.262861e-02            0.1692
 2       3.330225e-03            0.2637
 3       1.061505e-03            0.3187
 4       3.823308e-04            0.3602
 5       1.510004e-04            0.3949
 6       6.327068e-05            0.4190
 7       2.752462e-05            0.4350
 8       1.227135e-05            0.4458
 9       5.560616e-06            0.4531
 10      2.547706e-06            0.4582
 11      1.176382e-06            0.4617
 12      5.462678e-07            0.4644
 13      2.547479e-07            0.4663
 14      1.191876e-07            0.4679
 15      5.590385e-08            0.4690
------------------------------------------------------
 Iterations:      16
 Final Rel. Res.: 5.590385e-08
 Asymptotic Rate: 0.467748 (Geom. Mean, last 4 iters)
======================================================

======================================================
  Refinement Level: 2
======================================================
 Mesh width (h):  2.1651e-01
 Total DOFs:      31841
 Spectral Radii:  0.528798
 GMRES Avg Iters: 15.75
------------------------------------------------------
  MG RESIDUAL DECAY
------------------------------------------------------
 Iter    Rel. Residual           Reduction Factor
------------------------------------------------------
 0       7.490097e-02            -----
 1       1.190908e-02            0.1590
 2       3.235097e-03            0.2716
 3       1.090677e-03            0.3371
 4       4.154902e-04            0.3809
 5       1.706997e-04            0.4108
 6       7.352371e-05            0.4307
 7       3.261777e-05            0.4436
 8       1.474659e-05            0.4521
 9       6.751818e-06            0.4579
 10      3.119201e-06            0.4620
 11      1.450768e-06            0.4651
 12      6.784078e-07            0.4676
 13      3.186753e-07            0.4697
 14      1.502918e-07            0.4716
 15      7.113853e-08            0.4733
------------------------------------------------------
 Iterations:      16
 Final Rel. Res.: 7.113853e-08
 Asymptotic Rate: 0.471561 (Geom. Mean, last 4 iters)
======================================================

======================================================
  Refinement Level: 3
======================================================
 Mesh width (h):  1.0825e-01
 Total DOFs:      241857
 Spectral Radii:  0.560406
 GMRES Avg Iters: 16.00
------------------------------------------------------
  MG RESIDUAL DECAY
------------------------------------------------------
 Iter    Rel. Residual           Reduction Factor
------------------------------------------------------
 0       7.500125e-02            -----
 1       1.173292e-02            0.1564
 2       3.226962e-03            0.2750
 3       1.093761e-03            0.3389
 4       4.160001e-04            0.3803
 5       1.711163e-04            0.4113
 6       7.412225e-05            0.4332
 7       3.319094e-05            0.4478
 8       1.518989e-05            0.4577
 9       7.057808e-06            0.4646
 10      3.316625e-06            0.4699
 11      1.572761e-06            0.4742
 12      7.516569e-07            0.4779
 13      3.618288e-07            0.4814
 14      1.754181e-07            0.4848
 15      8.568355e-08            0.4885
------------------------------------------------------
 Iterations:      16
 Final Rel. Res.: 8.568355e-08
 Asymptotic Rate: 0.484871 (Geom. Mean, last 4 iters)
======================================================

======================================================
  Refinement Level: 4
======================================================
 Mesh width (h):  5.4127e-02
 Total DOFs:      1884545
 Spectral Radii:  0.59077
 GMRES Avg Iters: 16.00
------------------------------------------------------
  MG RESIDUAL DECAY
------------------------------------------------------
 Iter    Rel. Residual           Reduction Factor
------------------------------------------------------
 0       7.474327e-02            -----
 1       1.157620e-02            0.1549
 2       3.182931e-03            0.2750
 3       1.084131e-03            0.3406
 4       4.168438e-04            0.3845
 5       1.740399e-04            0.4175
 6       7.677194e-05            0.4411
 7       3.515517e-05            0.4579
 8       1.657297e-05            0.4714
 9       8.031526e-06            0.4846
 10      4.012534e-06            0.4996
 11      2.075579e-06            0.5173
 12      1.114544e-06            0.5370
 13      6.203894e-07            0.5566
 14      3.559784e-07            0.5738
 15      2.089528e-07            0.5870
------------------------------------------------------
 Iterations:      16
 Final Rel. Res.: 2.089528e-07
 Asymptotic Rate: 0.572335 (Geom. Mean, last 4 iters)
======================================================

======================================================
  Refinement Level: 5
======================================================
 Mesh width (h):  2.7063e-02
 Total DOFs:      14877441
 Spectral Radii:  0.615176
 GMRES Avg Iters: 16.00
------------------------------------------------------
  MG RESIDUAL DECAY
------------------------------------------------------
 Iter    Rel. Residual           Reduction Factor
------------------------------------------------------
 0       7.508847e-02            -----
 1       1.149945e-02            0.1531
 2       3.147479e-03            0.2737
 3       1.069368e-03            0.3398
 4       4.107763e-04            0.3841
 5       1.714446e-04            0.4174
 6       7.547838e-05            0.4402
 7       3.434097e-05            0.4550
 8       1.595386e-05            0.4646
 9       7.521396e-06            0.4714
 10      3.590384e-06            0.4774
 11      1.737093e-06            0.4838
 12      8.555531e-07            0.4925
 13      4.324428e-07            0.5055
 14      2.267687e-07            0.5244
 15      1.245843e-07            0.5494
------------------------------------------------------
 Iterations:      16
 Final Rel. Res.: 1.245843e-07
 Asymptotic Rate: 0.526105 (Geom. Mean, last 4 iters)
======================================================

