Device configuration: omp,cpu
Memory configuration: host-std
Loaded config: /cluster/home/rdabetic/decmg/configs/mag_3d_corner_rowsum_w_k2.json
=================================================
  Multigrid Convergence Test Configuration
=================================================
 Problem Type:    mag
 Mesh File:       meshes/3d/corner.msh
 Output File:     out/rowsum/w/mag/3d/corner_k2.csv
 MG Cycle Type:   W-Cycle
 Mass Lumping:    rowsum
 B-Conditions:    essential
 Max Refinement:  5
 Eigenvalues:     1 (Tol: 0.01)
 GMRES Benchmark: 8 runs (Tol: 1e-06, K-Dim: 20)
=================================================

======================================================
  Refinement Level: 1
======================================================
 Mesh width (h):  5.0000e-01
 Total DOFs:      545
 Spectral Radii:  0.368254
 GMRES Avg Iters: 13.62
------------------------------------------------------
  MG RESIDUAL DECAY
------------------------------------------------------
 Iter    Rel. Residual           Reduction Factor
------------------------------------------------------
 0       7.195731e-02            -----
 1       1.132206e-02            0.1573
 2       3.057760e-03            0.2701
 3       9.446309e-04            0.3089
 4       3.109967e-04            0.3292
 5       1.061492e-04            0.3413
 6       3.705587e-05            0.3491
 7       1.311710e-05            0.3540
 8       4.681392e-06            0.3569
 9       1.679141e-06            0.3587
 10      6.040783e-07            0.3598
 11      2.177189e-07            0.3604
 12      7.855945e-08            0.3608
 13      2.836807e-08            0.3611
 14      1.024920e-08            0.3613
 15      3.704429e-09            0.3614
------------------------------------------------------
 Iterations:      16
 Final Rel. Res.: 3.704429e-09
 Asymptotic Rate: 0.361278 (Geom. Mean, last 4 iters)
======================================================

======================================================
  Refinement Level: 2
======================================================
 Mesh width (h):  2.5000e-01
 Total DOFs:      3681
 Spectral Radii:  0.387866
 GMRES Avg Iters: 15.88
------------------------------------------------------
  MG RESIDUAL DECAY
------------------------------------------------------
 Iter    Rel. Residual           Reduction Factor
------------------------------------------------------
 0       6.505869e-02            -----
 1       1.136673e-02            0.1747
 2       3.112074e-03            0.2738
 3       9.392192e-04            0.3018
 4       2.990969e-04            0.3185
 5       9.849527e-05            0.3293
 6       3.328311e-05            0.3379
 7       1.147115e-05            0.3447
 8       4.015668e-06            0.3501
 9       1.423561e-06            0.3545
 10      5.099371e-07            0.3582
 11      1.842722e-07            0.3614
 12      6.708717e-08            0.3641
 13      2.458112e-08            0.3664
 14      9.056884e-09            0.3684
 15      3.353280e-09            0.3702
------------------------------------------------------
 Iterations:      16
 Final Rel. Res.: 3.353280e-09
 Asymptotic Rate: 0.368364 (Geom. Mean, last 4 iters)
======================================================

======================================================
  Refinement Level: 3
======================================================
 Mesh width (h):  1.2500e-01
 Total DOFs:      26945
 Spectral Radii:  0.387654
 GMRES Avg Iters: 17.00
------------------------------------------------------
  MG RESIDUAL DECAY
------------------------------------------------------
 Iter    Rel. Residual           Reduction Factor
------------------------------------------------------
 0       6.832831e-02            -----
 1       1.048266e-02            0.1534
 2       2.632094e-03            0.2511
 3       7.710388e-04            0.2929
 4       2.385079e-04            0.3093
 5       7.642875e-05            0.3204
 6       2.513697e-05            0.3289
 7       8.435823e-06            0.3356
 8       2.877082e-06            0.3411
 9       9.944143e-07            0.3456
 10      3.476263e-07            0.3496
 11      1.227366e-07            0.3531
 12      4.372224e-08            0.3562
 13      1.570189e-08            0.3591
 14      5.681185e-09            0.3618
 15      2.069726e-09            0.3643
------------------------------------------------------
 Iterations:      16
 Final Rel. Res.: 2.069726e-09
 Asymptotic Rate: 0.361746 (Geom. Mean, last 4 iters)
======================================================

======================================================
  Refinement Level: 4
======================================================
 Mesh width (h):  6.2500e-02
 Total DOFs:      205953
 Spectral Radii:  0.387718
 GMRES Avg Iters: 17.00
------------------------------------------------------
  MG RESIDUAL DECAY
------------------------------------------------------
 Iter    Rel. Residual           Reduction Factor
------------------------------------------------------
 0       6.967837e-02            -----
 1       1.020091e-02            0.1464
 2       2.437422e-03            0.2389
 3       6.717283e-04            0.2756
 4       1.968142e-04            0.2930
 5       6.015329e-05            0.3056
 6       1.899006e-05            0.3157
 7       6.150202e-06            0.3239
 8       2.033253e-06            0.3306
 9       6.836140e-07            0.3362
 10      2.330702e-07            0.3409
 11      8.039366e-08            0.3449
 12      2.800390e-08            0.3483
 13      9.836358e-09            0.3512
 14      3.479753e-09            0.3538
 15      1.238616e-09            0.3559
------------------------------------------------------
 Iterations:      16
 Final Rel. Res.: 1.238616e-09
 Asymptotic Rate: 0.353649 (Geom. Mean, last 4 iters)
======================================================

======================================================
  Refinement Level: 5
======================================================
 Mesh width (h):  3.1250e-02
 Total DOFs:      1609985
 Spectral Radii:  0.389168
 GMRES Avg Iters: 17.00
------------------------------------------------------
  MG RESIDUAL DECAY
------------------------------------------------------
 Iter    Rel. Residual           Reduction Factor
------------------------------------------------------
 0       7.036268e-02            -----
 1       1.004726e-02            0.1428
 2       2.358491e-03            0.2347
 3       6.430116e-04            0.2726
 4       1.862188e-04            0.2896
 5       5.618483e-05            0.3017
 6       1.750696e-05            0.3116
 7       5.601853e-06            0.3200
 8       1.833611e-06            0.3273
 9       6.122009e-07            0.3339
 10      2.080162e-07            0.3398
 11      7.178957e-08            0.3451
 12      2.511994e-08            0.3499
 13      8.897436e-09            0.3542
 14      3.185324e-09            0.3580
 15      1.151058e-09            0.3614
------------------------------------------------------
 Iterations:      16
 Final Rel. Res.: 1.151058e-09
 Asymptotic Rate: 0.357843 (Geom. Mean, last 4 iters)
======================================================

