Device configuration: omp,cpu
Memory configuration: host-std
Loaded config: /cluster/home/rdabetic/decmg/configs/mag_3d_corner_rowsum_v_k4.json
=================================================
  Multigrid Convergence Test Configuration
=================================================
 Problem Type:    mag
 Mesh File:       meshes/3d/corner.msh
 Output File:     out/rowsum/v/mag/3d/corner_k4.csv
 MG Cycle Type:   V-Cycle
 Mass Lumping:    rowsum
 B-Conditions:    essential
 Max Refinement:  5
 Eigenvalues:     1 (Tol: 0.01)
 GMRES Benchmark: 8 runs (Tol: 1e-06, K-Dim: 20)
=================================================

======================================================
  Refinement Level: 1
======================================================
 Mesh width (h):  5.0000e-01
 Total DOFs:      545
 Spectral Radii:  0.182896
 GMRES Avg Iters: 12.88
------------------------------------------------------
  MG RESIDUAL DECAY
------------------------------------------------------
 Iter    Rel. Residual           Reduction Factor
------------------------------------------------------
 0       2.009345e-02            -----
 1       1.858728e-03            0.0925
 2       2.535242e-04            0.1364
 3       4.273806e-05            0.1686
 4       7.583088e-06            0.1774
 5       1.392579e-06            0.1836
 6       2.557126e-07            0.1836
 7       4.701079e-08            0.1838
 8       8.627029e-09            0.1835
 9       1.581698e-09            0.1833
 10      2.897395e-10            0.1832
 11      5.304749e-11            0.1831
 12      9.708751e-12            0.1830
 13      1.776481e-12            0.1830
 14      3.250310e-13            0.1830
 15      5.945364e-14            0.1829
------------------------------------------------------
 Iterations:      16
 Final Rel. Res.: 5.945364e-14
 Asymptotic Rate: 0.182953 (Geom. Mean, last 4 iters)
======================================================

======================================================
  Refinement Level: 2
======================================================
 Mesh width (h):  2.5000e-01
 Total DOFs:      3681
 Spectral Radii:  0.243442
 GMRES Avg Iters: 14.62
------------------------------------------------------
  MG RESIDUAL DECAY
------------------------------------------------------
 Iter    Rel. Residual           Reduction Factor
------------------------------------------------------
 0       1.565573e-02            -----
 1       1.481068e-03            0.0946
 2       1.873964e-04            0.1265
 3       2.702197e-05            0.1442
 4       4.382034e-06            0.1622
 5       8.026885e-07            0.1832
 6       1.652920e-07            0.2059
 7       3.714307e-08            0.2247
 8       8.777347e-09            0.2363
 9       2.124627e-09            0.2421
 10      5.194048e-10            0.2445
 11      1.273984e-10            0.2453
 12      3.126187e-11            0.2454
 13      7.665967e-12            0.2452
 14      1.877858e-12            0.2450
 15      4.594932e-13            0.2447
------------------------------------------------------
 Iterations:      16
 Final Rel. Res.: 4.594932e-13
 Asymptotic Rate: 0.244956 (Geom. Mean, last 4 iters)
======================================================

======================================================
  Refinement Level: 3
======================================================
 Mesh width (h):  1.2500e-01
 Total DOFs:      26945
 Spectral Radii:  0.300258
 GMRES Avg Iters: 15.00
------------------------------------------------------
  MG RESIDUAL DECAY
------------------------------------------------------
 Iter    Rel. Residual           Reduction Factor
------------------------------------------------------
 0       1.487235e-02            -----
 1       1.329546e-03            0.0894
 2       1.713464e-04            0.1289
 3       2.819980e-05            0.1646
 4       5.693438e-06            0.2019
 5       1.321882e-06            0.2322
 6       3.395915e-07            0.2569
 7       9.333788e-08            0.2749
 8       2.668917e-08            0.2859
 9       7.797283e-09            0.2922
 10      2.304227e-09            0.2955
 11      6.851775e-10            0.2974
 12      2.044545e-10            0.2984
 13      6.113406e-11            0.2990
 14      1.830305e-11            0.2994
 15      5.484327e-12            0.2996
------------------------------------------------------
 Iterations:      16
 Final Rel. Res.: 5.484327e-12
 Asymptotic Rate: 0.299347 (Geom. Mean, last 4 iters)
======================================================

======================================================
  Refinement Level: 4
======================================================
 Mesh width (h):  6.2500e-02
 Total DOFs:      205953
 Spectral Radii:  0.341944
 GMRES Avg Iters: 15.00
------------------------------------------------------
  MG RESIDUAL DECAY
------------------------------------------------------
 Iter    Rel. Residual           Reduction Factor
------------------------------------------------------
 0       1.448294e-02            -----
 1       1.221105e-03            0.0843
 2       1.435136e-04            0.1175
 3       2.071234e-05            0.1443
 4       3.773843e-06            0.1822
 5       8.350624e-07            0.2213
 6       2.101965e-07            0.2517
 7       5.726247e-08            0.2724
 8       1.649538e-08            0.2881
 9       4.959608e-09            0.3007
 10      1.541721e-09            0.3109
 11      4.916196e-10            0.3189
 12      1.597827e-10            0.3250
 13      5.266505e-11            0.3296
 14      1.753703e-11            0.3330
 15      5.883184e-12            0.3355
------------------------------------------------------
 Iterations:      16
 Final Rel. Res.: 5.883184e-12
 Asymptotic Rate: 0.332681 (Geom. Mean, last 4 iters)
======================================================

======================================================
  Refinement Level: 5
======================================================
 Mesh width (h):  3.1250e-02
 Total DOFs:      1609985
 Spectral Radii:  0.371652
 GMRES Avg Iters: 15.62
------------------------------------------------------
  MG RESIDUAL DECAY
------------------------------------------------------
 Iter    Rel. Residual           Reduction Factor
------------------------------------------------------
 0       1.420333e-02            -----
 1       1.173291e-03            0.0826
 2       1.339272e-04            0.1141
 3       1.957791e-05            0.1462
 4       3.534392e-06            0.1805
 5       7.827225e-07            0.2215
 6       2.030596e-07            0.2594
 7       5.785562e-08            0.2849
 8       1.731420e-08            0.2993
 9       5.289610e-09            0.3055
 10      1.629573e-09            0.3081
 11      5.034594e-10            0.3090
 12      1.557465e-10            0.3094
 13      4.822623e-11            0.3096
 14      1.494710e-11            0.3099
 15      4.636548e-12            0.3102
------------------------------------------------------
 Iterations:      16
 Final Rel. Res.: 4.636548e-12
 Asymptotic Rate: 0.309927 (Geom. Mean, last 4 iters)
======================================================

