Device configuration: omp,cpu
Memory configuration: host-std
Loaded config: /cluster/home/rdabetic/decmg/configs/mag_3d_tetra_scaledid_w.json
=================================================
  Multigrid Convergence Test Configuration
=================================================
 Problem Type:    mag
 Mesh File:       meshes/3d/tetra.msh
 Output File:     out/scaledid/w/mag/3d/tetra.csv
 MG Cycle Type:   W-Cycle
 Mass Lumping:    scaledid
 B-Conditions:    essential
 Max Refinement:  5
 Eigenvalues:     1 (Tol: 0.01)
 GMRES Benchmark: 8 runs (Tol: 1e-06, K-Dim: 20)
=================================================

======================================================
  Refinement Level: 1
======================================================
 Mesh width (h):  3.5355e-01
 Total DOFs:      165
 Spectral Radii:  0.258297
 GMRES Avg Iters: 9.00
------------------------------------------------------
  MG RESIDUAL DECAY
------------------------------------------------------
 Iter    Rel. Residual           Reduction Factor
------------------------------------------------------
 0       8.019034e-02            -----
 1       1.523023e-02            0.1899
 2       3.796174e-03            0.2493
 3       9.643023e-04            0.2540
 4       2.395412e-04            0.2484
 5       5.942252e-05            0.2481
 6       1.476658e-05            0.2485
 7       3.682894e-06            0.2494
 8       9.216892e-07            0.2503
 9       2.314051e-07            0.2511
 10      5.826351e-08            0.2518
 11      1.470601e-08            0.2524
 12      3.719685e-09            0.2529
 13      9.425043e-10            0.2534
 14      2.391643e-10            0.2538
 15      6.076243e-11            0.2541
------------------------------------------------------
 Iterations:      16
 Final Rel. Res.: 6.076243e-11
 Asymptotic Rate: 0.253733 (Geom. Mean, last 4 iters)
======================================================

======================================================
  Refinement Level: 2
======================================================
 Mesh width (h):  1.7678e-01
 Total DOFs:      969
 Spectral Radii:  0.303468
 GMRES Avg Iters: 11.00
------------------------------------------------------
  MG RESIDUAL DECAY
------------------------------------------------------
 Iter    Rel. Residual           Reduction Factor
------------------------------------------------------
 0       5.592210e-02            -----
 1       8.226897e-03            0.1471
 2       1.908294e-03            0.2320
 3       4.915725e-04            0.2576
 4       1.335544e-04            0.2717
 5       3.727109e-05            0.2791
 6       1.052450e-05            0.2824
 7       2.993766e-06            0.2845
 8       8.577478e-07            0.2865
 9       2.476082e-07            0.2887
 10      7.203339e-08            0.2909
 11      2.111821e-08            0.2932
 12      6.237835e-09            0.2954
 13      1.855566e-09            0.2975
 14      5.555493e-10            0.2994
 15      1.672831e-10            0.3011
------------------------------------------------------
 Iterations:      16
 Final Rel. Res.: 1.672831e-10
 Asymptotic Rate: 0.299323 (Geom. Mean, last 4 iters)
======================================================

======================================================
  Refinement Level: 3
======================================================
 Mesh width (h):  8.8388e-02
 Total DOFs:      6545
 Spectral Radii:  0.319166
 GMRES Avg Iters: 12.00
------------------------------------------------------
  MG RESIDUAL DECAY
------------------------------------------------------
 Iter    Rel. Residual           Reduction Factor
------------------------------------------------------
 0       6.038921e-02            -----
 1       8.137674e-03            0.1348
 2       1.716202e-03            0.2109
 3       4.238113e-04            0.2469
 4       1.114357e-04            0.2629
 5       3.035522e-05            0.2724
 6       8.459671e-06            0.2787
 7       2.398991e-06            0.2836
 8       6.892932e-07            0.2873
 9       2.001064e-07            0.2903
 10      5.857272e-08            0.2927
 11      1.726006e-08            0.2947
 12      5.114466e-09            0.2963
 13      1.522616e-09            0.2977
 14      4.551139e-10            0.2989
 15      1.365087e-10            0.2999
------------------------------------------------------
 Iterations:      16
 Final Rel. Res.: 1.365087e-10
 Asymptotic Rate: 0.298850 (Geom. Mean, last 4 iters)
======================================================

======================================================
  Refinement Level: 4
======================================================
 Mesh width (h):  4.4194e-02
 Total DOFs:      47905
 Spectral Radii:  0.333004
 GMRES Avg Iters: 12.00
------------------------------------------------------
  MG RESIDUAL DECAY
------------------------------------------------------
 Iter    Rel. Residual           Reduction Factor
------------------------------------------------------
 0       6.062933e-02            -----
 1       8.263674e-03            0.1363
 2       1.747168e-03            0.2114
 3       4.408101e-04            0.2523
 4       1.182164e-04            0.2682
 5       3.298587e-05            0.2790
 6       9.444848e-06            0.2863
 7       2.759080e-06            0.2921
 8       8.191721e-07            0.2969
 9       2.465093e-07            0.3009
 10      7.502415e-08            0.3043
 11      2.305313e-08            0.3073
 12      7.142266e-09            0.3098
 13      2.228757e-09            0.3121
 14      6.999276e-10            0.3140
 15      2.210657e-10            0.3158
------------------------------------------------------
 Iterations:      16
 Final Rel. Res.: 2.210657e-10
 Asymptotic Rate: 0.313975 (Geom. Mean, last 4 iters)
======================================================

======================================================
  Refinement Level: 5
======================================================
 Mesh width (h):  2.2097e-02
 Total DOFs:      366145
 Spectral Radii:  0.341279
 GMRES Avg Iters: 12.00
------------------------------------------------------
  MG RESIDUAL DECAY
------------------------------------------------------
 Iter    Rel. Residual           Reduction Factor
------------------------------------------------------
 0       6.114797e-02            -----
 1       8.019273e-03            0.1311
 2       1.658015e-03            0.2068
 3       4.109233e-04            0.2478
 4       1.082170e-04            0.2634
 5       2.971819e-05            0.2746
 6       8.395443e-06            0.2825
 7       2.426239e-06            0.2890
 8       7.141892e-07            0.2944
 9       2.134836e-07            0.2989
 10      6.464221e-08            0.3028
 11      1.978861e-08            0.3061
 12      6.114628e-09            0.3090
 13      1.904675e-09            0.3115
 14      5.974676e-10            0.3137
 15      1.885753e-10            0.3156
------------------------------------------------------
 Iterations:      16
 Final Rel. Res.: 1.885753e-10
 Asymptotic Rate: 0.313597 (Geom. Mean, last 4 iters)
======================================================

