Device configuration: omp,cpu
Memory configuration: host-std
Loaded config: /cluster/home/rdabetic/decmg/configs/mag_2d_circle_barycentric_w.json
=================================================
  Multigrid Convergence Test Configuration
=================================================
 Problem Type:    mag
 Mesh File:       meshes/2d/circle.msh
 Output File:     out/barycentric/w/mag/2d/circle.csv
 MG Cycle Type:   W-Cycle
 Mass Lumping:    barycentric
 B-Conditions:    essential
 Max Refinement:  6
 Eigenvalues:     1 (Tol: 0.01)
 GMRES Benchmark: 8 runs (Tol: 1e-06, K-Dim: 20)
=================================================


Gmsh reader: all element attributes were zero.
MFEM only supports positive element attributes.
Setting element attributes to 1.

======================================================
  Refinement Level: 1
======================================================
 Mesh width (h):  1.8955e-01
 Total DOFs:      807
 Spectral Radii:  0.271721
 GMRES Avg Iters: 9.00
------------------------------------------------------
  MG RESIDUAL DECAY
------------------------------------------------------
 Iter    Rel. Residual           Reduction Factor
------------------------------------------------------
 0       9.204603e-02            -----
 1       1.208719e-02            0.1313
 2       2.069029e-03            0.1712
 3       4.936425e-04            0.2386
 4       1.299581e-04            0.2633
 5       3.409446e-05            0.2623
 6       8.848123e-06            0.2595
 7       2.280389e-06            0.2577
 8       5.912319e-07            0.2593
 9       1.552993e-07            0.2627
 10      4.098310e-08            0.2639
 11      1.074083e-08            0.2621
 12      2.781145e-09            0.2589
 13      7.115148e-10            0.2558
 14      1.804737e-10            0.2536
 15      4.582134e-11            0.2539
------------------------------------------------------
 Iterations:      16
 Final Rel. Res.: 4.582134e-11
 Asymptotic Rate: 0.254457 (Geom. Mean, last 4 iters)
======================================================

======================================================
  Refinement Level: 2
======================================================
 Mesh width (h):  9.4776e-02
 Total DOFs:      3133
 Spectral Radii:  0.3336
 GMRES Avg Iters: 9.50
------------------------------------------------------
  MG RESIDUAL DECAY
------------------------------------------------------
 Iter    Rel. Residual           Reduction Factor
------------------------------------------------------
 0       1.041501e-01            -----
 1       1.392969e-02            0.1337
 2       2.561699e-03            0.1839
 3       6.012349e-04            0.2347
 4       1.537805e-04            0.2558
 5       4.064167e-05            0.2643
 6       1.103040e-05            0.2714
 7       3.031443e-06            0.2748
 8       8.382590e-07            0.2765
 9       2.334300e-07            0.2785
 10      6.565630e-08            0.2813
 11      1.866406e-08            0.2843
 12      5.366223e-09            0.2875
 13      1.561960e-09            0.2911
 14      4.599547e-10            0.2945
 15      1.367406e-10            0.2973
------------------------------------------------------
 Iterations:      16
 Final Rel. Res.: 1.367406e-10
 Asymptotic Rate: 0.294268 (Geom. Mean, last 4 iters)
======================================================

======================================================
  Refinement Level: 3
======================================================
 Mesh width (h):  4.7388e-02
 Total DOFs:      12345
 Spectral Radii:  0.364723
 GMRES Avg Iters: 10.00
------------------------------------------------------
  MG RESIDUAL DECAY
------------------------------------------------------
 Iter    Rel. Residual           Reduction Factor
------------------------------------------------------
 0       1.082088e-01            -----
 1       1.550270e-02            0.1433
 2       2.967895e-03            0.1914
 3       6.882864e-04            0.2319
 4       1.825847e-04            0.2653
 5       5.171060e-05            0.2832
 6       1.533245e-05            0.2965
 7       4.711937e-06            0.3073
 8       1.485542e-06            0.3153
 9       4.772607e-07            0.3213
 10      1.557176e-07            0.3263
 11      5.149747e-08            0.3307
 12      1.724497e-08            0.3349
 13      5.843475e-09            0.3389
 14      2.001873e-09            0.3426
 15      6.925741e-10            0.3460
------------------------------------------------------
 Iterations:      16
 Final Rel. Res.: 6.925741e-10
 Asymptotic Rate: 0.342453 (Geom. Mean, last 4 iters)
======================================================

======================================================
  Refinement Level: 4
======================================================
 Mesh width (h):  2.3694e-02
 Total DOFs:      49009
 Spectral Radii:  0.400312
 GMRES Avg Iters: 10.00
------------------------------------------------------
  MG RESIDUAL DECAY
------------------------------------------------------
 Iter    Rel. Residual           Reduction Factor
------------------------------------------------------
 0       1.091231e-01            -----
 1       1.558093e-02            0.1428
 2       2.921085e-03            0.1875
 3       6.814877e-04            0.2333
 4       1.850748e-04            0.2716
 5       5.477642e-05            0.2960
 6       1.722443e-05            0.3144
 7       5.707731e-06            0.3314
 8       1.975626e-06            0.3461
 9       7.064875e-07            0.3576
 10      2.585712e-07            0.3660
 11      9.623341e-08            0.3722
 12      3.626883e-08            0.3769
 13      1.380266e-08            0.3806
 14      5.292795e-09            0.3835
 15      2.041715e-09            0.3858
------------------------------------------------------
 Iterations:      16
 Final Rel. Res.: 2.041715e-09
 Asymptotic Rate: 0.383254 (Geom. Mean, last 4 iters)
======================================================

======================================================
  Refinement Level: 5
======================================================
 Mesh width (h):  1.1847e-02
 Total DOFs:      195297
 Spectral Radii:  0.417743
 GMRES Avg Iters: 10.00
------------------------------------------------------
  MG RESIDUAL DECAY
------------------------------------------------------
 Iter    Rel. Residual           Reduction Factor
------------------------------------------------------
 0       1.101382e-01            -----
 1       1.573301e-02            0.1428
 2       2.959233e-03            0.1881
 3       6.965074e-04            0.2354
 4       1.877618e-04            0.2696
 5       5.447733e-05            0.2901
 6       1.671342e-05            0.3068
 7       5.382196e-06            0.3220
 8       1.802165e-06            0.3348
 9       6.223531e-07            0.3453
 10      2.202013e-07            0.3538
 11      7.942172e-08            0.3607
 12      2.909728e-08            0.3664
 13      1.080068e-08            0.3712
 14      4.054095e-09            0.3754
 15      1.536461e-09            0.3790
------------------------------------------------------
 Iterations:      16
 Final Rel. Res.: 1.536461e-09
 Asymptotic Rate: 0.375166 (Geom. Mean, last 4 iters)
======================================================

======================================================
  Refinement Level: 6
======================================================
 Mesh width (h):  5.9235e-03
 Total DOFs:      779713
 Spectral Radii:  0.423113
 GMRES Avg Iters: 10.00
------------------------------------------------------
  MG RESIDUAL DECAY
------------------------------------------------------
 Iter    Rel. Residual           Reduction Factor
------------------------------------------------------
 0       1.097619e-01            -----
 1       1.583748e-02            0.1443
 2       2.982754e-03            0.1883
 3       7.100340e-04            0.2380
 4       1.948754e-04            0.2745
 5       5.752591e-05            0.2952
 6       1.794053e-05            0.3119
 7       5.868458e-06            0.3271
 8       1.993877e-06            0.3398
 9       6.976625e-07            0.3499
 10      2.496993e-07            0.3579
 11      9.098040e-08            0.3644
 12      3.363783e-08            0.3697
 13      1.259140e-08            0.3743
 14      4.764133e-09            0.3784
 15      1.819866e-09            0.3820
------------------------------------------------------
 Iterations:      16
 Final Rel. Res.: 1.819866e-09
 Asymptotic Rate: 0.378214 (Geom. Mean, last 4 iters)
======================================================

