Device configuration: omp,cpu
Memory configuration: host-std
Loaded config: /cluster/home/rdabetic/decmg/configs/mag_3d_hole_void_scaledid_v.json
=================================================
  Multigrid Convergence Test Configuration
=================================================
 Problem Type:    mag
 Mesh File:       meshes/3d/hole_void.msh
 Output File:     out/scaledid/v/mag/3d/hole_void.csv
 MG Cycle Type:   V-Cycle
 Mass Lumping:    scaledid
 B-Conditions:    essential
 Max Refinement:  5
 Eigenvalues:     2 (Tol: 0.01)
 GMRES Benchmark: 8 runs (Tol: 1e-06, K-Dim: 20)
=================================================

======================================================
  Refinement Level: 1
======================================================
 Mesh width (h):  1.5811e+00
 Total DOFs:      1505
 Spectral Radii:  1 0.345833
 GMRES Avg Iters: 47.62
------------------------------------------------------
  MG RESIDUAL DECAY
------------------------------------------------------
 Iter    Rel. Residual           Reduction Factor
------------------------------------------------------
 0       6.549102e-02            -----
 1       1.125021e-02            0.1718
 2       2.678016e-03            0.2380
 3       7.279494e-04            0.2718
 4       2.082857e-04            0.2861
 5       6.137452e-05            0.2947
 6       1.841434e-05            0.3000
 7       5.596040e-06            0.3039
 8       1.720410e-06            0.3074
 9       5.352928e-07            0.3111
 10      1.686758e-07            0.3151
 11      5.385021e-08            0.3193
 12      1.741530e-08            0.3234
 13      5.701156e-09            0.3274
 14      1.886912e-09            0.3310
 15      6.304290e-10            0.3341
------------------------------------------------------
 Iterations:      16
 Final Rel. Res.: 6.304290e-10
 Asymptotic Rate: 0.330802 (Geom. Mean, last 4 iters)
======================================================

======================================================
  Refinement Level: 2
======================================================
 Mesh width (h):  7.9057e-01
 Total DOFs:      10689
 Spectral Radii:  1 0.382759
 GMRES Avg Iters: 55.25
------------------------------------------------------
  MG RESIDUAL DECAY
------------------------------------------------------
 Iter    Rel. Residual           Reduction Factor
------------------------------------------------------
 0       5.832563e-02            -----
 1       8.599551e-03            0.1474
 2       2.123315e-03            0.2469
 3       6.184518e-04            0.2913
 4       1.935279e-04            0.3129
 5       6.288271e-05            0.3249
 6       2.101562e-05            0.3342
 7       7.171294e-06            0.3412
 8       2.484064e-06            0.3464
 9       8.696148e-07            0.3501
 10      3.067635e-07            0.3528
 11      1.088325e-07            0.3548
 12      3.878426e-08            0.3564
 13      1.387197e-08            0.3577
 14      4.976889e-09            0.3588
 15      1.790316e-09            0.3597
------------------------------------------------------
 Iterations:      16
 Final Rel. Res.: 1.790316e-09
 Asymptotic Rate: 0.358722 (Geom. Mean, last 4 iters)
======================================================

======================================================
  Refinement Level: 3
======================================================
 Mesh width (h):  3.9528e-01
 Total DOFs:      80257
 Spectral Radii:  1 0.448194
 GMRES Avg Iters: 61.75
------------------------------------------------------
  MG RESIDUAL DECAY
------------------------------------------------------
 Iter    Rel. Residual           Reduction Factor
------------------------------------------------------
 0       5.994700e-02            -----
 1       8.421545e-03            0.1405
 2       1.970125e-03            0.2339
 3       5.549930e-04            0.2817
 4       1.692535e-04            0.3050
 5       5.536769e-05            0.3271
 6       1.937050e-05            0.3499
 7       7.220592e-06            0.3728
 8       2.838664e-06            0.3931
 9       1.161618e-06            0.4092
 10      4.889306e-07            0.4209
 11      2.097378e-07            0.4290
 12      9.112894e-08            0.4345
 13      3.994114e-08            0.4383
 14      1.761329e-08            0.4410
 15      7.801522e-09            0.4429
------------------------------------------------------
 Iterations:      16
 Final Rel. Res.: 7.801522e-09
 Asymptotic Rate: 0.440732 (Geom. Mean, last 4 iters)
======================================================

======================================================
  Refinement Level: 4
======================================================
 Mesh width (h):  1.9764e-01
 Total DOFs:      621313
 Spectral Radii:  1 0.508887
 GMRES Avg Iters: 64.00
------------------------------------------------------
  MG RESIDUAL DECAY
------------------------------------------------------
 Iter    Rel. Residual           Reduction Factor
------------------------------------------------------
 0       6.016797e-02            -----
 1       8.089982e-03            0.1345
 2       1.837179e-03            0.2271
 3       4.960615e-04            0.2700
 4       1.456162e-04            0.2935
 5       4.523054e-05            0.3106
 6       1.533638e-05            0.3391
 7       5.633974e-06            0.3674
 8       2.287985e-06            0.4061
 9       9.926291e-07            0.4338
 10      4.533361e-07            0.4567
 11      2.126050e-07            0.4690
 12      1.015651e-07            0.4777
 13      4.905180e-08            0.4830
 14      2.389229e-08            0.4871
 15      1.171136e-08            0.4902
------------------------------------------------------
 Iterations:      16
 Final Rel. Res.: 1.171136e-08
 Asymptotic Rate: 0.486729 (Geom. Mean, last 4 iters)
======================================================

======================================================
  Refinement Level: 5
======================================================
 Mesh width (h):  9.8821e-02
 Total DOFs:      4888065
 Spectral Radii:  1 0.553424
 GMRES Avg Iters: 65.88
------------------------------------------------------
  MG RESIDUAL DECAY
------------------------------------------------------
 Iter    Rel. Residual           Reduction Factor
------------------------------------------------------
 0       6.066913e-02            -----
 1       8.063929e-03            0.1329
 2       1.791228e-03            0.2221
 3       4.745231e-04            0.2649
 4       1.376029e-04            0.2900
 5       4.143477e-05            0.3011
 6       1.368689e-05            0.3303
 7       4.738889e-06            0.3462
 8       1.846901e-06            0.3897
 9       7.680804e-07            0.4159
 10      3.501809e-07            0.4559
 11      1.659353e-07            0.4739
 12      8.192181e-08            0.4937
 13      4.107980e-08            0.5015
 14      2.093520e-08            0.5096
 15      1.074810e-08            0.5134
------------------------------------------------------
 Iterations:      16
 Final Rel. Res.: 1.074810e-08
 Asymptotic Rate: 0.508133 (Geom. Mean, last 4 iters)
======================================================

