Device configuration: omp,cpu
Memory configuration: host-std
Loaded config: /cluster/home/rdabetic/decmg/configs/mag_2d_reentrant_barycentric_v.json
=================================================
  Multigrid Convergence Test Configuration
=================================================
 Problem Type:    mag
 Mesh File:       meshes/2d/reentrant.msh
 Output File:     out/barycentric/v/mag/2d/reentrant.csv
 MG Cycle Type:   V-Cycle
 Mass Lumping:    barycentric
 B-Conditions:    essential
 Max Refinement:  6
 Eigenvalues:     1 (Tol: 0.01)
 GMRES Benchmark: 8 runs (Tol: 1e-06, K-Dim: 20)
=================================================


Gmsh reader: all element attributes were zero.
MFEM only supports positive element attributes.
Setting element attributes to 1.

======================================================
  Refinement Level: 1
======================================================
 Mesh width (h):  1.4951e-01
 Total DOFs:      297
 Spectral Radii:  0.239176
 GMRES Avg Iters: 9.00
------------------------------------------------------
  MG RESIDUAL DECAY
------------------------------------------------------
 Iter    Rel. Residual           Reduction Factor
------------------------------------------------------
 0       1.017613e-01            -----
 1       2.179283e-02            0.2142
 2       3.765851e-03            0.1728
 3       5.055050e-04            0.1342
 4       1.300279e-04            0.2572
 5       2.982067e-05            0.2293
 6       6.758042e-06            0.2266
 7       1.624766e-06            0.2404
 8       3.915809e-07            0.2410
 9       9.487529e-08            0.2423
 10      2.359997e-08            0.2487
 11      5.949338e-09            0.2521
 12      1.490552e-09            0.2505
 13      3.713069e-10            0.2491
 14      9.277556e-11            0.2499
 15      2.325176e-11            0.2506
------------------------------------------------------
 Iterations:      16
 Final Rel. Res.: 2.325176e-11
 Asymptotic Rate: 0.249864 (Geom. Mean, last 4 iters)
======================================================

======================================================
  Refinement Level: 2
======================================================
 Mesh width (h):  7.4754e-02
 Total DOFs:      1105
 Spectral Radii:  0.324823
 GMRES Avg Iters: 10.00
------------------------------------------------------
  MG RESIDUAL DECAY
------------------------------------------------------
 Iter    Rel. Residual           Reduction Factor
------------------------------------------------------
 0       9.318905e-02            -----
 1       1.451185e-02            0.1557
 2       2.667437e-03            0.1838
 3       6.433407e-04            0.2412
 4       1.810247e-04            0.2814
 5       4.995282e-05            0.2759
 6       1.435853e-05            0.2874
 7       4.268088e-06            0.2973
 8       1.301719e-06            0.3050
 9       4.005785e-07            0.3077
 10      1.230307e-07            0.3071
 11      3.790517e-08            0.3081
 12      1.182775e-08            0.3120
 13      3.752652e-09            0.3173
 14      1.209916e-09            0.3224
 15      3.955579e-10            0.3269
------------------------------------------------------
 Iterations:      16
 Final Rel. Res.: 3.955579e-10
 Asymptotic Rate: 0.322183 (Geom. Mean, last 4 iters)
======================================================

======================================================
  Refinement Level: 3
======================================================
 Mesh width (h):  3.7377e-02
 Total DOFs:      4257
 Spectral Radii:  0.375237
 GMRES Avg Iters: 10.00
------------------------------------------------------
  MG RESIDUAL DECAY
------------------------------------------------------
 Iter    Rel. Residual           Reduction Factor
------------------------------------------------------
 0       1.107828e-01            -----
 1       1.703209e-02            0.1537
 2       3.642968e-03            0.2139
 3       8.112565e-04            0.2227
 4       2.299642e-04            0.2835
 5       6.912959e-05            0.3006
 6       2.125111e-05            0.3074
 7       7.064789e-06            0.3324
 8       2.464115e-06            0.3488
 9       8.845024e-07            0.3590
 10      3.247538e-07            0.3672
 11      1.209941e-07            0.3726
 12      4.536223e-08            0.3749
 13      1.700471e-08            0.3749
 14      6.354281e-09            0.3737
 15      2.365409e-09            0.3723
------------------------------------------------------
 Iterations:      16
 Final Rel. Res.: 2.365409e-09
 Asymptotic Rate: 0.373597 (Geom. Mean, last 4 iters)
======================================================

======================================================
  Refinement Level: 4
======================================================
 Mesh width (h):  1.8689e-02
 Total DOFs:      16705
 Spectral Radii:  0.405194
 GMRES Avg Iters: 10.38
------------------------------------------------------
  MG RESIDUAL DECAY
------------------------------------------------------
 Iter    Rel. Residual           Reduction Factor
------------------------------------------------------
 0       1.089708e-01            -----
 1       1.612525e-02            0.1480
 2       3.786853e-03            0.2348
 3       1.278919e-03            0.3377
 4       4.265290e-04            0.3335
 5       1.535601e-04            0.3600
 6       5.456141e-05            0.3553
 7       1.914658e-05            0.3509
 8       6.668123e-06            0.3483
 9       2.324327e-06            0.3486
 10      8.227582e-07            0.3540
 11      2.966618e-07            0.3606
 12      1.085526e-07            0.3659
 13      4.011550e-08            0.3695
 14      1.490774e-08            0.3716
 15      5.554898e-09            0.3726
------------------------------------------------------
 Iterations:      16
 Final Rel. Res.: 5.554898e-09
 Asymptotic Rate: 0.371260 (Geom. Mean, last 4 iters)
======================================================

======================================================
  Refinement Level: 5
======================================================
 Mesh width (h):  9.3443e-03
 Total DOFs:      66177
 Spectral Radii:  0.416171
 GMRES Avg Iters: 11.00
------------------------------------------------------
  MG RESIDUAL DECAY
------------------------------------------------------
 Iter    Rel. Residual           Reduction Factor
------------------------------------------------------
 0       1.088991e-01            -----
 1       1.630960e-02            0.1498
 2       3.285361e-03            0.2014
 3       9.187605e-04            0.2797
 4       2.910259e-04            0.3168
 5       9.097951e-05            0.3126
 6       2.939936e-05            0.3231
 7       1.029407e-05            0.3501
 8       3.801331e-06            0.3693
 9       1.441910e-06            0.3793
 10      5.543934e-07            0.3845
 11      2.146412e-07            0.3872
 12      8.367288e-08            0.3898
 13      3.297048e-08            0.3940
 14      1.319901e-08            0.4003
 15      5.389144e-09            0.4083
------------------------------------------------------
 Iterations:      16
 Final Rel. Res.: 5.389144e-09
 Asymptotic Rate: 0.400847 (Geom. Mean, last 4 iters)
======================================================

======================================================
  Refinement Level: 6
======================================================
 Mesh width (h):  4.6722e-03
 Total DOFs:      263425
 Spectral Radii:  0.42355
 GMRES Avg Iters: 11.00
------------------------------------------------------
  MG RESIDUAL DECAY
------------------------------------------------------
 Iter    Rel. Residual           Reduction Factor
------------------------------------------------------
 0       1.102180e-01            -----
 1       1.632772e-02            0.1481
 2       3.306323e-03            0.2025
 3       8.826307e-04            0.2670
 4       2.941955e-04            0.3333
 5       1.145028e-04            0.3892
 6       4.710374e-05            0.4114
 7       1.893948e-05            0.4021
 8       7.608809e-06            0.4017
 9       3.110077e-06            0.4087
 10      1.289182e-06            0.4145
 11      5.370795e-07            0.4166
 12      2.231385e-07            0.4155
 13      9.205674e-08            0.4126
 14      3.766102e-08            0.4091
 15      1.528203e-08            0.4058
------------------------------------------------------
 Iterations:      16
 Final Rel. Res.: 1.528203e-08
 Asymptotic Rate: 0.409137 (Geom. Mean, last 4 iters)
======================================================

