Device configuration: omp,cpu
Memory configuration: host-std
Loaded config: /cluster/home/rdabetic/decmg/configs/mag_2d_reentrant_scaledid_v.json
=================================================
  Multigrid Convergence Test Configuration
=================================================
 Problem Type:    mag
 Mesh File:       meshes/2d/reentrant.msh
 Output File:     out/scaledid/v/mag/2d/reentrant.csv
 MG Cycle Type:   V-Cycle
 Mass Lumping:    scaledid
 B-Conditions:    essential
 Max Refinement:  6
 Eigenvalues:     1 (Tol: 0.01)
 GMRES Benchmark: 8 runs (Tol: 1e-06, K-Dim: 20)
=================================================


Gmsh reader: all element attributes were zero.
MFEM only supports positive element attributes.
Setting element attributes to 1.

======================================================
  Refinement Level: 1
======================================================
 Mesh width (h):  1.4951e-01
 Total DOFs:      297
 Spectral Radii:  0.167723
 GMRES Avg Iters: 12.88
------------------------------------------------------
  MG RESIDUAL DECAY
------------------------------------------------------
 Iter    Rel. Residual           Reduction Factor
------------------------------------------------------
 0       7.803214e-02            -----
 1       1.000824e-02            0.1283
 2       1.143371e-03            0.1142
 3       1.479088e-04            0.1294
 4       1.891670e-05            0.1279
 5       2.933568e-06            0.1551
 6       4.799761e-07            0.1636
 7       7.076655e-08            0.1474
 8       1.272102e-08            0.1798
 9       2.237552e-09            0.1759
 10      3.228733e-10            0.1443
 11      5.441874e-11            0.1685
 12      9.998946e-12            0.1837
 13      1.507567e-12            0.1508
 14      2.426588e-13            0.1610
 15      4.458761e-14            0.1837
------------------------------------------------------
 Iterations:      16
 Final Rel. Res.: 4.458761e-14
 Asymptotic Rate: 0.164596 (Geom. Mean, last 4 iters)
======================================================

======================================================
  Refinement Level: 2
======================================================
 Mesh width (h):  7.4754e-02
 Total DOFs:      1105
 Spectral Radii:  0.196126
 GMRES Avg Iters: 14.00
------------------------------------------------------
  MG RESIDUAL DECAY
------------------------------------------------------
 Iter    Rel. Residual           Reduction Factor
------------------------------------------------------
 0       8.227579e-02            -----
 1       1.103865e-02            0.1342
 2       1.422870e-03            0.1289
 3       2.047765e-04            0.1439
 4       2.996459e-05            0.1463
 5       4.669186e-06            0.1558
 6       8.087375e-07            0.1732
 7       1.411848e-07            0.1746
 8       2.480293e-08            0.1757
 9       4.736339e-09            0.1910
 10      8.903989e-10            0.1880
 11      1.648157e-10            0.1851
 12      3.061445e-11            0.1857
 13      5.838385e-12            0.1907
 14      1.149968e-12            0.1970
 15      2.289630e-13            0.1991
------------------------------------------------------
 Iterations:      16
 Final Rel. Res.: 2.289630e-13
 Asymptotic Rate: 0.195560 (Geom. Mean, last 4 iters)
======================================================

======================================================
  Refinement Level: 3
======================================================
 Mesh width (h):  3.7377e-02
 Total DOFs:      4257
 Spectral Radii:  0.224325
 GMRES Avg Iters: 15.00
------------------------------------------------------
  MG RESIDUAL DECAY
------------------------------------------------------
 Iter    Rel. Residual           Reduction Factor
------------------------------------------------------
 0       1.009879e-01            -----
 1       1.272687e-02            0.1260
 2       1.681534e-03            0.1321
 3       2.367125e-04            0.1408
 4       4.032566e-05            0.1704
 5       7.418589e-06            0.1840
 6       1.455806e-06            0.1962
 7       3.080720e-07            0.2116
 8       6.334726e-08            0.2056
 9       1.267076e-08            0.2000
 10      2.510106e-09            0.1981
 11      4.862437e-10            0.1937
 12      9.299050e-11            0.1912
 13      1.755366e-11            0.1888
 14      3.258591e-12            0.1856
 15      6.062081e-13            0.1860
------------------------------------------------------
 Iterations:      16
 Final Rel. Res.: 6.062081e-13
 Asymptotic Rate: 0.186808 (Geom. Mean, last 4 iters)
======================================================

======================================================
  Refinement Level: 4
======================================================
 Mesh width (h):  1.8689e-02
 Total DOFs:      16705
 Spectral Radii:  0.244948
 GMRES Avg Iters: 15.00
------------------------------------------------------
  MG RESIDUAL DECAY
------------------------------------------------------
 Iter    Rel. Residual           Reduction Factor
------------------------------------------------------
 0       9.848493e-02            -----
 1       1.189271e-02            0.1208
 2       1.714254e-03            0.1441
 3       3.020798e-04            0.1762
 4       7.355893e-05            0.2435
 5       2.034496e-05            0.2766
 6       5.452174e-06            0.2680
 7       1.420714e-06            0.2606
 8       3.542116e-07            0.2493
 9       8.465794e-08            0.2390
 10      1.963310e-08            0.2319
 11      4.419270e-09            0.2251
 12      9.682303e-10            0.2191
 13      2.069321e-10            0.2137
 14      4.305275e-11            0.2081
 15      8.697094e-12            0.2020
------------------------------------------------------
 Iterations:      16
 Final Rel. Res.: 8.697094e-12
 Asymptotic Rate: 0.207873 (Geom. Mean, last 4 iters)
======================================================

======================================================
  Refinement Level: 5
======================================================
 Mesh width (h):  9.3443e-03
 Total DOFs:      66177
 Spectral Radii:  0.261924
 GMRES Avg Iters: 15.00
------------------------------------------------------
  MG RESIDUAL DECAY
------------------------------------------------------
 Iter    Rel. Residual           Reduction Factor
------------------------------------------------------
 0       9.789658e-02            -----
 1       1.195759e-02            0.1221
 2       1.624655e-03            0.1359
 3       2.349594e-04            0.1446
 4       3.781726e-05            0.1610
 5       8.052144e-06            0.2129
 6       2.264007e-06            0.2812
 7       6.569329e-07            0.2902
 8       1.820472e-07            0.2771
 9       4.857540e-08            0.2668
 10      1.260372e-08            0.2595
 11      3.197927e-09            0.2537
 12      7.968626e-10            0.2492
 13      1.952599e-10            0.2450
 14      4.706374e-11            0.2410
 15      1.116659e-11            0.2373
------------------------------------------------------
 Iterations:      16
 Final Rel. Res.: 1.116659e-11
 Asymptotic Rate: 0.241090 (Geom. Mean, last 4 iters)
======================================================

======================================================
  Refinement Level: 6
======================================================
 Mesh width (h):  4.6722e-03
 Total DOFs:      263425
 Spectral Radii:  0.271557
 GMRES Avg Iters: 15.00
------------------------------------------------------
  MG RESIDUAL DECAY
------------------------------------------------------
 Iter    Rel. Residual           Reduction Factor
------------------------------------------------------
 0       9.872060e-02            -----
 1       1.178770e-02            0.1194
 2       1.604919e-03            0.1362
 3       2.314383e-04            0.1442
 4       4.638596e-05            0.2004
 5       1.545183e-05            0.3331
 6       5.506844e-06            0.3564
 7       1.837046e-06            0.3336
 8       5.765278e-07            0.3138
 9       1.724875e-07            0.2992
 10      4.981842e-08            0.2888
 11      1.398471e-08            0.2807
 12      3.832723e-09            0.2741
 13      1.028958e-09            0.2685
 14      2.712364e-10            0.2636
 15      7.032237e-11            0.2593
------------------------------------------------------
 Iterations:      16
 Final Rel. Res.: 7.032237e-11
 Asymptotic Rate: 0.263752 (Geom. Mean, last 4 iters)
======================================================

