Device configuration: omp,cpu
Memory configuration: host-std
Loaded config: /cluster/home/rdabetic/decmg/configs/mag_3d_cube_scaledid_w.json
=================================================
  Multigrid Convergence Test Configuration
=================================================
 Problem Type:    mag
 Mesh File:       meshes/3d/cube.msh
 Output File:     out/scaledid/w/mag/3d/cube.csv
 MG Cycle Type:   W-Cycle
 Mass Lumping:    scaledid
 B-Conditions:    essential
 Max Refinement:  5
 Eigenvalues:     1 (Tol: 0.01)
 GMRES Benchmark: 8 runs (Tol: 1e-06, K-Dim: 20)
=================================================

======================================================
  Refinement Level: 1
======================================================
 Mesh width (h):  5.0000e-01
 Total DOFs:      365
 Spectral Radii:  0.248466
 GMRES Avg Iters: 11.62
------------------------------------------------------
  MG RESIDUAL DECAY
------------------------------------------------------
 Iter    Rel. Residual           Reduction Factor
------------------------------------------------------
 0       5.881503e-02            -----
 1       6.667970e-03            0.1134
 2       1.203876e-03            0.1805
 3       2.078756e-04            0.1727
 4       4.724432e-05            0.2273
 5       9.449163e-06            0.2000
 6       2.365352e-06            0.2503
 7       5.232782e-07            0.2212
 8       1.338761e-07            0.2558
 9       3.153842e-08            0.2356
 10      8.040295e-09            0.2549
 11      1.957151e-09            0.2434
 12      4.958838e-10            0.2534
 13      1.226331e-10            0.2473
 14      3.092929e-11            0.2522
 15      7.702520e-12            0.2490
------------------------------------------------------
 Iterations:      16
 Final Rel. Res.: 7.702520e-12
 Asymptotic Rate: 0.249508 (Geom. Mean, last 4 iters)
======================================================

======================================================
  Refinement Level: 2
======================================================
 Mesh width (h):  2.5000e-01
 Total DOFs:      2457
 Spectral Radii:  0.281052
 GMRES Avg Iters: 12.00
------------------------------------------------------
  MG RESIDUAL DECAY
------------------------------------------------------
 Iter    Rel. Residual           Reduction Factor
------------------------------------------------------
 0       6.191025e-02            -----
 1       9.214076e-03            0.1488
 2       1.838789e-03            0.1996
 3       4.374641e-04            0.2379
 4       1.080519e-04            0.2470
 5       2.750692e-05            0.2546
 6       7.126012e-06            0.2591
 7       1.875616e-06            0.2632
 8       4.997954e-07            0.2665
 9       1.346168e-07            0.2693
 10      3.658701e-08            0.2718
 11      1.002524e-08            0.2740
 12      2.766941e-09            0.2760
 13      7.685466e-10            0.2778
 14      2.146283e-10            0.2793
 15      6.020555e-11            0.2805
------------------------------------------------------
 Iterations:      16
 Final Rel. Res.: 6.020555e-11
 Asymptotic Rate: 0.279176 (Geom. Mean, last 4 iters)
======================================================

======================================================
  Refinement Level: 3
======================================================
 Mesh width (h):  1.2500e-01
 Total DOFs:      17969
 Spectral Radii:  0.312577
 GMRES Avg Iters: 12.00
------------------------------------------------------
  MG RESIDUAL DECAY
------------------------------------------------------
 Iter    Rel. Residual           Reduction Factor
------------------------------------------------------
 0       6.166956e-02            -----
 1       8.197463e-03            0.1329
 2       1.653584e-03            0.2017
 3       3.911545e-04            0.2365
 4       9.810740e-05            0.2508
 5       2.557154e-05            0.2606
 6       6.845233e-06            0.2677
 7       1.874000e-06            0.2738
 8       5.231039e-07            0.2791
 9       1.486047e-07            0.2841
 10      4.288780e-08            0.2886
 11      1.255251e-08            0.2927
 12      3.718978e-09            0.2963
 13      1.113291e-09            0.2994
 14      3.361323e-10            0.3019
 15      1.021913e-10            0.3040
------------------------------------------------------
 Iterations:      16
 Final Rel. Res.: 1.021913e-10
 Asymptotic Rate: 0.301761 (Geom. Mean, last 4 iters)
======================================================

======================================================
  Refinement Level: 4
======================================================
 Mesh width (h):  6.2500e-02
 Total DOFs:      137313
 Spectral Radii:  0.319174
 GMRES Avg Iters: 12.00
------------------------------------------------------
  MG RESIDUAL DECAY
------------------------------------------------------
 Iter    Rel. Residual           Reduction Factor
------------------------------------------------------
 0       6.130459e-02            -----
 1       7.876651e-03            0.1285
 2       1.592387e-03            0.2022
 3       3.816439e-04            0.2397
 4       9.612705e-05            0.2519
 5       2.499063e-05            0.2600
 6       6.623863e-06            0.2651
 7       1.783549e-06            0.2693
 8       4.866628e-07            0.2729
 9       1.344438e-07            0.2763
 10      3.758474e-08            0.2796
 11      1.063120e-08            0.2829
 12      3.042470e-09            0.2862
 13      8.808370e-10            0.2895
 14      2.579101e-10            0.2928
 15      7.633569e-11            0.2960
------------------------------------------------------
 Iterations:      16
 Final Rel. Res.: 7.633569e-11
 Asymptotic Rate: 0.292752 (Geom. Mean, last 4 iters)
======================================================

======================================================
  Refinement Level: 5
======================================================
 Mesh width (h):  3.1250e-02
 Total DOFs:      1073345
 Spectral Radii:  0.321125
 GMRES Avg Iters: 12.00
------------------------------------------------------
  MG RESIDUAL DECAY
------------------------------------------------------
 Iter    Rel. Residual           Reduction Factor
------------------------------------------------------
 0       6.141075e-02            -----
 1       7.755191e-03            0.1263
 2       1.563185e-03            0.2016
 3       3.714125e-04            0.2376
 4       9.275806e-05            0.2497
 5       2.389346e-05            0.2576
 6       6.270049e-06            0.2624
 7       1.668511e-06            0.2661
 8       4.488744e-07            0.2690
 9       1.218662e-07            0.2715
 10      3.335179e-08            0.2737
 11      9.195765e-09            0.2757
 12      2.554009e-09            0.2777
 13      7.146495e-10            0.2798
 14      2.015435e-10            0.2820
 15      5.731671e-11            0.2844
------------------------------------------------------
 Iterations:      16
 Final Rel. Res.: 5.731671e-11
 Asymptotic Rate: 0.282067 (Geom. Mean, last 4 iters)
======================================================

