Device configuration: omp,cpu
Memory configuration: host-std
Loaded config: /cluster/home/rdabetic/decmg/configs/mag_3d_cube_scaledid_v.json
=================================================
  Multigrid Convergence Test Configuration
=================================================
 Problem Type:    mag
 Mesh File:       meshes/3d/cube.msh
 Output File:     out/scaledid/v/mag/3d/cube.csv
 MG Cycle Type:   V-Cycle
 Mass Lumping:    scaledid
 B-Conditions:    essential
 Max Refinement:  5
 Eigenvalues:     1 (Tol: 0.01)
 GMRES Benchmark: 8 runs (Tol: 1e-06, K-Dim: 20)
=================================================

======================================================
  Refinement Level: 1
======================================================
 Mesh width (h):  5.0000e-01
 Total DOFs:      365
 Spectral Radii:  0.248466
 GMRES Avg Iters: 11.62
------------------------------------------------------
  MG RESIDUAL DECAY
------------------------------------------------------
 Iter    Rel. Residual           Reduction Factor
------------------------------------------------------
 0       5.881503e-02            -----
 1       6.667970e-03            0.1134
 2       1.203876e-03            0.1805
 3       2.078756e-04            0.1727
 4       4.724432e-05            0.2273
 5       9.449163e-06            0.2000
 6       2.365352e-06            0.2503
 7       5.232782e-07            0.2212
 8       1.338761e-07            0.2558
 9       3.153842e-08            0.2356
 10      8.040295e-09            0.2549
 11      1.957151e-09            0.2434
 12      4.958838e-10            0.2534
 13      1.226331e-10            0.2473
 14      3.092929e-11            0.2522
 15      7.702520e-12            0.2490
------------------------------------------------------
 Iterations:      16
 Final Rel. Res.: 7.702520e-12
 Asymptotic Rate: 0.249508 (Geom. Mean, last 4 iters)
======================================================

======================================================
  Refinement Level: 2
======================================================
 Mesh width (h):  2.5000e-01
 Total DOFs:      2457
 Spectral Radii:  0.283979
 GMRES Avg Iters: 12.00
------------------------------------------------------
  MG RESIDUAL DECAY
------------------------------------------------------
 Iter    Rel. Residual           Reduction Factor
------------------------------------------------------
 0       6.218722e-02            -----
 1       1.006250e-02            0.1618
 2       1.954882e-03            0.1943
 3       4.816514e-04            0.2464
 4       1.201370e-04            0.2494
 5       3.090204e-05            0.2572
 6       8.102943e-06            0.2622
 7       2.131257e-06            0.2630
 8       5.767182e-07            0.2706
 9       1.553491e-07            0.2694
 10      4.277298e-08            0.2753
 11      1.170256e-08            0.2736
 12      3.248939e-09            0.2776
 13      8.980348e-10            0.2764
 14      2.506501e-10            0.2791
 15      6.982170e-11            0.2786
------------------------------------------------------
 Iterations:      16
 Final Rel. Res.: 6.982170e-11
 Asymptotic Rate: 0.278024 (Geom. Mean, last 4 iters)
======================================================

======================================================
  Refinement Level: 3
======================================================
 Mesh width (h):  1.2500e-01
 Total DOFs:      17969
 Spectral Radii:  0.327682
 GMRES Avg Iters: 12.00
------------------------------------------------------
  MG RESIDUAL DECAY
------------------------------------------------------
 Iter    Rel. Residual           Reduction Factor
------------------------------------------------------
 0       6.150609e-02            -----
 1       8.182749e-03            0.1330
 2       1.716057e-03            0.2097
 3       4.186780e-04            0.2440
 4       1.076391e-04            0.2571
 5       2.863627e-05            0.2660
 6       7.815808e-06            0.2729
 7       2.183563e-06            0.2794
 8       6.229048e-07            0.2853
 9       1.811871e-07            0.2909
 10      5.365322e-08            0.2961
 11      1.614929e-08            0.3010
 12      4.931937e-09            0.3054
 13      1.525293e-09            0.3093
 14      4.767669e-10            0.3126
 15      1.503347e-10            0.3153
------------------------------------------------------
 Iterations:      16
 Final Rel. Res.: 1.503347e-10
 Asymptotic Rate: 0.312378 (Geom. Mean, last 4 iters)
======================================================

======================================================
  Refinement Level: 4
======================================================
 Mesh width (h):  6.2500e-02
 Total DOFs:      137313
 Spectral Radii:  0.341833
 GMRES Avg Iters: 12.00
------------------------------------------------------
  MG RESIDUAL DECAY
------------------------------------------------------
 Iter    Rel. Residual           Reduction Factor
------------------------------------------------------
 0       6.117601e-02            -----
 1       7.838204e-03            0.1281
 2       1.652588e-03            0.2108
 3       4.085610e-04            0.2472
 4       1.061599e-04            0.2598
 5       2.842906e-05            0.2678
 6       7.775549e-06            0.2735
 7       2.163272e-06            0.2782
 8       6.109262e-07            0.2824
 9       1.749657e-07            0.2864
 10      5.078831e-08            0.2903
 11      1.493582e-08            0.2941
 12      4.447850e-09            0.2978
 13      1.340514e-09            0.3014
 14      4.086032e-10            0.3048
 15      1.258644e-10            0.3080
------------------------------------------------------
 Iterations:      16
 Final Rel. Res.: 1.258644e-10
 Asymptotic Rate: 0.304732 (Geom. Mean, last 4 iters)
======================================================

======================================================
  Refinement Level: 5
======================================================
 Mesh width (h):  3.1250e-02
 Total DOFs:      1073345
 Spectral Radii:  0.346652
 GMRES Avg Iters: 12.00
------------------------------------------------------
  MG RESIDUAL DECAY
------------------------------------------------------
 Iter    Rel. Residual           Reduction Factor
------------------------------------------------------
 0       6.129659e-02            -----
 1       7.750369e-03            0.1264
 2       1.619399e-03            0.2089
 3       3.971665e-04            0.2453
 4       1.024369e-04            0.2579
 5       2.726014e-05            0.2661
 6       7.408948e-06            0.2718
 7       2.048780e-06            0.2765
 8       5.752348e-07            0.2808
 9       1.638482e-07            0.2848
 10      4.733714e-08            0.2889
 11      1.387420e-08            0.2931
 12      4.126661e-09            0.2974
 13      1.245868e-09            0.3019
 14      3.817745e-10            0.3064
 15      1.186904e-10            0.3109
------------------------------------------------------
 Iterations:      16
 Final Rel. Res.: 1.186904e-10
 Asymptotic Rate: 0.306388 (Geom. Mean, last 4 iters)
======================================================

