Device configuration: omp,cpu
Memory configuration: host-std
Loaded config: /cluster/home/rdabetic/decmg/configs/dirac2d_2d_two_holes_rowsum_w.json
=================================================
  Multigrid Convergence Test Configuration
=================================================
 Problem Type:    dirac2d
 Mesh File:       meshes/2d/two_holes.msh
 Output File:     out/rowsum/w/dirac/2d/two_holes.csv
 MG Cycle Type:   W-Cycle
 Mass Lumping:    rowsum
 B-Conditions:    essential
 Max Refinement:  2
 Eigenvalues:     3 (Tol: 0.01)
 GMRES Benchmark: 1 runs (Tol: 1e-06, K-Dim: 20)
=================================================


Gmsh reader: all element attributes were zero.
MFEM only supports positive element attributes.
Setting element attributes to 1.

======================================================
  Refinement Level: 1
======================================================
 Mesh width (h):  9.9615e-02
 Total DOFs:      3547
 Spectral Radii:  1 1 0.265376
 GMRES Avg Iters: 8.00
------------------------------------------------------
  MG RESIDUAL DECAY
------------------------------------------------------
 Iter    Rel. Residual           Reduction Factor
------------------------------------------------------
 0       2.870258e-01            -----
 1       2.578001e-02            0.0898
 2       3.901897e-03            0.1514
 3       1.550200e-03            0.3973
 4       2.237133e-04            0.1443
 5       1.789024e-05            0.0800
 6       1.941609e-06            0.1085
 7       4.112566e-07            0.2118
 8       6.275969e-08            0.1526
 9       1.406321e-08            0.2241
 10      4.522917e-09            0.3216
 11      1.369635e-09            0.3028
 12      3.861160e-10            0.2819
 13      1.041511e-10            0.2697
 14      2.742013e-11            0.2633
 15      7.135189e-12            0.2602
------------------------------------------------------
 Iterations:      16
 Final Rel. Res.: 7.135189e-12
 Asymptotic Rate: 0.264380 (Geom. Mean, last 4 iters)
======================================================

======================================================
  Refinement Level: 2
======================================================
 Mesh width (h):  4.9808e-02
 Total DOFs:      13959
 Spectral Radii:  1 1 0.269291
 GMRES Avg Iters: 8.00
------------------------------------------------------
  MG RESIDUAL DECAY
------------------------------------------------------
 Iter    Rel. Residual           Reduction Factor
------------------------------------------------------
 0       1.138832e-01            -----
 1       2.777959e-02            0.2439
 2       2.249362e-03            0.0810
 3       3.474263e-04            0.1545
 4       6.662882e-05            0.1918
 5       1.113042e-05            0.1671
 6       2.694528e-06            0.2421
 7       6.101912e-07            0.2265
 8       1.316813e-07            0.2158
 9       3.157291e-08            0.2398
 10      8.100524e-09            0.2566
 11      2.062201e-09            0.2546
 12      5.177639e-10            0.2511
 13      1.299224e-10            0.2509
 14      3.267396e-11            0.2515
 15      8.218297e-12            0.2515
------------------------------------------------------
 Iterations:      16
 Final Rel. Res.: 8.218297e-12
 Asymptotic Rate: 0.251314 (Geom. Mean, last 4 iters)
======================================================

