Device configuration: omp,cpu
Memory configuration: host-std
Loaded config: /cluster/home/rdabetic/decmg/configs/dirac3d_3d_hole_void_barycentric_v.json
=================================================
  Multigrid Convergence Test Configuration
=================================================
 Problem Type:    dirac3d
 Mesh File:       meshes/3d/hole_void.msh
 Output File:     out/barycentric/v/dirac/3d/hole_void.csv
 MG Cycle Type:   V-Cycle
 Mass Lumping:    barycentric
 B-Conditions:    essential
 Max Refinement:  1
 Eigenvalues:     3 (Tol: 0.01)
 GMRES Benchmark: 1 runs (Tol: 1e-06, K-Dim: 20)
=================================================

======================================================
  Refinement Level: 1
======================================================
 Mesh width (h):  1.5811e+00
 Total DOFs:      4305
 Spectral Radii:  1 1 0.650983
 GMRES Avg Iters: 24.00
------------------------------------------------------
  MG RESIDUAL DECAY
------------------------------------------------------
 Iter    Rel. Residual           Reduction Factor
------------------------------------------------------
 0       1.136650e-01            -----
 1       3.142121e-02            0.2764
 2       1.207817e-02            0.3844
 3       5.493564e-03            0.4548
 4       2.668083e-03            0.4857
 5       1.355411e-03            0.5080
 6       7.087993e-04            0.5229
 7       3.786180e-04            0.5342
 8       2.055173e-04            0.5428
 9       1.129652e-04            0.5497
 10      6.272410e-05            0.5553
 11      3.512134e-05            0.5599
 12      1.980746e-05            0.5640
 13      1.124199e-05            0.5676
 14      6.417622e-06            0.5709
 15      3.683644e-06            0.5740
------------------------------------------------------
 Iterations:      16
 Final Rel. Res.: 3.683644e-06
 Asymptotic Rate: 0.570799 (Geom. Mean, last 4 iters)
======================================================

