Device configuration: omp,cpu
Memory configuration: host-std
Loaded config: /cluster/home/rdabetic/decmg/configs/dirac2d_2d_two_holes_scaledid_w.json
=================================================
  Multigrid Convergence Test Configuration
=================================================
 Problem Type:    dirac2d
 Mesh File:       meshes/2d/two_holes.msh
 Output File:     out/scaledid/w/dirac/2d/two_holes.csv
 MG Cycle Type:   W-Cycle
 Mass Lumping:    scaledid
 B-Conditions:    essential
 Max Refinement:  2
 Eigenvalues:     3 (Tol: 0.01)
 GMRES Benchmark: 1 runs (Tol: 1e-06, K-Dim: 20)
=================================================


Gmsh reader: all element attributes were zero.
MFEM only supports positive element attributes.
Setting element attributes to 1.

======================================================
  Refinement Level: 1
======================================================
 Mesh width (h):  9.9615e-02
 Total DOFs:      3547
 Spectral Radii:  1 1 0.236616
 GMRES Avg Iters: 13.00
------------------------------------------------------
  MG RESIDUAL DECAY
------------------------------------------------------
 Iter    Rel. Residual           Reduction Factor
------------------------------------------------------
 0       3.627409e-01            -----
 1       4.031204e-02            0.1111
 2       5.735050e-03            0.1423
 3       1.833285e-03            0.3197
 4       2.508713e-04            0.1368
 5       3.037798e-05            0.1211
 6       7.549367e-06            0.2485
 7       1.533063e-06            0.2031
 8       2.779360e-07            0.1813
 9       5.032504e-08            0.1811
 10      9.112637e-09            0.1811
 11      1.613375e-09            0.1770
 12      2.820493e-10            0.1748
 13      4.962743e-11            0.1760
 14      8.750233e-12            0.1763
 15      1.507255e-12            0.1723
------------------------------------------------------
 Iterations:      16
 Final Rel. Res.: 1.507255e-12
 Asymptotic Rate: 0.174832 (Geom. Mean, last 4 iters)
======================================================

======================================================
  Refinement Level: 2
======================================================
 Mesh width (h):  4.9808e-02
 Total DOFs:      13959
 Spectral Radii:  1 1 0.25374
 GMRES Avg Iters: 13.00
------------------------------------------------------
  MG RESIDUAL DECAY
------------------------------------------------------
 Iter    Rel. Residual           Reduction Factor
------------------------------------------------------
 0       1.222916e-01            -----
 1       2.797354e-02            0.2287
 2       2.247109e-03            0.0803
 3       4.017066e-04            0.1788
 4       9.497650e-05            0.2364
 5       1.101558e-05            0.1160
 6       1.127024e-06            0.1023
 7       2.489026e-07            0.2208
 8       6.000304e-08            0.2411
 9       1.750397e-08            0.2917
 10      5.169183e-09            0.2953
 11      1.408246e-09            0.2724
 12      3.676623e-10            0.2611
 13      9.497125e-11            0.2583
 14      2.441736e-11            0.2571
 15      6.247950e-12            0.2559
------------------------------------------------------
 Iterations:      16
 Final Rel. Res.: 6.247950e-12
 Asymptotic Rate: 0.257097 (Geom. Mean, last 4 iters)
======================================================

