Device configuration: omp,cpu
Memory configuration: host-std
Loaded config: /cluster/home/rdabetic/decmg/configs/hcurl_2d_square_hole_barycentric_w.json
=================================================
  Multigrid Convergence Test Configuration
=================================================
 Problem Type:    hcurl
 Mesh File:       meshes/2d/square_hole.msh
 Output File:     out/barycentric/w/hcurl/2d/square_hole.csv
 MG Cycle Type:   W-Cycle
 Mass Lumping:    barycentric
 B-Conditions:    essential
 Max Refinement:  2
 Eigenvalues:     2 (Tol: 0.01)
 GMRES Benchmark: 1 runs (Tol: 1e-06, K-Dim: 20)
=================================================


Gmsh reader: all element attributes were zero.
MFEM only supports positive element attributes.
Setting element attributes to 1.

======================================================
  Refinement Level: 1
======================================================
 Mesh width (h):  8.8388e-02
 Total DOFs:      720
 Spectral Radii:  1 0.250295
 GMRES Avg Iters: 9.00
------------------------------------------------------
  MG RESIDUAL DECAY
------------------------------------------------------
 Iter    Rel. Residual           Reduction Factor
------------------------------------------------------
 0       9.983468e-02            -----
 1       1.369405e-02            0.1372
 2       2.587316e-03            0.1889
 3       5.868612e-04            0.2268
 4       1.414905e-04            0.2411
 5       3.504603e-05            0.2477
 6       8.818015e-06            0.2516
 7       2.241683e-06            0.2542
 8       5.573595e-07            0.2486
 9       1.357743e-07            0.2436
 10      3.264220e-08            0.2404
 11      7.723942e-09            0.2366
 12      1.799510e-09            0.2330
 13      4.185809e-10            0.2326
 14      9.971946e-11            0.2382
 15      2.488305e-11            0.2495
------------------------------------------------------
 Iterations:      16
 Final Rel. Res.: 2.488305e-11
 Asymptotic Rate: 0.240021 (Geom. Mean, last 4 iters)
======================================================

======================================================
  Refinement Level: 2
======================================================
 Mesh width (h):  4.4194e-02
 Total DOFs:      2720
 Spectral Radii:  1 0.321572
 GMRES Avg Iters: 9.00
------------------------------------------------------
  MG RESIDUAL DECAY
------------------------------------------------------
 Iter    Rel. Residual           Reduction Factor
------------------------------------------------------
 0       1.084342e-01            -----
 1       1.613277e-02            0.1488
 2       2.690480e-03            0.1668
 3       6.097627e-04            0.2266
 4       1.505095e-04            0.2468
 5       3.840541e-05            0.2552
 6       1.032966e-05            0.2690
 7       2.953100e-06            0.2859
 8       8.698507e-07            0.2946
 9       2.596343e-07            0.2985
 10      7.838871e-08            0.3019
 11      2.387496e-08            0.3046
 12      7.317690e-09            0.3065
 13      2.256001e-09            0.3083
 14      6.996825e-10            0.3101
 15      2.182537e-10            0.3119
------------------------------------------------------
 Iterations:      16
 Final Rel. Res.: 2.182537e-10
 Asymptotic Rate: 0.310120 (Geom. Mean, last 4 iters)
======================================================

