Device configuration: omp,cpu
Memory configuration: host-std
Loaded config: /cluster/home/rdabetic/decmg/configs/hcurl_2d_two_holes_barycentric_v.json
=================================================
  Multigrid Convergence Test Configuration
=================================================
 Problem Type:    hcurl
 Mesh File:       meshes/2d/two_holes.msh
 Output File:     out/barycentric/v/hcurl/2d/two_holes.csv
 MG Cycle Type:   V-Cycle
 Mass Lumping:    barycentric
 B-Conditions:    essential
 Max Refinement:  2
 Eigenvalues:     3 (Tol: 0.01)
 GMRES Benchmark: 1 runs (Tol: 1e-06, K-Dim: 20)
=================================================


Gmsh reader: all element attributes were zero.
MFEM only supports positive element attributes.
Setting element attributes to 1.

======================================================
  Refinement Level: 1
======================================================
 Mesh width (h):  9.9615e-02
 Total DOFs:      2403
 Spectral Radii:  1 1 0.294511
 GMRES Avg Iters: 9.00
------------------------------------------------------
  MG RESIDUAL DECAY
------------------------------------------------------
 Iter    Rel. Residual           Reduction Factor
------------------------------------------------------
 0       1.023299e-01            -----
 1       1.512081e-02            0.1478
 2       2.793409e-03            0.1847
 3       6.812801e-04            0.2439
 4       1.739424e-04            0.2553
 5       4.463377e-05            0.2566
 6       1.194956e-05            0.2677
 7       3.302837e-06            0.2764
 8       9.309093e-07            0.2819
 9       2.637680e-07            0.2833
 10      7.468328e-08            0.2831
 11      2.117714e-08            0.2836
 12      6.041910e-09            0.2853
 13      1.739465e-09            0.2879
 14      5.053022e-10            0.2905
 15      1.477761e-10            0.2925
------------------------------------------------------
 Iterations:      16
 Final Rel. Res.: 1.477761e-10
 Asymptotic Rate: 0.290275 (Geom. Mean, last 4 iters)
======================================================

======================================================
  Refinement Level: 2
======================================================
 Mesh width (h):  4.9808e-02
 Total DOFs:      9383
 Spectral Radii:  1 1 0.347302
 GMRES Avg Iters: 9.00
------------------------------------------------------
  MG RESIDUAL DECAY
------------------------------------------------------
 Iter    Rel. Residual           Reduction Factor
------------------------------------------------------
 0       1.113208e-01            -----
 1       1.579986e-02            0.1419
 2       3.010627e-03            0.1905
 3       6.804128e-04            0.2260
 4       1.941353e-04            0.2853
 5       6.127409e-05            0.3156
 6       1.884759e-05            0.3076
 7       5.597177e-06            0.2970
 8       1.680000e-06            0.3002
 9       5.158738e-07            0.3071
 10      1.616097e-07            0.3133
 11      5.162684e-08            0.3195
 12      1.677977e-08            0.3250
 13      5.521483e-09            0.3291
 14      1.829992e-09            0.3314
 15      6.085938e-10            0.3326
------------------------------------------------------
 Iterations:      16
 Final Rel. Res.: 6.085938e-10
 Asymptotic Rate: 0.331015 (Geom. Mean, last 4 iters)
======================================================

