Device configuration: omp,cpu
Memory configuration: host-std
Loaded config: /cluster/home/rdabetic/decmg/configs/hcurl_2d_L_scaledid_v.json
=================================================
  Multigrid Convergence Test Configuration
=================================================
 Problem Type:    hcurl
 Mesh File:       meshes/2d/L.msh
 Output File:     out/scaledid/v/hcurl/2d/L.csv
 MG Cycle Type:   V-Cycle
 Mass Lumping:    scaledid
 B-Conditions:    essential
 Max Refinement:  2
 Eigenvalues:     1 (Tol: 0.01)
 GMRES Benchmark: 1 runs (Tol: 1e-06, K-Dim: 20)
=================================================


Gmsh reader: all element attributes were zero.
MFEM only supports positive element attributes.
Setting element attributes to 1.

======================================================
  Refinement Level: 1
======================================================
 Mesh width (h):  1.8352e-01
 Total DOFs:      205
 Spectral Radii:  0.147169
 GMRES Avg Iters: 12.00
------------------------------------------------------
  MG RESIDUAL DECAY
------------------------------------------------------
 Iter    Rel. Residual           Reduction Factor
------------------------------------------------------
 0       9.870605e-02            -----
 1       1.183914e-02            0.1199
 2       1.059483e-03            0.0895
 3       1.137528e-04            0.1074
 4       1.438547e-05            0.1265
 5       1.850119e-06            0.1286
 6       2.671304e-07            0.1444
 7       3.633473e-08            0.1360
 8       4.567849e-09            0.1257
 9       5.666930e-10            0.1241
 10      7.246212e-11            0.1279
 11      1.024312e-11            0.1414
 12      1.592092e-12            0.1554
 13      2.524956e-13            0.1586
 14      3.840415e-14            0.1521
 15      5.394916e-15            0.1405
------------------------------------------------------
 Iterations:      16
 Final Rel. Res.: 5.394916e-15
 Asymptotic Rate: 0.150201 (Geom. Mean, last 4 iters)
======================================================

======================================================
  Refinement Level: 2
======================================================
 Mesh width (h):  9.1759e-02
 Total DOFs:      761
 Spectral Radii:  0.186149
 GMRES Avg Iters: 13.00
------------------------------------------------------
  MG RESIDUAL DECAY
------------------------------------------------------
 Iter    Rel. Residual           Reduction Factor
------------------------------------------------------
 0       9.785532e-02            -----
 1       1.216820e-02            0.1243
 2       1.299756e-03            0.1068
 3       1.648358e-04            0.1268
 4       2.737734e-05            0.1661
 5       4.776152e-06            0.1745
 6       7.086007e-07            0.1484
 7       1.109352e-07            0.1566
 8       1.902035e-08            0.1715
 9       3.636402e-09            0.1912
 10      7.107984e-10            0.1955
 11      1.321334e-10            0.1859
 12      2.344826e-11            0.1775
 13      4.010329e-12            0.1710
 14      6.823202e-13            0.1701
 15      1.200724e-13            0.1760
------------------------------------------------------
 Iterations:      16
 Final Rel. Res.: 1.200724e-13
 Asymptotic Rate: 0.172363 (Geom. Mean, last 4 iters)
======================================================

