Device configuration: omp,cpu
Memory configuration: host-std
Loaded config: /cluster/home/rdabetic/decmg/configs/mag_2d_square_hole_scaledid_w.json
=================================================
  Multigrid Convergence Test Configuration
=================================================
 Problem Type:    mag
 Mesh File:       meshes/2d/square_hole.msh
 Output File:     out/scaledid/w/mag/2d/square_hole.csv
 MG Cycle Type:   W-Cycle
 Mass Lumping:    scaledid
 B-Conditions:    essential
 Max Refinement:  2
 Eigenvalues:     2 (Tol: 0.01)
 GMRES Benchmark: 1 runs (Tol: 1e-06, K-Dim: 20)
=================================================


Gmsh reader: all element attributes were zero.
MFEM only supports positive element attributes.
Setting element attributes to 1.

======================================================
  Refinement Level: 1
======================================================
 Mesh width (h):  8.8388e-02
 Total DOFs:      720
 Spectral Radii:  1 0.151832
 GMRES Avg Iters: 10.00
------------------------------------------------------
  MG RESIDUAL DECAY
------------------------------------------------------
 Iter    Rel. Residual           Reduction Factor
------------------------------------------------------
 0       8.810147e-02            -----
 1       9.943587e-03            0.1129
 2       1.423364e-03            0.1431
 3       1.989530e-04            0.1398
 4       2.997980e-05            0.1507
 5       4.325302e-06            0.1443
 6       6.223436e-07            0.1439
 7       1.001190e-07            0.1609
 8       1.833480e-08            0.1831
 9       2.947340e-09            0.1608
 10      4.222128e-10            0.1433
 11      6.101169e-11            0.1445
 12      9.196933e-12            0.1507
 13      1.461498e-12            0.1589
 14      2.384006e-13            0.1631
 15      3.585824e-14            0.1504
------------------------------------------------------
 Iterations:      16
 Final Rel. Res.: 3.585824e-14
 Asymptotic Rate: 0.157392 (Geom. Mean, last 4 iters)
======================================================

======================================================
  Refinement Level: 2
======================================================
 Mesh width (h):  4.4194e-02
 Total DOFs:      2720
 Spectral Radii:  1 0.157589
 GMRES Avg Iters: 11.00
------------------------------------------------------
  MG RESIDUAL DECAY
------------------------------------------------------
 Iter    Rel. Residual           Reduction Factor
------------------------------------------------------
 0       9.702869e-02            -----
 1       1.201292e-02            0.1238
 2       1.601414e-03            0.1333
 3       1.937881e-04            0.1210
 4       2.761585e-05            0.1425
 5       4.391131e-06            0.1590
 6       6.039044e-07            0.1375
 7       8.630238e-08            0.1429
 8       1.277200e-08            0.1480
 9       2.117874e-09            0.1658
 10      3.459243e-10            0.1633
 11      6.081489e-11            0.1758
 12      9.861159e-12            0.1622
 13      1.419632e-12            0.1440
 14      2.039958e-13            0.1437
 15      2.893367e-14            0.1418
------------------------------------------------------
 Iterations:      16
 Final Rel. Res.: 2.893367e-14
 Asymptotic Rate: 0.143161 (Geom. Mean, last 4 iters)
======================================================

