Device configuration: omp,cpu
Memory configuration: host-std
Loaded config: /cluster/home/rdabetic/decmg/configs/mag_2d_two_holes_scaledid_v.json
=================================================
  Multigrid Convergence Test Configuration
=================================================
 Problem Type:    mag
 Mesh File:       meshes/2d/two_holes.msh
 Output File:     out/scaledid/v/mag/2d/two_holes.csv
 MG Cycle Type:   V-Cycle
 Mass Lumping:    scaledid
 B-Conditions:    essential
 Max Refinement:  2
 Eigenvalues:     3 (Tol: 0.01)
 GMRES Benchmark: 1 runs (Tol: 1e-06, K-Dim: 20)
=================================================


Gmsh reader: all element attributes were zero.
MFEM only supports positive element attributes.
Setting element attributes to 1.

======================================================
  Refinement Level: 1
======================================================
 Mesh width (h):  9.9615e-02
 Total DOFs:      2403
 Spectral Radii:  1 1 0.159514
 GMRES Avg Iters: 12.00
------------------------------------------------------
  MG RESIDUAL DECAY
------------------------------------------------------
 Iter    Rel. Residual           Reduction Factor
------------------------------------------------------
 0       8.837847e-02            -----
 1       1.560802e-02            0.1766
 2       1.460578e-03            0.0936
 3       2.249660e-04            0.1540
 4       3.368291e-05            0.1497
 5       4.773782e-06            0.1417
 6       7.808423e-07            0.1636
 7       1.215091e-07            0.1556
 8       1.451512e-08            0.1195
 9       1.551889e-09            0.1069
 10      2.244248e-10            0.1446
 11      3.916492e-11            0.1745
 12      5.567559e-12            0.1422
 13      7.622747e-13            0.1369
 14      1.477533e-13            0.1938
 15      2.769871e-14            0.1875
------------------------------------------------------
 Iterations:      16
 Final Rel. Res.: 2.769871e-14
 Asymptotic Rate: 0.170712 (Geom. Mean, last 4 iters)
======================================================

======================================================
  Refinement Level: 2
======================================================
 Mesh width (h):  4.9808e-02
 Total DOFs:      9383
 Spectral Radii:  1 1 0.198704
 GMRES Avg Iters: 13.00
------------------------------------------------------
  MG RESIDUAL DECAY
------------------------------------------------------
 Iter    Rel. Residual           Reduction Factor
------------------------------------------------------
 0       9.850439e-02            -----
 1       1.225068e-02            0.1244
 2       1.827440e-03            0.1492
 3       5.100719e-04            0.2791
 4       1.017466e-04            0.1995
 5       1.762133e-05            0.1732
 6       2.979710e-06            0.1691
 7       4.769338e-07            0.1601
 8       7.250598e-08            0.1520
 9       1.112014e-08            0.1534
 10      1.784053e-09            0.1604
 11      2.926748e-10            0.1641
 12      4.800548e-11            0.1640
 13      8.020547e-12            0.1671
 14      1.417664e-12            0.1768
 15      2.739348e-13            0.1932
------------------------------------------------------
 Iterations:      16
 Final Rel. Res.: 2.739348e-13
 Asymptotic Rate: 0.178698 (Geom. Mean, last 4 iters)
======================================================

