Device configuration: omp,cpu
Memory configuration: host-std
Loaded config: /cluster/home/rdabetic/decmg/configs/mag_3d_corner_scaledid_w.json
=================================================
  Multigrid Convergence Test Configuration
=================================================
 Problem Type:    mag
 Mesh File:       meshes/3d/corner.msh
 Output File:     out/scaledid/w/mag/3d/corner.csv
 MG Cycle Type:   W-Cycle
 Mass Lumping:    scaledid
 B-Conditions:    essential
 Max Refinement:  1
 Eigenvalues:     1 (Tol: 0.01)
 GMRES Benchmark: 1 runs (Tol: 1e-06, K-Dim: 20)
=================================================

======================================================
  Refinement Level: 1
======================================================
 Mesh width (h):  5.0000e-01
 Total DOFs:      545
 Spectral Radii:  0.338848
 GMRES Avg Iters: 19.00
------------------------------------------------------
  MG RESIDUAL DECAY
------------------------------------------------------
 Iter    Rel. Residual           Reduction Factor
------------------------------------------------------
 0       5.944259e-02            -----
 1       8.674075e-03            0.1459
 2       1.732378e-03            0.1997
 3       4.371277e-04            0.2523
 4       1.158322e-04            0.2650
 5       3.207368e-05            0.2769
 6       9.196613e-06            0.2867
 7       2.734127e-06            0.2973
 8       8.390511e-07            0.3069
 9       2.646376e-07            0.3154
 10      8.528561e-08            0.3223
 11      2.793959e-08            0.3276
 12      9.263809e-09            0.3316
 13      3.098361e-09            0.3345
 14      1.042704e-09            0.3365
 15      3.524368e-10            0.3380
------------------------------------------------------
 Iterations:      16
 Final Rel. Res.: 3.524368e-10
 Asymptotic Rate: 0.336329 (Geom. Mean, last 4 iters)
======================================================

