Device configuration: omp,cpu
Memory configuration: host-std
Loaded config: /cluster/home/rdabetic/decmg/configs/mag_2d_L_barycentric_v.json
=================================================
  Multigrid Convergence Test Configuration
=================================================
 Problem Type:    mag
 Mesh File:       meshes/2d/L.msh
 Output File:     out/barycentric/v/mag/2d/L.csv
 MG Cycle Type:   V-Cycle
 Mass Lumping:    barycentric
 B-Conditions:    essential
 Max Refinement:  2
 Eigenvalues:     1 (Tol: 0.01)
 GMRES Benchmark: 1 runs (Tol: 1e-06, K-Dim: 20)
=================================================


Gmsh reader: all element attributes were zero.
MFEM only supports positive element attributes.
Setting element attributes to 1.

======================================================
  Refinement Level: 1
======================================================
 Mesh width (h):  1.8352e-01
 Total DOFs:      205
 Spectral Radii:  0.270755
 GMRES Avg Iters: 9.00
------------------------------------------------------
  MG RESIDUAL DECAY
------------------------------------------------------
 Iter    Rel. Residual           Reduction Factor
------------------------------------------------------
 0       8.387100e-02            -----
 1       1.049242e-02            0.1251
 2       2.376949e-03            0.2265
 3       4.956839e-04            0.2085
 4       8.936472e-05            0.1803
 5       1.865878e-05            0.2088
 6       4.368810e-06            0.2341
 7       1.076688e-06            0.2464
 8       2.695395e-07            0.2503
 9       6.544996e-08            0.2428
 10      1.520920e-08            0.2324
 11      3.459505e-09            0.2275
 12      8.160966e-10            0.2359
 13      2.153659e-10            0.2639
 14      6.413031e-11            0.2978
 15      2.001715e-11            0.3121
------------------------------------------------------
 Iterations:      16
 Final Rel. Res.: 2.001715e-11
 Asymptotic Rate: 0.290550 (Geom. Mean, last 4 iters)
======================================================

======================================================
  Refinement Level: 2
======================================================
 Mesh width (h):  9.1759e-02
 Total DOFs:      761
 Spectral Radii:  0.350254
 GMRES Avg Iters: 10.00
------------------------------------------------------
  MG RESIDUAL DECAY
------------------------------------------------------
 Iter    Rel. Residual           Reduction Factor
------------------------------------------------------
 0       9.480772e-02            -----
 1       1.483875e-02            0.1565
 2       2.879278e-03            0.1940
 3       6.572009e-04            0.2283
 4       1.868411e-04            0.2843
 5       5.659524e-05            0.3029
 6       1.796763e-05            0.3175
 7       6.067913e-06            0.3377
 8       2.104275e-06            0.3468
 9       7.337494e-07            0.3487
 10      2.557992e-07            0.3486
 11      8.909807e-08            0.3483
 12      3.100607e-08            0.3480
 13      1.077983e-08            0.3477
 14      3.744267e-09            0.3473
 15      1.299356e-09            0.3470
------------------------------------------------------
 Iterations:      16
 Final Rel. Res.: 1.299356e-09
 Asymptotic Rate: 0.347345 (Geom. Mean, last 4 iters)
======================================================

