Device configuration: omp,cpu
Memory configuration: host-std
Loaded config: /cluster/home/rdabetic/decmg/configs/mag_2d_square_hole_barycentric_w.json
=================================================
  Multigrid Convergence Test Configuration
=================================================
 Problem Type:    mag
 Mesh File:       meshes/2d/square_hole.msh
 Output File:     out/barycentric/w/mag/2d/square_hole.csv
 MG Cycle Type:   W-Cycle
 Mass Lumping:    barycentric
 B-Conditions:    essential
 Max Refinement:  2
 Eigenvalues:     2 (Tol: 0.01)
 GMRES Benchmark: 1 runs (Tol: 1e-06, K-Dim: 20)
=================================================


Gmsh reader: all element attributes were zero.
MFEM only supports positive element attributes.
Setting element attributes to 1.

======================================================
  Refinement Level: 1
======================================================
 Mesh width (h):  8.8388e-02
 Total DOFs:      720
 Spectral Radii:  1 0.26251
 GMRES Avg Iters: 9.00
------------------------------------------------------
  MG RESIDUAL DECAY
------------------------------------------------------
 Iter    Rel. Residual           Reduction Factor
------------------------------------------------------
 0       9.483159e-02            -----
 1       1.313891e-02            0.1385
 2       2.838025e-03            0.2160
 3       6.249454e-04            0.2202
 4       1.421797e-04            0.2275
 5       3.475666e-05            0.2445
 6       9.130031e-06            0.2627
 7       2.469556e-06            0.2705
 8       6.544260e-07            0.2650
 9       1.681563e-07            0.2570
 10      4.249148e-08            0.2527
 11      1.070396e-08            0.2519
 12      2.710751e-09            0.2532
 13      6.923466e-10            0.2554
 14      1.779588e-10            0.2570
 15      4.582044e-11            0.2575
------------------------------------------------------
 Iterations:      16
 Final Rel. Res.: 4.582044e-11
 Asymptotic Rate: 0.256639 (Geom. Mean, last 4 iters)
======================================================

======================================================
  Refinement Level: 2
======================================================
 Mesh width (h):  4.4194e-02
 Total DOFs:      2720
 Spectral Radii:  1 0.332701
 GMRES Avg Iters: 9.00
------------------------------------------------------
  MG RESIDUAL DECAY
------------------------------------------------------
 Iter    Rel. Residual           Reduction Factor
------------------------------------------------------
 0       1.066574e-01            -----
 1       1.533481e-02            0.1438
 2       2.873542e-03            0.1874
 3       6.601390e-04            0.2297
 4       1.710589e-04            0.2591
 5       4.684811e-05            0.2739
 6       1.306260e-05            0.2788
 7       3.714084e-06            0.2843
 8       1.085667e-06            0.2923
 9       3.251146e-07            0.2995
 10      9.947445e-08            0.3060
 11      3.096725e-08            0.3113
 12      9.761297e-09            0.3152
 13      3.106244e-09            0.3182
 14      9.955909e-10            0.3205
 15      3.207716e-10            0.3222
------------------------------------------------------
 Iterations:      16
 Final Rel. Res.: 3.207716e-10
 Asymptotic Rate: 0.320304 (Geom. Mean, last 4 iters)
======================================================

