Device configuration: omp,cpu
Memory configuration: host-std
Loaded config: /cluster/home/rdabetic/decmg/configs/mag_2d_square_hole_rowsum_w.json
=================================================
  Multigrid Convergence Test Configuration
=================================================
 Problem Type:    mag
 Mesh File:       meshes/2d/square_hole.msh
 Output File:     out/rowsum/w/mag/2d/square_hole.csv
 MG Cycle Type:   W-Cycle
 Mass Lumping:    rowsum
 B-Conditions:    essential
 Max Refinement:  2
 Eigenvalues:     2 (Tol: 0.01)
 GMRES Benchmark: 1 runs (Tol: 1e-06, K-Dim: 20)
=================================================


Gmsh reader: all element attributes were zero.
MFEM only supports positive element attributes.
Setting element attributes to 1.

======================================================
  Refinement Level: 1
======================================================
 Mesh width (h):  8.8388e-02
 Total DOFs:      720
 Spectral Radii:  1 0.186702
 GMRES Avg Iters: 8.00
------------------------------------------------------
  MG RESIDUAL DECAY
------------------------------------------------------
 Iter    Rel. Residual           Reduction Factor
------------------------------------------------------
 0       8.396917e-02            -----
 1       1.166424e-02            0.1389
 2       1.791104e-03            0.1536
 3       2.573974e-04            0.1437
 4       3.899628e-05            0.1515
 5       6.590022e-06            0.1690
 6       1.157650e-06            0.1757
 7       2.444567e-07            0.2112
 8       5.509564e-08            0.2254
 9       1.126629e-08            0.2045
 10      2.155768e-09            0.1913
 11      4.058007e-10            0.1882
 12      7.588193e-11            0.1870
 13      1.387048e-11            0.1828
 14      2.442556e-12            0.1761
 15      4.139505e-13            0.1695
------------------------------------------------------
 Iterations:      16
 Final Rel. Res.: 4.139505e-13
 Asymptotic Rate: 0.176037 (Geom. Mean, last 4 iters)
======================================================

======================================================
  Refinement Level: 2
======================================================
 Mesh width (h):  4.4194e-02
 Total DOFs:      2720
 Spectral Radii:  1 0.200586
 GMRES Avg Iters: 9.00
------------------------------------------------------
  MG RESIDUAL DECAY
------------------------------------------------------
 Iter    Rel. Residual           Reduction Factor
------------------------------------------------------
 0       9.640922e-02            -----
 1       1.296567e-02            0.1345
 2       2.002496e-03            0.1544
 3       2.740289e-04            0.1368
 4       4.771187e-05            0.1741
 5       9.148919e-06            0.1918
 6       1.675849e-06            0.1832
 7       3.029532e-07            0.1808
 8       5.653145e-08            0.1866
 9       1.151297e-08            0.2037
 10      2.415476e-09            0.2098
 11      4.992374e-10            0.2067
 12      9.821588e-11            0.1967
 13      1.828796e-11            0.1862
 14      3.237322e-12            0.1770
 15      5.664355e-13            0.1750
------------------------------------------------------
 Iterations:      16
 Final Rel. Res.: 5.664355e-13
 Asymptotic Rate: 0.179331 (Geom. Mean, last 4 iters)
======================================================

