Device configuration: omp,cpu
Memory configuration: host-std
Loaded config: /cluster/home/rdabetic/decmg/configs/mag_2d_two_holes_barycentric_w.json
=================================================
  Multigrid Convergence Test Configuration
=================================================
 Problem Type:    mag
 Mesh File:       meshes/2d/two_holes.msh
 Output File:     out/barycentric/w/mag/2d/two_holes.csv
 MG Cycle Type:   W-Cycle
 Mass Lumping:    barycentric
 B-Conditions:    essential
 Max Refinement:  2
 Eigenvalues:     3 (Tol: 0.01)
 GMRES Benchmark: 1 runs (Tol: 1e-06, K-Dim: 20)
=================================================


Gmsh reader: all element attributes were zero.
MFEM only supports positive element attributes.
Setting element attributes to 1.

======================================================
  Refinement Level: 1
======================================================
 Mesh width (h):  9.9615e-02
 Total DOFs:      2403
 Spectral Radii:  1 1 0.273438
 GMRES Avg Iters: 9.00
------------------------------------------------------
  MG RESIDUAL DECAY
------------------------------------------------------
 Iter    Rel. Residual           Reduction Factor
------------------------------------------------------
 0       9.769578e-02            -----
 1       1.243323e-02            0.1273
 2       2.335605e-03            0.1879
 3       5.272440e-04            0.2257
 4       1.283786e-04            0.2435
 5       3.233919e-05            0.2519
 6       8.341538e-06            0.2579
 7       2.132014e-06            0.2556
 8       5.384989e-07            0.2526
 9       1.359279e-07            0.2524
 10      3.461648e-08            0.2547
 11      8.941086e-09            0.2583
 12      2.338279e-09            0.2615
 13      6.147659e-10            0.2629
 14      1.612033e-10            0.2622
 15      4.199667e-11            0.2605
------------------------------------------------------
 Iterations:      16
 Final Rel. Res.: 4.199667e-11
 Asymptotic Rate: 0.261882 (Geom. Mean, last 4 iters)
======================================================

======================================================
  Refinement Level: 2
======================================================
 Mesh width (h):  4.9808e-02
 Total DOFs:      9383
 Spectral Radii:  1 1 0.303648
 GMRES Avg Iters: 9.00
------------------------------------------------------
  MG RESIDUAL DECAY
------------------------------------------------------
 Iter    Rel. Residual           Reduction Factor
------------------------------------------------------
 0       1.081922e-01            -----
 1       1.477119e-02            0.1365
 2       2.725509e-03            0.1845
 3       6.358913e-04            0.2333
 4       1.514780e-04            0.2382
 5       3.746245e-05            0.2473
 6       9.739166e-06            0.2600
 7       2.589761e-06            0.2659
 8       7.085113e-07            0.2736
 9       1.978094e-07            0.2792
 10      5.577914e-08            0.2820
 11      1.584816e-08            0.2841
 12      4.531747e-09            0.2859
 13      1.303075e-09            0.2875
 14      3.765093e-10            0.2889
 15      1.092348e-10            0.2901
------------------------------------------------------
 Iterations:      16
 Final Rel. Res.: 1.092348e-10
 Asymptotic Rate: 0.288867 (Geom. Mean, last 4 iters)
======================================================

